<?xml version="1.0" encoding="UTF-8"?>
<testsuite xmlns:xsi="http://www.w3.org/2001/XMLSchema-instance" xsi:noNamespaceSchemaLocation="https://maven.apache.org/surefire/maven-surefire-plugin/xsd/surefire-test-report-3.0.xsd" version="3.0" name="com.luis.tfg.security.MethodExecutionAgentTest" time="0.189" tests="2" errors="0" skipped="0" failures="0">
  <properties>
    <property name="sun.desktop" value="gnome"/>
    <property name="awt.toolkit" value="sun.awt.X11.XToolkit"/>
    <property name="java.specification.version" value="11"/>
    <property name="sun.cpu.isalist" value=""/>
    <property name="sun.jnu.encoding" value="UTF-8"/>
    <property name="java.class.path" value="/home/luis/eclipse-workspace1/JavaAgentsExecutionOrder2/target/test-classes:/home/luis/eclipse-workspace1/JavaAgentsExecutionOrder2/target/classes:/home/luis/.m2/repository/net/bytebuddy/byte-buddy/1.14.6/byte-buddy-1.14.6.jar:/home/luis/.m2/repository/net/bytebuddy/byte-buddy-agent/1.14.6/byte-buddy-agent-1.14.6.jar:/home/luis/.m2/repository/org/junit/jupiter/junit-jupiter/5.8.2/junit-jupiter-5.8.2.jar:/home/luis/.m2/repository/org/junit/jupiter/junit-jupiter-api/5.8.2/junit-jupiter-api-5.8.2.jar:/home/luis/.m2/repository/org/opentest4j/opentest4j/1.2.0/opentest4j-1.2.0.jar:/home/luis/.m2/repository/org/junit/platform/junit-platform-commons/1.8.2/junit-platform-commons-1.8.2.jar:/home/luis/.m2/repository/org/apiguardian/apiguardian-api/1.1.2/apiguardian-api-1.1.2.jar:/home/luis/.m2/repository/org/junit/jupiter/junit-jupiter-params/5.8.2/junit-jupiter-params-5.8.2.jar:/home/luis/.m2/repository/org/junit/jupiter/junit-jupiter-engine/5.8.2/junit-jupiter-engine-5.8.2.jar:/home/luis/.m2/repository/org/junit/platform/junit-platform-engine/1.8.2/junit-platform-engine-1.8.2.jar:"/>
    <property name="java.vm.vendor" value="Ubuntu"/>
    <property name="sun.arch.data.model" value="64"/>
    <property name="java.vendor.url" value="https://ubuntu.com/"/>
    <property name="user.timezone" value=""/>
    <property name="java.vm.specification.version" value="11"/>
    <property name="os.name" value="Linux"/>
    <property name="sun.java.launcher" value="SUN_STANDARD"/>
    <property name="user.country" value="ES"/>
    <property name="sun.boot.library.path" value="/usr/lib/jvm/java-11-openjdk-amd64/lib"/>
    <property name="sun.java.command" value="/home/luis/eclipse-workspace1/JavaAgentsExecutionOrder2/target/surefire/surefirebooter5555753386595621571.jar /home/luis/eclipse-workspace1/JavaAgentsExecutionOrder2/target/surefire 2024-12-13T10-10-58_100-jvmRun1 surefire10904418093076981451tmp surefire_03132447409006839023tmp"/>
    <property name="jdk.debug" value="release"/>
    <property name="test" value="MethodExecutionAgentTest"/>
    <property name="surefire.test.class.path" value="/home/luis/eclipse-workspace1/JavaAgentsExecutionOrder2/target/test-classes:/home/luis/eclipse-workspace1/JavaAgentsExecutionOrder2/target/classes:/home/luis/.m2/repository/net/bytebuddy/byte-buddy/1.14.6/byte-buddy-1.14.6.jar:/home/luis/.m2/repository/net/bytebuddy/byte-buddy-agent/1.14.6/byte-buddy-agent-1.14.6.jar:/home/luis/.m2/repository/org/junit/jupiter/junit-jupiter/5.8.2/junit-jupiter-5.8.2.jar:/home/luis/.m2/repository/org/junit/jupiter/junit-jupiter-api/5.8.2/junit-jupiter-api-5.8.2.jar:/home/luis/.m2/repository/org/opentest4j/opentest4j/1.2.0/opentest4j-1.2.0.jar:/home/luis/.m2/repository/org/junit/platform/junit-platform-commons/1.8.2/junit-platform-commons-1.8.2.jar:/home/luis/.m2/repository/org/apiguardian/apiguardian-api/1.1.2/apiguardian-api-1.1.2.jar:/home/luis/.m2/repository/org/junit/jupiter/junit-jupiter-params/5.8.2/junit-jupiter-params-5.8.2.jar:/home/luis/.m2/repository/org/junit/jupiter/junit-jupiter-engine/5.8.2/junit-jupiter-engine-5.8.2.jar:/home/luis/.m2/repository/org/junit/platform/junit-platform-engine/1.8.2/junit-platform-engine-1.8.2.jar:"/>
    <property name="sun.cpu.endian" value="little"/>
    <property name="user.home" value="/home/luis"/>
    <property name="user.language" value="es"/>
    <property name="java.specification.vendor" value="Oracle Corporation"/>
    <property name="java.version.date" value="2024-10-15"/>
    <property name="java.home" value="/usr/lib/jvm/java-11-openjdk-amd64"/>
    <property name="file.separator" value="/"/>
    <property name="basedir" value="/home/luis/eclipse-workspace1/JavaAgentsExecutionOrder2"/>
    <property name="java.vm.compressedOopsMode" value="32-bit"/>
    <property name="line.separator" value="&#10;"/>
    <property name="java.specification.name" value="Java Platform API Specification"/>
    <property name="java.vm.specification.vendor" value="Oracle Corporation"/>
    <property name="java.awt.graphicsenv" value="sun.awt.X11GraphicsEnvironment"/>
    <property name="surefire.real.class.path" value="/home/luis/eclipse-workspace1/JavaAgentsExecutionOrder2/target/surefire/surefirebooter5555753386595621571.jar"/>
    <property name="sun.management.compiler" value="HotSpot 64-Bit Tiered Compilers"/>
    <property name="java.runtime.version" value="11.0.25+9-post-Ubuntu-1ubuntu122.04"/>
    <property name="user.name" value="luis"/>
    <property name="path.separator" value=":"/>
    <property name="os.version" value="6.8.0-49-generic"/>
    <property name="java.runtime.name" value="OpenJDK Runtime Environment"/>
    <property name="file.encoding" value="UTF-8"/>
    <property name="java.vm.name" value="OpenJDK 64-Bit Server VM"/>
    <property name="localRepository" value="/home/luis/.m2/repository"/>
    <property name="java.vendor.url.bug" value="https://bugs.launchpad.net/ubuntu/+source/openjdk-lts"/>
    <property name="java.io.tmpdir" value="/tmp"/>
    <property name="java.version" value="11.0.25"/>
    <property name="user.dir" value="/home/luis/eclipse-workspace1/JavaAgentsExecutionOrder2"/>
    <property name="os.arch" value="amd64"/>
    <property name="java.vm.specification.name" value="Java Virtual Machine Specification"/>
    <property name="java.awt.printerjob" value="sun.print.PSPrinterJob"/>
    <property name="sun.os.patch.level" value="unknown"/>
    <property name="java.library.path" value="/usr/java/packages/lib:/usr/lib/x86_64-linux-gnu/jni:/lib/x86_64-linux-gnu:/usr/lib/x86_64-linux-gnu:/usr/lib/jni:/lib:/usr/lib"/>
    <property name="java.vm.info" value="mixed mode, sharing"/>
    <property name="java.vendor" value="Ubuntu"/>
    <property name="java.vm.version" value="11.0.25+9-post-Ubuntu-1ubuntu122.04"/>
    <property name="java.specification.maintenance.version" value="3"/>
    <property name="sun.io.unicode.encoding" value="UnicodeLittle"/>
    <property name="java.class.version" value="55.0"/>
  </properties>
  <testcase name="testCorrectOrderExecution" classname="com.luis.tfg.security.MethodExecutionAgentTest" time="0.098">
    <system-out><![CDATA[Iniciando testCorrectOrderExecution...
[INFO] Constructor intercepted for instance: TestClass{id='id1'} of class: com.luis.tfg.security.MethodExecutionAgentTest$TestClass
[INFO] @ExecutionOrder value: (addToCart checkout payment confirmation)
[INFO] Registering StateMachine for instance: TestClass{id='id1'}
[INFO] Initializing StateMachine with regex: (addToCart checkout payment confirmation)
[DEBUG] Full regex: (addToCart checkout payment confirmation)
[DEBUG] Main regex: (addToCart checkout payment confirmation)
[DEBUG] Special transitions: null
[DEBUG] Initial state: INITIAL
[DEBUG] Declared final state: confirmation
[DEBUG] Processing segment: (addToCart
[DEBUG] Added transition from INITIAL to addToCart
[DEBUG] Processing segment: checkout
[DEBUG] Added transition from addToCart to checkout
[DEBUG] Processing segment: payment
[DEBUG] Added transition from checkout to payment
[DEBUG] Processing segment: confirmation)
[DEBUG] Added transition from payment to confirmation
[DEBUG] Connected final state: confirmation to FINAL
[DEBUG] Complete StateMachine transitions:
State INITIAL transitions to: [com.luis.tfg.security.State@4d7aaca2]
State addToCart transitions to: [com.luis.tfg.security.State@604b1e1d]
State payment transitions to: [com.luis.tfg.security.State@62566842]
State FINAL transitions to: []
State confirmation transitions to: [com.luis.tfg.security.State@2f1ea80d]
State checkout transitions to: [com.luis.tfg.security.State@37191ef0]
[DEBUG] Complete StateMachine transitions:
State INITIAL transitions to: [com.luis.tfg.security.State@4d7aaca2]
State addToCart transitions to: [com.luis.tfg.security.State@604b1e1d]
State payment transitions to: [com.luis.tfg.security.State@62566842]
State FINAL transitions to: []
State confirmation transitions to: [com.luis.tfg.security.State@2f1ea80d]
State checkout transitions to: [com.luis.tfg.security.State@37191ef0]
[INFO] StateMachine registered for instance: TestClass{id='id1'} with transitions: {INITIAL=[addToCart], addToCart=[checkout], payment=[confirmation], confirmation=[FINAL], checkout=[payment]}
[INFO] Current StateMachineMap content:
    Instance: TestClass{id='id1'} -> StateMachine: com.luis.tfg.security.StateMachine@5edf2821
[INFO] Fetching StateMachine for instance: TestClass{id='id1'}
[INFO] StateMachine fetched for instance: TestClass{id='id1'}
[SUCCESS] StateMachine registered successfully for instance: TestClass{id='id1'}
[INFO] Intercepted method: addToCart in instance: TestClass{id='id1'}
[INFO] Fetching StateMachine for instance: TestClass{id='id1'}
[INFO] StateMachine fetched for instance: TestClass{id='id1'}
[INFO] Transition valid. Current state updated to: addToCart
Executing addToCart
[INFO] Exiting method in instance: TestClass{id='id1'}
[INFO] Fetching StateMachine for instance: TestClass{id='id1'}
[INFO] StateMachine fetched for instance: TestClass{id='id1'}
[ERROR] Instance did not finish in a valid final state. Current state: com.luis.tfg.security.State@4d7aaca2
[INFO] Intercepted method: checkout in instance: TestClass{id='id1'}
[INFO] Fetching StateMachine for instance: TestClass{id='id1'}
[INFO] StateMachine fetched for instance: TestClass{id='id1'}
[INFO] Transition valid. Current state updated to: checkout
Executing checkout
[INFO] Exiting method in instance: TestClass{id='id1'}
[INFO] Fetching StateMachine for instance: TestClass{id='id1'}
[INFO] StateMachine fetched for instance: TestClass{id='id1'}
[ERROR] Instance did not finish in a valid final state. Current state: com.luis.tfg.security.State@604b1e1d
[INFO] Intercepted method: payment in instance: TestClass{id='id1'}
[INFO] Fetching StateMachine for instance: TestClass{id='id1'}
[INFO] StateMachine fetched for instance: TestClass{id='id1'}
[INFO] Transition valid. Current state updated to: payment
Executing payment
[INFO] Exiting method in instance: TestClass{id='id1'}
[INFO] Fetching StateMachine for instance: TestClass{id='id1'}
[INFO] StateMachine fetched for instance: TestClass{id='id1'}
[ERROR] Instance did not finish in a valid final state. Current state: com.luis.tfg.security.State@37191ef0
[INFO] Intercepted method: confirmation in instance: TestClass{id='id1'}
[INFO] Fetching StateMachine for instance: TestClass{id='id1'}
[INFO] StateMachine fetched for instance: TestClass{id='id1'}
[INFO] Transition valid. Current state updated to: confirmation
Executing confirmation
[INFO] Exiting method in instance: TestClass{id='id1'}
[INFO] Fetching StateMachine for instance: TestClass{id='id1'}
[INFO] StateMachine fetched for instance: TestClass{id='id1'}
[SUCCESS] Instance finished in a valid final state: TestClass{id='id1'}
]]></system-out>
  </testcase>
  <testcase name="testIncorrectOrderExecution" classname="com.luis.tfg.security.MethodExecutionAgentTest" time="0.046">
    <system-out><![CDATA[Iniciando testIncorrectOrderExecution...
[INFO] Constructor intercepted for instance: TestClass{id='id2'} of class: com.luis.tfg.security.MethodExecutionAgentTest$TestClass
[INFO] @ExecutionOrder value: (addToCart checkout payment confirmation)
[INFO] Registering StateMachine for instance: TestClass{id='id2'}
[INFO] Initializing StateMachine with regex: (addToCart checkout payment confirmation)
[DEBUG] Full regex: (addToCart checkout payment confirmation)
[DEBUG] Main regex: (addToCart checkout payment confirmation)
[DEBUG] Special transitions: null
[DEBUG] Initial state: INITIAL
[DEBUG] Declared final state: confirmation
[DEBUG] Processing segment: (addToCart
[DEBUG] Added transition from INITIAL to addToCart
[DEBUG] Processing segment: checkout
[DEBUG] Added transition from addToCart to checkout
[DEBUG] Processing segment: payment
[DEBUG] Added transition from checkout to payment
[DEBUG] Processing segment: confirmation)
[DEBUG] Added transition from payment to confirmation
[DEBUG] Connected final state: confirmation to FINAL
[DEBUG] Complete StateMachine transitions:
State INITIAL transitions to: [com.luis.tfg.security.State@9a6fbc0]
State addToCart transitions to: [com.luis.tfg.security.State@c1fa7d4]
State payment transitions to: [com.luis.tfg.security.State@7a93b263]
State FINAL transitions to: []
State confirmation transitions to: [com.luis.tfg.security.State@35178483]
State checkout transitions to: [com.luis.tfg.security.State@bd1111a]
[DEBUG] Complete StateMachine transitions:
State INITIAL transitions to: [com.luis.tfg.security.State@9a6fbc0]
State addToCart transitions to: [com.luis.tfg.security.State@c1fa7d4]
State payment transitions to: [com.luis.tfg.security.State@7a93b263]
State FINAL transitions to: []
State confirmation transitions to: [com.luis.tfg.security.State@35178483]
State checkout transitions to: [com.luis.tfg.security.State@bd1111a]
[INFO] StateMachine registered for instance: TestClass{id='id2'} with transitions: {INITIAL=[addToCart], addToCart=[checkout], payment=[confirmation], confirmation=[FINAL], checkout=[payment]}
[INFO] Current StateMachineMap content:
    Instance: TestClass{id='id1'} -> StateMachine: com.luis.tfg.security.StateMachine@5edf2821
    Instance: TestClass{id='id2'} -> StateMachine: com.luis.tfg.security.StateMachine@7a8136b3
[INFO] Fetching StateMachine for instance: TestClass{id='id2'}
[INFO] StateMachine fetched for instance: TestClass{id='id2'}
[SUCCESS] StateMachine registered successfully for instance: TestClass{id='id2'}
[INFO] Intercepted method: addToCart in instance: TestClass{id='id2'}
[INFO] Fetching StateMachine for instance: TestClass{id='id2'}
[INFO] StateMachine fetched for instance: TestClass{id='id2'}
[INFO] Transition valid. Current state updated to: addToCart
Executing addToCart
[INFO] Exiting method in instance: TestClass{id='id2'}
[INFO] Fetching StateMachine for instance: TestClass{id='id2'}
[INFO] StateMachine fetched for instance: TestClass{id='id2'}
[ERROR] Instance did not finish in a valid final state. Current state: com.luis.tfg.security.State@9a6fbc0
[INFO] Intercepted method: confirmation in instance: TestClass{id='id2'}
[INFO] Fetching StateMachine for instance: TestClass{id='id2'}
[INFO] StateMachine fetched for instance: TestClass{id='id2'}
[ERROR] Invalid method order: confirmation for instance: TestClass{id='id2'}
]]></system-out>
  </testcase>
</testsuite>