<?xml version="1.0" encoding="UTF-8"?>
<testsuite xmlns:xsi="http://www.w3.org/2001/XMLSchema-instance" xsi:noNamespaceSchemaLocation="https://maven.apache.org/surefire/maven-surefire-plugin/xsd/surefire-test-report-3.0.xsd" version="3.0" name="com.luis.tfg.ExecutionOrder.StateMachineStressTest" time="7.177" tests="11" errors="1" skipped="0" failures="4">
  <properties>
    <property name="sun.desktop" value="gnome"/>
    <property name="awt.toolkit" value="sun.awt.X11.XToolkit"/>
    <property name="java.specification.version" value="11"/>
    <property name="sun.cpu.isalist" value=""/>
    <property name="sun.jnu.encoding" value="UTF-8"/>
    <property name="java.class.path" value="/usr/share/maven/boot/plexus-classworlds-2.x.jar"/>
    <property name="forkCount" value="0"/>
    <property name="java.vm.vendor" value="Ubuntu"/>
    <property name="sun.arch.data.model" value="64"/>
    <property name="java.vendor.url" value="https://ubuntu.com/"/>
    <property name="user.timezone" value="Europe/Madrid"/>
    <property name="maven.conf" value="/usr/share/maven/conf"/>
    <property name="os.name" value="Linux"/>
    <property name="java.vm.specification.version" value="11"/>
    <property name="sun.java.launcher" value="SUN_STANDARD"/>
    <property name="user.country" value="ES"/>
    <property name="sun.boot.library.path" value="/usr/lib/jvm/java-11-openjdk-amd64/lib"/>
    <property name="sun.java.command" value="org.codehaus.plexus.classworlds.launcher.Launcher clean test -DforkCount=0"/>
    <property name="jdk.debug" value="release"/>
    <property name="maven.home" value="/usr/share/maven"/>
    <property name="surefire.test.class.path" value="/home/luis/eclipse-workspace1/JavaAgentsExecutionOrder/target/test-classes:/home/luis/eclipse-workspace1/JavaAgentsExecutionOrder/target/classes:/home/luis/.m2/repository/net/bytebuddy/byte-buddy/1.14.6/byte-buddy-1.14.6.jar:/home/luis/.m2/repository/net/bytebuddy/byte-buddy-agent/1.14.6/byte-buddy-agent-1.14.6.jar:/home/luis/.m2/repository/org/junit/jupiter/junit-jupiter/5.8.2/junit-jupiter-5.8.2.jar:/home/luis/.m2/repository/org/junit/jupiter/junit-jupiter-api/5.8.2/junit-jupiter-api-5.8.2.jar:/home/luis/.m2/repository/org/opentest4j/opentest4j/1.2.0/opentest4j-1.2.0.jar:/home/luis/.m2/repository/org/junit/platform/junit-platform-commons/1.8.2/junit-platform-commons-1.8.2.jar:/home/luis/.m2/repository/org/apiguardian/apiguardian-api/1.1.2/apiguardian-api-1.1.2.jar:/home/luis/.m2/repository/org/junit/jupiter/junit-jupiter-params/5.8.2/junit-jupiter-params-5.8.2.jar:/home/luis/.m2/repository/org/junit/jupiter/junit-jupiter-engine/5.8.2/junit-jupiter-engine-5.8.2.jar:/home/luis/.m2/repository/org/junit/platform/junit-platform-engine/1.8.2/junit-platform-engine-1.8.2.jar:"/>
    <property name="sun.cpu.endian" value="little"/>
    <property name="user.home" value="/home/luis"/>
    <property name="user.language" value="es"/>
    <property name="java.specification.vendor" value="Oracle Corporation"/>
    <property name="java.version.date" value="2024-10-15"/>
    <property name="java.home" value="/usr/lib/jvm/java-11-openjdk-amd64"/>
    <property name="file.separator" value="/"/>
    <property name="basedir" value="/home/luis/eclipse-workspace1/JavaAgentsExecutionOrder"/>
    <property name="java.vm.compressedOopsMode" value="Zero based"/>
    <property name="line.separator" value="&#10;"/>
    <property name="java.specification.name" value="Java Platform API Specification"/>
    <property name="java.vm.specification.vendor" value="Oracle Corporation"/>
    <property name="java.awt.graphicsenv" value="sun.awt.X11GraphicsEnvironment"/>
    <property name="sun.management.compiler" value="HotSpot 64-Bit Tiered Compilers"/>
    <property name="java.runtime.version" value="11.0.25+9-post-Ubuntu-1ubuntu122.04"/>
    <property name="user.name" value="luis"/>
    <property name="path.separator" value=":"/>
    <property name="os.version" value="6.8.0-49-generic"/>
    <property name="java.runtime.name" value="OpenJDK Runtime Environment"/>
    <property name="file.encoding" value="UTF-8"/>
    <property name="guice.disable.misplaced.annotation.check" value="true"/>
    <property name="java.vm.name" value="OpenJDK 64-Bit Server VM"/>
    <property name="localRepository" value="/home/luis/.m2/repository"/>
    <property name="java.vendor.url.bug" value="https://bugs.launchpad.net/ubuntu/+source/openjdk-lts"/>
    <property name="java.io.tmpdir" value="/tmp"/>
    <property name="java.version" value="11.0.25"/>
    <property name="user.dir" value="/home/luis/eclipse-workspace1/JavaAgentsExecutionOrder"/>
    <property name="os.arch" value="amd64"/>
    <property name="maven.multiModuleProjectDirectory" value="/home/luis/eclipse-workspace1/JavaAgentsExecutionOrder"/>
    <property name="java.vm.specification.name" value="Java Virtual Machine Specification"/>
    <property name="java.awt.printerjob" value="sun.print.PSPrinterJob"/>
    <property name="sun.os.patch.level" value="unknown"/>
    <property name="java.library.path" value="/usr/java/packages/lib:/usr/lib/x86_64-linux-gnu/jni:/lib/x86_64-linux-gnu:/usr/lib/x86_64-linux-gnu:/usr/lib/jni:/lib:/usr/lib"/>
    <property name="java.vm.info" value="mixed mode, sharing"/>
    <property name="java.vendor" value="Ubuntu"/>
    <property name="java.vm.version" value="11.0.25+9-post-Ubuntu-1ubuntu122.04"/>
    <property name="java.specification.maintenance.version" value="3"/>
    <property name="classworlds.conf" value="/usr/share/maven/bin/m2.conf"/>
    <property name="sun.io.unicode.encoding" value="UnicodeLittle"/>
    <property name="library.jansi.path" value="/usr/share/maven/lib/jansi-native"/>
    <property name="java.class.version" value="55.0"/>
  </properties>
  <testcase name="testComplexCombinations" classname="com.luis.tfg.ExecutionOrder.StateMachineStressTest" time="0.013">
    <failure type="org.opentest4j.AssertionFailedError"><![CDATA[org.opentest4j.AssertionFailedError: Unexpected IllegalStateException for path 1: [ERROR] Invalid transition from INITIAL to a.
	at com.luis.tfg.ExecutionOrder.StateMachineStressTest.testComplexCombinations(StateMachineStressTest.java:61)
]]></failure>
    <system-out><![CDATA[[TEST] Starting testComplexCombinations
[INFO] Registering StateMachine for instance: TestClass{id='complex-combinations-path1'}
[INFO] Initializing StateMachine with regex: ((a | b) & (c | d)) -> (x .* y) -> z -> FINAL
[DEBUG] Full regex: ((a | b) & (c | d)) -> (x .* y) -> z -> FINAL
[DEBUG] Main regex: ((a | b) & (c | d)) -> (x .* y) -> z -> FINAL
[DEBUG] Special transitions: null
[DEBUG] Initial state: INITIAL
[DEBUG] Declared final state: FINAL
[DEBUG] Processing segment: ((a | b) & (c | d))
[DEBUG] Handling complex segment: ((a | b) & (c | d))
[DEBUG] Detected OR-AND combination
[DEBUG] Entering handleOrAndCondition
[DEBUG] Initial state: INITIAL
[DEBUG] Final state: x .* y
[DEBUG] Segment: ((a | b) & (c | d))
[DEBUG] Transitions Configured:
  INITIAL -> [start, process, end]
  start -> [end]
  process -> [end]
  end -> [start, process, FINAL]
[DEBUG] Processing segment: (x .* y)
[DEBUG] Added transition from INITIAL to x
[DEBUG] Added transition from x to .*
[DEBUG] Added transition from .* to y
[DEBUG] Processing segment: z
[DEBUG] Added transition from y to z
[DEBUG] Processing segment: FINAL
[DEBUG] Added transition from z to FINAL
[DEBUG] Complete StateMachine transitions:
State process transitions to: [com.luis.tfg.ExecutionOrder.State@65fa4a07]
State x .* y transitions to: []
State x transitions to: [com.luis.tfg.ExecutionOrder.State@782143e8]
State start transitions to: [com.luis.tfg.ExecutionOrder.State@65fa4a07]
State INITIAL transitions to: [com.luis.tfg.ExecutionOrder.State@2a4bd699, com.luis.tfg.ExecutionOrder.State@6003eb60, com.luis.tfg.ExecutionOrder.State@571e2f15, com.luis.tfg.ExecutionOrder.State@65fa4a07]
State y transitions to: [com.luis.tfg.ExecutionOrder.State@2552181d]
State z transitions to: [com.luis.tfg.ExecutionOrder.State@51d9fd30]
State end transitions to: [com.luis.tfg.ExecutionOrder.State@2a4bd699, com.luis.tfg.ExecutionOrder.State@2e7e4480, com.luis.tfg.ExecutionOrder.State@6003eb60]
State FINAL transitions to: []
State .* transitions to: [com.luis.tfg.ExecutionOrder.State@8beb0dd]
[DEBUG] Complete StateMachine transitions:
State process transitions to: [com.luis.tfg.ExecutionOrder.State@65fa4a07]
State x .* y transitions to: []
State x transitions to: [com.luis.tfg.ExecutionOrder.State@782143e8]
State start transitions to: [com.luis.tfg.ExecutionOrder.State@65fa4a07]
State INITIAL transitions to: [com.luis.tfg.ExecutionOrder.State@2a4bd699, com.luis.tfg.ExecutionOrder.State@6003eb60, com.luis.tfg.ExecutionOrder.State@571e2f15, com.luis.tfg.ExecutionOrder.State@65fa4a07]
State y transitions to: [com.luis.tfg.ExecutionOrder.State@2552181d]
State z transitions to: [com.luis.tfg.ExecutionOrder.State@51d9fd30]
State end transitions to: [com.luis.tfg.ExecutionOrder.State@2a4bd699, com.luis.tfg.ExecutionOrder.State@2e7e4480, com.luis.tfg.ExecutionOrder.State@6003eb60]
State FINAL transitions to: []
State .* transitions to: [com.luis.tfg.ExecutionOrder.State@8beb0dd]
[INFO] StateMachine registered for instance: TestClass{id='complex-combinations-path1'} with transitions: {process=[end], x=[.*], start=[end], INITIAL=[process, start, x, end], y=[z], z=[FINAL], end=[process, x .* y, start], .*=[y]}
[INFO] Current StateMachineMap content:
    Instance: TestClass{id='id55-or'} -> StateMachine: com.luis.tfg.ExecutionOrder.StateMachine@6ab826bb
    Instance: TestClass{id='id21'} -> StateMachine: com.luis.tfg.ExecutionOrder.StateMachine@2d758472
    Instance: TestClass{id='id23'} -> StateMachine: com.luis.tfg.ExecutionOrder.StateMachine@5daa621b
    Instance: TestClass{id='id22'} -> StateMachine: com.luis.tfg.ExecutionOrder.StateMachine@41d53813
    Instance: TestClass{id='id-declared-final-state-test'} -> StateMachine: com.luis.tfg.ExecutionOrder.StateMachine@14bd523b
    Instance: TestClass{id='id24'} -> StateMachine: com.luis.tfg.ExecutionOrder.StateMachine@3095d06b
    Instance: TestClass{id='id27'} -> StateMachine: com.luis.tfg.ExecutionOrder.StateMachine@2ce62e27
    Instance: TestClass{id='id337'} -> StateMachine: com.luis.tfg.ExecutionOrder.StateMachine@486bcaa
    Instance: TestClass{id='id26'} -> StateMachine: com.luis.tfg.ExecutionOrder.StateMachine@7253c53
    Instance: TestClass{id='id-or-and-path4'} -> StateMachine: com.luis.tfg.ExecutionOrder.StateMachine@2484c868
    Instance: TestClass{id='id1'} -> StateMachine: com.luis.tfg.ExecutionOrder.StateMachine@67f0bf7e
    Instance: TestClass{id='id3'} -> StateMachine: com.luis.tfg.ExecutionOrder.StateMachine@3c4e23be
    Instance: TestClass{id='complex-combinations-path1'} -> StateMachine: com.luis.tfg.ExecutionOrder.StateMachine@3d99d327
    Instance: TestClass{id='id-special-final'} -> StateMachine: com.luis.tfg.ExecutionOrder.StateMachine@31fc658f
    Instance: TestClass{id='id2'} -> StateMachine: com.luis.tfg.ExecutionOrder.StateMachine@7fd32c56
    Instance: TestClass{id='id55-and'} -> StateMachine: com.luis.tfg.ExecutionOrder.StateMachine@726a5e6a
    Instance: TestClass{id='id5'} -> StateMachine: com.luis.tfg.ExecutionOrder.StateMachine@5dd2ea0a
    Instance: TestClass{id='id7'} -> StateMachine: com.luis.tfg.ExecutionOrder.StateMachine@4a9412c4
    Instance: TestClass{id='id6'} -> StateMachine: com.luis.tfg.ExecutionOrder.StateMachine@6c2fea95
    Instance: TestClass{id='id8'} -> StateMachine: com.luis.tfg.ExecutionOrder.StateMachine@d28a235
    Instance: TestClass{id='id-special-final2'} -> StateMachine: com.luis.tfg.ExecutionOrder.StateMachine@187df588
    Instance: TestClass{id='id72'} -> StateMachine: com.luis.tfg.ExecutionOrder.StateMachine@6e1d9b32
    Instance: TestClass{id='id10'} -> StateMachine: com.luis.tfg.ExecutionOrder.StateMachine@244f356
    Instance: TestClass{id='id31'} -> StateMachine: com.luis.tfg.ExecutionOrder.StateMachine@17fa14a3
    Instance: TestClass{id='id12'} -> StateMachine: com.luis.tfg.ExecutionOrder.StateMachine@6885f3f7
    Instance: TestClass{id='id-or-and-path1'} -> StateMachine: com.luis.tfg.ExecutionOrder.StateMachine@3dc39412
    Instance: TestClass{id='id-or-and-path3'} -> StateMachine: com.luis.tfg.ExecutionOrder.StateMachine@72641613
    Instance: TestClass{id='id-or-and-path2'} -> StateMachine: com.luis.tfg.ExecutionOrder.StateMachine@2e38d44e
    Instance: TestClass{id='id29'} -> StateMachine: com.luis.tfg.ExecutionOrder.StateMachine@4a8bf1dc
    Instance: TestClass{id='id28'} -> StateMachine: com.luis.tfg.ExecutionOrder.StateMachine@46d18a33
    Instance: TestClass{id='id-or-and'} -> StateMachine: com.luis.tfg.ExecutionOrder.StateMachine@4bc41565
[INFO] Fetching StateMachine for instance: TestClass{id='complex-combinations-path1'}
[INFO] StateMachine fetched for instance: TestClass{id='complex-combinations-path1'}
]]></system-out>
  </testcase>
  <testcase name="testDeepWildcardAndRepetition" classname="com.luis.tfg.ExecutionOrder.StateMachineStressTest" time="0.003">
    <error type="java.lang.IllegalArgumentException"><![CDATA[java.lang.IllegalArgumentException: [ERROR] Invalid repetition syntax in: (mid{3}
	at com.luis.tfg.ExecutionOrder.StateMachineStressTest.testDeepWildcardAndRepetition(StateMachineStressTest.java:196)
]]></error>
    <system-out><![CDATA[[INFO] Registering StateMachine for instance: TestClass{id='deep-wildcard-rep'}
[INFO] Initializing StateMachine with regex: (start .* (mid{3} | end))
[DEBUG] Full regex: (start .* (mid{3} | end))
[DEBUG] Main regex: (start .* (mid{3} | end))
[DEBUG] Special transitions: null
[DEBUG] Initial state: INITIAL
[DEBUG] Declared final state: end
[DEBUG] Processing segment: (start
[DEBUG] Added transition from INITIAL to start
[DEBUG] Processing segment: .*
[DEBUG] Handling complex segment: .*
[DEBUG] Detected wildcard. Segment: .*
[DEBUG] Wildcard condition configured: start -> .* -> [end]
[DEBUG] Processing segment: (mid{3}
[DEBUG] Handling complex segment: (mid{3}
[DEBUG] Detected repetition. Segment: (mid{3}
]]></system-out>
  </testcase>
  <testcase name="testOrPaths" classname="com.luis.tfg.ExecutionOrder.StateMachineStressTest" time="0.024">
    <system-out><![CDATA[[TEST] Starting testOrPaths
[INFO] Registering StateMachine for instance: TestClass{id='id-or-paths-a'}
[INFO] Initializing StateMachine with regex: start -> (a | b) -> end
[DEBUG] Full regex: start -> (a | b) -> end
[DEBUG] Main regex: start -> (a | b) -> end
[DEBUG] Special transitions: null
[DEBUG] Initial state: INITIAL
[DEBUG] Declared final state: end
[DEBUG] Processing segment: start
[DEBUG] Added transition from INITIAL to start
[DEBUG] Processing segment: (a | b)
[DEBUG] Handling complex segment: (a | b)
[DEBUG] Detected OR condition. Segment: (a | b)
[DEBUG] OR condition: start -> [a]
[DEBUG] a -> [end]
[DEBUG] OR condition: start -> [b]
[DEBUG] b -> [end]
[DEBUG] Processing segment: end
[DEBUG] Added transition from start to end
[DEBUG] Connected final state: end to FINAL
[DEBUG] Complete StateMachine transitions:
State a transitions to: [com.luis.tfg.ExecutionOrder.State@233789d9]
State b transitions to: [com.luis.tfg.ExecutionOrder.State@233789d9]
State start transitions to: [com.luis.tfg.ExecutionOrder.State@7f31937b, com.luis.tfg.ExecutionOrder.State@2f4fc18, com.luis.tfg.ExecutionOrder.State@233789d9]
State a | b transitions to: []
State INITIAL transitions to: [com.luis.tfg.ExecutionOrder.State@7187078a]
State end transitions to: [com.luis.tfg.ExecutionOrder.State@6e612122]
State FINAL transitions to: []
[DEBUG] Complete StateMachine transitions:
State a transitions to: [com.luis.tfg.ExecutionOrder.State@233789d9]
State b transitions to: [com.luis.tfg.ExecutionOrder.State@233789d9]
State start transitions to: [com.luis.tfg.ExecutionOrder.State@7f31937b, com.luis.tfg.ExecutionOrder.State@2f4fc18, com.luis.tfg.ExecutionOrder.State@233789d9]
State a | b transitions to: []
State INITIAL transitions to: [com.luis.tfg.ExecutionOrder.State@7187078a]
State end transitions to: [com.luis.tfg.ExecutionOrder.State@6e612122]
State FINAL transitions to: []
[INFO] StateMachine registered for instance: TestClass{id='id-or-paths-a'} with transitions: {a=[end], b=[end], start=[a, b, end], INITIAL=[start], end=[FINAL]}
[INFO] Current StateMachineMap content:
    Instance: TestClass{id='id55-or'} -> StateMachine: com.luis.tfg.ExecutionOrder.StateMachine@6ab826bb
    Instance: TestClass{id='id21'} -> StateMachine: com.luis.tfg.ExecutionOrder.StateMachine@2d758472
    Instance: TestClass{id='id23'} -> StateMachine: com.luis.tfg.ExecutionOrder.StateMachine@5daa621b
    Instance: TestClass{id='id22'} -> StateMachine: com.luis.tfg.ExecutionOrder.StateMachine@41d53813
    Instance: TestClass{id='id-declared-final-state-test'} -> StateMachine: com.luis.tfg.ExecutionOrder.StateMachine@14bd523b
    Instance: TestClass{id='id24'} -> StateMachine: com.luis.tfg.ExecutionOrder.StateMachine@3095d06b
    Instance: TestClass{id='id27'} -> StateMachine: com.luis.tfg.ExecutionOrder.StateMachine@2ce62e27
    Instance: TestClass{id='id337'} -> StateMachine: com.luis.tfg.ExecutionOrder.StateMachine@486bcaa
    Instance: TestClass{id='id26'} -> StateMachine: com.luis.tfg.ExecutionOrder.StateMachine@7253c53
    Instance: TestClass{id='id-or-and-path4'} -> StateMachine: com.luis.tfg.ExecutionOrder.StateMachine@2484c868
    Instance: TestClass{id='id1'} -> StateMachine: com.luis.tfg.ExecutionOrder.StateMachine@67f0bf7e
    Instance: TestClass{id='id3'} -> StateMachine: com.luis.tfg.ExecutionOrder.StateMachine@3c4e23be
    Instance: TestClass{id='complex-combinations-path1'} -> StateMachine: com.luis.tfg.ExecutionOrder.StateMachine@3d99d327
    Instance: TestClass{id='id-special-final'} -> StateMachine: com.luis.tfg.ExecutionOrder.StateMachine@31fc658f
    Instance: TestClass{id='id2'} -> StateMachine: com.luis.tfg.ExecutionOrder.StateMachine@7fd32c56
    Instance: TestClass{id='id55-and'} -> StateMachine: com.luis.tfg.ExecutionOrder.StateMachine@726a5e6a
    Instance: TestClass{id='id5'} -> StateMachine: com.luis.tfg.ExecutionOrder.StateMachine@5dd2ea0a
    Instance: TestClass{id='id7'} -> StateMachine: com.luis.tfg.ExecutionOrder.StateMachine@4a9412c4
    Instance: TestClass{id='id6'} -> StateMachine: com.luis.tfg.ExecutionOrder.StateMachine@6c2fea95
    Instance: TestClass{id='id8'} -> StateMachine: com.luis.tfg.ExecutionOrder.StateMachine@d28a235
    Instance: TestClass{id='id-special-final2'} -> StateMachine: com.luis.tfg.ExecutionOrder.StateMachine@187df588
    Instance: TestClass{id='id72'} -> StateMachine: com.luis.tfg.ExecutionOrder.StateMachine@6e1d9b32
    Instance: TestClass{id='id-or-paths-a'} -> StateMachine: com.luis.tfg.ExecutionOrder.StateMachine@1d38cdde
    Instance: TestClass{id='id10'} -> StateMachine: com.luis.tfg.ExecutionOrder.StateMachine@244f356
    Instance: TestClass{id='id31'} -> StateMachine: com.luis.tfg.ExecutionOrder.StateMachine@17fa14a3
    Instance: TestClass{id='id12'} -> StateMachine: com.luis.tfg.ExecutionOrder.StateMachine@6885f3f7
    Instance: TestClass{id='id-or-and-path1'} -> StateMachine: com.luis.tfg.ExecutionOrder.StateMachine@3dc39412
    Instance: TestClass{id='id-or-and-path3'} -> StateMachine: com.luis.tfg.ExecutionOrder.StateMachine@72641613
    Instance: TestClass{id='id-or-and-path2'} -> StateMachine: com.luis.tfg.ExecutionOrder.StateMachine@2e38d44e
    Instance: TestClass{id='id29'} -> StateMachine: com.luis.tfg.ExecutionOrder.StateMachine@4a8bf1dc
    Instance: TestClass{id='id28'} -> StateMachine: com.luis.tfg.ExecutionOrder.StateMachine@46d18a33
    Instance: TestClass{id='id-or-and'} -> StateMachine: com.luis.tfg.ExecutionOrder.StateMachine@4bc41565
[INFO] Registering StateMachine for instance: TestClass{id='id-or-paths-b'}
[INFO] Initializing StateMachine with regex: start -> (a | b) -> end
[DEBUG] Full regex: start -> (a | b) -> end
[DEBUG] Main regex: start -> (a | b) -> end
[DEBUG] Special transitions: null
[DEBUG] Initial state: INITIAL
[DEBUG] Declared final state: end
[DEBUG] Processing segment: start
[DEBUG] Added transition from INITIAL to start
[DEBUG] Processing segment: (a | b)
[DEBUG] Handling complex segment: (a | b)
[DEBUG] Detected OR condition. Segment: (a | b)
[DEBUG] OR condition: start -> [a]
[DEBUG] a -> [end]
[DEBUG] OR condition: start -> [b]
[DEBUG] b -> [end]
[DEBUG] Processing segment: end
[DEBUG] Added transition from start to end
[DEBUG] Connected final state: end to FINAL
[DEBUG] Complete StateMachine transitions:
State a transitions to: [com.luis.tfg.ExecutionOrder.State@3809f65d]
State b transitions to: [com.luis.tfg.ExecutionOrder.State@3809f65d]
State start transitions to: [com.luis.tfg.ExecutionOrder.State@717b0d81, com.luis.tfg.ExecutionOrder.State@16745abd, com.luis.tfg.ExecutionOrder.State@3809f65d]
State a | b transitions to: []
State INITIAL transitions to: [com.luis.tfg.ExecutionOrder.State@4d793390]
State end transitions to: [com.luis.tfg.ExecutionOrder.State@3a359f7c]
State FINAL transitions to: []
[DEBUG] Complete StateMachine transitions:
State a transitions to: [com.luis.tfg.ExecutionOrder.State@3809f65d]
State b transitions to: [com.luis.tfg.ExecutionOrder.State@3809f65d]
State start transitions to: [com.luis.tfg.ExecutionOrder.State@717b0d81, com.luis.tfg.ExecutionOrder.State@16745abd, com.luis.tfg.ExecutionOrder.State@3809f65d]
State a | b transitions to: []
State INITIAL transitions to: [com.luis.tfg.ExecutionOrder.State@4d793390]
State end transitions to: [com.luis.tfg.ExecutionOrder.State@3a359f7c]
State FINAL transitions to: []
[INFO] StateMachine registered for instance: TestClass{id='id-or-paths-b'} with transitions: {a=[end], b=[end], start=[a, b, end], INITIAL=[start], end=[FINAL]}
[INFO] Current StateMachineMap content:
    Instance: TestClass{id='id55-or'} -> StateMachine: com.luis.tfg.ExecutionOrder.StateMachine@6ab826bb
    Instance: TestClass{id='id21'} -> StateMachine: com.luis.tfg.ExecutionOrder.StateMachine@2d758472
    Instance: TestClass{id='id23'} -> StateMachine: com.luis.tfg.ExecutionOrder.StateMachine@5daa621b
    Instance: TestClass{id='id22'} -> StateMachine: com.luis.tfg.ExecutionOrder.StateMachine@41d53813
    Instance: TestClass{id='id-declared-final-state-test'} -> StateMachine: com.luis.tfg.ExecutionOrder.StateMachine@14bd523b
    Instance: TestClass{id='id24'} -> StateMachine: com.luis.tfg.ExecutionOrder.StateMachine@3095d06b
    Instance: TestClass{id='id27'} -> StateMachine: com.luis.tfg.ExecutionOrder.StateMachine@2ce62e27
    Instance: TestClass{id='id337'} -> StateMachine: com.luis.tfg.ExecutionOrder.StateMachine@486bcaa
    Instance: TestClass{id='id26'} -> StateMachine: com.luis.tfg.ExecutionOrder.StateMachine@7253c53
    Instance: TestClass{id='id-or-and-path4'} -> StateMachine: com.luis.tfg.ExecutionOrder.StateMachine@2484c868
    Instance: TestClass{id='id1'} -> StateMachine: com.luis.tfg.ExecutionOrder.StateMachine@67f0bf7e
    Instance: TestClass{id='id3'} -> StateMachine: com.luis.tfg.ExecutionOrder.StateMachine@3c4e23be
    Instance: TestClass{id='complex-combinations-path1'} -> StateMachine: com.luis.tfg.ExecutionOrder.StateMachine@3d99d327
    Instance: TestClass{id='id-special-final'} -> StateMachine: com.luis.tfg.ExecutionOrder.StateMachine@31fc658f
    Instance: TestClass{id='id2'} -> StateMachine: com.luis.tfg.ExecutionOrder.StateMachine@7fd32c56
    Instance: TestClass{id='id55-and'} -> StateMachine: com.luis.tfg.ExecutionOrder.StateMachine@726a5e6a
    Instance: TestClass{id='id5'} -> StateMachine: com.luis.tfg.ExecutionOrder.StateMachine@5dd2ea0a
    Instance: TestClass{id='id7'} -> StateMachine: com.luis.tfg.ExecutionOrder.StateMachine@4a9412c4
    Instance: TestClass{id='id6'} -> StateMachine: com.luis.tfg.ExecutionOrder.StateMachine@6c2fea95
    Instance: TestClass{id='id8'} -> StateMachine: com.luis.tfg.ExecutionOrder.StateMachine@d28a235
    Instance: TestClass{id='id-special-final2'} -> StateMachine: com.luis.tfg.ExecutionOrder.StateMachine@187df588
    Instance: TestClass{id='id72'} -> StateMachine: com.luis.tfg.ExecutionOrder.StateMachine@6e1d9b32
    Instance: TestClass{id='id-or-paths-b'} -> StateMachine: com.luis.tfg.ExecutionOrder.StateMachine@138b9abe
    Instance: TestClass{id='id-or-paths-a'} -> StateMachine: com.luis.tfg.ExecutionOrder.StateMachine@1d38cdde
    Instance: TestClass{id='id10'} -> StateMachine: com.luis.tfg.ExecutionOrder.StateMachine@244f356
    Instance: TestClass{id='id31'} -> StateMachine: com.luis.tfg.ExecutionOrder.StateMachine@17fa14a3
    Instance: TestClass{id='id12'} -> StateMachine: com.luis.tfg.ExecutionOrder.StateMachine@6885f3f7
    Instance: TestClass{id='id-or-and-path1'} -> StateMachine: com.luis.tfg.ExecutionOrder.StateMachine@3dc39412
    Instance: TestClass{id='id-or-and-path3'} -> StateMachine: com.luis.tfg.ExecutionOrder.StateMachine@72641613
    Instance: TestClass{id='id-or-and-path2'} -> StateMachine: com.luis.tfg.ExecutionOrder.StateMachine@2e38d44e
    Instance: TestClass{id='id29'} -> StateMachine: com.luis.tfg.ExecutionOrder.StateMachine@4a8bf1dc
    Instance: TestClass{id='id28'} -> StateMachine: com.luis.tfg.ExecutionOrder.StateMachine@46d18a33
    Instance: TestClass{id='id-or-and'} -> StateMachine: com.luis.tfg.ExecutionOrder.StateMachine@4bc41565
[INFO] Fetching StateMachine for instance: TestClass{id='id-or-paths-a'}
[INFO] StateMachine fetched for instance: TestClass{id='id-or-paths-a'}
[INFO] Fetching StateMachine for instance: TestClass{id='id-or-paths-b'}
[INFO] StateMachine fetched for instance: TestClass{id='id-or-paths-b'}
[INFO] Transition valid. Current state updated to: start
[INFO] Transition valid. Current state updated to: a
[INFO] Transition valid. Current state updated to: end
[INFO] Transition valid. Current state updated to: start
[INFO] Transition valid. Current state updated to: b
[INFO] Transition valid. Current state updated to: end
[TEST] Finished testOrPaths
]]></system-out>
  </testcase>
  <testcase name="testInvalidRegexHandling" classname="com.luis.tfg.ExecutionOrder.StateMachineStressTest" time="0.012">
    <failure type="org.opentest4j.AssertionFailedError"><![CDATA[org.opentest4j.AssertionFailedError: Expected an IllegalArgumentException for invalid regex
	at com.luis.tfg.ExecutionOrder.StateMachineStressTest.testInvalidRegexHandling(StateMachineStressTest.java:120)
]]></failure>
    <system-out><![CDATA[[TEST] Starting testInvalidRegexHandling
[INFO] Registering StateMachine for instance: TestClass{id='id-invalid-regex'}
[INFO] Initializing StateMachine with regex: (start & (a | )) -> end
[DEBUG] Full regex: (start & (a | )) -> end
[DEBUG] Main regex: (start & (a | )) -> end
[DEBUG] Special transitions: null
[DEBUG] Initial state: INITIAL
[DEBUG] Declared final state: end
[DEBUG] Processing segment: (start & (a | ))
[DEBUG] Handling complex segment: (start & (a | ))
[DEBUG] Detected AND-OR combination
[DEBUG] AND-Condition Transitions Configured:
  INITIAL -> [start, a]
  start -> [a]
  a -> [start]
  a, start -> [end]
[DEBUG] Processing segment: end
[DEBUG] Added transition from INITIAL to end
[DEBUG] Connected final state: end to FINAL
[DEBUG] Complete StateMachine transitions:
State  transitions to: [com.luis.tfg.ExecutionOrder.State@279e8bc0]
State a transitions to: [com.luis.tfg.ExecutionOrder.State@23ffc910]
State a521d13c-a8e2-4f85-b7aa-758ecb1aadcb transitions to: [com.luis.tfg.ExecutionOrder.State@279e8bc0]
State start transitions to: [com.luis.tfg.ExecutionOrder.State@35277c6c]
State INITIAL transitions to: [com.luis.tfg.ExecutionOrder.State@7a364e1c, com.luis.tfg.ExecutionOrder.State@29a50a11, com.luis.tfg.ExecutionOrder.State@74cff17c, com.luis.tfg.ExecutionOrder.State@279e8bc0]
State d0cd01bb-4118-4c03-8ce0-17ad83052f7c transitions to: [com.luis.tfg.ExecutionOrder.State@279e8bc0]
State end transitions to: [com.luis.tfg.ExecutionOrder.State@7a053795]
State FINAL transitions to: []
[DEBUG] Complete StateMachine transitions:
State  transitions to: [com.luis.tfg.ExecutionOrder.State@279e8bc0]
State a transitions to: [com.luis.tfg.ExecutionOrder.State@23ffc910]
State a521d13c-a8e2-4f85-b7aa-758ecb1aadcb transitions to: [com.luis.tfg.ExecutionOrder.State@279e8bc0]
State start transitions to: [com.luis.tfg.ExecutionOrder.State@35277c6c]
State INITIAL transitions to: [com.luis.tfg.ExecutionOrder.State@7a364e1c, com.luis.tfg.ExecutionOrder.State@29a50a11, com.luis.tfg.ExecutionOrder.State@74cff17c, com.luis.tfg.ExecutionOrder.State@279e8bc0]
State d0cd01bb-4118-4c03-8ce0-17ad83052f7c transitions to: [com.luis.tfg.ExecutionOrder.State@279e8bc0]
State end transitions to: [com.luis.tfg.ExecutionOrder.State@7a053795]
State FINAL transitions to: []
[INFO] StateMachine registered for instance: TestClass{id='id-invalid-regex'} with transitions: {=[end], a=[d0cd01bb-4118-4c03-8ce0-17ad83052f7c], a521d13c-a8e2-4f85-b7aa-758ecb1aadcb=[end], start=[a521d13c-a8e2-4f85-b7aa-758ecb1aadcb], INITIAL=[, a, start, end], d0cd01bb-4118-4c03-8ce0-17ad83052f7c=[end], end=[FINAL]}
[INFO] Current StateMachineMap content:
    Instance: TestClass{id='id55-or'} -> StateMachine: com.luis.tfg.ExecutionOrder.StateMachine@6ab826bb
    Instance: TestClass{id='id21'} -> StateMachine: com.luis.tfg.ExecutionOrder.StateMachine@2d758472
    Instance: TestClass{id='id23'} -> StateMachine: com.luis.tfg.ExecutionOrder.StateMachine@5daa621b
    Instance: TestClass{id='id22'} -> StateMachine: com.luis.tfg.ExecutionOrder.StateMachine@41d53813
    Instance: TestClass{id='id-declared-final-state-test'} -> StateMachine: com.luis.tfg.ExecutionOrder.StateMachine@14bd523b
    Instance: TestClass{id='id24'} -> StateMachine: com.luis.tfg.ExecutionOrder.StateMachine@3095d06b
    Instance: TestClass{id='id27'} -> StateMachine: com.luis.tfg.ExecutionOrder.StateMachine@2ce62e27
    Instance: TestClass{id='id337'} -> StateMachine: com.luis.tfg.ExecutionOrder.StateMachine@486bcaa
    Instance: TestClass{id='id26'} -> StateMachine: com.luis.tfg.ExecutionOrder.StateMachine@7253c53
    Instance: TestClass{id='id-or-and-path4'} -> StateMachine: com.luis.tfg.ExecutionOrder.StateMachine@2484c868
    Instance: TestClass{id='id1'} -> StateMachine: com.luis.tfg.ExecutionOrder.StateMachine@67f0bf7e
    Instance: TestClass{id='id3'} -> StateMachine: com.luis.tfg.ExecutionOrder.StateMachine@3c4e23be
    Instance: TestClass{id='complex-combinations-path1'} -> StateMachine: com.luis.tfg.ExecutionOrder.StateMachine@3d99d327
    Instance: TestClass{id='id-special-final'} -> StateMachine: com.luis.tfg.ExecutionOrder.StateMachine@31fc658f
    Instance: TestClass{id='id2'} -> StateMachine: com.luis.tfg.ExecutionOrder.StateMachine@7fd32c56
    Instance: TestClass{id='id55-and'} -> StateMachine: com.luis.tfg.ExecutionOrder.StateMachine@726a5e6a
    Instance: TestClass{id='id5'} -> StateMachine: com.luis.tfg.ExecutionOrder.StateMachine@5dd2ea0a
    Instance: TestClass{id='id7'} -> StateMachine: com.luis.tfg.ExecutionOrder.StateMachine@4a9412c4
    Instance: TestClass{id='id6'} -> StateMachine: com.luis.tfg.ExecutionOrder.StateMachine@6c2fea95
    Instance: TestClass{id='id8'} -> StateMachine: com.luis.tfg.ExecutionOrder.StateMachine@d28a235
    Instance: TestClass{id='id-invalid-regex'} -> StateMachine: com.luis.tfg.ExecutionOrder.StateMachine@328bc067
    Instance: TestClass{id='id-special-final2'} -> StateMachine: com.luis.tfg.ExecutionOrder.StateMachine@187df588
    Instance: TestClass{id='id72'} -> StateMachine: com.luis.tfg.ExecutionOrder.StateMachine@6e1d9b32
    Instance: TestClass{id='id-or-paths-b'} -> StateMachine: com.luis.tfg.ExecutionOrder.StateMachine@138b9abe
    Instance: TestClass{id='id-or-paths-a'} -> StateMachine: com.luis.tfg.ExecutionOrder.StateMachine@1d38cdde
    Instance: TestClass{id='id10'} -> StateMachine: com.luis.tfg.ExecutionOrder.StateMachine@244f356
    Instance: TestClass{id='id31'} -> StateMachine: com.luis.tfg.ExecutionOrder.StateMachine@17fa14a3
    Instance: TestClass{id='id12'} -> StateMachine: com.luis.tfg.ExecutionOrder.StateMachine@6885f3f7
    Instance: TestClass{id='id-or-and-path1'} -> StateMachine: com.luis.tfg.ExecutionOrder.StateMachine@3dc39412
    Instance: TestClass{id='id-or-and-path3'} -> StateMachine: com.luis.tfg.ExecutionOrder.StateMachine@72641613
    Instance: TestClass{id='id-or-and-path2'} -> StateMachine: com.luis.tfg.ExecutionOrder.StateMachine@2e38d44e
    Instance: TestClass{id='id29'} -> StateMachine: com.luis.tfg.ExecutionOrder.StateMachine@4a8bf1dc
    Instance: TestClass{id='id28'} -> StateMachine: com.luis.tfg.ExecutionOrder.StateMachine@46d18a33
    Instance: TestClass{id='id-or-and'} -> StateMachine: com.luis.tfg.ExecutionOrder.StateMachine@4bc41565
]]></system-out>
  </testcase>
  <testcase name="testComplexStateMachineWithCycles" classname="com.luis.tfg.ExecutionOrder.StateMachineStressTest" time="0.012">
    <system-out><![CDATA[[INFO] Registering StateMachine for instance: TestClass{id='complex-cycles'}
[INFO] Initializing StateMachine with regex: (start -> a -> b -> c -> d -> a -> FINAL)
[DEBUG] Full regex: (start -> a -> b -> c -> d -> a -> FINAL)
[DEBUG] Main regex: (start -> a -> b -> c -> d -> a -> FINAL)
[DEBUG] Special transitions: null
[DEBUG] Initial state: INITIAL
[DEBUG] Declared final state: FINAL
[DEBUG] Processing segment: (start
[DEBUG] Added transition from INITIAL to start
[DEBUG] Processing segment: a
[DEBUG] Added transition from start to a
[DEBUG] Processing segment: b
[DEBUG] Added transition from a to b
[DEBUG] Processing segment: c
[DEBUG] Added transition from b to c
[DEBUG] Processing segment: d
[DEBUG] Added transition from c to d
[DEBUG] Processing segment: a
[DEBUG] Added transition from d to a
[DEBUG] Processing segment: FINAL)
[DEBUG] Added transition from a to FINAL
[DEBUG] Complete StateMachine transitions:
State a transitions to: [com.luis.tfg.ExecutionOrder.State@337fb1a5, com.luis.tfg.ExecutionOrder.State@38b0e2a7]
State b transitions to: [com.luis.tfg.ExecutionOrder.State@6bdad3bb]
State c transitions to: [com.luis.tfg.ExecutionOrder.State@73eae5f]
State d transitions to: [com.luis.tfg.ExecutionOrder.State@4902c584]
State start transitions to: [com.luis.tfg.ExecutionOrder.State@4902c584]
State INITIAL transitions to: [com.luis.tfg.ExecutionOrder.State@7698a3d9]
State FINAL transitions to: []
[DEBUG] Complete StateMachine transitions:
State a transitions to: [com.luis.tfg.ExecutionOrder.State@337fb1a5, com.luis.tfg.ExecutionOrder.State@38b0e2a7]
State b transitions to: [com.luis.tfg.ExecutionOrder.State@6bdad3bb]
State c transitions to: [com.luis.tfg.ExecutionOrder.State@73eae5f]
State d transitions to: [com.luis.tfg.ExecutionOrder.State@4902c584]
State start transitions to: [com.luis.tfg.ExecutionOrder.State@4902c584]
State INITIAL transitions to: [com.luis.tfg.ExecutionOrder.State@7698a3d9]
State FINAL transitions to: []
[INFO] StateMachine registered for instance: TestClass{id='complex-cycles'} with transitions: {a=[b, FINAL], b=[c], c=[d], d=[a], start=[a], INITIAL=[start]}
[INFO] Current StateMachineMap content:
    Instance: TestClass{id='id55-or'} -> StateMachine: com.luis.tfg.ExecutionOrder.StateMachine@6ab826bb
    Instance: TestClass{id='id21'} -> StateMachine: com.luis.tfg.ExecutionOrder.StateMachine@2d758472
    Instance: TestClass{id='id23'} -> StateMachine: com.luis.tfg.ExecutionOrder.StateMachine@5daa621b
    Instance: TestClass{id='id22'} -> StateMachine: com.luis.tfg.ExecutionOrder.StateMachine@41d53813
    Instance: TestClass{id='id-declared-final-state-test'} -> StateMachine: com.luis.tfg.ExecutionOrder.StateMachine@14bd523b
    Instance: TestClass{id='id24'} -> StateMachine: com.luis.tfg.ExecutionOrder.StateMachine@3095d06b
    Instance: TestClass{id='id27'} -> StateMachine: com.luis.tfg.ExecutionOrder.StateMachine@2ce62e27
    Instance: TestClass{id='id337'} -> StateMachine: com.luis.tfg.ExecutionOrder.StateMachine@486bcaa
    Instance: TestClass{id='id26'} -> StateMachine: com.luis.tfg.ExecutionOrder.StateMachine@7253c53
    Instance: TestClass{id='id-or-and-path4'} -> StateMachine: com.luis.tfg.ExecutionOrder.StateMachine@2484c868
    Instance: TestClass{id='id1'} -> StateMachine: com.luis.tfg.ExecutionOrder.StateMachine@67f0bf7e
    Instance: TestClass{id='id3'} -> StateMachine: com.luis.tfg.ExecutionOrder.StateMachine@3c4e23be
    Instance: TestClass{id='complex-combinations-path1'} -> StateMachine: com.luis.tfg.ExecutionOrder.StateMachine@3d99d327
    Instance: TestClass{id='id-special-final'} -> StateMachine: com.luis.tfg.ExecutionOrder.StateMachine@31fc658f
    Instance: TestClass{id='id2'} -> StateMachine: com.luis.tfg.ExecutionOrder.StateMachine@7fd32c56
    Instance: TestClass{id='id55-and'} -> StateMachine: com.luis.tfg.ExecutionOrder.StateMachine@726a5e6a
    Instance: TestClass{id='id5'} -> StateMachine: com.luis.tfg.ExecutionOrder.StateMachine@5dd2ea0a
    Instance: TestClass{id='id7'} -> StateMachine: com.luis.tfg.ExecutionOrder.StateMachine@4a9412c4
    Instance: TestClass{id='id6'} -> StateMachine: com.luis.tfg.ExecutionOrder.StateMachine@6c2fea95
    Instance: TestClass{id='id8'} -> StateMachine: com.luis.tfg.ExecutionOrder.StateMachine@d28a235
    Instance: TestClass{id='id-invalid-regex'} -> StateMachine: com.luis.tfg.ExecutionOrder.StateMachine@328bc067
    Instance: TestClass{id='id-special-final2'} -> StateMachine: com.luis.tfg.ExecutionOrder.StateMachine@187df588
    Instance: TestClass{id='id72'} -> StateMachine: com.luis.tfg.ExecutionOrder.StateMachine@6e1d9b32
    Instance: TestClass{id='id-or-paths-b'} -> StateMachine: com.luis.tfg.ExecutionOrder.StateMachine@138b9abe
    Instance: TestClass{id='id-or-paths-a'} -> StateMachine: com.luis.tfg.ExecutionOrder.StateMachine@1d38cdde
    Instance: TestClass{id='complex-cycles'} -> StateMachine: com.luis.tfg.ExecutionOrder.StateMachine@4b62f1ba
    Instance: TestClass{id='id10'} -> StateMachine: com.luis.tfg.ExecutionOrder.StateMachine@244f356
    Instance: TestClass{id='id31'} -> StateMachine: com.luis.tfg.ExecutionOrder.StateMachine@17fa14a3
    Instance: TestClass{id='id12'} -> StateMachine: com.luis.tfg.ExecutionOrder.StateMachine@6885f3f7
    Instance: TestClass{id='id-or-and-path1'} -> StateMachine: com.luis.tfg.ExecutionOrder.StateMachine@3dc39412
    Instance: TestClass{id='id-or-and-path3'} -> StateMachine: com.luis.tfg.ExecutionOrder.StateMachine@72641613
    Instance: TestClass{id='id-or-and-path2'} -> StateMachine: com.luis.tfg.ExecutionOrder.StateMachine@2e38d44e
    Instance: TestClass{id='id29'} -> StateMachine: com.luis.tfg.ExecutionOrder.StateMachine@4a8bf1dc
    Instance: TestClass{id='id28'} -> StateMachine: com.luis.tfg.ExecutionOrder.StateMachine@46d18a33
    Instance: TestClass{id='id-or-and'} -> StateMachine: com.luis.tfg.ExecutionOrder.StateMachine@4bc41565
[INFO] Fetching StateMachine for instance: TestClass{id='complex-cycles'}
[INFO] StateMachine fetched for instance: TestClass{id='complex-cycles'}
[INFO] Transition valid. Current state updated to: start
[INFO] Transition valid. Current state updated to: a
[INFO] Transition valid. Current state updated to: b
[INFO] Transition valid. Current state updated to: c
[INFO] Transition valid. Current state updated to: d
[INFO] Transition valid. Current state updated to: a
[INFO] Transition valid. Current state updated to: FINAL
]]></system-out>
  </testcase>
  <testcase name="testInvalidStateMachineCombination" classname="com.luis.tfg.ExecutionOrder.StateMachineStressTest" time="0.002">
    <system-out><![CDATA[[INFO] Registering StateMachine for instance: TestClass{id='invalid-combination'}
[INFO] Initializing StateMachine with regex: (start & | end)
[DEBUG] Full regex: (start & | end)
[DEBUG] Main regex: (start & | end)
[DEBUG] Special transitions: null
[DEBUG] Initial state: INITIAL
[DEBUG] Declared final state: end
[DEBUG] Processing segment: (start
[DEBUG] Added transition from INITIAL to start
[DEBUG] Processing segment: &
[DEBUG] Handling complex segment: &
[DEBUG] Detected AND condition. Segment: &
]]></system-out>
  </testcase>
  <testcase name="testLongSequence" classname="com.luis.tfg.ExecutionOrder.StateMachineStressTest" time="0.764">
    <system-out><![CDATA[[TEST] Starting testLongSequence
[INFO] Registering StateMachine for instance: TestClass{id='id-long-sequence'}
[INFO] Initializing StateMachine with regex: state0 -> state1 -> state2 -> state3 -> state4 -> state5 -> state6 -> state7 -> state8 -> state9 -> state10 -> state11 -> state12 -> state13 -> state14 -> state15 -> state16 -> state17 -> state18 -> state19 -> state20 -> state21 -> state22 -> state23 -> state24 -> state25 -> state26 -> state27 -> state28 -> state29 -> state30 -> state31 -> state32 -> state33 -> state34 -> state35 -> state36 -> state37 -> state38 -> state39 -> state40 -> state41 -> state42 -> state43 -> state44 -> state45 -> state46 -> state47 -> state48 -> state49 -> state50 -> state51 -> state52 -> state53 -> state54 -> state55 -> state56 -> state57 -> state58 -> state59 -> state60 -> state61 -> state62 -> state63 -> state64 -> state65 -> state66 -> state67 -> state68 -> state69 -> state70 -> state71 -> state72 -> state73 -> state74 -> state75 -> state76 -> state77 -> state78 -> state79 -> state80 -> state81 -> state82 -> state83 -> state84 -> state85 -> state86 -> state87 -> state88 -> state89 -> state90 -> state91 -> state92 -> state93 -> state94 -> state95 -> state96 -> state97 -> state98 -> state99 -> state100 -> state101 -> state102 -> state103 -> state104 -> state105 -> state106 -> state107 -> state108 -> state109 -> state110 -> state111 -> state112 -> state113 -> state114 -> state115 -> state116 -> state117 -> state118 -> state119 -> state120 -> state121 -> state122 -> state123 -> state124 -> state125 -> state126 -> state127 -> state128 -> state129 -> state130 -> state131 -> state132 -> state133 -> state134 -> state135 -> state136 -> state137 -> state138 -> state139 -> state140 -> state141 -> state142 -> state143 -> state144 -> state145 -> state146 -> state147 -> state148 -> state149 -> state150 -> state151 -> state152 -> state153 -> state154 -> state155 -> state156 -> state157 -> state158 -> state159 -> state160 -> state161 -> state162 -> state163 -> state164 -> state165 -> state166 -> state167 -> state168 -> state169 -> state170 -> state171 -> state172 -> state173 -> state174 -> state175 -> state176 -> state177 -> state178 -> state179 -> state180 -> state181 -> state182 -> state183 -> state184 -> state185 -> state186 -> state187 -> state188 -> state189 -> state190 -> state191 -> state192 -> state193 -> state194 -> state195 -> state196 -> state197 -> state198 -> state199 -> state200 -> state201 -> state202 -> state203 -> state204 -> state205 -> state206 -> state207 -> state208 -> state209 -> state210 -> state211 -> state212 -> state213 -> state214 -> state215 -> state216 -> state217 -> state218 -> state219 -> state220 -> state221 -> state222 -> state223 -> state224 -> state225 -> state226 -> state227 -> state228 -> state229 -> state230 -> state231 -> state232 -> state233 -> state234 -> state235 -> state236 -> state237 -> state238 -> state239 -> state240 -> state241 -> state242 -> state243 -> state244 -> state245 -> state246 -> state247 -> state248 -> state249 -> state250 -> state251 -> state252 -> state253 -> state254 -> state255 -> state256 -> state257 -> state258 -> state259 -> state260 -> state261 -> state262 -> state263 -> state264 -> state265 -> state266 -> state267 -> state268 -> state269 -> state270 -> state271 -> state272 -> state273 -> state274 -> state275 -> state276 -> state277 -> state278 -> state279 -> state280 -> state281 -> state282 -> state283 -> state284 -> state285 -> state286 -> state287 -> state288 -> state289 -> state290 -> state291 -> state292 -> state293 -> state294 -> state295 -> state296 -> state297 -> state298 -> state299 -> state300 -> state301 -> state302 -> state303 -> state304 -> state305 -> state306 -> state307 -> state308 -> state309 -> state310 -> state311 -> state312 -> state313 -> state314 -> state315 -> state316 -> state317 -> state318 -> state319 -> state320 -> state321 -> state322 -> state323 -> state324 -> state325 -> state326 -> state327 -> state328 -> state329 -> state330 -> state331 -> state332 -> state333 -> state334 -> state335 -> state336 -> state337 -> state338 -> state339 -> state340 -> state341 -> state342 -> state343 -> state344 -> state345 -> state346 -> state347 -> state348 -> state349 -> state350 -> state351 -> state352 -> state353 -> state354 -> state355 -> state356 -> state357 -> state358 -> state359 -> state360 -> state361 -> state362 -> state363 -> state364 -> state365 -> state366 -> state367 -> state368 -> state369 -> state370 -> state371 -> state372 -> state373 -> state374 -> state375 -> state376 -> state377 -> state378 -> state379 -> state380 -> state381 -> state382 -> state383 -> state384 -> state385 -> state386 -> state387 -> state388 -> state389 -> state390 -> state391 -> state392 -> state393 -> state394 -> state395 -> state396 -> state397 -> state398 -> state399 -> state400 -> state401 -> state402 -> state403 -> state404 -> state405 -> state406 -> state407 -> state408 -> state409 -> state410 -> state411 -> state412 -> state413 -> state414 -> state415 -> state416 -> state417 -> state418 -> state419 -> state420 -> state421 -> state422 -> state423 -> state424 -> state425 -> state426 -> state427 -> state428 -> state429 -> state430 -> state431 -> state432 -> state433 -> state434 -> state435 -> state436 -> state437 -> state438 -> state439 -> state440 -> state441 -> state442 -> state443 -> state444 -> state445 -> state446 -> state447 -> state448 -> state449 -> state450 -> state451 -> state452 -> state453 -> state454 -> state455 -> state456 -> state457 -> state458 -> state459 -> state460 -> state461 -> state462 -> state463 -> state464 -> state465 -> state466 -> state467 -> state468 -> state469 -> state470 -> state471 -> state472 -> state473 -> state474 -> state475 -> state476 -> state477 -> state478 -> state479 -> state480 -> state481 -> state482 -> state483 -> state484 -> state485 -> state486 -> state487 -> state488 -> state489 -> state490 -> state491 -> state492 -> state493 -> state494 -> state495 -> state496 -> state497 -> state498 -> state499 -> state500 -> state501 -> state502 -> state503 -> state504 -> state505 -> state506 -> state507 -> state508 -> state509 -> state510 -> state511 -> state512 -> state513 -> state514 -> state515 -> state516 -> state517 -> state518 -> state519 -> state520 -> state521 -> state522 -> state523 -> state524 -> state525 -> state526 -> state527 -> state528 -> state529 -> state530 -> state531 -> state532 -> state533 -> state534 -> state535 -> state536 -> state537 -> state538 -> state539 -> state540 -> state541 -> state542 -> state543 -> state544 -> state545 -> state546 -> state547 -> state548 -> state549 -> state550 -> state551 -> state552 -> state553 -> state554 -> state555 -> state556 -> state557 -> state558 -> state559 -> state560 -> state561 -> state562 -> state563 -> state564 -> state565 -> state566 -> state567 -> state568 -> state569 -> state570 -> state571 -> state572 -> state573 -> state574 -> state575 -> state576 -> state577 -> state578 -> state579 -> state580 -> state581 -> state582 -> state583 -> state584 -> state585 -> state586 -> state587 -> state588 -> state589 -> state590 -> state591 -> state592 -> state593 -> state594 -> state595 -> state596 -> state597 -> state598 -> state599 -> state600 -> state601 -> state602 -> state603 -> state604 -> state605 -> state606 -> state607 -> state608 -> state609 -> state610 -> state611 -> state612 -> state613 -> state614 -> state615 -> state616 -> state617 -> state618 -> state619 -> state620 -> state621 -> state622 -> state623 -> state624 -> state625 -> state626 -> state627 -> state628 -> state629 -> state630 -> state631 -> state632 -> state633 -> state634 -> state635 -> state636 -> state637 -> state638 -> state639 -> state640 -> state641 -> state642 -> state643 -> state644 -> state645 -> state646 -> state647 -> state648 -> state649 -> state650 -> state651 -> state652 -> state653 -> state654 -> state655 -> state656 -> state657 -> state658 -> state659 -> state660 -> state661 -> state662 -> state663 -> state664 -> state665 -> state666 -> state667 -> state668 -> state669 -> state670 -> state671 -> state672 -> state673 -> state674 -> state675 -> state676 -> state677 -> state678 -> state679 -> state680 -> state681 -> state682 -> state683 -> state684 -> state685 -> state686 -> state687 -> state688 -> state689 -> state690 -> state691 -> state692 -> state693 -> state694 -> state695 -> state696 -> state697 -> state698 -> state699 -> state700 -> state701 -> state702 -> state703 -> state704 -> state705 -> state706 -> state707 -> state708 -> state709 -> state710 -> state711 -> state712 -> state713 -> state714 -> state715 -> state716 -> state717 -> state718 -> state719 -> state720 -> state721 -> state722 -> state723 -> state724 -> state725 -> state726 -> state727 -> state728 -> state729 -> state730 -> state731 -> state732 -> state733 -> state734 -> state735 -> state736 -> state737 -> state738 -> state739 -> state740 -> state741 -> state742 -> state743 -> state744 -> state745 -> state746 -> state747 -> state748 -> state749 -> state750 -> state751 -> state752 -> state753 -> state754 -> state755 -> state756 -> state757 -> state758 -> state759 -> state760 -> state761 -> state762 -> state763 -> state764 -> state765 -> state766 -> state767 -> state768 -> state769 -> state770 -> state771 -> state772 -> state773 -> state774 -> state775 -> state776 -> state777 -> state778 -> state779 -> state780 -> state781 -> state782 -> state783 -> state784 -> state785 -> state786 -> state787 -> state788 -> state789 -> state790 -> state791 -> state792 -> state793 -> state794 -> state795 -> state796 -> state797 -> state798 -> state799 -> state800 -> state801 -> state802 -> state803 -> state804 -> state805 -> state806 -> state807 -> state808 -> state809 -> state810 -> state811 -> state812 -> state813 -> state814 -> state815 -> state816 -> state817 -> state818 -> state819 -> state820 -> state821 -> state822 -> state823 -> state824 -> state825 -> state826 -> state827 -> state828 -> state829 -> state830 -> state831 -> state832 -> state833 -> state834 -> state835 -> state836 -> state837 -> state838 -> state839 -> state840 -> state841 -> state842 -> state843 -> state844 -> state845 -> state846 -> state847 -> state848 -> state849 -> state850 -> state851 -> state852 -> state853 -> state854 -> state855 -> state856 -> state857 -> state858 -> state859 -> state860 -> state861 -> state862 -> state863 -> state864 -> state865 -> state866 -> state867 -> state868 -> state869 -> state870 -> state871 -> state872 -> state873 -> state874 -> state875 -> state876 -> state877 -> state878 -> state879 -> state880 -> state881 -> state882 -> state883 -> state884 -> state885 -> state886 -> state887 -> state888 -> state889 -> state890 -> state891 -> state892 -> state893 -> state894 -> state895 -> state896 -> state897 -> state898 -> state899 -> state900 -> state901 -> state902 -> state903 -> state904 -> state905 -> state906 -> state907 -> state908 -> state909 -> state910 -> state911 -> state912 -> state913 -> state914 -> state915 -> state916 -> state917 -> state918 -> state919 -> state920 -> state921 -> state922 -> state923 -> state924 -> state925 -> state926 -> state927 -> state928 -> state929 -> state930 -> state931 -> state932 -> state933 -> state934 -> state935 -> state936 -> state937 -> state938 -> state939 -> state940 -> state941 -> state942 -> state943 -> state944 -> state945 -> state946 -> state947 -> state948 -> state949 -> state950 -> state951 -> state952 -> state953 -> state954 -> state955 -> state956 -> state957 -> state958 -> state959 -> state960 -> state961 -> state962 -> state963 -> state964 -> state965 -> state966 -> state967 -> state968 -> state969 -> state970 -> state971 -> state972 -> state973 -> state974 -> state975 -> state976 -> state977 -> state978 -> state979 -> state980 -> state981 -> state982 -> state983 -> state984 -> state985 -> state986 -> state987 -> state988 -> state989 -> state990 -> state991 -> state992 -> state993 -> state994 -> state995 -> state996 -> state997 -> state998 -> state999 -> FINAL
[DEBUG] Full regex: state0 -> state1 -> state2 -> state3 -> state4 -> state5 -> state6 -> state7 -> state8 -> state9 -> state10 -> state11 -> state12 -> state13 -> state14 -> state15 -> state16 -> state17 -> state18 -> state19 -> state20 -> state21 -> state22 -> state23 -> state24 -> state25 -> state26 -> state27 -> state28 -> state29 -> state30 -> state31 -> state32 -> state33 -> state34 -> state35 -> state36 -> state37 -> state38 -> state39 -> state40 -> state41 -> state42 -> state43 -> state44 -> state45 -> state46 -> state47 -> state48 -> state49 -> state50 -> state51 -> state52 -> state53 -> state54 -> state55 -> state56 -> state57 -> state58 -> state59 -> state60 -> state61 -> state62 -> state63 -> state64 -> state65 -> state66 -> state67 -> state68 -> state69 -> state70 -> state71 -> state72 -> state73 -> state74 -> state75 -> state76 -> state77 -> state78 -> state79 -> state80 -> state81 -> state82 -> state83 -> state84 -> state85 -> state86 -> state87 -> state88 -> state89 -> state90 -> state91 -> state92 -> state93 -> state94 -> state95 -> state96 -> state97 -> state98 -> state99 -> state100 -> state101 -> state102 -> state103 -> state104 -> state105 -> state106 -> state107 -> state108 -> state109 -> state110 -> state111 -> state112 -> state113 -> state114 -> state115 -> state116 -> state117 -> state118 -> state119 -> state120 -> state121 -> state122 -> state123 -> state124 -> state125 -> state126 -> state127 -> state128 -> state129 -> state130 -> state131 -> state132 -> state133 -> state134 -> state135 -> state136 -> state137 -> state138 -> state139 -> state140 -> state141 -> state142 -> state143 -> state144 -> state145 -> state146 -> state147 -> state148 -> state149 -> state150 -> state151 -> state152 -> state153 -> state154 -> state155 -> state156 -> state157 -> state158 -> state159 -> state160 -> state161 -> state162 -> state163 -> state164 -> state165 -> state166 -> state167 -> state168 -> state169 -> state170 -> state171 -> state172 -> state173 -> state174 -> state175 -> state176 -> state177 -> state178 -> state179 -> state180 -> state181 -> state182 -> state183 -> state184 -> state185 -> state186 -> state187 -> state188 -> state189 -> state190 -> state191 -> state192 -> state193 -> state194 -> state195 -> state196 -> state197 -> state198 -> state199 -> state200 -> state201 -> state202 -> state203 -> state204 -> state205 -> state206 -> state207 -> state208 -> state209 -> state210 -> state211 -> state212 -> state213 -> state214 -> state215 -> state216 -> state217 -> state218 -> state219 -> state220 -> state221 -> state222 -> state223 -> state224 -> state225 -> state226 -> state227 -> state228 -> state229 -> state230 -> state231 -> state232 -> state233 -> state234 -> state235 -> state236 -> state237 -> state238 -> state239 -> state240 -> state241 -> state242 -> state243 -> state244 -> state245 -> state246 -> state247 -> state248 -> state249 -> state250 -> state251 -> state252 -> state253 -> state254 -> state255 -> state256 -> state257 -> state258 -> state259 -> state260 -> state261 -> state262 -> state263 -> state264 -> state265 -> state266 -> state267 -> state268 -> state269 -> state270 -> state271 -> state272 -> state273 -> state274 -> state275 -> state276 -> state277 -> state278 -> state279 -> state280 -> state281 -> state282 -> state283 -> state284 -> state285 -> state286 -> state287 -> state288 -> state289 -> state290 -> state291 -> state292 -> state293 -> state294 -> state295 -> state296 -> state297 -> state298 -> state299 -> state300 -> state301 -> state302 -> state303 -> state304 -> state305 -> state306 -> state307 -> state308 -> state309 -> state310 -> state311 -> state312 -> state313 -> state314 -> state315 -> state316 -> state317 -> state318 -> state319 -> state320 -> state321 -> state322 -> state323 -> state324 -> state325 -> state326 -> state327 -> state328 -> state329 -> state330 -> state331 -> state332 -> state333 -> state334 -> state335 -> state336 -> state337 -> state338 -> state339 -> state340 -> state341 -> state342 -> state343 -> state344 -> state345 -> state346 -> state347 -> state348 -> state349 -> state350 -> state351 -> state352 -> state353 -> state354 -> state355 -> state356 -> state357 -> state358 -> state359 -> state360 -> state361 -> state362 -> state363 -> state364 -> state365 -> state366 -> state367 -> state368 -> state369 -> state370 -> state371 -> state372 -> state373 -> state374 -> state375 -> state376 -> state377 -> state378 -> state379 -> state380 -> state381 -> state382 -> state383 -> state384 -> state385 -> state386 -> state387 -> state388 -> state389 -> state390 -> state391 -> state392 -> state393 -> state394 -> state395 -> state396 -> state397 -> state398 -> state399 -> state400 -> state401 -> state402 -> state403 -> state404 -> state405 -> state406 -> state407 -> state408 -> state409 -> state410 -> state411 -> state412 -> state413 -> state414 -> state415 -> state416 -> state417 -> state418 -> state419 -> state420 -> state421 -> state422 -> state423 -> state424 -> state425 -> state426 -> state427 -> state428 -> state429 -> state430 -> state431 -> state432 -> state433 -> state434 -> state435 -> state436 -> state437 -> state438 -> state439 -> state440 -> state441 -> state442 -> state443 -> state444 -> state445 -> state446 -> state447 -> state448 -> state449 -> state450 -> state451 -> state452 -> state453 -> state454 -> state455 -> state456 -> state457 -> state458 -> state459 -> state460 -> state461 -> state462 -> state463 -> state464 -> state465 -> state466 -> state467 -> state468 -> state469 -> state470 -> state471 -> state472 -> state473 -> state474 -> state475 -> state476 -> state477 -> state478 -> state479 -> state480 -> state481 -> state482 -> state483 -> state484 -> state485 -> state486 -> state487 -> state488 -> state489 -> state490 -> state491 -> state492 -> state493 -> state494 -> state495 -> state496 -> state497 -> state498 -> state499 -> state500 -> state501 -> state502 -> state503 -> state504 -> state505 -> state506 -> state507 -> state508 -> state509 -> state510 -> state511 -> state512 -> state513 -> state514 -> state515 -> state516 -> state517 -> state518 -> state519 -> state520 -> state521 -> state522 -> state523 -> state524 -> state525 -> state526 -> state527 -> state528 -> state529 -> state530 -> state531 -> state532 -> state533 -> state534 -> state535 -> state536 -> state537 -> state538 -> state539 -> state540 -> state541 -> state542 -> state543 -> state544 -> state545 -> state546 -> state547 -> state548 -> state549 -> state550 -> state551 -> state552 -> state553 -> state554 -> state555 -> state556 -> state557 -> state558 -> state559 -> state560 -> state561 -> state562 -> state563 -> state564 -> state565 -> state566 -> state567 -> state568 -> state569 -> state570 -> state571 -> state572 -> state573 -> state574 -> state575 -> state576 -> state577 -> state578 -> state579 -> state580 -> state581 -> state582 -> state583 -> state584 -> state585 -> state586 -> state587 -> state588 -> state589 -> state590 -> state591 -> state592 -> state593 -> state594 -> state595 -> state596 -> state597 -> state598 -> state599 -> state600 -> state601 -> state602 -> state603 -> state604 -> state605 -> state606 -> state607 -> state608 -> state609 -> state610 -> state611 -> state612 -> state613 -> state614 -> state615 -> state616 -> state617 -> state618 -> state619 -> state620 -> state621 -> state622 -> state623 -> state624 -> state625 -> state626 -> state627 -> state628 -> state629 -> state630 -> state631 -> state632 -> state633 -> state634 -> state635 -> state636 -> state637 -> state638 -> state639 -> state640 -> state641 -> state642 -> state643 -> state644 -> state645 -> state646 -> state647 -> state648 -> state649 -> state650 -> state651 -> state652 -> state653 -> state654 -> state655 -> state656 -> state657 -> state658 -> state659 -> state660 -> state661 -> state662 -> state663 -> state664 -> state665 -> state666 -> state667 -> state668 -> state669 -> state670 -> state671 -> state672 -> state673 -> state674 -> state675 -> state676 -> state677 -> state678 -> state679 -> state680 -> state681 -> state682 -> state683 -> state684 -> state685 -> state686 -> state687 -> state688 -> state689 -> state690 -> state691 -> state692 -> state693 -> state694 -> state695 -> state696 -> state697 -> state698 -> state699 -> state700 -> state701 -> state702 -> state703 -> state704 -> state705 -> state706 -> state707 -> state708 -> state709 -> state710 -> state711 -> state712 -> state713 -> state714 -> state715 -> state716 -> state717 -> state718 -> state719 -> state720 -> state721 -> state722 -> state723 -> state724 -> state725 -> state726 -> state727 -> state728 -> state729 -> state730 -> state731 -> state732 -> state733 -> state734 -> state735 -> state736 -> state737 -> state738 -> state739 -> state740 -> state741 -> state742 -> state743 -> state744 -> state745 -> state746 -> state747 -> state748 -> state749 -> state750 -> state751 -> state752 -> state753 -> state754 -> state755 -> state756 -> state757 -> state758 -> state759 -> state760 -> state761 -> state762 -> state763 -> state764 -> state765 -> state766 -> state767 -> state768 -> state769 -> state770 -> state771 -> state772 -> state773 -> state774 -> state775 -> state776 -> state777 -> state778 -> state779 -> state780 -> state781 -> state782 -> state783 -> state784 -> state785 -> state786 -> state787 -> state788 -> state789 -> state790 -> state791 -> state792 -> state793 -> state794 -> state795 -> state796 -> state797 -> state798 -> state799 -> state800 -> state801 -> state802 -> state803 -> state804 -> state805 -> state806 -> state807 -> state808 -> state809 -> state810 -> state811 -> state812 -> state813 -> state814 -> state815 -> state816 -> state817 -> state818 -> state819 -> state820 -> state821 -> state822 -> state823 -> state824 -> state825 -> state826 -> state827 -> state828 -> state829 -> state830 -> state831 -> state832 -> state833 -> state834 -> state835 -> state836 -> state837 -> state838 -> state839 -> state840 -> state841 -> state842 -> state843 -> state844 -> state845 -> state846 -> state847 -> state848 -> state849 -> state850 -> state851 -> state852 -> state853 -> state854 -> state855 -> state856 -> state857 -> state858 -> state859 -> state860 -> state861 -> state862 -> state863 -> state864 -> state865 -> state866 -> state867 -> state868 -> state869 -> state870 -> state871 -> state872 -> state873 -> state874 -> state875 -> state876 -> state877 -> state878 -> state879 -> state880 -> state881 -> state882 -> state883 -> state884 -> state885 -> state886 -> state887 -> state888 -> state889 -> state890 -> state891 -> state892 -> state893 -> state894 -> state895 -> state896 -> state897 -> state898 -> state899 -> state900 -> state901 -> state902 -> state903 -> state904 -> state905 -> state906 -> state907 -> state908 -> state909 -> state910 -> state911 -> state912 -> state913 -> state914 -> state915 -> state916 -> state917 -> state918 -> state919 -> state920 -> state921 -> state922 -> state923 -> state924 -> state925 -> state926 -> state927 -> state928 -> state929 -> state930 -> state931 -> state932 -> state933 -> state934 -> state935 -> state936 -> state937 -> state938 -> state939 -> state940 -> state941 -> state942 -> state943 -> state944 -> state945 -> state946 -> state947 -> state948 -> state949 -> state950 -> state951 -> state952 -> state953 -> state954 -> state955 -> state956 -> state957 -> state958 -> state959 -> state960 -> state961 -> state962 -> state963 -> state964 -> state965 -> state966 -> state967 -> state968 -> state969 -> state970 -> state971 -> state972 -> state973 -> state974 -> state975 -> state976 -> state977 -> state978 -> state979 -> state980 -> state981 -> state982 -> state983 -> state984 -> state985 -> state986 -> state987 -> state988 -> state989 -> state990 -> state991 -> state992 -> state993 -> state994 -> state995 -> state996 -> state997 -> state998 -> state999 -> FINAL
[DEBUG] Main regex: state0 -> state1 -> state2 -> state3 -> state4 -> state5 -> state6 -> state7 -> state8 -> state9 -> state10 -> state11 -> state12 -> state13 -> state14 -> state15 -> state16 -> state17 -> state18 -> state19 -> state20 -> state21 -> state22 -> state23 -> state24 -> state25 -> state26 -> state27 -> state28 -> state29 -> state30 -> state31 -> state32 -> state33 -> state34 -> state35 -> state36 -> state37 -> state38 -> state39 -> state40 -> state41 -> state42 -> state43 -> state44 -> state45 -> state46 -> state47 -> state48 -> state49 -> state50 -> state51 -> state52 -> state53 -> state54 -> state55 -> state56 -> state57 -> state58 -> state59 -> state60 -> state61 -> state62 -> state63 -> state64 -> state65 -> state66 -> state67 -> state68 -> state69 -> state70 -> state71 -> state72 -> state73 -> state74 -> state75 -> state76 -> state77 -> state78 -> state79 -> state80 -> state81 -> state82 -> state83 -> state84 -> state85 -> state86 -> state87 -> state88 -> state89 -> state90 -> state91 -> state92 -> state93 -> state94 -> state95 -> state96 -> state97 -> state98 -> state99 -> state100 -> state101 -> state102 -> state103 -> state104 -> state105 -> state106 -> state107 -> state108 -> state109 -> state110 -> state111 -> state112 -> state113 -> state114 -> state115 -> state116 -> state117 -> state118 -> state119 -> state120 -> state121 -> state122 -> state123 -> state124 -> state125 -> state126 -> state127 -> state128 -> state129 -> state130 -> state131 -> state132 -> state133 -> state134 -> state135 -> state136 -> state137 -> state138 -> state139 -> state140 -> state141 -> state142 -> state143 -> state144 -> state145 -> state146 -> state147 -> state148 -> state149 -> state150 -> state151 -> state152 -> state153 -> state154 -> state155 -> state156 -> state157 -> state158 -> state159 -> state160 -> state161 -> state162 -> state163 -> state164 -> state165 -> state166 -> state167 -> state168 -> state169 -> state170 -> state171 -> state172 -> state173 -> state174 -> state175 -> state176 -> state177 -> state178 -> state179 -> state180 -> state181 -> state182 -> state183 -> state184 -> state185 -> state186 -> state187 -> state188 -> state189 -> state190 -> state191 -> state192 -> state193 -> state194 -> state195 -> state196 -> state197 -> state198 -> state199 -> state200 -> state201 -> state202 -> state203 -> state204 -> state205 -> state206 -> state207 -> state208 -> state209 -> state210 -> state211 -> state212 -> state213 -> state214 -> state215 -> state216 -> state217 -> state218 -> state219 -> state220 -> state221 -> state222 -> state223 -> state224 -> state225 -> state226 -> state227 -> state228 -> state229 -> state230 -> state231 -> state232 -> state233 -> state234 -> state235 -> state236 -> state237 -> state238 -> state239 -> state240 -> state241 -> state242 -> state243 -> state244 -> state245 -> state246 -> state247 -> state248 -> state249 -> state250 -> state251 -> state252 -> state253 -> state254 -> state255 -> state256 -> state257 -> state258 -> state259 -> state260 -> state261 -> state262 -> state263 -> state264 -> state265 -> state266 -> state267 -> state268 -> state269 -> state270 -> state271 -> state272 -> state273 -> state274 -> state275 -> state276 -> state277 -> state278 -> state279 -> state280 -> state281 -> state282 -> state283 -> state284 -> state285 -> state286 -> state287 -> state288 -> state289 -> state290 -> state291 -> state292 -> state293 -> state294 -> state295 -> state296 -> state297 -> state298 -> state299 -> state300 -> state301 -> state302 -> state303 -> state304 -> state305 -> state306 -> state307 -> state308 -> state309 -> state310 -> state311 -> state312 -> state313 -> state314 -> state315 -> state316 -> state317 -> state318 -> state319 -> state320 -> state321 -> state322 -> state323 -> state324 -> state325 -> state326 -> state327 -> state328 -> state329 -> state330 -> state331 -> state332 -> state333 -> state334 -> state335 -> state336 -> state337 -> state338 -> state339 -> state340 -> state341 -> state342 -> state343 -> state344 -> state345 -> state346 -> state347 -> state348 -> state349 -> state350 -> state351 -> state352 -> state353 -> state354 -> state355 -> state356 -> state357 -> state358 -> state359 -> state360 -> state361 -> state362 -> state363 -> state364 -> state365 -> state366 -> state367 -> state368 -> state369 -> state370 -> state371 -> state372 -> state373 -> state374 -> state375 -> state376 -> state377 -> state378 -> state379 -> state380 -> state381 -> state382 -> state383 -> state384 -> state385 -> state386 -> state387 -> state388 -> state389 -> state390 -> state391 -> state392 -> state393 -> state394 -> state395 -> state396 -> state397 -> state398 -> state399 -> state400 -> state401 -> state402 -> state403 -> state404 -> state405 -> state406 -> state407 -> state408 -> state409 -> state410 -> state411 -> state412 -> state413 -> state414 -> state415 -> state416 -> state417 -> state418 -> state419 -> state420 -> state421 -> state422 -> state423 -> state424 -> state425 -> state426 -> state427 -> state428 -> state429 -> state430 -> state431 -> state432 -> state433 -> state434 -> state435 -> state436 -> state437 -> state438 -> state439 -> state440 -> state441 -> state442 -> state443 -> state444 -> state445 -> state446 -> state447 -> state448 -> state449 -> state450 -> state451 -> state452 -> state453 -> state454 -> state455 -> state456 -> state457 -> state458 -> state459 -> state460 -> state461 -> state462 -> state463 -> state464 -> state465 -> state466 -> state467 -> state468 -> state469 -> state470 -> state471 -> state472 -> state473 -> state474 -> state475 -> state476 -> state477 -> state478 -> state479 -> state480 -> state481 -> state482 -> state483 -> state484 -> state485 -> state486 -> state487 -> state488 -> state489 -> state490 -> state491 -> state492 -> state493 -> state494 -> state495 -> state496 -> state497 -> state498 -> state499 -> state500 -> state501 -> state502 -> state503 -> state504 -> state505 -> state506 -> state507 -> state508 -> state509 -> state510 -> state511 -> state512 -> state513 -> state514 -> state515 -> state516 -> state517 -> state518 -> state519 -> state520 -> state521 -> state522 -> state523 -> state524 -> state525 -> state526 -> state527 -> state528 -> state529 -> state530 -> state531 -> state532 -> state533 -> state534 -> state535 -> state536 -> state537 -> state538 -> state539 -> state540 -> state541 -> state542 -> state543 -> state544 -> state545 -> state546 -> state547 -> state548 -> state549 -> state550 -> state551 -> state552 -> state553 -> state554 -> state555 -> state556 -> state557 -> state558 -> state559 -> state560 -> state561 -> state562 -> state563 -> state564 -> state565 -> state566 -> state567 -> state568 -> state569 -> state570 -> state571 -> state572 -> state573 -> state574 -> state575 -> state576 -> state577 -> state578 -> state579 -> state580 -> state581 -> state582 -> state583 -> state584 -> state585 -> state586 -> state587 -> state588 -> state589 -> state590 -> state591 -> state592 -> state593 -> state594 -> state595 -> state596 -> state597 -> state598 -> state599 -> state600 -> state601 -> state602 -> state603 -> state604 -> state605 -> state606 -> state607 -> state608 -> state609 -> state610 -> state611 -> state612 -> state613 -> state614 -> state615 -> state616 -> state617 -> state618 -> state619 -> state620 -> state621 -> state622 -> state623 -> state624 -> state625 -> state626 -> state627 -> state628 -> state629 -> state630 -> state631 -> state632 -> state633 -> state634 -> state635 -> state636 -> state637 -> state638 -> state639 -> state640 -> state641 -> state642 -> state643 -> state644 -> state645 -> state646 -> state647 -> state648 -> state649 -> state650 -> state651 -> state652 -> state653 -> state654 -> state655 -> state656 -> state657 -> state658 -> state659 -> state660 -> state661 -> state662 -> state663 -> state664 -> state665 -> state666 -> state667 -> state668 -> state669 -> state670 -> state671 -> state672 -> state673 -> state674 -> state675 -> state676 -> state677 -> state678 -> state679 -> state680 -> state681 -> state682 -> state683 -> state684 -> state685 -> state686 -> state687 -> state688 -> state689 -> state690 -> state691 -> state692 -> state693 -> state694 -> state695 -> state696 -> state697 -> state698 -> state699 -> state700 -> state701 -> state702 -> state703 -> state704 -> state705 -> state706 -> state707 -> state708 -> state709 -> state710 -> state711 -> state712 -> state713 -> state714 -> state715 -> state716 -> state717 -> state718 -> state719 -> state720 -> state721 -> state722 -> state723 -> state724 -> state725 -> state726 -> state727 -> state728 -> state729 -> state730 -> state731 -> state732 -> state733 -> state734 -> state735 -> state736 -> state737 -> state738 -> state739 -> state740 -> state741 -> state742 -> state743 -> state744 -> state745 -> state746 -> state747 -> state748 -> state749 -> state750 -> state751 -> state752 -> state753 -> state754 -> state755 -> state756 -> state757 -> state758 -> state759 -> state760 -> state761 -> state762 -> state763 -> state764 -> state765 -> state766 -> state767 -> state768 -> state769 -> state770 -> state771 -> state772 -> state773 -> state774 -> state775 -> state776 -> state777 -> state778 -> state779 -> state780 -> state781 -> state782 -> state783 -> state784 -> state785 -> state786 -> state787 -> state788 -> state789 -> state790 -> state791 -> state792 -> state793 -> state794 -> state795 -> state796 -> state797 -> state798 -> state799 -> state800 -> state801 -> state802 -> state803 -> state804 -> state805 -> state806 -> state807 -> state808 -> state809 -> state810 -> state811 -> state812 -> state813 -> state814 -> state815 -> state816 -> state817 -> state818 -> state819 -> state820 -> state821 -> state822 -> state823 -> state824 -> state825 -> state826 -> state827 -> state828 -> state829 -> state830 -> state831 -> state832 -> state833 -> state834 -> state835 -> state836 -> state837 -> state838 -> state839 -> state840 -> state841 -> state842 -> state843 -> state844 -> state845 -> state846 -> state847 -> state848 -> state849 -> state850 -> state851 -> state852 -> state853 -> state854 -> state855 -> state856 -> state857 -> state858 -> state859 -> state860 -> state861 -> state862 -> state863 -> state864 -> state865 -> state866 -> state867 -> state868 -> state869 -> state870 -> state871 -> state872 -> state873 -> state874 -> state875 -> state876 -> state877 -> state878 -> state879 -> state880 -> state881 -> state882 -> state883 -> state884 -> state885 -> state886 -> state887 -> state888 -> state889 -> state890 -> state891 -> state892 -> state893 -> state894 -> state895 -> state896 -> state897 -> state898 -> state899 -> state900 -> state901 -> state902 -> state903 -> state904 -> state905 -> state906 -> state907 -> state908 -> state909 -> state910 -> state911 -> state912 -> state913 -> state914 -> state915 -> state916 -> state917 -> state918 -> state919 -> state920 -> state921 -> state922 -> state923 -> state924 -> state925 -> state926 -> state927 -> state928 -> state929 -> state930 -> state931 -> state932 -> state933 -> state934 -> state935 -> state936 -> state937 -> state938 -> state939 -> state940 -> state941 -> state942 -> state943 -> state944 -> state945 -> state946 -> state947 -> state948 -> state949 -> state950 -> state951 -> state952 -> state953 -> state954 -> state955 -> state956 -> state957 -> state958 -> state959 -> state960 -> state961 -> state962 -> state963 -> state964 -> state965 -> state966 -> state967 -> state968 -> state969 -> state970 -> state971 -> state972 -> state973 -> state974 -> state975 -> state976 -> state977 -> state978 -> state979 -> state980 -> state981 -> state982 -> state983 -> state984 -> state985 -> state986 -> state987 -> state988 -> state989 -> state990 -> state991 -> state992 -> state993 -> state994 -> state995 -> state996 -> state997 -> state998 -> state999 -> FINAL
[DEBUG] Special transitions: null
[DEBUG] Initial state: INITIAL
[DEBUG] Declared final state: FINAL
[DEBUG] Processing segment: state0
[DEBUG] Added transition from INITIAL to state0
[DEBUG] Processing segment: state1
[DEBUG] Added transition from state0 to state1
[DEBUG] Processing segment: state2
[DEBUG] Added transition from state1 to state2
[DEBUG] Processing segment: state3
[DEBUG] Added transition from state2 to state3
[DEBUG] Processing segment: state4
[DEBUG] Added transition from state3 to state4
[DEBUG] Processing segment: state5
[DEBUG] Added transition from state4 to state5
[DEBUG] Processing segment: state6
[DEBUG] Added transition from state5 to state6
[DEBUG] Processing segment: state7
[DEBUG] Added transition from state6 to state7
[DEBUG] Processing segment: state8
[DEBUG] Added transition from state7 to state8
[DEBUG] Processing segment: state9
[DEBUG] Added transition from state8 to state9
[DEBUG] Processing segment: state10
[DEBUG] Added transition from state9 to state10
[DEBUG] Processing segment: state11
[DEBUG] Added transition from state10 to state11
[DEBUG] Processing segment: state12
[DEBUG] Added transition from state11 to state12
[DEBUG] Processing segment: state13
[DEBUG] Added transition from state12 to state13
[DEBUG] Processing segment: state14
[DEBUG] Added transition from state13 to state14
[DEBUG] Processing segment: state15
[DEBUG] Added transition from state14 to state15
[DEBUG] Processing segment: state16
[DEBUG] Added transition from state15 to state16
[DEBUG] Processing segment: state17
[DEBUG] Added transition from state16 to state17
[DEBUG] Processing segment: state18
[DEBUG] Added transition from state17 to state18
[DEBUG] Processing segment: state19
[DEBUG] Added transition from state18 to state19
[DEBUG] Processing segment: state20
[DEBUG] Added transition from state19 to state20
[DEBUG] Processing segment: state21
[DEBUG] Added transition from state20 to state21
[DEBUG] Processing segment: state22
[DEBUG] Added transition from state21 to state22
[DEBUG] Processing segment: state23
[DEBUG] Added transition from state22 to state23
[DEBUG] Processing segment: state24
[DEBUG] Added transition from state23 to state24
[DEBUG] Processing segment: state25
[DEBUG] Added transition from state24 to state25
[DEBUG] Processing segment: state26
[DEBUG] Added transition from state25 to state26
[DEBUG] Processing segment: state27
[DEBUG] Added transition from state26 to state27
[DEBUG] Processing segment: state28
[DEBUG] Added transition from state27 to state28
[DEBUG] Processing segment: state29
[DEBUG] Added transition from state28 to state29
[DEBUG] Processing segment: state30
[DEBUG] Added transition from state29 to state30
[DEBUG] Processing segment: state31
[DEBUG] Added transition from state30 to state31
[DEBUG] Processing segment: state32
[DEBUG] Added transition from state31 to state32
[DEBUG] Processing segment: state33
[DEBUG] Added transition from state32 to state33
[DEBUG] Processing segment: state34
[DEBUG] Added transition from state33 to state34
[DEBUG] Processing segment: state35
[DEBUG] Added transition from state34 to state35
[DEBUG] Processing segment: state36
[DEBUG] Added transition from state35 to state36
[DEBUG] Processing segment: state37
[DEBUG] Added transition from state36 to state37
[DEBUG] Processing segment: state38
[DEBUG] Added transition from state37 to state38
[DEBUG] Processing segment: state39
[DEBUG] Added transition from state38 to state39
[DEBUG] Processing segment: state40
[DEBUG] Added transition from state39 to state40
[DEBUG] Processing segment: state41
[DEBUG] Added transition from state40 to state41
[DEBUG] Processing segment: state42
[DEBUG] Added transition from state41 to state42
[DEBUG] Processing segment: state43
[DEBUG] Added transition from state42 to state43
[DEBUG] Processing segment: state44
[DEBUG] Added transition from state43 to state44
[DEBUG] Processing segment: state45
[DEBUG] Added transition from state44 to state45
[DEBUG] Processing segment: state46
[DEBUG] Added transition from state45 to state46
[DEBUG] Processing segment: state47
[DEBUG] Added transition from state46 to state47
[DEBUG] Processing segment: state48
[DEBUG] Added transition from state47 to state48
[DEBUG] Processing segment: state49
[DEBUG] Added transition from state48 to state49
[DEBUG] Processing segment: state50
[DEBUG] Added transition from state49 to state50
[DEBUG] Processing segment: state51
[DEBUG] Added transition from state50 to state51
[DEBUG] Processing segment: state52
[DEBUG] Added transition from state51 to state52
[DEBUG] Processing segment: state53
[DEBUG] Added transition from state52 to state53
[DEBUG] Processing segment: state54
[DEBUG] Added transition from state53 to state54
[DEBUG] Processing segment: state55
[DEBUG] Added transition from state54 to state55
[DEBUG] Processing segment: state56
[DEBUG] Added transition from state55 to state56
[DEBUG] Processing segment: state57
[DEBUG] Added transition from state56 to state57
[DEBUG] Processing segment: state58
[DEBUG] Added transition from state57 to state58
[DEBUG] Processing segment: state59
[DEBUG] Added transition from state58 to state59
[DEBUG] Processing segment: state60
[DEBUG] Added transition from state59 to state60
[DEBUG] Processing segment: state61
[DEBUG] Added transition from state60 to state61
[DEBUG] Processing segment: state62
[DEBUG] Added transition from state61 to state62
[DEBUG] Processing segment: state63
[DEBUG] Added transition from state62 to state63
[DEBUG] Processing segment: state64
[DEBUG] Added transition from state63 to state64
[DEBUG] Processing segment: state65
[DEBUG] Added transition from state64 to state65
[DEBUG] Processing segment: state66
[DEBUG] Added transition from state65 to state66
[DEBUG] Processing segment: state67
[DEBUG] Added transition from state66 to state67
[DEBUG] Processing segment: state68
[DEBUG] Added transition from state67 to state68
[DEBUG] Processing segment: state69
[DEBUG] Added transition from state68 to state69
[DEBUG] Processing segment: state70
[DEBUG] Added transition from state69 to state70
[DEBUG] Processing segment: state71
[DEBUG] Added transition from state70 to state71
[DEBUG] Processing segment: state72
[DEBUG] Added transition from state71 to state72
[DEBUG] Processing segment: state73
[DEBUG] Added transition from state72 to state73
[DEBUG] Processing segment: state74
[DEBUG] Added transition from state73 to state74
[DEBUG] Processing segment: state75
[DEBUG] Added transition from state74 to state75
[DEBUG] Processing segment: state76
[DEBUG] Added transition from state75 to state76
[DEBUG] Processing segment: state77
[DEBUG] Added transition from state76 to state77
[DEBUG] Processing segment: state78
[DEBUG] Added transition from state77 to state78
[DEBUG] Processing segment: state79
[DEBUG] Added transition from state78 to state79
[DEBUG] Processing segment: state80
[DEBUG] Added transition from state79 to state80
[DEBUG] Processing segment: state81
[DEBUG] Added transition from state80 to state81
[DEBUG] Processing segment: state82
[DEBUG] Added transition from state81 to state82
[DEBUG] Processing segment: state83
[DEBUG] Added transition from state82 to state83
[DEBUG] Processing segment: state84
[DEBUG] Added transition from state83 to state84
[DEBUG] Processing segment: state85
[DEBUG] Added transition from state84 to state85
[DEBUG] Processing segment: state86
[DEBUG] Added transition from state85 to state86
[DEBUG] Processing segment: state87
[DEBUG] Added transition from state86 to state87
[DEBUG] Processing segment: state88
[DEBUG] Added transition from state87 to state88
[DEBUG] Processing segment: state89
[DEBUG] Added transition from state88 to state89
[DEBUG] Processing segment: state90
[DEBUG] Added transition from state89 to state90
[DEBUG] Processing segment: state91
[DEBUG] Added transition from state90 to state91
[DEBUG] Processing segment: state92
[DEBUG] Added transition from state91 to state92
[DEBUG] Processing segment: state93
[DEBUG] Added transition from state92 to state93
[DEBUG] Processing segment: state94
[DEBUG] Added transition from state93 to state94
[DEBUG] Processing segment: state95
[DEBUG] Added transition from state94 to state95
[DEBUG] Processing segment: state96
[DEBUG] Added transition from state95 to state96
[DEBUG] Processing segment: state97
[DEBUG] Added transition from state96 to state97
[DEBUG] Processing segment: state98
[DEBUG] Added transition from state97 to state98
[DEBUG] Processing segment: state99
[DEBUG] Added transition from state98 to state99
[DEBUG] Processing segment: state100
[DEBUG] Added transition from state99 to state100
[DEBUG] Processing segment: state101
[DEBUG] Added transition from state100 to state101
[DEBUG] Processing segment: state102
[DEBUG] Added transition from state101 to state102
[DEBUG] Processing segment: state103
[DEBUG] Added transition from state102 to state103
[DEBUG] Processing segment: state104
[DEBUG] Added transition from state103 to state104
[DEBUG] Processing segment: state105
[DEBUG] Added transition from state104 to state105
[DEBUG] Processing segment: state106
[DEBUG] Added transition from state105 to state106
[DEBUG] Processing segment: state107
[DEBUG] Added transition from state106 to state107
[DEBUG] Processing segment: state108
[DEBUG] Added transition from state107 to state108
[DEBUG] Processing segment: state109
[DEBUG] Added transition from state108 to state109
[DEBUG] Processing segment: state110
[DEBUG] Added transition from state109 to state110
[DEBUG] Processing segment: state111
[DEBUG] Added transition from state110 to state111
[DEBUG] Processing segment: state112
[DEBUG] Added transition from state111 to state112
[DEBUG] Processing segment: state113
[DEBUG] Added transition from state112 to state113
[DEBUG] Processing segment: state114
[DEBUG] Added transition from state113 to state114
[DEBUG] Processing segment: state115
[DEBUG] Added transition from state114 to state115
[DEBUG] Processing segment: state116
[DEBUG] Added transition from state115 to state116
[DEBUG] Processing segment: state117
[DEBUG] Added transition from state116 to state117
[DEBUG] Processing segment: state118
[DEBUG] Added transition from state117 to state118
[DEBUG] Processing segment: state119
[DEBUG] Added transition from state118 to state119
[DEBUG] Processing segment: state120
[DEBUG] Added transition from state119 to state120
[DEBUG] Processing segment: state121
[DEBUG] Added transition from state120 to state121
[DEBUG] Processing segment: state122
[DEBUG] Added transition from state121 to state122
[DEBUG] Processing segment: state123
[DEBUG] Added transition from state122 to state123
[DEBUG] Processing segment: state124
[DEBUG] Added transition from state123 to state124
[DEBUG] Processing segment: state125
[DEBUG] Added transition from state124 to state125
[DEBUG] Processing segment: state126
[DEBUG] Added transition from state125 to state126
[DEBUG] Processing segment: state127
[DEBUG] Added transition from state126 to state127
[DEBUG] Processing segment: state128
[DEBUG] Added transition from state127 to state128
[DEBUG] Processing segment: state129
[DEBUG] Added transition from state128 to state129
[DEBUG] Processing segment: state130
[DEBUG] Added transition from state129 to state130
[DEBUG] Processing segment: state131
[DEBUG] Added transition from state130 to state131
[DEBUG] Processing segment: state132
[DEBUG] Added transition from state131 to state132
[DEBUG] Processing segment: state133
[DEBUG] Added transition from state132 to state133
[DEBUG] Processing segment: state134
[DEBUG] Added transition from state133 to state134
[DEBUG] Processing segment: state135
[DEBUG] Added transition from state134 to state135
[DEBUG] Processing segment: state136
[DEBUG] Added transition from state135 to state136
[DEBUG] Processing segment: state137
[DEBUG] Added transition from state136 to state137
[DEBUG] Processing segment: state138
[DEBUG] Added transition from state137 to state138
[DEBUG] Processing segment: state139
[DEBUG] Added transition from state138 to state139
[DEBUG] Processing segment: state140
[DEBUG] Added transition from state139 to state140
[DEBUG] Processing segment: state141
[DEBUG] Added transition from state140 to state141
[DEBUG] Processing segment: state142
[DEBUG] Added transition from state141 to state142
[DEBUG] Processing segment: state143
[DEBUG] Added transition from state142 to state143
[DEBUG] Processing segment: state144
[DEBUG] Added transition from state143 to state144
[DEBUG] Processing segment: state145
[DEBUG] Added transition from state144 to state145
[DEBUG] Processing segment: state146
[DEBUG] Added transition from state145 to state146
[DEBUG] Processing segment: state147
[DEBUG] Added transition from state146 to state147
[DEBUG] Processing segment: state148
[DEBUG] Added transition from state147 to state148
[DEBUG] Processing segment: state149
[DEBUG] Added transition from state148 to state149
[DEBUG] Processing segment: state150
[DEBUG] Added transition from state149 to state150
[DEBUG] Processing segment: state151
[DEBUG] Added transition from state150 to state151
[DEBUG] Processing segment: state152
[DEBUG] Added transition from state151 to state152
[DEBUG] Processing segment: state153
[DEBUG] Added transition from state152 to state153
[DEBUG] Processing segment: state154
[DEBUG] Added transition from state153 to state154
[DEBUG] Processing segment: state155
[DEBUG] Added transition from state154 to state155
[DEBUG] Processing segment: state156
[DEBUG] Added transition from state155 to state156
[DEBUG] Processing segment: state157
[DEBUG] Added transition from state156 to state157
[DEBUG] Processing segment: state158
[DEBUG] Added transition from state157 to state158
[DEBUG] Processing segment: state159
[DEBUG] Added transition from state158 to state159
[DEBUG] Processing segment: state160
[DEBUG] Added transition from state159 to state160
[DEBUG] Processing segment: state161
[DEBUG] Added transition from state160 to state161
[DEBUG] Processing segment: state162
[DEBUG] Added transition from state161 to state162
[DEBUG] Processing segment: state163
[DEBUG] Added transition from state162 to state163
[DEBUG] Processing segment: state164
[DEBUG] Added transition from state163 to state164
[DEBUG] Processing segment: state165
[DEBUG] Added transition from state164 to state165
[DEBUG] Processing segment: state166
[DEBUG] Added transition from state165 to state166
[DEBUG] Processing segment: state167
[DEBUG] Added transition from state166 to state167
[DEBUG] Processing segment: state168
[DEBUG] Added transition from state167 to state168
[DEBUG] Processing segment: state169
[DEBUG] Added transition from state168 to state169
[DEBUG] Processing segment: state170
[DEBUG] Added transition from state169 to state170
[DEBUG] Processing segment: state171
[DEBUG] Added transition from state170 to state171
[DEBUG] Processing segment: state172
[DEBUG] Added transition from state171 to state172
[DEBUG] Processing segment: state173
[DEBUG] Added transition from state172 to state173
[DEBUG] Processing segment: state174
[DEBUG] Added transition from state173 to state174
[DEBUG] Processing segment: state175
[DEBUG] Added transition from state174 to state175
[DEBUG] Processing segment: state176
[DEBUG] Added transition from state175 to state176
[DEBUG] Processing segment: state177
[DEBUG] Added transition from state176 to state177
[DEBUG] Processing segment: state178
[DEBUG] Added transition from state177 to state178
[DEBUG] Processing segment: state179
[DEBUG] Added transition from state178 to state179
[DEBUG] Processing segment: state180
[DEBUG] Added transition from state179 to state180
[DEBUG] Processing segment: state181
[DEBUG] Added transition from state180 to state181
[DEBUG] Processing segment: state182
[DEBUG] Added transition from state181 to state182
[DEBUG] Processing segment: state183
[DEBUG] Added transition from state182 to state183
[DEBUG] Processing segment: state184
[DEBUG] Added transition from state183 to state184
[DEBUG] Processing segment: state185
[DEBUG] Added transition from state184 to state185
[DEBUG] Processing segment: state186
[DEBUG] Added transition from state185 to state186
[DEBUG] Processing segment: state187
[DEBUG] Added transition from state186 to state187
[DEBUG] Processing segment: state188
[DEBUG] Added transition from state187 to state188
[DEBUG] Processing segment: state189
[DEBUG] Added transition from state188 to state189
[DEBUG] Processing segment: state190
[DEBUG] Added transition from state189 to state190
[DEBUG] Processing segment: state191
[DEBUG] Added transition from state190 to state191
[DEBUG] Processing segment: state192
[DEBUG] Added transition from state191 to state192
[DEBUG] Processing segment: state193
[DEBUG] Added transition from state192 to state193
[DEBUG] Processing segment: state194
[DEBUG] Added transition from state193 to state194
[DEBUG] Processing segment: state195
[DEBUG] Added transition from state194 to state195
[DEBUG] Processing segment: state196
[DEBUG] Added transition from state195 to state196
[DEBUG] Processing segment: state197
[DEBUG] Added transition from state196 to state197
[DEBUG] Processing segment: state198
[DEBUG] Added transition from state197 to state198
[DEBUG] Processing segment: state199
[DEBUG] Added transition from state198 to state199
[DEBUG] Processing segment: state200
[DEBUG] Added transition from state199 to state200
[DEBUG] Processing segment: state201
[DEBUG] Added transition from state200 to state201
[DEBUG] Processing segment: state202
[DEBUG] Added transition from state201 to state202
[DEBUG] Processing segment: state203
[DEBUG] Added transition from state202 to state203
[DEBUG] Processing segment: state204
[DEBUG] Added transition from state203 to state204
[DEBUG] Processing segment: state205
[DEBUG] Added transition from state204 to state205
[DEBUG] Processing segment: state206
[DEBUG] Added transition from state205 to state206
[DEBUG] Processing segment: state207
[DEBUG] Added transition from state206 to state207
[DEBUG] Processing segment: state208
[DEBUG] Added transition from state207 to state208
[DEBUG] Processing segment: state209
[DEBUG] Added transition from state208 to state209
[DEBUG] Processing segment: state210
[DEBUG] Added transition from state209 to state210
[DEBUG] Processing segment: state211
[DEBUG] Added transition from state210 to state211
[DEBUG] Processing segment: state212
[DEBUG] Added transition from state211 to state212
[DEBUG] Processing segment: state213
[DEBUG] Added transition from state212 to state213
[DEBUG] Processing segment: state214
[DEBUG] Added transition from state213 to state214
[DEBUG] Processing segment: state215
[DEBUG] Added transition from state214 to state215
[DEBUG] Processing segment: state216
[DEBUG] Added transition from state215 to state216
[DEBUG] Processing segment: state217
[DEBUG] Added transition from state216 to state217
[DEBUG] Processing segment: state218
[DEBUG] Added transition from state217 to state218
[DEBUG] Processing segment: state219
[DEBUG] Added transition from state218 to state219
[DEBUG] Processing segment: state220
[DEBUG] Added transition from state219 to state220
[DEBUG] Processing segment: state221
[DEBUG] Added transition from state220 to state221
[DEBUG] Processing segment: state222
[DEBUG] Added transition from state221 to state222
[DEBUG] Processing segment: state223
[DEBUG] Added transition from state222 to state223
[DEBUG] Processing segment: state224
[DEBUG] Added transition from state223 to state224
[DEBUG] Processing segment: state225
[DEBUG] Added transition from state224 to state225
[DEBUG] Processing segment: state226
[DEBUG] Added transition from state225 to state226
[DEBUG] Processing segment: state227
[DEBUG] Added transition from state226 to state227
[DEBUG] Processing segment: state228
[DEBUG] Added transition from state227 to state228
[DEBUG] Processing segment: state229
[DEBUG] Added transition from state228 to state229
[DEBUG] Processing segment: state230
[DEBUG] Added transition from state229 to state230
[DEBUG] Processing segment: state231
[DEBUG] Added transition from state230 to state231
[DEBUG] Processing segment: state232
[DEBUG] Added transition from state231 to state232
[DEBUG] Processing segment: state233
[DEBUG] Added transition from state232 to state233
[DEBUG] Processing segment: state234
[DEBUG] Added transition from state233 to state234
[DEBUG] Processing segment: state235
[DEBUG] Added transition from state234 to state235
[DEBUG] Processing segment: state236
[DEBUG] Added transition from state235 to state236
[DEBUG] Processing segment: state237
[DEBUG] Added transition from state236 to state237
[DEBUG] Processing segment: state238
[DEBUG] Added transition from state237 to state238
[DEBUG] Processing segment: state239
[DEBUG] Added transition from state238 to state239
[DEBUG] Processing segment: state240
[DEBUG] Added transition from state239 to state240
[DEBUG] Processing segment: state241
[DEBUG] Added transition from state240 to state241
[DEBUG] Processing segment: state242
[DEBUG] Added transition from state241 to state242
[DEBUG] Processing segment: state243
[DEBUG] Added transition from state242 to state243
[DEBUG] Processing segment: state244
[DEBUG] Added transition from state243 to state244
[DEBUG] Processing segment: state245
[DEBUG] Added transition from state244 to state245
[DEBUG] Processing segment: state246
[DEBUG] Added transition from state245 to state246
[DEBUG] Processing segment: state247
[DEBUG] Added transition from state246 to state247
[DEBUG] Processing segment: state248
[DEBUG] Added transition from state247 to state248
[DEBUG] Processing segment: state249
[DEBUG] Added transition from state248 to state249
[DEBUG] Processing segment: state250
[DEBUG] Added transition from state249 to state250
[DEBUG] Processing segment: state251
[DEBUG] Added transition from state250 to state251
[DEBUG] Processing segment: state252
[DEBUG] Added transition from state251 to state252
[DEBUG] Processing segment: state253
[DEBUG] Added transition from state252 to state253
[DEBUG] Processing segment: state254
[DEBUG] Added transition from state253 to state254
[DEBUG] Processing segment: state255
[DEBUG] Added transition from state254 to state255
[DEBUG] Processing segment: state256
[DEBUG] Added transition from state255 to state256
[DEBUG] Processing segment: state257
[DEBUG] Added transition from state256 to state257
[DEBUG] Processing segment: state258
[DEBUG] Added transition from state257 to state258
[DEBUG] Processing segment: state259
[DEBUG] Added transition from state258 to state259
[DEBUG] Processing segment: state260
[DEBUG] Added transition from state259 to state260
[DEBUG] Processing segment: state261
[DEBUG] Added transition from state260 to state261
[DEBUG] Processing segment: state262
[DEBUG] Added transition from state261 to state262
[DEBUG] Processing segment: state263
[DEBUG] Added transition from state262 to state263
[DEBUG] Processing segment: state264
[DEBUG] Added transition from state263 to state264
[DEBUG] Processing segment: state265
[DEBUG] Added transition from state264 to state265
[DEBUG] Processing segment: state266
[DEBUG] Added transition from state265 to state266
[DEBUG] Processing segment: state267
[DEBUG] Added transition from state266 to state267
[DEBUG] Processing segment: state268
[DEBUG] Added transition from state267 to state268
[DEBUG] Processing segment: state269
[DEBUG] Added transition from state268 to state269
[DEBUG] Processing segment: state270
[DEBUG] Added transition from state269 to state270
[DEBUG] Processing segment: state271
[DEBUG] Added transition from state270 to state271
[DEBUG] Processing segment: state272
[DEBUG] Added transition from state271 to state272
[DEBUG] Processing segment: state273
[DEBUG] Added transition from state272 to state273
[DEBUG] Processing segment: state274
[DEBUG] Added transition from state273 to state274
[DEBUG] Processing segment: state275
[DEBUG] Added transition from state274 to state275
[DEBUG] Processing segment: state276
[DEBUG] Added transition from state275 to state276
[DEBUG] Processing segment: state277
[DEBUG] Added transition from state276 to state277
[DEBUG] Processing segment: state278
[DEBUG] Added transition from state277 to state278
[DEBUG] Processing segment: state279
[DEBUG] Added transition from state278 to state279
[DEBUG] Processing segment: state280
[DEBUG] Added transition from state279 to state280
[DEBUG] Processing segment: state281
[DEBUG] Added transition from state280 to state281
[DEBUG] Processing segment: state282
[DEBUG] Added transition from state281 to state282
[DEBUG] Processing segment: state283
[DEBUG] Added transition from state282 to state283
[DEBUG] Processing segment: state284
[DEBUG] Added transition from state283 to state284
[DEBUG] Processing segment: state285
[DEBUG] Added transition from state284 to state285
[DEBUG] Processing segment: state286
[DEBUG] Added transition from state285 to state286
[DEBUG] Processing segment: state287
[DEBUG] Added transition from state286 to state287
[DEBUG] Processing segment: state288
[DEBUG] Added transition from state287 to state288
[DEBUG] Processing segment: state289
[DEBUG] Added transition from state288 to state289
[DEBUG] Processing segment: state290
[DEBUG] Added transition from state289 to state290
[DEBUG] Processing segment: state291
[DEBUG] Added transition from state290 to state291
[DEBUG] Processing segment: state292
[DEBUG] Added transition from state291 to state292
[DEBUG] Processing segment: state293
[DEBUG] Added transition from state292 to state293
[DEBUG] Processing segment: state294
[DEBUG] Added transition from state293 to state294
[DEBUG] Processing segment: state295
[DEBUG] Added transition from state294 to state295
[DEBUG] Processing segment: state296
[DEBUG] Added transition from state295 to state296
[DEBUG] Processing segment: state297
[DEBUG] Added transition from state296 to state297
[DEBUG] Processing segment: state298
[DEBUG] Added transition from state297 to state298
[DEBUG] Processing segment: state299
[DEBUG] Added transition from state298 to state299
[DEBUG] Processing segment: state300
[DEBUG] Added transition from state299 to state300
[DEBUG] Processing segment: state301
[DEBUG] Added transition from state300 to state301
[DEBUG] Processing segment: state302
[DEBUG] Added transition from state301 to state302
[DEBUG] Processing segment: state303
[DEBUG] Added transition from state302 to state303
[DEBUG] Processing segment: state304
[DEBUG] Added transition from state303 to state304
[DEBUG] Processing segment: state305
[DEBUG] Added transition from state304 to state305
[DEBUG] Processing segment: state306
[DEBUG] Added transition from state305 to state306
[DEBUG] Processing segment: state307
[DEBUG] Added transition from state306 to state307
[DEBUG] Processing segment: state308
[DEBUG] Added transition from state307 to state308
[DEBUG] Processing segment: state309
[DEBUG] Added transition from state308 to state309
[DEBUG] Processing segment: state310
[DEBUG] Added transition from state309 to state310
[DEBUG] Processing segment: state311
[DEBUG] Added transition from state310 to state311
[DEBUG] Processing segment: state312
[DEBUG] Added transition from state311 to state312
[DEBUG] Processing segment: state313
[DEBUG] Added transition from state312 to state313
[DEBUG] Processing segment: state314
[DEBUG] Added transition from state313 to state314
[DEBUG] Processing segment: state315
[DEBUG] Added transition from state314 to state315
[DEBUG] Processing segment: state316
[DEBUG] Added transition from state315 to state316
[DEBUG] Processing segment: state317
[DEBUG] Added transition from state316 to state317
[DEBUG] Processing segment: state318
[DEBUG] Added transition from state317 to state318
[DEBUG] Processing segment: state319
[DEBUG] Added transition from state318 to state319
[DEBUG] Processing segment: state320
[DEBUG] Added transition from state319 to state320
[DEBUG] Processing segment: state321
[DEBUG] Added transition from state320 to state321
[DEBUG] Processing segment: state322
[DEBUG] Added transition from state321 to state322
[DEBUG] Processing segment: state323
[DEBUG] Added transition from state322 to state323
[DEBUG] Processing segment: state324
[DEBUG] Added transition from state323 to state324
[DEBUG] Processing segment: state325
[DEBUG] Added transition from state324 to state325
[DEBUG] Processing segment: state326
[DEBUG] Added transition from state325 to state326
[DEBUG] Processing segment: state327
[DEBUG] Added transition from state326 to state327
[DEBUG] Processing segment: state328
[DEBUG] Added transition from state327 to state328
[DEBUG] Processing segment: state329
[DEBUG] Added transition from state328 to state329
[DEBUG] Processing segment: state330
[DEBUG] Added transition from state329 to state330
[DEBUG] Processing segment: state331
[DEBUG] Added transition from state330 to state331
[DEBUG] Processing segment: state332
[DEBUG] Added transition from state331 to state332
[DEBUG] Processing segment: state333
[DEBUG] Added transition from state332 to state333
[DEBUG] Processing segment: state334
[DEBUG] Added transition from state333 to state334
[DEBUG] Processing segment: state335
[DEBUG] Added transition from state334 to state335
[DEBUG] Processing segment: state336
[DEBUG] Added transition from state335 to state336
[DEBUG] Processing segment: state337
[DEBUG] Added transition from state336 to state337
[DEBUG] Processing segment: state338
[DEBUG] Added transition from state337 to state338
[DEBUG] Processing segment: state339
[DEBUG] Added transition from state338 to state339
[DEBUG] Processing segment: state340
[DEBUG] Added transition from state339 to state340
[DEBUG] Processing segment: state341
[DEBUG] Added transition from state340 to state341
[DEBUG] Processing segment: state342
[DEBUG] Added transition from state341 to state342
[DEBUG] Processing segment: state343
[DEBUG] Added transition from state342 to state343
[DEBUG] Processing segment: state344
[DEBUG] Added transition from state343 to state344
[DEBUG] Processing segment: state345
[DEBUG] Added transition from state344 to state345
[DEBUG] Processing segment: state346
[DEBUG] Added transition from state345 to state346
[DEBUG] Processing segment: state347
[DEBUG] Added transition from state346 to state347
[DEBUG] Processing segment: state348
[DEBUG] Added transition from state347 to state348
[DEBUG] Processing segment: state349
[DEBUG] Added transition from state348 to state349
[DEBUG] Processing segment: state350
[DEBUG] Added transition from state349 to state350
[DEBUG] Processing segment: state351
[DEBUG] Added transition from state350 to state351
[DEBUG] Processing segment: state352
[DEBUG] Added transition from state351 to state352
[DEBUG] Processing segment: state353
[DEBUG] Added transition from state352 to state353
[DEBUG] Processing segment: state354
[DEBUG] Added transition from state353 to state354
[DEBUG] Processing segment: state355
[DEBUG] Added transition from state354 to state355
[DEBUG] Processing segment: state356
[DEBUG] Added transition from state355 to state356
[DEBUG] Processing segment: state357
[DEBUG] Added transition from state356 to state357
[DEBUG] Processing segment: state358
[DEBUG] Added transition from state357 to state358
[DEBUG] Processing segment: state359
[DEBUG] Added transition from state358 to state359
[DEBUG] Processing segment: state360
[DEBUG] Added transition from state359 to state360
[DEBUG] Processing segment: state361
[DEBUG] Added transition from state360 to state361
[DEBUG] Processing segment: state362
[DEBUG] Added transition from state361 to state362
[DEBUG] Processing segment: state363
[DEBUG] Added transition from state362 to state363
[DEBUG] Processing segment: state364
[DEBUG] Added transition from state363 to state364
[DEBUG] Processing segment: state365
[DEBUG] Added transition from state364 to state365
[DEBUG] Processing segment: state366
[DEBUG] Added transition from state365 to state366
[DEBUG] Processing segment: state367
[DEBUG] Added transition from state366 to state367
[DEBUG] Processing segment: state368
[DEBUG] Added transition from state367 to state368
[DEBUG] Processing segment: state369
[DEBUG] Added transition from state368 to state369
[DEBUG] Processing segment: state370
[DEBUG] Added transition from state369 to state370
[DEBUG] Processing segment: state371
[DEBUG] Added transition from state370 to state371
[DEBUG] Processing segment: state372
[DEBUG] Added transition from state371 to state372
[DEBUG] Processing segment: state373
[DEBUG] Added transition from state372 to state373
[DEBUG] Processing segment: state374
[DEBUG] Added transition from state373 to state374
[DEBUG] Processing segment: state375
[DEBUG] Added transition from state374 to state375
[DEBUG] Processing segment: state376
[DEBUG] Added transition from state375 to state376
[DEBUG] Processing segment: state377
[DEBUG] Added transition from state376 to state377
[DEBUG] Processing segment: state378
[DEBUG] Added transition from state377 to state378
[DEBUG] Processing segment: state379
[DEBUG] Added transition from state378 to state379
[DEBUG] Processing segment: state380
[DEBUG] Added transition from state379 to state380
[DEBUG] Processing segment: state381
[DEBUG] Added transition from state380 to state381
[DEBUG] Processing segment: state382
[DEBUG] Added transition from state381 to state382
[DEBUG] Processing segment: state383
[DEBUG] Added transition from state382 to state383
[DEBUG] Processing segment: state384
[DEBUG] Added transition from state383 to state384
[DEBUG] Processing segment: state385
[DEBUG] Added transition from state384 to state385
[DEBUG] Processing segment: state386
[DEBUG] Added transition from state385 to state386
[DEBUG] Processing segment: state387
[DEBUG] Added transition from state386 to state387
[DEBUG] Processing segment: state388
[DEBUG] Added transition from state387 to state388
[DEBUG] Processing segment: state389
[DEBUG] Added transition from state388 to state389
[DEBUG] Processing segment: state390
[DEBUG] Added transition from state389 to state390
[DEBUG] Processing segment: state391
[DEBUG] Added transition from state390 to state391
[DEBUG] Processing segment: state392
[DEBUG] Added transition from state391 to state392
[DEBUG] Processing segment: state393
[DEBUG] Added transition from state392 to state393
[DEBUG] Processing segment: state394
[DEBUG] Added transition from state393 to state394
[DEBUG] Processing segment: state395
[DEBUG] Added transition from state394 to state395
[DEBUG] Processing segment: state396
[DEBUG] Added transition from state395 to state396
[DEBUG] Processing segment: state397
[DEBUG] Added transition from state396 to state397
[DEBUG] Processing segment: state398
[DEBUG] Added transition from state397 to state398
[DEBUG] Processing segment: state399
[DEBUG] Added transition from state398 to state399
[DEBUG] Processing segment: state400
[DEBUG] Added transition from state399 to state400
[DEBUG] Processing segment: state401
[DEBUG] Added transition from state400 to state401
[DEBUG] Processing segment: state402
[DEBUG] Added transition from state401 to state402
[DEBUG] Processing segment: state403
[DEBUG] Added transition from state402 to state403
[DEBUG] Processing segment: state404
[DEBUG] Added transition from state403 to state404
[DEBUG] Processing segment: state405
[DEBUG] Added transition from state404 to state405
[DEBUG] Processing segment: state406
[DEBUG] Added transition from state405 to state406
[DEBUG] Processing segment: state407
[DEBUG] Added transition from state406 to state407
[DEBUG] Processing segment: state408
[DEBUG] Added transition from state407 to state408
[DEBUG] Processing segment: state409
[DEBUG] Added transition from state408 to state409
[DEBUG] Processing segment: state410
[DEBUG] Added transition from state409 to state410
[DEBUG] Processing segment: state411
[DEBUG] Added transition from state410 to state411
[DEBUG] Processing segment: state412
[DEBUG] Added transition from state411 to state412
[DEBUG] Processing segment: state413
[DEBUG] Added transition from state412 to state413
[DEBUG] Processing segment: state414
[DEBUG] Added transition from state413 to state414
[DEBUG] Processing segment: state415
[DEBUG] Added transition from state414 to state415
[DEBUG] Processing segment: state416
[DEBUG] Added transition from state415 to state416
[DEBUG] Processing segment: state417
[DEBUG] Added transition from state416 to state417
[DEBUG] Processing segment: state418
[DEBUG] Added transition from state417 to state418
[DEBUG] Processing segment: state419
[DEBUG] Added transition from state418 to state419
[DEBUG] Processing segment: state420
[DEBUG] Added transition from state419 to state420
[DEBUG] Processing segment: state421
[DEBUG] Added transition from state420 to state421
[DEBUG] Processing segment: state422
[DEBUG] Added transition from state421 to state422
[DEBUG] Processing segment: state423
[DEBUG] Added transition from state422 to state423
[DEBUG] Processing segment: state424
[DEBUG] Added transition from state423 to state424
[DEBUG] Processing segment: state425
[DEBUG] Added transition from state424 to state425
[DEBUG] Processing segment: state426
[DEBUG] Added transition from state425 to state426
[DEBUG] Processing segment: state427
[DEBUG] Added transition from state426 to state427
[DEBUG] Processing segment: state428
[DEBUG] Added transition from state427 to state428
[DEBUG] Processing segment: state429
[DEBUG] Added transition from state428 to state429
[DEBUG] Processing segment: state430
[DEBUG] Added transition from state429 to state430
[DEBUG] Processing segment: state431
[DEBUG] Added transition from state430 to state431
[DEBUG] Processing segment: state432
[DEBUG] Added transition from state431 to state432
[DEBUG] Processing segment: state433
[DEBUG] Added transition from state432 to state433
[DEBUG] Processing segment: state434
[DEBUG] Added transition from state433 to state434
[DEBUG] Processing segment: state435
[DEBUG] Added transition from state434 to state435
[DEBUG] Processing segment: state436
[DEBUG] Added transition from state435 to state436
[DEBUG] Processing segment: state437
[DEBUG] Added transition from state436 to state437
[DEBUG] Processing segment: state438
[DEBUG] Added transition from state437 to state438
[DEBUG] Processing segment: state439
[DEBUG] Added transition from state438 to state439
[DEBUG] Processing segment: state440
[DEBUG] Added transition from state439 to state440
[DEBUG] Processing segment: state441
[DEBUG] Added transition from state440 to state441
[DEBUG] Processing segment: state442
[DEBUG] Added transition from state441 to state442
[DEBUG] Processing segment: state443
[DEBUG] Added transition from state442 to state443
[DEBUG] Processing segment: state444
[DEBUG] Added transition from state443 to state444
[DEBUG] Processing segment: state445
[DEBUG] Added transition from state444 to state445
[DEBUG] Processing segment: state446
[DEBUG] Added transition from state445 to state446
[DEBUG] Processing segment: state447
[DEBUG] Added transition from state446 to state447
[DEBUG] Processing segment: state448
[DEBUG] Added transition from state447 to state448
[DEBUG] Processing segment: state449
[DEBUG] Added transition from state448 to state449
[DEBUG] Processing segment: state450
[DEBUG] Added transition from state449 to state450
[DEBUG] Processing segment: state451
[DEBUG] Added transition from state450 to state451
[DEBUG] Processing segment: state452
[DEBUG] Added transition from state451 to state452
[DEBUG] Processing segment: state453
[DEBUG] Added transition from state452 to state453
[DEBUG] Processing segment: state454
[DEBUG] Added transition from state453 to state454
[DEBUG] Processing segment: state455
[DEBUG] Added transition from state454 to state455
[DEBUG] Processing segment: state456
[DEBUG] Added transition from state455 to state456
[DEBUG] Processing segment: state457
[DEBUG] Added transition from state456 to state457
[DEBUG] Processing segment: state458
[DEBUG] Added transition from state457 to state458
[DEBUG] Processing segment: state459
[DEBUG] Added transition from state458 to state459
[DEBUG] Processing segment: state460
[DEBUG] Added transition from state459 to state460
[DEBUG] Processing segment: state461
[DEBUG] Added transition from state460 to state461
[DEBUG] Processing segment: state462
[DEBUG] Added transition from state461 to state462
[DEBUG] Processing segment: state463
[DEBUG] Added transition from state462 to state463
[DEBUG] Processing segment: state464
[DEBUG] Added transition from state463 to state464
[DEBUG] Processing segment: state465
[DEBUG] Added transition from state464 to state465
[DEBUG] Processing segment: state466
[DEBUG] Added transition from state465 to state466
[DEBUG] Processing segment: state467
[DEBUG] Added transition from state466 to state467
[DEBUG] Processing segment: state468
[DEBUG] Added transition from state467 to state468
[DEBUG] Processing segment: state469
[DEBUG] Added transition from state468 to state469
[DEBUG] Processing segment: state470
[DEBUG] Added transition from state469 to state470
[DEBUG] Processing segment: state471
[DEBUG] Added transition from state470 to state471
[DEBUG] Processing segment: state472
[DEBUG] Added transition from state471 to state472
[DEBUG] Processing segment: state473
[DEBUG] Added transition from state472 to state473
[DEBUG] Processing segment: state474
[DEBUG] Added transition from state473 to state474
[DEBUG] Processing segment: state475
[DEBUG] Added transition from state474 to state475
[DEBUG] Processing segment: state476
[DEBUG] Added transition from state475 to state476
[DEBUG] Processing segment: state477
[DEBUG] Added transition from state476 to state477
[DEBUG] Processing segment: state478
[DEBUG] Added transition from state477 to state478
[DEBUG] Processing segment: state479
[DEBUG] Added transition from state478 to state479
[DEBUG] Processing segment: state480
[DEBUG] Added transition from state479 to state480
[DEBUG] Processing segment: state481
[DEBUG] Added transition from state480 to state481
[DEBUG] Processing segment: state482
[DEBUG] Added transition from state481 to state482
[DEBUG] Processing segment: state483
[DEBUG] Added transition from state482 to state483
[DEBUG] Processing segment: state484
[DEBUG] Added transition from state483 to state484
[DEBUG] Processing segment: state485
[DEBUG] Added transition from state484 to state485
[DEBUG] Processing segment: state486
[DEBUG] Added transition from state485 to state486
[DEBUG] Processing segment: state487
[DEBUG] Added transition from state486 to state487
[DEBUG] Processing segment: state488
[DEBUG] Added transition from state487 to state488
[DEBUG] Processing segment: state489
[DEBUG] Added transition from state488 to state489
[DEBUG] Processing segment: state490
[DEBUG] Added transition from state489 to state490
[DEBUG] Processing segment: state491
[DEBUG] Added transition from state490 to state491
[DEBUG] Processing segment: state492
[DEBUG] Added transition from state491 to state492
[DEBUG] Processing segment: state493
[DEBUG] Added transition from state492 to state493
[DEBUG] Processing segment: state494
[DEBUG] Added transition from state493 to state494
[DEBUG] Processing segment: state495
[DEBUG] Added transition from state494 to state495
[DEBUG] Processing segment: state496
[DEBUG] Added transition from state495 to state496
[DEBUG] Processing segment: state497
[DEBUG] Added transition from state496 to state497
[DEBUG] Processing segment: state498
[DEBUG] Added transition from state497 to state498
[DEBUG] Processing segment: state499
[DEBUG] Added transition from state498 to state499
[DEBUG] Processing segment: state500
[DEBUG] Added transition from state499 to state500
[DEBUG] Processing segment: state501
[DEBUG] Added transition from state500 to state501
[DEBUG] Processing segment: state502
[DEBUG] Added transition from state501 to state502
[DEBUG] Processing segment: state503
[DEBUG] Added transition from state502 to state503
[DEBUG] Processing segment: state504
[DEBUG] Added transition from state503 to state504
[DEBUG] Processing segment: state505
[DEBUG] Added transition from state504 to state505
[DEBUG] Processing segment: state506
[DEBUG] Added transition from state505 to state506
[DEBUG] Processing segment: state507
[DEBUG] Added transition from state506 to state507
[DEBUG] Processing segment: state508
[DEBUG] Added transition from state507 to state508
[DEBUG] Processing segment: state509
[DEBUG] Added transition from state508 to state509
[DEBUG] Processing segment: state510
[DEBUG] Added transition from state509 to state510
[DEBUG] Processing segment: state511
[DEBUG] Added transition from state510 to state511
[DEBUG] Processing segment: state512
[DEBUG] Added transition from state511 to state512
[DEBUG] Processing segment: state513
[DEBUG] Added transition from state512 to state513
[DEBUG] Processing segment: state514
[DEBUG] Added transition from state513 to state514
[DEBUG] Processing segment: state515
[DEBUG] Added transition from state514 to state515
[DEBUG] Processing segment: state516
[DEBUG] Added transition from state515 to state516
[DEBUG] Processing segment: state517
[DEBUG] Added transition from state516 to state517
[DEBUG] Processing segment: state518
[DEBUG] Added transition from state517 to state518
[DEBUG] Processing segment: state519
[DEBUG] Added transition from state518 to state519
[DEBUG] Processing segment: state520
[DEBUG] Added transition from state519 to state520
[DEBUG] Processing segment: state521
[DEBUG] Added transition from state520 to state521
[DEBUG] Processing segment: state522
[DEBUG] Added transition from state521 to state522
[DEBUG] Processing segment: state523
[DEBUG] Added transition from state522 to state523
[DEBUG] Processing segment: state524
[DEBUG] Added transition from state523 to state524
[DEBUG] Processing segment: state525
[DEBUG] Added transition from state524 to state525
[DEBUG] Processing segment: state526
[DEBUG] Added transition from state525 to state526
[DEBUG] Processing segment: state527
[DEBUG] Added transition from state526 to state527
[DEBUG] Processing segment: state528
[DEBUG] Added transition from state527 to state528
[DEBUG] Processing segment: state529
[DEBUG] Added transition from state528 to state529
[DEBUG] Processing segment: state530
[DEBUG] Added transition from state529 to state530
[DEBUG] Processing segment: state531
[DEBUG] Added transition from state530 to state531
[DEBUG] Processing segment: state532
[DEBUG] Added transition from state531 to state532
[DEBUG] Processing segment: state533
[DEBUG] Added transition from state532 to state533
[DEBUG] Processing segment: state534
[DEBUG] Added transition from state533 to state534
[DEBUG] Processing segment: state535
[DEBUG] Added transition from state534 to state535
[DEBUG] Processing segment: state536
[DEBUG] Added transition from state535 to state536
[DEBUG] Processing segment: state537
[DEBUG] Added transition from state536 to state537
[DEBUG] Processing segment: state538
[DEBUG] Added transition from state537 to state538
[DEBUG] Processing segment: state539
[DEBUG] Added transition from state538 to state539
[DEBUG] Processing segment: state540
[DEBUG] Added transition from state539 to state540
[DEBUG] Processing segment: state541
[DEBUG] Added transition from state540 to state541
[DEBUG] Processing segment: state542
[DEBUG] Added transition from state541 to state542
[DEBUG] Processing segment: state543
[DEBUG] Added transition from state542 to state543
[DEBUG] Processing segment: state544
[DEBUG] Added transition from state543 to state544
[DEBUG] Processing segment: state545
[DEBUG] Added transition from state544 to state545
[DEBUG] Processing segment: state546
[DEBUG] Added transition from state545 to state546
[DEBUG] Processing segment: state547
[DEBUG] Added transition from state546 to state547
[DEBUG] Processing segment: state548
[DEBUG] Added transition from state547 to state548
[DEBUG] Processing segment: state549
[DEBUG] Added transition from state548 to state549
[DEBUG] Processing segment: state550
[DEBUG] Added transition from state549 to state550
[DEBUG] Processing segment: state551
[DEBUG] Added transition from state550 to state551
[DEBUG] Processing segment: state552
[DEBUG] Added transition from state551 to state552
[DEBUG] Processing segment: state553
[DEBUG] Added transition from state552 to state553
[DEBUG] Processing segment: state554
[DEBUG] Added transition from state553 to state554
[DEBUG] Processing segment: state555
[DEBUG] Added transition from state554 to state555
[DEBUG] Processing segment: state556
[DEBUG] Added transition from state555 to state556
[DEBUG] Processing segment: state557
[DEBUG] Added transition from state556 to state557
[DEBUG] Processing segment: state558
[DEBUG] Added transition from state557 to state558
[DEBUG] Processing segment: state559
[DEBUG] Added transition from state558 to state559
[DEBUG] Processing segment: state560
[DEBUG] Added transition from state559 to state560
[DEBUG] Processing segment: state561
[DEBUG] Added transition from state560 to state561
[DEBUG] Processing segment: state562
[DEBUG] Added transition from state561 to state562
[DEBUG] Processing segment: state563
[DEBUG] Added transition from state562 to state563
[DEBUG] Processing segment: state564
[DEBUG] Added transition from state563 to state564
[DEBUG] Processing segment: state565
[DEBUG] Added transition from state564 to state565
[DEBUG] Processing segment: state566
[DEBUG] Added transition from state565 to state566
[DEBUG] Processing segment: state567
[DEBUG] Added transition from state566 to state567
[DEBUG] Processing segment: state568
[DEBUG] Added transition from state567 to state568
[DEBUG] Processing segment: state569
[DEBUG] Added transition from state568 to state569
[DEBUG] Processing segment: state570
[DEBUG] Added transition from state569 to state570
[DEBUG] Processing segment: state571
[DEBUG] Added transition from state570 to state571
[DEBUG] Processing segment: state572
[DEBUG] Added transition from state571 to state572
[DEBUG] Processing segment: state573
[DEBUG] Added transition from state572 to state573
[DEBUG] Processing segment: state574
[DEBUG] Added transition from state573 to state574
[DEBUG] Processing segment: state575
[DEBUG] Added transition from state574 to state575
[DEBUG] Processing segment: state576
[DEBUG] Added transition from state575 to state576
[DEBUG] Processing segment: state577
[DEBUG] Added transition from state576 to state577
[DEBUG] Processing segment: state578
[DEBUG] Added transition from state577 to state578
[DEBUG] Processing segment: state579
[DEBUG] Added transition from state578 to state579
[DEBUG] Processing segment: state580
[DEBUG] Added transition from state579 to state580
[DEBUG] Processing segment: state581
[DEBUG] Added transition from state580 to state581
[DEBUG] Processing segment: state582
[DEBUG] Added transition from state581 to state582
[DEBUG] Processing segment: state583
[DEBUG] Added transition from state582 to state583
[DEBUG] Processing segment: state584
[DEBUG] Added transition from state583 to state584
[DEBUG] Processing segment: state585
[DEBUG] Added transition from state584 to state585
[DEBUG] Processing segment: state586
[DEBUG] Added transition from state585 to state586
[DEBUG] Processing segment: state587
[DEBUG] Added transition from state586 to state587
[DEBUG] Processing segment: state588
[DEBUG] Added transition from state587 to state588
[DEBUG] Processing segment: state589
[DEBUG] Added transition from state588 to state589
[DEBUG] Processing segment: state590
[DEBUG] Added transition from state589 to state590
[DEBUG] Processing segment: state591
[DEBUG] Added transition from state590 to state591
[DEBUG] Processing segment: state592
[DEBUG] Added transition from state591 to state592
[DEBUG] Processing segment: state593
[DEBUG] Added transition from state592 to state593
[DEBUG] Processing segment: state594
[DEBUG] Added transition from state593 to state594
[DEBUG] Processing segment: state595
[DEBUG] Added transition from state594 to state595
[DEBUG] Processing segment: state596
[DEBUG] Added transition from state595 to state596
[DEBUG] Processing segment: state597
[DEBUG] Added transition from state596 to state597
[DEBUG] Processing segment: state598
[DEBUG] Added transition from state597 to state598
[DEBUG] Processing segment: state599
[DEBUG] Added transition from state598 to state599
[DEBUG] Processing segment: state600
[DEBUG] Added transition from state599 to state600
[DEBUG] Processing segment: state601
[DEBUG] Added transition from state600 to state601
[DEBUG] Processing segment: state602
[DEBUG] Added transition from state601 to state602
[DEBUG] Processing segment: state603
[DEBUG] Added transition from state602 to state603
[DEBUG] Processing segment: state604
[DEBUG] Added transition from state603 to state604
[DEBUG] Processing segment: state605
[DEBUG] Added transition from state604 to state605
[DEBUG] Processing segment: state606
[DEBUG] Added transition from state605 to state606
[DEBUG] Processing segment: state607
[DEBUG] Added transition from state606 to state607
[DEBUG] Processing segment: state608
[DEBUG] Added transition from state607 to state608
[DEBUG] Processing segment: state609
[DEBUG] Added transition from state608 to state609
[DEBUG] Processing segment: state610
[DEBUG] Added transition from state609 to state610
[DEBUG] Processing segment: state611
[DEBUG] Added transition from state610 to state611
[DEBUG] Processing segment: state612
[DEBUG] Added transition from state611 to state612
[DEBUG] Processing segment: state613
[DEBUG] Added transition from state612 to state613
[DEBUG] Processing segment: state614
[DEBUG] Added transition from state613 to state614
[DEBUG] Processing segment: state615
[DEBUG] Added transition from state614 to state615
[DEBUG] Processing segment: state616
[DEBUG] Added transition from state615 to state616
[DEBUG] Processing segment: state617
[DEBUG] Added transition from state616 to state617
[DEBUG] Processing segment: state618
[DEBUG] Added transition from state617 to state618
[DEBUG] Processing segment: state619
[DEBUG] Added transition from state618 to state619
[DEBUG] Processing segment: state620
[DEBUG] Added transition from state619 to state620
[DEBUG] Processing segment: state621
[DEBUG] Added transition from state620 to state621
[DEBUG] Processing segment: state622
[DEBUG] Added transition from state621 to state622
[DEBUG] Processing segment: state623
[DEBUG] Added transition from state622 to state623
[DEBUG] Processing segment: state624
[DEBUG] Added transition from state623 to state624
[DEBUG] Processing segment: state625
[DEBUG] Added transition from state624 to state625
[DEBUG] Processing segment: state626
[DEBUG] Added transition from state625 to state626
[DEBUG] Processing segment: state627
[DEBUG] Added transition from state626 to state627
[DEBUG] Processing segment: state628
[DEBUG] Added transition from state627 to state628
[DEBUG] Processing segment: state629
[DEBUG] Added transition from state628 to state629
[DEBUG] Processing segment: state630
[DEBUG] Added transition from state629 to state630
[DEBUG] Processing segment: state631
[DEBUG] Added transition from state630 to state631
[DEBUG] Processing segment: state632
[DEBUG] Added transition from state631 to state632
[DEBUG] Processing segment: state633
[DEBUG] Added transition from state632 to state633
[DEBUG] Processing segment: state634
[DEBUG] Added transition from state633 to state634
[DEBUG] Processing segment: state635
[DEBUG] Added transition from state634 to state635
[DEBUG] Processing segment: state636
[DEBUG] Added transition from state635 to state636
[DEBUG] Processing segment: state637
[DEBUG] Added transition from state636 to state637
[DEBUG] Processing segment: state638
[DEBUG] Added transition from state637 to state638
[DEBUG] Processing segment: state639
[DEBUG] Added transition from state638 to state639
[DEBUG] Processing segment: state640
[DEBUG] Added transition from state639 to state640
[DEBUG] Processing segment: state641
[DEBUG] Added transition from state640 to state641
[DEBUG] Processing segment: state642
[DEBUG] Added transition from state641 to state642
[DEBUG] Processing segment: state643
[DEBUG] Added transition from state642 to state643
[DEBUG] Processing segment: state644
[DEBUG] Added transition from state643 to state644
[DEBUG] Processing segment: state645
[DEBUG] Added transition from state644 to state645
[DEBUG] Processing segment: state646
[DEBUG] Added transition from state645 to state646
[DEBUG] Processing segment: state647
[DEBUG] Added transition from state646 to state647
[DEBUG] Processing segment: state648
[DEBUG] Added transition from state647 to state648
[DEBUG] Processing segment: state649
[DEBUG] Added transition from state648 to state649
[DEBUG] Processing segment: state650
[DEBUG] Added transition from state649 to state650
[DEBUG] Processing segment: state651
[DEBUG] Added transition from state650 to state651
[DEBUG] Processing segment: state652
[DEBUG] Added transition from state651 to state652
[DEBUG] Processing segment: state653
[DEBUG] Added transition from state652 to state653
[DEBUG] Processing segment: state654
[DEBUG] Added transition from state653 to state654
[DEBUG] Processing segment: state655
[DEBUG] Added transition from state654 to state655
[DEBUG] Processing segment: state656
[DEBUG] Added transition from state655 to state656
[DEBUG] Processing segment: state657
[DEBUG] Added transition from state656 to state657
[DEBUG] Processing segment: state658
[DEBUG] Added transition from state657 to state658
[DEBUG] Processing segment: state659
[DEBUG] Added transition from state658 to state659
[DEBUG] Processing segment: state660
[DEBUG] Added transition from state659 to state660
[DEBUG] Processing segment: state661
[DEBUG] Added transition from state660 to state661
[DEBUG] Processing segment: state662
[DEBUG] Added transition from state661 to state662
[DEBUG] Processing segment: state663
[DEBUG] Added transition from state662 to state663
[DEBUG] Processing segment: state664
[DEBUG] Added transition from state663 to state664
[DEBUG] Processing segment: state665
[DEBUG] Added transition from state664 to state665
[DEBUG] Processing segment: state666
[DEBUG] Added transition from state665 to state666
[DEBUG] Processing segment: state667
[DEBUG] Added transition from state666 to state667
[DEBUG] Processing segment: state668
[DEBUG] Added transition from state667 to state668
[DEBUG] Processing segment: state669
[DEBUG] Added transition from state668 to state669
[DEBUG] Processing segment: state670
[DEBUG] Added transition from state669 to state670
[DEBUG] Processing segment: state671
[DEBUG] Added transition from state670 to state671
[DEBUG] Processing segment: state672
[DEBUG] Added transition from state671 to state672
[DEBUG] Processing segment: state673
[DEBUG] Added transition from state672 to state673
[DEBUG] Processing segment: state674
[DEBUG] Added transition from state673 to state674
[DEBUG] Processing segment: state675
[DEBUG] Added transition from state674 to state675
[DEBUG] Processing segment: state676
[DEBUG] Added transition from state675 to state676
[DEBUG] Processing segment: state677
[DEBUG] Added transition from state676 to state677
[DEBUG] Processing segment: state678
[DEBUG] Added transition from state677 to state678
[DEBUG] Processing segment: state679
[DEBUG] Added transition from state678 to state679
[DEBUG] Processing segment: state680
[DEBUG] Added transition from state679 to state680
[DEBUG] Processing segment: state681
[DEBUG] Added transition from state680 to state681
[DEBUG] Processing segment: state682
[DEBUG] Added transition from state681 to state682
[DEBUG] Processing segment: state683
[DEBUG] Added transition from state682 to state683
[DEBUG] Processing segment: state684
[DEBUG] Added transition from state683 to state684
[DEBUG] Processing segment: state685
[DEBUG] Added transition from state684 to state685
[DEBUG] Processing segment: state686
[DEBUG] Added transition from state685 to state686
[DEBUG] Processing segment: state687
[DEBUG] Added transition from state686 to state687
[DEBUG] Processing segment: state688
[DEBUG] Added transition from state687 to state688
[DEBUG] Processing segment: state689
[DEBUG] Added transition from state688 to state689
[DEBUG] Processing segment: state690
[DEBUG] Added transition from state689 to state690
[DEBUG] Processing segment: state691
[DEBUG] Added transition from state690 to state691
[DEBUG] Processing segment: state692
[DEBUG] Added transition from state691 to state692
[DEBUG] Processing segment: state693
[DEBUG] Added transition from state692 to state693
[DEBUG] Processing segment: state694
[DEBUG] Added transition from state693 to state694
[DEBUG] Processing segment: state695
[DEBUG] Added transition from state694 to state695
[DEBUG] Processing segment: state696
[DEBUG] Added transition from state695 to state696
[DEBUG] Processing segment: state697
[DEBUG] Added transition from state696 to state697
[DEBUG] Processing segment: state698
[DEBUG] Added transition from state697 to state698
[DEBUG] Processing segment: state699
[DEBUG] Added transition from state698 to state699
[DEBUG] Processing segment: state700
[DEBUG] Added transition from state699 to state700
[DEBUG] Processing segment: state701
[DEBUG] Added transition from state700 to state701
[DEBUG] Processing segment: state702
[DEBUG] Added transition from state701 to state702
[DEBUG] Processing segment: state703
[DEBUG] Added transition from state702 to state703
[DEBUG] Processing segment: state704
[DEBUG] Added transition from state703 to state704
[DEBUG] Processing segment: state705
[DEBUG] Added transition from state704 to state705
[DEBUG] Processing segment: state706
[DEBUG] Added transition from state705 to state706
[DEBUG] Processing segment: state707
[DEBUG] Added transition from state706 to state707
[DEBUG] Processing segment: state708
[DEBUG] Added transition from state707 to state708
[DEBUG] Processing segment: state709
[DEBUG] Added transition from state708 to state709
[DEBUG] Processing segment: state710
[DEBUG] Added transition from state709 to state710
[DEBUG] Processing segment: state711
[DEBUG] Added transition from state710 to state711
[DEBUG] Processing segment: state712
[DEBUG] Added transition from state711 to state712
[DEBUG] Processing segment: state713
[DEBUG] Added transition from state712 to state713
[DEBUG] Processing segment: state714
[DEBUG] Added transition from state713 to state714
[DEBUG] Processing segment: state715
[DEBUG] Added transition from state714 to state715
[DEBUG] Processing segment: state716
[DEBUG] Added transition from state715 to state716
[DEBUG] Processing segment: state717
[DEBUG] Added transition from state716 to state717
[DEBUG] Processing segment: state718
[DEBUG] Added transition from state717 to state718
[DEBUG] Processing segment: state719
[DEBUG] Added transition from state718 to state719
[DEBUG] Processing segment: state720
[DEBUG] Added transition from state719 to state720
[DEBUG] Processing segment: state721
[DEBUG] Added transition from state720 to state721
[DEBUG] Processing segment: state722
[DEBUG] Added transition from state721 to state722
[DEBUG] Processing segment: state723
[DEBUG] Added transition from state722 to state723
[DEBUG] Processing segment: state724
[DEBUG] Added transition from state723 to state724
[DEBUG] Processing segment: state725
[DEBUG] Added transition from state724 to state725
[DEBUG] Processing segment: state726
[DEBUG] Added transition from state725 to state726
[DEBUG] Processing segment: state727
[DEBUG] Added transition from state726 to state727
[DEBUG] Processing segment: state728
[DEBUG] Added transition from state727 to state728
[DEBUG] Processing segment: state729
[DEBUG] Added transition from state728 to state729
[DEBUG] Processing segment: state730
[DEBUG] Added transition from state729 to state730
[DEBUG] Processing segment: state731
[DEBUG] Added transition from state730 to state731
[DEBUG] Processing segment: state732
[DEBUG] Added transition from state731 to state732
[DEBUG] Processing segment: state733
[DEBUG] Added transition from state732 to state733
[DEBUG] Processing segment: state734
[DEBUG] Added transition from state733 to state734
[DEBUG] Processing segment: state735
[DEBUG] Added transition from state734 to state735
[DEBUG] Processing segment: state736
[DEBUG] Added transition from state735 to state736
[DEBUG] Processing segment: state737
[DEBUG] Added transition from state736 to state737
[DEBUG] Processing segment: state738
[DEBUG] Added transition from state737 to state738
[DEBUG] Processing segment: state739
[DEBUG] Added transition from state738 to state739
[DEBUG] Processing segment: state740
[DEBUG] Added transition from state739 to state740
[DEBUG] Processing segment: state741
[DEBUG] Added transition from state740 to state741
[DEBUG] Processing segment: state742
[DEBUG] Added transition from state741 to state742
[DEBUG] Processing segment: state743
[DEBUG] Added transition from state742 to state743
[DEBUG] Processing segment: state744
[DEBUG] Added transition from state743 to state744
[DEBUG] Processing segment: state745
[DEBUG] Added transition from state744 to state745
[DEBUG] Processing segment: state746
[DEBUG] Added transition from state745 to state746
[DEBUG] Processing segment: state747
[DEBUG] Added transition from state746 to state747
[DEBUG] Processing segment: state748
[DEBUG] Added transition from state747 to state748
[DEBUG] Processing segment: state749
[DEBUG] Added transition from state748 to state749
[DEBUG] Processing segment: state750
[DEBUG] Added transition from state749 to state750
[DEBUG] Processing segment: state751
[DEBUG] Added transition from state750 to state751
[DEBUG] Processing segment: state752
[DEBUG] Added transition from state751 to state752
[DEBUG] Processing segment: state753
[DEBUG] Added transition from state752 to state753
[DEBUG] Processing segment: state754
[DEBUG] Added transition from state753 to state754
[DEBUG] Processing segment: state755
[DEBUG] Added transition from state754 to state755
[DEBUG] Processing segment: state756
[DEBUG] Added transition from state755 to state756
[DEBUG] Processing segment: state757
[DEBUG] Added transition from state756 to state757
[DEBUG] Processing segment: state758
[DEBUG] Added transition from state757 to state758
[DEBUG] Processing segment: state759
[DEBUG] Added transition from state758 to state759
[DEBUG] Processing segment: state760
[DEBUG] Added transition from state759 to state760
[DEBUG] Processing segment: state761
[DEBUG] Added transition from state760 to state761
[DEBUG] Processing segment: state762
[DEBUG] Added transition from state761 to state762
[DEBUG] Processing segment: state763
[DEBUG] Added transition from state762 to state763
[DEBUG] Processing segment: state764
[DEBUG] Added transition from state763 to state764
[DEBUG] Processing segment: state765
[DEBUG] Added transition from state764 to state765
[DEBUG] Processing segment: state766
[DEBUG] Added transition from state765 to state766
[DEBUG] Processing segment: state767
[DEBUG] Added transition from state766 to state767
[DEBUG] Processing segment: state768
[DEBUG] Added transition from state767 to state768
[DEBUG] Processing segment: state769
[DEBUG] Added transition from state768 to state769
[DEBUG] Processing segment: state770
[DEBUG] Added transition from state769 to state770
[DEBUG] Processing segment: state771
[DEBUG] Added transition from state770 to state771
[DEBUG] Processing segment: state772
[DEBUG] Added transition from state771 to state772
[DEBUG] Processing segment: state773
[DEBUG] Added transition from state772 to state773
[DEBUG] Processing segment: state774
[DEBUG] Added transition from state773 to state774
[DEBUG] Processing segment: state775
[DEBUG] Added transition from state774 to state775
[DEBUG] Processing segment: state776
[DEBUG] Added transition from state775 to state776
[DEBUG] Processing segment: state777
[DEBUG] Added transition from state776 to state777
[DEBUG] Processing segment: state778
[DEBUG] Added transition from state777 to state778
[DEBUG] Processing segment: state779
[DEBUG] Added transition from state778 to state779
[DEBUG] Processing segment: state780
[DEBUG] Added transition from state779 to state780
[DEBUG] Processing segment: state781
[DEBUG] Added transition from state780 to state781
[DEBUG] Processing segment: state782
[DEBUG] Added transition from state781 to state782
[DEBUG] Processing segment: state783
[DEBUG] Added transition from state782 to state783
[DEBUG] Processing segment: state784
[DEBUG] Added transition from state783 to state784
[DEBUG] Processing segment: state785
[DEBUG] Added transition from state784 to state785
[DEBUG] Processing segment: state786
[DEBUG] Added transition from state785 to state786
[DEBUG] Processing segment: state787
[DEBUG] Added transition from state786 to state787
[DEBUG] Processing segment: state788
[DEBUG] Added transition from state787 to state788
[DEBUG] Processing segment: state789
[DEBUG] Added transition from state788 to state789
[DEBUG] Processing segment: state790
[DEBUG] Added transition from state789 to state790
[DEBUG] Processing segment: state791
[DEBUG] Added transition from state790 to state791
[DEBUG] Processing segment: state792
[DEBUG] Added transition from state791 to state792
[DEBUG] Processing segment: state793
[DEBUG] Added transition from state792 to state793
[DEBUG] Processing segment: state794
[DEBUG] Added transition from state793 to state794
[DEBUG] Processing segment: state795
[DEBUG] Added transition from state794 to state795
[DEBUG] Processing segment: state796
[DEBUG] Added transition from state795 to state796
[DEBUG] Processing segment: state797
[DEBUG] Added transition from state796 to state797
[DEBUG] Processing segment: state798
[DEBUG] Added transition from state797 to state798
[DEBUG] Processing segment: state799
[DEBUG] Added transition from state798 to state799
[DEBUG] Processing segment: state800
[DEBUG] Added transition from state799 to state800
[DEBUG] Processing segment: state801
[DEBUG] Added transition from state800 to state801
[DEBUG] Processing segment: state802
[DEBUG] Added transition from state801 to state802
[DEBUG] Processing segment: state803
[DEBUG] Added transition from state802 to state803
[DEBUG] Processing segment: state804
[DEBUG] Added transition from state803 to state804
[DEBUG] Processing segment: state805
[DEBUG] Added transition from state804 to state805
[DEBUG] Processing segment: state806
[DEBUG] Added transition from state805 to state806
[DEBUG] Processing segment: state807
[DEBUG] Added transition from state806 to state807
[DEBUG] Processing segment: state808
[DEBUG] Added transition from state807 to state808
[DEBUG] Processing segment: state809
[DEBUG] Added transition from state808 to state809
[DEBUG] Processing segment: state810
[DEBUG] Added transition from state809 to state810
[DEBUG] Processing segment: state811
[DEBUG] Added transition from state810 to state811
[DEBUG] Processing segment: state812
[DEBUG] Added transition from state811 to state812
[DEBUG] Processing segment: state813
[DEBUG] Added transition from state812 to state813
[DEBUG] Processing segment: state814
[DEBUG] Added transition from state813 to state814
[DEBUG] Processing segment: state815
[DEBUG] Added transition from state814 to state815
[DEBUG] Processing segment: state816
[DEBUG] Added transition from state815 to state816
[DEBUG] Processing segment: state817
[DEBUG] Added transition from state816 to state817
[DEBUG] Processing segment: state818
[DEBUG] Added transition from state817 to state818
[DEBUG] Processing segment: state819
[DEBUG] Added transition from state818 to state819
[DEBUG] Processing segment: state820
[DEBUG] Added transition from state819 to state820
[DEBUG] Processing segment: state821
[DEBUG] Added transition from state820 to state821
[DEBUG] Processing segment: state822
[DEBUG] Added transition from state821 to state822
[DEBUG] Processing segment: state823
[DEBUG] Added transition from state822 to state823
[DEBUG] Processing segment: state824
[DEBUG] Added transition from state823 to state824
[DEBUG] Processing segment: state825
[DEBUG] Added transition from state824 to state825
[DEBUG] Processing segment: state826
[DEBUG] Added transition from state825 to state826
[DEBUG] Processing segment: state827
[DEBUG] Added transition from state826 to state827
[DEBUG] Processing segment: state828
[DEBUG] Added transition from state827 to state828
[DEBUG] Processing segment: state829
[DEBUG] Added transition from state828 to state829
[DEBUG] Processing segment: state830
[DEBUG] Added transition from state829 to state830
[DEBUG] Processing segment: state831
[DEBUG] Added transition from state830 to state831
[DEBUG] Processing segment: state832
[DEBUG] Added transition from state831 to state832
[DEBUG] Processing segment: state833
[DEBUG] Added transition from state832 to state833
[DEBUG] Processing segment: state834
[DEBUG] Added transition from state833 to state834
[DEBUG] Processing segment: state835
[DEBUG] Added transition from state834 to state835
[DEBUG] Processing segment: state836
[DEBUG] Added transition from state835 to state836
[DEBUG] Processing segment: state837
[DEBUG] Added transition from state836 to state837
[DEBUG] Processing segment: state838
[DEBUG] Added transition from state837 to state838
[DEBUG] Processing segment: state839
[DEBUG] Added transition from state838 to state839
[DEBUG] Processing segment: state840
[DEBUG] Added transition from state839 to state840
[DEBUG] Processing segment: state841
[DEBUG] Added transition from state840 to state841
[DEBUG] Processing segment: state842
[DEBUG] Added transition from state841 to state842
[DEBUG] Processing segment: state843
[DEBUG] Added transition from state842 to state843
[DEBUG] Processing segment: state844
[DEBUG] Added transition from state843 to state844
[DEBUG] Processing segment: state845
[DEBUG] Added transition from state844 to state845
[DEBUG] Processing segment: state846
[DEBUG] Added transition from state845 to state846
[DEBUG] Processing segment: state847
[DEBUG] Added transition from state846 to state847
[DEBUG] Processing segment: state848
[DEBUG] Added transition from state847 to state848
[DEBUG] Processing segment: state849
[DEBUG] Added transition from state848 to state849
[DEBUG] Processing segment: state850
[DEBUG] Added transition from state849 to state850
[DEBUG] Processing segment: state851
[DEBUG] Added transition from state850 to state851
[DEBUG] Processing segment: state852
[DEBUG] Added transition from state851 to state852
[DEBUG] Processing segment: state853
[DEBUG] Added transition from state852 to state853
[DEBUG] Processing segment: state854
[DEBUG] Added transition from state853 to state854
[DEBUG] Processing segment: state855
[DEBUG] Added transition from state854 to state855
[DEBUG] Processing segment: state856
[DEBUG] Added transition from state855 to state856
[DEBUG] Processing segment: state857
[DEBUG] Added transition from state856 to state857
[DEBUG] Processing segment: state858
[DEBUG] Added transition from state857 to state858
[DEBUG] Processing segment: state859
[DEBUG] Added transition from state858 to state859
[DEBUG] Processing segment: state860
[DEBUG] Added transition from state859 to state860
[DEBUG] Processing segment: state861
[DEBUG] Added transition from state860 to state861
[DEBUG] Processing segment: state862
[DEBUG] Added transition from state861 to state862
[DEBUG] Processing segment: state863
[DEBUG] Added transition from state862 to state863
[DEBUG] Processing segment: state864
[DEBUG] Added transition from state863 to state864
[DEBUG] Processing segment: state865
[DEBUG] Added transition from state864 to state865
[DEBUG] Processing segment: state866
[DEBUG] Added transition from state865 to state866
[DEBUG] Processing segment: state867
[DEBUG] Added transition from state866 to state867
[DEBUG] Processing segment: state868
[DEBUG] Added transition from state867 to state868
[DEBUG] Processing segment: state869
[DEBUG] Added transition from state868 to state869
[DEBUG] Processing segment: state870
[DEBUG] Added transition from state869 to state870
[DEBUG] Processing segment: state871
[DEBUG] Added transition from state870 to state871
[DEBUG] Processing segment: state872
[DEBUG] Added transition from state871 to state872
[DEBUG] Processing segment: state873
[DEBUG] Added transition from state872 to state873
[DEBUG] Processing segment: state874
[DEBUG] Added transition from state873 to state874
[DEBUG] Processing segment: state875
[DEBUG] Added transition from state874 to state875
[DEBUG] Processing segment: state876
[DEBUG] Added transition from state875 to state876
[DEBUG] Processing segment: state877
[DEBUG] Added transition from state876 to state877
[DEBUG] Processing segment: state878
[DEBUG] Added transition from state877 to state878
[DEBUG] Processing segment: state879
[DEBUG] Added transition from state878 to state879
[DEBUG] Processing segment: state880
[DEBUG] Added transition from state879 to state880
[DEBUG] Processing segment: state881
[DEBUG] Added transition from state880 to state881
[DEBUG] Processing segment: state882
[DEBUG] Added transition from state881 to state882
[DEBUG] Processing segment: state883
[DEBUG] Added transition from state882 to state883
[DEBUG] Processing segment: state884
[DEBUG] Added transition from state883 to state884
[DEBUG] Processing segment: state885
[DEBUG] Added transition from state884 to state885
[DEBUG] Processing segment: state886
[DEBUG] Added transition from state885 to state886
[DEBUG] Processing segment: state887
[DEBUG] Added transition from state886 to state887
[DEBUG] Processing segment: state888
[DEBUG] Added transition from state887 to state888
[DEBUG] Processing segment: state889
[DEBUG] Added transition from state888 to state889
[DEBUG] Processing segment: state890
[DEBUG] Added transition from state889 to state890
[DEBUG] Processing segment: state891
[DEBUG] Added transition from state890 to state891
[DEBUG] Processing segment: state892
[DEBUG] Added transition from state891 to state892
[DEBUG] Processing segment: state893
[DEBUG] Added transition from state892 to state893
[DEBUG] Processing segment: state894
[DEBUG] Added transition from state893 to state894
[DEBUG] Processing segment: state895
[DEBUG] Added transition from state894 to state895
[DEBUG] Processing segment: state896
[DEBUG] Added transition from state895 to state896
[DEBUG] Processing segment: state897
[DEBUG] Added transition from state896 to state897
[DEBUG] Processing segment: state898
[DEBUG] Added transition from state897 to state898
[DEBUG] Processing segment: state899
[DEBUG] Added transition from state898 to state899
[DEBUG] Processing segment: state900
[DEBUG] Added transition from state899 to state900
[DEBUG] Processing segment: state901
[DEBUG] Added transition from state900 to state901
[DEBUG] Processing segment: state902
[DEBUG] Added transition from state901 to state902
[DEBUG] Processing segment: state903
[DEBUG] Added transition from state902 to state903
[DEBUG] Processing segment: state904
[DEBUG] Added transition from state903 to state904
[DEBUG] Processing segment: state905
[DEBUG] Added transition from state904 to state905
[DEBUG] Processing segment: state906
[DEBUG] Added transition from state905 to state906
[DEBUG] Processing segment: state907
[DEBUG] Added transition from state906 to state907
[DEBUG] Processing segment: state908
[DEBUG] Added transition from state907 to state908
[DEBUG] Processing segment: state909
[DEBUG] Added transition from state908 to state909
[DEBUG] Processing segment: state910
[DEBUG] Added transition from state909 to state910
[DEBUG] Processing segment: state911
[DEBUG] Added transition from state910 to state911
[DEBUG] Processing segment: state912
[DEBUG] Added transition from state911 to state912
[DEBUG] Processing segment: state913
[DEBUG] Added transition from state912 to state913
[DEBUG] Processing segment: state914
[DEBUG] Added transition from state913 to state914
[DEBUG] Processing segment: state915
[DEBUG] Added transition from state914 to state915
[DEBUG] Processing segment: state916
[DEBUG] Added transition from state915 to state916
[DEBUG] Processing segment: state917
[DEBUG] Added transition from state916 to state917
[DEBUG] Processing segment: state918
[DEBUG] Added transition from state917 to state918
[DEBUG] Processing segment: state919
[DEBUG] Added transition from state918 to state919
[DEBUG] Processing segment: state920
[DEBUG] Added transition from state919 to state920
[DEBUG] Processing segment: state921
[DEBUG] Added transition from state920 to state921
[DEBUG] Processing segment: state922
[DEBUG] Added transition from state921 to state922
[DEBUG] Processing segment: state923
[DEBUG] Added transition from state922 to state923
[DEBUG] Processing segment: state924
[DEBUG] Added transition from state923 to state924
[DEBUG] Processing segment: state925
[DEBUG] Added transition from state924 to state925
[DEBUG] Processing segment: state926
[DEBUG] Added transition from state925 to state926
[DEBUG] Processing segment: state927
[DEBUG] Added transition from state926 to state927
[DEBUG] Processing segment: state928
[DEBUG] Added transition from state927 to state928
[DEBUG] Processing segment: state929
[DEBUG] Added transition from state928 to state929
[DEBUG] Processing segment: state930
[DEBUG] Added transition from state929 to state930
[DEBUG] Processing segment: state931
[DEBUG] Added transition from state930 to state931
[DEBUG] Processing segment: state932
[DEBUG] Added transition from state931 to state932
[DEBUG] Processing segment: state933
[DEBUG] Added transition from state932 to state933
[DEBUG] Processing segment: state934
[DEBUG] Added transition from state933 to state934
[DEBUG] Processing segment: state935
[DEBUG] Added transition from state934 to state935
[DEBUG] Processing segment: state936
[DEBUG] Added transition from state935 to state936
[DEBUG] Processing segment: state937
[DEBUG] Added transition from state936 to state937
[DEBUG] Processing segment: state938
[DEBUG] Added transition from state937 to state938
[DEBUG] Processing segment: state939
[DEBUG] Added transition from state938 to state939
[DEBUG] Processing segment: state940
[DEBUG] Added transition from state939 to state940
[DEBUG] Processing segment: state941
[DEBUG] Added transition from state940 to state941
[DEBUG] Processing segment: state942
[DEBUG] Added transition from state941 to state942
[DEBUG] Processing segment: state943
[DEBUG] Added transition from state942 to state943
[DEBUG] Processing segment: state944
[DEBUG] Added transition from state943 to state944
[DEBUG] Processing segment: state945
[DEBUG] Added transition from state944 to state945
[DEBUG] Processing segment: state946
[DEBUG] Added transition from state945 to state946
[DEBUG] Processing segment: state947
[DEBUG] Added transition from state946 to state947
[DEBUG] Processing segment: state948
[DEBUG] Added transition from state947 to state948
[DEBUG] Processing segment: state949
[DEBUG] Added transition from state948 to state949
[DEBUG] Processing segment: state950
[DEBUG] Added transition from state949 to state950
[DEBUG] Processing segment: state951
[DEBUG] Added transition from state950 to state951
[DEBUG] Processing segment: state952
[DEBUG] Added transition from state951 to state952
[DEBUG] Processing segment: state953
[DEBUG] Added transition from state952 to state953
[DEBUG] Processing segment: state954
[DEBUG] Added transition from state953 to state954
[DEBUG] Processing segment: state955
[DEBUG] Added transition from state954 to state955
[DEBUG] Processing segment: state956
[DEBUG] Added transition from state955 to state956
[DEBUG] Processing segment: state957
[DEBUG] Added transition from state956 to state957
[DEBUG] Processing segment: state958
[DEBUG] Added transition from state957 to state958
[DEBUG] Processing segment: state959
[DEBUG] Added transition from state958 to state959
[DEBUG] Processing segment: state960
[DEBUG] Added transition from state959 to state960
[DEBUG] Processing segment: state961
[DEBUG] Added transition from state960 to state961
[DEBUG] Processing segment: state962
[DEBUG] Added transition from state961 to state962
[DEBUG] Processing segment: state963
[DEBUG] Added transition from state962 to state963
[DEBUG] Processing segment: state964
[DEBUG] Added transition from state963 to state964
[DEBUG] Processing segment: state965
[DEBUG] Added transition from state964 to state965
[DEBUG] Processing segment: state966
[DEBUG] Added transition from state965 to state966
[DEBUG] Processing segment: state967
[DEBUG] Added transition from state966 to state967
[DEBUG] Processing segment: state968
[DEBUG] Added transition from state967 to state968
[DEBUG] Processing segment: state969
[DEBUG] Added transition from state968 to state969
[DEBUG] Processing segment: state970
[DEBUG] Added transition from state969 to state970
[DEBUG] Processing segment: state971
[DEBUG] Added transition from state970 to state971
[DEBUG] Processing segment: state972
[DEBUG] Added transition from state971 to state972
[DEBUG] Processing segment: state973
[DEBUG] Added transition from state972 to state973
[DEBUG] Processing segment: state974
[DEBUG] Added transition from state973 to state974
[DEBUG] Processing segment: state975
[DEBUG] Added transition from state974 to state975
[DEBUG] Processing segment: state976
[DEBUG] Added transition from state975 to state976
[DEBUG] Processing segment: state977
[DEBUG] Added transition from state976 to state977
[DEBUG] Processing segment: state978
[DEBUG] Added transition from state977 to state978
[DEBUG] Processing segment: state979
[DEBUG] Added transition from state978 to state979
[DEBUG] Processing segment: state980
[DEBUG] Added transition from state979 to state980
[DEBUG] Processing segment: state981
[DEBUG] Added transition from state980 to state981
[DEBUG] Processing segment: state982
[DEBUG] Added transition from state981 to state982
[DEBUG] Processing segment: state983
[DEBUG] Added transition from state982 to state983
[DEBUG] Processing segment: state984
[DEBUG] Added transition from state983 to state984
[DEBUG] Processing segment: state985
[DEBUG] Added transition from state984 to state985
[DEBUG] Processing segment: state986
[DEBUG] Added transition from state985 to state986
[DEBUG] Processing segment: state987
[DEBUG] Added transition from state986 to state987
[DEBUG] Processing segment: state988
[DEBUG] Added transition from state987 to state988
[DEBUG] Processing segment: state989
[DEBUG] Added transition from state988 to state989
[DEBUG] Processing segment: state990
[DEBUG] Added transition from state989 to state990
[DEBUG] Processing segment: state991
[DEBUG] Added transition from state990 to state991
[DEBUG] Processing segment: state992
[DEBUG] Added transition from state991 to state992
[DEBUG] Processing segment: state993
[DEBUG] Added transition from state992 to state993
[DEBUG] Processing segment: state994
[DEBUG] Added transition from state993 to state994
[DEBUG] Processing segment: state995
[DEBUG] Added transition from state994 to state995
[DEBUG] Processing segment: state996
[DEBUG] Added transition from state995 to state996
[DEBUG] Processing segment: state997
[DEBUG] Added transition from state996 to state997
[DEBUG] Processing segment: state998
[DEBUG] Added transition from state997 to state998
[DEBUG] Processing segment: state999
[DEBUG] Added transition from state998 to state999
[DEBUG] Processing segment: FINAL
[DEBUG] Added transition from state999 to FINAL
[DEBUG] Complete StateMachine transitions:
State state840 transitions to: [com.luis.tfg.ExecutionOrder.State@662d3e85]
State state842 transitions to: [com.luis.tfg.ExecutionOrder.State@5598dff2]
State state600 transitions to: [com.luis.tfg.ExecutionOrder.State@92b1bda]
State state841 transitions to: [com.luis.tfg.ExecutionOrder.State@57bfca3a]
State state844 transitions to: [com.luis.tfg.ExecutionOrder.State@58690f5e]
State state602 transitions to: [com.luis.tfg.ExecutionOrder.State@4b9d2cee]
State state843 transitions to: [com.luis.tfg.ExecutionOrder.State@1a390b8c]
State state601 transitions to: [com.luis.tfg.ExecutionOrder.State@337eeceb]
State state846 transitions to: [com.luis.tfg.ExecutionOrder.State@237d0625]
State state604 transitions to: [com.luis.tfg.ExecutionOrder.State@1a5a4f8]
State state845 transitions to: [com.luis.tfg.ExecutionOrder.State@5392aa2b]
State state603 transitions to: [com.luis.tfg.ExecutionOrder.State@174f0d06]
State state848 transitions to: [com.luis.tfg.ExecutionOrder.State@5cc87de4]
State state606 transitions to: [com.luis.tfg.ExecutionOrder.State@706690e1]
State state847 transitions to: [com.luis.tfg.ExecutionOrder.State@3663af34]
State state605 transitions to: [com.luis.tfg.ExecutionOrder.State@59aba3c3]
State state608 transitions to: [com.luis.tfg.ExecutionOrder.State@4693d24f]
State state849 transitions to: [com.luis.tfg.ExecutionOrder.State@236a3e4]
State state607 transitions to: [com.luis.tfg.ExecutionOrder.State@2987b699]
State state609 transitions to: [com.luis.tfg.ExecutionOrder.State@2d36add1]
State state851 transitions to: [com.luis.tfg.ExecutionOrder.State@75ef1392]
State state850 transitions to: [com.luis.tfg.ExecutionOrder.State@4271b748]
State state853 transitions to: [com.luis.tfg.ExecutionOrder.State@56d6e2e1]
State state611 transitions to: [com.luis.tfg.ExecutionOrder.State@4e9695cf]
State state852 transitions to: [com.luis.tfg.ExecutionOrder.State@43e86c0c]
State state610 transitions to: [com.luis.tfg.ExecutionOrder.State@c6c58ce]
State state855 transitions to: [com.luis.tfg.ExecutionOrder.State@6d4c7248]
State state613 transitions to: [com.luis.tfg.ExecutionOrder.State@178ebac3]
State state854 transitions to: [com.luis.tfg.ExecutionOrder.State@17063c32]
State state612 transitions to: [com.luis.tfg.ExecutionOrder.State@79c2bc34]
State state857 transitions to: [com.luis.tfg.ExecutionOrder.State@77925f76]
State state615 transitions to: [com.luis.tfg.ExecutionOrder.State@15a8bbe5]
State state856 transitions to: [com.luis.tfg.ExecutionOrder.State@3369e2ce]
State state614 transitions to: [com.luis.tfg.ExecutionOrder.State@5f26cb8b]
State state859 transitions to: [com.luis.tfg.ExecutionOrder.State@3a2a56f6]
State state617 transitions to: [com.luis.tfg.ExecutionOrder.State@6a8da5c5]
State state858 transitions to: [com.luis.tfg.ExecutionOrder.State@160e45c8]
State state616 transitions to: [com.luis.tfg.ExecutionOrder.State@7f9dbe11]
State state619 transitions to: [com.luis.tfg.ExecutionOrder.State@17e8caf2]
State state618 transitions to: [com.luis.tfg.ExecutionOrder.State@104cf647]
State state860 transitions to: [com.luis.tfg.ExecutionOrder.State@7488c183]
State state862 transitions to: [com.luis.tfg.ExecutionOrder.State@66779435]
State state620 transitions to: [com.luis.tfg.ExecutionOrder.State@37196d53]
State state861 transitions to: [com.luis.tfg.ExecutionOrder.State@40105b39]
State state864 transitions to: [com.luis.tfg.ExecutionOrder.State@72a61e61]
State state622 transitions to: [com.luis.tfg.ExecutionOrder.State@282aea3c]
State state863 transitions to: [com.luis.tfg.ExecutionOrder.State@54a5799f]
State state621 transitions to: [com.luis.tfg.ExecutionOrder.State@162e29a1]
State state866 transitions to: [com.luis.tfg.ExecutionOrder.State@54b96813]
State state624 transitions to: [com.luis.tfg.ExecutionOrder.State@2b3d03b2]
State state865 transitions to: [com.luis.tfg.ExecutionOrder.State@542beecb]
State state623 transitions to: [com.luis.tfg.ExecutionOrder.State@332fa6ce]
State state868 transitions to: [com.luis.tfg.ExecutionOrder.State@2cc9a948]
State state626 transitions to: [com.luis.tfg.ExecutionOrder.State@6f2a1ff0]
State state867 transitions to: [com.luis.tfg.ExecutionOrder.State@647ce968]
State state625 transitions to: [com.luis.tfg.ExecutionOrder.State@2a2b3aff]
State state628 transitions to: [com.luis.tfg.ExecutionOrder.State@4bc9451b]
State state869 transitions to: [com.luis.tfg.ExecutionOrder.State@74a3160d]
State state627 transitions to: [com.luis.tfg.ExecutionOrder.State@77978658]
State state629 transitions to: [com.luis.tfg.ExecutionOrder.State@498b697]
State state880 transitions to: [com.luis.tfg.ExecutionOrder.State@5f8da82]
State state871 transitions to: [com.luis.tfg.ExecutionOrder.State@6987b74e]
State state870 transitions to: [com.luis.tfg.ExecutionOrder.State@22e95960]
State state873 transitions to: [com.luis.tfg.ExecutionOrder.State@63846fa4]
State state631 transitions to: [com.luis.tfg.ExecutionOrder.State@206b959c]
State state872 transitions to: [com.luis.tfg.ExecutionOrder.State@74026b18]
State state630 transitions to: [com.luis.tfg.ExecutionOrder.State@1cc81ea1]
State state875 transitions to: [com.luis.tfg.ExecutionOrder.State@5cf1bbd3]
State state633 transitions to: [com.luis.tfg.ExecutionOrder.State@204a02a4]
State state874 transitions to: [com.luis.tfg.ExecutionOrder.State@4777f71e]
State state632 transitions to: [com.luis.tfg.ExecutionOrder.State@1b96d447]
State state877 transitions to: [com.luis.tfg.ExecutionOrder.State@4a68cbc5]
State state635 transitions to: [com.luis.tfg.ExecutionOrder.State@3a47bf0e]
State state876 transitions to: [com.luis.tfg.ExecutionOrder.State@4270705f]
State state634 transitions to: [com.luis.tfg.ExecutionOrder.State@6f69b0ba]
State state879 transitions to: [com.luis.tfg.ExecutionOrder.State@63537871]
State state637 transitions to: [com.luis.tfg.ExecutionOrder.State@64eb14da]
State state878 transitions to: [com.luis.tfg.ExecutionOrder.State@25587290]
State state636 transitions to: [com.luis.tfg.ExecutionOrder.State@716eae1]
State state639 transitions to: [com.luis.tfg.ExecutionOrder.State@7ffe8a82]
State state638 transitions to: [com.luis.tfg.ExecutionOrder.State@430f0c63]
State state809 transitions to: [com.luis.tfg.ExecutionOrder.State@25a52a60]
State state800 transitions to: [com.luis.tfg.ExecutionOrder.State@15549dd7]
State state802 transitions to: [com.luis.tfg.ExecutionOrder.State@1e75af65]
State state801 transitions to: [com.luis.tfg.ExecutionOrder.State@25a2c4dc]
State state804 transitions to: [com.luis.tfg.ExecutionOrder.State@29d81c22]
State state803 transitions to: [com.luis.tfg.ExecutionOrder.State@18d396eb]
State state806 transitions to: [com.luis.tfg.ExecutionOrder.State@2bee1c13]
State state805 transitions to: [com.luis.tfg.ExecutionOrder.State@1859b996]
State state808 transitions to: [com.luis.tfg.ExecutionOrder.State@71098fb3]
State state807 transitions to: [com.luis.tfg.ExecutionOrder.State@75e92bb7]
State state811 transitions to: [com.luis.tfg.ExecutionOrder.State@2ebcbf9d]
State state810 transitions to: [com.luis.tfg.ExecutionOrder.State@7bfc36d5]
State state813 transitions to: [com.luis.tfg.ExecutionOrder.State@46b55a0e]
State state812 transitions to: [com.luis.tfg.ExecutionOrder.State@7abd75fc]
State state815 transitions to: [com.luis.tfg.ExecutionOrder.State@31b67d61]
State state814 transitions to: [com.luis.tfg.ExecutionOrder.State@2b66bf1c]
State state817 transitions to: [com.luis.tfg.ExecutionOrder.State@47eff554]
State state816 transitions to: [com.luis.tfg.ExecutionOrder.State@56ec6ac0]
State state819 transitions to: [com.luis.tfg.ExecutionOrder.State@54b35809]
State state818 transitions to: [com.luis.tfg.ExecutionOrder.State@4a3383dc]
State state820 transitions to: [com.luis.tfg.ExecutionOrder.State@72ce8a9b]
State state822 transitions to: [com.luis.tfg.ExecutionOrder.State@47c15468]
State state821 transitions to: [com.luis.tfg.ExecutionOrder.State@9fc2f89]
State state824 transitions to: [com.luis.tfg.ExecutionOrder.State@5f877009]
State state823 transitions to: [com.luis.tfg.ExecutionOrder.State@591ba330]
State state826 transitions to: [com.luis.tfg.ExecutionOrder.State@14b4ce6f]
State state825 transitions to: [com.luis.tfg.ExecutionOrder.State@7c5c2b17]
State state828 transitions to: [com.luis.tfg.ExecutionOrder.State@18bf1bad]
State state827 transitions to: [com.luis.tfg.ExecutionOrder.State@1cb929a9]
State state829 transitions to: [com.luis.tfg.ExecutionOrder.State@2ecc4be7]
State state831 transitions to: [com.luis.tfg.ExecutionOrder.State@3355d9ba]
State state830 transitions to: [com.luis.tfg.ExecutionOrder.State@5357de0e]
State state833 transitions to: [com.luis.tfg.ExecutionOrder.State@6f651ac]
State state832 transitions to: [com.luis.tfg.ExecutionOrder.State@4a29a1e6]
State state835 transitions to: [com.luis.tfg.ExecutionOrder.State@57ac2910]
State state834 transitions to: [com.luis.tfg.ExecutionOrder.State@3a663a45]
State state837 transitions to: [com.luis.tfg.ExecutionOrder.State@e296794]
State state836 transitions to: [com.luis.tfg.ExecutionOrder.State@988c126]
State state839 transitions to: [com.luis.tfg.ExecutionOrder.State@3fda8dae]
State state838 transitions to: [com.luis.tfg.ExecutionOrder.State@34e53c02]
State state691 transitions to: [com.luis.tfg.ExecutionOrder.State@7135e8cd]
State state690 transitions to: [com.luis.tfg.ExecutionOrder.State@3efb863c]
State state693 transitions to: [com.luis.tfg.ExecutionOrder.State@5527dbb0]
State state451 transitions to: [com.luis.tfg.ExecutionOrder.State@483fe83a]
State state692 transitions to: [com.luis.tfg.ExecutionOrder.State@16120270]
State state450 transitions to: [com.luis.tfg.ExecutionOrder.State@74babce8]
State state684 transitions to: [com.luis.tfg.ExecutionOrder.State@1fab0394]
State state442 transitions to: [com.luis.tfg.ExecutionOrder.State@28e24663]
State state200 transitions to: [com.luis.tfg.ExecutionOrder.State@2ee5c08d]
State state683 transitions to: [com.luis.tfg.ExecutionOrder.State@f996445]
State state441 transitions to: [com.luis.tfg.ExecutionOrder.State@48697181]
State state686 transitions to: [com.luis.tfg.ExecutionOrder.State@7282f7b1]
State state444 transitions to: [com.luis.tfg.ExecutionOrder.State@7263b0c4]
State state202 transitions to: [com.luis.tfg.ExecutionOrder.State@361c4981]
State state685 transitions to: [com.luis.tfg.ExecutionOrder.State@35fac3ba]
State state443 transitions to: [com.luis.tfg.ExecutionOrder.State@50a095cb]
State state201 transitions to: [com.luis.tfg.ExecutionOrder.State@3f2afa8b]
State state688 transitions to: [com.luis.tfg.ExecutionOrder.State@6b2efcae]
State state446 transitions to: [com.luis.tfg.ExecutionOrder.State@8aa1562]
State state204 transitions to: [com.luis.tfg.ExecutionOrder.State@5c70c771]
State state687 transitions to: [com.luis.tfg.ExecutionOrder.State@346690d6]
State state445 transitions to: [com.luis.tfg.ExecutionOrder.State@2831c178]
State state203 transitions to: [com.luis.tfg.ExecutionOrder.State@70e8c019]
State state448 transitions to: [com.luis.tfg.ExecutionOrder.State@2a79da3a]
State state206 transitions to: [com.luis.tfg.ExecutionOrder.State@2a191f83]
State state689 transitions to: [com.luis.tfg.ExecutionOrder.State@c8531b9]
State state447 transitions to: [com.luis.tfg.ExecutionOrder.State@3adbd038]
State state205 transitions to: [com.luis.tfg.ExecutionOrder.State@5e976553]
State state208 transitions to: [com.luis.tfg.ExecutionOrder.State@3c108c05]
State state449 transitions to: [com.luis.tfg.ExecutionOrder.State@193d7ac7]
State state207 transitions to: [com.luis.tfg.ExecutionOrder.State@7d0333c8]
State state209 transitions to: [com.luis.tfg.ExecutionOrder.State@185b7cc6]
State state460 transitions to: [com.luis.tfg.ExecutionOrder.State@2093bb6c]
State state462 transitions to: [com.luis.tfg.ExecutionOrder.State@528a16fb]
State state220 transitions to: [com.luis.tfg.ExecutionOrder.State@3673e211]
State state461 transitions to: [com.luis.tfg.ExecutionOrder.State@758d0555]
State state695 transitions to: [com.luis.tfg.ExecutionOrder.State@48788853]
State state453 transitions to: [com.luis.tfg.ExecutionOrder.State@4ac77269]
State state211 transitions to: [com.luis.tfg.ExecutionOrder.State@638d624a]
State state694 transitions to: [com.luis.tfg.ExecutionOrder.State@7eb774c3]
State state452 transitions to: [com.luis.tfg.ExecutionOrder.State@72015156]
State state210 transitions to: [com.luis.tfg.ExecutionOrder.State@3a42145]
State state697 transitions to: [com.luis.tfg.ExecutionOrder.State@bb38c49]
State state455 transitions to: [com.luis.tfg.ExecutionOrder.State@4e67e090]
State state213 transitions to: [com.luis.tfg.ExecutionOrder.State@361483eb]
State state696 transitions to: [com.luis.tfg.ExecutionOrder.State@14983265]
State state454 transitions to: [com.luis.tfg.ExecutionOrder.State@35e357b]
State state212 transitions to: [com.luis.tfg.ExecutionOrder.State@724c26e0]
State state699 transitions to: [com.luis.tfg.ExecutionOrder.State@6055e899]
State state457 transitions to: [com.luis.tfg.ExecutionOrder.State@350be5ec]
State state215 transitions to: [com.luis.tfg.ExecutionOrder.State@478cebdb]
State state698 transitions to: [com.luis.tfg.ExecutionOrder.State@5464aeec]
State state456 transitions to: [com.luis.tfg.ExecutionOrder.State@1b3a95d9]
State state214 transitions to: [com.luis.tfg.ExecutionOrder.State@71f437d7]
State state459 transitions to: [com.luis.tfg.ExecutionOrder.State@5186c801]
State state217 transitions to: [com.luis.tfg.ExecutionOrder.State@20e41f13]
State state458 transitions to: [com.luis.tfg.ExecutionOrder.State@6fbfd28b]
State state216 transitions to: [com.luis.tfg.ExecutionOrder.State@3fa50a24]
State state219 transitions to: [com.luis.tfg.ExecutionOrder.State@58041b11]
State state218 transitions to: [com.luis.tfg.ExecutionOrder.State@58189b85]
State state471 transitions to: [com.luis.tfg.ExecutionOrder.State@49222187]
State state470 transitions to: [com.luis.tfg.ExecutionOrder.State@5e41e6ad]
State state473 transitions to: [com.luis.tfg.ExecutionOrder.State@2665a2e7]
State state231 transitions to: [com.luis.tfg.ExecutionOrder.State@3abdc11d]
State state472 transitions to: [com.luis.tfg.ExecutionOrder.State@624be1d4]
State state230 transitions to: [com.luis.tfg.ExecutionOrder.State@336e17be]
State state464 transitions to: [com.luis.tfg.ExecutionOrder.State@3897f9ae]
State state222 transitions to: [com.luis.tfg.ExecutionOrder.State@6c767288]
State state463 transitions to: [com.luis.tfg.ExecutionOrder.State@510e6b93]
State state221 transitions to: [com.luis.tfg.ExecutionOrder.State@129e45eb]
State state466 transitions to: [com.luis.tfg.ExecutionOrder.State@15c3849f]
State state224 transitions to: [com.luis.tfg.ExecutionOrder.State@4a7e469d]
State state465 transitions to: [com.luis.tfg.ExecutionOrder.State@688efeb2]
State state223 transitions to: [com.luis.tfg.ExecutionOrder.State@85f5f55]
State state468 transitions to: [com.luis.tfg.ExecutionOrder.State@131c5bd]
State state226 transitions to: [com.luis.tfg.ExecutionOrder.State@394331a8]
State state467 transitions to: [com.luis.tfg.ExecutionOrder.State@2627335c]
State state225 transitions to: [com.luis.tfg.ExecutionOrder.State@5470753a]
State state228 transitions to: [com.luis.tfg.ExecutionOrder.State@5b634e24]
State state469 transitions to: [com.luis.tfg.ExecutionOrder.State@7b0dfa91]
State state227 transitions to: [com.luis.tfg.ExecutionOrder.State@642f8b7f]
State state229 transitions to: [com.luis.tfg.ExecutionOrder.State@3321fb65]
State state480 transitions to: [com.luis.tfg.ExecutionOrder.State@7272914b]
State state482 transitions to: [com.luis.tfg.ExecutionOrder.State@663f24e6]
State state240 transitions to: [com.luis.tfg.ExecutionOrder.State@7e532f2d]
State state481 transitions to: [com.luis.tfg.ExecutionOrder.State@42150951]
State state484 transitions to: [com.luis.tfg.ExecutionOrder.State@248b2091]
State state242 transitions to: [com.luis.tfg.ExecutionOrder.State@3b0c38f2]
State state483 transitions to: [com.luis.tfg.ExecutionOrder.State@5cc152f9]
State state241 transitions to: [com.luis.tfg.ExecutionOrder.State@36f497b1]
State state475 transitions to: [com.luis.tfg.ExecutionOrder.State@4b86a656]
State state233 transitions to: [com.luis.tfg.ExecutionOrder.State@1117cc7c]
State state474 transitions to: [com.luis.tfg.ExecutionOrder.State@4797023d]
State state232 transitions to: [com.luis.tfg.ExecutionOrder.State@55cc4c61]
State state477 transitions to: [com.luis.tfg.ExecutionOrder.State@2b06f498]
State state235 transitions to: [com.luis.tfg.ExecutionOrder.State@4ddb9a8]
State state476 transitions to: [com.luis.tfg.ExecutionOrder.State@7b24d5e4]
State state234 transitions to: [com.luis.tfg.ExecutionOrder.State@4c3c31a5]
State state479 transitions to: [com.luis.tfg.ExecutionOrder.State@5002be8e]
State state237 transitions to: [com.luis.tfg.ExecutionOrder.State@39fb5ddf]
State state478 transitions to: [com.luis.tfg.ExecutionOrder.State@642d34f1]
State state236 transitions to: [com.luis.tfg.ExecutionOrder.State@49b180c8]
State state239 transitions to: [com.luis.tfg.ExecutionOrder.State@c02a1be]
State state238 transitions to: [com.luis.tfg.ExecutionOrder.State@6f740044]
State state891 transitions to: [com.luis.tfg.ExecutionOrder.State@62732be7]
State state890 transitions to: [com.luis.tfg.ExecutionOrder.State@278150a1]
State state882 transitions to: [com.luis.tfg.ExecutionOrder.State@3e170abe]
State state640 transitions to: [com.luis.tfg.ExecutionOrder.State@712e4b18]
State state881 transitions to: [com.luis.tfg.ExecutionOrder.State@af96ac9]
State state884 transitions to: [com.luis.tfg.ExecutionOrder.State@27d0376f]
State state642 transitions to: [com.luis.tfg.ExecutionOrder.State@21948bd1]
State state400 transitions to: [com.luis.tfg.ExecutionOrder.State@22617270]
State state883 transitions to: [com.luis.tfg.ExecutionOrder.State@630febd7]
State state641 transitions to: [com.luis.tfg.ExecutionOrder.State@45c2c396]
State state886 transitions to: [com.luis.tfg.ExecutionOrder.State@408d12fc]
State state644 transitions to: [com.luis.tfg.ExecutionOrder.State@69d61a6f]
State state402 transitions to: [com.luis.tfg.ExecutionOrder.State@759b05d1]
State state885 transitions to: [com.luis.tfg.ExecutionOrder.State@2696b687]
State state643 transitions to: [com.luis.tfg.ExecutionOrder.State@ea45a5b]
State state401 transitions to: [com.luis.tfg.ExecutionOrder.State@57f83c82]
State state888 transitions to: [com.luis.tfg.ExecutionOrder.State@7a600e21]
State state646 transitions to: [com.luis.tfg.ExecutionOrder.State@69d1ad64]
State state404 transitions to: [com.luis.tfg.ExecutionOrder.State@458b4487]
State state887 transitions to: [com.luis.tfg.ExecutionOrder.State@53016c98]
State state645 transitions to: [com.luis.tfg.ExecutionOrder.State@296a71df]
State state403 transitions to: [com.luis.tfg.ExecutionOrder.State@4db4431b]
State state648 transitions to: [com.luis.tfg.ExecutionOrder.State@52849956]
State state406 transitions to: [com.luis.tfg.ExecutionOrder.State@ab94a32]
State state889 transitions to: [com.luis.tfg.ExecutionOrder.State@70273633]
State state647 transitions to: [com.luis.tfg.ExecutionOrder.State@1f641fb7]
State state405 transitions to: [com.luis.tfg.ExecutionOrder.State@69dc7b24]
State state408 transitions to: [com.luis.tfg.ExecutionOrder.State@297454f7]
State state649 transitions to: [com.luis.tfg.ExecutionOrder.State@602b7944]
State state407 transitions to: [com.luis.tfg.ExecutionOrder.State@5f8d4b51]
State state409 transitions to: [com.luis.tfg.ExecutionOrder.State@55821edf]
State state660 transitions to: [com.luis.tfg.ExecutionOrder.State@5e5a2b74]
State state893 transitions to: [com.luis.tfg.ExecutionOrder.State@658098a2]
State state651 transitions to: [com.luis.tfg.ExecutionOrder.State@50628080]
State state892 transitions to: [com.luis.tfg.ExecutionOrder.State@155318b5]
State state650 transitions to: [com.luis.tfg.ExecutionOrder.State@1add90e0]
State state895 transitions to: [com.luis.tfg.ExecutionOrder.State@7bf94e91]
State state653 transitions to: [com.luis.tfg.ExecutionOrder.State@3fdbb7ee]
State state411 transitions to: [com.luis.tfg.ExecutionOrder.State@32c08610]
State state894 transitions to: [com.luis.tfg.ExecutionOrder.State@44ec4a38]
State state652 transitions to: [com.luis.tfg.ExecutionOrder.State@755009f2]
State state410 transitions to: [com.luis.tfg.ExecutionOrder.State@1756a471]
State state897 transitions to: [com.luis.tfg.ExecutionOrder.State@2190508d]
State state655 transitions to: [com.luis.tfg.ExecutionOrder.State@70b630d]
State state413 transitions to: [com.luis.tfg.ExecutionOrder.State@72e1e587]
State state896 transitions to: [com.luis.tfg.ExecutionOrder.State@5036a286]
State state654 transitions to: [com.luis.tfg.ExecutionOrder.State@73818435]
State state412 transitions to: [com.luis.tfg.ExecutionOrder.State@2fce8243]
State state899 transitions to: [com.luis.tfg.ExecutionOrder.State@52fe87e0]
State state657 transitions to: [com.luis.tfg.ExecutionOrder.State@37393dab]
State state415 transitions to: [com.luis.tfg.ExecutionOrder.State@4866a755]
State state898 transitions to: [com.luis.tfg.ExecutionOrder.State@1361e880]
State state656 transitions to: [com.luis.tfg.ExecutionOrder.State@3506bc8b]
State state414 transitions to: [com.luis.tfg.ExecutionOrder.State@4bac0be5]
State state659 transitions to: [com.luis.tfg.ExecutionOrder.State@368d51ca]
State state417 transitions to: [com.luis.tfg.ExecutionOrder.State@2a349a73]
State state658 transitions to: [com.luis.tfg.ExecutionOrder.State@2ad6895a]
State state416 transitions to: [com.luis.tfg.ExecutionOrder.State@10e4cc6]
State state419 transitions to: [com.luis.tfg.ExecutionOrder.State@5d515e2c]
State state418 transitions to: [com.luis.tfg.ExecutionOrder.State@53b8a0f7]
State state671 transitions to: [com.luis.tfg.ExecutionOrder.State@4d3a7f83]
State state670 transitions to: [com.luis.tfg.ExecutionOrder.State@3ea1729e]
State state662 transitions to: [com.luis.tfg.ExecutionOrder.State@6956eb58]
State state420 transitions to: [com.luis.tfg.ExecutionOrder.State@7fff419d]
State state661 transitions to: [com.luis.tfg.ExecutionOrder.State@6127ef86]
State state664 transitions to: [com.luis.tfg.ExecutionOrder.State@542754be]
State state422 transitions to: [com.luis.tfg.ExecutionOrder.State@af57949]
State state663 transitions to: [com.luis.tfg.ExecutionOrder.State@f833223]
State state421 transitions to: [com.luis.tfg.ExecutionOrder.State@5186b78a]
State state666 transitions to: [com.luis.tfg.ExecutionOrder.State@3f6a9ba0]
State state424 transitions to: [com.luis.tfg.ExecutionOrder.State@1e749235]
State state665 transitions to: [com.luis.tfg.ExecutionOrder.State@870a9f2]
State state423 transitions to: [com.luis.tfg.ExecutionOrder.State@6c2e7591]
State state668 transitions to: [com.luis.tfg.ExecutionOrder.State@7f2542f]
State state426 transitions to: [com.luis.tfg.ExecutionOrder.State@3dad8bde]
State state667 transitions to: [com.luis.tfg.ExecutionOrder.State@301f9aa0]
State state425 transitions to: [com.luis.tfg.ExecutionOrder.State@2f82e3cf]
State state428 transitions to: [com.luis.tfg.ExecutionOrder.State@3a44993c]
State state669 transitions to: [com.luis.tfg.ExecutionOrder.State@6b6606d1]
State state427 transitions to: [com.luis.tfg.ExecutionOrder.State@27605b87]
State state429 transitions to: [com.luis.tfg.ExecutionOrder.State@1fc4483f]
State state680 transitions to: [com.luis.tfg.ExecutionOrder.State@1d7af82]
State state682 transitions to: [com.luis.tfg.ExecutionOrder.State@5adc71e7]
State state440 transitions to: [com.luis.tfg.ExecutionOrder.State@7fc5a558]
State state681 transitions to: [com.luis.tfg.ExecutionOrder.State@42fd8f2f]
State state673 transitions to: [com.luis.tfg.ExecutionOrder.State@7eea934d]
State state431 transitions to: [com.luis.tfg.ExecutionOrder.State@4700963e]
State state672 transitions to: [com.luis.tfg.ExecutionOrder.State@153d14e3]
State state430 transitions to: [com.luis.tfg.ExecutionOrder.State@3b17759c]
State state675 transitions to: [com.luis.tfg.ExecutionOrder.State@11cdf948]
State state433 transitions to: [com.luis.tfg.ExecutionOrder.State@523f3c29]
State state674 transitions to: [com.luis.tfg.ExecutionOrder.State@2fd8b081]
State state432 transitions to: [com.luis.tfg.ExecutionOrder.State@2fe38b73]
State state677 transitions to: [com.luis.tfg.ExecutionOrder.State@511a307e]
State state435 transitions to: [com.luis.tfg.ExecutionOrder.State@7aef8000]
State state676 transitions to: [com.luis.tfg.ExecutionOrder.State@10d97b64]
State state434 transitions to: [com.luis.tfg.ExecutionOrder.State@2352c21f]
State state679 transitions to: [com.luis.tfg.ExecutionOrder.State@23cb8fcb]
State state437 transitions to: [com.luis.tfg.ExecutionOrder.State@25a2f432]
State state678 transitions to: [com.luis.tfg.ExecutionOrder.State@7efba9b9]
State state436 transitions to: [com.luis.tfg.ExecutionOrder.State@4b8cde43]
State state439 transitions to: [com.luis.tfg.ExecutionOrder.State@34c6b52e]
State state438 transitions to: [com.luis.tfg.ExecutionOrder.State@6f7c4e0]
State state170 transitions to: [com.luis.tfg.ExecutionOrder.State@25e203e6]
State state172 transitions to: [com.luis.tfg.ExecutionOrder.State@8b1bfdf]
State state171 transitions to: [com.luis.tfg.ExecutionOrder.State@95f1422]
State state174 transitions to: [com.luis.tfg.ExecutionOrder.State@31b7112d]
State state173 transitions to: [com.luis.tfg.ExecutionOrder.State@47fc9ce]
State state176 transitions to: [com.luis.tfg.ExecutionOrder.State@1b5d1d9]
State state175 transitions to: [com.luis.tfg.ExecutionOrder.State@703a2bc9]
State state167 transitions to: [com.luis.tfg.ExecutionOrder.State@790d629a]
State state166 transitions to: [com.luis.tfg.ExecutionOrder.State@346e5cc]
State state169 transitions to: [com.luis.tfg.ExecutionOrder.State@2cd2c764]
State state168 transitions to: [com.luis.tfg.ExecutionOrder.State@d17d554]
State state181 transitions to: [com.luis.tfg.ExecutionOrder.State@1f1c7fde]
State state180 transitions to: [com.luis.tfg.ExecutionOrder.State@2b409174]
State state183 transitions to: [com.luis.tfg.ExecutionOrder.State@11939a9f]
State state182 transitions to: [com.luis.tfg.ExecutionOrder.State@229d508c]
State state185 transitions to: [com.luis.tfg.ExecutionOrder.State@5e83298e]
State state184 transitions to: [com.luis.tfg.ExecutionOrder.State@7167d81b]
State state187 transitions to: [com.luis.tfg.ExecutionOrder.State@7cadf3ca]
State state186 transitions to: [com.luis.tfg.ExecutionOrder.State@34fcc5e3]
State state178 transitions to: [com.luis.tfg.ExecutionOrder.State@737445ab]
State state177 transitions to: [com.luis.tfg.ExecutionOrder.State@3c9cfcde]
State state179 transitions to: [com.luis.tfg.ExecutionOrder.State@2f3c7b24]
State state190 transitions to: [com.luis.tfg.ExecutionOrder.State@7dbd70fd]
State state192 transitions to: [com.luis.tfg.ExecutionOrder.State@2cb53bfc]
State state191 transitions to: [com.luis.tfg.ExecutionOrder.State@779448b8]
State state194 transitions to: [com.luis.tfg.ExecutionOrder.State@3bbdf835]
State state193 transitions to: [com.luis.tfg.ExecutionOrder.State@2d114d27]
State state196 transitions to: [com.luis.tfg.ExecutionOrder.State@28fef9a2]
State state195 transitions to: [com.luis.tfg.ExecutionOrder.State@7dfab58d]
State state198 transitions to: [com.luis.tfg.ExecutionOrder.State@29d29657]
State state197 transitions to: [com.luis.tfg.ExecutionOrder.State@e0d9e3f]
State state189 transitions to: [com.luis.tfg.ExecutionOrder.State@516155b5]
State state188 transitions to: [com.luis.tfg.ExecutionOrder.State@799fc4c9]
State state199 transitions to: [com.luis.tfg.ExecutionOrder.State@44428583]
State state370 transitions to: [com.luis.tfg.ExecutionOrder.State@265c0752]
State state372 transitions to: [com.luis.tfg.ExecutionOrder.State@7d4b32d1]
State state130 transitions to: [com.luis.tfg.ExecutionOrder.State@7a75183d]
State state371 transitions to: [com.luis.tfg.ExecutionOrder.State@2acbe46d]
State state374 transitions to: [com.luis.tfg.ExecutionOrder.State@6c6b00f1]
State state132 transitions to: [com.luis.tfg.ExecutionOrder.State@48126a17]
State state373 transitions to: [com.luis.tfg.ExecutionOrder.State@1a7437d8]
State state131 transitions to: [com.luis.tfg.ExecutionOrder.State@6f695077]
State state365 transitions to: [com.luis.tfg.ExecutionOrder.State@5b31a9e3]
State state123 transitions to: [com.luis.tfg.ExecutionOrder.State@282240]
State state364 transitions to: [com.luis.tfg.ExecutionOrder.State@3b590f6a]
State state122 transitions to: [com.luis.tfg.ExecutionOrder.State@1e160a9e]
State state367 transitions to: [com.luis.tfg.ExecutionOrder.State@483ed60e]
State state125 transitions to: [com.luis.tfg.ExecutionOrder.State@9c5d76b]
State state366 transitions to: [com.luis.tfg.ExecutionOrder.State@7a14ab66]
State state124 transitions to: [com.luis.tfg.ExecutionOrder.State@54780c40]
State state369 transitions to: [com.luis.tfg.ExecutionOrder.State@6ac83e67]
State state127 transitions to: [com.luis.tfg.ExecutionOrder.State@4d91d2da]
State state368 transitions to: [com.luis.tfg.ExecutionOrder.State@12811f95]
State state126 transitions to: [com.luis.tfg.ExecutionOrder.State@68f1b89]
State state129 transitions to: [com.luis.tfg.ExecutionOrder.State@2d1f3639]
State state128 transitions to: [com.luis.tfg.ExecutionOrder.State@6e5b3642]
State state381 transitions to: [com.luis.tfg.ExecutionOrder.State@74bcf1ab]
State FINAL transitions to: []
State state380 transitions to: [com.luis.tfg.ExecutionOrder.State@a11efe6]
State state383 transitions to: [com.luis.tfg.ExecutionOrder.State@5e6bbe63]
State state141 transitions to: [com.luis.tfg.ExecutionOrder.State@69356aca]
State state382 transitions to: [com.luis.tfg.ExecutionOrder.State@7a17ffee]
State state140 transitions to: [com.luis.tfg.ExecutionOrder.State@7ffc4195]
State state385 transitions to: [com.luis.tfg.ExecutionOrder.State@7ce760af]
State state143 transitions to: [com.luis.tfg.ExecutionOrder.State@3e4636c3]
State state384 transitions to: [com.luis.tfg.ExecutionOrder.State@7b6b466a]
State state142 transitions to: [com.luis.tfg.ExecutionOrder.State@6686507b]
State state376 transitions to: [com.luis.tfg.ExecutionOrder.State@2123a61c]
State state134 transitions to: [com.luis.tfg.ExecutionOrder.State@2e5c7cd5]
State state375 transitions to: [com.luis.tfg.ExecutionOrder.State@f252762]
State state133 transitions to: [com.luis.tfg.ExecutionOrder.State@5b74bb75]
State state378 transitions to: [com.luis.tfg.ExecutionOrder.State@675bf541]
State state136 transitions to: [com.luis.tfg.ExecutionOrder.State@2aac87ab]
State state377 transitions to: [com.luis.tfg.ExecutionOrder.State@c14bbab]
State state135 transitions to: [com.luis.tfg.ExecutionOrder.State@72c5064f]
State state138 transitions to: [com.luis.tfg.ExecutionOrder.State@4a0c04ab]
State state379 transitions to: [com.luis.tfg.ExecutionOrder.State@453439e]
State state137 transitions to: [com.luis.tfg.ExecutionOrder.State@2d33795c]
State state139 transitions to: [com.luis.tfg.ExecutionOrder.State@779ef5cb]
State state390 transitions to: [com.luis.tfg.ExecutionOrder.State@5d9d8ecf]
State state392 transitions to: [com.luis.tfg.ExecutionOrder.State@43cc7951]
State state150 transitions to: [com.luis.tfg.ExecutionOrder.State@758311ed]
State state391 transitions to: [com.luis.tfg.ExecutionOrder.State@7533923b]
State state394 transitions to: [com.luis.tfg.ExecutionOrder.State@446981a4]
State state152 transitions to: [com.luis.tfg.ExecutionOrder.State@644f6e89]
State state393 transitions to: [com.luis.tfg.ExecutionOrder.State@9ae0794]
State state151 transitions to: [com.luis.tfg.ExecutionOrder.State@60e5eed0]
State state396 transitions to: [com.luis.tfg.ExecutionOrder.State@680937c9]
State state154 transitions to: [com.luis.tfg.ExecutionOrder.State@77ad2767]
State state395 transitions to: [com.luis.tfg.ExecutionOrder.State@e460ca1]
State state153 transitions to: [com.luis.tfg.ExecutionOrder.State@411ae0d7]
State state387 transitions to: [com.luis.tfg.ExecutionOrder.State@608c2042]
State state145 transitions to: [com.luis.tfg.ExecutionOrder.State@7e84a52b]
State state386 transitions to: [com.luis.tfg.ExecutionOrder.State@40199d5e]
State state144 transitions to: [com.luis.tfg.ExecutionOrder.State@5693d1d2]
State state389 transitions to: [com.luis.tfg.ExecutionOrder.State@571c7572]
State state147 transitions to: [com.luis.tfg.ExecutionOrder.State@c6a3f47]
State state388 transitions to: [com.luis.tfg.ExecutionOrder.State@15a0f9]
State state146 transitions to: [com.luis.tfg.ExecutionOrder.State@4840ec68]
State state149 transitions to: [com.luis.tfg.ExecutionOrder.State@7cc3a7f7]
State state148 transitions to: [com.luis.tfg.ExecutionOrder.State@210e2f2f]
State state161 transitions to: [com.luis.tfg.ExecutionOrder.State@c31419f]
State state160 transitions to: [com.luis.tfg.ExecutionOrder.State@43dddfdd]
State state163 transitions to: [com.luis.tfg.ExecutionOrder.State@22c0344e]
State state162 transitions to: [com.luis.tfg.ExecutionOrder.State@7267006e]
State state165 transitions to: [com.luis.tfg.ExecutionOrder.State@745c8a04]
State state164 transitions to: [com.luis.tfg.ExecutionOrder.State@59d29065]
State state398 transitions to: [com.luis.tfg.ExecutionOrder.State@7a13ad55]
State state156 transitions to: [com.luis.tfg.ExecutionOrder.State@303db609]
State state397 transitions to: [com.luis.tfg.ExecutionOrder.State@20a116a0]
State state155 transitions to: [com.luis.tfg.ExecutionOrder.State@6dbdeb69]
State state158 transitions to: [com.luis.tfg.ExecutionOrder.State@a238a8e]
State state399 transitions to: [com.luis.tfg.ExecutionOrder.State@5773f83d]
State state157 transitions to: [com.luis.tfg.ExecutionOrder.State@7fcfe065]
State state159 transitions to: [com.luis.tfg.ExecutionOrder.State@7d2baa56]
State state53 transitions to: [com.luis.tfg.ExecutionOrder.State@6b4a2887]
State state52 transitions to: [com.luis.tfg.ExecutionOrder.State@23b087c3]
State state51 transitions to: [com.luis.tfg.ExecutionOrder.State@237c8718]
State state50 transitions to: [com.luis.tfg.ExecutionOrder.State@325e03b]
State state961 transitions to: [com.luis.tfg.ExecutionOrder.State@3911fec8]
State state960 transitions to: [com.luis.tfg.ExecutionOrder.State@1e38e8b6]
State state963 transitions to: [com.luis.tfg.ExecutionOrder.State@59bbf82e]
State state721 transitions to: [com.luis.tfg.ExecutionOrder.State@75b3ef1a]
State state962 transitions to: [com.luis.tfg.ExecutionOrder.State@43e2b8da]
State state720 transitions to: [com.luis.tfg.ExecutionOrder.State@1ac68548]
State state965 transitions to: [com.luis.tfg.ExecutionOrder.State@1c3a64b6]
State state723 transitions to: [com.luis.tfg.ExecutionOrder.State@761b9314]
State state964 transitions to: [com.luis.tfg.ExecutionOrder.State@20e9c165]
State state722 transitions to: [com.luis.tfg.ExecutionOrder.State@eabecf5]
State state967 transitions to: [com.luis.tfg.ExecutionOrder.State@417b3642]
State state725 transitions to: [com.luis.tfg.ExecutionOrder.State@6bd28e4a]
State state57 transitions to: [com.luis.tfg.ExecutionOrder.State@55e88bc]
State state966 transitions to: [com.luis.tfg.ExecutionOrder.State@544300a6]
State state724 transitions to: [com.luis.tfg.ExecutionOrder.State@4c12f54a]
State state56 transitions to: [com.luis.tfg.ExecutionOrder.State@334d825c]
State state969 transitions to: [com.luis.tfg.ExecutionOrder.State@42a7e7e1]
State state727 transitions to: [com.luis.tfg.ExecutionOrder.State@e2d9923]
State state55 transitions to: [com.luis.tfg.ExecutionOrder.State@554e9509]
State state968 transitions to: [com.luis.tfg.ExecutionOrder.State@acea29e]
State state726 transitions to: [com.luis.tfg.ExecutionOrder.State@772bc4c9]
State state54 transitions to: [com.luis.tfg.ExecutionOrder.State@152dbf8e]
State state729 transitions to: [com.luis.tfg.ExecutionOrder.State@34ea86ff]
State state728 transitions to: [com.luis.tfg.ExecutionOrder.State@4bcf08ae]
State state59 transitions to: [com.luis.tfg.ExecutionOrder.State@626b9092]
State state58 transitions to: [com.luis.tfg.ExecutionOrder.State@1ac2829e]
State state42 transitions to: [com.luis.tfg.ExecutionOrder.State@7a7f2247]
State state41 transitions to: [com.luis.tfg.ExecutionOrder.State@4946dfde]
State state40 transitions to: [com.luis.tfg.ExecutionOrder.State@77972964]
State state970 transitions to: [com.luis.tfg.ExecutionOrder.State@794f937a]
State state972 transitions to: [com.luis.tfg.ExecutionOrder.State@7aa1fb0e]
State state730 transitions to: [com.luis.tfg.ExecutionOrder.State@5e663ab]
State state971 transitions to: [com.luis.tfg.ExecutionOrder.State@4b74a67a]
State state974 transitions to: [com.luis.tfg.ExecutionOrder.State@4e25282d]
State state732 transitions to: [com.luis.tfg.ExecutionOrder.State@3b29d36c]
State state973 transitions to: [com.luis.tfg.ExecutionOrder.State@d641499]
State state731 transitions to: [com.luis.tfg.ExecutionOrder.State@634d3439]
State state976 transitions to: [com.luis.tfg.ExecutionOrder.State@44e0c3d]
State state734 transitions to: [com.luis.tfg.ExecutionOrder.State@71891d6b]
State state975 transitions to: [com.luis.tfg.ExecutionOrder.State@5ce41f1f]
State state733 transitions to: [com.luis.tfg.ExecutionOrder.State@56820446]
State state978 transitions to: [com.luis.tfg.ExecutionOrder.State@2259d54f]
State state736 transitions to: [com.luis.tfg.ExecutionOrder.State@1b82f62a]
State state46 transitions to: [com.luis.tfg.ExecutionOrder.State@67e21ea2]
State state977 transitions to: [com.luis.tfg.ExecutionOrder.State@2184962c]
State state735 transitions to: [com.luis.tfg.ExecutionOrder.State@4d9bccfe]
State state45 transitions to: [com.luis.tfg.ExecutionOrder.State@412440c1]
State state738 transitions to: [com.luis.tfg.ExecutionOrder.State@36c45149]
State state44 transitions to: [com.luis.tfg.ExecutionOrder.State@33f4844b]
State state979 transitions to: [com.luis.tfg.ExecutionOrder.State@201b52f7]
State state737 transitions to: [com.luis.tfg.ExecutionOrder.State@435a2c7d]
State state43 transitions to: [com.luis.tfg.ExecutionOrder.State@57806346]
State state739 transitions to: [com.luis.tfg.ExecutionOrder.State@40416321]
State state49 transitions to: [com.luis.tfg.ExecutionOrder.State@3ab70d34]
State state48 transitions to: [com.luis.tfg.ExecutionOrder.State@289cf7db]
State state47 transitions to: [com.luis.tfg.ExecutionOrder.State@7c523bdd]
State state31 transitions to: [com.luis.tfg.ExecutionOrder.State@3741071d]
State state30 transitions to: [com.luis.tfg.ExecutionOrder.State@351d726c]
State state990 transitions to: [com.luis.tfg.ExecutionOrder.State@7af0693b]
State state981 transitions to: [com.luis.tfg.ExecutionOrder.State@1791396b]
State state980 transitions to: [com.luis.tfg.ExecutionOrder.State@28d7bd6b]
State state983 transitions to: [com.luis.tfg.ExecutionOrder.State@7607340f]
State state741 transitions to: [com.luis.tfg.ExecutionOrder.State@f472245]
State state982 transitions to: [com.luis.tfg.ExecutionOrder.State@110318a7]
State state740 transitions to: [com.luis.tfg.ExecutionOrder.State@42ac309]
State state985 transitions to: [com.luis.tfg.ExecutionOrder.State@4b4228cf]
State state743 transitions to: [com.luis.tfg.ExecutionOrder.State@7d216ee8]
State state501 transitions to: [com.luis.tfg.ExecutionOrder.State@74ee97cb]
State state984 transitions to: [com.luis.tfg.ExecutionOrder.State@268e30d4]
State state742 transitions to: [com.luis.tfg.ExecutionOrder.State@7c50709a]
State state500 transitions to: [com.luis.tfg.ExecutionOrder.State@af007d6]
State state987 transitions to: [com.luis.tfg.ExecutionOrder.State@a20898c]
State state745 transitions to: [com.luis.tfg.ExecutionOrder.State@5dff108c]
State state503 transitions to: [com.luis.tfg.ExecutionOrder.State@22d47f09]
State state986 transitions to: [com.luis.tfg.ExecutionOrder.State@28100232]
State state744 transitions to: [com.luis.tfg.ExecutionOrder.State@26728255]
State state502 transitions to: [com.luis.tfg.ExecutionOrder.State@32c8d67]
State state989 transitions to: [com.luis.tfg.ExecutionOrder.State@281963c]
State state747 transitions to: [com.luis.tfg.ExecutionOrder.State@2a2815cc]
State state505 transitions to: [com.luis.tfg.ExecutionOrder.State@18fa5af6]
State state35 transitions to: [com.luis.tfg.ExecutionOrder.State@7fdabb3b]
State state988 transitions to: [com.luis.tfg.ExecutionOrder.State@7164e28a]
State state746 transitions to: [com.luis.tfg.ExecutionOrder.State@1b881f1f]
State state504 transitions to: [com.luis.tfg.ExecutionOrder.State@51efdb72]
State state34 transitions to: [com.luis.tfg.ExecutionOrder.State@7bc6b117]
State state749 transitions to: [com.luis.tfg.ExecutionOrder.State@2de07c57]
State state507 transitions to: [com.luis.tfg.ExecutionOrder.State@76cbee13]
State state33 transitions to: [com.luis.tfg.ExecutionOrder.State@59d09ff3]
State state748 transitions to: [com.luis.tfg.ExecutionOrder.State@17d0d3d7]
State state506 transitions to: [com.luis.tfg.ExecutionOrder.State@39fc17be]
State state32 transitions to: [com.luis.tfg.ExecutionOrder.State@106edde4]
State state509 transitions to: [com.luis.tfg.ExecutionOrder.State@4d9cf71d]
State state39 transitions to: [com.luis.tfg.ExecutionOrder.State@5c43cb12]
State state508 transitions to: [com.luis.tfg.ExecutionOrder.State@5db66c3]
State state38 transitions to: [com.luis.tfg.ExecutionOrder.State@633c0a61]
State state37 transitions to: [com.luis.tfg.ExecutionOrder.State@49322d04]
State state36 transitions to: [com.luis.tfg.ExecutionOrder.State@b6b746b]
State state20 transitions to: [com.luis.tfg.ExecutionOrder.State@55d8f6bb]
State state992 transitions to: [com.luis.tfg.ExecutionOrder.State@56b48163]
State state750 transitions to: [com.luis.tfg.ExecutionOrder.State@eb6ccbc]
State state991 transitions to: [com.luis.tfg.ExecutionOrder.State@5eae392d]
State state994 transitions to: [com.luis.tfg.ExecutionOrder.State@4cd1716d]
State state752 transitions to: [com.luis.tfg.ExecutionOrder.State@3e1c5e0d]
State state510 transitions to: [com.luis.tfg.ExecutionOrder.State@6f7a65e]
State state993 transitions to: [com.luis.tfg.ExecutionOrder.State@29bf90fc]
State state751 transitions to: [com.luis.tfg.ExecutionOrder.State@6e22d6bf]
State state29 transitions to: [com.luis.tfg.ExecutionOrder.State@32121140]
State state996 transitions to: [com.luis.tfg.ExecutionOrder.State@96c840a]
State state754 transitions to: [com.luis.tfg.ExecutionOrder.State@5c81ddab]
State state512 transitions to: [com.luis.tfg.ExecutionOrder.State@24ee6faa]
State state995 transitions to: [com.luis.tfg.ExecutionOrder.State@6d4f266]
State state753 transitions to: [com.luis.tfg.ExecutionOrder.State@6b756a62]
State state511 transitions to: [com.luis.tfg.ExecutionOrder.State@394b9e22]
State state998 transitions to: [com.luis.tfg.ExecutionOrder.State@6e0f259e]
State state756 transitions to: [com.luis.tfg.ExecutionOrder.State@4fe9adfb]
State state514 transitions to: [com.luis.tfg.ExecutionOrder.State@f8fe81e]
State state997 transitions to: [com.luis.tfg.ExecutionOrder.State@6ad0cd43]
State state755 transitions to: [com.luis.tfg.ExecutionOrder.State@7de43652]
State state513 transitions to: [com.luis.tfg.ExecutionOrder.State@7fe0ca60]
State state758 transitions to: [com.luis.tfg.ExecutionOrder.State@fdf029a]
State state516 transitions to: [com.luis.tfg.ExecutionOrder.State@63896cf7]
State state24 transitions to: [com.luis.tfg.ExecutionOrder.State@3f838072]
State state999 transitions to: [com.luis.tfg.ExecutionOrder.State@46c9ee28]
State state757 transitions to: [com.luis.tfg.ExecutionOrder.State@31f5ffb9]
State state515 transitions to: [com.luis.tfg.ExecutionOrder.State@19b3d3a4]
State state23 transitions to: [com.luis.tfg.ExecutionOrder.State@3a9040f0]
State state518 transitions to: [com.luis.tfg.ExecutionOrder.State@33214124]
State state22 transitions to: [com.luis.tfg.ExecutionOrder.State@2d3768ce]
State state759 transitions to: [com.luis.tfg.ExecutionOrder.State@2a9ea03f]
State state517 transitions to: [com.luis.tfg.ExecutionOrder.State@1231f25c]
State state21 transitions to: [com.luis.tfg.ExecutionOrder.State@2ba0b95f]
State state28 transitions to: [com.luis.tfg.ExecutionOrder.State@3dc7c5fd]
State state519 transitions to: [com.luis.tfg.ExecutionOrder.State@62871522]
State state27 transitions to: [com.luis.tfg.ExecutionOrder.State@7fb9a83c]
State state26 transitions to: [com.luis.tfg.ExecutionOrder.State@517d9cd5]
State state25 transitions to: [com.luis.tfg.ExecutionOrder.State@5216532a]
State state19 transitions to: [com.luis.tfg.ExecutionOrder.State@862624f]
State state18 transitions to: [com.luis.tfg.ExecutionOrder.State@3aa8c337]
State state921 transitions to: [com.luis.tfg.ExecutionOrder.State@78e7b83]
State state920 transitions to: [com.luis.tfg.ExecutionOrder.State@6761f75b]
State state923 transitions to: [com.luis.tfg.ExecutionOrder.State@7c8a91e2]
State state13 transitions to: [com.luis.tfg.ExecutionOrder.State@c7443f]
State state922 transitions to: [com.luis.tfg.ExecutionOrder.State@74e175c7]
State state12 transitions to: [com.luis.tfg.ExecutionOrder.State@1c528f2f]
State state925 transitions to: [com.luis.tfg.ExecutionOrder.State@34ff08c6]
State state11 transitions to: [com.luis.tfg.ExecutionOrder.State@e2344da]
State state924 transitions to: [com.luis.tfg.ExecutionOrder.State@71135794]
State state10 transitions to: [com.luis.tfg.ExecutionOrder.State@79b0956e]
State state927 transitions to: [com.luis.tfg.ExecutionOrder.State@35451ba6]
State state17 transitions to: [com.luis.tfg.ExecutionOrder.State@21d48c40]
State state926 transitions to: [com.luis.tfg.ExecutionOrder.State@4a10c019]
State state16 transitions to: [com.luis.tfg.ExecutionOrder.State@37f627d0]
State state929 transitions to: [com.luis.tfg.ExecutionOrder.State@2a7392a3]
State state15 transitions to: [com.luis.tfg.ExecutionOrder.State@2fc0ad21]
State state928 transitions to: [com.luis.tfg.ExecutionOrder.State@639cb0c8]
State state14 transitions to: [com.luis.tfg.ExecutionOrder.State@65d2d3cc]
State state930 transitions to: [com.luis.tfg.ExecutionOrder.State@5382a35f]
State state932 transitions to: [com.luis.tfg.ExecutionOrder.State@7901a5ab]
State state931 transitions to: [com.luis.tfg.ExecutionOrder.State@7f9d40b3]
State state934 transitions to: [com.luis.tfg.ExecutionOrder.State@ca2a03f]
State state933 transitions to: [com.luis.tfg.ExecutionOrder.State@4a7c72af]
State state936 transitions to: [com.luis.tfg.ExecutionOrder.State@3e24bab6]
State state935 transitions to: [com.luis.tfg.ExecutionOrder.State@2ba9ed19]
State state938 transitions to: [com.luis.tfg.ExecutionOrder.State@3293030b]
State state937 transitions to: [com.luis.tfg.ExecutionOrder.State@1b53e6fc]
State state939 transitions to: [com.luis.tfg.ExecutionOrder.State@391e2a]
State state941 transitions to: [com.luis.tfg.ExecutionOrder.State@641cea11]
State state940 transitions to: [com.luis.tfg.ExecutionOrder.State@4e3d36c2]
State state943 transitions to: [com.luis.tfg.ExecutionOrder.State@4add4dff]
State state701 transitions to: [com.luis.tfg.ExecutionOrder.State@25dc2c0]
State state942 transitions to: [com.luis.tfg.ExecutionOrder.State@192ecf8]
State state700 transitions to: [com.luis.tfg.ExecutionOrder.State@263e512e]
State state945 transitions to: [com.luis.tfg.ExecutionOrder.State@62c42a3]
State state703 transitions to: [com.luis.tfg.ExecutionOrder.State@6a8bcb64]
State state944 transitions to: [com.luis.tfg.ExecutionOrder.State@7c680fe1]
State state702 transitions to: [com.luis.tfg.ExecutionOrder.State@288b8663]
State state947 transitions to: [com.luis.tfg.ExecutionOrder.State@4cd6f08b]
State state705 transitions to: [com.luis.tfg.ExecutionOrder.State@78b2d29e]
State state946 transitions to: [com.luis.tfg.ExecutionOrder.State@4419cd6e]
State state704 transitions to: [com.luis.tfg.ExecutionOrder.State@3055f310]
State state949 transitions to: [com.luis.tfg.ExecutionOrder.State@4b7c0f39]
State state707 transitions to: [com.luis.tfg.ExecutionOrder.State@25b402ea]
State state948 transitions to: [com.luis.tfg.ExecutionOrder.State@2fccd98f]
State state706 transitions to: [com.luis.tfg.ExecutionOrder.State@309e7215]
State state709 transitions to: [com.luis.tfg.ExecutionOrder.State@1b30b6f8]
State state708 transitions to: [com.luis.tfg.ExecutionOrder.State@1e965426]
State state950 transitions to: [com.luis.tfg.ExecutionOrder.State@575fe6da]
State state952 transitions to: [com.luis.tfg.ExecutionOrder.State@149238fe]
State state710 transitions to: [com.luis.tfg.ExecutionOrder.State@a0bdbe2]
State state951 transitions to: [com.luis.tfg.ExecutionOrder.State@261099e1]
State state954 transitions to: [com.luis.tfg.ExecutionOrder.State@ed1d2cf]
State state712 transitions to: [com.luis.tfg.ExecutionOrder.State@b814e23]
State state953 transitions to: [com.luis.tfg.ExecutionOrder.State@5f81507a]
State state711 transitions to: [com.luis.tfg.ExecutionOrder.State@7d7c05fa]
State state956 transitions to: [com.luis.tfg.ExecutionOrder.State@7dbbf730]
State state714 transitions to: [com.luis.tfg.ExecutionOrder.State@7c4a5ef2]
State state955 transitions to: [com.luis.tfg.ExecutionOrder.State@299dd381]
State state713 transitions to: [com.luis.tfg.ExecutionOrder.State@34d3409d]
State state958 transitions to: [com.luis.tfg.ExecutionOrder.State@16732340]
State state716 transitions to: [com.luis.tfg.ExecutionOrder.State@38e052b2]
State state957 transitions to: [com.luis.tfg.ExecutionOrder.State@7fa68ff4]
State state715 transitions to: [com.luis.tfg.ExecutionOrder.State@515fff35]
State state718 transitions to: [com.luis.tfg.ExecutionOrder.State@5eb9bf7d]
State state959 transitions to: [com.luis.tfg.ExecutionOrder.State@64f613da]
State state717 transitions to: [com.luis.tfg.ExecutionOrder.State@2f64f99f]
State state719 transitions to: [com.luis.tfg.ExecutionOrder.State@16c1d11]
State state570 transitions to: [com.luis.tfg.ExecutionOrder.State@123d0816]
State state572 transitions to: [com.luis.tfg.ExecutionOrder.State@4601a148]
State state330 transitions to: [com.luis.tfg.ExecutionOrder.State@4e210016]
State state571 transitions to: [com.luis.tfg.ExecutionOrder.State@2fc40856]
State state563 transitions to: [com.luis.tfg.ExecutionOrder.State@5543d800]
State state321 transitions to: [com.luis.tfg.ExecutionOrder.State@1e033801]
State state562 transitions to: [com.luis.tfg.ExecutionOrder.State@58e4aa67]
State state320 transitions to: [com.luis.tfg.ExecutionOrder.State@57ed8f95]
State state565 transitions to: [com.luis.tfg.ExecutionOrder.State@1c25deb0]
State state323 transitions to: [com.luis.tfg.ExecutionOrder.State@1be12e05]
State state564 transitions to: [com.luis.tfg.ExecutionOrder.State@66ab088c]
State state322 transitions to: [com.luis.tfg.ExecutionOrder.State@5d01a2eb]
State state567 transitions to: [com.luis.tfg.ExecutionOrder.State@6fe337a5]
State state325 transitions to: [com.luis.tfg.ExecutionOrder.State@7d60bd5a]
State state566 transitions to: [com.luis.tfg.ExecutionOrder.State@43312512]
State state324 transitions to: [com.luis.tfg.ExecutionOrder.State@13f7c165]
State state569 transitions to: [com.luis.tfg.ExecutionOrder.State@655f92a1]
State state327 transitions to: [com.luis.tfg.ExecutionOrder.State@1d2d793d]
State state568 transitions to: [com.luis.tfg.ExecutionOrder.State@57fec63f]
State state326 transitions to: [com.luis.tfg.ExecutionOrder.State@7a2fd94c]
State state329 transitions to: [com.luis.tfg.ExecutionOrder.State@637c8632]
State state328 transitions to: [com.luis.tfg.ExecutionOrder.State@156eeff1]
State state581 transitions to: [com.luis.tfg.ExecutionOrder.State@34001c5d]
State state580 transitions to: [com.luis.tfg.ExecutionOrder.State@30e15628]
State state583 transitions to: [com.luis.tfg.ExecutionOrder.State@37ab1b10]
State state341 transitions to: [com.luis.tfg.ExecutionOrder.State@55d87b73]
State state582 transitions to: [com.luis.tfg.ExecutionOrder.State@618e7761]
State state340 transitions to: [com.luis.tfg.ExecutionOrder.State@5b643d6e]
State state574 transitions to: [com.luis.tfg.ExecutionOrder.State@34f8ce89]
State state332 transitions to: [com.luis.tfg.ExecutionOrder.State@22ed2886]
State state573 transitions to: [com.luis.tfg.ExecutionOrder.State@30ca66c5]
State state331 transitions to: [com.luis.tfg.ExecutionOrder.State@4abfa2ff]
State state576 transitions to: [com.luis.tfg.ExecutionOrder.State@38c1b1a7]
State state334 transitions to: [com.luis.tfg.ExecutionOrder.State@73230721]
State state575 transitions to: [com.luis.tfg.ExecutionOrder.State@10bcbbce]
State state333 transitions to: [com.luis.tfg.ExecutionOrder.State@27234b7c]
State state578 transitions to: [com.luis.tfg.ExecutionOrder.State@125a8ab6]
State state336 transitions to: [com.luis.tfg.ExecutionOrder.State@792b9dd3]
State state577 transitions to: [com.luis.tfg.ExecutionOrder.State@cbc3bf3]
State state335 transitions to: [com.luis.tfg.ExecutionOrder.State@31f9f9b3]
State state338 transitions to: [com.luis.tfg.ExecutionOrder.State@7730da00]
State state579 transitions to: [com.luis.tfg.ExecutionOrder.State@52d01430]
State state337 transitions to: [com.luis.tfg.ExecutionOrder.State@3fdede3a]
State state339 transitions to: [com.luis.tfg.ExecutionOrder.State@41948c13]
State state590 transitions to: [com.luis.tfg.ExecutionOrder.State@3085befb]
State state592 transitions to: [com.luis.tfg.ExecutionOrder.State@62264d4f]
State state350 transitions to: [com.luis.tfg.ExecutionOrder.State@2bc0603f]
State state591 transitions to: [com.luis.tfg.ExecutionOrder.State@4ed19540]
State state594 transitions to: [com.luis.tfg.ExecutionOrder.State@533e8807]
State state352 transitions to: [com.luis.tfg.ExecutionOrder.State@322eb1a]
State state110 transitions to: [com.luis.tfg.ExecutionOrder.State@2b4ba2d9]
State state593 transitions to: [com.luis.tfg.ExecutionOrder.State@69f24965]
State state351 transitions to: [com.luis.tfg.ExecutionOrder.State@4eab9aec]
State state585 transitions to: [com.luis.tfg.ExecutionOrder.State@5a45c218]
State state343 transitions to: [com.luis.tfg.ExecutionOrder.State@2c6efee3]
State state101 transitions to: [com.luis.tfg.ExecutionOrder.State@57ac236a]
State state584 transitions to: [com.luis.tfg.ExecutionOrder.State@4542af89]
State state342 transitions to: [com.luis.tfg.ExecutionOrder.State@3163e03b]
State state100 transitions to: [com.luis.tfg.ExecutionOrder.State@6aa18912]
State state587 transitions to: [com.luis.tfg.ExecutionOrder.State@5c20505f]
State state345 transitions to: [com.luis.tfg.ExecutionOrder.State@cce92b5]
State state103 transitions to: [com.luis.tfg.ExecutionOrder.State@2202c92f]
State state586 transitions to: [com.luis.tfg.ExecutionOrder.State@440d2d64]
State state344 transitions to: [com.luis.tfg.ExecutionOrder.State@1a712f12]
State state102 transitions to: [com.luis.tfg.ExecutionOrder.State@62525dd3]
State state589 transitions to: [com.luis.tfg.ExecutionOrder.State@56adbb07]
State state347 transitions to: [com.luis.tfg.ExecutionOrder.State@7be6dabb]
State state105 transitions to: [com.luis.tfg.ExecutionOrder.State@68fc636a]
State state588 transitions to: [com.luis.tfg.ExecutionOrder.State@18301763]
State state346 transitions to: [com.luis.tfg.ExecutionOrder.State@237ee2e1]
State state104 transitions to: [com.luis.tfg.ExecutionOrder.State@6e00d737]
State state349 transitions to: [com.luis.tfg.ExecutionOrder.State@656c0eae]
State state107 transitions to: [com.luis.tfg.ExecutionOrder.State@7d7f966f]
State state348 transitions to: [com.luis.tfg.ExecutionOrder.State@29c21acb]
State state106 transitions to: [com.luis.tfg.ExecutionOrder.State@4113d9ab]
State state109 transitions to: [com.luis.tfg.ExecutionOrder.State@448fa659]
State state108 transitions to: [com.luis.tfg.ExecutionOrder.State@45c28c49]
State state361 transitions to: [com.luis.tfg.ExecutionOrder.State@7c6fc278]
State state360 transitions to: [com.luis.tfg.ExecutionOrder.State@23ee92df]
State state363 transitions to: [com.luis.tfg.ExecutionOrder.State@1a6a4595]
State state121 transitions to: [com.luis.tfg.ExecutionOrder.State@4b1b2255]
State state362 transitions to: [com.luis.tfg.ExecutionOrder.State@4965454c]
State state120 transitions to: [com.luis.tfg.ExecutionOrder.State@1e4a4ed5]
State state596 transitions to: [com.luis.tfg.ExecutionOrder.State@5644f664]
State state354 transitions to: [com.luis.tfg.ExecutionOrder.State@445f6f73]
State state112 transitions to: [com.luis.tfg.ExecutionOrder.State@27f31d91]
State state595 transitions to: [com.luis.tfg.ExecutionOrder.State@6b03c35c]
State state353 transitions to: [com.luis.tfg.ExecutionOrder.State@1a05ff8e]
State state111 transitions to: [com.luis.tfg.ExecutionOrder.State@251e2f4a]
State state598 transitions to: [com.luis.tfg.ExecutionOrder.State@1abea1ed]
State state356 transitions to: [com.luis.tfg.ExecutionOrder.State@6f5288c5]
State state114 transitions to: [com.luis.tfg.ExecutionOrder.State@5a9ef32e]
State state597 transitions to: [com.luis.tfg.ExecutionOrder.State@e2ee348]
State state355 transitions to: [com.luis.tfg.ExecutionOrder.State@61f08aa9]
State state113 transitions to: [com.luis.tfg.ExecutionOrder.State@1a1f22f2]
State state358 transitions to: [com.luis.tfg.ExecutionOrder.State@37b5a51c]
State state116 transitions to: [com.luis.tfg.ExecutionOrder.State@4e782401]
State state599 transitions to: [com.luis.tfg.ExecutionOrder.State@2bb84aa5]
State state357 transitions to: [com.luis.tfg.ExecutionOrder.State@4853f592]
State state115 transitions to: [com.luis.tfg.ExecutionOrder.State@52d434c1]
State state118 transitions to: [com.luis.tfg.ExecutionOrder.State@5d035ab6]
State state359 transitions to: [com.luis.tfg.ExecutionOrder.State@3407ded1]
State state117 transitions to: [com.luis.tfg.ExecutionOrder.State@63af52a6]
State state119 transitions to: [com.luis.tfg.ExecutionOrder.State@10ae002e]
State state93 transitions to: [com.luis.tfg.ExecutionOrder.State@573f2e67]
State state92 transitions to: [com.luis.tfg.ExecutionOrder.State@5d449307]
State state91 transitions to: [com.luis.tfg.ExecutionOrder.State@44e7c06b]
State state90 transitions to: [com.luis.tfg.ExecutionOrder.State@24a807a9]
State state97 transitions to: [com.luis.tfg.ExecutionOrder.State@aca594d]
State state96 transitions to: [com.luis.tfg.ExecutionOrder.State@736f2fb8]
State state95 transitions to: [com.luis.tfg.ExecutionOrder.State@9715d26]
State state94 transitions to: [com.luis.tfg.ExecutionOrder.State@6d8096ee]
State state770 transitions to: [com.luis.tfg.ExecutionOrder.State@35d8ba22]
State state761 transitions to: [com.luis.tfg.ExecutionOrder.State@3fc051ce]
State state760 transitions to: [com.luis.tfg.ExecutionOrder.State@3c5bb37d]
State state763 transitions to: [com.luis.tfg.ExecutionOrder.State@558575fe]
State state521 transitions to: [com.luis.tfg.ExecutionOrder.State@25fcdcc6]
State state762 transitions to: [com.luis.tfg.ExecutionOrder.State@180fb796]
State state520 transitions to: [com.luis.tfg.ExecutionOrder.State@79ae3fb1]
State state765 transitions to: [com.luis.tfg.ExecutionOrder.State@7fa8fff]
State state523 transitions to: [com.luis.tfg.ExecutionOrder.State@4423692a]
State state764 transitions to: [com.luis.tfg.ExecutionOrder.State@2175d53f]
State state522 transitions to: [com.luis.tfg.ExecutionOrder.State@29ae2517]
State state767 transitions to: [com.luis.tfg.ExecutionOrder.State@7a78d2aa]
State state525 transitions to: [com.luis.tfg.ExecutionOrder.State@254d8ef6]
State state766 transitions to: [com.luis.tfg.ExecutionOrder.State@2a9e7b4d]
State state524 transitions to: [com.luis.tfg.ExecutionOrder.State@72406594]
State state769 transitions to: [com.luis.tfg.ExecutionOrder.State@4e1104f4]
State state527 transitions to: [com.luis.tfg.ExecutionOrder.State@76219fe]
State state768 transitions to: [com.luis.tfg.ExecutionOrder.State@5eff5e4c]
State state526 transitions to: [com.luis.tfg.ExecutionOrder.State@2fe2fcc2]
State state529 transitions to: [com.luis.tfg.ExecutionOrder.State@69926b6e]
State state99 transitions to: [com.luis.tfg.ExecutionOrder.State@7ea8224b]
State state528 transitions to: [com.luis.tfg.ExecutionOrder.State@5a010eec]
State state98 transitions to: [com.luis.tfg.ExecutionOrder.State@623ded82]
State state82 transitions to: [com.luis.tfg.ExecutionOrder.State@180e33b0]
State state81 transitions to: [com.luis.tfg.ExecutionOrder.State@270be080]
State state80 transitions to: [com.luis.tfg.ExecutionOrder.State@752ffce3]
State state86 transitions to: [com.luis.tfg.ExecutionOrder.State@78f35e39]
State state85 transitions to: [com.luis.tfg.ExecutionOrder.State@11896124]
State state84 transitions to: [com.luis.tfg.ExecutionOrder.State@69fe8c75]
State state83 transitions to: [com.luis.tfg.ExecutionOrder.State@633cad4d]
State state781 transitions to: [com.luis.tfg.ExecutionOrder.State@15c3585]
State state780 transitions to: [com.luis.tfg.ExecutionOrder.State@5b86f4cb]
State state772 transitions to: [com.luis.tfg.ExecutionOrder.State@468646ea]
State state530 transitions to: [com.luis.tfg.ExecutionOrder.State@4056cdb2]
State state771 transitions to: [com.luis.tfg.ExecutionOrder.State@20462820]
State state774 transitions to: [com.luis.tfg.ExecutionOrder.State@4c0ab04f]
State state532 transitions to: [com.luis.tfg.ExecutionOrder.State@384f0e32]
State state773 transitions to: [com.luis.tfg.ExecutionOrder.State@4e826fd4]
State state531 transitions to: [com.luis.tfg.ExecutionOrder.State@5f14590c]
State state776 transitions to: [com.luis.tfg.ExecutionOrder.State@46051269]
State state534 transitions to: [com.luis.tfg.ExecutionOrder.State@67baa05]
State state775 transitions to: [com.luis.tfg.ExecutionOrder.State@5b5a89d1]
State state533 transitions to: [com.luis.tfg.ExecutionOrder.State@267b678f]
State state778 transitions to: [com.luis.tfg.ExecutionOrder.State@4803bf73]
State state536 transitions to: [com.luis.tfg.ExecutionOrder.State@13731ff4]
State state777 transitions to: [com.luis.tfg.ExecutionOrder.State@1ce8084a]
State state535 transitions to: [com.luis.tfg.ExecutionOrder.State@61d24347]
State state538 transitions to: [com.luis.tfg.ExecutionOrder.State@347f8029]
State state779 transitions to: [com.luis.tfg.ExecutionOrder.State@3f78a5ed]
State state537 transitions to: [com.luis.tfg.ExecutionOrder.State@630e5010]
State state89 transitions to: [com.luis.tfg.ExecutionOrder.State@10b5ff4d]
State state88 transitions to: [com.luis.tfg.ExecutionOrder.State@58835bba]
State state539 transitions to: [com.luis.tfg.ExecutionOrder.State@222eda8a]
State state87 transitions to: [com.luis.tfg.ExecutionOrder.State@3331800f]
State state71 transitions to: [com.luis.tfg.ExecutionOrder.State@c414eb3]
State state70 transitions to: [com.luis.tfg.ExecutionOrder.State@4edd8a0a]
State state75 transitions to: [com.luis.tfg.ExecutionOrder.State@1a73f3d1]
State state74 transitions to: [com.luis.tfg.ExecutionOrder.State@257d3968]
State state73 transitions to: [com.luis.tfg.ExecutionOrder.State@23cfdfa2]
State state72 transitions to: [com.luis.tfg.ExecutionOrder.State@1e09c0b]
State INITIAL transitions to: [com.luis.tfg.ExecutionOrder.State@4880a9d]
State state790 transitions to: [com.luis.tfg.ExecutionOrder.State@48f2d51d]
State state792 transitions to: [com.luis.tfg.ExecutionOrder.State@151d216e]
State state550 transitions to: [com.luis.tfg.ExecutionOrder.State@1018f702]
State state791 transitions to: [com.luis.tfg.ExecutionOrder.State@5400db7e]
State state783 transitions to: [com.luis.tfg.ExecutionOrder.State@a84b6de]
State state541 transitions to: [com.luis.tfg.ExecutionOrder.State@76eee0b1]
State state782 transitions to: [com.luis.tfg.ExecutionOrder.State@2119b989]
State state540 transitions to: [com.luis.tfg.ExecutionOrder.State@73905dff]
State state785 transitions to: [com.luis.tfg.ExecutionOrder.State@5c0d3715]
State state543 transitions to: [com.luis.tfg.ExecutionOrder.State@5d67bf4d]
State state301 transitions to: [com.luis.tfg.ExecutionOrder.State@31de8099]
State state784 transitions to: [com.luis.tfg.ExecutionOrder.State@40d04cf8]
State state542 transitions to: [com.luis.tfg.ExecutionOrder.State@75507e68]
State state300 transitions to: [com.luis.tfg.ExecutionOrder.State@152d2a58]
State state787 transitions to: [com.luis.tfg.ExecutionOrder.State@50b2ba2c]
State state545 transitions to: [com.luis.tfg.ExecutionOrder.State@12478b4e]
State state303 transitions to: [com.luis.tfg.ExecutionOrder.State@64921450]
State state786 transitions to: [com.luis.tfg.ExecutionOrder.State@18918d70]
State state544 transitions to: [com.luis.tfg.ExecutionOrder.State@5d373794]
State state302 transitions to: [com.luis.tfg.ExecutionOrder.State@7304ca87]
State state789 transitions to: [com.luis.tfg.ExecutionOrder.State@7c07023]
State state547 transitions to: [com.luis.tfg.ExecutionOrder.State@13ae87a6]
State state305 transitions to: [com.luis.tfg.ExecutionOrder.State@774189d0]
State state788 transitions to: [com.luis.tfg.ExecutionOrder.State@22c4354d]
State state546 transitions to: [com.luis.tfg.ExecutionOrder.State@2681185e]
State state304 transitions to: [com.luis.tfg.ExecutionOrder.State@41f5389f]
State state549 transitions to: [com.luis.tfg.ExecutionOrder.State@3a012678]
State state307 transitions to: [com.luis.tfg.ExecutionOrder.State@396c1228]
State state79 transitions to: [com.luis.tfg.ExecutionOrder.State@1701beb3]
State state548 transitions to: [com.luis.tfg.ExecutionOrder.State@7f584d0c]
State state306 transitions to: [com.luis.tfg.ExecutionOrder.State@4c599679]
State state78 transitions to: [com.luis.tfg.ExecutionOrder.State@15fd3088]
State state309 transitions to: [com.luis.tfg.ExecutionOrder.State@f13e0a2]
State state77 transitions to: [com.luis.tfg.ExecutionOrder.State@329efc61]
State state308 transitions to: [com.luis.tfg.ExecutionOrder.State@32f45e15]
State state76 transitions to: [com.luis.tfg.ExecutionOrder.State@4e7151b3]
State state60 transitions to: [com.luis.tfg.ExecutionOrder.State@5ef7ae2f]
State state64 transitions to: [com.luis.tfg.ExecutionOrder.State@1bcf2c64]
State state63 transitions to: [com.luis.tfg.ExecutionOrder.State@b5bddfe]
State state62 transitions to: [com.luis.tfg.ExecutionOrder.State@4fe3f9ef]
State state61 transitions to: [com.luis.tfg.ExecutionOrder.State@2c86b0ea]
State state561 transitions to: [com.luis.tfg.ExecutionOrder.State@4e481512]
State state560 transitions to: [com.luis.tfg.ExecutionOrder.State@1ba98508]
State state794 transitions to: [com.luis.tfg.ExecutionOrder.State@4b552b13]
State state552 transitions to: [com.luis.tfg.ExecutionOrder.State@524dd373]
State state310 transitions to: [com.luis.tfg.ExecutionOrder.State@5ca3acad]
State state793 transitions to: [com.luis.tfg.ExecutionOrder.State@b75f3f4]
State state551 transitions to: [com.luis.tfg.ExecutionOrder.State@691a5c3a]
State state796 transitions to: [com.luis.tfg.ExecutionOrder.State@5570dc21]
State state554 transitions to: [com.luis.tfg.ExecutionOrder.State@1477d4e6]
State state312 transitions to: [com.luis.tfg.ExecutionOrder.State@30b97fcf]
State state795 transitions to: [com.luis.tfg.ExecutionOrder.State@b791e6e]
State state553 transitions to: [com.luis.tfg.ExecutionOrder.State@583b4af4]
State state311 transitions to: [com.luis.tfg.ExecutionOrder.State@72c175f1]
State state798 transitions to: [com.luis.tfg.ExecutionOrder.State@9fd3b61]
State state556 transitions to: [com.luis.tfg.ExecutionOrder.State@4a34de5e]
State state314 transitions to: [com.luis.tfg.ExecutionOrder.State@48da5106]
State state797 transitions to: [com.luis.tfg.ExecutionOrder.State@31cddb11]
State state555 transitions to: [com.luis.tfg.ExecutionOrder.State@510bd87a]
State state313 transitions to: [com.luis.tfg.ExecutionOrder.State@3d213a2b]
State state558 transitions to: [com.luis.tfg.ExecutionOrder.State@27691ee8]
State state316 transitions to: [com.luis.tfg.ExecutionOrder.State@78a34c47]
State state799 transitions to: [com.luis.tfg.ExecutionOrder.State@77648321]
State state557 transitions to: [com.luis.tfg.ExecutionOrder.State@43201f84]
State state315 transitions to: [com.luis.tfg.ExecutionOrder.State@2c51c756]
State state318 transitions to: [com.luis.tfg.ExecutionOrder.State@4ef277ef]
State state68 transitions to: [com.luis.tfg.ExecutionOrder.State@1ddc889b]
State state559 transitions to: [com.luis.tfg.ExecutionOrder.State@5ec3689b]
State state317 transitions to: [com.luis.tfg.ExecutionOrder.State@7c0a6f62]
State state67 transitions to: [com.luis.tfg.ExecutionOrder.State@219a2203]
State state66 transitions to: [com.luis.tfg.ExecutionOrder.State@58fbfefb]
State state319 transitions to: [com.luis.tfg.ExecutionOrder.State@1db9c2cf]
State state65 transitions to: [com.luis.tfg.ExecutionOrder.State@32e7df65]
State state69 transitions to: [com.luis.tfg.ExecutionOrder.State@421d7900]
State state291 transitions to: [com.luis.tfg.ExecutionOrder.State@45964b9e]
State state290 transitions to: [com.luis.tfg.ExecutionOrder.State@166a5659]
State state293 transitions to: [com.luis.tfg.ExecutionOrder.State@1afabf06]
State state292 transitions to: [com.luis.tfg.ExecutionOrder.State@33060020]
State state295 transitions to: [com.luis.tfg.ExecutionOrder.State@443b6765]
State state294 transitions to: [com.luis.tfg.ExecutionOrder.State@a72925]
State state297 transitions to: [com.luis.tfg.ExecutionOrder.State@4feaa4b8]
State state296 transitions to: [com.luis.tfg.ExecutionOrder.State@4c6eaa65]
State state288 transitions to: [com.luis.tfg.ExecutionOrder.State@53f1fcc2]
State state287 transitions to: [com.luis.tfg.ExecutionOrder.State@6a261998]
State state289 transitions to: [com.luis.tfg.ExecutionOrder.State@70f3bf00]
State state299 transitions to: [com.luis.tfg.ExecutionOrder.State@49770ef9]
State state298 transitions to: [com.luis.tfg.ExecutionOrder.State@15bcecf9]
State state491 transitions to: [com.luis.tfg.ExecutionOrder.State@4f0cdd0f]
State state490 transitions to: [com.luis.tfg.ExecutionOrder.State@22ea6051]
State state493 transitions to: [com.luis.tfg.ExecutionOrder.State@539bb233]
State state251 transitions to: [com.luis.tfg.ExecutionOrder.State@21b2579d]
State state492 transitions to: [com.luis.tfg.ExecutionOrder.State@87f1201]
State state250 transitions to: [com.luis.tfg.ExecutionOrder.State@796613b7]
State state495 transitions to: [com.luis.tfg.ExecutionOrder.State@77622c82]
State state253 transitions to: [com.luis.tfg.ExecutionOrder.State@44df834c]
State state494 transitions to: [com.luis.tfg.ExecutionOrder.State@34c07ecc]
State state252 transitions to: [com.luis.tfg.ExecutionOrder.State@7df23848]
State state486 transitions to: [com.luis.tfg.ExecutionOrder.State@1b120d48]
State state244 transitions to: [com.luis.tfg.ExecutionOrder.State@236f3885]
State state485 transitions to: [com.luis.tfg.ExecutionOrder.State@14ee143a]
State state243 transitions to: [com.luis.tfg.ExecutionOrder.State@78324e97]
State state488 transitions to: [com.luis.tfg.ExecutionOrder.State@73417494]
State state246 transitions to: [com.luis.tfg.ExecutionOrder.State@29b0c169]
State state487 transitions to: [com.luis.tfg.ExecutionOrder.State@4d1b4fa1]
State state245 transitions to: [com.luis.tfg.ExecutionOrder.State@27b7e663]
State state248 transitions to: [com.luis.tfg.ExecutionOrder.State@5f2ad3d5]
State state489 transitions to: [com.luis.tfg.ExecutionOrder.State@703eead0]
State state247 transitions to: [com.luis.tfg.ExecutionOrder.State@674fd531]
State state249 transitions to: [com.luis.tfg.ExecutionOrder.State@7f53b345]
State state260 transitions to: [com.luis.tfg.ExecutionOrder.State@76ee7301]
State state262 transitions to: [com.luis.tfg.ExecutionOrder.State@71817f66]
State state261 transitions to: [com.luis.tfg.ExecutionOrder.State@68feca3a]
State state264 transitions to: [com.luis.tfg.ExecutionOrder.State@ad585fb]
State state263 transitions to: [com.luis.tfg.ExecutionOrder.State@fa689db]
State state497 transitions to: [com.luis.tfg.ExecutionOrder.State@75a6bd06]
State state255 transitions to: [com.luis.tfg.ExecutionOrder.State@6b170692]
State state496 transitions to: [com.luis.tfg.ExecutionOrder.State@4d4bac56]
State state254 transitions to: [com.luis.tfg.ExecutionOrder.State@76980c75]
State state499 transitions to: [com.luis.tfg.ExecutionOrder.State@3696d12d]
State state257 transitions to: [com.luis.tfg.ExecutionOrder.State@656672fb]
State state498 transitions to: [com.luis.tfg.ExecutionOrder.State@75df4b1d]
State state256 transitions to: [com.luis.tfg.ExecutionOrder.State@43120a77]
State state259 transitions to: [com.luis.tfg.ExecutionOrder.State@430db481]
State state258 transitions to: [com.luis.tfg.ExecutionOrder.State@15aaf7b1]
State state271 transitions to: [com.luis.tfg.ExecutionOrder.State@1a22c1ba]
State state270 transitions to: [com.luis.tfg.ExecutionOrder.State@4930213b]
State state273 transitions to: [com.luis.tfg.ExecutionOrder.State@67372d20]
State state272 transitions to: [com.luis.tfg.ExecutionOrder.State@25e24908]
State state275 transitions to: [com.luis.tfg.ExecutionOrder.State@2941631f]
State state274 transitions to: [com.luis.tfg.ExecutionOrder.State@6130a6f5]
State state266 transitions to: [com.luis.tfg.ExecutionOrder.State@3fb0d9de]
State state265 transitions to: [com.luis.tfg.ExecutionOrder.State@8ad6d29]
State state268 transitions to: [com.luis.tfg.ExecutionOrder.State@2ad6aeb8]
State state267 transitions to: [com.luis.tfg.ExecutionOrder.State@4e35a219]
State state269 transitions to: [com.luis.tfg.ExecutionOrder.State@7772ec28]
State state280 transitions to: [com.luis.tfg.ExecutionOrder.State@14d513ca]
State state282 transitions to: [com.luis.tfg.ExecutionOrder.State@be9cc86]
State state281 transitions to: [com.luis.tfg.ExecutionOrder.State@68af8288]
State state284 transitions to: [com.luis.tfg.ExecutionOrder.State@8dc3019]
State state283 transitions to: [com.luis.tfg.ExecutionOrder.State@34ab398b]
State state286 transitions to: [com.luis.tfg.ExecutionOrder.State@71634e64]
State state285 transitions to: [com.luis.tfg.ExecutionOrder.State@65cc3902]
State state277 transitions to: [com.luis.tfg.ExecutionOrder.State@c79915a]
State state276 transitions to: [com.luis.tfg.ExecutionOrder.State@6173863f]
State state279 transitions to: [com.luis.tfg.ExecutionOrder.State@a08e41b]
State state278 transitions to: [com.luis.tfg.ExecutionOrder.State@e08d871]
State state9 transitions to: [com.luis.tfg.ExecutionOrder.State@4ebb7bab]
State state6 transitions to: [com.luis.tfg.ExecutionOrder.State@33845e3d]
State state5 transitions to: [com.luis.tfg.ExecutionOrder.State@7e615c6a]
State state8 transitions to: [com.luis.tfg.ExecutionOrder.State@3662c887]
State state7 transitions to: [com.luis.tfg.ExecutionOrder.State@23119bc3]
State state2 transitions to: [com.luis.tfg.ExecutionOrder.State@32f54c2a]
State state1 transitions to: [com.luis.tfg.ExecutionOrder.State@4603c412]
State state4 transitions to: [com.luis.tfg.ExecutionOrder.State@66851aa5]
State state3 transitions to: [com.luis.tfg.ExecutionOrder.State@49654a35]
State state909 transitions to: [com.luis.tfg.ExecutionOrder.State@5169db2f]
State state908 transitions to: [com.luis.tfg.ExecutionOrder.State@912a644]
State state901 transitions to: [com.luis.tfg.ExecutionOrder.State@478cc5f1]
State state900 transitions to: [com.luis.tfg.ExecutionOrder.State@245b0bd7]
State state903 transitions to: [com.luis.tfg.ExecutionOrder.State@3bf41cd0]
State state902 transitions to: [com.luis.tfg.ExecutionOrder.State@2748bd6c]
State state905 transitions to: [com.luis.tfg.ExecutionOrder.State@64a4739]
State state904 transitions to: [com.luis.tfg.ExecutionOrder.State@7ab3f194]
State state907 transitions to: [com.luis.tfg.ExecutionOrder.State@613a608e]
State state906 transitions to: [com.luis.tfg.ExecutionOrder.State@37b1218]
State state919 transitions to: [com.luis.tfg.ExecutionOrder.State@575cfec1]
State state0 transitions to: [com.luis.tfg.ExecutionOrder.State@32068aef]
State state910 transitions to: [com.luis.tfg.ExecutionOrder.State@8ab231]
State state912 transitions to: [com.luis.tfg.ExecutionOrder.State@5b3a8bea]
State state911 transitions to: [com.luis.tfg.ExecutionOrder.State@6ba0dcba]
State state914 transitions to: [com.luis.tfg.ExecutionOrder.State@6d7772d3]
State state913 transitions to: [com.luis.tfg.ExecutionOrder.State@38394e76]
State state916 transitions to: [com.luis.tfg.ExecutionOrder.State@37d3e740]
State state915 transitions to: [com.luis.tfg.ExecutionOrder.State@5afba80c]
State state918 transitions to: [com.luis.tfg.ExecutionOrder.State@c4ca86a]
State state917 transitions to: [com.luis.tfg.ExecutionOrder.State@7e741d6b]
[DEBUG] Complete StateMachine transitions:
State state840 transitions to: [com.luis.tfg.ExecutionOrder.State@662d3e85]
State state842 transitions to: [com.luis.tfg.ExecutionOrder.State@5598dff2]
State state600 transitions to: [com.luis.tfg.ExecutionOrder.State@92b1bda]
State state841 transitions to: [com.luis.tfg.ExecutionOrder.State@57bfca3a]
State state844 transitions to: [com.luis.tfg.ExecutionOrder.State@58690f5e]
State state602 transitions to: [com.luis.tfg.ExecutionOrder.State@4b9d2cee]
State state843 transitions to: [com.luis.tfg.ExecutionOrder.State@1a390b8c]
State state601 transitions to: [com.luis.tfg.ExecutionOrder.State@337eeceb]
State state846 transitions to: [com.luis.tfg.ExecutionOrder.State@237d0625]
State state604 transitions to: [com.luis.tfg.ExecutionOrder.State@1a5a4f8]
State state845 transitions to: [com.luis.tfg.ExecutionOrder.State@5392aa2b]
State state603 transitions to: [com.luis.tfg.ExecutionOrder.State@174f0d06]
State state848 transitions to: [com.luis.tfg.ExecutionOrder.State@5cc87de4]
State state606 transitions to: [com.luis.tfg.ExecutionOrder.State@706690e1]
State state847 transitions to: [com.luis.tfg.ExecutionOrder.State@3663af34]
State state605 transitions to: [com.luis.tfg.ExecutionOrder.State@59aba3c3]
State state608 transitions to: [com.luis.tfg.ExecutionOrder.State@4693d24f]
State state849 transitions to: [com.luis.tfg.ExecutionOrder.State@236a3e4]
State state607 transitions to: [com.luis.tfg.ExecutionOrder.State@2987b699]
State state609 transitions to: [com.luis.tfg.ExecutionOrder.State@2d36add1]
State state851 transitions to: [com.luis.tfg.ExecutionOrder.State@75ef1392]
State state850 transitions to: [com.luis.tfg.ExecutionOrder.State@4271b748]
State state853 transitions to: [com.luis.tfg.ExecutionOrder.State@56d6e2e1]
State state611 transitions to: [com.luis.tfg.ExecutionOrder.State@4e9695cf]
State state852 transitions to: [com.luis.tfg.ExecutionOrder.State@43e86c0c]
State state610 transitions to: [com.luis.tfg.ExecutionOrder.State@c6c58ce]
State state855 transitions to: [com.luis.tfg.ExecutionOrder.State@6d4c7248]
State state613 transitions to: [com.luis.tfg.ExecutionOrder.State@178ebac3]
State state854 transitions to: [com.luis.tfg.ExecutionOrder.State@17063c32]
State state612 transitions to: [com.luis.tfg.ExecutionOrder.State@79c2bc34]
State state857 transitions to: [com.luis.tfg.ExecutionOrder.State@77925f76]
State state615 transitions to: [com.luis.tfg.ExecutionOrder.State@15a8bbe5]
State state856 transitions to: [com.luis.tfg.ExecutionOrder.State@3369e2ce]
State state614 transitions to: [com.luis.tfg.ExecutionOrder.State@5f26cb8b]
State state859 transitions to: [com.luis.tfg.ExecutionOrder.State@3a2a56f6]
State state617 transitions to: [com.luis.tfg.ExecutionOrder.State@6a8da5c5]
State state858 transitions to: [com.luis.tfg.ExecutionOrder.State@160e45c8]
State state616 transitions to: [com.luis.tfg.ExecutionOrder.State@7f9dbe11]
State state619 transitions to: [com.luis.tfg.ExecutionOrder.State@17e8caf2]
State state618 transitions to: [com.luis.tfg.ExecutionOrder.State@104cf647]
State state860 transitions to: [com.luis.tfg.ExecutionOrder.State@7488c183]
State state862 transitions to: [com.luis.tfg.ExecutionOrder.State@66779435]
State state620 transitions to: [com.luis.tfg.ExecutionOrder.State@37196d53]
State state861 transitions to: [com.luis.tfg.ExecutionOrder.State@40105b39]
State state864 transitions to: [com.luis.tfg.ExecutionOrder.State@72a61e61]
State state622 transitions to: [com.luis.tfg.ExecutionOrder.State@282aea3c]
State state863 transitions to: [com.luis.tfg.ExecutionOrder.State@54a5799f]
State state621 transitions to: [com.luis.tfg.ExecutionOrder.State@162e29a1]
State state866 transitions to: [com.luis.tfg.ExecutionOrder.State@54b96813]
State state624 transitions to: [com.luis.tfg.ExecutionOrder.State@2b3d03b2]
State state865 transitions to: [com.luis.tfg.ExecutionOrder.State@542beecb]
State state623 transitions to: [com.luis.tfg.ExecutionOrder.State@332fa6ce]
State state868 transitions to: [com.luis.tfg.ExecutionOrder.State@2cc9a948]
State state626 transitions to: [com.luis.tfg.ExecutionOrder.State@6f2a1ff0]
State state867 transitions to: [com.luis.tfg.ExecutionOrder.State@647ce968]
State state625 transitions to: [com.luis.tfg.ExecutionOrder.State@2a2b3aff]
State state628 transitions to: [com.luis.tfg.ExecutionOrder.State@4bc9451b]
State state869 transitions to: [com.luis.tfg.ExecutionOrder.State@74a3160d]
State state627 transitions to: [com.luis.tfg.ExecutionOrder.State@77978658]
State state629 transitions to: [com.luis.tfg.ExecutionOrder.State@498b697]
State state880 transitions to: [com.luis.tfg.ExecutionOrder.State@5f8da82]
State state871 transitions to: [com.luis.tfg.ExecutionOrder.State@6987b74e]
State state870 transitions to: [com.luis.tfg.ExecutionOrder.State@22e95960]
State state873 transitions to: [com.luis.tfg.ExecutionOrder.State@63846fa4]
State state631 transitions to: [com.luis.tfg.ExecutionOrder.State@206b959c]
State state872 transitions to: [com.luis.tfg.ExecutionOrder.State@74026b18]
State state630 transitions to: [com.luis.tfg.ExecutionOrder.State@1cc81ea1]
State state875 transitions to: [com.luis.tfg.ExecutionOrder.State@5cf1bbd3]
State state633 transitions to: [com.luis.tfg.ExecutionOrder.State@204a02a4]
State state874 transitions to: [com.luis.tfg.ExecutionOrder.State@4777f71e]
State state632 transitions to: [com.luis.tfg.ExecutionOrder.State@1b96d447]
State state877 transitions to: [com.luis.tfg.ExecutionOrder.State@4a68cbc5]
State state635 transitions to: [com.luis.tfg.ExecutionOrder.State@3a47bf0e]
State state876 transitions to: [com.luis.tfg.ExecutionOrder.State@4270705f]
State state634 transitions to: [com.luis.tfg.ExecutionOrder.State@6f69b0ba]
State state879 transitions to: [com.luis.tfg.ExecutionOrder.State@63537871]
State state637 transitions to: [com.luis.tfg.ExecutionOrder.State@64eb14da]
State state878 transitions to: [com.luis.tfg.ExecutionOrder.State@25587290]
State state636 transitions to: [com.luis.tfg.ExecutionOrder.State@716eae1]
State state639 transitions to: [com.luis.tfg.ExecutionOrder.State@7ffe8a82]
State state638 transitions to: [com.luis.tfg.ExecutionOrder.State@430f0c63]
State state809 transitions to: [com.luis.tfg.ExecutionOrder.State@25a52a60]
State state800 transitions to: [com.luis.tfg.ExecutionOrder.State@15549dd7]
State state802 transitions to: [com.luis.tfg.ExecutionOrder.State@1e75af65]
State state801 transitions to: [com.luis.tfg.ExecutionOrder.State@25a2c4dc]
State state804 transitions to: [com.luis.tfg.ExecutionOrder.State@29d81c22]
State state803 transitions to: [com.luis.tfg.ExecutionOrder.State@18d396eb]
State state806 transitions to: [com.luis.tfg.ExecutionOrder.State@2bee1c13]
State state805 transitions to: [com.luis.tfg.ExecutionOrder.State@1859b996]
State state808 transitions to: [com.luis.tfg.ExecutionOrder.State@71098fb3]
State state807 transitions to: [com.luis.tfg.ExecutionOrder.State@75e92bb7]
State state811 transitions to: [com.luis.tfg.ExecutionOrder.State@2ebcbf9d]
State state810 transitions to: [com.luis.tfg.ExecutionOrder.State@7bfc36d5]
State state813 transitions to: [com.luis.tfg.ExecutionOrder.State@46b55a0e]
State state812 transitions to: [com.luis.tfg.ExecutionOrder.State@7abd75fc]
State state815 transitions to: [com.luis.tfg.ExecutionOrder.State@31b67d61]
State state814 transitions to: [com.luis.tfg.ExecutionOrder.State@2b66bf1c]
State state817 transitions to: [com.luis.tfg.ExecutionOrder.State@47eff554]
State state816 transitions to: [com.luis.tfg.ExecutionOrder.State@56ec6ac0]
State state819 transitions to: [com.luis.tfg.ExecutionOrder.State@54b35809]
State state818 transitions to: [com.luis.tfg.ExecutionOrder.State@4a3383dc]
State state820 transitions to: [com.luis.tfg.ExecutionOrder.State@72ce8a9b]
State state822 transitions to: [com.luis.tfg.ExecutionOrder.State@47c15468]
State state821 transitions to: [com.luis.tfg.ExecutionOrder.State@9fc2f89]
State state824 transitions to: [com.luis.tfg.ExecutionOrder.State@5f877009]
State state823 transitions to: [com.luis.tfg.ExecutionOrder.State@591ba330]
State state826 transitions to: [com.luis.tfg.ExecutionOrder.State@14b4ce6f]
State state825 transitions to: [com.luis.tfg.ExecutionOrder.State@7c5c2b17]
State state828 transitions to: [com.luis.tfg.ExecutionOrder.State@18bf1bad]
State state827 transitions to: [com.luis.tfg.ExecutionOrder.State@1cb929a9]
State state829 transitions to: [com.luis.tfg.ExecutionOrder.State@2ecc4be7]
State state831 transitions to: [com.luis.tfg.ExecutionOrder.State@3355d9ba]
State state830 transitions to: [com.luis.tfg.ExecutionOrder.State@5357de0e]
State state833 transitions to: [com.luis.tfg.ExecutionOrder.State@6f651ac]
State state832 transitions to: [com.luis.tfg.ExecutionOrder.State@4a29a1e6]
State state835 transitions to: [com.luis.tfg.ExecutionOrder.State@57ac2910]
State state834 transitions to: [com.luis.tfg.ExecutionOrder.State@3a663a45]
State state837 transitions to: [com.luis.tfg.ExecutionOrder.State@e296794]
State state836 transitions to: [com.luis.tfg.ExecutionOrder.State@988c126]
State state839 transitions to: [com.luis.tfg.ExecutionOrder.State@3fda8dae]
State state838 transitions to: [com.luis.tfg.ExecutionOrder.State@34e53c02]
State state691 transitions to: [com.luis.tfg.ExecutionOrder.State@7135e8cd]
State state690 transitions to: [com.luis.tfg.ExecutionOrder.State@3efb863c]
State state693 transitions to: [com.luis.tfg.ExecutionOrder.State@5527dbb0]
State state451 transitions to: [com.luis.tfg.ExecutionOrder.State@483fe83a]
State state692 transitions to: [com.luis.tfg.ExecutionOrder.State@16120270]
State state450 transitions to: [com.luis.tfg.ExecutionOrder.State@74babce8]
State state684 transitions to: [com.luis.tfg.ExecutionOrder.State@1fab0394]
State state442 transitions to: [com.luis.tfg.ExecutionOrder.State@28e24663]
State state200 transitions to: [com.luis.tfg.ExecutionOrder.State@2ee5c08d]
State state683 transitions to: [com.luis.tfg.ExecutionOrder.State@f996445]
State state441 transitions to: [com.luis.tfg.ExecutionOrder.State@48697181]
State state686 transitions to: [com.luis.tfg.ExecutionOrder.State@7282f7b1]
State state444 transitions to: [com.luis.tfg.ExecutionOrder.State@7263b0c4]
State state202 transitions to: [com.luis.tfg.ExecutionOrder.State@361c4981]
State state685 transitions to: [com.luis.tfg.ExecutionOrder.State@35fac3ba]
State state443 transitions to: [com.luis.tfg.ExecutionOrder.State@50a095cb]
State state201 transitions to: [com.luis.tfg.ExecutionOrder.State@3f2afa8b]
State state688 transitions to: [com.luis.tfg.ExecutionOrder.State@6b2efcae]
State state446 transitions to: [com.luis.tfg.ExecutionOrder.State@8aa1562]
State state204 transitions to: [com.luis.tfg.ExecutionOrder.State@5c70c771]
State state687 transitions to: [com.luis.tfg.ExecutionOrder.State@346690d6]
State state445 transitions to: [com.luis.tfg.ExecutionOrder.State@2831c178]
State state203 transitions to: [com.luis.tfg.ExecutionOrder.State@70e8c019]
State state448 transitions to: [com.luis.tfg.ExecutionOrder.State@2a79da3a]
State state206 transitions to: [com.luis.tfg.ExecutionOrder.State@2a191f83]
State state689 transitions to: [com.luis.tfg.ExecutionOrder.State@c8531b9]
State state447 transitions to: [com.luis.tfg.ExecutionOrder.State@3adbd038]
State state205 transitions to: [com.luis.tfg.ExecutionOrder.State@5e976553]
State state208 transitions to: [com.luis.tfg.ExecutionOrder.State@3c108c05]
State state449 transitions to: [com.luis.tfg.ExecutionOrder.State@193d7ac7]
State state207 transitions to: [com.luis.tfg.ExecutionOrder.State@7d0333c8]
State state209 transitions to: [com.luis.tfg.ExecutionOrder.State@185b7cc6]
State state460 transitions to: [com.luis.tfg.ExecutionOrder.State@2093bb6c]
State state462 transitions to: [com.luis.tfg.ExecutionOrder.State@528a16fb]
State state220 transitions to: [com.luis.tfg.ExecutionOrder.State@3673e211]
State state461 transitions to: [com.luis.tfg.ExecutionOrder.State@758d0555]
State state695 transitions to: [com.luis.tfg.ExecutionOrder.State@48788853]
State state453 transitions to: [com.luis.tfg.ExecutionOrder.State@4ac77269]
State state211 transitions to: [com.luis.tfg.ExecutionOrder.State@638d624a]
State state694 transitions to: [com.luis.tfg.ExecutionOrder.State@7eb774c3]
State state452 transitions to: [com.luis.tfg.ExecutionOrder.State@72015156]
State state210 transitions to: [com.luis.tfg.ExecutionOrder.State@3a42145]
State state697 transitions to: [com.luis.tfg.ExecutionOrder.State@bb38c49]
State state455 transitions to: [com.luis.tfg.ExecutionOrder.State@4e67e090]
State state213 transitions to: [com.luis.tfg.ExecutionOrder.State@361483eb]
State state696 transitions to: [com.luis.tfg.ExecutionOrder.State@14983265]
State state454 transitions to: [com.luis.tfg.ExecutionOrder.State@35e357b]
State state212 transitions to: [com.luis.tfg.ExecutionOrder.State@724c26e0]
State state699 transitions to: [com.luis.tfg.ExecutionOrder.State@6055e899]
State state457 transitions to: [com.luis.tfg.ExecutionOrder.State@350be5ec]
State state215 transitions to: [com.luis.tfg.ExecutionOrder.State@478cebdb]
State state698 transitions to: [com.luis.tfg.ExecutionOrder.State@5464aeec]
State state456 transitions to: [com.luis.tfg.ExecutionOrder.State@1b3a95d9]
State state214 transitions to: [com.luis.tfg.ExecutionOrder.State@71f437d7]
State state459 transitions to: [com.luis.tfg.ExecutionOrder.State@5186c801]
State state217 transitions to: [com.luis.tfg.ExecutionOrder.State@20e41f13]
State state458 transitions to: [com.luis.tfg.ExecutionOrder.State@6fbfd28b]
State state216 transitions to: [com.luis.tfg.ExecutionOrder.State@3fa50a24]
State state219 transitions to: [com.luis.tfg.ExecutionOrder.State@58041b11]
State state218 transitions to: [com.luis.tfg.ExecutionOrder.State@58189b85]
State state471 transitions to: [com.luis.tfg.ExecutionOrder.State@49222187]
State state470 transitions to: [com.luis.tfg.ExecutionOrder.State@5e41e6ad]
State state473 transitions to: [com.luis.tfg.ExecutionOrder.State@2665a2e7]
State state231 transitions to: [com.luis.tfg.ExecutionOrder.State@3abdc11d]
State state472 transitions to: [com.luis.tfg.ExecutionOrder.State@624be1d4]
State state230 transitions to: [com.luis.tfg.ExecutionOrder.State@336e17be]
State state464 transitions to: [com.luis.tfg.ExecutionOrder.State@3897f9ae]
State state222 transitions to: [com.luis.tfg.ExecutionOrder.State@6c767288]
State state463 transitions to: [com.luis.tfg.ExecutionOrder.State@510e6b93]
State state221 transitions to: [com.luis.tfg.ExecutionOrder.State@129e45eb]
State state466 transitions to: [com.luis.tfg.ExecutionOrder.State@15c3849f]
State state224 transitions to: [com.luis.tfg.ExecutionOrder.State@4a7e469d]
State state465 transitions to: [com.luis.tfg.ExecutionOrder.State@688efeb2]
State state223 transitions to: [com.luis.tfg.ExecutionOrder.State@85f5f55]
State state468 transitions to: [com.luis.tfg.ExecutionOrder.State@131c5bd]
State state226 transitions to: [com.luis.tfg.ExecutionOrder.State@394331a8]
State state467 transitions to: [com.luis.tfg.ExecutionOrder.State@2627335c]
State state225 transitions to: [com.luis.tfg.ExecutionOrder.State@5470753a]
State state228 transitions to: [com.luis.tfg.ExecutionOrder.State@5b634e24]
State state469 transitions to: [com.luis.tfg.ExecutionOrder.State@7b0dfa91]
State state227 transitions to: [com.luis.tfg.ExecutionOrder.State@642f8b7f]
State state229 transitions to: [com.luis.tfg.ExecutionOrder.State@3321fb65]
State state480 transitions to: [com.luis.tfg.ExecutionOrder.State@7272914b]
State state482 transitions to: [com.luis.tfg.ExecutionOrder.State@663f24e6]
State state240 transitions to: [com.luis.tfg.ExecutionOrder.State@7e532f2d]
State state481 transitions to: [com.luis.tfg.ExecutionOrder.State@42150951]
State state484 transitions to: [com.luis.tfg.ExecutionOrder.State@248b2091]
State state242 transitions to: [com.luis.tfg.ExecutionOrder.State@3b0c38f2]
State state483 transitions to: [com.luis.tfg.ExecutionOrder.State@5cc152f9]
State state241 transitions to: [com.luis.tfg.ExecutionOrder.State@36f497b1]
State state475 transitions to: [com.luis.tfg.ExecutionOrder.State@4b86a656]
State state233 transitions to: [com.luis.tfg.ExecutionOrder.State@1117cc7c]
State state474 transitions to: [com.luis.tfg.ExecutionOrder.State@4797023d]
State state232 transitions to: [com.luis.tfg.ExecutionOrder.State@55cc4c61]
State state477 transitions to: [com.luis.tfg.ExecutionOrder.State@2b06f498]
State state235 transitions to: [com.luis.tfg.ExecutionOrder.State@4ddb9a8]
State state476 transitions to: [com.luis.tfg.ExecutionOrder.State@7b24d5e4]
State state234 transitions to: [com.luis.tfg.ExecutionOrder.State@4c3c31a5]
State state479 transitions to: [com.luis.tfg.ExecutionOrder.State@5002be8e]
State state237 transitions to: [com.luis.tfg.ExecutionOrder.State@39fb5ddf]
State state478 transitions to: [com.luis.tfg.ExecutionOrder.State@642d34f1]
State state236 transitions to: [com.luis.tfg.ExecutionOrder.State@49b180c8]
State state239 transitions to: [com.luis.tfg.ExecutionOrder.State@c02a1be]
State state238 transitions to: [com.luis.tfg.ExecutionOrder.State@6f740044]
State state891 transitions to: [com.luis.tfg.ExecutionOrder.State@62732be7]
State state890 transitions to: [com.luis.tfg.ExecutionOrder.State@278150a1]
State state882 transitions to: [com.luis.tfg.ExecutionOrder.State@3e170abe]
State state640 transitions to: [com.luis.tfg.ExecutionOrder.State@712e4b18]
State state881 transitions to: [com.luis.tfg.ExecutionOrder.State@af96ac9]
State state884 transitions to: [com.luis.tfg.ExecutionOrder.State@27d0376f]
State state642 transitions to: [com.luis.tfg.ExecutionOrder.State@21948bd1]
State state400 transitions to: [com.luis.tfg.ExecutionOrder.State@22617270]
State state883 transitions to: [com.luis.tfg.ExecutionOrder.State@630febd7]
State state641 transitions to: [com.luis.tfg.ExecutionOrder.State@45c2c396]
State state886 transitions to: [com.luis.tfg.ExecutionOrder.State@408d12fc]
State state644 transitions to: [com.luis.tfg.ExecutionOrder.State@69d61a6f]
State state402 transitions to: [com.luis.tfg.ExecutionOrder.State@759b05d1]
State state885 transitions to: [com.luis.tfg.ExecutionOrder.State@2696b687]
State state643 transitions to: [com.luis.tfg.ExecutionOrder.State@ea45a5b]
State state401 transitions to: [com.luis.tfg.ExecutionOrder.State@57f83c82]
State state888 transitions to: [com.luis.tfg.ExecutionOrder.State@7a600e21]
State state646 transitions to: [com.luis.tfg.ExecutionOrder.State@69d1ad64]
State state404 transitions to: [com.luis.tfg.ExecutionOrder.State@458b4487]
State state887 transitions to: [com.luis.tfg.ExecutionOrder.State@53016c98]
State state645 transitions to: [com.luis.tfg.ExecutionOrder.State@296a71df]
State state403 transitions to: [com.luis.tfg.ExecutionOrder.State@4db4431b]
State state648 transitions to: [com.luis.tfg.ExecutionOrder.State@52849956]
State state406 transitions to: [com.luis.tfg.ExecutionOrder.State@ab94a32]
State state889 transitions to: [com.luis.tfg.ExecutionOrder.State@70273633]
State state647 transitions to: [com.luis.tfg.ExecutionOrder.State@1f641fb7]
State state405 transitions to: [com.luis.tfg.ExecutionOrder.State@69dc7b24]
State state408 transitions to: [com.luis.tfg.ExecutionOrder.State@297454f7]
State state649 transitions to: [com.luis.tfg.ExecutionOrder.State@602b7944]
State state407 transitions to: [com.luis.tfg.ExecutionOrder.State@5f8d4b51]
State state409 transitions to: [com.luis.tfg.ExecutionOrder.State@55821edf]
State state660 transitions to: [com.luis.tfg.ExecutionOrder.State@5e5a2b74]
State state893 transitions to: [com.luis.tfg.ExecutionOrder.State@658098a2]
State state651 transitions to: [com.luis.tfg.ExecutionOrder.State@50628080]
State state892 transitions to: [com.luis.tfg.ExecutionOrder.State@155318b5]
State state650 transitions to: [com.luis.tfg.ExecutionOrder.State@1add90e0]
State state895 transitions to: [com.luis.tfg.ExecutionOrder.State@7bf94e91]
State state653 transitions to: [com.luis.tfg.ExecutionOrder.State@3fdbb7ee]
State state411 transitions to: [com.luis.tfg.ExecutionOrder.State@32c08610]
State state894 transitions to: [com.luis.tfg.ExecutionOrder.State@44ec4a38]
State state652 transitions to: [com.luis.tfg.ExecutionOrder.State@755009f2]
State state410 transitions to: [com.luis.tfg.ExecutionOrder.State@1756a471]
State state897 transitions to: [com.luis.tfg.ExecutionOrder.State@2190508d]
State state655 transitions to: [com.luis.tfg.ExecutionOrder.State@70b630d]
State state413 transitions to: [com.luis.tfg.ExecutionOrder.State@72e1e587]
State state896 transitions to: [com.luis.tfg.ExecutionOrder.State@5036a286]
State state654 transitions to: [com.luis.tfg.ExecutionOrder.State@73818435]
State state412 transitions to: [com.luis.tfg.ExecutionOrder.State@2fce8243]
State state899 transitions to: [com.luis.tfg.ExecutionOrder.State@52fe87e0]
State state657 transitions to: [com.luis.tfg.ExecutionOrder.State@37393dab]
State state415 transitions to: [com.luis.tfg.ExecutionOrder.State@4866a755]
State state898 transitions to: [com.luis.tfg.ExecutionOrder.State@1361e880]
State state656 transitions to: [com.luis.tfg.ExecutionOrder.State@3506bc8b]
State state414 transitions to: [com.luis.tfg.ExecutionOrder.State@4bac0be5]
State state659 transitions to: [com.luis.tfg.ExecutionOrder.State@368d51ca]
State state417 transitions to: [com.luis.tfg.ExecutionOrder.State@2a349a73]
State state658 transitions to: [com.luis.tfg.ExecutionOrder.State@2ad6895a]
State state416 transitions to: [com.luis.tfg.ExecutionOrder.State@10e4cc6]
State state419 transitions to: [com.luis.tfg.ExecutionOrder.State@5d515e2c]
State state418 transitions to: [com.luis.tfg.ExecutionOrder.State@53b8a0f7]
State state671 transitions to: [com.luis.tfg.ExecutionOrder.State@4d3a7f83]
State state670 transitions to: [com.luis.tfg.ExecutionOrder.State@3ea1729e]
State state662 transitions to: [com.luis.tfg.ExecutionOrder.State@6956eb58]
State state420 transitions to: [com.luis.tfg.ExecutionOrder.State@7fff419d]
State state661 transitions to: [com.luis.tfg.ExecutionOrder.State@6127ef86]
State state664 transitions to: [com.luis.tfg.ExecutionOrder.State@542754be]
State state422 transitions to: [com.luis.tfg.ExecutionOrder.State@af57949]
State state663 transitions to: [com.luis.tfg.ExecutionOrder.State@f833223]
State state421 transitions to: [com.luis.tfg.ExecutionOrder.State@5186b78a]
State state666 transitions to: [com.luis.tfg.ExecutionOrder.State@3f6a9ba0]
State state424 transitions to: [com.luis.tfg.ExecutionOrder.State@1e749235]
State state665 transitions to: [com.luis.tfg.ExecutionOrder.State@870a9f2]
State state423 transitions to: [com.luis.tfg.ExecutionOrder.State@6c2e7591]
State state668 transitions to: [com.luis.tfg.ExecutionOrder.State@7f2542f]
State state426 transitions to: [com.luis.tfg.ExecutionOrder.State@3dad8bde]
State state667 transitions to: [com.luis.tfg.ExecutionOrder.State@301f9aa0]
State state425 transitions to: [com.luis.tfg.ExecutionOrder.State@2f82e3cf]
State state428 transitions to: [com.luis.tfg.ExecutionOrder.State@3a44993c]
State state669 transitions to: [com.luis.tfg.ExecutionOrder.State@6b6606d1]
State state427 transitions to: [com.luis.tfg.ExecutionOrder.State@27605b87]
State state429 transitions to: [com.luis.tfg.ExecutionOrder.State@1fc4483f]
State state680 transitions to: [com.luis.tfg.ExecutionOrder.State@1d7af82]
State state682 transitions to: [com.luis.tfg.ExecutionOrder.State@5adc71e7]
State state440 transitions to: [com.luis.tfg.ExecutionOrder.State@7fc5a558]
State state681 transitions to: [com.luis.tfg.ExecutionOrder.State@42fd8f2f]
State state673 transitions to: [com.luis.tfg.ExecutionOrder.State@7eea934d]
State state431 transitions to: [com.luis.tfg.ExecutionOrder.State@4700963e]
State state672 transitions to: [com.luis.tfg.ExecutionOrder.State@153d14e3]
State state430 transitions to: [com.luis.tfg.ExecutionOrder.State@3b17759c]
State state675 transitions to: [com.luis.tfg.ExecutionOrder.State@11cdf948]
State state433 transitions to: [com.luis.tfg.ExecutionOrder.State@523f3c29]
State state674 transitions to: [com.luis.tfg.ExecutionOrder.State@2fd8b081]
State state432 transitions to: [com.luis.tfg.ExecutionOrder.State@2fe38b73]
State state677 transitions to: [com.luis.tfg.ExecutionOrder.State@511a307e]
State state435 transitions to: [com.luis.tfg.ExecutionOrder.State@7aef8000]
State state676 transitions to: [com.luis.tfg.ExecutionOrder.State@10d97b64]
State state434 transitions to: [com.luis.tfg.ExecutionOrder.State@2352c21f]
State state679 transitions to: [com.luis.tfg.ExecutionOrder.State@23cb8fcb]
State state437 transitions to: [com.luis.tfg.ExecutionOrder.State@25a2f432]
State state678 transitions to: [com.luis.tfg.ExecutionOrder.State@7efba9b9]
State state436 transitions to: [com.luis.tfg.ExecutionOrder.State@4b8cde43]
State state439 transitions to: [com.luis.tfg.ExecutionOrder.State@34c6b52e]
State state438 transitions to: [com.luis.tfg.ExecutionOrder.State@6f7c4e0]
State state170 transitions to: [com.luis.tfg.ExecutionOrder.State@25e203e6]
State state172 transitions to: [com.luis.tfg.ExecutionOrder.State@8b1bfdf]
State state171 transitions to: [com.luis.tfg.ExecutionOrder.State@95f1422]
State state174 transitions to: [com.luis.tfg.ExecutionOrder.State@31b7112d]
State state173 transitions to: [com.luis.tfg.ExecutionOrder.State@47fc9ce]
State state176 transitions to: [com.luis.tfg.ExecutionOrder.State@1b5d1d9]
State state175 transitions to: [com.luis.tfg.ExecutionOrder.State@703a2bc9]
State state167 transitions to: [com.luis.tfg.ExecutionOrder.State@790d629a]
State state166 transitions to: [com.luis.tfg.ExecutionOrder.State@346e5cc]
State state169 transitions to: [com.luis.tfg.ExecutionOrder.State@2cd2c764]
State state168 transitions to: [com.luis.tfg.ExecutionOrder.State@d17d554]
State state181 transitions to: [com.luis.tfg.ExecutionOrder.State@1f1c7fde]
State state180 transitions to: [com.luis.tfg.ExecutionOrder.State@2b409174]
State state183 transitions to: [com.luis.tfg.ExecutionOrder.State@11939a9f]
State state182 transitions to: [com.luis.tfg.ExecutionOrder.State@229d508c]
State state185 transitions to: [com.luis.tfg.ExecutionOrder.State@5e83298e]
State state184 transitions to: [com.luis.tfg.ExecutionOrder.State@7167d81b]
State state187 transitions to: [com.luis.tfg.ExecutionOrder.State@7cadf3ca]
State state186 transitions to: [com.luis.tfg.ExecutionOrder.State@34fcc5e3]
State state178 transitions to: [com.luis.tfg.ExecutionOrder.State@737445ab]
State state177 transitions to: [com.luis.tfg.ExecutionOrder.State@3c9cfcde]
State state179 transitions to: [com.luis.tfg.ExecutionOrder.State@2f3c7b24]
State state190 transitions to: [com.luis.tfg.ExecutionOrder.State@7dbd70fd]
State state192 transitions to: [com.luis.tfg.ExecutionOrder.State@2cb53bfc]
State state191 transitions to: [com.luis.tfg.ExecutionOrder.State@779448b8]
State state194 transitions to: [com.luis.tfg.ExecutionOrder.State@3bbdf835]
State state193 transitions to: [com.luis.tfg.ExecutionOrder.State@2d114d27]
State state196 transitions to: [com.luis.tfg.ExecutionOrder.State@28fef9a2]
State state195 transitions to: [com.luis.tfg.ExecutionOrder.State@7dfab58d]
State state198 transitions to: [com.luis.tfg.ExecutionOrder.State@29d29657]
State state197 transitions to: [com.luis.tfg.ExecutionOrder.State@e0d9e3f]
State state189 transitions to: [com.luis.tfg.ExecutionOrder.State@516155b5]
State state188 transitions to: [com.luis.tfg.ExecutionOrder.State@799fc4c9]
State state199 transitions to: [com.luis.tfg.ExecutionOrder.State@44428583]
State state370 transitions to: [com.luis.tfg.ExecutionOrder.State@265c0752]
State state372 transitions to: [com.luis.tfg.ExecutionOrder.State@7d4b32d1]
State state130 transitions to: [com.luis.tfg.ExecutionOrder.State@7a75183d]
State state371 transitions to: [com.luis.tfg.ExecutionOrder.State@2acbe46d]
State state374 transitions to: [com.luis.tfg.ExecutionOrder.State@6c6b00f1]
State state132 transitions to: [com.luis.tfg.ExecutionOrder.State@48126a17]
State state373 transitions to: [com.luis.tfg.ExecutionOrder.State@1a7437d8]
State state131 transitions to: [com.luis.tfg.ExecutionOrder.State@6f695077]
State state365 transitions to: [com.luis.tfg.ExecutionOrder.State@5b31a9e3]
State state123 transitions to: [com.luis.tfg.ExecutionOrder.State@282240]
State state364 transitions to: [com.luis.tfg.ExecutionOrder.State@3b590f6a]
State state122 transitions to: [com.luis.tfg.ExecutionOrder.State@1e160a9e]
State state367 transitions to: [com.luis.tfg.ExecutionOrder.State@483ed60e]
State state125 transitions to: [com.luis.tfg.ExecutionOrder.State@9c5d76b]
State state366 transitions to: [com.luis.tfg.ExecutionOrder.State@7a14ab66]
State state124 transitions to: [com.luis.tfg.ExecutionOrder.State@54780c40]
State state369 transitions to: [com.luis.tfg.ExecutionOrder.State@6ac83e67]
State state127 transitions to: [com.luis.tfg.ExecutionOrder.State@4d91d2da]
State state368 transitions to: [com.luis.tfg.ExecutionOrder.State@12811f95]
State state126 transitions to: [com.luis.tfg.ExecutionOrder.State@68f1b89]
State state129 transitions to: [com.luis.tfg.ExecutionOrder.State@2d1f3639]
State state128 transitions to: [com.luis.tfg.ExecutionOrder.State@6e5b3642]
State state381 transitions to: [com.luis.tfg.ExecutionOrder.State@74bcf1ab]
State FINAL transitions to: []
State state380 transitions to: [com.luis.tfg.ExecutionOrder.State@a11efe6]
State state383 transitions to: [com.luis.tfg.ExecutionOrder.State@5e6bbe63]
State state141 transitions to: [com.luis.tfg.ExecutionOrder.State@69356aca]
State state382 transitions to: [com.luis.tfg.ExecutionOrder.State@7a17ffee]
State state140 transitions to: [com.luis.tfg.ExecutionOrder.State@7ffc4195]
State state385 transitions to: [com.luis.tfg.ExecutionOrder.State@7ce760af]
State state143 transitions to: [com.luis.tfg.ExecutionOrder.State@3e4636c3]
State state384 transitions to: [com.luis.tfg.ExecutionOrder.State@7b6b466a]
State state142 transitions to: [com.luis.tfg.ExecutionOrder.State@6686507b]
State state376 transitions to: [com.luis.tfg.ExecutionOrder.State@2123a61c]
State state134 transitions to: [com.luis.tfg.ExecutionOrder.State@2e5c7cd5]
State state375 transitions to: [com.luis.tfg.ExecutionOrder.State@f252762]
State state133 transitions to: [com.luis.tfg.ExecutionOrder.State@5b74bb75]
State state378 transitions to: [com.luis.tfg.ExecutionOrder.State@675bf541]
State state136 transitions to: [com.luis.tfg.ExecutionOrder.State@2aac87ab]
State state377 transitions to: [com.luis.tfg.ExecutionOrder.State@c14bbab]
State state135 transitions to: [com.luis.tfg.ExecutionOrder.State@72c5064f]
State state138 transitions to: [com.luis.tfg.ExecutionOrder.State@4a0c04ab]
State state379 transitions to: [com.luis.tfg.ExecutionOrder.State@453439e]
State state137 transitions to: [com.luis.tfg.ExecutionOrder.State@2d33795c]
State state139 transitions to: [com.luis.tfg.ExecutionOrder.State@779ef5cb]
State state390 transitions to: [com.luis.tfg.ExecutionOrder.State@5d9d8ecf]
State state392 transitions to: [com.luis.tfg.ExecutionOrder.State@43cc7951]
State state150 transitions to: [com.luis.tfg.ExecutionOrder.State@758311ed]
State state391 transitions to: [com.luis.tfg.ExecutionOrder.State@7533923b]
State state394 transitions to: [com.luis.tfg.ExecutionOrder.State@446981a4]
State state152 transitions to: [com.luis.tfg.ExecutionOrder.State@644f6e89]
State state393 transitions to: [com.luis.tfg.ExecutionOrder.State@9ae0794]
State state151 transitions to: [com.luis.tfg.ExecutionOrder.State@60e5eed0]
State state396 transitions to: [com.luis.tfg.ExecutionOrder.State@680937c9]
State state154 transitions to: [com.luis.tfg.ExecutionOrder.State@77ad2767]
State state395 transitions to: [com.luis.tfg.ExecutionOrder.State@e460ca1]
State state153 transitions to: [com.luis.tfg.ExecutionOrder.State@411ae0d7]
State state387 transitions to: [com.luis.tfg.ExecutionOrder.State@608c2042]
State state145 transitions to: [com.luis.tfg.ExecutionOrder.State@7e84a52b]
State state386 transitions to: [com.luis.tfg.ExecutionOrder.State@40199d5e]
State state144 transitions to: [com.luis.tfg.ExecutionOrder.State@5693d1d2]
State state389 transitions to: [com.luis.tfg.ExecutionOrder.State@571c7572]
State state147 transitions to: [com.luis.tfg.ExecutionOrder.State@c6a3f47]
State state388 transitions to: [com.luis.tfg.ExecutionOrder.State@15a0f9]
State state146 transitions to: [com.luis.tfg.ExecutionOrder.State@4840ec68]
State state149 transitions to: [com.luis.tfg.ExecutionOrder.State@7cc3a7f7]
State state148 transitions to: [com.luis.tfg.ExecutionOrder.State@210e2f2f]
State state161 transitions to: [com.luis.tfg.ExecutionOrder.State@c31419f]
State state160 transitions to: [com.luis.tfg.ExecutionOrder.State@43dddfdd]
State state163 transitions to: [com.luis.tfg.ExecutionOrder.State@22c0344e]
State state162 transitions to: [com.luis.tfg.ExecutionOrder.State@7267006e]
State state165 transitions to: [com.luis.tfg.ExecutionOrder.State@745c8a04]
State state164 transitions to: [com.luis.tfg.ExecutionOrder.State@59d29065]
State state398 transitions to: [com.luis.tfg.ExecutionOrder.State@7a13ad55]
State state156 transitions to: [com.luis.tfg.ExecutionOrder.State@303db609]
State state397 transitions to: [com.luis.tfg.ExecutionOrder.State@20a116a0]
State state155 transitions to: [com.luis.tfg.ExecutionOrder.State@6dbdeb69]
State state158 transitions to: [com.luis.tfg.ExecutionOrder.State@a238a8e]
State state399 transitions to: [com.luis.tfg.ExecutionOrder.State@5773f83d]
State state157 transitions to: [com.luis.tfg.ExecutionOrder.State@7fcfe065]
State state159 transitions to: [com.luis.tfg.ExecutionOrder.State@7d2baa56]
State state53 transitions to: [com.luis.tfg.ExecutionOrder.State@6b4a2887]
State state52 transitions to: [com.luis.tfg.ExecutionOrder.State@23b087c3]
State state51 transitions to: [com.luis.tfg.ExecutionOrder.State@237c8718]
State state50 transitions to: [com.luis.tfg.ExecutionOrder.State@325e03b]
State state961 transitions to: [com.luis.tfg.ExecutionOrder.State@3911fec8]
State state960 transitions to: [com.luis.tfg.ExecutionOrder.State@1e38e8b6]
State state963 transitions to: [com.luis.tfg.ExecutionOrder.State@59bbf82e]
State state721 transitions to: [com.luis.tfg.ExecutionOrder.State@75b3ef1a]
State state962 transitions to: [com.luis.tfg.ExecutionOrder.State@43e2b8da]
State state720 transitions to: [com.luis.tfg.ExecutionOrder.State@1ac68548]
State state965 transitions to: [com.luis.tfg.ExecutionOrder.State@1c3a64b6]
State state723 transitions to: [com.luis.tfg.ExecutionOrder.State@761b9314]
State state964 transitions to: [com.luis.tfg.ExecutionOrder.State@20e9c165]
State state722 transitions to: [com.luis.tfg.ExecutionOrder.State@eabecf5]
State state967 transitions to: [com.luis.tfg.ExecutionOrder.State@417b3642]
State state725 transitions to: [com.luis.tfg.ExecutionOrder.State@6bd28e4a]
State state57 transitions to: [com.luis.tfg.ExecutionOrder.State@55e88bc]
State state966 transitions to: [com.luis.tfg.ExecutionOrder.State@544300a6]
State state724 transitions to: [com.luis.tfg.ExecutionOrder.State@4c12f54a]
State state56 transitions to: [com.luis.tfg.ExecutionOrder.State@334d825c]
State state969 transitions to: [com.luis.tfg.ExecutionOrder.State@42a7e7e1]
State state727 transitions to: [com.luis.tfg.ExecutionOrder.State@e2d9923]
State state55 transitions to: [com.luis.tfg.ExecutionOrder.State@554e9509]
State state968 transitions to: [com.luis.tfg.ExecutionOrder.State@acea29e]
State state726 transitions to: [com.luis.tfg.ExecutionOrder.State@772bc4c9]
State state54 transitions to: [com.luis.tfg.ExecutionOrder.State@152dbf8e]
State state729 transitions to: [com.luis.tfg.ExecutionOrder.State@34ea86ff]
State state728 transitions to: [com.luis.tfg.ExecutionOrder.State@4bcf08ae]
State state59 transitions to: [com.luis.tfg.ExecutionOrder.State@626b9092]
State state58 transitions to: [com.luis.tfg.ExecutionOrder.State@1ac2829e]
State state42 transitions to: [com.luis.tfg.ExecutionOrder.State@7a7f2247]
State state41 transitions to: [com.luis.tfg.ExecutionOrder.State@4946dfde]
State state40 transitions to: [com.luis.tfg.ExecutionOrder.State@77972964]
State state970 transitions to: [com.luis.tfg.ExecutionOrder.State@794f937a]
State state972 transitions to: [com.luis.tfg.ExecutionOrder.State@7aa1fb0e]
State state730 transitions to: [com.luis.tfg.ExecutionOrder.State@5e663ab]
State state971 transitions to: [com.luis.tfg.ExecutionOrder.State@4b74a67a]
State state974 transitions to: [com.luis.tfg.ExecutionOrder.State@4e25282d]
State state732 transitions to: [com.luis.tfg.ExecutionOrder.State@3b29d36c]
State state973 transitions to: [com.luis.tfg.ExecutionOrder.State@d641499]
State state731 transitions to: [com.luis.tfg.ExecutionOrder.State@634d3439]
State state976 transitions to: [com.luis.tfg.ExecutionOrder.State@44e0c3d]
State state734 transitions to: [com.luis.tfg.ExecutionOrder.State@71891d6b]
State state975 transitions to: [com.luis.tfg.ExecutionOrder.State@5ce41f1f]
State state733 transitions to: [com.luis.tfg.ExecutionOrder.State@56820446]
State state978 transitions to: [com.luis.tfg.ExecutionOrder.State@2259d54f]
State state736 transitions to: [com.luis.tfg.ExecutionOrder.State@1b82f62a]
State state46 transitions to: [com.luis.tfg.ExecutionOrder.State@67e21ea2]
State state977 transitions to: [com.luis.tfg.ExecutionOrder.State@2184962c]
State state735 transitions to: [com.luis.tfg.ExecutionOrder.State@4d9bccfe]
State state45 transitions to: [com.luis.tfg.ExecutionOrder.State@412440c1]
State state738 transitions to: [com.luis.tfg.ExecutionOrder.State@36c45149]
State state44 transitions to: [com.luis.tfg.ExecutionOrder.State@33f4844b]
State state979 transitions to: [com.luis.tfg.ExecutionOrder.State@201b52f7]
State state737 transitions to: [com.luis.tfg.ExecutionOrder.State@435a2c7d]
State state43 transitions to: [com.luis.tfg.ExecutionOrder.State@57806346]
State state739 transitions to: [com.luis.tfg.ExecutionOrder.State@40416321]
State state49 transitions to: [com.luis.tfg.ExecutionOrder.State@3ab70d34]
State state48 transitions to: [com.luis.tfg.ExecutionOrder.State@289cf7db]
State state47 transitions to: [com.luis.tfg.ExecutionOrder.State@7c523bdd]
State state31 transitions to: [com.luis.tfg.ExecutionOrder.State@3741071d]
State state30 transitions to: [com.luis.tfg.ExecutionOrder.State@351d726c]
State state990 transitions to: [com.luis.tfg.ExecutionOrder.State@7af0693b]
State state981 transitions to: [com.luis.tfg.ExecutionOrder.State@1791396b]
State state980 transitions to: [com.luis.tfg.ExecutionOrder.State@28d7bd6b]
State state983 transitions to: [com.luis.tfg.ExecutionOrder.State@7607340f]
State state741 transitions to: [com.luis.tfg.ExecutionOrder.State@f472245]
State state982 transitions to: [com.luis.tfg.ExecutionOrder.State@110318a7]
State state740 transitions to: [com.luis.tfg.ExecutionOrder.State@42ac309]
State state985 transitions to: [com.luis.tfg.ExecutionOrder.State@4b4228cf]
State state743 transitions to: [com.luis.tfg.ExecutionOrder.State@7d216ee8]
State state501 transitions to: [com.luis.tfg.ExecutionOrder.State@74ee97cb]
State state984 transitions to: [com.luis.tfg.ExecutionOrder.State@268e30d4]
State state742 transitions to: [com.luis.tfg.ExecutionOrder.State@7c50709a]
State state500 transitions to: [com.luis.tfg.ExecutionOrder.State@af007d6]
State state987 transitions to: [com.luis.tfg.ExecutionOrder.State@a20898c]
State state745 transitions to: [com.luis.tfg.ExecutionOrder.State@5dff108c]
State state503 transitions to: [com.luis.tfg.ExecutionOrder.State@22d47f09]
State state986 transitions to: [com.luis.tfg.ExecutionOrder.State@28100232]
State state744 transitions to: [com.luis.tfg.ExecutionOrder.State@26728255]
State state502 transitions to: [com.luis.tfg.ExecutionOrder.State@32c8d67]
State state989 transitions to: [com.luis.tfg.ExecutionOrder.State@281963c]
State state747 transitions to: [com.luis.tfg.ExecutionOrder.State@2a2815cc]
State state505 transitions to: [com.luis.tfg.ExecutionOrder.State@18fa5af6]
State state35 transitions to: [com.luis.tfg.ExecutionOrder.State@7fdabb3b]
State state988 transitions to: [com.luis.tfg.ExecutionOrder.State@7164e28a]
State state746 transitions to: [com.luis.tfg.ExecutionOrder.State@1b881f1f]
State state504 transitions to: [com.luis.tfg.ExecutionOrder.State@51efdb72]
State state34 transitions to: [com.luis.tfg.ExecutionOrder.State@7bc6b117]
State state749 transitions to: [com.luis.tfg.ExecutionOrder.State@2de07c57]
State state507 transitions to: [com.luis.tfg.ExecutionOrder.State@76cbee13]
State state33 transitions to: [com.luis.tfg.ExecutionOrder.State@59d09ff3]
State state748 transitions to: [com.luis.tfg.ExecutionOrder.State@17d0d3d7]
State state506 transitions to: [com.luis.tfg.ExecutionOrder.State@39fc17be]
State state32 transitions to: [com.luis.tfg.ExecutionOrder.State@106edde4]
State state509 transitions to: [com.luis.tfg.ExecutionOrder.State@4d9cf71d]
State state39 transitions to: [com.luis.tfg.ExecutionOrder.State@5c43cb12]
State state508 transitions to: [com.luis.tfg.ExecutionOrder.State@5db66c3]
State state38 transitions to: [com.luis.tfg.ExecutionOrder.State@633c0a61]
State state37 transitions to: [com.luis.tfg.ExecutionOrder.State@49322d04]
State state36 transitions to: [com.luis.tfg.ExecutionOrder.State@b6b746b]
State state20 transitions to: [com.luis.tfg.ExecutionOrder.State@55d8f6bb]
State state992 transitions to: [com.luis.tfg.ExecutionOrder.State@56b48163]
State state750 transitions to: [com.luis.tfg.ExecutionOrder.State@eb6ccbc]
State state991 transitions to: [com.luis.tfg.ExecutionOrder.State@5eae392d]
State state994 transitions to: [com.luis.tfg.ExecutionOrder.State@4cd1716d]
State state752 transitions to: [com.luis.tfg.ExecutionOrder.State@3e1c5e0d]
State state510 transitions to: [com.luis.tfg.ExecutionOrder.State@6f7a65e]
State state993 transitions to: [com.luis.tfg.ExecutionOrder.State@29bf90fc]
State state751 transitions to: [com.luis.tfg.ExecutionOrder.State@6e22d6bf]
State state29 transitions to: [com.luis.tfg.ExecutionOrder.State@32121140]
State state996 transitions to: [com.luis.tfg.ExecutionOrder.State@96c840a]
State state754 transitions to: [com.luis.tfg.ExecutionOrder.State@5c81ddab]
State state512 transitions to: [com.luis.tfg.ExecutionOrder.State@24ee6faa]
State state995 transitions to: [com.luis.tfg.ExecutionOrder.State@6d4f266]
State state753 transitions to: [com.luis.tfg.ExecutionOrder.State@6b756a62]
State state511 transitions to: [com.luis.tfg.ExecutionOrder.State@394b9e22]
State state998 transitions to: [com.luis.tfg.ExecutionOrder.State@6e0f259e]
State state756 transitions to: [com.luis.tfg.ExecutionOrder.State@4fe9adfb]
State state514 transitions to: [com.luis.tfg.ExecutionOrder.State@f8fe81e]
State state997 transitions to: [com.luis.tfg.ExecutionOrder.State@6ad0cd43]
State state755 transitions to: [com.luis.tfg.ExecutionOrder.State@7de43652]
State state513 transitions to: [com.luis.tfg.ExecutionOrder.State@7fe0ca60]
State state758 transitions to: [com.luis.tfg.ExecutionOrder.State@fdf029a]
State state516 transitions to: [com.luis.tfg.ExecutionOrder.State@63896cf7]
State state24 transitions to: [com.luis.tfg.ExecutionOrder.State@3f838072]
State state999 transitions to: [com.luis.tfg.ExecutionOrder.State@46c9ee28]
State state757 transitions to: [com.luis.tfg.ExecutionOrder.State@31f5ffb9]
State state515 transitions to: [com.luis.tfg.ExecutionOrder.State@19b3d3a4]
State state23 transitions to: [com.luis.tfg.ExecutionOrder.State@3a9040f0]
State state518 transitions to: [com.luis.tfg.ExecutionOrder.State@33214124]
State state22 transitions to: [com.luis.tfg.ExecutionOrder.State@2d3768ce]
State state759 transitions to: [com.luis.tfg.ExecutionOrder.State@2a9ea03f]
State state517 transitions to: [com.luis.tfg.ExecutionOrder.State@1231f25c]
State state21 transitions to: [com.luis.tfg.ExecutionOrder.State@2ba0b95f]
State state28 transitions to: [com.luis.tfg.ExecutionOrder.State@3dc7c5fd]
State state519 transitions to: [com.luis.tfg.ExecutionOrder.State@62871522]
State state27 transitions to: [com.luis.tfg.ExecutionOrder.State@7fb9a83c]
State state26 transitions to: [com.luis.tfg.ExecutionOrder.State@517d9cd5]
State state25 transitions to: [com.luis.tfg.ExecutionOrder.State@5216532a]
State state19 transitions to: [com.luis.tfg.ExecutionOrder.State@862624f]
State state18 transitions to: [com.luis.tfg.ExecutionOrder.State@3aa8c337]
State state921 transitions to: [com.luis.tfg.ExecutionOrder.State@78e7b83]
State state920 transitions to: [com.luis.tfg.ExecutionOrder.State@6761f75b]
State state923 transitions to: [com.luis.tfg.ExecutionOrder.State@7c8a91e2]
State state13 transitions to: [com.luis.tfg.ExecutionOrder.State@c7443f]
State state922 transitions to: [com.luis.tfg.ExecutionOrder.State@74e175c7]
State state12 transitions to: [com.luis.tfg.ExecutionOrder.State@1c528f2f]
State state925 transitions to: [com.luis.tfg.ExecutionOrder.State@34ff08c6]
State state11 transitions to: [com.luis.tfg.ExecutionOrder.State@e2344da]
State state924 transitions to: [com.luis.tfg.ExecutionOrder.State@71135794]
State state10 transitions to: [com.luis.tfg.ExecutionOrder.State@79b0956e]
State state927 transitions to: [com.luis.tfg.ExecutionOrder.State@35451ba6]
State state17 transitions to: [com.luis.tfg.ExecutionOrder.State@21d48c40]
State state926 transitions to: [com.luis.tfg.ExecutionOrder.State@4a10c019]
State state16 transitions to: [com.luis.tfg.ExecutionOrder.State@37f627d0]
State state929 transitions to: [com.luis.tfg.ExecutionOrder.State@2a7392a3]
State state15 transitions to: [com.luis.tfg.ExecutionOrder.State@2fc0ad21]
State state928 transitions to: [com.luis.tfg.ExecutionOrder.State@639cb0c8]
State state14 transitions to: [com.luis.tfg.ExecutionOrder.State@65d2d3cc]
State state930 transitions to: [com.luis.tfg.ExecutionOrder.State@5382a35f]
State state932 transitions to: [com.luis.tfg.ExecutionOrder.State@7901a5ab]
State state931 transitions to: [com.luis.tfg.ExecutionOrder.State@7f9d40b3]
State state934 transitions to: [com.luis.tfg.ExecutionOrder.State@ca2a03f]
State state933 transitions to: [com.luis.tfg.ExecutionOrder.State@4a7c72af]
State state936 transitions to: [com.luis.tfg.ExecutionOrder.State@3e24bab6]
State state935 transitions to: [com.luis.tfg.ExecutionOrder.State@2ba9ed19]
State state938 transitions to: [com.luis.tfg.ExecutionOrder.State@3293030b]
State state937 transitions to: [com.luis.tfg.ExecutionOrder.State@1b53e6fc]
State state939 transitions to: [com.luis.tfg.ExecutionOrder.State@391e2a]
State state941 transitions to: [com.luis.tfg.ExecutionOrder.State@641cea11]
State state940 transitions to: [com.luis.tfg.ExecutionOrder.State@4e3d36c2]
State state943 transitions to: [com.luis.tfg.ExecutionOrder.State@4add4dff]
State state701 transitions to: [com.luis.tfg.ExecutionOrder.State@25dc2c0]
State state942 transitions to: [com.luis.tfg.ExecutionOrder.State@192ecf8]
State state700 transitions to: [com.luis.tfg.ExecutionOrder.State@263e512e]
State state945 transitions to: [com.luis.tfg.ExecutionOrder.State@62c42a3]
State state703 transitions to: [com.luis.tfg.ExecutionOrder.State@6a8bcb64]
State state944 transitions to: [com.luis.tfg.ExecutionOrder.State@7c680fe1]
State state702 transitions to: [com.luis.tfg.ExecutionOrder.State@288b8663]
State state947 transitions to: [com.luis.tfg.ExecutionOrder.State@4cd6f08b]
State state705 transitions to: [com.luis.tfg.ExecutionOrder.State@78b2d29e]
State state946 transitions to: [com.luis.tfg.ExecutionOrder.State@4419cd6e]
State state704 transitions to: [com.luis.tfg.ExecutionOrder.State@3055f310]
State state949 transitions to: [com.luis.tfg.ExecutionOrder.State@4b7c0f39]
State state707 transitions to: [com.luis.tfg.ExecutionOrder.State@25b402ea]
State state948 transitions to: [com.luis.tfg.ExecutionOrder.State@2fccd98f]
State state706 transitions to: [com.luis.tfg.ExecutionOrder.State@309e7215]
State state709 transitions to: [com.luis.tfg.ExecutionOrder.State@1b30b6f8]
State state708 transitions to: [com.luis.tfg.ExecutionOrder.State@1e965426]
State state950 transitions to: [com.luis.tfg.ExecutionOrder.State@575fe6da]
State state952 transitions to: [com.luis.tfg.ExecutionOrder.State@149238fe]
State state710 transitions to: [com.luis.tfg.ExecutionOrder.State@a0bdbe2]
State state951 transitions to: [com.luis.tfg.ExecutionOrder.State@261099e1]
State state954 transitions to: [com.luis.tfg.ExecutionOrder.State@ed1d2cf]
State state712 transitions to: [com.luis.tfg.ExecutionOrder.State@b814e23]
State state953 transitions to: [com.luis.tfg.ExecutionOrder.State@5f81507a]
State state711 transitions to: [com.luis.tfg.ExecutionOrder.State@7d7c05fa]
State state956 transitions to: [com.luis.tfg.ExecutionOrder.State@7dbbf730]
State state714 transitions to: [com.luis.tfg.ExecutionOrder.State@7c4a5ef2]
State state955 transitions to: [com.luis.tfg.ExecutionOrder.State@299dd381]
State state713 transitions to: [com.luis.tfg.ExecutionOrder.State@34d3409d]
State state958 transitions to: [com.luis.tfg.ExecutionOrder.State@16732340]
State state716 transitions to: [com.luis.tfg.ExecutionOrder.State@38e052b2]
State state957 transitions to: [com.luis.tfg.ExecutionOrder.State@7fa68ff4]
State state715 transitions to: [com.luis.tfg.ExecutionOrder.State@515fff35]
State state718 transitions to: [com.luis.tfg.ExecutionOrder.State@5eb9bf7d]
State state959 transitions to: [com.luis.tfg.ExecutionOrder.State@64f613da]
State state717 transitions to: [com.luis.tfg.ExecutionOrder.State@2f64f99f]
State state719 transitions to: [com.luis.tfg.ExecutionOrder.State@16c1d11]
State state570 transitions to: [com.luis.tfg.ExecutionOrder.State@123d0816]
State state572 transitions to: [com.luis.tfg.ExecutionOrder.State@4601a148]
State state330 transitions to: [com.luis.tfg.ExecutionOrder.State@4e210016]
State state571 transitions to: [com.luis.tfg.ExecutionOrder.State@2fc40856]
State state563 transitions to: [com.luis.tfg.ExecutionOrder.State@5543d800]
State state321 transitions to: [com.luis.tfg.ExecutionOrder.State@1e033801]
State state562 transitions to: [com.luis.tfg.ExecutionOrder.State@58e4aa67]
State state320 transitions to: [com.luis.tfg.ExecutionOrder.State@57ed8f95]
State state565 transitions to: [com.luis.tfg.ExecutionOrder.State@1c25deb0]
State state323 transitions to: [com.luis.tfg.ExecutionOrder.State@1be12e05]
State state564 transitions to: [com.luis.tfg.ExecutionOrder.State@66ab088c]
State state322 transitions to: [com.luis.tfg.ExecutionOrder.State@5d01a2eb]
State state567 transitions to: [com.luis.tfg.ExecutionOrder.State@6fe337a5]
State state325 transitions to: [com.luis.tfg.ExecutionOrder.State@7d60bd5a]
State state566 transitions to: [com.luis.tfg.ExecutionOrder.State@43312512]
State state324 transitions to: [com.luis.tfg.ExecutionOrder.State@13f7c165]
State state569 transitions to: [com.luis.tfg.ExecutionOrder.State@655f92a1]
State state327 transitions to: [com.luis.tfg.ExecutionOrder.State@1d2d793d]
State state568 transitions to: [com.luis.tfg.ExecutionOrder.State@57fec63f]
State state326 transitions to: [com.luis.tfg.ExecutionOrder.State@7a2fd94c]
State state329 transitions to: [com.luis.tfg.ExecutionOrder.State@637c8632]
State state328 transitions to: [com.luis.tfg.ExecutionOrder.State@156eeff1]
State state581 transitions to: [com.luis.tfg.ExecutionOrder.State@34001c5d]
State state580 transitions to: [com.luis.tfg.ExecutionOrder.State@30e15628]
State state583 transitions to: [com.luis.tfg.ExecutionOrder.State@37ab1b10]
State state341 transitions to: [com.luis.tfg.ExecutionOrder.State@55d87b73]
State state582 transitions to: [com.luis.tfg.ExecutionOrder.State@618e7761]
State state340 transitions to: [com.luis.tfg.ExecutionOrder.State@5b643d6e]
State state574 transitions to: [com.luis.tfg.ExecutionOrder.State@34f8ce89]
State state332 transitions to: [com.luis.tfg.ExecutionOrder.State@22ed2886]
State state573 transitions to: [com.luis.tfg.ExecutionOrder.State@30ca66c5]
State state331 transitions to: [com.luis.tfg.ExecutionOrder.State@4abfa2ff]
State state576 transitions to: [com.luis.tfg.ExecutionOrder.State@38c1b1a7]
State state334 transitions to: [com.luis.tfg.ExecutionOrder.State@73230721]
State state575 transitions to: [com.luis.tfg.ExecutionOrder.State@10bcbbce]
State state333 transitions to: [com.luis.tfg.ExecutionOrder.State@27234b7c]
State state578 transitions to: [com.luis.tfg.ExecutionOrder.State@125a8ab6]
State state336 transitions to: [com.luis.tfg.ExecutionOrder.State@792b9dd3]
State state577 transitions to: [com.luis.tfg.ExecutionOrder.State@cbc3bf3]
State state335 transitions to: [com.luis.tfg.ExecutionOrder.State@31f9f9b3]
State state338 transitions to: [com.luis.tfg.ExecutionOrder.State@7730da00]
State state579 transitions to: [com.luis.tfg.ExecutionOrder.State@52d01430]
State state337 transitions to: [com.luis.tfg.ExecutionOrder.State@3fdede3a]
State state339 transitions to: [com.luis.tfg.ExecutionOrder.State@41948c13]
State state590 transitions to: [com.luis.tfg.ExecutionOrder.State@3085befb]
State state592 transitions to: [com.luis.tfg.ExecutionOrder.State@62264d4f]
State state350 transitions to: [com.luis.tfg.ExecutionOrder.State@2bc0603f]
State state591 transitions to: [com.luis.tfg.ExecutionOrder.State@4ed19540]
State state594 transitions to: [com.luis.tfg.ExecutionOrder.State@533e8807]
State state352 transitions to: [com.luis.tfg.ExecutionOrder.State@322eb1a]
State state110 transitions to: [com.luis.tfg.ExecutionOrder.State@2b4ba2d9]
State state593 transitions to: [com.luis.tfg.ExecutionOrder.State@69f24965]
State state351 transitions to: [com.luis.tfg.ExecutionOrder.State@4eab9aec]
State state585 transitions to: [com.luis.tfg.ExecutionOrder.State@5a45c218]
State state343 transitions to: [com.luis.tfg.ExecutionOrder.State@2c6efee3]
State state101 transitions to: [com.luis.tfg.ExecutionOrder.State@57ac236a]
State state584 transitions to: [com.luis.tfg.ExecutionOrder.State@4542af89]
State state342 transitions to: [com.luis.tfg.ExecutionOrder.State@3163e03b]
State state100 transitions to: [com.luis.tfg.ExecutionOrder.State@6aa18912]
State state587 transitions to: [com.luis.tfg.ExecutionOrder.State@5c20505f]
State state345 transitions to: [com.luis.tfg.ExecutionOrder.State@cce92b5]
State state103 transitions to: [com.luis.tfg.ExecutionOrder.State@2202c92f]
State state586 transitions to: [com.luis.tfg.ExecutionOrder.State@440d2d64]
State state344 transitions to: [com.luis.tfg.ExecutionOrder.State@1a712f12]
State state102 transitions to: [com.luis.tfg.ExecutionOrder.State@62525dd3]
State state589 transitions to: [com.luis.tfg.ExecutionOrder.State@56adbb07]
State state347 transitions to: [com.luis.tfg.ExecutionOrder.State@7be6dabb]
State state105 transitions to: [com.luis.tfg.ExecutionOrder.State@68fc636a]
State state588 transitions to: [com.luis.tfg.ExecutionOrder.State@18301763]
State state346 transitions to: [com.luis.tfg.ExecutionOrder.State@237ee2e1]
State state104 transitions to: [com.luis.tfg.ExecutionOrder.State@6e00d737]
State state349 transitions to: [com.luis.tfg.ExecutionOrder.State@656c0eae]
State state107 transitions to: [com.luis.tfg.ExecutionOrder.State@7d7f966f]
State state348 transitions to: [com.luis.tfg.ExecutionOrder.State@29c21acb]
State state106 transitions to: [com.luis.tfg.ExecutionOrder.State@4113d9ab]
State state109 transitions to: [com.luis.tfg.ExecutionOrder.State@448fa659]
State state108 transitions to: [com.luis.tfg.ExecutionOrder.State@45c28c49]
State state361 transitions to: [com.luis.tfg.ExecutionOrder.State@7c6fc278]
State state360 transitions to: [com.luis.tfg.ExecutionOrder.State@23ee92df]
State state363 transitions to: [com.luis.tfg.ExecutionOrder.State@1a6a4595]
State state121 transitions to: [com.luis.tfg.ExecutionOrder.State@4b1b2255]
State state362 transitions to: [com.luis.tfg.ExecutionOrder.State@4965454c]
State state120 transitions to: [com.luis.tfg.ExecutionOrder.State@1e4a4ed5]
State state596 transitions to: [com.luis.tfg.ExecutionOrder.State@5644f664]
State state354 transitions to: [com.luis.tfg.ExecutionOrder.State@445f6f73]
State state112 transitions to: [com.luis.tfg.ExecutionOrder.State@27f31d91]
State state595 transitions to: [com.luis.tfg.ExecutionOrder.State@6b03c35c]
State state353 transitions to: [com.luis.tfg.ExecutionOrder.State@1a05ff8e]
State state111 transitions to: [com.luis.tfg.ExecutionOrder.State@251e2f4a]
State state598 transitions to: [com.luis.tfg.ExecutionOrder.State@1abea1ed]
State state356 transitions to: [com.luis.tfg.ExecutionOrder.State@6f5288c5]
State state114 transitions to: [com.luis.tfg.ExecutionOrder.State@5a9ef32e]
State state597 transitions to: [com.luis.tfg.ExecutionOrder.State@e2ee348]
State state355 transitions to: [com.luis.tfg.ExecutionOrder.State@61f08aa9]
State state113 transitions to: [com.luis.tfg.ExecutionOrder.State@1a1f22f2]
State state358 transitions to: [com.luis.tfg.ExecutionOrder.State@37b5a51c]
State state116 transitions to: [com.luis.tfg.ExecutionOrder.State@4e782401]
State state599 transitions to: [com.luis.tfg.ExecutionOrder.State@2bb84aa5]
State state357 transitions to: [com.luis.tfg.ExecutionOrder.State@4853f592]
State state115 transitions to: [com.luis.tfg.ExecutionOrder.State@52d434c1]
State state118 transitions to: [com.luis.tfg.ExecutionOrder.State@5d035ab6]
State state359 transitions to: [com.luis.tfg.ExecutionOrder.State@3407ded1]
State state117 transitions to: [com.luis.tfg.ExecutionOrder.State@63af52a6]
State state119 transitions to: [com.luis.tfg.ExecutionOrder.State@10ae002e]
State state93 transitions to: [com.luis.tfg.ExecutionOrder.State@573f2e67]
State state92 transitions to: [com.luis.tfg.ExecutionOrder.State@5d449307]
State state91 transitions to: [com.luis.tfg.ExecutionOrder.State@44e7c06b]
State state90 transitions to: [com.luis.tfg.ExecutionOrder.State@24a807a9]
State state97 transitions to: [com.luis.tfg.ExecutionOrder.State@aca594d]
State state96 transitions to: [com.luis.tfg.ExecutionOrder.State@736f2fb8]
State state95 transitions to: [com.luis.tfg.ExecutionOrder.State@9715d26]
State state94 transitions to: [com.luis.tfg.ExecutionOrder.State@6d8096ee]
State state770 transitions to: [com.luis.tfg.ExecutionOrder.State@35d8ba22]
State state761 transitions to: [com.luis.tfg.ExecutionOrder.State@3fc051ce]
State state760 transitions to: [com.luis.tfg.ExecutionOrder.State@3c5bb37d]
State state763 transitions to: [com.luis.tfg.ExecutionOrder.State@558575fe]
State state521 transitions to: [com.luis.tfg.ExecutionOrder.State@25fcdcc6]
State state762 transitions to: [com.luis.tfg.ExecutionOrder.State@180fb796]
State state520 transitions to: [com.luis.tfg.ExecutionOrder.State@79ae3fb1]
State state765 transitions to: [com.luis.tfg.ExecutionOrder.State@7fa8fff]
State state523 transitions to: [com.luis.tfg.ExecutionOrder.State@4423692a]
State state764 transitions to: [com.luis.tfg.ExecutionOrder.State@2175d53f]
State state522 transitions to: [com.luis.tfg.ExecutionOrder.State@29ae2517]
State state767 transitions to: [com.luis.tfg.ExecutionOrder.State@7a78d2aa]
State state525 transitions to: [com.luis.tfg.ExecutionOrder.State@254d8ef6]
State state766 transitions to: [com.luis.tfg.ExecutionOrder.State@2a9e7b4d]
State state524 transitions to: [com.luis.tfg.ExecutionOrder.State@72406594]
State state769 transitions to: [com.luis.tfg.ExecutionOrder.State@4e1104f4]
State state527 transitions to: [com.luis.tfg.ExecutionOrder.State@76219fe]
State state768 transitions to: [com.luis.tfg.ExecutionOrder.State@5eff5e4c]
State state526 transitions to: [com.luis.tfg.ExecutionOrder.State@2fe2fcc2]
State state529 transitions to: [com.luis.tfg.ExecutionOrder.State@69926b6e]
State state99 transitions to: [com.luis.tfg.ExecutionOrder.State@7ea8224b]
State state528 transitions to: [com.luis.tfg.ExecutionOrder.State@5a010eec]
State state98 transitions to: [com.luis.tfg.ExecutionOrder.State@623ded82]
State state82 transitions to: [com.luis.tfg.ExecutionOrder.State@180e33b0]
State state81 transitions to: [com.luis.tfg.ExecutionOrder.State@270be080]
State state80 transitions to: [com.luis.tfg.ExecutionOrder.State@752ffce3]
State state86 transitions to: [com.luis.tfg.ExecutionOrder.State@78f35e39]
State state85 transitions to: [com.luis.tfg.ExecutionOrder.State@11896124]
State state84 transitions to: [com.luis.tfg.ExecutionOrder.State@69fe8c75]
State state83 transitions to: [com.luis.tfg.ExecutionOrder.State@633cad4d]
State state781 transitions to: [com.luis.tfg.ExecutionOrder.State@15c3585]
State state780 transitions to: [com.luis.tfg.ExecutionOrder.State@5b86f4cb]
State state772 transitions to: [com.luis.tfg.ExecutionOrder.State@468646ea]
State state530 transitions to: [com.luis.tfg.ExecutionOrder.State@4056cdb2]
State state771 transitions to: [com.luis.tfg.ExecutionOrder.State@20462820]
State state774 transitions to: [com.luis.tfg.ExecutionOrder.State@4c0ab04f]
State state532 transitions to: [com.luis.tfg.ExecutionOrder.State@384f0e32]
State state773 transitions to: [com.luis.tfg.ExecutionOrder.State@4e826fd4]
State state531 transitions to: [com.luis.tfg.ExecutionOrder.State@5f14590c]
State state776 transitions to: [com.luis.tfg.ExecutionOrder.State@46051269]
State state534 transitions to: [com.luis.tfg.ExecutionOrder.State@67baa05]
State state775 transitions to: [com.luis.tfg.ExecutionOrder.State@5b5a89d1]
State state533 transitions to: [com.luis.tfg.ExecutionOrder.State@267b678f]
State state778 transitions to: [com.luis.tfg.ExecutionOrder.State@4803bf73]
State state536 transitions to: [com.luis.tfg.ExecutionOrder.State@13731ff4]
State state777 transitions to: [com.luis.tfg.ExecutionOrder.State@1ce8084a]
State state535 transitions to: [com.luis.tfg.ExecutionOrder.State@61d24347]
State state538 transitions to: [com.luis.tfg.ExecutionOrder.State@347f8029]
State state779 transitions to: [com.luis.tfg.ExecutionOrder.State@3f78a5ed]
State state537 transitions to: [com.luis.tfg.ExecutionOrder.State@630e5010]
State state89 transitions to: [com.luis.tfg.ExecutionOrder.State@10b5ff4d]
State state88 transitions to: [com.luis.tfg.ExecutionOrder.State@58835bba]
State state539 transitions to: [com.luis.tfg.ExecutionOrder.State@222eda8a]
State state87 transitions to: [com.luis.tfg.ExecutionOrder.State@3331800f]
State state71 transitions to: [com.luis.tfg.ExecutionOrder.State@c414eb3]
State state70 transitions to: [com.luis.tfg.ExecutionOrder.State@4edd8a0a]
State state75 transitions to: [com.luis.tfg.ExecutionOrder.State@1a73f3d1]
State state74 transitions to: [com.luis.tfg.ExecutionOrder.State@257d3968]
State state73 transitions to: [com.luis.tfg.ExecutionOrder.State@23cfdfa2]
State state72 transitions to: [com.luis.tfg.ExecutionOrder.State@1e09c0b]
State INITIAL transitions to: [com.luis.tfg.ExecutionOrder.State@4880a9d]
State state790 transitions to: [com.luis.tfg.ExecutionOrder.State@48f2d51d]
State state792 transitions to: [com.luis.tfg.ExecutionOrder.State@151d216e]
State state550 transitions to: [com.luis.tfg.ExecutionOrder.State@1018f702]
State state791 transitions to: [com.luis.tfg.ExecutionOrder.State@5400db7e]
State state783 transitions to: [com.luis.tfg.ExecutionOrder.State@a84b6de]
State state541 transitions to: [com.luis.tfg.ExecutionOrder.State@76eee0b1]
State state782 transitions to: [com.luis.tfg.ExecutionOrder.State@2119b989]
State state540 transitions to: [com.luis.tfg.ExecutionOrder.State@73905dff]
State state785 transitions to: [com.luis.tfg.ExecutionOrder.State@5c0d3715]
State state543 transitions to: [com.luis.tfg.ExecutionOrder.State@5d67bf4d]
State state301 transitions to: [com.luis.tfg.ExecutionOrder.State@31de8099]
State state784 transitions to: [com.luis.tfg.ExecutionOrder.State@40d04cf8]
State state542 transitions to: [com.luis.tfg.ExecutionOrder.State@75507e68]
State state300 transitions to: [com.luis.tfg.ExecutionOrder.State@152d2a58]
State state787 transitions to: [com.luis.tfg.ExecutionOrder.State@50b2ba2c]
State state545 transitions to: [com.luis.tfg.ExecutionOrder.State@12478b4e]
State state303 transitions to: [com.luis.tfg.ExecutionOrder.State@64921450]
State state786 transitions to: [com.luis.tfg.ExecutionOrder.State@18918d70]
State state544 transitions to: [com.luis.tfg.ExecutionOrder.State@5d373794]
State state302 transitions to: [com.luis.tfg.ExecutionOrder.State@7304ca87]
State state789 transitions to: [com.luis.tfg.ExecutionOrder.State@7c07023]
State state547 transitions to: [com.luis.tfg.ExecutionOrder.State@13ae87a6]
State state305 transitions to: [com.luis.tfg.ExecutionOrder.State@774189d0]
State state788 transitions to: [com.luis.tfg.ExecutionOrder.State@22c4354d]
State state546 transitions to: [com.luis.tfg.ExecutionOrder.State@2681185e]
State state304 transitions to: [com.luis.tfg.ExecutionOrder.State@41f5389f]
State state549 transitions to: [com.luis.tfg.ExecutionOrder.State@3a012678]
State state307 transitions to: [com.luis.tfg.ExecutionOrder.State@396c1228]
State state79 transitions to: [com.luis.tfg.ExecutionOrder.State@1701beb3]
State state548 transitions to: [com.luis.tfg.ExecutionOrder.State@7f584d0c]
State state306 transitions to: [com.luis.tfg.ExecutionOrder.State@4c599679]
State state78 transitions to: [com.luis.tfg.ExecutionOrder.State@15fd3088]
State state309 transitions to: [com.luis.tfg.ExecutionOrder.State@f13e0a2]
State state77 transitions to: [com.luis.tfg.ExecutionOrder.State@329efc61]
State state308 transitions to: [com.luis.tfg.ExecutionOrder.State@32f45e15]
State state76 transitions to: [com.luis.tfg.ExecutionOrder.State@4e7151b3]
State state60 transitions to: [com.luis.tfg.ExecutionOrder.State@5ef7ae2f]
State state64 transitions to: [com.luis.tfg.ExecutionOrder.State@1bcf2c64]
State state63 transitions to: [com.luis.tfg.ExecutionOrder.State@b5bddfe]
State state62 transitions to: [com.luis.tfg.ExecutionOrder.State@4fe3f9ef]
State state61 transitions to: [com.luis.tfg.ExecutionOrder.State@2c86b0ea]
State state561 transitions to: [com.luis.tfg.ExecutionOrder.State@4e481512]
State state560 transitions to: [com.luis.tfg.ExecutionOrder.State@1ba98508]
State state794 transitions to: [com.luis.tfg.ExecutionOrder.State@4b552b13]
State state552 transitions to: [com.luis.tfg.ExecutionOrder.State@524dd373]
State state310 transitions to: [com.luis.tfg.ExecutionOrder.State@5ca3acad]
State state793 transitions to: [com.luis.tfg.ExecutionOrder.State@b75f3f4]
State state551 transitions to: [com.luis.tfg.ExecutionOrder.State@691a5c3a]
State state796 transitions to: [com.luis.tfg.ExecutionOrder.State@5570dc21]
State state554 transitions to: [com.luis.tfg.ExecutionOrder.State@1477d4e6]
State state312 transitions to: [com.luis.tfg.ExecutionOrder.State@30b97fcf]
State state795 transitions to: [com.luis.tfg.ExecutionOrder.State@b791e6e]
State state553 transitions to: [com.luis.tfg.ExecutionOrder.State@583b4af4]
State state311 transitions to: [com.luis.tfg.ExecutionOrder.State@72c175f1]
State state798 transitions to: [com.luis.tfg.ExecutionOrder.State@9fd3b61]
State state556 transitions to: [com.luis.tfg.ExecutionOrder.State@4a34de5e]
State state314 transitions to: [com.luis.tfg.ExecutionOrder.State@48da5106]
State state797 transitions to: [com.luis.tfg.ExecutionOrder.State@31cddb11]
State state555 transitions to: [com.luis.tfg.ExecutionOrder.State@510bd87a]
State state313 transitions to: [com.luis.tfg.ExecutionOrder.State@3d213a2b]
State state558 transitions to: [com.luis.tfg.ExecutionOrder.State@27691ee8]
State state316 transitions to: [com.luis.tfg.ExecutionOrder.State@78a34c47]
State state799 transitions to: [com.luis.tfg.ExecutionOrder.State@77648321]
State state557 transitions to: [com.luis.tfg.ExecutionOrder.State@43201f84]
State state315 transitions to: [com.luis.tfg.ExecutionOrder.State@2c51c756]
State state318 transitions to: [com.luis.tfg.ExecutionOrder.State@4ef277ef]
State state68 transitions to: [com.luis.tfg.ExecutionOrder.State@1ddc889b]
State state559 transitions to: [com.luis.tfg.ExecutionOrder.State@5ec3689b]
State state317 transitions to: [com.luis.tfg.ExecutionOrder.State@7c0a6f62]
State state67 transitions to: [com.luis.tfg.ExecutionOrder.State@219a2203]
State state66 transitions to: [com.luis.tfg.ExecutionOrder.State@58fbfefb]
State state319 transitions to: [com.luis.tfg.ExecutionOrder.State@1db9c2cf]
State state65 transitions to: [com.luis.tfg.ExecutionOrder.State@32e7df65]
State state69 transitions to: [com.luis.tfg.ExecutionOrder.State@421d7900]
State state291 transitions to: [com.luis.tfg.ExecutionOrder.State@45964b9e]
State state290 transitions to: [com.luis.tfg.ExecutionOrder.State@166a5659]
State state293 transitions to: [com.luis.tfg.ExecutionOrder.State@1afabf06]
State state292 transitions to: [com.luis.tfg.ExecutionOrder.State@33060020]
State state295 transitions to: [com.luis.tfg.ExecutionOrder.State@443b6765]
State state294 transitions to: [com.luis.tfg.ExecutionOrder.State@a72925]
State state297 transitions to: [com.luis.tfg.ExecutionOrder.State@4feaa4b8]
State state296 transitions to: [com.luis.tfg.ExecutionOrder.State@4c6eaa65]
State state288 transitions to: [com.luis.tfg.ExecutionOrder.State@53f1fcc2]
State state287 transitions to: [com.luis.tfg.ExecutionOrder.State@6a261998]
State state289 transitions to: [com.luis.tfg.ExecutionOrder.State@70f3bf00]
State state299 transitions to: [com.luis.tfg.ExecutionOrder.State@49770ef9]
State state298 transitions to: [com.luis.tfg.ExecutionOrder.State@15bcecf9]
State state491 transitions to: [com.luis.tfg.ExecutionOrder.State@4f0cdd0f]
State state490 transitions to: [com.luis.tfg.ExecutionOrder.State@22ea6051]
State state493 transitions to: [com.luis.tfg.ExecutionOrder.State@539bb233]
State state251 transitions to: [com.luis.tfg.ExecutionOrder.State@21b2579d]
State state492 transitions to: [com.luis.tfg.ExecutionOrder.State@87f1201]
State state250 transitions to: [com.luis.tfg.ExecutionOrder.State@796613b7]
State state495 transitions to: [com.luis.tfg.ExecutionOrder.State@77622c82]
State state253 transitions to: [com.luis.tfg.ExecutionOrder.State@44df834c]
State state494 transitions to: [com.luis.tfg.ExecutionOrder.State@34c07ecc]
State state252 transitions to: [com.luis.tfg.ExecutionOrder.State@7df23848]
State state486 transitions to: [com.luis.tfg.ExecutionOrder.State@1b120d48]
State state244 transitions to: [com.luis.tfg.ExecutionOrder.State@236f3885]
State state485 transitions to: [com.luis.tfg.ExecutionOrder.State@14ee143a]
State state243 transitions to: [com.luis.tfg.ExecutionOrder.State@78324e97]
State state488 transitions to: [com.luis.tfg.ExecutionOrder.State@73417494]
State state246 transitions to: [com.luis.tfg.ExecutionOrder.State@29b0c169]
State state487 transitions to: [com.luis.tfg.ExecutionOrder.State@4d1b4fa1]
State state245 transitions to: [com.luis.tfg.ExecutionOrder.State@27b7e663]
State state248 transitions to: [com.luis.tfg.ExecutionOrder.State@5f2ad3d5]
State state489 transitions to: [com.luis.tfg.ExecutionOrder.State@703eead0]
State state247 transitions to: [com.luis.tfg.ExecutionOrder.State@674fd531]
State state249 transitions to: [com.luis.tfg.ExecutionOrder.State@7f53b345]
State state260 transitions to: [com.luis.tfg.ExecutionOrder.State@76ee7301]
State state262 transitions to: [com.luis.tfg.ExecutionOrder.State@71817f66]
State state261 transitions to: [com.luis.tfg.ExecutionOrder.State@68feca3a]
State state264 transitions to: [com.luis.tfg.ExecutionOrder.State@ad585fb]
State state263 transitions to: [com.luis.tfg.ExecutionOrder.State@fa689db]
State state497 transitions to: [com.luis.tfg.ExecutionOrder.State@75a6bd06]
State state255 transitions to: [com.luis.tfg.ExecutionOrder.State@6b170692]
State state496 transitions to: [com.luis.tfg.ExecutionOrder.State@4d4bac56]
State state254 transitions to: [com.luis.tfg.ExecutionOrder.State@76980c75]
State state499 transitions to: [com.luis.tfg.ExecutionOrder.State@3696d12d]
State state257 transitions to: [com.luis.tfg.ExecutionOrder.State@656672fb]
State state498 transitions to: [com.luis.tfg.ExecutionOrder.State@75df4b1d]
State state256 transitions to: [com.luis.tfg.ExecutionOrder.State@43120a77]
State state259 transitions to: [com.luis.tfg.ExecutionOrder.State@430db481]
State state258 transitions to: [com.luis.tfg.ExecutionOrder.State@15aaf7b1]
State state271 transitions to: [com.luis.tfg.ExecutionOrder.State@1a22c1ba]
State state270 transitions to: [com.luis.tfg.ExecutionOrder.State@4930213b]
State state273 transitions to: [com.luis.tfg.ExecutionOrder.State@67372d20]
State state272 transitions to: [com.luis.tfg.ExecutionOrder.State@25e24908]
State state275 transitions to: [com.luis.tfg.ExecutionOrder.State@2941631f]
State state274 transitions to: [com.luis.tfg.ExecutionOrder.State@6130a6f5]
State state266 transitions to: [com.luis.tfg.ExecutionOrder.State@3fb0d9de]
State state265 transitions to: [com.luis.tfg.ExecutionOrder.State@8ad6d29]
State state268 transitions to: [com.luis.tfg.ExecutionOrder.State@2ad6aeb8]
State state267 transitions to: [com.luis.tfg.ExecutionOrder.State@4e35a219]
State state269 transitions to: [com.luis.tfg.ExecutionOrder.State@7772ec28]
State state280 transitions to: [com.luis.tfg.ExecutionOrder.State@14d513ca]
State state282 transitions to: [com.luis.tfg.ExecutionOrder.State@be9cc86]
State state281 transitions to: [com.luis.tfg.ExecutionOrder.State@68af8288]
State state284 transitions to: [com.luis.tfg.ExecutionOrder.State@8dc3019]
State state283 transitions to: [com.luis.tfg.ExecutionOrder.State@34ab398b]
State state286 transitions to: [com.luis.tfg.ExecutionOrder.State@71634e64]
State state285 transitions to: [com.luis.tfg.ExecutionOrder.State@65cc3902]
State state277 transitions to: [com.luis.tfg.ExecutionOrder.State@c79915a]
State state276 transitions to: [com.luis.tfg.ExecutionOrder.State@6173863f]
State state279 transitions to: [com.luis.tfg.ExecutionOrder.State@a08e41b]
State state278 transitions to: [com.luis.tfg.ExecutionOrder.State@e08d871]
State state9 transitions to: [com.luis.tfg.ExecutionOrder.State@4ebb7bab]
State state6 transitions to: [com.luis.tfg.ExecutionOrder.State@33845e3d]
State state5 transitions to: [com.luis.tfg.ExecutionOrder.State@7e615c6a]
State state8 transitions to: [com.luis.tfg.ExecutionOrder.State@3662c887]
State state7 transitions to: [com.luis.tfg.ExecutionOrder.State@23119bc3]
State state2 transitions to: [com.luis.tfg.ExecutionOrder.State@32f54c2a]
State state1 transitions to: [com.luis.tfg.ExecutionOrder.State@4603c412]
State state4 transitions to: [com.luis.tfg.ExecutionOrder.State@66851aa5]
State state3 transitions to: [com.luis.tfg.ExecutionOrder.State@49654a35]
State state909 transitions to: [com.luis.tfg.ExecutionOrder.State@5169db2f]
State state908 transitions to: [com.luis.tfg.ExecutionOrder.State@912a644]
State state901 transitions to: [com.luis.tfg.ExecutionOrder.State@478cc5f1]
State state900 transitions to: [com.luis.tfg.ExecutionOrder.State@245b0bd7]
State state903 transitions to: [com.luis.tfg.ExecutionOrder.State@3bf41cd0]
State state902 transitions to: [com.luis.tfg.ExecutionOrder.State@2748bd6c]
State state905 transitions to: [com.luis.tfg.ExecutionOrder.State@64a4739]
State state904 transitions to: [com.luis.tfg.ExecutionOrder.State@7ab3f194]
State state907 transitions to: [com.luis.tfg.ExecutionOrder.State@613a608e]
State state906 transitions to: [com.luis.tfg.ExecutionOrder.State@37b1218]
State state919 transitions to: [com.luis.tfg.ExecutionOrder.State@575cfec1]
State state0 transitions to: [com.luis.tfg.ExecutionOrder.State@32068aef]
State state910 transitions to: [com.luis.tfg.ExecutionOrder.State@8ab231]
State state912 transitions to: [com.luis.tfg.ExecutionOrder.State@5b3a8bea]
State state911 transitions to: [com.luis.tfg.ExecutionOrder.State@6ba0dcba]
State state914 transitions to: [com.luis.tfg.ExecutionOrder.State@6d7772d3]
State state913 transitions to: [com.luis.tfg.ExecutionOrder.State@38394e76]
State state916 transitions to: [com.luis.tfg.ExecutionOrder.State@37d3e740]
State state915 transitions to: [com.luis.tfg.ExecutionOrder.State@5afba80c]
State state918 transitions to: [com.luis.tfg.ExecutionOrder.State@c4ca86a]
State state917 transitions to: [com.luis.tfg.ExecutionOrder.State@7e741d6b]
[INFO] StateMachine registered for instance: TestClass{id='id-long-sequence'} with transitions: {state840=[state841], state842=[state843], state600=[state601], state841=[state842], state844=[state845], state602=[state603], state843=[state844], state601=[state602], state846=[state847], state604=[state605], state845=[state846], state603=[state604], state848=[state849], state606=[state607], state847=[state848], state605=[state606], state608=[state609], state849=[state850], state607=[state608], state609=[state610], state851=[state852], state850=[state851], state853=[state854], state611=[state612], state852=[state853], state610=[state611], state855=[state856], state613=[state614], state854=[state855], state612=[state613], state857=[state858], state615=[state616], state856=[state857], state614=[state615], state859=[state860], state617=[state618], state858=[state859], state616=[state617], state619=[state620], state618=[state619], state860=[state861], state862=[state863], state620=[state621], state861=[state862], state864=[state865], state622=[state623], state863=[state864], state621=[state622], state866=[state867], state624=[state625], state865=[state866], state623=[state624], state868=[state869], state626=[state627], state867=[state868], state625=[state626], state628=[state629], state869=[state870], state627=[state628], state629=[state630], state880=[state881], state871=[state872], state870=[state871], state873=[state874], state631=[state632], state872=[state873], state630=[state631], state875=[state876], state633=[state634], state874=[state875], state632=[state633], state877=[state878], state635=[state636], state876=[state877], state634=[state635], state879=[state880], state637=[state638], state878=[state879], state636=[state637], state639=[state640], state638=[state639], state809=[state810], state800=[state801], state802=[state803], state801=[state802], state804=[state805], state803=[state804], state806=[state807], state805=[state806], state808=[state809], state807=[state808], state811=[state812], state810=[state811], state813=[state814], state812=[state813], state815=[state816], state814=[state815], state817=[state818], state816=[state817], state819=[state820], state818=[state819], state820=[state821], state822=[state823], state821=[state822], state824=[state825], state823=[state824], state826=[state827], state825=[state826], state828=[state829], state827=[state828], state829=[state830], state831=[state832], state830=[state831], state833=[state834], state832=[state833], state835=[state836], state834=[state835], state837=[state838], state836=[state837], state839=[state840], state838=[state839], state691=[state692], state690=[state691], state693=[state694], state451=[state452], state692=[state693], state450=[state451], state684=[state685], state442=[state443], state200=[state201], state683=[state684], state441=[state442], state686=[state687], state444=[state445], state202=[state203], state685=[state686], state443=[state444], state201=[state202], state688=[state689], state446=[state447], state204=[state205], state687=[state688], state445=[state446], state203=[state204], state448=[state449], state206=[state207], state689=[state690], state447=[state448], state205=[state206], state208=[state209], state449=[state450], state207=[state208], state209=[state210], state460=[state461], state462=[state463], state220=[state221], state461=[state462], state695=[state696], state453=[state454], state211=[state212], state694=[state695], state452=[state453], state210=[state211], state697=[state698], state455=[state456], state213=[state214], state696=[state697], state454=[state455], state212=[state213], state699=[state700], state457=[state458], state215=[state216], state698=[state699], state456=[state457], state214=[state215], state459=[state460], state217=[state218], state458=[state459], state216=[state217], state219=[state220], state218=[state219], state471=[state472], state470=[state471], state473=[state474], state231=[state232], state472=[state473], state230=[state231], state464=[state465], state222=[state223], state463=[state464], state221=[state222], state466=[state467], state224=[state225], state465=[state466], state223=[state224], state468=[state469], state226=[state227], state467=[state468], state225=[state226], state228=[state229], state469=[state470], state227=[state228], state229=[state230], state480=[state481], state482=[state483], state240=[state241], state481=[state482], state484=[state485], state242=[state243], state483=[state484], state241=[state242], state475=[state476], state233=[state234], state474=[state475], state232=[state233], state477=[state478], state235=[state236], state476=[state477], state234=[state235], state479=[state480], state237=[state238], state478=[state479], state236=[state237], state239=[state240], state238=[state239], state891=[state892], state890=[state891], state882=[state883], state640=[state641], state881=[state882], state884=[state885], state642=[state643], state400=[state401], state883=[state884], state641=[state642], state886=[state887], state644=[state645], state402=[state403], state885=[state886], state643=[state644], state401=[state402], state888=[state889], state646=[state647], state404=[state405], state887=[state888], state645=[state646], state403=[state404], state648=[state649], state406=[state407], state889=[state890], state647=[state648], state405=[state406], state408=[state409], state649=[state650], state407=[state408], state409=[state410], state660=[state661], state893=[state894], state651=[state652], state892=[state893], state650=[state651], state895=[state896], state653=[state654], state411=[state412], state894=[state895], state652=[state653], state410=[state411], state897=[state898], state655=[state656], state413=[state414], state896=[state897], state654=[state655], state412=[state413], state899=[state900], state657=[state658], state415=[state416], state898=[state899], state656=[state657], state414=[state415], state659=[state660], state417=[state418], state658=[state659], state416=[state417], state419=[state420], state418=[state419], state671=[state672], state670=[state671], state662=[state663], state420=[state421], state661=[state662], state664=[state665], state422=[state423], state663=[state664], state421=[state422], state666=[state667], state424=[state425], state665=[state666], state423=[state424], state668=[state669], state426=[state427], state667=[state668], state425=[state426], state428=[state429], state669=[state670], state427=[state428], state429=[state430], state680=[state681], state682=[state683], state440=[state441], state681=[state682], state673=[state674], state431=[state432], state672=[state673], state430=[state431], state675=[state676], state433=[state434], state674=[state675], state432=[state433], state677=[state678], state435=[state436], state676=[state677], state434=[state435], state679=[state680], state437=[state438], state678=[state679], state436=[state437], state439=[state440], state438=[state439], state170=[state171], state172=[state173], state171=[state172], state174=[state175], state173=[state174], state176=[state177], state175=[state176], state167=[state168], state166=[state167], state169=[state170], state168=[state169], state181=[state182], state180=[state181], state183=[state184], state182=[state183], state185=[state186], state184=[state185], state187=[state188], state186=[state187], state178=[state179], state177=[state178], state179=[state180], state190=[state191], state192=[state193], state191=[state192], state194=[state195], state193=[state194], state196=[state197], state195=[state196], state198=[state199], state197=[state198], state189=[state190], state188=[state189], state199=[state200], state370=[state371], state372=[state373], state130=[state131], state371=[state372], state374=[state375], state132=[state133], state373=[state374], state131=[state132], state365=[state366], state123=[state124], state364=[state365], state122=[state123], state367=[state368], state125=[state126], state366=[state367], state124=[state125], state369=[state370], state127=[state128], state368=[state369], state126=[state127], state129=[state130], state128=[state129], state381=[state382], state380=[state381], state383=[state384], state141=[state142], state382=[state383], state140=[state141], state385=[state386], state143=[state144], state384=[state385], state142=[state143], state376=[state377], state134=[state135], state375=[state376], state133=[state134], state378=[state379], state136=[state137], state377=[state378], state135=[state136], state138=[state139], state379=[state380], state137=[state138], state139=[state140], state390=[state391], state392=[state393], state150=[state151], state391=[state392], state394=[state395], state152=[state153], state393=[state394], state151=[state152], state396=[state397], state154=[state155], state395=[state396], state153=[state154], state387=[state388], state145=[state146], state386=[state387], state144=[state145], state389=[state390], state147=[state148], state388=[state389], state146=[state147], state149=[state150], state148=[state149], state161=[state162], state160=[state161], state163=[state164], state162=[state163], state165=[state166], state164=[state165], state398=[state399], state156=[state157], state397=[state398], state155=[state156], state158=[state159], state399=[state400], state157=[state158], state159=[state160], state53=[state54], state52=[state53], state51=[state52], state50=[state51], state961=[state962], state960=[state961], state963=[state964], state721=[state722], state962=[state963], state720=[state721], state965=[state966], state723=[state724], state964=[state965], state722=[state723], state967=[state968], state725=[state726], state57=[state58], state966=[state967], state724=[state725], state56=[state57], state969=[state970], state727=[state728], state55=[state56], state968=[state969], state726=[state727], state54=[state55], state729=[state730], state728=[state729], state59=[state60], state58=[state59], state42=[state43], state41=[state42], state40=[state41], state970=[state971], state972=[state973], state730=[state731], state971=[state972], state974=[state975], state732=[state733], state973=[state974], state731=[state732], state976=[state977], state734=[state735], state975=[state976], state733=[state734], state978=[state979], state736=[state737], state46=[state47], state977=[state978], state735=[state736], state45=[state46], state738=[state739], state44=[state45], state979=[state980], state737=[state738], state43=[state44], state739=[state740], state49=[state50], state48=[state49], state47=[state48], state31=[state32], state30=[state31], state990=[state991], state981=[state982], state980=[state981], state983=[state984], state741=[state742], state982=[state983], state740=[state741], state985=[state986], state743=[state744], state501=[state502], state984=[state985], state742=[state743], state500=[state501], state987=[state988], state745=[state746], state503=[state504], state986=[state987], state744=[state745], state502=[state503], state989=[state990], state747=[state748], state505=[state506], state35=[state36], state988=[state989], state746=[state747], state504=[state505], state34=[state35], state749=[state750], state507=[state508], state33=[state34], state748=[state749], state506=[state507], state32=[state33], state509=[state510], state39=[state40], state508=[state509], state38=[state39], state37=[state38], state36=[state37], state20=[state21], state992=[state993], state750=[state751], state991=[state992], state994=[state995], state752=[state753], state510=[state511], state993=[state994], state751=[state752], state29=[state30], state996=[state997], state754=[state755], state512=[state513], state995=[state996], state753=[state754], state511=[state512], state998=[state999], state756=[state757], state514=[state515], state997=[state998], state755=[state756], state513=[state514], state758=[state759], state516=[state517], state24=[state25], state999=[FINAL], state757=[state758], state515=[state516], state23=[state24], state518=[state519], state22=[state23], state759=[state760], state517=[state518], state21=[state22], state28=[state29], state519=[state520], state27=[state28], state26=[state27], state25=[state26], state19=[state20], state18=[state19], state921=[state922], state920=[state921], state923=[state924], state13=[state14], state922=[state923], state12=[state13], state925=[state926], state11=[state12], state924=[state925], state10=[state11], state927=[state928], state17=[state18], state926=[state927], state16=[state17], state929=[state930], state15=[state16], state928=[state929], state14=[state15], state930=[state931], state932=[state933], state931=[state932], state934=[state935], state933=[state934], state936=[state937], state935=[state936], state938=[state939], state937=[state938], state939=[state940], state941=[state942], state940=[state941], state943=[state944], state701=[state702], state942=[state943], state700=[state701], state945=[state946], state703=[state704], state944=[state945], state702=[state703], state947=[state948], state705=[state706], state946=[state947], state704=[state705], state949=[state950], state707=[state708], state948=[state949], state706=[state707], state709=[state710], state708=[state709], state950=[state951], state952=[state953], state710=[state711], state951=[state952], state954=[state955], state712=[state713], state953=[state954], state711=[state712], state956=[state957], state714=[state715], state955=[state956], state713=[state714], state958=[state959], state716=[state717], state957=[state958], state715=[state716], state718=[state719], state959=[state960], state717=[state718], state719=[state720], state570=[state571], state572=[state573], state330=[state331], state571=[state572], state563=[state564], state321=[state322], state562=[state563], state320=[state321], state565=[state566], state323=[state324], state564=[state565], state322=[state323], state567=[state568], state325=[state326], state566=[state567], state324=[state325], state569=[state570], state327=[state328], state568=[state569], state326=[state327], state329=[state330], state328=[state329], state581=[state582], state580=[state581], state583=[state584], state341=[state342], state582=[state583], state340=[state341], state574=[state575], state332=[state333], state573=[state574], state331=[state332], state576=[state577], state334=[state335], state575=[state576], state333=[state334], state578=[state579], state336=[state337], state577=[state578], state335=[state336], state338=[state339], state579=[state580], state337=[state338], state339=[state340], state590=[state591], state592=[state593], state350=[state351], state591=[state592], state594=[state595], state352=[state353], state110=[state111], state593=[state594], state351=[state352], state585=[state586], state343=[state344], state101=[state102], state584=[state585], state342=[state343], state100=[state101], state587=[state588], state345=[state346], state103=[state104], state586=[state587], state344=[state345], state102=[state103], state589=[state590], state347=[state348], state105=[state106], state588=[state589], state346=[state347], state104=[state105], state349=[state350], state107=[state108], state348=[state349], state106=[state107], state109=[state110], state108=[state109], state361=[state362], state360=[state361], state363=[state364], state121=[state122], state362=[state363], state120=[state121], state596=[state597], state354=[state355], state112=[state113], state595=[state596], state353=[state354], state111=[state112], state598=[state599], state356=[state357], state114=[state115], state597=[state598], state355=[state356], state113=[state114], state358=[state359], state116=[state117], state599=[state600], state357=[state358], state115=[state116], state118=[state119], state359=[state360], state117=[state118], state119=[state120], state93=[state94], state92=[state93], state91=[state92], state90=[state91], state97=[state98], state96=[state97], state95=[state96], state94=[state95], state770=[state771], state761=[state762], state760=[state761], state763=[state764], state521=[state522], state762=[state763], state520=[state521], state765=[state766], state523=[state524], state764=[state765], state522=[state523], state767=[state768], state525=[state526], state766=[state767], state524=[state525], state769=[state770], state527=[state528], state768=[state769], state526=[state527], state529=[state530], state99=[state100], state528=[state529], state98=[state99], state82=[state83], state81=[state82], state80=[state81], state86=[state87], state85=[state86], state84=[state85], state83=[state84], state781=[state782], state780=[state781], state772=[state773], state530=[state531], state771=[state772], state774=[state775], state532=[state533], state773=[state774], state531=[state532], state776=[state777], state534=[state535], state775=[state776], state533=[state534], state778=[state779], state536=[state537], state777=[state778], state535=[state536], state538=[state539], state779=[state780], state537=[state538], state89=[state90], state88=[state89], state539=[state540], state87=[state88], state71=[state72], state70=[state71], state75=[state76], state74=[state75], state73=[state74], state72=[state73], INITIAL=[state0], state790=[state791], state792=[state793], state550=[state551], state791=[state792], state783=[state784], state541=[state542], state782=[state783], state540=[state541], state785=[state786], state543=[state544], state301=[state302], state784=[state785], state542=[state543], state300=[state301], state787=[state788], state545=[state546], state303=[state304], state786=[state787], state544=[state545], state302=[state303], state789=[state790], state547=[state548], state305=[state306], state788=[state789], state546=[state547], state304=[state305], state549=[state550], state307=[state308], state79=[state80], state548=[state549], state306=[state307], state78=[state79], state309=[state310], state77=[state78], state308=[state309], state76=[state77], state60=[state61], state64=[state65], state63=[state64], state62=[state63], state61=[state62], state561=[state562], state560=[state561], state794=[state795], state552=[state553], state310=[state311], state793=[state794], state551=[state552], state796=[state797], state554=[state555], state312=[state313], state795=[state796], state553=[state554], state311=[state312], state798=[state799], state556=[state557], state314=[state315], state797=[state798], state555=[state556], state313=[state314], state558=[state559], state316=[state317], state799=[state800], state557=[state558], state315=[state316], state318=[state319], state68=[state69], state559=[state560], state317=[state318], state67=[state68], state66=[state67], state319=[state320], state65=[state66], state69=[state70], state291=[state292], state290=[state291], state293=[state294], state292=[state293], state295=[state296], state294=[state295], state297=[state298], state296=[state297], state288=[state289], state287=[state288], state289=[state290], state299=[state300], state298=[state299], state491=[state492], state490=[state491], state493=[state494], state251=[state252], state492=[state493], state250=[state251], state495=[state496], state253=[state254], state494=[state495], state252=[state253], state486=[state487], state244=[state245], state485=[state486], state243=[state244], state488=[state489], state246=[state247], state487=[state488], state245=[state246], state248=[state249], state489=[state490], state247=[state248], state249=[state250], state260=[state261], state262=[state263], state261=[state262], state264=[state265], state263=[state264], state497=[state498], state255=[state256], state496=[state497], state254=[state255], state499=[state500], state257=[state258], state498=[state499], state256=[state257], state259=[state260], state258=[state259], state271=[state272], state270=[state271], state273=[state274], state272=[state273], state275=[state276], state274=[state275], state266=[state267], state265=[state266], state268=[state269], state267=[state268], state269=[state270], state280=[state281], state282=[state283], state281=[state282], state284=[state285], state283=[state284], state286=[state287], state285=[state286], state277=[state278], state276=[state277], state279=[state280], state278=[state279], state9=[state10], state6=[state7], state5=[state6], state8=[state9], state7=[state8], state2=[state3], state1=[state2], state4=[state5], state3=[state4], state909=[state910], state908=[state909], state901=[state902], state900=[state901], state903=[state904], state902=[state903], state905=[state906], state904=[state905], state907=[state908], state906=[state907], state919=[state920], state0=[state1], state910=[state911], state912=[state913], state911=[state912], state914=[state915], state913=[state914], state916=[state917], state915=[state916], state918=[state919], state917=[state918]}
[INFO] Current StateMachineMap content:
    Instance: TestClass{id='id55-or'} -> StateMachine: com.luis.tfg.ExecutionOrder.StateMachine@6ab826bb
    Instance: TestClass{id='id-long-sequence'} -> StateMachine: com.luis.tfg.ExecutionOrder.StateMachine@56351c02
    Instance: TestClass{id='id21'} -> StateMachine: com.luis.tfg.ExecutionOrder.StateMachine@2d758472
    Instance: TestClass{id='id23'} -> StateMachine: com.luis.tfg.ExecutionOrder.StateMachine@5daa621b
    Instance: TestClass{id='id22'} -> StateMachine: com.luis.tfg.ExecutionOrder.StateMachine@41d53813
    Instance: TestClass{id='id-declared-final-state-test'} -> StateMachine: com.luis.tfg.ExecutionOrder.StateMachine@14bd523b
    Instance: TestClass{id='id24'} -> StateMachine: com.luis.tfg.ExecutionOrder.StateMachine@3095d06b
    Instance: TestClass{id='id27'} -> StateMachine: com.luis.tfg.ExecutionOrder.StateMachine@2ce62e27
    Instance: TestClass{id='id337'} -> StateMachine: com.luis.tfg.ExecutionOrder.StateMachine@486bcaa
    Instance: TestClass{id='id26'} -> StateMachine: com.luis.tfg.ExecutionOrder.StateMachine@7253c53
    Instance: TestClass{id='id-or-and-path4'} -> StateMachine: com.luis.tfg.ExecutionOrder.StateMachine@2484c868
    Instance: TestClass{id='id1'} -> StateMachine: com.luis.tfg.ExecutionOrder.StateMachine@67f0bf7e
    Instance: TestClass{id='id3'} -> StateMachine: com.luis.tfg.ExecutionOrder.StateMachine@3c4e23be
    Instance: TestClass{id='complex-combinations-path1'} -> StateMachine: com.luis.tfg.ExecutionOrder.StateMachine@3d99d327
    Instance: TestClass{id='id-special-final'} -> StateMachine: com.luis.tfg.ExecutionOrder.StateMachine@31fc658f
    Instance: TestClass{id='id2'} -> StateMachine: com.luis.tfg.ExecutionOrder.StateMachine@7fd32c56
    Instance: TestClass{id='id55-and'} -> StateMachine: com.luis.tfg.ExecutionOrder.StateMachine@726a5e6a
    Instance: TestClass{id='id5'} -> StateMachine: com.luis.tfg.ExecutionOrder.StateMachine@5dd2ea0a
    Instance: TestClass{id='id7'} -> StateMachine: com.luis.tfg.ExecutionOrder.StateMachine@4a9412c4
    Instance: TestClass{id='id6'} -> StateMachine: com.luis.tfg.ExecutionOrder.StateMachine@6c2fea95
    Instance: TestClass{id='id8'} -> StateMachine: com.luis.tfg.ExecutionOrder.StateMachine@d28a235
    Instance: TestClass{id='id-invalid-regex'} -> StateMachine: com.luis.tfg.ExecutionOrder.StateMachine@328bc067
    Instance: TestClass{id='id-special-final2'} -> StateMachine: com.luis.tfg.ExecutionOrder.StateMachine@187df588
    Instance: TestClass{id='id72'} -> StateMachine: com.luis.tfg.ExecutionOrder.StateMachine@6e1d9b32
    Instance: TestClass{id='id-or-paths-b'} -> StateMachine: com.luis.tfg.ExecutionOrder.StateMachine@138b9abe
    Instance: TestClass{id='id-or-paths-a'} -> StateMachine: com.luis.tfg.ExecutionOrder.StateMachine@1d38cdde
    Instance: TestClass{id='complex-cycles'} -> StateMachine: com.luis.tfg.ExecutionOrder.StateMachine@4b62f1ba
    Instance: TestClass{id='id10'} -> StateMachine: com.luis.tfg.ExecutionOrder.StateMachine@244f356
    Instance: TestClass{id='id31'} -> StateMachine: com.luis.tfg.ExecutionOrder.StateMachine@17fa14a3
    Instance: TestClass{id='id12'} -> StateMachine: com.luis.tfg.ExecutionOrder.StateMachine@6885f3f7
    Instance: TestClass{id='id-or-and-path1'} -> StateMachine: com.luis.tfg.ExecutionOrder.StateMachine@3dc39412
    Instance: TestClass{id='id-or-and-path3'} -> StateMachine: com.luis.tfg.ExecutionOrder.StateMachine@72641613
    Instance: TestClass{id='id-or-and-path2'} -> StateMachine: com.luis.tfg.ExecutionOrder.StateMachine@2e38d44e
    Instance: TestClass{id='id29'} -> StateMachine: com.luis.tfg.ExecutionOrder.StateMachine@4a8bf1dc
    Instance: TestClass{id='id28'} -> StateMachine: com.luis.tfg.ExecutionOrder.StateMachine@46d18a33
    Instance: TestClass{id='id-or-and'} -> StateMachine: com.luis.tfg.ExecutionOrder.StateMachine@4bc41565
[INFO] Fetching StateMachine for instance: TestClass{id='id-long-sequence'}
[INFO] StateMachine fetched for instance: TestClass{id='id-long-sequence'}
[INFO] Transition valid. Current state updated to: state0
[INFO] Transition valid. Current state updated to: state1
[INFO] Transition valid. Current state updated to: state2
[INFO] Transition valid. Current state updated to: state3
[INFO] Transition valid. Current state updated to: state4
[INFO] Transition valid. Current state updated to: state5
[INFO] Transition valid. Current state updated to: state6
[INFO] Transition valid. Current state updated to: state7
[INFO] Transition valid. Current state updated to: state8
[INFO] Transition valid. Current state updated to: state9
[INFO] Transition valid. Current state updated to: state10
[INFO] Transition valid. Current state updated to: state11
[INFO] Transition valid. Current state updated to: state12
[INFO] Transition valid. Current state updated to: state13
[INFO] Transition valid. Current state updated to: state14
[INFO] Transition valid. Current state updated to: state15
[INFO] Transition valid. Current state updated to: state16
[INFO] Transition valid. Current state updated to: state17
[INFO] Transition valid. Current state updated to: state18
[INFO] Transition valid. Current state updated to: state19
[INFO] Transition valid. Current state updated to: state20
[INFO] Transition valid. Current state updated to: state21
[INFO] Transition valid. Current state updated to: state22
[INFO] Transition valid. Current state updated to: state23
[INFO] Transition valid. Current state updated to: state24
[INFO] Transition valid. Current state updated to: state25
[INFO] Transition valid. Current state updated to: state26
[INFO] Transition valid. Current state updated to: state27
[INFO] Transition valid. Current state updated to: state28
[INFO] Transition valid. Current state updated to: state29
[INFO] Transition valid. Current state updated to: state30
[INFO] Transition valid. Current state updated to: state31
[INFO] Transition valid. Current state updated to: state32
[INFO] Transition valid. Current state updated to: state33
[INFO] Transition valid. Current state updated to: state34
[INFO] Transition valid. Current state updated to: state35
[INFO] Transition valid. Current state updated to: state36
[INFO] Transition valid. Current state updated to: state37
[INFO] Transition valid. Current state updated to: state38
[INFO] Transition valid. Current state updated to: state39
[INFO] Transition valid. Current state updated to: state40
[INFO] Transition valid. Current state updated to: state41
[INFO] Transition valid. Current state updated to: state42
[INFO] Transition valid. Current state updated to: state43
[INFO] Transition valid. Current state updated to: state44
[INFO] Transition valid. Current state updated to: state45
[INFO] Transition valid. Current state updated to: state46
[INFO] Transition valid. Current state updated to: state47
[INFO] Transition valid. Current state updated to: state48
[INFO] Transition valid. Current state updated to: state49
[INFO] Transition valid. Current state updated to: state50
[INFO] Transition valid. Current state updated to: state51
[INFO] Transition valid. Current state updated to: state52
[INFO] Transition valid. Current state updated to: state53
[INFO] Transition valid. Current state updated to: state54
[INFO] Transition valid. Current state updated to: state55
[INFO] Transition valid. Current state updated to: state56
[INFO] Transition valid. Current state updated to: state57
[INFO] Transition valid. Current state updated to: state58
[INFO] Transition valid. Current state updated to: state59
[INFO] Transition valid. Current state updated to: state60
[INFO] Transition valid. Current state updated to: state61
[INFO] Transition valid. Current state updated to: state62
[INFO] Transition valid. Current state updated to: state63
[INFO] Transition valid. Current state updated to: state64
[INFO] Transition valid. Current state updated to: state65
[INFO] Transition valid. Current state updated to: state66
[INFO] Transition valid. Current state updated to: state67
[INFO] Transition valid. Current state updated to: state68
[INFO] Transition valid. Current state updated to: state69
[INFO] Transition valid. Current state updated to: state70
[INFO] Transition valid. Current state updated to: state71
[INFO] Transition valid. Current state updated to: state72
[INFO] Transition valid. Current state updated to: state73
[INFO] Transition valid. Current state updated to: state74
[INFO] Transition valid. Current state updated to: state75
[INFO] Transition valid. Current state updated to: state76
[INFO] Transition valid. Current state updated to: state77
[INFO] Transition valid. Current state updated to: state78
[INFO] Transition valid. Current state updated to: state79
[INFO] Transition valid. Current state updated to: state80
[INFO] Transition valid. Current state updated to: state81
[INFO] Transition valid. Current state updated to: state82
[INFO] Transition valid. Current state updated to: state83
[INFO] Transition valid. Current state updated to: state84
[INFO] Transition valid. Current state updated to: state85
[INFO] Transition valid. Current state updated to: state86
[INFO] Transition valid. Current state updated to: state87
[INFO] Transition valid. Current state updated to: state88
[INFO] Transition valid. Current state updated to: state89
[INFO] Transition valid. Current state updated to: state90
[INFO] Transition valid. Current state updated to: state91
[INFO] Transition valid. Current state updated to: state92
[INFO] Transition valid. Current state updated to: state93
[INFO] Transition valid. Current state updated to: state94
[INFO] Transition valid. Current state updated to: state95
[INFO] Transition valid. Current state updated to: state96
[INFO] Transition valid. Current state updated to: state97
[INFO] Transition valid. Current state updated to: state98
[INFO] Transition valid. Current state updated to: state99
[INFO] Transition valid. Current state updated to: state100
[INFO] Transition valid. Current state updated to: state101
[INFO] Transition valid. Current state updated to: state102
[INFO] Transition valid. Current state updated to: state103
[INFO] Transition valid. Current state updated to: state104
[INFO] Transition valid. Current state updated to: state105
[INFO] Transition valid. Current state updated to: state106
[INFO] Transition valid. Current state updated to: state107
[INFO] Transition valid. Current state updated to: state108
[INFO] Transition valid. Current state updated to: state109
[INFO] Transition valid. Current state updated to: state110
[INFO] Transition valid. Current state updated to: state111
[INFO] Transition valid. Current state updated to: state112
[INFO] Transition valid. Current state updated to: state113
[INFO] Transition valid. Current state updated to: state114
[INFO] Transition valid. Current state updated to: state115
[INFO] Transition valid. Current state updated to: state116
[INFO] Transition valid. Current state updated to: state117
[INFO] Transition valid. Current state updated to: state118
[INFO] Transition valid. Current state updated to: state119
[INFO] Transition valid. Current state updated to: state120
[INFO] Transition valid. Current state updated to: state121
[INFO] Transition valid. Current state updated to: state122
[INFO] Transition valid. Current state updated to: state123
[INFO] Transition valid. Current state updated to: state124
[INFO] Transition valid. Current state updated to: state125
[INFO] Transition valid. Current state updated to: state126
[INFO] Transition valid. Current state updated to: state127
[INFO] Transition valid. Current state updated to: state128
[INFO] Transition valid. Current state updated to: state129
[INFO] Transition valid. Current state updated to: state130
[INFO] Transition valid. Current state updated to: state131
[INFO] Transition valid. Current state updated to: state132
[INFO] Transition valid. Current state updated to: state133
[INFO] Transition valid. Current state updated to: state134
[INFO] Transition valid. Current state updated to: state135
[INFO] Transition valid. Current state updated to: state136
[INFO] Transition valid. Current state updated to: state137
[INFO] Transition valid. Current state updated to: state138
[INFO] Transition valid. Current state updated to: state139
[INFO] Transition valid. Current state updated to: state140
[INFO] Transition valid. Current state updated to: state141
[INFO] Transition valid. Current state updated to: state142
[INFO] Transition valid. Current state updated to: state143
[INFO] Transition valid. Current state updated to: state144
[INFO] Transition valid. Current state updated to: state145
[INFO] Transition valid. Current state updated to: state146
[INFO] Transition valid. Current state updated to: state147
[INFO] Transition valid. Current state updated to: state148
[INFO] Transition valid. Current state updated to: state149
[INFO] Transition valid. Current state updated to: state150
[INFO] Transition valid. Current state updated to: state151
[INFO] Transition valid. Current state updated to: state152
[INFO] Transition valid. Current state updated to: state153
[INFO] Transition valid. Current state updated to: state154
[INFO] Transition valid. Current state updated to: state155
[INFO] Transition valid. Current state updated to: state156
[INFO] Transition valid. Current state updated to: state157
[INFO] Transition valid. Current state updated to: state158
[INFO] Transition valid. Current state updated to: state159
[INFO] Transition valid. Current state updated to: state160
[INFO] Transition valid. Current state updated to: state161
[INFO] Transition valid. Current state updated to: state162
[INFO] Transition valid. Current state updated to: state163
[INFO] Transition valid. Current state updated to: state164
[INFO] Transition valid. Current state updated to: state165
[INFO] Transition valid. Current state updated to: state166
[INFO] Transition valid. Current state updated to: state167
[INFO] Transition valid. Current state updated to: state168
[INFO] Transition valid. Current state updated to: state169
[INFO] Transition valid. Current state updated to: state170
[INFO] Transition valid. Current state updated to: state171
[INFO] Transition valid. Current state updated to: state172
[INFO] Transition valid. Current state updated to: state173
[INFO] Transition valid. Current state updated to: state174
[INFO] Transition valid. Current state updated to: state175
[INFO] Transition valid. Current state updated to: state176
[INFO] Transition valid. Current state updated to: state177
[INFO] Transition valid. Current state updated to: state178
[INFO] Transition valid. Current state updated to: state179
[INFO] Transition valid. Current state updated to: state180
[INFO] Transition valid. Current state updated to: state181
[INFO] Transition valid. Current state updated to: state182
[INFO] Transition valid. Current state updated to: state183
[INFO] Transition valid. Current state updated to: state184
[INFO] Transition valid. Current state updated to: state185
[INFO] Transition valid. Current state updated to: state186
[INFO] Transition valid. Current state updated to: state187
[INFO] Transition valid. Current state updated to: state188
[INFO] Transition valid. Current state updated to: state189
[INFO] Transition valid. Current state updated to: state190
[INFO] Transition valid. Current state updated to: state191
[INFO] Transition valid. Current state updated to: state192
[INFO] Transition valid. Current state updated to: state193
[INFO] Transition valid. Current state updated to: state194
[INFO] Transition valid. Current state updated to: state195
[INFO] Transition valid. Current state updated to: state196
[INFO] Transition valid. Current state updated to: state197
[INFO] Transition valid. Current state updated to: state198
[INFO] Transition valid. Current state updated to: state199
[INFO] Transition valid. Current state updated to: state200
[INFO] Transition valid. Current state updated to: state201
[INFO] Transition valid. Current state updated to: state202
[INFO] Transition valid. Current state updated to: state203
[INFO] Transition valid. Current state updated to: state204
[INFO] Transition valid. Current state updated to: state205
[INFO] Transition valid. Current state updated to: state206
[INFO] Transition valid. Current state updated to: state207
[INFO] Transition valid. Current state updated to: state208
[INFO] Transition valid. Current state updated to: state209
[INFO] Transition valid. Current state updated to: state210
[INFO] Transition valid. Current state updated to: state211
[INFO] Transition valid. Current state updated to: state212
[INFO] Transition valid. Current state updated to: state213
[INFO] Transition valid. Current state updated to: state214
[INFO] Transition valid. Current state updated to: state215
[INFO] Transition valid. Current state updated to: state216
[INFO] Transition valid. Current state updated to: state217
[INFO] Transition valid. Current state updated to: state218
[INFO] Transition valid. Current state updated to: state219
[INFO] Transition valid. Current state updated to: state220
[INFO] Transition valid. Current state updated to: state221
[INFO] Transition valid. Current state updated to: state222
[INFO] Transition valid. Current state updated to: state223
[INFO] Transition valid. Current state updated to: state224
[INFO] Transition valid. Current state updated to: state225
[INFO] Transition valid. Current state updated to: state226
[INFO] Transition valid. Current state updated to: state227
[INFO] Transition valid. Current state updated to: state228
[INFO] Transition valid. Current state updated to: state229
[INFO] Transition valid. Current state updated to: state230
[INFO] Transition valid. Current state updated to: state231
[INFO] Transition valid. Current state updated to: state232
[INFO] Transition valid. Current state updated to: state233
[INFO] Transition valid. Current state updated to: state234
[INFO] Transition valid. Current state updated to: state235
[INFO] Transition valid. Current state updated to: state236
[INFO] Transition valid. Current state updated to: state237
[INFO] Transition valid. Current state updated to: state238
[INFO] Transition valid. Current state updated to: state239
[INFO] Transition valid. Current state updated to: state240
[INFO] Transition valid. Current state updated to: state241
[INFO] Transition valid. Current state updated to: state242
[INFO] Transition valid. Current state updated to: state243
[INFO] Transition valid. Current state updated to: state244
[INFO] Transition valid. Current state updated to: state245
[INFO] Transition valid. Current state updated to: state246
[INFO] Transition valid. Current state updated to: state247
[INFO] Transition valid. Current state updated to: state248
[INFO] Transition valid. Current state updated to: state249
[INFO] Transition valid. Current state updated to: state250
[INFO] Transition valid. Current state updated to: state251
[INFO] Transition valid. Current state updated to: state252
[INFO] Transition valid. Current state updated to: state253
[INFO] Transition valid. Current state updated to: state254
[INFO] Transition valid. Current state updated to: state255
[INFO] Transition valid. Current state updated to: state256
[INFO] Transition valid. Current state updated to: state257
[INFO] Transition valid. Current state updated to: state258
[INFO] Transition valid. Current state updated to: state259
[INFO] Transition valid. Current state updated to: state260
[INFO] Transition valid. Current state updated to: state261
[INFO] Transition valid. Current state updated to: state262
[INFO] Transition valid. Current state updated to: state263
[INFO] Transition valid. Current state updated to: state264
[INFO] Transition valid. Current state updated to: state265
[INFO] Transition valid. Current state updated to: state266
[INFO] Transition valid. Current state updated to: state267
[INFO] Transition valid. Current state updated to: state268
[INFO] Transition valid. Current state updated to: state269
[INFO] Transition valid. Current state updated to: state270
[INFO] Transition valid. Current state updated to: state271
[INFO] Transition valid. Current state updated to: state272
[INFO] Transition valid. Current state updated to: state273
[INFO] Transition valid. Current state updated to: state274
[INFO] Transition valid. Current state updated to: state275
[INFO] Transition valid. Current state updated to: state276
[INFO] Transition valid. Current state updated to: state277
[INFO] Transition valid. Current state updated to: state278
[INFO] Transition valid. Current state updated to: state279
[INFO] Transition valid. Current state updated to: state280
[INFO] Transition valid. Current state updated to: state281
[INFO] Transition valid. Current state updated to: state282
[INFO] Transition valid. Current state updated to: state283
[INFO] Transition valid. Current state updated to: state284
[INFO] Transition valid. Current state updated to: state285
[INFO] Transition valid. Current state updated to: state286
[INFO] Transition valid. Current state updated to: state287
[INFO] Transition valid. Current state updated to: state288
[INFO] Transition valid. Current state updated to: state289
[INFO] Transition valid. Current state updated to: state290
[INFO] Transition valid. Current state updated to: state291
[INFO] Transition valid. Current state updated to: state292
[INFO] Transition valid. Current state updated to: state293
[INFO] Transition valid. Current state updated to: state294
[INFO] Transition valid. Current state updated to: state295
[INFO] Transition valid. Current state updated to: state296
[INFO] Transition valid. Current state updated to: state297
[INFO] Transition valid. Current state updated to: state298
[INFO] Transition valid. Current state updated to: state299
[INFO] Transition valid. Current state updated to: state300
[INFO] Transition valid. Current state updated to: state301
[INFO] Transition valid. Current state updated to: state302
[INFO] Transition valid. Current state updated to: state303
[INFO] Transition valid. Current state updated to: state304
[INFO] Transition valid. Current state updated to: state305
[INFO] Transition valid. Current state updated to: state306
[INFO] Transition valid. Current state updated to: state307
[INFO] Transition valid. Current state updated to: state308
[INFO] Transition valid. Current state updated to: state309
[INFO] Transition valid. Current state updated to: state310
[INFO] Transition valid. Current state updated to: state311
[INFO] Transition valid. Current state updated to: state312
[INFO] Transition valid. Current state updated to: state313
[INFO] Transition valid. Current state updated to: state314
[INFO] Transition valid. Current state updated to: state315
[INFO] Transition valid. Current state updated to: state316
[INFO] Transition valid. Current state updated to: state317
[INFO] Transition valid. Current state updated to: state318
[INFO] Transition valid. Current state updated to: state319
[INFO] Transition valid. Current state updated to: state320
[INFO] Transition valid. Current state updated to: state321
[INFO] Transition valid. Current state updated to: state322
[INFO] Transition valid. Current state updated to: state323
[INFO] Transition valid. Current state updated to: state324
[INFO] Transition valid. Current state updated to: state325
[INFO] Transition valid. Current state updated to: state326
[INFO] Transition valid. Current state updated to: state327
[INFO] Transition valid. Current state updated to: state328
[INFO] Transition valid. Current state updated to: state329
[INFO] Transition valid. Current state updated to: state330
[INFO] Transition valid. Current state updated to: state331
[INFO] Transition valid. Current state updated to: state332
[INFO] Transition valid. Current state updated to: state333
[INFO] Transition valid. Current state updated to: state334
[INFO] Transition valid. Current state updated to: state335
[INFO] Transition valid. Current state updated to: state336
[INFO] Transition valid. Current state updated to: state337
[INFO] Transition valid. Current state updated to: state338
[INFO] Transition valid. Current state updated to: state339
[INFO] Transition valid. Current state updated to: state340
[INFO] Transition valid. Current state updated to: state341
[INFO] Transition valid. Current state updated to: state342
[INFO] Transition valid. Current state updated to: state343
[INFO] Transition valid. Current state updated to: state344
[INFO] Transition valid. Current state updated to: state345
[INFO] Transition valid. Current state updated to: state346
[INFO] Transition valid. Current state updated to: state347
[INFO] Transition valid. Current state updated to: state348
[INFO] Transition valid. Current state updated to: state349
[INFO] Transition valid. Current state updated to: state350
[INFO] Transition valid. Current state updated to: state351
[INFO] Transition valid. Current state updated to: state352
[INFO] Transition valid. Current state updated to: state353
[INFO] Transition valid. Current state updated to: state354
[INFO] Transition valid. Current state updated to: state355
[INFO] Transition valid. Current state updated to: state356
[INFO] Transition valid. Current state updated to: state357
[INFO] Transition valid. Current state updated to: state358
[INFO] Transition valid. Current state updated to: state359
[INFO] Transition valid. Current state updated to: state360
[INFO] Transition valid. Current state updated to: state361
[INFO] Transition valid. Current state updated to: state362
[INFO] Transition valid. Current state updated to: state363
[INFO] Transition valid. Current state updated to: state364
[INFO] Transition valid. Current state updated to: state365
[INFO] Transition valid. Current state updated to: state366
[INFO] Transition valid. Current state updated to: state367
[INFO] Transition valid. Current state updated to: state368
[INFO] Transition valid. Current state updated to: state369
[INFO] Transition valid. Current state updated to: state370
[INFO] Transition valid. Current state updated to: state371
[INFO] Transition valid. Current state updated to: state372
[INFO] Transition valid. Current state updated to: state373
[INFO] Transition valid. Current state updated to: state374
[INFO] Transition valid. Current state updated to: state375
[INFO] Transition valid. Current state updated to: state376
[INFO] Transition valid. Current state updated to: state377
[INFO] Transition valid. Current state updated to: state378
[INFO] Transition valid. Current state updated to: state379
[INFO] Transition valid. Current state updated to: state380
[INFO] Transition valid. Current state updated to: state381
[INFO] Transition valid. Current state updated to: state382
[INFO] Transition valid. Current state updated to: state383
[INFO] Transition valid. Current state updated to: state384
[INFO] Transition valid. Current state updated to: state385
[INFO] Transition valid. Current state updated to: state386
[INFO] Transition valid. Current state updated to: state387
[INFO] Transition valid. Current state updated to: state388
[INFO] Transition valid. Current state updated to: state389
[INFO] Transition valid. Current state updated to: state390
[INFO] Transition valid. Current state updated to: state391
[INFO] Transition valid. Current state updated to: state392
[INFO] Transition valid. Current state updated to: state393
[INFO] Transition valid. Current state updated to: state394
[INFO] Transition valid. Current state updated to: state395
[INFO] Transition valid. Current state updated to: state396
[INFO] Transition valid. Current state updated to: state397
[INFO] Transition valid. Current state updated to: state398
[INFO] Transition valid. Current state updated to: state399
[INFO] Transition valid. Current state updated to: state400
[INFO] Transition valid. Current state updated to: state401
[INFO] Transition valid. Current state updated to: state402
[INFO] Transition valid. Current state updated to: state403
[INFO] Transition valid. Current state updated to: state404
[INFO] Transition valid. Current state updated to: state405
[INFO] Transition valid. Current state updated to: state406
[INFO] Transition valid. Current state updated to: state407
[INFO] Transition valid. Current state updated to: state408
[INFO] Transition valid. Current state updated to: state409
[INFO] Transition valid. Current state updated to: state410
[INFO] Transition valid. Current state updated to: state411
[INFO] Transition valid. Current state updated to: state412
[INFO] Transition valid. Current state updated to: state413
[INFO] Transition valid. Current state updated to: state414
[INFO] Transition valid. Current state updated to: state415
[INFO] Transition valid. Current state updated to: state416
[INFO] Transition valid. Current state updated to: state417
[INFO] Transition valid. Current state updated to: state418
[INFO] Transition valid. Current state updated to: state419
[INFO] Transition valid. Current state updated to: state420
[INFO] Transition valid. Current state updated to: state421
[INFO] Transition valid. Current state updated to: state422
[INFO] Transition valid. Current state updated to: state423
[INFO] Transition valid. Current state updated to: state424
[INFO] Transition valid. Current state updated to: state425
[INFO] Transition valid. Current state updated to: state426
[INFO] Transition valid. Current state updated to: state427
[INFO] Transition valid. Current state updated to: state428
[INFO] Transition valid. Current state updated to: state429
[INFO] Transition valid. Current state updated to: state430
[INFO] Transition valid. Current state updated to: state431
[INFO] Transition valid. Current state updated to: state432
[INFO] Transition valid. Current state updated to: state433
[INFO] Transition valid. Current state updated to: state434
[INFO] Transition valid. Current state updated to: state435
[INFO] Transition valid. Current state updated to: state436
[INFO] Transition valid. Current state updated to: state437
[INFO] Transition valid. Current state updated to: state438
[INFO] Transition valid. Current state updated to: state439
[INFO] Transition valid. Current state updated to: state440
[INFO] Transition valid. Current state updated to: state441
[INFO] Transition valid. Current state updated to: state442
[INFO] Transition valid. Current state updated to: state443
[INFO] Transition valid. Current state updated to: state444
[INFO] Transition valid. Current state updated to: state445
[INFO] Transition valid. Current state updated to: state446
[INFO] Transition valid. Current state updated to: state447
[INFO] Transition valid. Current state updated to: state448
[INFO] Transition valid. Current state updated to: state449
[INFO] Transition valid. Current state updated to: state450
[INFO] Transition valid. Current state updated to: state451
[INFO] Transition valid. Current state updated to: state452
[INFO] Transition valid. Current state updated to: state453
[INFO] Transition valid. Current state updated to: state454
[INFO] Transition valid. Current state updated to: state455
[INFO] Transition valid. Current state updated to: state456
[INFO] Transition valid. Current state updated to: state457
[INFO] Transition valid. Current state updated to: state458
[INFO] Transition valid. Current state updated to: state459
[INFO] Transition valid. Current state updated to: state460
[INFO] Transition valid. Current state updated to: state461
[INFO] Transition valid. Current state updated to: state462
[INFO] Transition valid. Current state updated to: state463
[INFO] Transition valid. Current state updated to: state464
[INFO] Transition valid. Current state updated to: state465
[INFO] Transition valid. Current state updated to: state466
[INFO] Transition valid. Current state updated to: state467
[INFO] Transition valid. Current state updated to: state468
[INFO] Transition valid. Current state updated to: state469
[INFO] Transition valid. Current state updated to: state470
[INFO] Transition valid. Current state updated to: state471
[INFO] Transition valid. Current state updated to: state472
[INFO] Transition valid. Current state updated to: state473
[INFO] Transition valid. Current state updated to: state474
[INFO] Transition valid. Current state updated to: state475
[INFO] Transition valid. Current state updated to: state476
[INFO] Transition valid. Current state updated to: state477
[INFO] Transition valid. Current state updated to: state478
[INFO] Transition valid. Current state updated to: state479
[INFO] Transition valid. Current state updated to: state480
[INFO] Transition valid. Current state updated to: state481
[INFO] Transition valid. Current state updated to: state482
[INFO] Transition valid. Current state updated to: state483
[INFO] Transition valid. Current state updated to: state484
[INFO] Transition valid. Current state updated to: state485
[INFO] Transition valid. Current state updated to: state486
[INFO] Transition valid. Current state updated to: state487
[INFO] Transition valid. Current state updated to: state488
[INFO] Transition valid. Current state updated to: state489
[INFO] Transition valid. Current state updated to: state490
[INFO] Transition valid. Current state updated to: state491
[INFO] Transition valid. Current state updated to: state492
[INFO] Transition valid. Current state updated to: state493
[INFO] Transition valid. Current state updated to: state494
[INFO] Transition valid. Current state updated to: state495
[INFO] Transition valid. Current state updated to: state496
[INFO] Transition valid. Current state updated to: state497
[INFO] Transition valid. Current state updated to: state498
[INFO] Transition valid. Current state updated to: state499
[INFO] Transition valid. Current state updated to: state500
[INFO] Transition valid. Current state updated to: state501
[INFO] Transition valid. Current state updated to: state502
[INFO] Transition valid. Current state updated to: state503
[INFO] Transition valid. Current state updated to: state504
[INFO] Transition valid. Current state updated to: state505
[INFO] Transition valid. Current state updated to: state506
[INFO] Transition valid. Current state updated to: state507
[INFO] Transition valid. Current state updated to: state508
[INFO] Transition valid. Current state updated to: state509
[INFO] Transition valid. Current state updated to: state510
[INFO] Transition valid. Current state updated to: state511
[INFO] Transition valid. Current state updated to: state512
[INFO] Transition valid. Current state updated to: state513
[INFO] Transition valid. Current state updated to: state514
[INFO] Transition valid. Current state updated to: state515
[INFO] Transition valid. Current state updated to: state516
[INFO] Transition valid. Current state updated to: state517
[INFO] Transition valid. Current state updated to: state518
[INFO] Transition valid. Current state updated to: state519
[INFO] Transition valid. Current state updated to: state520
[INFO] Transition valid. Current state updated to: state521
[INFO] Transition valid. Current state updated to: state522
[INFO] Transition valid. Current state updated to: state523
[INFO] Transition valid. Current state updated to: state524
[INFO] Transition valid. Current state updated to: state525
[INFO] Transition valid. Current state updated to: state526
[INFO] Transition valid. Current state updated to: state527
[INFO] Transition valid. Current state updated to: state528
[INFO] Transition valid. Current state updated to: state529
[INFO] Transition valid. Current state updated to: state530
[INFO] Transition valid. Current state updated to: state531
[INFO] Transition valid. Current state updated to: state532
[INFO] Transition valid. Current state updated to: state533
[INFO] Transition valid. Current state updated to: state534
[INFO] Transition valid. Current state updated to: state535
[INFO] Transition valid. Current state updated to: state536
[INFO] Transition valid. Current state updated to: state537
[INFO] Transition valid. Current state updated to: state538
[INFO] Transition valid. Current state updated to: state539
[INFO] Transition valid. Current state updated to: state540
[INFO] Transition valid. Current state updated to: state541
[INFO] Transition valid. Current state updated to: state542
[INFO] Transition valid. Current state updated to: state543
[INFO] Transition valid. Current state updated to: state544
[INFO] Transition valid. Current state updated to: state545
[INFO] Transition valid. Current state updated to: state546
[INFO] Transition valid. Current state updated to: state547
[INFO] Transition valid. Current state updated to: state548
[INFO] Transition valid. Current state updated to: state549
[INFO] Transition valid. Current state updated to: state550
[INFO] Transition valid. Current state updated to: state551
[INFO] Transition valid. Current state updated to: state552
[INFO] Transition valid. Current state updated to: state553
[INFO] Transition valid. Current state updated to: state554
[INFO] Transition valid. Current state updated to: state555
[INFO] Transition valid. Current state updated to: state556
[INFO] Transition valid. Current state updated to: state557
[INFO] Transition valid. Current state updated to: state558
[INFO] Transition valid. Current state updated to: state559
[INFO] Transition valid. Current state updated to: state560
[INFO] Transition valid. Current state updated to: state561
[INFO] Transition valid. Current state updated to: state562
[INFO] Transition valid. Current state updated to: state563
[INFO] Transition valid. Current state updated to: state564
[INFO] Transition valid. Current state updated to: state565
[INFO] Transition valid. Current state updated to: state566
[INFO] Transition valid. Current state updated to: state567
[INFO] Transition valid. Current state updated to: state568
[INFO] Transition valid. Current state updated to: state569
[INFO] Transition valid. Current state updated to: state570
[INFO] Transition valid. Current state updated to: state571
[INFO] Transition valid. Current state updated to: state572
[INFO] Transition valid. Current state updated to: state573
[INFO] Transition valid. Current state updated to: state574
[INFO] Transition valid. Current state updated to: state575
[INFO] Transition valid. Current state updated to: state576
[INFO] Transition valid. Current state updated to: state577
[INFO] Transition valid. Current state updated to: state578
[INFO] Transition valid. Current state updated to: state579
[INFO] Transition valid. Current state updated to: state580
[INFO] Transition valid. Current state updated to: state581
[INFO] Transition valid. Current state updated to: state582
[INFO] Transition valid. Current state updated to: state583
[INFO] Transition valid. Current state updated to: state584
[INFO] Transition valid. Current state updated to: state585
[INFO] Transition valid. Current state updated to: state586
[INFO] Transition valid. Current state updated to: state587
[INFO] Transition valid. Current state updated to: state588
[INFO] Transition valid. Current state updated to: state589
[INFO] Transition valid. Current state updated to: state590
[INFO] Transition valid. Current state updated to: state591
[INFO] Transition valid. Current state updated to: state592
[INFO] Transition valid. Current state updated to: state593
[INFO] Transition valid. Current state updated to: state594
[INFO] Transition valid. Current state updated to: state595
[INFO] Transition valid. Current state updated to: state596
[INFO] Transition valid. Current state updated to: state597
[INFO] Transition valid. Current state updated to: state598
[INFO] Transition valid. Current state updated to: state599
[INFO] Transition valid. Current state updated to: state600
[INFO] Transition valid. Current state updated to: state601
[INFO] Transition valid. Current state updated to: state602
[INFO] Transition valid. Current state updated to: state603
[INFO] Transition valid. Current state updated to: state604
[INFO] Transition valid. Current state updated to: state605
[INFO] Transition valid. Current state updated to: state606
[INFO] Transition valid. Current state updated to: state607
[INFO] Transition valid. Current state updated to: state608
[INFO] Transition valid. Current state updated to: state609
[INFO] Transition valid. Current state updated to: state610
[INFO] Transition valid. Current state updated to: state611
[INFO] Transition valid. Current state updated to: state612
[INFO] Transition valid. Current state updated to: state613
[INFO] Transition valid. Current state updated to: state614
[INFO] Transition valid. Current state updated to: state615
[INFO] Transition valid. Current state updated to: state616
[INFO] Transition valid. Current state updated to: state617
[INFO] Transition valid. Current state updated to: state618
[INFO] Transition valid. Current state updated to: state619
[INFO] Transition valid. Current state updated to: state620
[INFO] Transition valid. Current state updated to: state621
[INFO] Transition valid. Current state updated to: state622
[INFO] Transition valid. Current state updated to: state623
[INFO] Transition valid. Current state updated to: state624
[INFO] Transition valid. Current state updated to: state625
[INFO] Transition valid. Current state updated to: state626
[INFO] Transition valid. Current state updated to: state627
[INFO] Transition valid. Current state updated to: state628
[INFO] Transition valid. Current state updated to: state629
[INFO] Transition valid. Current state updated to: state630
[INFO] Transition valid. Current state updated to: state631
[INFO] Transition valid. Current state updated to: state632
[INFO] Transition valid. Current state updated to: state633
[INFO] Transition valid. Current state updated to: state634
[INFO] Transition valid. Current state updated to: state635
[INFO] Transition valid. Current state updated to: state636
[INFO] Transition valid. Current state updated to: state637
[INFO] Transition valid. Current state updated to: state638
[INFO] Transition valid. Current state updated to: state639
[INFO] Transition valid. Current state updated to: state640
[INFO] Transition valid. Current state updated to: state641
[INFO] Transition valid. Current state updated to: state642
[INFO] Transition valid. Current state updated to: state643
[INFO] Transition valid. Current state updated to: state644
[INFO] Transition valid. Current state updated to: state645
[INFO] Transition valid. Current state updated to: state646
[INFO] Transition valid. Current state updated to: state647
[INFO] Transition valid. Current state updated to: state648
[INFO] Transition valid. Current state updated to: state649
[INFO] Transition valid. Current state updated to: state650
[INFO] Transition valid. Current state updated to: state651
[INFO] Transition valid. Current state updated to: state652
[INFO] Transition valid. Current state updated to: state653
[INFO] Transition valid. Current state updated to: state654
[INFO] Transition valid. Current state updated to: state655
[INFO] Transition valid. Current state updated to: state656
[INFO] Transition valid. Current state updated to: state657
[INFO] Transition valid. Current state updated to: state658
[INFO] Transition valid. Current state updated to: state659
[INFO] Transition valid. Current state updated to: state660
[INFO] Transition valid. Current state updated to: state661
[INFO] Transition valid. Current state updated to: state662
[INFO] Transition valid. Current state updated to: state663
[INFO] Transition valid. Current state updated to: state664
[INFO] Transition valid. Current state updated to: state665
[INFO] Transition valid. Current state updated to: state666
[INFO] Transition valid. Current state updated to: state667
[INFO] Transition valid. Current state updated to: state668
[INFO] Transition valid. Current state updated to: state669
[INFO] Transition valid. Current state updated to: state670
[INFO] Transition valid. Current state updated to: state671
[INFO] Transition valid. Current state updated to: state672
[INFO] Transition valid. Current state updated to: state673
[INFO] Transition valid. Current state updated to: state674
[INFO] Transition valid. Current state updated to: state675
[INFO] Transition valid. Current state updated to: state676
[INFO] Transition valid. Current state updated to: state677
[INFO] Transition valid. Current state updated to: state678
[INFO] Transition valid. Current state updated to: state679
[INFO] Transition valid. Current state updated to: state680
[INFO] Transition valid. Current state updated to: state681
[INFO] Transition valid. Current state updated to: state682
[INFO] Transition valid. Current state updated to: state683
[INFO] Transition valid. Current state updated to: state684
[INFO] Transition valid. Current state updated to: state685
[INFO] Transition valid. Current state updated to: state686
[INFO] Transition valid. Current state updated to: state687
[INFO] Transition valid. Current state updated to: state688
[INFO] Transition valid. Current state updated to: state689
[INFO] Transition valid. Current state updated to: state690
[INFO] Transition valid. Current state updated to: state691
[INFO] Transition valid. Current state updated to: state692
[INFO] Transition valid. Current state updated to: state693
[INFO] Transition valid. Current state updated to: state694
[INFO] Transition valid. Current state updated to: state695
[INFO] Transition valid. Current state updated to: state696
[INFO] Transition valid. Current state updated to: state697
[INFO] Transition valid. Current state updated to: state698
[INFO] Transition valid. Current state updated to: state699
[INFO] Transition valid. Current state updated to: state700
[INFO] Transition valid. Current state updated to: state701
[INFO] Transition valid. Current state updated to: state702
[INFO] Transition valid. Current state updated to: state703
[INFO] Transition valid. Current state updated to: state704
[INFO] Transition valid. Current state updated to: state705
[INFO] Transition valid. Current state updated to: state706
[INFO] Transition valid. Current state updated to: state707
[INFO] Transition valid. Current state updated to: state708
[INFO] Transition valid. Current state updated to: state709
[INFO] Transition valid. Current state updated to: state710
[INFO] Transition valid. Current state updated to: state711
[INFO] Transition valid. Current state updated to: state712
[INFO] Transition valid. Current state updated to: state713
[INFO] Transition valid. Current state updated to: state714
[INFO] Transition valid. Current state updated to: state715
[INFO] Transition valid. Current state updated to: state716
[INFO] Transition valid. Current state updated to: state717
[INFO] Transition valid. Current state updated to: state718
[INFO] Transition valid. Current state updated to: state719
[INFO] Transition valid. Current state updated to: state720
[INFO] Transition valid. Current state updated to: state721
[INFO] Transition valid. Current state updated to: state722
[INFO] Transition valid. Current state updated to: state723
[INFO] Transition valid. Current state updated to: state724
[INFO] Transition valid. Current state updated to: state725
[INFO] Transition valid. Current state updated to: state726
[INFO] Transition valid. Current state updated to: state727
[INFO] Transition valid. Current state updated to: state728
[INFO] Transition valid. Current state updated to: state729
[INFO] Transition valid. Current state updated to: state730
[INFO] Transition valid. Current state updated to: state731
[INFO] Transition valid. Current state updated to: state732
[INFO] Transition valid. Current state updated to: state733
[INFO] Transition valid. Current state updated to: state734
[INFO] Transition valid. Current state updated to: state735
[INFO] Transition valid. Current state updated to: state736
[INFO] Transition valid. Current state updated to: state737
[INFO] Transition valid. Current state updated to: state738
[INFO] Transition valid. Current state updated to: state739
[INFO] Transition valid. Current state updated to: state740
[INFO] Transition valid. Current state updated to: state741
[INFO] Transition valid. Current state updated to: state742
[INFO] Transition valid. Current state updated to: state743
[INFO] Transition valid. Current state updated to: state744
[INFO] Transition valid. Current state updated to: state745
[INFO] Transition valid. Current state updated to: state746
[INFO] Transition valid. Current state updated to: state747
[INFO] Transition valid. Current state updated to: state748
[INFO] Transition valid. Current state updated to: state749
[INFO] Transition valid. Current state updated to: state750
[INFO] Transition valid. Current state updated to: state751
[INFO] Transition valid. Current state updated to: state752
[INFO] Transition valid. Current state updated to: state753
[INFO] Transition valid. Current state updated to: state754
[INFO] Transition valid. Current state updated to: state755
[INFO] Transition valid. Current state updated to: state756
[INFO] Transition valid. Current state updated to: state757
[INFO] Transition valid. Current state updated to: state758
[INFO] Transition valid. Current state updated to: state759
[INFO] Transition valid. Current state updated to: state760
[INFO] Transition valid. Current state updated to: state761
[INFO] Transition valid. Current state updated to: state762
[INFO] Transition valid. Current state updated to: state763
[INFO] Transition valid. Current state updated to: state764
[INFO] Transition valid. Current state updated to: state765
[INFO] Transition valid. Current state updated to: state766
[INFO] Transition valid. Current state updated to: state767
[INFO] Transition valid. Current state updated to: state768
[INFO] Transition valid. Current state updated to: state769
[INFO] Transition valid. Current state updated to: state770
[INFO] Transition valid. Current state updated to: state771
[INFO] Transition valid. Current state updated to: state772
[INFO] Transition valid. Current state updated to: state773
[INFO] Transition valid. Current state updated to: state774
[INFO] Transition valid. Current state updated to: state775
[INFO] Transition valid. Current state updated to: state776
[INFO] Transition valid. Current state updated to: state777
[INFO] Transition valid. Current state updated to: state778
[INFO] Transition valid. Current state updated to: state779
[INFO] Transition valid. Current state updated to: state780
[INFO] Transition valid. Current state updated to: state781
[INFO] Transition valid. Current state updated to: state782
[INFO] Transition valid. Current state updated to: state783
[INFO] Transition valid. Current state updated to: state784
[INFO] Transition valid. Current state updated to: state785
[INFO] Transition valid. Current state updated to: state786
[INFO] Transition valid. Current state updated to: state787
[INFO] Transition valid. Current state updated to: state788
[INFO] Transition valid. Current state updated to: state789
[INFO] Transition valid. Current state updated to: state790
[INFO] Transition valid. Current state updated to: state791
[INFO] Transition valid. Current state updated to: state792
[INFO] Transition valid. Current state updated to: state793
[INFO] Transition valid. Current state updated to: state794
[INFO] Transition valid. Current state updated to: state795
[INFO] Transition valid. Current state updated to: state796
[INFO] Transition valid. Current state updated to: state797
[INFO] Transition valid. Current state updated to: state798
[INFO] Transition valid. Current state updated to: state799
[INFO] Transition valid. Current state updated to: state800
[INFO] Transition valid. Current state updated to: state801
[INFO] Transition valid. Current state updated to: state802
[INFO] Transition valid. Current state updated to: state803
[INFO] Transition valid. Current state updated to: state804
[INFO] Transition valid. Current state updated to: state805
[INFO] Transition valid. Current state updated to: state806
[INFO] Transition valid. Current state updated to: state807
[INFO] Transition valid. Current state updated to: state808
[INFO] Transition valid. Current state updated to: state809
[INFO] Transition valid. Current state updated to: state810
[INFO] Transition valid. Current state updated to: state811
[INFO] Transition valid. Current state updated to: state812
[INFO] Transition valid. Current state updated to: state813
[INFO] Transition valid. Current state updated to: state814
[INFO] Transition valid. Current state updated to: state815
[INFO] Transition valid. Current state updated to: state816
[INFO] Transition valid. Current state updated to: state817
[INFO] Transition valid. Current state updated to: state818
[INFO] Transition valid. Current state updated to: state819
[INFO] Transition valid. Current state updated to: state820
[INFO] Transition valid. Current state updated to: state821
[INFO] Transition valid. Current state updated to: state822
[INFO] Transition valid. Current state updated to: state823
[INFO] Transition valid. Current state updated to: state824
[INFO] Transition valid. Current state updated to: state825
[INFO] Transition valid. Current state updated to: state826
[INFO] Transition valid. Current state updated to: state827
[INFO] Transition valid. Current state updated to: state828
[INFO] Transition valid. Current state updated to: state829
[INFO] Transition valid. Current state updated to: state830
[INFO] Transition valid. Current state updated to: state831
[INFO] Transition valid. Current state updated to: state832
[INFO] Transition valid. Current state updated to: state833
[INFO] Transition valid. Current state updated to: state834
[INFO] Transition valid. Current state updated to: state835
[INFO] Transition valid. Current state updated to: state836
[INFO] Transition valid. Current state updated to: state837
[INFO] Transition valid. Current state updated to: state838
[INFO] Transition valid. Current state updated to: state839
[INFO] Transition valid. Current state updated to: state840
[INFO] Transition valid. Current state updated to: state841
[INFO] Transition valid. Current state updated to: state842
[INFO] Transition valid. Current state updated to: state843
[INFO] Transition valid. Current state updated to: state844
[INFO] Transition valid. Current state updated to: state845
[INFO] Transition valid. Current state updated to: state846
[INFO] Transition valid. Current state updated to: state847
[INFO] Transition valid. Current state updated to: state848
[INFO] Transition valid. Current state updated to: state849
[INFO] Transition valid. Current state updated to: state850
[INFO] Transition valid. Current state updated to: state851
[INFO] Transition valid. Current state updated to: state852
[INFO] Transition valid. Current state updated to: state853
[INFO] Transition valid. Current state updated to: state854
[INFO] Transition valid. Current state updated to: state855
[INFO] Transition valid. Current state updated to: state856
[INFO] Transition valid. Current state updated to: state857
[INFO] Transition valid. Current state updated to: state858
[INFO] Transition valid. Current state updated to: state859
[INFO] Transition valid. Current state updated to: state860
[INFO] Transition valid. Current state updated to: state861
[INFO] Transition valid. Current state updated to: state862
[INFO] Transition valid. Current state updated to: state863
[INFO] Transition valid. Current state updated to: state864
[INFO] Transition valid. Current state updated to: state865
[INFO] Transition valid. Current state updated to: state866
[INFO] Transition valid. Current state updated to: state867
[INFO] Transition valid. Current state updated to: state868
[INFO] Transition valid. Current state updated to: state869
[INFO] Transition valid. Current state updated to: state870
[INFO] Transition valid. Current state updated to: state871
[INFO] Transition valid. Current state updated to: state872
[INFO] Transition valid. Current state updated to: state873
[INFO] Transition valid. Current state updated to: state874
[INFO] Transition valid. Current state updated to: state875
[INFO] Transition valid. Current state updated to: state876
[INFO] Transition valid. Current state updated to: state877
[INFO] Transition valid. Current state updated to: state878
[INFO] Transition valid. Current state updated to: state879
[INFO] Transition valid. Current state updated to: state880
[INFO] Transition valid. Current state updated to: state881
[INFO] Transition valid. Current state updated to: state882
[INFO] Transition valid. Current state updated to: state883
[INFO] Transition valid. Current state updated to: state884
[INFO] Transition valid. Current state updated to: state885
[INFO] Transition valid. Current state updated to: state886
[INFO] Transition valid. Current state updated to: state887
[INFO] Transition valid. Current state updated to: state888
[INFO] Transition valid. Current state updated to: state889
[INFO] Transition valid. Current state updated to: state890
[INFO] Transition valid. Current state updated to: state891
[INFO] Transition valid. Current state updated to: state892
[INFO] Transition valid. Current state updated to: state893
[INFO] Transition valid. Current state updated to: state894
[INFO] Transition valid. Current state updated to: state895
[INFO] Transition valid. Current state updated to: state896
[INFO] Transition valid. Current state updated to: state897
[INFO] Transition valid. Current state updated to: state898
[INFO] Transition valid. Current state updated to: state899
[INFO] Transition valid. Current state updated to: state900
[INFO] Transition valid. Current state updated to: state901
[INFO] Transition valid. Current state updated to: state902
[INFO] Transition valid. Current state updated to: state903
[INFO] Transition valid. Current state updated to: state904
[INFO] Transition valid. Current state updated to: state905
[INFO] Transition valid. Current state updated to: state906
[INFO] Transition valid. Current state updated to: state907
[INFO] Transition valid. Current state updated to: state908
[INFO] Transition valid. Current state updated to: state909
[INFO] Transition valid. Current state updated to: state910
[INFO] Transition valid. Current state updated to: state911
[INFO] Transition valid. Current state updated to: state912
[INFO] Transition valid. Current state updated to: state913
[INFO] Transition valid. Current state updated to: state914
[INFO] Transition valid. Current state updated to: state915
[INFO] Transition valid. Current state updated to: state916
[INFO] Transition valid. Current state updated to: state917
[INFO] Transition valid. Current state updated to: state918
[INFO] Transition valid. Current state updated to: state919
[INFO] Transition valid. Current state updated to: state920
[INFO] Transition valid. Current state updated to: state921
[INFO] Transition valid. Current state updated to: state922
[INFO] Transition valid. Current state updated to: state923
[INFO] Transition valid. Current state updated to: state924
[INFO] Transition valid. Current state updated to: state925
[INFO] Transition valid. Current state updated to: state926
[INFO] Transition valid. Current state updated to: state927
[INFO] Transition valid. Current state updated to: state928
[INFO] Transition valid. Current state updated to: state929
[INFO] Transition valid. Current state updated to: state930
[INFO] Transition valid. Current state updated to: state931
[INFO] Transition valid. Current state updated to: state932
[INFO] Transition valid. Current state updated to: state933
[INFO] Transition valid. Current state updated to: state934
[INFO] Transition valid. Current state updated to: state935
[INFO] Transition valid. Current state updated to: state936
[INFO] Transition valid. Current state updated to: state937
[INFO] Transition valid. Current state updated to: state938
[INFO] Transition valid. Current state updated to: state939
[INFO] Transition valid. Current state updated to: state940
[INFO] Transition valid. Current state updated to: state941
[INFO] Transition valid. Current state updated to: state942
[INFO] Transition valid. Current state updated to: state943
[INFO] Transition valid. Current state updated to: state944
[INFO] Transition valid. Current state updated to: state945
[INFO] Transition valid. Current state updated to: state946
[INFO] Transition valid. Current state updated to: state947
[INFO] Transition valid. Current state updated to: state948
[INFO] Transition valid. Current state updated to: state949
[INFO] Transition valid. Current state updated to: state950
[INFO] Transition valid. Current state updated to: state951
[INFO] Transition valid. Current state updated to: state952
[INFO] Transition valid. Current state updated to: state953
[INFO] Transition valid. Current state updated to: state954
[INFO] Transition valid. Current state updated to: state955
[INFO] Transition valid. Current state updated to: state956
[INFO] Transition valid. Current state updated to: state957
[INFO] Transition valid. Current state updated to: state958
[INFO] Transition valid. Current state updated to: state959
[INFO] Transition valid. Current state updated to: state960
[INFO] Transition valid. Current state updated to: state961
[INFO] Transition valid. Current state updated to: state962
[INFO] Transition valid. Current state updated to: state963
[INFO] Transition valid. Current state updated to: state964
[INFO] Transition valid. Current state updated to: state965
[INFO] Transition valid. Current state updated to: state966
[INFO] Transition valid. Current state updated to: state967
[INFO] Transition valid. Current state updated to: state968
[INFO] Transition valid. Current state updated to: state969
[INFO] Transition valid. Current state updated to: state970
[INFO] Transition valid. Current state updated to: state971
[INFO] Transition valid. Current state updated to: state972
[INFO] Transition valid. Current state updated to: state973
[INFO] Transition valid. Current state updated to: state974
[INFO] Transition valid. Current state updated to: state975
[INFO] Transition valid. Current state updated to: state976
[INFO] Transition valid. Current state updated to: state977
[INFO] Transition valid. Current state updated to: state978
[INFO] Transition valid. Current state updated to: state979
[INFO] Transition valid. Current state updated to: state980
[INFO] Transition valid. Current state updated to: state981
[INFO] Transition valid. Current state updated to: state982
[INFO] Transition valid. Current state updated to: state983
[INFO] Transition valid. Current state updated to: state984
[INFO] Transition valid. Current state updated to: state985
[INFO] Transition valid. Current state updated to: state986
[INFO] Transition valid. Current state updated to: state987
[INFO] Transition valid. Current state updated to: state988
[INFO] Transition valid. Current state updated to: state989
[INFO] Transition valid. Current state updated to: state990
[INFO] Transition valid. Current state updated to: state991
[INFO] Transition valid. Current state updated to: state992
[INFO] Transition valid. Current state updated to: state993
[INFO] Transition valid. Current state updated to: state994
[INFO] Transition valid. Current state updated to: state995
[INFO] Transition valid. Current state updated to: state996
[INFO] Transition valid. Current state updated to: state997
[INFO] Transition valid. Current state updated to: state998
[INFO] Transition valid. Current state updated to: state999
[INFO] Transition valid. Current state updated to: FINAL
[TEST] Finished testLongSequence
]]></system-out>
  </testcase>
  <testcase name="testWildcardExplosion" classname="com.luis.tfg.ExecutionOrder.StateMachineStressTest" time="6.032">
    <system-out><![CDATA[[TEST] Starting testWildcardExplosion
[INFO] Registering StateMachine for instance: TestClass{id='id-wildcard-explosion'}
[INFO] Initializing StateMachine with regex: (start .* middle .* end)
[DEBUG] Full regex: (start .* middle .* end)
[DEBUG] Main regex: (start .* middle .* end)
[DEBUG] Special transitions: null
[DEBUG] Initial state: INITIAL
[DEBUG] Declared final state: end
[DEBUG] Processing segment: (start
[DEBUG] Added transition from INITIAL to start
[DEBUG] Processing segment: .*
[DEBUG] Handling complex segment: .*
[DEBUG] Detected wildcard. Segment: .*
[DEBUG] Wildcard condition configured: start -> .* -> [end]
[DEBUG] Processing segment: middle
[DEBUG] Added transition from start to middle
[DEBUG] Processing segment: .*
[DEBUG] Handling complex segment: .*
[DEBUG] Detected wildcard. Segment: .*
[DEBUG] Wildcard condition configured: middle -> .* -> [end]
[DEBUG] Processing segment: end)
[DEBUG] Added transition from middle to end
[DEBUG] Connected final state: end to FINAL
[DEBUG] Complete StateMachine transitions:
State middle transitions to: [com.luis.tfg.ExecutionOrder.State@16024b49, com.luis.tfg.ExecutionOrder.State@53f94afe]
State start transitions to: [com.luis.tfg.ExecutionOrder.State@304e1e4e, com.luis.tfg.ExecutionOrder.State@53f94afe]
State INITIAL transitions to: [com.luis.tfg.ExecutionOrder.State@7d4e424e]
State end transitions to: [com.luis.tfg.ExecutionOrder.State@799206ad]
State FINAL transitions to: []
State .* transitions to: [com.luis.tfg.ExecutionOrder.State@304e1e4e, com.luis.tfg.ExecutionOrder.State@60251ddb, com.luis.tfg.ExecutionOrder.State@7d4e424e, com.luis.tfg.ExecutionOrder.State@16024b49, com.luis.tfg.ExecutionOrder.State@53f94afe]
[DEBUG] Complete StateMachine transitions:
State middle transitions to: [com.luis.tfg.ExecutionOrder.State@16024b49, com.luis.tfg.ExecutionOrder.State@53f94afe]
State start transitions to: [com.luis.tfg.ExecutionOrder.State@304e1e4e, com.luis.tfg.ExecutionOrder.State@53f94afe]
State INITIAL transitions to: [com.luis.tfg.ExecutionOrder.State@7d4e424e]
State end transitions to: [com.luis.tfg.ExecutionOrder.State@799206ad]
State FINAL transitions to: []
State .* transitions to: [com.luis.tfg.ExecutionOrder.State@304e1e4e, com.luis.tfg.ExecutionOrder.State@60251ddb, com.luis.tfg.ExecutionOrder.State@7d4e424e, com.luis.tfg.ExecutionOrder.State@16024b49, com.luis.tfg.ExecutionOrder.State@53f94afe]
[INFO] StateMachine registered for instance: TestClass{id='id-wildcard-explosion'} with transitions: {middle=[end, .*], start=[middle, .*], INITIAL=[start], end=[FINAL], .*=[middle, INITIAL, start, end, .*]}
[INFO] Current StateMachineMap content:
    Instance: TestClass{id='id55-or'} -> StateMachine: com.luis.tfg.ExecutionOrder.StateMachine@6ab826bb
    Instance: TestClass{id='id-long-sequence'} -> StateMachine: com.luis.tfg.ExecutionOrder.StateMachine@56351c02
    Instance: TestClass{id='id21'} -> StateMachine: com.luis.tfg.ExecutionOrder.StateMachine@2d758472
    Instance: TestClass{id='id23'} -> StateMachine: com.luis.tfg.ExecutionOrder.StateMachine@5daa621b
    Instance: TestClass{id='id22'} -> StateMachine: com.luis.tfg.ExecutionOrder.StateMachine@41d53813
    Instance: TestClass{id='id-declared-final-state-test'} -> StateMachine: com.luis.tfg.ExecutionOrder.StateMachine@14bd523b
    Instance: TestClass{id='id24'} -> StateMachine: com.luis.tfg.ExecutionOrder.StateMachine@3095d06b
    Instance: TestClass{id='id27'} -> StateMachine: com.luis.tfg.ExecutionOrder.StateMachine@2ce62e27
    Instance: TestClass{id='id337'} -> StateMachine: com.luis.tfg.ExecutionOrder.StateMachine@486bcaa
    Instance: TestClass{id='id26'} -> StateMachine: com.luis.tfg.ExecutionOrder.StateMachine@7253c53
    Instance: TestClass{id='id-or-and-path4'} -> StateMachine: com.luis.tfg.ExecutionOrder.StateMachine@2484c868
    Instance: TestClass{id='id1'} -> StateMachine: com.luis.tfg.ExecutionOrder.StateMachine@67f0bf7e
    Instance: TestClass{id='id3'} -> StateMachine: com.luis.tfg.ExecutionOrder.StateMachine@3c4e23be
    Instance: TestClass{id='complex-combinations-path1'} -> StateMachine: com.luis.tfg.ExecutionOrder.StateMachine@3d99d327
    Instance: TestClass{id='id-special-final'} -> StateMachine: com.luis.tfg.ExecutionOrder.StateMachine@31fc658f
    Instance: TestClass{id='id2'} -> StateMachine: com.luis.tfg.ExecutionOrder.StateMachine@7fd32c56
    Instance: TestClass{id='id55-and'} -> StateMachine: com.luis.tfg.ExecutionOrder.StateMachine@726a5e6a
    Instance: TestClass{id='id5'} -> StateMachine: com.luis.tfg.ExecutionOrder.StateMachine@5dd2ea0a
    Instance: TestClass{id='id7'} -> StateMachine: com.luis.tfg.ExecutionOrder.StateMachine@4a9412c4
    Instance: TestClass{id='id6'} -> StateMachine: com.luis.tfg.ExecutionOrder.StateMachine@6c2fea95
    Instance: TestClass{id='id8'} -> StateMachine: com.luis.tfg.ExecutionOrder.StateMachine@d28a235
    Instance: TestClass{id='id-invalid-regex'} -> StateMachine: com.luis.tfg.ExecutionOrder.StateMachine@328bc067
    Instance: TestClass{id='id-special-final2'} -> StateMachine: com.luis.tfg.ExecutionOrder.StateMachine@187df588
    Instance: TestClass{id='id72'} -> StateMachine: com.luis.tfg.ExecutionOrder.StateMachine@6e1d9b32
    Instance: TestClass{id='id-or-paths-b'} -> StateMachine: com.luis.tfg.ExecutionOrder.StateMachine@138b9abe
    Instance: TestClass{id='id-or-paths-a'} -> StateMachine: com.luis.tfg.ExecutionOrder.StateMachine@1d38cdde
    Instance: TestClass{id='complex-cycles'} -> StateMachine: com.luis.tfg.ExecutionOrder.StateMachine@4b62f1ba
    Instance: TestClass{id='id10'} -> StateMachine: com.luis.tfg.ExecutionOrder.StateMachine@244f356
    Instance: TestClass{id='id31'} -> StateMachine: com.luis.tfg.ExecutionOrder.StateMachine@17fa14a3
    Instance: TestClass{id='id12'} -> StateMachine: com.luis.tfg.ExecutionOrder.StateMachine@6885f3f7
    Instance: TestClass{id='id-or-and-path1'} -> StateMachine: com.luis.tfg.ExecutionOrder.StateMachine@3dc39412
    Instance: TestClass{id='id-or-and-path3'} -> StateMachine: com.luis.tfg.ExecutionOrder.StateMachine@72641613
    Instance: TestClass{id='id-or-and-path2'} -> StateMachine: com.luis.tfg.ExecutionOrder.StateMachine@2e38d44e
    Instance: TestClass{id='id29'} -> StateMachine: com.luis.tfg.ExecutionOrder.StateMachine@4a8bf1dc
    Instance: TestClass{id='id28'} -> StateMachine: com.luis.tfg.ExecutionOrder.StateMachine@46d18a33
    Instance: TestClass{id='id-wildcard-explosion'} -> StateMachine: com.luis.tfg.ExecutionOrder.StateMachine@2059c3ff
    Instance: TestClass{id='id-or-and'} -> StateMachine: com.luis.tfg.ExecutionOrder.StateMachine@4bc41565
[INFO] Fetching StateMachine for instance: TestClass{id='id-wildcard-explosion'}
[INFO] StateMachine fetched for instance: TestClass{id='id-wildcard-explosion'}
[INFO] Transition valid. Current state updated to: start
[INFO] Wildcard transition detected from start to wildcard0
[DEBUG] Created intermediate state for wildcard transition: wildcard0
[DEBUG] Dynamically added transition from start to wildcard0
[DEBUG] Dynamically added transition from INITIAL to wildcard0
[DEBUG] Dynamically added transition from wildcard0 to middle
[DEBUG] Dynamically added transition from wildcard0 to wildcard0
[DEBUG] Dynamically added transition from wildcard0 to INITIAL
[DEBUG] Dynamically added transition from wildcard0 to start
[DEBUG] Dynamically added transition from wildcard0 to end
[DEBUG] Dynamically added transition from wildcard0 to .*
[INFO] Wildcard transition valid to state: wildcard0
[INFO] Wildcard transition detected from wildcard0 to wildcard1
[DEBUG] Created intermediate state for wildcard transition: wildcard1
[DEBUG] Dynamically added transition from wildcard0 to wildcard1
[DEBUG] Dynamically added transition from start to wildcard1
[DEBUG] Dynamically added transition from INITIAL to wildcard1
[DEBUG] Dynamically added transition from wildcard1 to middle
[DEBUG] Dynamically added transition from wildcard1 to wildcard1
[DEBUG] Dynamically added transition from wildcard1 to wildcard0
[DEBUG] Dynamically added transition from wildcard1 to INITIAL
[DEBUG] Dynamically added transition from wildcard1 to start
[DEBUG] Dynamically added transition from wildcard1 to end
[DEBUG] Dynamically added transition from wildcard1 to .*
[INFO] Wildcard transition valid to state: wildcard1
[INFO] Wildcard transition detected from wildcard1 to wildcard2
[DEBUG] Created intermediate state for wildcard transition: wildcard2
[DEBUG] Dynamically added transition from wildcard1 to wildcard2
[DEBUG] Dynamically added transition from wildcard0 to wildcard2
[DEBUG] Dynamically added transition from start to wildcard2
[DEBUG] Dynamically added transition from INITIAL to wildcard2
[DEBUG] Dynamically added transition from wildcard2 to middle
[DEBUG] Dynamically added transition from wildcard2 to wildcard1
[DEBUG] Dynamically added transition from wildcard2 to wildcard0
[DEBUG] Dynamically added transition from wildcard2 to INITIAL
[DEBUG] Dynamically added transition from wildcard2 to start
[DEBUG] Dynamically added transition from wildcard2 to wildcard2
[DEBUG] Dynamically added transition from wildcard2 to end
[DEBUG] Dynamically added transition from wildcard2 to .*
[INFO] Wildcard transition valid to state: wildcard2
[INFO] Wildcard transition detected from wildcard2 to wildcard3
[DEBUG] Created intermediate state for wildcard transition: wildcard3
[DEBUG] Dynamically added transition from wildcard2 to wildcard3
[DEBUG] Dynamically added transition from wildcard1 to wildcard3
[DEBUG] Dynamically added transition from wildcard0 to wildcard3
[DEBUG] Dynamically added transition from start to wildcard3
[DEBUG] Dynamically added transition from INITIAL to wildcard3
[DEBUG] Dynamically added transition from wildcard3 to middle
[DEBUG] Dynamically added transition from wildcard3 to wildcard1
[DEBUG] Dynamically added transition from wildcard3 to wildcard0
[DEBUG] Dynamically added transition from wildcard3 to INITIAL
[DEBUG] Dynamically added transition from wildcard3 to start
[DEBUG] Dynamically added transition from wildcard3 to wildcard3
[DEBUG] Dynamically added transition from wildcard3 to wildcard2
[DEBUG] Dynamically added transition from wildcard3 to end
[DEBUG] Dynamically added transition from wildcard3 to .*
[INFO] Wildcard transition valid to state: wildcard3
[INFO] Wildcard transition detected from wildcard3 to wildcard4
[DEBUG] Created intermediate state for wildcard transition: wildcard4
[DEBUG] Dynamically added transition from wildcard3 to wildcard4
[DEBUG] Dynamically added transition from wildcard1 to wildcard4
[DEBUG] Dynamically added transition from wildcard0 to wildcard4
[DEBUG] Dynamically added transition from start to wildcard4
[DEBUG] Dynamically added transition from INITIAL to wildcard4
[DEBUG] Dynamically added transition from wildcard2 to wildcard4
[DEBUG] Dynamically added transition from wildcard4 to middle
[DEBUG] Dynamically added transition from wildcard4 to wildcard1
[DEBUG] Dynamically added transition from wildcard4 to wildcard0
[DEBUG] Dynamically added transition from wildcard4 to INITIAL
[DEBUG] Dynamically added transition from wildcard4 to start
[DEBUG] Dynamically added transition from wildcard4 to wildcard3
[DEBUG] Dynamically added transition from wildcard4 to wildcard2
[DEBUG] Dynamically added transition from wildcard4 to end
[DEBUG] Dynamically added transition from wildcard4 to wildcard4
[DEBUG] Dynamically added transition from wildcard4 to .*
[INFO] Wildcard transition valid to state: wildcard4
[INFO] Wildcard transition detected from wildcard4 to wildcard5
[DEBUG] Created intermediate state for wildcard transition: wildcard5
[DEBUG] Dynamically added transition from wildcard4 to wildcard5
[DEBUG] Dynamically added transition from wildcard1 to wildcard5
[DEBUG] Dynamically added transition from wildcard0 to wildcard5
[DEBUG] Dynamically added transition from start to wildcard5
[DEBUG] Dynamically added transition from INITIAL to wildcard5
[DEBUG] Dynamically added transition from wildcard3 to wildcard5
[DEBUG] Dynamically added transition from wildcard2 to wildcard5
[DEBUG] Dynamically added transition from wildcard5 to middle
[DEBUG] Dynamically added transition from wildcard5 to wildcard1
[DEBUG] Dynamically added transition from wildcard5 to wildcard0
[DEBUG] Dynamically added transition from wildcard5 to INITIAL
[DEBUG] Dynamically added transition from wildcard5 to start
[DEBUG] Dynamically added transition from wildcard5 to wildcard3
[DEBUG] Dynamically added transition from wildcard5 to wildcard2
[DEBUG] Dynamically added transition from wildcard5 to end
[DEBUG] Dynamically added transition from wildcard5 to wildcard5
[DEBUG] Dynamically added transition from wildcard5 to wildcard4
[DEBUG] Dynamically added transition from wildcard5 to .*
[INFO] Wildcard transition valid to state: wildcard5
[INFO] Wildcard transition detected from wildcard5 to wildcard6
[DEBUG] Created intermediate state for wildcard transition: wildcard6
[DEBUG] Dynamically added transition from wildcard5 to wildcard6
[DEBUG] Dynamically added transition from wildcard1 to wildcard6
[DEBUG] Dynamically added transition from wildcard0 to wildcard6
[DEBUG] Dynamically added transition from start to wildcard6
[DEBUG] Dynamically added transition from INITIAL to wildcard6
[DEBUG] Dynamically added transition from wildcard3 to wildcard6
[DEBUG] Dynamically added transition from wildcard2 to wildcard6
[DEBUG] Dynamically added transition from wildcard4 to wildcard6
[DEBUG] Dynamically added transition from wildcard6 to middle
[DEBUG] Dynamically added transition from wildcard6 to wildcard1
[DEBUG] Dynamically added transition from wildcard6 to wildcard0
[DEBUG] Dynamically added transition from wildcard6 to INITIAL
[DEBUG] Dynamically added transition from wildcard6 to start
[DEBUG] Dynamically added transition from wildcard6 to wildcard3
[DEBUG] Dynamically added transition from wildcard6 to wildcard2
[DEBUG] Dynamically added transition from wildcard6 to end
[DEBUG] Dynamically added transition from wildcard6 to wildcard5
[DEBUG] Dynamically added transition from wildcard6 to wildcard4
[DEBUG] Dynamically added transition from wildcard6 to .*
[DEBUG] Dynamically added transition from wildcard6 to wildcard6
[INFO] Wildcard transition valid to state: wildcard6
[INFO] Wildcard transition detected from wildcard6 to wildcard7
[DEBUG] Created intermediate state for wildcard transition: wildcard7
[DEBUG] Dynamically added transition from wildcard6 to wildcard7
[DEBUG] Dynamically added transition from wildcard1 to wildcard7
[DEBUG] Dynamically added transition from wildcard0 to wildcard7
[DEBUG] Dynamically added transition from start to wildcard7
[DEBUG] Dynamically added transition from INITIAL to wildcard7
[DEBUG] Dynamically added transition from wildcard3 to wildcard7
[DEBUG] Dynamically added transition from wildcard2 to wildcard7
[DEBUG] Dynamically added transition from wildcard5 to wildcard7
[DEBUG] Dynamically added transition from wildcard4 to wildcard7
[DEBUG] Dynamically added transition from wildcard7 to middle
[DEBUG] Dynamically added transition from wildcard7 to wildcard1
[DEBUG] Dynamically added transition from wildcard7 to wildcard0
[DEBUG] Dynamically added transition from wildcard7 to INITIAL
[DEBUG] Dynamically added transition from wildcard7 to start
[DEBUG] Dynamically added transition from wildcard7 to wildcard3
[DEBUG] Dynamically added transition from wildcard7 to wildcard2
[DEBUG] Dynamically added transition from wildcard7 to wildcard5
[DEBUG] Dynamically added transition from wildcard7 to wildcard4
[DEBUG] Dynamically added transition from wildcard7 to wildcard7
[DEBUG] Dynamically added transition from wildcard7 to wildcard6
[DEBUG] Dynamically added transition from wildcard7 to end
[DEBUG] Dynamically added transition from wildcard7 to .*
[INFO] Wildcard transition valid to state: wildcard7
[INFO] Wildcard transition detected from wildcard7 to wildcard8
[DEBUG] Created intermediate state for wildcard transition: wildcard8
[DEBUG] Dynamically added transition from wildcard7 to wildcard8
[DEBUG] Dynamically added transition from wildcard1 to wildcard8
[DEBUG] Dynamically added transition from wildcard0 to wildcard8
[DEBUG] Dynamically added transition from start to wildcard8
[DEBUG] Dynamically added transition from INITIAL to wildcard8
[DEBUG] Dynamically added transition from wildcard3 to wildcard8
[DEBUG] Dynamically added transition from wildcard2 to wildcard8
[DEBUG] Dynamically added transition from wildcard5 to wildcard8
[DEBUG] Dynamically added transition from wildcard4 to wildcard8
[DEBUG] Dynamically added transition from wildcard6 to wildcard8
[DEBUG] Dynamically added transition from wildcard8 to middle
[DEBUG] Dynamically added transition from wildcard8 to wildcard1
[DEBUG] Dynamically added transition from wildcard8 to wildcard0
[DEBUG] Dynamically added transition from wildcard8 to INITIAL
[DEBUG] Dynamically added transition from wildcard8 to start
[DEBUG] Dynamically added transition from wildcard8 to wildcard3
[DEBUG] Dynamically added transition from wildcard8 to wildcard2
[DEBUG] Dynamically added transition from wildcard8 to wildcard5
[DEBUG] Dynamically added transition from wildcard8 to wildcard4
[DEBUG] Dynamically added transition from wildcard8 to wildcard7
[DEBUG] Dynamically added transition from wildcard8 to wildcard6
[DEBUG] Dynamically added transition from wildcard8 to wildcard8
[DEBUG] Dynamically added transition from wildcard8 to end
[DEBUG] Dynamically added transition from wildcard8 to .*
[INFO] Wildcard transition valid to state: wildcard8
[INFO] Wildcard transition detected from wildcard8 to wildcard9
[DEBUG] Created intermediate state for wildcard transition: wildcard9
[DEBUG] Dynamically added transition from wildcard8 to wildcard9
[DEBUG] Dynamically added transition from wildcard1 to wildcard9
[DEBUG] Dynamically added transition from wildcard0 to wildcard9
[DEBUG] Dynamically added transition from start to wildcard9
[DEBUG] Dynamically added transition from INITIAL to wildcard9
[DEBUG] Dynamically added transition from wildcard3 to wildcard9
[DEBUG] Dynamically added transition from wildcard2 to wildcard9
[DEBUG] Dynamically added transition from wildcard5 to wildcard9
[DEBUG] Dynamically added transition from wildcard4 to wildcard9
[DEBUG] Dynamically added transition from wildcard7 to wildcard9
[DEBUG] Dynamically added transition from wildcard6 to wildcard9
[DEBUG] Dynamically added transition from wildcard9 to middle
[DEBUG] Dynamically added transition from wildcard9 to wildcard1
[DEBUG] Dynamically added transition from wildcard9 to wildcard0
[DEBUG] Dynamically added transition from wildcard9 to INITIAL
[DEBUG] Dynamically added transition from wildcard9 to start
[DEBUG] Dynamically added transition from wildcard9 to wildcard3
[DEBUG] Dynamically added transition from wildcard9 to wildcard2
[DEBUG] Dynamically added transition from wildcard9 to wildcard5
[DEBUG] Dynamically added transition from wildcard9 to wildcard4
[DEBUG] Dynamically added transition from wildcard9 to wildcard7
[DEBUG] Dynamically added transition from wildcard9 to wildcard6
[DEBUG] Dynamically added transition from wildcard9 to wildcard9
[DEBUG] Dynamically added transition from wildcard9 to wildcard8
[DEBUG] Dynamically added transition from wildcard9 to end
[DEBUG] Dynamically added transition from wildcard9 to .*
[INFO] Wildcard transition valid to state: wildcard9
[INFO] Wildcard transition detected from wildcard9 to wildcard10
[DEBUG] Created intermediate state for wildcard transition: wildcard10
[DEBUG] Dynamically added transition from wildcard9 to wildcard10
[DEBUG] Dynamically added transition from wildcard1 to wildcard10
[DEBUG] Dynamically added transition from wildcard0 to wildcard10
[DEBUG] Dynamically added transition from start to wildcard10
[DEBUG] Dynamically added transition from INITIAL to wildcard10
[DEBUG] Dynamically added transition from wildcard3 to wildcard10
[DEBUG] Dynamically added transition from wildcard2 to wildcard10
[DEBUG] Dynamically added transition from wildcard5 to wildcard10
[DEBUG] Dynamically added transition from wildcard4 to wildcard10
[DEBUG] Dynamically added transition from wildcard7 to wildcard10
[DEBUG] Dynamically added transition from wildcard6 to wildcard10
[DEBUG] Dynamically added transition from wildcard8 to wildcard10
[DEBUG] Dynamically added transition from wildcard10 to middle
[DEBUG] Dynamically added transition from wildcard10 to wildcard1
[DEBUG] Dynamically added transition from wildcard10 to wildcard10
[DEBUG] Dynamically added transition from wildcard10 to wildcard0
[DEBUG] Dynamically added transition from wildcard10 to INITIAL
[DEBUG] Dynamically added transition from wildcard10 to start
[DEBUG] Dynamically added transition from wildcard10 to wildcard3
[DEBUG] Dynamically added transition from wildcard10 to wildcard2
[DEBUG] Dynamically added transition from wildcard10 to wildcard5
[DEBUG] Dynamically added transition from wildcard10 to wildcard4
[DEBUG] Dynamically added transition from wildcard10 to wildcard7
[DEBUG] Dynamically added transition from wildcard10 to wildcard6
[DEBUG] Dynamically added transition from wildcard10 to wildcard9
[DEBUG] Dynamically added transition from wildcard10 to wildcard8
[DEBUG] Dynamically added transition from wildcard10 to end
[DEBUG] Dynamically added transition from wildcard10 to .*
[INFO] Wildcard transition valid to state: wildcard10
[INFO] Wildcard transition detected from wildcard10 to wildcard11
[DEBUG] Created intermediate state for wildcard transition: wildcard11
[DEBUG] Dynamically added transition from wildcard10 to wildcard11
[DEBUG] Dynamically added transition from wildcard1 to wildcard11
[DEBUG] Dynamically added transition from wildcard0 to wildcard11
[DEBUG] Dynamically added transition from start to wildcard11
[DEBUG] Dynamically added transition from INITIAL to wildcard11
[DEBUG] Dynamically added transition from wildcard3 to wildcard11
[DEBUG] Dynamically added transition from wildcard2 to wildcard11
[DEBUG] Dynamically added transition from wildcard5 to wildcard11
[DEBUG] Dynamically added transition from wildcard4 to wildcard11
[DEBUG] Dynamically added transition from wildcard7 to wildcard11
[DEBUG] Dynamically added transition from wildcard6 to wildcard11
[DEBUG] Dynamically added transition from wildcard9 to wildcard11
[DEBUG] Dynamically added transition from wildcard8 to wildcard11
[DEBUG] Dynamically added transition from wildcard11 to middle
[DEBUG] Dynamically added transition from wildcard11 to wildcard11
[DEBUG] Dynamically added transition from wildcard11 to wildcard1
[DEBUG] Dynamically added transition from wildcard11 to wildcard10
[DEBUG] Dynamically added transition from wildcard11 to wildcard0
[DEBUG] Dynamically added transition from wildcard11 to INITIAL
[DEBUG] Dynamically added transition from wildcard11 to start
[DEBUG] Dynamically added transition from wildcard11 to wildcard3
[DEBUG] Dynamically added transition from wildcard11 to wildcard2
[DEBUG] Dynamically added transition from wildcard11 to wildcard5
[DEBUG] Dynamically added transition from wildcard11 to wildcard4
[DEBUG] Dynamically added transition from wildcard11 to wildcard7
[DEBUG] Dynamically added transition from wildcard11 to wildcard6
[DEBUG] Dynamically added transition from wildcard11 to wildcard9
[DEBUG] Dynamically added transition from wildcard11 to wildcard8
[DEBUG] Dynamically added transition from wildcard11 to end
[DEBUG] Dynamically added transition from wildcard11 to .*
[INFO] Wildcard transition valid to state: wildcard11
[INFO] Wildcard transition detected from wildcard11 to wildcard12
[DEBUG] Created intermediate state for wildcard transition: wildcard12
[DEBUG] Dynamically added transition from wildcard11 to wildcard12
[DEBUG] Dynamically added transition from wildcard1 to wildcard12
[DEBUG] Dynamically added transition from wildcard10 to wildcard12
[DEBUG] Dynamically added transition from wildcard0 to wildcard12
[DEBUG] Dynamically added transition from start to wildcard12
[DEBUG] Dynamically added transition from INITIAL to wildcard12
[DEBUG] Dynamically added transition from wildcard3 to wildcard12
[DEBUG] Dynamically added transition from wildcard2 to wildcard12
[DEBUG] Dynamically added transition from wildcard5 to wildcard12
[DEBUG] Dynamically added transition from wildcard4 to wildcard12
[DEBUG] Dynamically added transition from wildcard7 to wildcard12
[DEBUG] Dynamically added transition from wildcard6 to wildcard12
[DEBUG] Dynamically added transition from wildcard9 to wildcard12
[DEBUG] Dynamically added transition from wildcard8 to wildcard12
[DEBUG] Dynamically added transition from wildcard12 to middle
[DEBUG] Dynamically added transition from wildcard12 to wildcard12
[DEBUG] Dynamically added transition from wildcard12 to wildcard11
[DEBUG] Dynamically added transition from wildcard12 to wildcard1
[DEBUG] Dynamically added transition from wildcard12 to wildcard10
[DEBUG] Dynamically added transition from wildcard12 to wildcard0
[DEBUG] Dynamically added transition from wildcard12 to INITIAL
[DEBUG] Dynamically added transition from wildcard12 to start
[DEBUG] Dynamically added transition from wildcard12 to wildcard3
[DEBUG] Dynamically added transition from wildcard12 to wildcard2
[DEBUG] Dynamically added transition from wildcard12 to wildcard5
[DEBUG] Dynamically added transition from wildcard12 to wildcard4
[DEBUG] Dynamically added transition from wildcard12 to wildcard7
[DEBUG] Dynamically added transition from wildcard12 to wildcard6
[DEBUG] Dynamically added transition from wildcard12 to wildcard9
[DEBUG] Dynamically added transition from wildcard12 to wildcard8
[DEBUG] Dynamically added transition from wildcard12 to end
[DEBUG] Dynamically added transition from wildcard12 to .*
[INFO] Wildcard transition valid to state: wildcard12
[INFO] Wildcard transition detected from wildcard12 to wildcard13
[DEBUG] Created intermediate state for wildcard transition: wildcard13
[DEBUG] Dynamically added transition from wildcard12 to wildcard13
[DEBUG] Dynamically added transition from wildcard11 to wildcard13
[DEBUG] Dynamically added transition from wildcard1 to wildcard13
[DEBUG] Dynamically added transition from wildcard10 to wildcard13
[DEBUG] Dynamically added transition from wildcard0 to wildcard13
[DEBUG] Dynamically added transition from start to wildcard13
[DEBUG] Dynamically added transition from INITIAL to wildcard13
[DEBUG] Dynamically added transition from wildcard3 to wildcard13
[DEBUG] Dynamically added transition from wildcard2 to wildcard13
[DEBUG] Dynamically added transition from wildcard5 to wildcard13
[DEBUG] Dynamically added transition from wildcard4 to wildcard13
[DEBUG] Dynamically added transition from wildcard7 to wildcard13
[DEBUG] Dynamically added transition from wildcard6 to wildcard13
[DEBUG] Dynamically added transition from wildcard9 to wildcard13
[DEBUG] Dynamically added transition from wildcard8 to wildcard13
[DEBUG] Dynamically added transition from wildcard13 to middle
[DEBUG] Dynamically added transition from wildcard13 to wildcard13
[DEBUG] Dynamically added transition from wildcard13 to wildcard12
[DEBUG] Dynamically added transition from wildcard13 to wildcard11
[DEBUG] Dynamically added transition from wildcard13 to wildcard1
[DEBUG] Dynamically added transition from wildcard13 to wildcard10
[DEBUG] Dynamically added transition from wildcard13 to wildcard0
[DEBUG] Dynamically added transition from wildcard13 to INITIAL
[DEBUG] Dynamically added transition from wildcard13 to start
[DEBUG] Dynamically added transition from wildcard13 to wildcard3
[DEBUG] Dynamically added transition from wildcard13 to wildcard2
[DEBUG] Dynamically added transition from wildcard13 to wildcard5
[DEBUG] Dynamically added transition from wildcard13 to wildcard4
[DEBUG] Dynamically added transition from wildcard13 to wildcard7
[DEBUG] Dynamically added transition from wildcard13 to wildcard6
[DEBUG] Dynamically added transition from wildcard13 to wildcard9
[DEBUG] Dynamically added transition from wildcard13 to wildcard8
[DEBUG] Dynamically added transition from wildcard13 to end
[DEBUG] Dynamically added transition from wildcard13 to .*
[INFO] Wildcard transition valid to state: wildcard13
[INFO] Wildcard transition detected from wildcard13 to wildcard14
[DEBUG] Created intermediate state for wildcard transition: wildcard14
[DEBUG] Dynamically added transition from wildcard13 to wildcard14
[DEBUG] Dynamically added transition from wildcard12 to wildcard14
[DEBUG] Dynamically added transition from wildcard11 to wildcard14
[DEBUG] Dynamically added transition from wildcard1 to wildcard14
[DEBUG] Dynamically added transition from wildcard10 to wildcard14
[DEBUG] Dynamically added transition from wildcard0 to wildcard14
[DEBUG] Dynamically added transition from start to wildcard14
[DEBUG] Dynamically added transition from INITIAL to wildcard14
[DEBUG] Dynamically added transition from wildcard3 to wildcard14
[DEBUG] Dynamically added transition from wildcard2 to wildcard14
[DEBUG] Dynamically added transition from wildcard5 to wildcard14
[DEBUG] Dynamically added transition from wildcard4 to wildcard14
[DEBUG] Dynamically added transition from wildcard7 to wildcard14
[DEBUG] Dynamically added transition from wildcard6 to wildcard14
[DEBUG] Dynamically added transition from wildcard9 to wildcard14
[DEBUG] Dynamically added transition from wildcard8 to wildcard14
[DEBUG] Dynamically added transition from wildcard14 to wildcard14
[DEBUG] Dynamically added transition from wildcard14 to middle
[DEBUG] Dynamically added transition from wildcard14 to wildcard13
[DEBUG] Dynamically added transition from wildcard14 to wildcard12
[DEBUG] Dynamically added transition from wildcard14 to wildcard11
[DEBUG] Dynamically added transition from wildcard14 to wildcard1
[DEBUG] Dynamically added transition from wildcard14 to wildcard10
[DEBUG] Dynamically added transition from wildcard14 to wildcard0
[DEBUG] Dynamically added transition from wildcard14 to INITIAL
[DEBUG] Dynamically added transition from wildcard14 to start
[DEBUG] Dynamically added transition from wildcard14 to wildcard3
[DEBUG] Dynamically added transition from wildcard14 to wildcard2
[DEBUG] Dynamically added transition from wildcard14 to wildcard5
[DEBUG] Dynamically added transition from wildcard14 to wildcard4
[DEBUG] Dynamically added transition from wildcard14 to wildcard7
[DEBUG] Dynamically added transition from wildcard14 to wildcard6
[DEBUG] Dynamically added transition from wildcard14 to wildcard9
[DEBUG] Dynamically added transition from wildcard14 to wildcard8
[DEBUG] Dynamically added transition from wildcard14 to end
[DEBUG] Dynamically added transition from wildcard14 to .*
[INFO] Wildcard transition valid to state: wildcard14
[INFO] Wildcard transition detected from wildcard14 to wildcard15
[DEBUG] Created intermediate state for wildcard transition: wildcard15
[DEBUG] Dynamically added transition from wildcard14 to wildcard15
[DEBUG] Dynamically added transition from wildcard13 to wildcard15
[DEBUG] Dynamically added transition from wildcard12 to wildcard15
[DEBUG] Dynamically added transition from wildcard11 to wildcard15
[DEBUG] Dynamically added transition from wildcard1 to wildcard15
[DEBUG] Dynamically added transition from wildcard10 to wildcard15
[DEBUG] Dynamically added transition from wildcard0 to wildcard15
[DEBUG] Dynamically added transition from start to wildcard15
[DEBUG] Dynamically added transition from INITIAL to wildcard15
[DEBUG] Dynamically added transition from wildcard3 to wildcard15
[DEBUG] Dynamically added transition from wildcard2 to wildcard15
[DEBUG] Dynamically added transition from wildcard5 to wildcard15
[DEBUG] Dynamically added transition from wildcard4 to wildcard15
[DEBUG] Dynamically added transition from wildcard7 to wildcard15
[DEBUG] Dynamically added transition from wildcard6 to wildcard15
[DEBUG] Dynamically added transition from wildcard9 to wildcard15
[DEBUG] Dynamically added transition from wildcard8 to wildcard15
[DEBUG] Dynamically added transition from wildcard15 to wildcard15
[DEBUG] Dynamically added transition from wildcard15 to wildcard14
[DEBUG] Dynamically added transition from wildcard15 to middle
[DEBUG] Dynamically added transition from wildcard15 to wildcard13
[DEBUG] Dynamically added transition from wildcard15 to wildcard12
[DEBUG] Dynamically added transition from wildcard15 to wildcard11
[DEBUG] Dynamically added transition from wildcard15 to wildcard1
[DEBUG] Dynamically added transition from wildcard15 to wildcard10
[DEBUG] Dynamically added transition from wildcard15 to wildcard0
[DEBUG] Dynamically added transition from wildcard15 to INITIAL
[DEBUG] Dynamically added transition from wildcard15 to start
[DEBUG] Dynamically added transition from wildcard15 to wildcard3
[DEBUG] Dynamically added transition from wildcard15 to wildcard2
[DEBUG] Dynamically added transition from wildcard15 to wildcard5
[DEBUG] Dynamically added transition from wildcard15 to wildcard4
[DEBUG] Dynamically added transition from wildcard15 to wildcard7
[DEBUG] Dynamically added transition from wildcard15 to wildcard6
[DEBUG] Dynamically added transition from wildcard15 to wildcard9
[DEBUG] Dynamically added transition from wildcard15 to wildcard8
[DEBUG] Dynamically added transition from wildcard15 to end
[DEBUG] Dynamically added transition from wildcard15 to .*
[INFO] Wildcard transition valid to state: wildcard15
[INFO] Wildcard transition detected from wildcard15 to wildcard16
[DEBUG] Created intermediate state for wildcard transition: wildcard16
[DEBUG] Dynamically added transition from wildcard15 to wildcard16
[DEBUG] Dynamically added transition from wildcard14 to wildcard16
[DEBUG] Dynamically added transition from wildcard13 to wildcard16
[DEBUG] Dynamically added transition from wildcard12 to wildcard16
[DEBUG] Dynamically added transition from wildcard11 to wildcard16
[DEBUG] Dynamically added transition from wildcard1 to wildcard16
[DEBUG] Dynamically added transition from wildcard10 to wildcard16
[DEBUG] Dynamically added transition from wildcard0 to wildcard16
[DEBUG] Dynamically added transition from start to wildcard16
[DEBUG] Dynamically added transition from INITIAL to wildcard16
[DEBUG] Dynamically added transition from wildcard3 to wildcard16
[DEBUG] Dynamically added transition from wildcard2 to wildcard16
[DEBUG] Dynamically added transition from wildcard5 to wildcard16
[DEBUG] Dynamically added transition from wildcard4 to wildcard16
[DEBUG] Dynamically added transition from wildcard7 to wildcard16
[DEBUG] Dynamically added transition from wildcard6 to wildcard16
[DEBUG] Dynamically added transition from wildcard9 to wildcard16
[DEBUG] Dynamically added transition from wildcard8 to wildcard16
[DEBUG] Dynamically added transition from wildcard16 to wildcard16
[DEBUG] Dynamically added transition from wildcard16 to wildcard15
[DEBUG] Dynamically added transition from wildcard16 to wildcard14
[DEBUG] Dynamically added transition from wildcard16 to middle
[DEBUG] Dynamically added transition from wildcard16 to wildcard13
[DEBUG] Dynamically added transition from wildcard16 to wildcard12
[DEBUG] Dynamically added transition from wildcard16 to wildcard11
[DEBUG] Dynamically added transition from wildcard16 to wildcard1
[DEBUG] Dynamically added transition from wildcard16 to wildcard10
[DEBUG] Dynamically added transition from wildcard16 to wildcard0
[DEBUG] Dynamically added transition from wildcard16 to INITIAL
[DEBUG] Dynamically added transition from wildcard16 to start
[DEBUG] Dynamically added transition from wildcard16 to wildcard3
[DEBUG] Dynamically added transition from wildcard16 to wildcard2
[DEBUG] Dynamically added transition from wildcard16 to wildcard5
[DEBUG] Dynamically added transition from wildcard16 to wildcard4
[DEBUG] Dynamically added transition from wildcard16 to wildcard7
[DEBUG] Dynamically added transition from wildcard16 to wildcard6
[DEBUG] Dynamically added transition from wildcard16 to wildcard9
[DEBUG] Dynamically added transition from wildcard16 to wildcard8
[DEBUG] Dynamically added transition from wildcard16 to end
[DEBUG] Dynamically added transition from wildcard16 to .*
[INFO] Wildcard transition valid to state: wildcard16
[INFO] Wildcard transition detected from wildcard16 to wildcard17
[DEBUG] Created intermediate state for wildcard transition: wildcard17
[DEBUG] Dynamically added transition from wildcard16 to wildcard17
[DEBUG] Dynamically added transition from wildcard15 to wildcard17
[DEBUG] Dynamically added transition from wildcard14 to wildcard17
[DEBUG] Dynamically added transition from wildcard13 to wildcard17
[DEBUG] Dynamically added transition from wildcard12 to wildcard17
[DEBUG] Dynamically added transition from wildcard11 to wildcard17
[DEBUG] Dynamically added transition from wildcard1 to wildcard17
[DEBUG] Dynamically added transition from wildcard10 to wildcard17
[DEBUG] Dynamically added transition from wildcard0 to wildcard17
[DEBUG] Dynamically added transition from start to wildcard17
[DEBUG] Dynamically added transition from INITIAL to wildcard17
[DEBUG] Dynamically added transition from wildcard3 to wildcard17
[DEBUG] Dynamically added transition from wildcard2 to wildcard17
[DEBUG] Dynamically added transition from wildcard5 to wildcard17
[DEBUG] Dynamically added transition from wildcard4 to wildcard17
[DEBUG] Dynamically added transition from wildcard7 to wildcard17
[DEBUG] Dynamically added transition from wildcard6 to wildcard17
[DEBUG] Dynamically added transition from wildcard9 to wildcard17
[DEBUG] Dynamically added transition from wildcard8 to wildcard17
[DEBUG] Dynamically added transition from wildcard17 to wildcard16
[DEBUG] Dynamically added transition from wildcard17 to wildcard15
[DEBUG] Dynamically added transition from wildcard17 to wildcard14
[DEBUG] Dynamically added transition from wildcard17 to middle
[DEBUG] Dynamically added transition from wildcard17 to wildcard13
[DEBUG] Dynamically added transition from wildcard17 to wildcard12
[DEBUG] Dynamically added transition from wildcard17 to wildcard11
[DEBUG] Dynamically added transition from wildcard17 to wildcard1
[DEBUG] Dynamically added transition from wildcard17 to wildcard10
[DEBUG] Dynamically added transition from wildcard17 to wildcard0
[DEBUG] Dynamically added transition from wildcard17 to INITIAL
[DEBUG] Dynamically added transition from wildcard17 to start
[DEBUG] Dynamically added transition from wildcard17 to wildcard3
[DEBUG] Dynamically added transition from wildcard17 to wildcard2
[DEBUG] Dynamically added transition from wildcard17 to wildcard5
[DEBUG] Dynamically added transition from wildcard17 to wildcard4
[DEBUG] Dynamically added transition from wildcard17 to wildcard7
[DEBUG] Dynamically added transition from wildcard17 to wildcard6
[DEBUG] Dynamically added transition from wildcard17 to wildcard9
[DEBUG] Dynamically added transition from wildcard17 to wildcard8
[DEBUG] Dynamically added transition from wildcard17 to end
[DEBUG] Dynamically added transition from wildcard17 to .*
[DEBUG] Dynamically added transition from wildcard17 to wildcard17
[INFO] Wildcard transition valid to state: wildcard17
[INFO] Wildcard transition detected from wildcard17 to wildcard18
[DEBUG] Created intermediate state for wildcard transition: wildcard18
[DEBUG] Dynamically added transition from wildcard17 to wildcard18
[DEBUG] Dynamically added transition from wildcard1 to wildcard18
[DEBUG] Dynamically added transition from wildcard0 to wildcard18
[DEBUG] Dynamically added transition from INITIAL to wildcard18
[DEBUG] Dynamically added transition from wildcard3 to wildcard18
[DEBUG] Dynamically added transition from wildcard2 to wildcard18
[DEBUG] Dynamically added transition from wildcard5 to wildcard18
[DEBUG] Dynamically added transition from wildcard4 to wildcard18
[DEBUG] Dynamically added transition from wildcard7 to wildcard18
[DEBUG] Dynamically added transition from wildcard6 to wildcard18
[DEBUG] Dynamically added transition from wildcard9 to wildcard18
[DEBUG] Dynamically added transition from wildcard8 to wildcard18
[DEBUG] Dynamically added transition from wildcard16 to wildcard18
[DEBUG] Dynamically added transition from wildcard15 to wildcard18
[DEBUG] Dynamically added transition from wildcard14 to wildcard18
[DEBUG] Dynamically added transition from wildcard13 to wildcard18
[DEBUG] Dynamically added transition from wildcard12 to wildcard18
[DEBUG] Dynamically added transition from wildcard11 to wildcard18
[DEBUG] Dynamically added transition from wildcard10 to wildcard18
[DEBUG] Dynamically added transition from start to wildcard18
[DEBUG] Dynamically added transition from wildcard18 to wildcard16
[DEBUG] Dynamically added transition from wildcard18 to wildcard15
[DEBUG] Dynamically added transition from wildcard18 to wildcard14
[DEBUG] Dynamically added transition from wildcard18 to middle
[DEBUG] Dynamically added transition from wildcard18 to wildcard13
[DEBUG] Dynamically added transition from wildcard18 to wildcard12
[DEBUG] Dynamically added transition from wildcard18 to wildcard11
[DEBUG] Dynamically added transition from wildcard18 to wildcard1
[DEBUG] Dynamically added transition from wildcard18 to wildcard10
[DEBUG] Dynamically added transition from wildcard18 to wildcard0
[DEBUG] Dynamically added transition from wildcard18 to INITIAL
[DEBUG] Dynamically added transition from wildcard18 to start
[DEBUG] Dynamically added transition from wildcard18 to wildcard3
[DEBUG] Dynamically added transition from wildcard18 to wildcard2
[DEBUG] Dynamically added transition from wildcard18 to wildcard5
[DEBUG] Dynamically added transition from wildcard18 to wildcard4
[DEBUG] Dynamically added transition from wildcard18 to wildcard7
[DEBUG] Dynamically added transition from wildcard18 to wildcard6
[DEBUG] Dynamically added transition from wildcard18 to wildcard9
[DEBUG] Dynamically added transition from wildcard18 to wildcard8
[DEBUG] Dynamically added transition from wildcard18 to end
[DEBUG] Dynamically added transition from wildcard18 to .*
[DEBUG] Dynamically added transition from wildcard18 to wildcard18
[DEBUG] Dynamically added transition from wildcard18 to wildcard17
[INFO] Wildcard transition valid to state: wildcard18
[INFO] Wildcard transition detected from wildcard18 to wildcard19
[DEBUG] Created intermediate state for wildcard transition: wildcard19
[DEBUG] Dynamically added transition from wildcard18 to wildcard19
[DEBUG] Dynamically added transition from wildcard1 to wildcard19
[DEBUG] Dynamically added transition from wildcard0 to wildcard19
[DEBUG] Dynamically added transition from INITIAL to wildcard19
[DEBUG] Dynamically added transition from wildcard3 to wildcard19
[DEBUG] Dynamically added transition from wildcard2 to wildcard19
[DEBUG] Dynamically added transition from wildcard5 to wildcard19
[DEBUG] Dynamically added transition from wildcard4 to wildcard19
[DEBUG] Dynamically added transition from wildcard7 to wildcard19
[DEBUG] Dynamically added transition from wildcard6 to wildcard19
[DEBUG] Dynamically added transition from wildcard9 to wildcard19
[DEBUG] Dynamically added transition from wildcard8 to wildcard19
[DEBUG] Dynamically added transition from wildcard17 to wildcard19
[DEBUG] Dynamically added transition from wildcard16 to wildcard19
[DEBUG] Dynamically added transition from wildcard15 to wildcard19
[DEBUG] Dynamically added transition from wildcard14 to wildcard19
[DEBUG] Dynamically added transition from wildcard13 to wildcard19
[DEBUG] Dynamically added transition from wildcard12 to wildcard19
[DEBUG] Dynamically added transition from wildcard11 to wildcard19
[DEBUG] Dynamically added transition from wildcard10 to wildcard19
[DEBUG] Dynamically added transition from start to wildcard19
[DEBUG] Dynamically added transition from wildcard19 to wildcard1
[DEBUG] Dynamically added transition from wildcard19 to wildcard0
[DEBUG] Dynamically added transition from wildcard19 to INITIAL
[DEBUG] Dynamically added transition from wildcard19 to wildcard3
[DEBUG] Dynamically added transition from wildcard19 to wildcard2
[DEBUG] Dynamically added transition from wildcard19 to wildcard5
[DEBUG] Dynamically added transition from wildcard19 to wildcard4
[DEBUG] Dynamically added transition from wildcard19 to wildcard7
[DEBUG] Dynamically added transition from wildcard19 to wildcard6
[DEBUG] Dynamically added transition from wildcard19 to wildcard9
[DEBUG] Dynamically added transition from wildcard19 to wildcard8
[DEBUG] Dynamically added transition from wildcard19 to end
[DEBUG] Dynamically added transition from wildcard19 to wildcard19
[DEBUG] Dynamically added transition from wildcard19 to wildcard18
[DEBUG] Dynamically added transition from wildcard19 to wildcard17
[DEBUG] Dynamically added transition from wildcard19 to wildcard16
[DEBUG] Dynamically added transition from wildcard19 to wildcard15
[DEBUG] Dynamically added transition from wildcard19 to wildcard14
[DEBUG] Dynamically added transition from wildcard19 to middle
[DEBUG] Dynamically added transition from wildcard19 to wildcard13
[DEBUG] Dynamically added transition from wildcard19 to wildcard12
[DEBUG] Dynamically added transition from wildcard19 to wildcard11
[DEBUG] Dynamically added transition from wildcard19 to wildcard10
[DEBUG] Dynamically added transition from wildcard19 to start
[DEBUG] Dynamically added transition from wildcard19 to .*
[INFO] Wildcard transition valid to state: wildcard19
[INFO] Wildcard transition detected from wildcard19 to wildcard20
[DEBUG] Created intermediate state for wildcard transition: wildcard20
[DEBUG] Dynamically added transition from wildcard19 to wildcard20
[DEBUG] Dynamically added transition from wildcard1 to wildcard20
[DEBUG] Dynamically added transition from wildcard0 to wildcard20
[DEBUG] Dynamically added transition from INITIAL to wildcard20
[DEBUG] Dynamically added transition from wildcard3 to wildcard20
[DEBUG] Dynamically added transition from wildcard2 to wildcard20
[DEBUG] Dynamically added transition from wildcard5 to wildcard20
[DEBUG] Dynamically added transition from wildcard4 to wildcard20
[DEBUG] Dynamically added transition from wildcard7 to wildcard20
[DEBUG] Dynamically added transition from wildcard6 to wildcard20
[DEBUG] Dynamically added transition from wildcard9 to wildcard20
[DEBUG] Dynamically added transition from wildcard8 to wildcard20
[DEBUG] Dynamically added transition from wildcard18 to wildcard20
[DEBUG] Dynamically added transition from wildcard17 to wildcard20
[DEBUG] Dynamically added transition from wildcard16 to wildcard20
[DEBUG] Dynamically added transition from wildcard15 to wildcard20
[DEBUG] Dynamically added transition from wildcard14 to wildcard20
[DEBUG] Dynamically added transition from wildcard13 to wildcard20
[DEBUG] Dynamically added transition from wildcard12 to wildcard20
[DEBUG] Dynamically added transition from wildcard11 to wildcard20
[DEBUG] Dynamically added transition from wildcard10 to wildcard20
[DEBUG] Dynamically added transition from start to wildcard20
[DEBUG] Dynamically added transition from wildcard20 to wildcard1
[DEBUG] Dynamically added transition from wildcard20 to wildcard0
[DEBUG] Dynamically added transition from wildcard20 to wildcard20
[DEBUG] Dynamically added transition from wildcard20 to INITIAL
[DEBUG] Dynamically added transition from wildcard20 to wildcard3
[DEBUG] Dynamically added transition from wildcard20 to wildcard2
[DEBUG] Dynamically added transition from wildcard20 to wildcard5
[DEBUG] Dynamically added transition from wildcard20 to wildcard4
[DEBUG] Dynamically added transition from wildcard20 to wildcard7
[DEBUG] Dynamically added transition from wildcard20 to wildcard6
[DEBUG] Dynamically added transition from wildcard20 to wildcard9
[DEBUG] Dynamically added transition from wildcard20 to wildcard8
[DEBUG] Dynamically added transition from wildcard20 to end
[DEBUG] Dynamically added transition from wildcard20 to wildcard19
[DEBUG] Dynamically added transition from wildcard20 to wildcard18
[DEBUG] Dynamically added transition from wildcard20 to wildcard17
[DEBUG] Dynamically added transition from wildcard20 to wildcard16
[DEBUG] Dynamically added transition from wildcard20 to wildcard15
[DEBUG] Dynamically added transition from wildcard20 to wildcard14
[DEBUG] Dynamically added transition from wildcard20 to middle
[DEBUG] Dynamically added transition from wildcard20 to wildcard13
[DEBUG] Dynamically added transition from wildcard20 to wildcard12
[DEBUG] Dynamically added transition from wildcard20 to wildcard11
[DEBUG] Dynamically added transition from wildcard20 to wildcard10
[DEBUG] Dynamically added transition from wildcard20 to start
[DEBUG] Dynamically added transition from wildcard20 to .*
[INFO] Wildcard transition valid to state: wildcard20
[INFO] Wildcard transition detected from wildcard20 to wildcard21
[DEBUG] Created intermediate state for wildcard transition: wildcard21
[DEBUG] Dynamically added transition from wildcard20 to wildcard21
[DEBUG] Dynamically added transition from wildcard1 to wildcard21
[DEBUG] Dynamically added transition from wildcard0 to wildcard21
[DEBUG] Dynamically added transition from INITIAL to wildcard21
[DEBUG] Dynamically added transition from wildcard3 to wildcard21
[DEBUG] Dynamically added transition from wildcard2 to wildcard21
[DEBUG] Dynamically added transition from wildcard5 to wildcard21
[DEBUG] Dynamically added transition from wildcard4 to wildcard21
[DEBUG] Dynamically added transition from wildcard7 to wildcard21
[DEBUG] Dynamically added transition from wildcard6 to wildcard21
[DEBUG] Dynamically added transition from wildcard9 to wildcard21
[DEBUG] Dynamically added transition from wildcard8 to wildcard21
[DEBUG] Dynamically added transition from wildcard19 to wildcard21
[DEBUG] Dynamically added transition from wildcard18 to wildcard21
[DEBUG] Dynamically added transition from wildcard17 to wildcard21
[DEBUG] Dynamically added transition from wildcard16 to wildcard21
[DEBUG] Dynamically added transition from wildcard15 to wildcard21
[DEBUG] Dynamically added transition from wildcard14 to wildcard21
[DEBUG] Dynamically added transition from wildcard13 to wildcard21
[DEBUG] Dynamically added transition from wildcard12 to wildcard21
[DEBUG] Dynamically added transition from wildcard11 to wildcard21
[DEBUG] Dynamically added transition from wildcard10 to wildcard21
[DEBUG] Dynamically added transition from start to wildcard21
[DEBUG] Dynamically added transition from wildcard21 to wildcard1
[DEBUG] Dynamically added transition from wildcard21 to wildcard21
[DEBUG] Dynamically added transition from wildcard21 to wildcard0
[DEBUG] Dynamically added transition from wildcard21 to wildcard20
[DEBUG] Dynamically added transition from wildcard21 to INITIAL
[DEBUG] Dynamically added transition from wildcard21 to wildcard3
[DEBUG] Dynamically added transition from wildcard21 to wildcard2
[DEBUG] Dynamically added transition from wildcard21 to wildcard5
[DEBUG] Dynamically added transition from wildcard21 to wildcard4
[DEBUG] Dynamically added transition from wildcard21 to wildcard7
[DEBUG] Dynamically added transition from wildcard21 to wildcard6
[DEBUG] Dynamically added transition from wildcard21 to wildcard9
[DEBUG] Dynamically added transition from wildcard21 to wildcard8
[DEBUG] Dynamically added transition from wildcard21 to end
[DEBUG] Dynamically added transition from wildcard21 to wildcard19
[DEBUG] Dynamically added transition from wildcard21 to wildcard18
[DEBUG] Dynamically added transition from wildcard21 to wildcard17
[DEBUG] Dynamically added transition from wildcard21 to wildcard16
[DEBUG] Dynamically added transition from wildcard21 to wildcard15
[DEBUG] Dynamically added transition from wildcard21 to wildcard14
[DEBUG] Dynamically added transition from wildcard21 to middle
[DEBUG] Dynamically added transition from wildcard21 to wildcard13
[DEBUG] Dynamically added transition from wildcard21 to wildcard12
[DEBUG] Dynamically added transition from wildcard21 to wildcard11
[DEBUG] Dynamically added transition from wildcard21 to wildcard10
[DEBUG] Dynamically added transition from wildcard21 to start
[DEBUG] Dynamically added transition from wildcard21 to .*
[INFO] Wildcard transition valid to state: wildcard21
[INFO] Wildcard transition detected from wildcard21 to wildcard22
[DEBUG] Created intermediate state for wildcard transition: wildcard22
[DEBUG] Dynamically added transition from wildcard21 to wildcard22
[DEBUG] Dynamically added transition from wildcard1 to wildcard22
[DEBUG] Dynamically added transition from wildcard0 to wildcard22
[DEBUG] Dynamically added transition from wildcard20 to wildcard22
[DEBUG] Dynamically added transition from INITIAL to wildcard22
[DEBUG] Dynamically added transition from wildcard3 to wildcard22
[DEBUG] Dynamically added transition from wildcard2 to wildcard22
[DEBUG] Dynamically added transition from wildcard5 to wildcard22
[DEBUG] Dynamically added transition from wildcard4 to wildcard22
[DEBUG] Dynamically added transition from wildcard7 to wildcard22
[DEBUG] Dynamically added transition from wildcard6 to wildcard22
[DEBUG] Dynamically added transition from wildcard9 to wildcard22
[DEBUG] Dynamically added transition from wildcard8 to wildcard22
[DEBUG] Dynamically added transition from wildcard19 to wildcard22
[DEBUG] Dynamically added transition from wildcard18 to wildcard22
[DEBUG] Dynamically added transition from wildcard17 to wildcard22
[DEBUG] Dynamically added transition from wildcard16 to wildcard22
[DEBUG] Dynamically added transition from wildcard15 to wildcard22
[DEBUG] Dynamically added transition from wildcard14 to wildcard22
[DEBUG] Dynamically added transition from wildcard13 to wildcard22
[DEBUG] Dynamically added transition from wildcard12 to wildcard22
[DEBUG] Dynamically added transition from wildcard11 to wildcard22
[DEBUG] Dynamically added transition from wildcard10 to wildcard22
[DEBUG] Dynamically added transition from start to wildcard22
[DEBUG] Dynamically added transition from wildcard22 to wildcard22
[DEBUG] Dynamically added transition from wildcard22 to wildcard1
[DEBUG] Dynamically added transition from wildcard22 to wildcard21
[DEBUG] Dynamically added transition from wildcard22 to wildcard0
[DEBUG] Dynamically added transition from wildcard22 to wildcard20
[DEBUG] Dynamically added transition from wildcard22 to INITIAL
[DEBUG] Dynamically added transition from wildcard22 to wildcard3
[DEBUG] Dynamically added transition from wildcard22 to wildcard2
[DEBUG] Dynamically added transition from wildcard22 to wildcard5
[DEBUG] Dynamically added transition from wildcard22 to wildcard4
[DEBUG] Dynamically added transition from wildcard22 to wildcard7
[DEBUG] Dynamically added transition from wildcard22 to wildcard6
[DEBUG] Dynamically added transition from wildcard22 to wildcard9
[DEBUG] Dynamically added transition from wildcard22 to wildcard8
[DEBUG] Dynamically added transition from wildcard22 to end
[DEBUG] Dynamically added transition from wildcard22 to wildcard19
[DEBUG] Dynamically added transition from wildcard22 to wildcard18
[DEBUG] Dynamically added transition from wildcard22 to wildcard17
[DEBUG] Dynamically added transition from wildcard22 to wildcard16
[DEBUG] Dynamically added transition from wildcard22 to wildcard15
[DEBUG] Dynamically added transition from wildcard22 to wildcard14
[DEBUG] Dynamically added transition from wildcard22 to middle
[DEBUG] Dynamically added transition from wildcard22 to wildcard13
[DEBUG] Dynamically added transition from wildcard22 to wildcard12
[DEBUG] Dynamically added transition from wildcard22 to wildcard11
[DEBUG] Dynamically added transition from wildcard22 to wildcard10
[DEBUG] Dynamically added transition from wildcard22 to start
[DEBUG] Dynamically added transition from wildcard22 to .*
[INFO] Wildcard transition valid to state: wildcard22
[INFO] Wildcard transition detected from wildcard22 to wildcard23
[DEBUG] Created intermediate state for wildcard transition: wildcard23
[DEBUG] Dynamically added transition from wildcard22 to wildcard23
[DEBUG] Dynamically added transition from wildcard1 to wildcard23
[DEBUG] Dynamically added transition from wildcard21 to wildcard23
[DEBUG] Dynamically added transition from wildcard0 to wildcard23
[DEBUG] Dynamically added transition from wildcard20 to wildcard23
[DEBUG] Dynamically added transition from INITIAL to wildcard23
[DEBUG] Dynamically added transition from wildcard3 to wildcard23
[DEBUG] Dynamically added transition from wildcard2 to wildcard23
[DEBUG] Dynamically added transition from wildcard5 to wildcard23
[DEBUG] Dynamically added transition from wildcard4 to wildcard23
[DEBUG] Dynamically added transition from wildcard7 to wildcard23
[DEBUG] Dynamically added transition from wildcard6 to wildcard23
[DEBUG] Dynamically added transition from wildcard9 to wildcard23
[DEBUG] Dynamically added transition from wildcard8 to wildcard23
[DEBUG] Dynamically added transition from wildcard19 to wildcard23
[DEBUG] Dynamically added transition from wildcard18 to wildcard23
[DEBUG] Dynamically added transition from wildcard17 to wildcard23
[DEBUG] Dynamically added transition from wildcard16 to wildcard23
[DEBUG] Dynamically added transition from wildcard15 to wildcard23
[DEBUG] Dynamically added transition from wildcard14 to wildcard23
[DEBUG] Dynamically added transition from wildcard13 to wildcard23
[DEBUG] Dynamically added transition from wildcard12 to wildcard23
[DEBUG] Dynamically added transition from wildcard11 to wildcard23
[DEBUG] Dynamically added transition from wildcard10 to wildcard23
[DEBUG] Dynamically added transition from start to wildcard23
[DEBUG] Dynamically added transition from wildcard23 to wildcard23
[DEBUG] Dynamically added transition from wildcard23 to wildcard22
[DEBUG] Dynamically added transition from wildcard23 to wildcard1
[DEBUG] Dynamically added transition from wildcard23 to wildcard21
[DEBUG] Dynamically added transition from wildcard23 to wildcard0
[DEBUG] Dynamically added transition from wildcard23 to wildcard20
[DEBUG] Dynamically added transition from wildcard23 to INITIAL
[DEBUG] Dynamically added transition from wildcard23 to wildcard3
[DEBUG] Dynamically added transition from wildcard23 to wildcard2
[DEBUG] Dynamically added transition from wildcard23 to wildcard5
[DEBUG] Dynamically added transition from wildcard23 to wildcard4
[DEBUG] Dynamically added transition from wildcard23 to wildcard7
[DEBUG] Dynamically added transition from wildcard23 to wildcard6
[DEBUG] Dynamically added transition from wildcard23 to wildcard9
[DEBUG] Dynamically added transition from wildcard23 to wildcard8
[DEBUG] Dynamically added transition from wildcard23 to end
[DEBUG] Dynamically added transition from wildcard23 to wildcard19
[DEBUG] Dynamically added transition from wildcard23 to wildcard18
[DEBUG] Dynamically added transition from wildcard23 to wildcard17
[DEBUG] Dynamically added transition from wildcard23 to wildcard16
[DEBUG] Dynamically added transition from wildcard23 to wildcard15
[DEBUG] Dynamically added transition from wildcard23 to wildcard14
[DEBUG] Dynamically added transition from wildcard23 to middle
[DEBUG] Dynamically added transition from wildcard23 to wildcard13
[DEBUG] Dynamically added transition from wildcard23 to wildcard12
[DEBUG] Dynamically added transition from wildcard23 to wildcard11
[DEBUG] Dynamically added transition from wildcard23 to wildcard10
[DEBUG] Dynamically added transition from wildcard23 to start
[DEBUG] Dynamically added transition from wildcard23 to .*
[INFO] Wildcard transition valid to state: wildcard23
[INFO] Wildcard transition detected from wildcard23 to wildcard24
[DEBUG] Created intermediate state for wildcard transition: wildcard24
[DEBUG] Dynamically added transition from wildcard23 to wildcard24
[DEBUG] Dynamically added transition from wildcard22 to wildcard24
[DEBUG] Dynamically added transition from wildcard1 to wildcard24
[DEBUG] Dynamically added transition from wildcard21 to wildcard24
[DEBUG] Dynamically added transition from wildcard0 to wildcard24
[DEBUG] Dynamically added transition from wildcard20 to wildcard24
[DEBUG] Dynamically added transition from INITIAL to wildcard24
[DEBUG] Dynamically added transition from wildcard3 to wildcard24
[DEBUG] Dynamically added transition from wildcard2 to wildcard24
[DEBUG] Dynamically added transition from wildcard5 to wildcard24
[DEBUG] Dynamically added transition from wildcard4 to wildcard24
[DEBUG] Dynamically added transition from wildcard7 to wildcard24
[DEBUG] Dynamically added transition from wildcard6 to wildcard24
[DEBUG] Dynamically added transition from wildcard9 to wildcard24
[DEBUG] Dynamically added transition from wildcard8 to wildcard24
[DEBUG] Dynamically added transition from wildcard19 to wildcard24
[DEBUG] Dynamically added transition from wildcard18 to wildcard24
[DEBUG] Dynamically added transition from wildcard17 to wildcard24
[DEBUG] Dynamically added transition from wildcard16 to wildcard24
[DEBUG] Dynamically added transition from wildcard15 to wildcard24
[DEBUG] Dynamically added transition from wildcard14 to wildcard24
[DEBUG] Dynamically added transition from wildcard13 to wildcard24
[DEBUG] Dynamically added transition from wildcard12 to wildcard24
[DEBUG] Dynamically added transition from wildcard11 to wildcard24
[DEBUG] Dynamically added transition from wildcard10 to wildcard24
[DEBUG] Dynamically added transition from start to wildcard24
[DEBUG] Dynamically added transition from wildcard24 to wildcard24
[DEBUG] Dynamically added transition from wildcard24 to wildcard23
[DEBUG] Dynamically added transition from wildcard24 to wildcard22
[DEBUG] Dynamically added transition from wildcard24 to wildcard1
[DEBUG] Dynamically added transition from wildcard24 to wildcard21
[DEBUG] Dynamically added transition from wildcard24 to wildcard0
[DEBUG] Dynamically added transition from wildcard24 to wildcard20
[DEBUG] Dynamically added transition from wildcard24 to INITIAL
[DEBUG] Dynamically added transition from wildcard24 to wildcard3
[DEBUG] Dynamically added transition from wildcard24 to wildcard2
[DEBUG] Dynamically added transition from wildcard24 to wildcard5
[DEBUG] Dynamically added transition from wildcard24 to wildcard4
[DEBUG] Dynamically added transition from wildcard24 to wildcard7
[DEBUG] Dynamically added transition from wildcard24 to wildcard6
[DEBUG] Dynamically added transition from wildcard24 to wildcard9
[DEBUG] Dynamically added transition from wildcard24 to wildcard8
[DEBUG] Dynamically added transition from wildcard24 to end
[DEBUG] Dynamically added transition from wildcard24 to wildcard19
[DEBUG] Dynamically added transition from wildcard24 to wildcard18
[DEBUG] Dynamically added transition from wildcard24 to wildcard17
[DEBUG] Dynamically added transition from wildcard24 to wildcard16
[DEBUG] Dynamically added transition from wildcard24 to wildcard15
[DEBUG] Dynamically added transition from wildcard24 to wildcard14
[DEBUG] Dynamically added transition from wildcard24 to middle
[DEBUG] Dynamically added transition from wildcard24 to wildcard13
[DEBUG] Dynamically added transition from wildcard24 to wildcard12
[DEBUG] Dynamically added transition from wildcard24 to wildcard11
[DEBUG] Dynamically added transition from wildcard24 to wildcard10
[DEBUG] Dynamically added transition from wildcard24 to start
[DEBUG] Dynamically added transition from wildcard24 to .*
[INFO] Wildcard transition valid to state: wildcard24
[INFO] Wildcard transition detected from wildcard24 to wildcard25
[DEBUG] Created intermediate state for wildcard transition: wildcard25
[DEBUG] Dynamically added transition from wildcard24 to wildcard25
[DEBUG] Dynamically added transition from wildcard23 to wildcard25
[DEBUG] Dynamically added transition from wildcard22 to wildcard25
[DEBUG] Dynamically added transition from wildcard1 to wildcard25
[DEBUG] Dynamically added transition from wildcard21 to wildcard25
[DEBUG] Dynamically added transition from wildcard0 to wildcard25
[DEBUG] Dynamically added transition from wildcard20 to wildcard25
[DEBUG] Dynamically added transition from INITIAL to wildcard25
[DEBUG] Dynamically added transition from wildcard3 to wildcard25
[DEBUG] Dynamically added transition from wildcard2 to wildcard25
[DEBUG] Dynamically added transition from wildcard5 to wildcard25
[DEBUG] Dynamically added transition from wildcard4 to wildcard25
[DEBUG] Dynamically added transition from wildcard7 to wildcard25
[DEBUG] Dynamically added transition from wildcard6 to wildcard25
[DEBUG] Dynamically added transition from wildcard9 to wildcard25
[DEBUG] Dynamically added transition from wildcard8 to wildcard25
[DEBUG] Dynamically added transition from wildcard19 to wildcard25
[DEBUG] Dynamically added transition from wildcard18 to wildcard25
[DEBUG] Dynamically added transition from wildcard17 to wildcard25
[DEBUG] Dynamically added transition from wildcard16 to wildcard25
[DEBUG] Dynamically added transition from wildcard15 to wildcard25
[DEBUG] Dynamically added transition from wildcard14 to wildcard25
[DEBUG] Dynamically added transition from wildcard13 to wildcard25
[DEBUG] Dynamically added transition from wildcard12 to wildcard25
[DEBUG] Dynamically added transition from wildcard11 to wildcard25
[DEBUG] Dynamically added transition from wildcard10 to wildcard25
[DEBUG] Dynamically added transition from start to wildcard25
[DEBUG] Dynamically added transition from wildcard25 to wildcard25
[DEBUG] Dynamically added transition from wildcard25 to wildcard24
[DEBUG] Dynamically added transition from wildcard25 to wildcard23
[DEBUG] Dynamically added transition from wildcard25 to wildcard22
[DEBUG] Dynamically added transition from wildcard25 to wildcard1
[DEBUG] Dynamically added transition from wildcard25 to wildcard21
[DEBUG] Dynamically added transition from wildcard25 to wildcard0
[DEBUG] Dynamically added transition from wildcard25 to wildcard20
[DEBUG] Dynamically added transition from wildcard25 to INITIAL
[DEBUG] Dynamically added transition from wildcard25 to wildcard3
[DEBUG] Dynamically added transition from wildcard25 to wildcard2
[DEBUG] Dynamically added transition from wildcard25 to wildcard5
[DEBUG] Dynamically added transition from wildcard25 to wildcard4
[DEBUG] Dynamically added transition from wildcard25 to wildcard7
[DEBUG] Dynamically added transition from wildcard25 to wildcard6
[DEBUG] Dynamically added transition from wildcard25 to wildcard9
[DEBUG] Dynamically added transition from wildcard25 to wildcard8
[DEBUG] Dynamically added transition from wildcard25 to end
[DEBUG] Dynamically added transition from wildcard25 to wildcard19
[DEBUG] Dynamically added transition from wildcard25 to wildcard18
[DEBUG] Dynamically added transition from wildcard25 to wildcard17
[DEBUG] Dynamically added transition from wildcard25 to wildcard16
[DEBUG] Dynamically added transition from wildcard25 to wildcard15
[DEBUG] Dynamically added transition from wildcard25 to wildcard14
[DEBUG] Dynamically added transition from wildcard25 to middle
[DEBUG] Dynamically added transition from wildcard25 to wildcard13
[DEBUG] Dynamically added transition from wildcard25 to wildcard12
[DEBUG] Dynamically added transition from wildcard25 to wildcard11
[DEBUG] Dynamically added transition from wildcard25 to wildcard10
[DEBUG] Dynamically added transition from wildcard25 to start
[DEBUG] Dynamically added transition from wildcard25 to .*
[INFO] Wildcard transition valid to state: wildcard25
[INFO] Wildcard transition detected from wildcard25 to wildcard26
[DEBUG] Created intermediate state for wildcard transition: wildcard26
[DEBUG] Dynamically added transition from wildcard25 to wildcard26
[DEBUG] Dynamically added transition from wildcard24 to wildcard26
[DEBUG] Dynamically added transition from wildcard23 to wildcard26
[DEBUG] Dynamically added transition from wildcard22 to wildcard26
[DEBUG] Dynamically added transition from wildcard1 to wildcard26
[DEBUG] Dynamically added transition from wildcard21 to wildcard26
[DEBUG] Dynamically added transition from wildcard0 to wildcard26
[DEBUG] Dynamically added transition from wildcard20 to wildcard26
[DEBUG] Dynamically added transition from INITIAL to wildcard26
[DEBUG] Dynamically added transition from wildcard3 to wildcard26
[DEBUG] Dynamically added transition from wildcard2 to wildcard26
[DEBUG] Dynamically added transition from wildcard5 to wildcard26
[DEBUG] Dynamically added transition from wildcard4 to wildcard26
[DEBUG] Dynamically added transition from wildcard7 to wildcard26
[DEBUG] Dynamically added transition from wildcard6 to wildcard26
[DEBUG] Dynamically added transition from wildcard9 to wildcard26
[DEBUG] Dynamically added transition from wildcard8 to wildcard26
[DEBUG] Dynamically added transition from wildcard19 to wildcard26
[DEBUG] Dynamically added transition from wildcard18 to wildcard26
[DEBUG] Dynamically added transition from wildcard17 to wildcard26
[DEBUG] Dynamically added transition from wildcard16 to wildcard26
[DEBUG] Dynamically added transition from wildcard15 to wildcard26
[DEBUG] Dynamically added transition from wildcard14 to wildcard26
[DEBUG] Dynamically added transition from wildcard13 to wildcard26
[DEBUG] Dynamically added transition from wildcard12 to wildcard26
[DEBUG] Dynamically added transition from wildcard11 to wildcard26
[DEBUG] Dynamically added transition from wildcard10 to wildcard26
[DEBUG] Dynamically added transition from start to wildcard26
[DEBUG] Dynamically added transition from wildcard26 to wildcard26
[DEBUG] Dynamically added transition from wildcard26 to wildcard25
[DEBUG] Dynamically added transition from wildcard26 to wildcard24
[DEBUG] Dynamically added transition from wildcard26 to wildcard23
[DEBUG] Dynamically added transition from wildcard26 to wildcard22
[DEBUG] Dynamically added transition from wildcard26 to wildcard1
[DEBUG] Dynamically added transition from wildcard26 to wildcard21
[DEBUG] Dynamically added transition from wildcard26 to wildcard0
[DEBUG] Dynamically added transition from wildcard26 to wildcard20
[DEBUG] Dynamically added transition from wildcard26 to INITIAL
[DEBUG] Dynamically added transition from wildcard26 to wildcard3
[DEBUG] Dynamically added transition from wildcard26 to wildcard2
[DEBUG] Dynamically added transition from wildcard26 to wildcard5
[DEBUG] Dynamically added transition from wildcard26 to wildcard4
[DEBUG] Dynamically added transition from wildcard26 to wildcard7
[DEBUG] Dynamically added transition from wildcard26 to wildcard6
[DEBUG] Dynamically added transition from wildcard26 to wildcard9
[DEBUG] Dynamically added transition from wildcard26 to wildcard8
[DEBUG] Dynamically added transition from wildcard26 to end
[DEBUG] Dynamically added transition from wildcard26 to wildcard19
[DEBUG] Dynamically added transition from wildcard26 to wildcard18
[DEBUG] Dynamically added transition from wildcard26 to wildcard17
[DEBUG] Dynamically added transition from wildcard26 to wildcard16
[DEBUG] Dynamically added transition from wildcard26 to wildcard15
[DEBUG] Dynamically added transition from wildcard26 to wildcard14
[DEBUG] Dynamically added transition from wildcard26 to middle
[DEBUG] Dynamically added transition from wildcard26 to wildcard13
[DEBUG] Dynamically added transition from wildcard26 to wildcard12
[DEBUG] Dynamically added transition from wildcard26 to wildcard11
[DEBUG] Dynamically added transition from wildcard26 to wildcard10
[DEBUG] Dynamically added transition from wildcard26 to start
[DEBUG] Dynamically added transition from wildcard26 to .*
[INFO] Wildcard transition valid to state: wildcard26
[INFO] Wildcard transition detected from wildcard26 to wildcard27
[DEBUG] Created intermediate state for wildcard transition: wildcard27
[DEBUG] Dynamically added transition from wildcard26 to wildcard27
[DEBUG] Dynamically added transition from wildcard25 to wildcard27
[DEBUG] Dynamically added transition from wildcard24 to wildcard27
[DEBUG] Dynamically added transition from wildcard23 to wildcard27
[DEBUG] Dynamically added transition from wildcard22 to wildcard27
[DEBUG] Dynamically added transition from wildcard1 to wildcard27
[DEBUG] Dynamically added transition from wildcard21 to wildcard27
[DEBUG] Dynamically added transition from wildcard0 to wildcard27
[DEBUG] Dynamically added transition from wildcard20 to wildcard27
[DEBUG] Dynamically added transition from INITIAL to wildcard27
[DEBUG] Dynamically added transition from wildcard3 to wildcard27
[DEBUG] Dynamically added transition from wildcard2 to wildcard27
[DEBUG] Dynamically added transition from wildcard5 to wildcard27
[DEBUG] Dynamically added transition from wildcard4 to wildcard27
[DEBUG] Dynamically added transition from wildcard7 to wildcard27
[DEBUG] Dynamically added transition from wildcard6 to wildcard27
[DEBUG] Dynamically added transition from wildcard9 to wildcard27
[DEBUG] Dynamically added transition from wildcard8 to wildcard27
[DEBUG] Dynamically added transition from wildcard19 to wildcard27
[DEBUG] Dynamically added transition from wildcard18 to wildcard27
[DEBUG] Dynamically added transition from wildcard17 to wildcard27
[DEBUG] Dynamically added transition from wildcard16 to wildcard27
[DEBUG] Dynamically added transition from wildcard15 to wildcard27
[DEBUG] Dynamically added transition from wildcard14 to wildcard27
[DEBUG] Dynamically added transition from wildcard13 to wildcard27
[DEBUG] Dynamically added transition from wildcard12 to wildcard27
[DEBUG] Dynamically added transition from wildcard11 to wildcard27
[DEBUG] Dynamically added transition from wildcard10 to wildcard27
[DEBUG] Dynamically added transition from start to wildcard27
[DEBUG] Dynamically added transition from wildcard27 to wildcard27
[DEBUG] Dynamically added transition from wildcard27 to wildcard26
[DEBUG] Dynamically added transition from wildcard27 to wildcard25
[DEBUG] Dynamically added transition from wildcard27 to wildcard24
[DEBUG] Dynamically added transition from wildcard27 to wildcard23
[DEBUG] Dynamically added transition from wildcard27 to wildcard22
[DEBUG] Dynamically added transition from wildcard27 to wildcard1
[DEBUG] Dynamically added transition from wildcard27 to wildcard21
[DEBUG] Dynamically added transition from wildcard27 to wildcard0
[DEBUG] Dynamically added transition from wildcard27 to wildcard20
[DEBUG] Dynamically added transition from wildcard27 to INITIAL
[DEBUG] Dynamically added transition from wildcard27 to wildcard3
[DEBUG] Dynamically added transition from wildcard27 to wildcard2
[DEBUG] Dynamically added transition from wildcard27 to wildcard5
[DEBUG] Dynamically added transition from wildcard27 to wildcard4
[DEBUG] Dynamically added transition from wildcard27 to wildcard7
[DEBUG] Dynamically added transition from wildcard27 to wildcard6
[DEBUG] Dynamically added transition from wildcard27 to wildcard9
[DEBUG] Dynamically added transition from wildcard27 to wildcard8
[DEBUG] Dynamically added transition from wildcard27 to end
[DEBUG] Dynamically added transition from wildcard27 to wildcard19
[DEBUG] Dynamically added transition from wildcard27 to wildcard18
[DEBUG] Dynamically added transition from wildcard27 to wildcard17
[DEBUG] Dynamically added transition from wildcard27 to wildcard16
[DEBUG] Dynamically added transition from wildcard27 to wildcard15
[DEBUG] Dynamically added transition from wildcard27 to wildcard14
[DEBUG] Dynamically added transition from wildcard27 to middle
[DEBUG] Dynamically added transition from wildcard27 to wildcard13
[DEBUG] Dynamically added transition from wildcard27 to wildcard12
[DEBUG] Dynamically added transition from wildcard27 to wildcard11
[DEBUG] Dynamically added transition from wildcard27 to wildcard10
[DEBUG] Dynamically added transition from wildcard27 to start
[DEBUG] Dynamically added transition from wildcard27 to .*
[INFO] Wildcard transition valid to state: wildcard27
[INFO] Wildcard transition detected from wildcard27 to wildcard28
[DEBUG] Created intermediate state for wildcard transition: wildcard28
[DEBUG] Dynamically added transition from wildcard27 to wildcard28
[DEBUG] Dynamically added transition from wildcard26 to wildcard28
[DEBUG] Dynamically added transition from wildcard25 to wildcard28
[DEBUG] Dynamically added transition from wildcard24 to wildcard28
[DEBUG] Dynamically added transition from wildcard23 to wildcard28
[DEBUG] Dynamically added transition from wildcard22 to wildcard28
[DEBUG] Dynamically added transition from wildcard1 to wildcard28
[DEBUG] Dynamically added transition from wildcard21 to wildcard28
[DEBUG] Dynamically added transition from wildcard0 to wildcard28
[DEBUG] Dynamically added transition from wildcard20 to wildcard28
[DEBUG] Dynamically added transition from INITIAL to wildcard28
[DEBUG] Dynamically added transition from wildcard3 to wildcard28
[DEBUG] Dynamically added transition from wildcard2 to wildcard28
[DEBUG] Dynamically added transition from wildcard5 to wildcard28
[DEBUG] Dynamically added transition from wildcard4 to wildcard28
[DEBUG] Dynamically added transition from wildcard7 to wildcard28
[DEBUG] Dynamically added transition from wildcard6 to wildcard28
[DEBUG] Dynamically added transition from wildcard9 to wildcard28
[DEBUG] Dynamically added transition from wildcard8 to wildcard28
[DEBUG] Dynamically added transition from wildcard19 to wildcard28
[DEBUG] Dynamically added transition from wildcard18 to wildcard28
[DEBUG] Dynamically added transition from wildcard17 to wildcard28
[DEBUG] Dynamically added transition from wildcard16 to wildcard28
[DEBUG] Dynamically added transition from wildcard15 to wildcard28
[DEBUG] Dynamically added transition from wildcard14 to wildcard28
[DEBUG] Dynamically added transition from wildcard13 to wildcard28
[DEBUG] Dynamically added transition from wildcard12 to wildcard28
[DEBUG] Dynamically added transition from wildcard11 to wildcard28
[DEBUG] Dynamically added transition from wildcard10 to wildcard28
[DEBUG] Dynamically added transition from start to wildcard28
[DEBUG] Dynamically added transition from wildcard28 to wildcard27
[DEBUG] Dynamically added transition from wildcard28 to wildcard26
[DEBUG] Dynamically added transition from wildcard28 to wildcard25
[DEBUG] Dynamically added transition from wildcard28 to wildcard24
[DEBUG] Dynamically added transition from wildcard28 to wildcard23
[DEBUG] Dynamically added transition from wildcard28 to wildcard22
[DEBUG] Dynamically added transition from wildcard28 to wildcard1
[DEBUG] Dynamically added transition from wildcard28 to wildcard21
[DEBUG] Dynamically added transition from wildcard28 to wildcard0
[DEBUG] Dynamically added transition from wildcard28 to wildcard20
[DEBUG] Dynamically added transition from wildcard28 to INITIAL
[DEBUG] Dynamically added transition from wildcard28 to wildcard3
[DEBUG] Dynamically added transition from wildcard28 to wildcard2
[DEBUG] Dynamically added transition from wildcard28 to wildcard5
[DEBUG] Dynamically added transition from wildcard28 to wildcard4
[DEBUG] Dynamically added transition from wildcard28 to wildcard7
[DEBUG] Dynamically added transition from wildcard28 to wildcard6
[DEBUG] Dynamically added transition from wildcard28 to wildcard9
[DEBUG] Dynamically added transition from wildcard28 to wildcard8
[DEBUG] Dynamically added transition from wildcard28 to end
[DEBUG] Dynamically added transition from wildcard28 to wildcard19
[DEBUG] Dynamically added transition from wildcard28 to wildcard18
[DEBUG] Dynamically added transition from wildcard28 to wildcard17
[DEBUG] Dynamically added transition from wildcard28 to wildcard16
[DEBUG] Dynamically added transition from wildcard28 to wildcard15
[DEBUG] Dynamically added transition from wildcard28 to wildcard14
[DEBUG] Dynamically added transition from wildcard28 to middle
[DEBUG] Dynamically added transition from wildcard28 to wildcard13
[DEBUG] Dynamically added transition from wildcard28 to wildcard12
[DEBUG] Dynamically added transition from wildcard28 to wildcard11
[DEBUG] Dynamically added transition from wildcard28 to wildcard10
[DEBUG] Dynamically added transition from wildcard28 to start
[DEBUG] Dynamically added transition from wildcard28 to .*
[DEBUG] Dynamically added transition from wildcard28 to wildcard28
[INFO] Wildcard transition valid to state: wildcard28
[INFO] Wildcard transition detected from wildcard28 to wildcard29
[DEBUG] Created intermediate state for wildcard transition: wildcard29
[DEBUG] Dynamically added transition from wildcard28 to wildcard29
[DEBUG] Dynamically added transition from wildcard27 to wildcard29
[DEBUG] Dynamically added transition from wildcard26 to wildcard29
[DEBUG] Dynamically added transition from wildcard25 to wildcard29
[DEBUG] Dynamically added transition from wildcard24 to wildcard29
[DEBUG] Dynamically added transition from wildcard23 to wildcard29
[DEBUG] Dynamically added transition from wildcard22 to wildcard29
[DEBUG] Dynamically added transition from wildcard1 to wildcard29
[DEBUG] Dynamically added transition from wildcard21 to wildcard29
[DEBUG] Dynamically added transition from wildcard0 to wildcard29
[DEBUG] Dynamically added transition from wildcard20 to wildcard29
[DEBUG] Dynamically added transition from INITIAL to wildcard29
[DEBUG] Dynamically added transition from wildcard3 to wildcard29
[DEBUG] Dynamically added transition from wildcard2 to wildcard29
[DEBUG] Dynamically added transition from wildcard5 to wildcard29
[DEBUG] Dynamically added transition from wildcard4 to wildcard29
[DEBUG] Dynamically added transition from wildcard7 to wildcard29
[DEBUG] Dynamically added transition from wildcard6 to wildcard29
[DEBUG] Dynamically added transition from wildcard9 to wildcard29
[DEBUG] Dynamically added transition from wildcard8 to wildcard29
[DEBUG] Dynamically added transition from wildcard19 to wildcard29
[DEBUG] Dynamically added transition from wildcard18 to wildcard29
[DEBUG] Dynamically added transition from wildcard17 to wildcard29
[DEBUG] Dynamically added transition from wildcard16 to wildcard29
[DEBUG] Dynamically added transition from wildcard15 to wildcard29
[DEBUG] Dynamically added transition from wildcard14 to wildcard29
[DEBUG] Dynamically added transition from wildcard13 to wildcard29
[DEBUG] Dynamically added transition from wildcard12 to wildcard29
[DEBUG] Dynamically added transition from wildcard11 to wildcard29
[DEBUG] Dynamically added transition from wildcard10 to wildcard29
[DEBUG] Dynamically added transition from start to wildcard29
[DEBUG] Dynamically added transition from wildcard29 to wildcard27
[DEBUG] Dynamically added transition from wildcard29 to wildcard26
[DEBUG] Dynamically added transition from wildcard29 to wildcard25
[DEBUG] Dynamically added transition from wildcard29 to wildcard24
[DEBUG] Dynamically added transition from wildcard29 to wildcard23
[DEBUG] Dynamically added transition from wildcard29 to wildcard22
[DEBUG] Dynamically added transition from wildcard29 to wildcard1
[DEBUG] Dynamically added transition from wildcard29 to wildcard21
[DEBUG] Dynamically added transition from wildcard29 to wildcard0
[DEBUG] Dynamically added transition from wildcard29 to wildcard20
[DEBUG] Dynamically added transition from wildcard29 to INITIAL
[DEBUG] Dynamically added transition from wildcard29 to wildcard3
[DEBUG] Dynamically added transition from wildcard29 to wildcard2
[DEBUG] Dynamically added transition from wildcard29 to wildcard5
[DEBUG] Dynamically added transition from wildcard29 to wildcard4
[DEBUG] Dynamically added transition from wildcard29 to wildcard7
[DEBUG] Dynamically added transition from wildcard29 to wildcard6
[DEBUG] Dynamically added transition from wildcard29 to wildcard9
[DEBUG] Dynamically added transition from wildcard29 to wildcard8
[DEBUG] Dynamically added transition from wildcard29 to end
[DEBUG] Dynamically added transition from wildcard29 to wildcard19
[DEBUG] Dynamically added transition from wildcard29 to wildcard18
[DEBUG] Dynamically added transition from wildcard29 to wildcard17
[DEBUG] Dynamically added transition from wildcard29 to wildcard16
[DEBUG] Dynamically added transition from wildcard29 to wildcard15
[DEBUG] Dynamically added transition from wildcard29 to wildcard14
[DEBUG] Dynamically added transition from wildcard29 to middle
[DEBUG] Dynamically added transition from wildcard29 to wildcard13
[DEBUG] Dynamically added transition from wildcard29 to wildcard12
[DEBUG] Dynamically added transition from wildcard29 to wildcard11
[DEBUG] Dynamically added transition from wildcard29 to wildcard10
[DEBUG] Dynamically added transition from wildcard29 to start
[DEBUG] Dynamically added transition from wildcard29 to .*
[DEBUG] Dynamically added transition from wildcard29 to wildcard29
[DEBUG] Dynamically added transition from wildcard29 to wildcard28
[INFO] Wildcard transition valid to state: wildcard29
[INFO] Wildcard transition detected from wildcard29 to wildcard30
[DEBUG] Created intermediate state for wildcard transition: wildcard30
[DEBUG] Dynamically added transition from wildcard29 to wildcard30
[DEBUG] Dynamically added transition from wildcard27 to wildcard30
[DEBUG] Dynamically added transition from wildcard26 to wildcard30
[DEBUG] Dynamically added transition from wildcard25 to wildcard30
[DEBUG] Dynamically added transition from wildcard24 to wildcard30
[DEBUG] Dynamically added transition from wildcard23 to wildcard30
[DEBUG] Dynamically added transition from wildcard22 to wildcard30
[DEBUG] Dynamically added transition from wildcard1 to wildcard30
[DEBUG] Dynamically added transition from wildcard21 to wildcard30
[DEBUG] Dynamically added transition from wildcard0 to wildcard30
[DEBUG] Dynamically added transition from wildcard20 to wildcard30
[DEBUG] Dynamically added transition from INITIAL to wildcard30
[DEBUG] Dynamically added transition from wildcard3 to wildcard30
[DEBUG] Dynamically added transition from wildcard2 to wildcard30
[DEBUG] Dynamically added transition from wildcard5 to wildcard30
[DEBUG] Dynamically added transition from wildcard4 to wildcard30
[DEBUG] Dynamically added transition from wildcard7 to wildcard30
[DEBUG] Dynamically added transition from wildcard6 to wildcard30
[DEBUG] Dynamically added transition from wildcard9 to wildcard30
[DEBUG] Dynamically added transition from wildcard8 to wildcard30
[DEBUG] Dynamically added transition from wildcard19 to wildcard30
[DEBUG] Dynamically added transition from wildcard18 to wildcard30
[DEBUG] Dynamically added transition from wildcard17 to wildcard30
[DEBUG] Dynamically added transition from wildcard16 to wildcard30
[DEBUG] Dynamically added transition from wildcard15 to wildcard30
[DEBUG] Dynamically added transition from wildcard14 to wildcard30
[DEBUG] Dynamically added transition from wildcard13 to wildcard30
[DEBUG] Dynamically added transition from wildcard12 to wildcard30
[DEBUG] Dynamically added transition from wildcard11 to wildcard30
[DEBUG] Dynamically added transition from wildcard10 to wildcard30
[DEBUG] Dynamically added transition from start to wildcard30
[DEBUG] Dynamically added transition from wildcard28 to wildcard30
[DEBUG] Dynamically added transition from wildcard30 to wildcard27
[DEBUG] Dynamically added transition from wildcard30 to wildcard26
[DEBUG] Dynamically added transition from wildcard30 to wildcard25
[DEBUG] Dynamically added transition from wildcard30 to wildcard24
[DEBUG] Dynamically added transition from wildcard30 to wildcard23
[DEBUG] Dynamically added transition from wildcard30 to wildcard22
[DEBUG] Dynamically added transition from wildcard30 to wildcard1
[DEBUG] Dynamically added transition from wildcard30 to wildcard21
[DEBUG] Dynamically added transition from wildcard30 to wildcard0
[DEBUG] Dynamically added transition from wildcard30 to wildcard20
[DEBUG] Dynamically added transition from wildcard30 to INITIAL
[DEBUG] Dynamically added transition from wildcard30 to wildcard3
[DEBUG] Dynamically added transition from wildcard30 to wildcard2
[DEBUG] Dynamically added transition from wildcard30 to wildcard5
[DEBUG] Dynamically added transition from wildcard30 to wildcard4
[DEBUG] Dynamically added transition from wildcard30 to wildcard7
[DEBUG] Dynamically added transition from wildcard30 to wildcard6
[DEBUG] Dynamically added transition from wildcard30 to wildcard9
[DEBUG] Dynamically added transition from wildcard30 to wildcard8
[DEBUG] Dynamically added transition from wildcard30 to end
[DEBUG] Dynamically added transition from wildcard30 to wildcard19
[DEBUG] Dynamically added transition from wildcard30 to wildcard18
[DEBUG] Dynamically added transition from wildcard30 to wildcard17
[DEBUG] Dynamically added transition from wildcard30 to wildcard16
[DEBUG] Dynamically added transition from wildcard30 to wildcard15
[DEBUG] Dynamically added transition from wildcard30 to wildcard14
[DEBUG] Dynamically added transition from wildcard30 to middle
[DEBUG] Dynamically added transition from wildcard30 to wildcard13
[DEBUG] Dynamically added transition from wildcard30 to wildcard12
[DEBUG] Dynamically added transition from wildcard30 to wildcard11
[DEBUG] Dynamically added transition from wildcard30 to wildcard10
[DEBUG] Dynamically added transition from wildcard30 to start
[DEBUG] Dynamically added transition from wildcard30 to wildcard30
[DEBUG] Dynamically added transition from wildcard30 to .*
[DEBUG] Dynamically added transition from wildcard30 to wildcard29
[DEBUG] Dynamically added transition from wildcard30 to wildcard28
[INFO] Wildcard transition valid to state: wildcard30
[INFO] Wildcard transition detected from wildcard30 to wildcard31
[DEBUG] Created intermediate state for wildcard transition: wildcard31
[DEBUG] Dynamically added transition from wildcard30 to wildcard31
[DEBUG] Dynamically added transition from wildcard27 to wildcard31
[DEBUG] Dynamically added transition from wildcard26 to wildcard31
[DEBUG] Dynamically added transition from wildcard25 to wildcard31
[DEBUG] Dynamically added transition from wildcard24 to wildcard31
[DEBUG] Dynamically added transition from wildcard23 to wildcard31
[DEBUG] Dynamically added transition from wildcard22 to wildcard31
[DEBUG] Dynamically added transition from wildcard1 to wildcard31
[DEBUG] Dynamically added transition from wildcard21 to wildcard31
[DEBUG] Dynamically added transition from wildcard0 to wildcard31
[DEBUG] Dynamically added transition from wildcard20 to wildcard31
[DEBUG] Dynamically added transition from INITIAL to wildcard31
[DEBUG] Dynamically added transition from wildcard3 to wildcard31
[DEBUG] Dynamically added transition from wildcard2 to wildcard31
[DEBUG] Dynamically added transition from wildcard5 to wildcard31
[DEBUG] Dynamically added transition from wildcard4 to wildcard31
[DEBUG] Dynamically added transition from wildcard7 to wildcard31
[DEBUG] Dynamically added transition from wildcard6 to wildcard31
[DEBUG] Dynamically added transition from wildcard9 to wildcard31
[DEBUG] Dynamically added transition from wildcard8 to wildcard31
[DEBUG] Dynamically added transition from wildcard19 to wildcard31
[DEBUG] Dynamically added transition from wildcard18 to wildcard31
[DEBUG] Dynamically added transition from wildcard17 to wildcard31
[DEBUG] Dynamically added transition from wildcard16 to wildcard31
[DEBUG] Dynamically added transition from wildcard15 to wildcard31
[DEBUG] Dynamically added transition from wildcard14 to wildcard31
[DEBUG] Dynamically added transition from wildcard13 to wildcard31
[DEBUG] Dynamically added transition from wildcard12 to wildcard31
[DEBUG] Dynamically added transition from wildcard11 to wildcard31
[DEBUG] Dynamically added transition from wildcard10 to wildcard31
[DEBUG] Dynamically added transition from start to wildcard31
[DEBUG] Dynamically added transition from wildcard29 to wildcard31
[DEBUG] Dynamically added transition from wildcard28 to wildcard31
[DEBUG] Dynamically added transition from wildcard31 to wildcard27
[DEBUG] Dynamically added transition from wildcard31 to wildcard26
[DEBUG] Dynamically added transition from wildcard31 to wildcard25
[DEBUG] Dynamically added transition from wildcard31 to wildcard24
[DEBUG] Dynamically added transition from wildcard31 to wildcard23
[DEBUG] Dynamically added transition from wildcard31 to wildcard22
[DEBUG] Dynamically added transition from wildcard31 to wildcard1
[DEBUG] Dynamically added transition from wildcard31 to wildcard21
[DEBUG] Dynamically added transition from wildcard31 to wildcard0
[DEBUG] Dynamically added transition from wildcard31 to wildcard20
[DEBUG] Dynamically added transition from wildcard31 to INITIAL
[DEBUG] Dynamically added transition from wildcard31 to wildcard3
[DEBUG] Dynamically added transition from wildcard31 to wildcard2
[DEBUG] Dynamically added transition from wildcard31 to wildcard5
[DEBUG] Dynamically added transition from wildcard31 to wildcard4
[DEBUG] Dynamically added transition from wildcard31 to wildcard7
[DEBUG] Dynamically added transition from wildcard31 to wildcard6
[DEBUG] Dynamically added transition from wildcard31 to wildcard9
[DEBUG] Dynamically added transition from wildcard31 to wildcard8
[DEBUG] Dynamically added transition from wildcard31 to end
[DEBUG] Dynamically added transition from wildcard31 to wildcard19
[DEBUG] Dynamically added transition from wildcard31 to wildcard18
[DEBUG] Dynamically added transition from wildcard31 to wildcard17
[DEBUG] Dynamically added transition from wildcard31 to wildcard16
[DEBUG] Dynamically added transition from wildcard31 to wildcard15
[DEBUG] Dynamically added transition from wildcard31 to wildcard14
[DEBUG] Dynamically added transition from wildcard31 to middle
[DEBUG] Dynamically added transition from wildcard31 to wildcard13
[DEBUG] Dynamically added transition from wildcard31 to wildcard12
[DEBUG] Dynamically added transition from wildcard31 to wildcard11
[DEBUG] Dynamically added transition from wildcard31 to wildcard10
[DEBUG] Dynamically added transition from wildcard31 to wildcard31
[DEBUG] Dynamically added transition from wildcard31 to start
[DEBUG] Dynamically added transition from wildcard31 to wildcard30
[DEBUG] Dynamically added transition from wildcard31 to .*
[DEBUG] Dynamically added transition from wildcard31 to wildcard29
[DEBUG] Dynamically added transition from wildcard31 to wildcard28
[INFO] Wildcard transition valid to state: wildcard31
[INFO] Wildcard transition detected from wildcard31 to wildcard32
[DEBUG] Created intermediate state for wildcard transition: wildcard32
[DEBUG] Dynamically added transition from wildcard31 to wildcard32
[DEBUG] Dynamically added transition from wildcard27 to wildcard32
[DEBUG] Dynamically added transition from wildcard26 to wildcard32
[DEBUG] Dynamically added transition from wildcard25 to wildcard32
[DEBUG] Dynamically added transition from wildcard24 to wildcard32
[DEBUG] Dynamically added transition from wildcard23 to wildcard32
[DEBUG] Dynamically added transition from wildcard22 to wildcard32
[DEBUG] Dynamically added transition from wildcard1 to wildcard32
[DEBUG] Dynamically added transition from wildcard21 to wildcard32
[DEBUG] Dynamically added transition from wildcard0 to wildcard32
[DEBUG] Dynamically added transition from wildcard20 to wildcard32
[DEBUG] Dynamically added transition from INITIAL to wildcard32
[DEBUG] Dynamically added transition from wildcard3 to wildcard32
[DEBUG] Dynamically added transition from wildcard2 to wildcard32
[DEBUG] Dynamically added transition from wildcard5 to wildcard32
[DEBUG] Dynamically added transition from wildcard4 to wildcard32
[DEBUG] Dynamically added transition from wildcard7 to wildcard32
[DEBUG] Dynamically added transition from wildcard6 to wildcard32
[DEBUG] Dynamically added transition from wildcard9 to wildcard32
[DEBUG] Dynamically added transition from wildcard8 to wildcard32
[DEBUG] Dynamically added transition from wildcard19 to wildcard32
[DEBUG] Dynamically added transition from wildcard18 to wildcard32
[DEBUG] Dynamically added transition from wildcard17 to wildcard32
[DEBUG] Dynamically added transition from wildcard16 to wildcard32
[DEBUG] Dynamically added transition from wildcard15 to wildcard32
[DEBUG] Dynamically added transition from wildcard14 to wildcard32
[DEBUG] Dynamically added transition from wildcard13 to wildcard32
[DEBUG] Dynamically added transition from wildcard12 to wildcard32
[DEBUG] Dynamically added transition from wildcard11 to wildcard32
[DEBUG] Dynamically added transition from wildcard10 to wildcard32
[DEBUG] Dynamically added transition from start to wildcard32
[DEBUG] Dynamically added transition from wildcard30 to wildcard32
[DEBUG] Dynamically added transition from wildcard29 to wildcard32
[DEBUG] Dynamically added transition from wildcard28 to wildcard32
[DEBUG] Dynamically added transition from wildcard32 to wildcard27
[DEBUG] Dynamically added transition from wildcard32 to wildcard26
[DEBUG] Dynamically added transition from wildcard32 to wildcard25
[DEBUG] Dynamically added transition from wildcard32 to wildcard24
[DEBUG] Dynamically added transition from wildcard32 to wildcard23
[DEBUG] Dynamically added transition from wildcard32 to wildcard22
[DEBUG] Dynamically added transition from wildcard32 to wildcard1
[DEBUG] Dynamically added transition from wildcard32 to wildcard21
[DEBUG] Dynamically added transition from wildcard32 to wildcard0
[DEBUG] Dynamically added transition from wildcard32 to wildcard20
[DEBUG] Dynamically added transition from wildcard32 to INITIAL
[DEBUG] Dynamically added transition from wildcard32 to wildcard3
[DEBUG] Dynamically added transition from wildcard32 to wildcard2
[DEBUG] Dynamically added transition from wildcard32 to wildcard5
[DEBUG] Dynamically added transition from wildcard32 to wildcard4
[DEBUG] Dynamically added transition from wildcard32 to wildcard7
[DEBUG] Dynamically added transition from wildcard32 to wildcard6
[DEBUG] Dynamically added transition from wildcard32 to wildcard9
[DEBUG] Dynamically added transition from wildcard32 to wildcard8
[DEBUG] Dynamically added transition from wildcard32 to end
[DEBUG] Dynamically added transition from wildcard32 to wildcard19
[DEBUG] Dynamically added transition from wildcard32 to wildcard18
[DEBUG] Dynamically added transition from wildcard32 to wildcard17
[DEBUG] Dynamically added transition from wildcard32 to wildcard16
[DEBUG] Dynamically added transition from wildcard32 to wildcard15
[DEBUG] Dynamically added transition from wildcard32 to wildcard14
[DEBUG] Dynamically added transition from wildcard32 to middle
[DEBUG] Dynamically added transition from wildcard32 to wildcard13
[DEBUG] Dynamically added transition from wildcard32 to wildcard12
[DEBUG] Dynamically added transition from wildcard32 to wildcard11
[DEBUG] Dynamically added transition from wildcard32 to wildcard10
[DEBUG] Dynamically added transition from wildcard32 to wildcard32
[DEBUG] Dynamically added transition from wildcard32 to wildcard31
[DEBUG] Dynamically added transition from wildcard32 to start
[DEBUG] Dynamically added transition from wildcard32 to wildcard30
[DEBUG] Dynamically added transition from wildcard32 to .*
[DEBUG] Dynamically added transition from wildcard32 to wildcard29
[DEBUG] Dynamically added transition from wildcard32 to wildcard28
[INFO] Wildcard transition valid to state: wildcard32
[INFO] Wildcard transition detected from wildcard32 to wildcard33
[DEBUG] Created intermediate state for wildcard transition: wildcard33
[DEBUG] Dynamically added transition from wildcard32 to wildcard33
[DEBUG] Dynamically added transition from wildcard27 to wildcard33
[DEBUG] Dynamically added transition from wildcard26 to wildcard33
[DEBUG] Dynamically added transition from wildcard25 to wildcard33
[DEBUG] Dynamically added transition from wildcard24 to wildcard33
[DEBUG] Dynamically added transition from wildcard23 to wildcard33
[DEBUG] Dynamically added transition from wildcard22 to wildcard33
[DEBUG] Dynamically added transition from wildcard1 to wildcard33
[DEBUG] Dynamically added transition from wildcard21 to wildcard33
[DEBUG] Dynamically added transition from wildcard0 to wildcard33
[DEBUG] Dynamically added transition from wildcard20 to wildcard33
[DEBUG] Dynamically added transition from INITIAL to wildcard33
[DEBUG] Dynamically added transition from wildcard3 to wildcard33
[DEBUG] Dynamically added transition from wildcard2 to wildcard33
[DEBUG] Dynamically added transition from wildcard5 to wildcard33
[DEBUG] Dynamically added transition from wildcard4 to wildcard33
[DEBUG] Dynamically added transition from wildcard7 to wildcard33
[DEBUG] Dynamically added transition from wildcard6 to wildcard33
[DEBUG] Dynamically added transition from wildcard9 to wildcard33
[DEBUG] Dynamically added transition from wildcard8 to wildcard33
[DEBUG] Dynamically added transition from wildcard19 to wildcard33
[DEBUG] Dynamically added transition from wildcard18 to wildcard33
[DEBUG] Dynamically added transition from wildcard17 to wildcard33
[DEBUG] Dynamically added transition from wildcard16 to wildcard33
[DEBUG] Dynamically added transition from wildcard15 to wildcard33
[DEBUG] Dynamically added transition from wildcard14 to wildcard33
[DEBUG] Dynamically added transition from wildcard13 to wildcard33
[DEBUG] Dynamically added transition from wildcard12 to wildcard33
[DEBUG] Dynamically added transition from wildcard11 to wildcard33
[DEBUG] Dynamically added transition from wildcard10 to wildcard33
[DEBUG] Dynamically added transition from wildcard31 to wildcard33
[DEBUG] Dynamically added transition from start to wildcard33
[DEBUG] Dynamically added transition from wildcard30 to wildcard33
[DEBUG] Dynamically added transition from wildcard29 to wildcard33
[DEBUG] Dynamically added transition from wildcard28 to wildcard33
[DEBUG] Dynamically added transition from wildcard33 to wildcard27
[DEBUG] Dynamically added transition from wildcard33 to wildcard26
[DEBUG] Dynamically added transition from wildcard33 to wildcard25
[DEBUG] Dynamically added transition from wildcard33 to wildcard24
[DEBUG] Dynamically added transition from wildcard33 to wildcard23
[DEBUG] Dynamically added transition from wildcard33 to wildcard22
[DEBUG] Dynamically added transition from wildcard33 to wildcard1
[DEBUG] Dynamically added transition from wildcard33 to wildcard21
[DEBUG] Dynamically added transition from wildcard33 to wildcard0
[DEBUG] Dynamically added transition from wildcard33 to wildcard20
[DEBUG] Dynamically added transition from wildcard33 to INITIAL
[DEBUG] Dynamically added transition from wildcard33 to wildcard3
[DEBUG] Dynamically added transition from wildcard33 to wildcard2
[DEBUG] Dynamically added transition from wildcard33 to wildcard5
[DEBUG] Dynamically added transition from wildcard33 to wildcard4
[DEBUG] Dynamically added transition from wildcard33 to wildcard7
[DEBUG] Dynamically added transition from wildcard33 to wildcard6
[DEBUG] Dynamically added transition from wildcard33 to wildcard9
[DEBUG] Dynamically added transition from wildcard33 to wildcard8
[DEBUG] Dynamically added transition from wildcard33 to end
[DEBUG] Dynamically added transition from wildcard33 to wildcard19
[DEBUG] Dynamically added transition from wildcard33 to wildcard18
[DEBUG] Dynamically added transition from wildcard33 to wildcard17
[DEBUG] Dynamically added transition from wildcard33 to wildcard16
[DEBUG] Dynamically added transition from wildcard33 to wildcard15
[DEBUG] Dynamically added transition from wildcard33 to wildcard14
[DEBUG] Dynamically added transition from wildcard33 to middle
[DEBUG] Dynamically added transition from wildcard33 to wildcard13
[DEBUG] Dynamically added transition from wildcard33 to wildcard12
[DEBUG] Dynamically added transition from wildcard33 to wildcard11
[DEBUG] Dynamically added transition from wildcard33 to wildcard33
[DEBUG] Dynamically added transition from wildcard33 to wildcard10
[DEBUG] Dynamically added transition from wildcard33 to wildcard32
[DEBUG] Dynamically added transition from wildcard33 to wildcard31
[DEBUG] Dynamically added transition from wildcard33 to start
[DEBUG] Dynamically added transition from wildcard33 to wildcard30
[DEBUG] Dynamically added transition from wildcard33 to .*
[DEBUG] Dynamically added transition from wildcard33 to wildcard29
[DEBUG] Dynamically added transition from wildcard33 to wildcard28
[INFO] Wildcard transition valid to state: wildcard33
[INFO] Wildcard transition detected from wildcard33 to wildcard34
[DEBUG] Created intermediate state for wildcard transition: wildcard34
[DEBUG] Dynamically added transition from wildcard33 to wildcard34
[DEBUG] Dynamically added transition from wildcard27 to wildcard34
[DEBUG] Dynamically added transition from wildcard26 to wildcard34
[DEBUG] Dynamically added transition from wildcard25 to wildcard34
[DEBUG] Dynamically added transition from wildcard24 to wildcard34
[DEBUG] Dynamically added transition from wildcard23 to wildcard34
[DEBUG] Dynamically added transition from wildcard22 to wildcard34
[DEBUG] Dynamically added transition from wildcard1 to wildcard34
[DEBUG] Dynamically added transition from wildcard21 to wildcard34
[DEBUG] Dynamically added transition from wildcard0 to wildcard34
[DEBUG] Dynamically added transition from wildcard20 to wildcard34
[DEBUG] Dynamically added transition from INITIAL to wildcard34
[DEBUG] Dynamically added transition from wildcard3 to wildcard34
[DEBUG] Dynamically added transition from wildcard2 to wildcard34
[DEBUG] Dynamically added transition from wildcard5 to wildcard34
[DEBUG] Dynamically added transition from wildcard4 to wildcard34
[DEBUG] Dynamically added transition from wildcard7 to wildcard34
[DEBUG] Dynamically added transition from wildcard6 to wildcard34
[DEBUG] Dynamically added transition from wildcard9 to wildcard34
[DEBUG] Dynamically added transition from wildcard8 to wildcard34
[DEBUG] Dynamically added transition from wildcard19 to wildcard34
[DEBUG] Dynamically added transition from wildcard18 to wildcard34
[DEBUG] Dynamically added transition from wildcard17 to wildcard34
[DEBUG] Dynamically added transition from wildcard16 to wildcard34
[DEBUG] Dynamically added transition from wildcard15 to wildcard34
[DEBUG] Dynamically added transition from wildcard14 to wildcard34
[DEBUG] Dynamically added transition from wildcard13 to wildcard34
[DEBUG] Dynamically added transition from wildcard12 to wildcard34
[DEBUG] Dynamically added transition from wildcard11 to wildcard34
[DEBUG] Dynamically added transition from wildcard10 to wildcard34
[DEBUG] Dynamically added transition from wildcard32 to wildcard34
[DEBUG] Dynamically added transition from wildcard31 to wildcard34
[DEBUG] Dynamically added transition from start to wildcard34
[DEBUG] Dynamically added transition from wildcard30 to wildcard34
[DEBUG] Dynamically added transition from wildcard29 to wildcard34
[DEBUG] Dynamically added transition from wildcard28 to wildcard34
[DEBUG] Dynamically added transition from wildcard34 to wildcard27
[DEBUG] Dynamically added transition from wildcard34 to wildcard26
[DEBUG] Dynamically added transition from wildcard34 to wildcard25
[DEBUG] Dynamically added transition from wildcard34 to wildcard24
[DEBUG] Dynamically added transition from wildcard34 to wildcard23
[DEBUG] Dynamically added transition from wildcard34 to wildcard22
[DEBUG] Dynamically added transition from wildcard34 to wildcard1
[DEBUG] Dynamically added transition from wildcard34 to wildcard21
[DEBUG] Dynamically added transition from wildcard34 to wildcard0
[DEBUG] Dynamically added transition from wildcard34 to wildcard20
[DEBUG] Dynamically added transition from wildcard34 to INITIAL
[DEBUG] Dynamically added transition from wildcard34 to wildcard3
[DEBUG] Dynamically added transition from wildcard34 to wildcard2
[DEBUG] Dynamically added transition from wildcard34 to wildcard5
[DEBUG] Dynamically added transition from wildcard34 to wildcard4
[DEBUG] Dynamically added transition from wildcard34 to wildcard7
[DEBUG] Dynamically added transition from wildcard34 to wildcard6
[DEBUG] Dynamically added transition from wildcard34 to wildcard9
[DEBUG] Dynamically added transition from wildcard34 to wildcard8
[DEBUG] Dynamically added transition from wildcard34 to end
[DEBUG] Dynamically added transition from wildcard34 to wildcard19
[DEBUG] Dynamically added transition from wildcard34 to wildcard18
[DEBUG] Dynamically added transition from wildcard34 to wildcard17
[DEBUG] Dynamically added transition from wildcard34 to wildcard16
[DEBUG] Dynamically added transition from wildcard34 to wildcard15
[DEBUG] Dynamically added transition from wildcard34 to wildcard14
[DEBUG] Dynamically added transition from wildcard34 to middle
[DEBUG] Dynamically added transition from wildcard34 to wildcard13
[DEBUG] Dynamically added transition from wildcard34 to wildcard12
[DEBUG] Dynamically added transition from wildcard34 to wildcard34
[DEBUG] Dynamically added transition from wildcard34 to wildcard11
[DEBUG] Dynamically added transition from wildcard34 to wildcard33
[DEBUG] Dynamically added transition from wildcard34 to wildcard10
[DEBUG] Dynamically added transition from wildcard34 to wildcard32
[DEBUG] Dynamically added transition from wildcard34 to wildcard31
[DEBUG] Dynamically added transition from wildcard34 to start
[DEBUG] Dynamically added transition from wildcard34 to wildcard30
[DEBUG] Dynamically added transition from wildcard34 to .*
[DEBUG] Dynamically added transition from wildcard34 to wildcard29
[DEBUG] Dynamically added transition from wildcard34 to wildcard28
[INFO] Wildcard transition valid to state: wildcard34
[INFO] Wildcard transition detected from wildcard34 to wildcard35
[DEBUG] Created intermediate state for wildcard transition: wildcard35
[DEBUG] Dynamically added transition from wildcard34 to wildcard35
[DEBUG] Dynamically added transition from wildcard27 to wildcard35
[DEBUG] Dynamically added transition from wildcard26 to wildcard35
[DEBUG] Dynamically added transition from wildcard25 to wildcard35
[DEBUG] Dynamically added transition from wildcard24 to wildcard35
[DEBUG] Dynamically added transition from wildcard23 to wildcard35
[DEBUG] Dynamically added transition from wildcard22 to wildcard35
[DEBUG] Dynamically added transition from wildcard1 to wildcard35
[DEBUG] Dynamically added transition from wildcard21 to wildcard35
[DEBUG] Dynamically added transition from wildcard0 to wildcard35
[DEBUG] Dynamically added transition from wildcard20 to wildcard35
[DEBUG] Dynamically added transition from INITIAL to wildcard35
[DEBUG] Dynamically added transition from wildcard3 to wildcard35
[DEBUG] Dynamically added transition from wildcard2 to wildcard35
[DEBUG] Dynamically added transition from wildcard5 to wildcard35
[DEBUG] Dynamically added transition from wildcard4 to wildcard35
[DEBUG] Dynamically added transition from wildcard7 to wildcard35
[DEBUG] Dynamically added transition from wildcard6 to wildcard35
[DEBUG] Dynamically added transition from wildcard9 to wildcard35
[DEBUG] Dynamically added transition from wildcard8 to wildcard35
[DEBUG] Dynamically added transition from wildcard19 to wildcard35
[DEBUG] Dynamically added transition from wildcard18 to wildcard35
[DEBUG] Dynamically added transition from wildcard17 to wildcard35
[DEBUG] Dynamically added transition from wildcard16 to wildcard35
[DEBUG] Dynamically added transition from wildcard15 to wildcard35
[DEBUG] Dynamically added transition from wildcard14 to wildcard35
[DEBUG] Dynamically added transition from wildcard13 to wildcard35
[DEBUG] Dynamically added transition from wildcard12 to wildcard35
[DEBUG] Dynamically added transition from wildcard11 to wildcard35
[DEBUG] Dynamically added transition from wildcard33 to wildcard35
[DEBUG] Dynamically added transition from wildcard10 to wildcard35
[DEBUG] Dynamically added transition from wildcard32 to wildcard35
[DEBUG] Dynamically added transition from wildcard31 to wildcard35
[DEBUG] Dynamically added transition from start to wildcard35
[DEBUG] Dynamically added transition from wildcard30 to wildcard35
[DEBUG] Dynamically added transition from wildcard29 to wildcard35
[DEBUG] Dynamically added transition from wildcard28 to wildcard35
[DEBUG] Dynamically added transition from wildcard35 to wildcard27
[DEBUG] Dynamically added transition from wildcard35 to wildcard26
[DEBUG] Dynamically added transition from wildcard35 to wildcard25
[DEBUG] Dynamically added transition from wildcard35 to wildcard24
[DEBUG] Dynamically added transition from wildcard35 to wildcard23
[DEBUG] Dynamically added transition from wildcard35 to wildcard22
[DEBUG] Dynamically added transition from wildcard35 to wildcard1
[DEBUG] Dynamically added transition from wildcard35 to wildcard21
[DEBUG] Dynamically added transition from wildcard35 to wildcard0
[DEBUG] Dynamically added transition from wildcard35 to wildcard20
[DEBUG] Dynamically added transition from wildcard35 to INITIAL
[DEBUG] Dynamically added transition from wildcard35 to wildcard3
[DEBUG] Dynamically added transition from wildcard35 to wildcard2
[DEBUG] Dynamically added transition from wildcard35 to wildcard5
[DEBUG] Dynamically added transition from wildcard35 to wildcard4
[DEBUG] Dynamically added transition from wildcard35 to wildcard7
[DEBUG] Dynamically added transition from wildcard35 to wildcard6
[DEBUG] Dynamically added transition from wildcard35 to wildcard9
[DEBUG] Dynamically added transition from wildcard35 to wildcard8
[DEBUG] Dynamically added transition from wildcard35 to end
[DEBUG] Dynamically added transition from wildcard35 to wildcard19
[DEBUG] Dynamically added transition from wildcard35 to wildcard18
[DEBUG] Dynamically added transition from wildcard35 to wildcard17
[DEBUG] Dynamically added transition from wildcard35 to wildcard16
[DEBUG] Dynamically added transition from wildcard35 to wildcard15
[DEBUG] Dynamically added transition from wildcard35 to wildcard14
[DEBUG] Dynamically added transition from wildcard35 to middle
[DEBUG] Dynamically added transition from wildcard35 to wildcard13
[DEBUG] Dynamically added transition from wildcard35 to wildcard35
[DEBUG] Dynamically added transition from wildcard35 to wildcard12
[DEBUG] Dynamically added transition from wildcard35 to wildcard34
[DEBUG] Dynamically added transition from wildcard35 to wildcard11
[DEBUG] Dynamically added transition from wildcard35 to wildcard33
[DEBUG] Dynamically added transition from wildcard35 to wildcard10
[DEBUG] Dynamically added transition from wildcard35 to wildcard32
[DEBUG] Dynamically added transition from wildcard35 to wildcard31
[DEBUG] Dynamically added transition from wildcard35 to start
[DEBUG] Dynamically added transition from wildcard35 to wildcard30
[DEBUG] Dynamically added transition from wildcard35 to .*
[DEBUG] Dynamically added transition from wildcard35 to wildcard29
[DEBUG] Dynamically added transition from wildcard35 to wildcard28
[INFO] Wildcard transition valid to state: wildcard35
[INFO] Wildcard transition detected from wildcard35 to wildcard36
[DEBUG] Created intermediate state for wildcard transition: wildcard36
[DEBUG] Dynamically added transition from wildcard35 to wildcard36
[DEBUG] Dynamically added transition from wildcard27 to wildcard36
[DEBUG] Dynamically added transition from wildcard26 to wildcard36
[DEBUG] Dynamically added transition from wildcard25 to wildcard36
[DEBUG] Dynamically added transition from wildcard24 to wildcard36
[DEBUG] Dynamically added transition from wildcard23 to wildcard36
[DEBUG] Dynamically added transition from wildcard22 to wildcard36
[DEBUG] Dynamically added transition from wildcard1 to wildcard36
[DEBUG] Dynamically added transition from wildcard21 to wildcard36
[DEBUG] Dynamically added transition from wildcard0 to wildcard36
[DEBUG] Dynamically added transition from wildcard20 to wildcard36
[DEBUG] Dynamically added transition from INITIAL to wildcard36
[DEBUG] Dynamically added transition from wildcard3 to wildcard36
[DEBUG] Dynamically added transition from wildcard2 to wildcard36
[DEBUG] Dynamically added transition from wildcard5 to wildcard36
[DEBUG] Dynamically added transition from wildcard4 to wildcard36
[DEBUG] Dynamically added transition from wildcard7 to wildcard36
[DEBUG] Dynamically added transition from wildcard6 to wildcard36
[DEBUG] Dynamically added transition from wildcard9 to wildcard36
[DEBUG] Dynamically added transition from wildcard8 to wildcard36
[DEBUG] Dynamically added transition from wildcard19 to wildcard36
[DEBUG] Dynamically added transition from wildcard18 to wildcard36
[DEBUG] Dynamically added transition from wildcard17 to wildcard36
[DEBUG] Dynamically added transition from wildcard16 to wildcard36
[DEBUG] Dynamically added transition from wildcard15 to wildcard36
[DEBUG] Dynamically added transition from wildcard14 to wildcard36
[DEBUG] Dynamically added transition from wildcard13 to wildcard36
[DEBUG] Dynamically added transition from wildcard12 to wildcard36
[DEBUG] Dynamically added transition from wildcard34 to wildcard36
[DEBUG] Dynamically added transition from wildcard11 to wildcard36
[DEBUG] Dynamically added transition from wildcard33 to wildcard36
[DEBUG] Dynamically added transition from wildcard10 to wildcard36
[DEBUG] Dynamically added transition from wildcard32 to wildcard36
[DEBUG] Dynamically added transition from wildcard31 to wildcard36
[DEBUG] Dynamically added transition from start to wildcard36
[DEBUG] Dynamically added transition from wildcard30 to wildcard36
[DEBUG] Dynamically added transition from wildcard29 to wildcard36
[DEBUG] Dynamically added transition from wildcard28 to wildcard36
[DEBUG] Dynamically added transition from wildcard36 to wildcard27
[DEBUG] Dynamically added transition from wildcard36 to wildcard26
[DEBUG] Dynamically added transition from wildcard36 to wildcard25
[DEBUG] Dynamically added transition from wildcard36 to wildcard24
[DEBUG] Dynamically added transition from wildcard36 to wildcard23
[DEBUG] Dynamically added transition from wildcard36 to wildcard22
[DEBUG] Dynamically added transition from wildcard36 to wildcard1
[DEBUG] Dynamically added transition from wildcard36 to wildcard21
[DEBUG] Dynamically added transition from wildcard36 to wildcard0
[DEBUG] Dynamically added transition from wildcard36 to wildcard20
[DEBUG] Dynamically added transition from wildcard36 to INITIAL
[DEBUG] Dynamically added transition from wildcard36 to wildcard3
[DEBUG] Dynamically added transition from wildcard36 to wildcard2
[DEBUG] Dynamically added transition from wildcard36 to wildcard5
[DEBUG] Dynamically added transition from wildcard36 to wildcard4
[DEBUG] Dynamically added transition from wildcard36 to wildcard7
[DEBUG] Dynamically added transition from wildcard36 to wildcard6
[DEBUG] Dynamically added transition from wildcard36 to wildcard9
[DEBUG] Dynamically added transition from wildcard36 to wildcard8
[DEBUG] Dynamically added transition from wildcard36 to end
[DEBUG] Dynamically added transition from wildcard36 to wildcard19
[DEBUG] Dynamically added transition from wildcard36 to wildcard18
[DEBUG] Dynamically added transition from wildcard36 to wildcard17
[DEBUG] Dynamically added transition from wildcard36 to wildcard16
[DEBUG] Dynamically added transition from wildcard36 to wildcard15
[DEBUG] Dynamically added transition from wildcard36 to wildcard14
[DEBUG] Dynamically added transition from wildcard36 to wildcard36
[DEBUG] Dynamically added transition from wildcard36 to middle
[DEBUG] Dynamically added transition from wildcard36 to wildcard13
[DEBUG] Dynamically added transition from wildcard36 to wildcard35
[DEBUG] Dynamically added transition from wildcard36 to wildcard12
[DEBUG] Dynamically added transition from wildcard36 to wildcard34
[DEBUG] Dynamically added transition from wildcard36 to wildcard11
[DEBUG] Dynamically added transition from wildcard36 to wildcard33
[DEBUG] Dynamically added transition from wildcard36 to wildcard10
[DEBUG] Dynamically added transition from wildcard36 to wildcard32
[DEBUG] Dynamically added transition from wildcard36 to wildcard31
[DEBUG] Dynamically added transition from wildcard36 to start
[DEBUG] Dynamically added transition from wildcard36 to wildcard30
[DEBUG] Dynamically added transition from wildcard36 to .*
[DEBUG] Dynamically added transition from wildcard36 to wildcard29
[DEBUG] Dynamically added transition from wildcard36 to wildcard28
[INFO] Wildcard transition valid to state: wildcard36
[INFO] Wildcard transition detected from wildcard36 to wildcard37
[DEBUG] Created intermediate state for wildcard transition: wildcard37
[DEBUG] Dynamically added transition from wildcard36 to wildcard37
[DEBUG] Dynamically added transition from wildcard27 to wildcard37
[DEBUG] Dynamically added transition from wildcard26 to wildcard37
[DEBUG] Dynamically added transition from wildcard25 to wildcard37
[DEBUG] Dynamically added transition from wildcard24 to wildcard37
[DEBUG] Dynamically added transition from wildcard23 to wildcard37
[DEBUG] Dynamically added transition from wildcard22 to wildcard37
[DEBUG] Dynamically added transition from wildcard1 to wildcard37
[DEBUG] Dynamically added transition from wildcard21 to wildcard37
[DEBUG] Dynamically added transition from wildcard0 to wildcard37
[DEBUG] Dynamically added transition from wildcard20 to wildcard37
[DEBUG] Dynamically added transition from INITIAL to wildcard37
[DEBUG] Dynamically added transition from wildcard3 to wildcard37
[DEBUG] Dynamically added transition from wildcard2 to wildcard37
[DEBUG] Dynamically added transition from wildcard5 to wildcard37
[DEBUG] Dynamically added transition from wildcard4 to wildcard37
[DEBUG] Dynamically added transition from wildcard7 to wildcard37
[DEBUG] Dynamically added transition from wildcard6 to wildcard37
[DEBUG] Dynamically added transition from wildcard9 to wildcard37
[DEBUG] Dynamically added transition from wildcard8 to wildcard37
[DEBUG] Dynamically added transition from wildcard19 to wildcard37
[DEBUG] Dynamically added transition from wildcard18 to wildcard37
[DEBUG] Dynamically added transition from wildcard17 to wildcard37
[DEBUG] Dynamically added transition from wildcard16 to wildcard37
[DEBUG] Dynamically added transition from wildcard15 to wildcard37
[DEBUG] Dynamically added transition from wildcard14 to wildcard37
[DEBUG] Dynamically added transition from wildcard13 to wildcard37
[DEBUG] Dynamically added transition from wildcard35 to wildcard37
[DEBUG] Dynamically added transition from wildcard12 to wildcard37
[DEBUG] Dynamically added transition from wildcard34 to wildcard37
[DEBUG] Dynamically added transition from wildcard11 to wildcard37
[DEBUG] Dynamically added transition from wildcard33 to wildcard37
[DEBUG] Dynamically added transition from wildcard10 to wildcard37
[DEBUG] Dynamically added transition from wildcard32 to wildcard37
[DEBUG] Dynamically added transition from wildcard31 to wildcard37
[DEBUG] Dynamically added transition from start to wildcard37
[DEBUG] Dynamically added transition from wildcard30 to wildcard37
[DEBUG] Dynamically added transition from wildcard29 to wildcard37
[DEBUG] Dynamically added transition from wildcard28 to wildcard37
[DEBUG] Dynamically added transition from wildcard37 to wildcard27
[DEBUG] Dynamically added transition from wildcard37 to wildcard26
[DEBUG] Dynamically added transition from wildcard37 to wildcard25
[DEBUG] Dynamically added transition from wildcard37 to wildcard24
[DEBUG] Dynamically added transition from wildcard37 to wildcard23
[DEBUG] Dynamically added transition from wildcard37 to wildcard22
[DEBUG] Dynamically added transition from wildcard37 to wildcard1
[DEBUG] Dynamically added transition from wildcard37 to wildcard21
[DEBUG] Dynamically added transition from wildcard37 to wildcard0
[DEBUG] Dynamically added transition from wildcard37 to wildcard20
[DEBUG] Dynamically added transition from wildcard37 to INITIAL
[DEBUG] Dynamically added transition from wildcard37 to wildcard3
[DEBUG] Dynamically added transition from wildcard37 to wildcard2
[DEBUG] Dynamically added transition from wildcard37 to wildcard5
[DEBUG] Dynamically added transition from wildcard37 to wildcard4
[DEBUG] Dynamically added transition from wildcard37 to wildcard7
[DEBUG] Dynamically added transition from wildcard37 to wildcard6
[DEBUG] Dynamically added transition from wildcard37 to wildcard9
[DEBUG] Dynamically added transition from wildcard37 to wildcard8
[DEBUG] Dynamically added transition from wildcard37 to end
[DEBUG] Dynamically added transition from wildcard37 to wildcard19
[DEBUG] Dynamically added transition from wildcard37 to wildcard18
[DEBUG] Dynamically added transition from wildcard37 to wildcard17
[DEBUG] Dynamically added transition from wildcard37 to wildcard16
[DEBUG] Dynamically added transition from wildcard37 to wildcard15
[DEBUG] Dynamically added transition from wildcard37 to wildcard37
[DEBUG] Dynamically added transition from wildcard37 to wildcard14
[DEBUG] Dynamically added transition from wildcard37 to wildcard36
[DEBUG] Dynamically added transition from wildcard37 to middle
[DEBUG] Dynamically added transition from wildcard37 to wildcard13
[DEBUG] Dynamically added transition from wildcard37 to wildcard35
[DEBUG] Dynamically added transition from wildcard37 to wildcard12
[DEBUG] Dynamically added transition from wildcard37 to wildcard34
[DEBUG] Dynamically added transition from wildcard37 to wildcard11
[DEBUG] Dynamically added transition from wildcard37 to wildcard33
[DEBUG] Dynamically added transition from wildcard37 to wildcard10
[DEBUG] Dynamically added transition from wildcard37 to wildcard32
[DEBUG] Dynamically added transition from wildcard37 to wildcard31
[DEBUG] Dynamically added transition from wildcard37 to start
[DEBUG] Dynamically added transition from wildcard37 to wildcard30
[DEBUG] Dynamically added transition from wildcard37 to .*
[DEBUG] Dynamically added transition from wildcard37 to wildcard29
[DEBUG] Dynamically added transition from wildcard37 to wildcard28
[INFO] Wildcard transition valid to state: wildcard37
[INFO] Wildcard transition detected from wildcard37 to wildcard38
[DEBUG] Created intermediate state for wildcard transition: wildcard38
[DEBUG] Dynamically added transition from wildcard37 to wildcard38
[DEBUG] Dynamically added transition from wildcard27 to wildcard38
[DEBUG] Dynamically added transition from wildcard26 to wildcard38
[DEBUG] Dynamically added transition from wildcard25 to wildcard38
[DEBUG] Dynamically added transition from wildcard24 to wildcard38
[DEBUG] Dynamically added transition from wildcard23 to wildcard38
[DEBUG] Dynamically added transition from wildcard22 to wildcard38
[DEBUG] Dynamically added transition from wildcard1 to wildcard38
[DEBUG] Dynamically added transition from wildcard21 to wildcard38
[DEBUG] Dynamically added transition from wildcard0 to wildcard38
[DEBUG] Dynamically added transition from wildcard20 to wildcard38
[DEBUG] Dynamically added transition from INITIAL to wildcard38
[DEBUG] Dynamically added transition from wildcard3 to wildcard38
[DEBUG] Dynamically added transition from wildcard2 to wildcard38
[DEBUG] Dynamically added transition from wildcard5 to wildcard38
[DEBUG] Dynamically added transition from wildcard4 to wildcard38
[DEBUG] Dynamically added transition from wildcard7 to wildcard38
[DEBUG] Dynamically added transition from wildcard6 to wildcard38
[DEBUG] Dynamically added transition from wildcard9 to wildcard38
[DEBUG] Dynamically added transition from wildcard8 to wildcard38
[DEBUG] Dynamically added transition from wildcard19 to wildcard38
[DEBUG] Dynamically added transition from wildcard18 to wildcard38
[DEBUG] Dynamically added transition from wildcard17 to wildcard38
[DEBUG] Dynamically added transition from wildcard16 to wildcard38
[DEBUG] Dynamically added transition from wildcard15 to wildcard38
[DEBUG] Dynamically added transition from wildcard14 to wildcard38
[DEBUG] Dynamically added transition from wildcard36 to wildcard38
[DEBUG] Dynamically added transition from wildcard13 to wildcard38
[DEBUG] Dynamically added transition from wildcard35 to wildcard38
[DEBUG] Dynamically added transition from wildcard12 to wildcard38
[DEBUG] Dynamically added transition from wildcard34 to wildcard38
[DEBUG] Dynamically added transition from wildcard11 to wildcard38
[DEBUG] Dynamically added transition from wildcard33 to wildcard38
[DEBUG] Dynamically added transition from wildcard10 to wildcard38
[DEBUG] Dynamically added transition from wildcard32 to wildcard38
[DEBUG] Dynamically added transition from wildcard31 to wildcard38
[DEBUG] Dynamically added transition from start to wildcard38
[DEBUG] Dynamically added transition from wildcard30 to wildcard38
[DEBUG] Dynamically added transition from wildcard29 to wildcard38
[DEBUG] Dynamically added transition from wildcard28 to wildcard38
[DEBUG] Dynamically added transition from wildcard38 to wildcard27
[DEBUG] Dynamically added transition from wildcard38 to wildcard26
[DEBUG] Dynamically added transition from wildcard38 to wildcard25
[DEBUG] Dynamically added transition from wildcard38 to wildcard24
[DEBUG] Dynamically added transition from wildcard38 to wildcard23
[DEBUG] Dynamically added transition from wildcard38 to wildcard22
[DEBUG] Dynamically added transition from wildcard38 to wildcard1
[DEBUG] Dynamically added transition from wildcard38 to wildcard21
[DEBUG] Dynamically added transition from wildcard38 to wildcard0
[DEBUG] Dynamically added transition from wildcard38 to wildcard20
[DEBUG] Dynamically added transition from wildcard38 to INITIAL
[DEBUG] Dynamically added transition from wildcard38 to wildcard3
[DEBUG] Dynamically added transition from wildcard38 to wildcard2
[DEBUG] Dynamically added transition from wildcard38 to wildcard5
[DEBUG] Dynamically added transition from wildcard38 to wildcard4
[DEBUG] Dynamically added transition from wildcard38 to wildcard7
[DEBUG] Dynamically added transition from wildcard38 to wildcard6
[DEBUG] Dynamically added transition from wildcard38 to wildcard9
[DEBUG] Dynamically added transition from wildcard38 to wildcard8
[DEBUG] Dynamically added transition from wildcard38 to end
[DEBUG] Dynamically added transition from wildcard38 to wildcard19
[DEBUG] Dynamically added transition from wildcard38 to wildcard18
[DEBUG] Dynamically added transition from wildcard38 to wildcard17
[DEBUG] Dynamically added transition from wildcard38 to wildcard16
[DEBUG] Dynamically added transition from wildcard38 to wildcard38
[DEBUG] Dynamically added transition from wildcard38 to wildcard15
[DEBUG] Dynamically added transition from wildcard38 to wildcard37
[DEBUG] Dynamically added transition from wildcard38 to wildcard14
[DEBUG] Dynamically added transition from wildcard38 to wildcard36
[DEBUG] Dynamically added transition from wildcard38 to middle
[DEBUG] Dynamically added transition from wildcard38 to wildcard13
[DEBUG] Dynamically added transition from wildcard38 to wildcard35
[DEBUG] Dynamically added transition from wildcard38 to wildcard12
[DEBUG] Dynamically added transition from wildcard38 to wildcard34
[DEBUG] Dynamically added transition from wildcard38 to wildcard11
[DEBUG] Dynamically added transition from wildcard38 to wildcard33
[DEBUG] Dynamically added transition from wildcard38 to wildcard10
[DEBUG] Dynamically added transition from wildcard38 to wildcard32
[DEBUG] Dynamically added transition from wildcard38 to wildcard31
[DEBUG] Dynamically added transition from wildcard38 to start
[DEBUG] Dynamically added transition from wildcard38 to wildcard30
[DEBUG] Dynamically added transition from wildcard38 to .*
[DEBUG] Dynamically added transition from wildcard38 to wildcard29
[DEBUG] Dynamically added transition from wildcard38 to wildcard28
[INFO] Wildcard transition valid to state: wildcard38
[INFO] Wildcard transition detected from wildcard38 to wildcard39
[DEBUG] Created intermediate state for wildcard transition: wildcard39
[DEBUG] Dynamically added transition from wildcard38 to wildcard39
[DEBUG] Dynamically added transition from wildcard27 to wildcard39
[DEBUG] Dynamically added transition from wildcard26 to wildcard39
[DEBUG] Dynamically added transition from wildcard25 to wildcard39
[DEBUG] Dynamically added transition from wildcard24 to wildcard39
[DEBUG] Dynamically added transition from wildcard23 to wildcard39
[DEBUG] Dynamically added transition from wildcard22 to wildcard39
[DEBUG] Dynamically added transition from wildcard1 to wildcard39
[DEBUG] Dynamically added transition from wildcard21 to wildcard39
[DEBUG] Dynamically added transition from wildcard0 to wildcard39
[DEBUG] Dynamically added transition from wildcard20 to wildcard39
[DEBUG] Dynamically added transition from INITIAL to wildcard39
[DEBUG] Dynamically added transition from wildcard3 to wildcard39
[DEBUG] Dynamically added transition from wildcard2 to wildcard39
[DEBUG] Dynamically added transition from wildcard5 to wildcard39
[DEBUG] Dynamically added transition from wildcard4 to wildcard39
[DEBUG] Dynamically added transition from wildcard7 to wildcard39
[DEBUG] Dynamically added transition from wildcard6 to wildcard39
[DEBUG] Dynamically added transition from wildcard9 to wildcard39
[DEBUG] Dynamically added transition from wildcard8 to wildcard39
[DEBUG] Dynamically added transition from wildcard19 to wildcard39
[DEBUG] Dynamically added transition from wildcard18 to wildcard39
[DEBUG] Dynamically added transition from wildcard17 to wildcard39
[DEBUG] Dynamically added transition from wildcard16 to wildcard39
[DEBUG] Dynamically added transition from wildcard15 to wildcard39
[DEBUG] Dynamically added transition from wildcard37 to wildcard39
[DEBUG] Dynamically added transition from wildcard14 to wildcard39
[DEBUG] Dynamically added transition from wildcard36 to wildcard39
[DEBUG] Dynamically added transition from wildcard13 to wildcard39
[DEBUG] Dynamically added transition from wildcard35 to wildcard39
[DEBUG] Dynamically added transition from wildcard12 to wildcard39
[DEBUG] Dynamically added transition from wildcard34 to wildcard39
[DEBUG] Dynamically added transition from wildcard11 to wildcard39
[DEBUG] Dynamically added transition from wildcard33 to wildcard39
[DEBUG] Dynamically added transition from wildcard10 to wildcard39
[DEBUG] Dynamically added transition from wildcard32 to wildcard39
[DEBUG] Dynamically added transition from wildcard31 to wildcard39
[DEBUG] Dynamically added transition from start to wildcard39
[DEBUG] Dynamically added transition from wildcard30 to wildcard39
[DEBUG] Dynamically added transition from wildcard29 to wildcard39
[DEBUG] Dynamically added transition from wildcard28 to wildcard39
[DEBUG] Dynamically added transition from wildcard39 to wildcard27
[DEBUG] Dynamically added transition from wildcard39 to wildcard26
[DEBUG] Dynamically added transition from wildcard39 to wildcard25
[DEBUG] Dynamically added transition from wildcard39 to wildcard24
[DEBUG] Dynamically added transition from wildcard39 to wildcard23
[DEBUG] Dynamically added transition from wildcard39 to wildcard22
[DEBUG] Dynamically added transition from wildcard39 to wildcard1
[DEBUG] Dynamically added transition from wildcard39 to wildcard21
[DEBUG] Dynamically added transition from wildcard39 to wildcard0
[DEBUG] Dynamically added transition from wildcard39 to wildcard20
[DEBUG] Dynamically added transition from wildcard39 to INITIAL
[DEBUG] Dynamically added transition from wildcard39 to wildcard3
[DEBUG] Dynamically added transition from wildcard39 to wildcard2
[DEBUG] Dynamically added transition from wildcard39 to wildcard5
[DEBUG] Dynamically added transition from wildcard39 to wildcard4
[DEBUG] Dynamically added transition from wildcard39 to wildcard7
[DEBUG] Dynamically added transition from wildcard39 to wildcard6
[DEBUG] Dynamically added transition from wildcard39 to wildcard9
[DEBUG] Dynamically added transition from wildcard39 to wildcard8
[DEBUG] Dynamically added transition from wildcard39 to end
[DEBUG] Dynamically added transition from wildcard39 to wildcard19
[DEBUG] Dynamically added transition from wildcard39 to wildcard18
[DEBUG] Dynamically added transition from wildcard39 to wildcard17
[DEBUG] Dynamically added transition from wildcard39 to wildcard39
[DEBUG] Dynamically added transition from wildcard39 to wildcard16
[DEBUG] Dynamically added transition from wildcard39 to wildcard38
[DEBUG] Dynamically added transition from wildcard39 to wildcard15
[DEBUG] Dynamically added transition from wildcard39 to wildcard37
[DEBUG] Dynamically added transition from wildcard39 to wildcard14
[DEBUG] Dynamically added transition from wildcard39 to wildcard36
[DEBUG] Dynamically added transition from wildcard39 to middle
[DEBUG] Dynamically added transition from wildcard39 to wildcard13
[DEBUG] Dynamically added transition from wildcard39 to wildcard35
[DEBUG] Dynamically added transition from wildcard39 to wildcard12
[DEBUG] Dynamically added transition from wildcard39 to wildcard34
[DEBUG] Dynamically added transition from wildcard39 to wildcard11
[DEBUG] Dynamically added transition from wildcard39 to wildcard33
[DEBUG] Dynamically added transition from wildcard39 to wildcard10
[DEBUG] Dynamically added transition from wildcard39 to wildcard32
[DEBUG] Dynamically added transition from wildcard39 to wildcard31
[DEBUG] Dynamically added transition from wildcard39 to start
[DEBUG] Dynamically added transition from wildcard39 to wildcard30
[DEBUG] Dynamically added transition from wildcard39 to .*
[DEBUG] Dynamically added transition from wildcard39 to wildcard29
[DEBUG] Dynamically added transition from wildcard39 to wildcard28
[INFO] Wildcard transition valid to state: wildcard39
[INFO] Wildcard transition detected from wildcard39 to wildcard40
[DEBUG] Created intermediate state for wildcard transition: wildcard40
[DEBUG] Dynamically added transition from wildcard39 to wildcard40
[DEBUG] Dynamically added transition from wildcard27 to wildcard40
[DEBUG] Dynamically added transition from wildcard26 to wildcard40
[DEBUG] Dynamically added transition from wildcard25 to wildcard40
[DEBUG] Dynamically added transition from wildcard24 to wildcard40
[DEBUG] Dynamically added transition from wildcard23 to wildcard40
[DEBUG] Dynamically added transition from wildcard22 to wildcard40
[DEBUG] Dynamically added transition from wildcard1 to wildcard40
[DEBUG] Dynamically added transition from wildcard21 to wildcard40
[DEBUG] Dynamically added transition from wildcard0 to wildcard40
[DEBUG] Dynamically added transition from wildcard20 to wildcard40
[DEBUG] Dynamically added transition from INITIAL to wildcard40
[DEBUG] Dynamically added transition from wildcard3 to wildcard40
[DEBUG] Dynamically added transition from wildcard2 to wildcard40
[DEBUG] Dynamically added transition from wildcard5 to wildcard40
[DEBUG] Dynamically added transition from wildcard4 to wildcard40
[DEBUG] Dynamically added transition from wildcard7 to wildcard40
[DEBUG] Dynamically added transition from wildcard6 to wildcard40
[DEBUG] Dynamically added transition from wildcard9 to wildcard40
[DEBUG] Dynamically added transition from wildcard8 to wildcard40
[DEBUG] Dynamically added transition from wildcard19 to wildcard40
[DEBUG] Dynamically added transition from wildcard18 to wildcard40
[DEBUG] Dynamically added transition from wildcard17 to wildcard40
[DEBUG] Dynamically added transition from wildcard16 to wildcard40
[DEBUG] Dynamically added transition from wildcard38 to wildcard40
[DEBUG] Dynamically added transition from wildcard15 to wildcard40
[DEBUG] Dynamically added transition from wildcard37 to wildcard40
[DEBUG] Dynamically added transition from wildcard14 to wildcard40
[DEBUG] Dynamically added transition from wildcard36 to wildcard40
[DEBUG] Dynamically added transition from wildcard13 to wildcard40
[DEBUG] Dynamically added transition from wildcard35 to wildcard40
[DEBUG] Dynamically added transition from wildcard12 to wildcard40
[DEBUG] Dynamically added transition from wildcard34 to wildcard40
[DEBUG] Dynamically added transition from wildcard11 to wildcard40
[DEBUG] Dynamically added transition from wildcard33 to wildcard40
[DEBUG] Dynamically added transition from wildcard10 to wildcard40
[DEBUG] Dynamically added transition from wildcard32 to wildcard40
[DEBUG] Dynamically added transition from wildcard31 to wildcard40
[DEBUG] Dynamically added transition from start to wildcard40
[DEBUG] Dynamically added transition from wildcard30 to wildcard40
[DEBUG] Dynamically added transition from wildcard29 to wildcard40
[DEBUG] Dynamically added transition from wildcard28 to wildcard40
[DEBUG] Dynamically added transition from wildcard40 to wildcard27
[DEBUG] Dynamically added transition from wildcard40 to wildcard26
[DEBUG] Dynamically added transition from wildcard40 to wildcard25
[DEBUG] Dynamically added transition from wildcard40 to wildcard24
[DEBUG] Dynamically added transition from wildcard40 to wildcard23
[DEBUG] Dynamically added transition from wildcard40 to wildcard22
[DEBUG] Dynamically added transition from wildcard40 to wildcard1
[DEBUG] Dynamically added transition from wildcard40 to wildcard21
[DEBUG] Dynamically added transition from wildcard40 to wildcard0
[DEBUG] Dynamically added transition from wildcard40 to wildcard20
[DEBUG] Dynamically added transition from wildcard40 to INITIAL
[DEBUG] Dynamically added transition from wildcard40 to wildcard3
[DEBUG] Dynamically added transition from wildcard40 to wildcard2
[DEBUG] Dynamically added transition from wildcard40 to wildcard40
[DEBUG] Dynamically added transition from wildcard40 to wildcard5
[DEBUG] Dynamically added transition from wildcard40 to wildcard4
[DEBUG] Dynamically added transition from wildcard40 to wildcard7
[DEBUG] Dynamically added transition from wildcard40 to wildcard6
[DEBUG] Dynamically added transition from wildcard40 to wildcard9
[DEBUG] Dynamically added transition from wildcard40 to wildcard8
[DEBUG] Dynamically added transition from wildcard40 to end
[DEBUG] Dynamically added transition from wildcard40 to wildcard19
[DEBUG] Dynamically added transition from wildcard40 to wildcard18
[DEBUG] Dynamically added transition from wildcard40 to wildcard17
[DEBUG] Dynamically added transition from wildcard40 to wildcard39
[DEBUG] Dynamically added transition from wildcard40 to wildcard16
[DEBUG] Dynamically added transition from wildcard40 to wildcard38
[DEBUG] Dynamically added transition from wildcard40 to wildcard15
[DEBUG] Dynamically added transition from wildcard40 to wildcard37
[DEBUG] Dynamically added transition from wildcard40 to wildcard14
[DEBUG] Dynamically added transition from wildcard40 to wildcard36
[DEBUG] Dynamically added transition from wildcard40 to middle
[DEBUG] Dynamically added transition from wildcard40 to wildcard13
[DEBUG] Dynamically added transition from wildcard40 to wildcard35
[DEBUG] Dynamically added transition from wildcard40 to wildcard12
[DEBUG] Dynamically added transition from wildcard40 to wildcard34
[DEBUG] Dynamically added transition from wildcard40 to wildcard11
[DEBUG] Dynamically added transition from wildcard40 to wildcard33
[DEBUG] Dynamically added transition from wildcard40 to wildcard10
[DEBUG] Dynamically added transition from wildcard40 to wildcard32
[DEBUG] Dynamically added transition from wildcard40 to wildcard31
[DEBUG] Dynamically added transition from wildcard40 to start
[DEBUG] Dynamically added transition from wildcard40 to wildcard30
[DEBUG] Dynamically added transition from wildcard40 to .*
[DEBUG] Dynamically added transition from wildcard40 to wildcard29
[DEBUG] Dynamically added transition from wildcard40 to wildcard28
[INFO] Wildcard transition valid to state: wildcard40
[INFO] Wildcard transition detected from wildcard40 to wildcard41
[DEBUG] Created intermediate state for wildcard transition: wildcard41
[DEBUG] Dynamically added transition from wildcard40 to wildcard41
[DEBUG] Dynamically added transition from wildcard27 to wildcard41
[DEBUG] Dynamically added transition from wildcard26 to wildcard41
[DEBUG] Dynamically added transition from wildcard25 to wildcard41
[DEBUG] Dynamically added transition from wildcard24 to wildcard41
[DEBUG] Dynamically added transition from wildcard23 to wildcard41
[DEBUG] Dynamically added transition from wildcard22 to wildcard41
[DEBUG] Dynamically added transition from wildcard1 to wildcard41
[DEBUG] Dynamically added transition from wildcard21 to wildcard41
[DEBUG] Dynamically added transition from wildcard0 to wildcard41
[DEBUG] Dynamically added transition from wildcard20 to wildcard41
[DEBUG] Dynamically added transition from INITIAL to wildcard41
[DEBUG] Dynamically added transition from wildcard3 to wildcard41
[DEBUG] Dynamically added transition from wildcard2 to wildcard41
[DEBUG] Dynamically added transition from wildcard5 to wildcard41
[DEBUG] Dynamically added transition from wildcard4 to wildcard41
[DEBUG] Dynamically added transition from wildcard7 to wildcard41
[DEBUG] Dynamically added transition from wildcard6 to wildcard41
[DEBUG] Dynamically added transition from wildcard9 to wildcard41
[DEBUG] Dynamically added transition from wildcard8 to wildcard41
[DEBUG] Dynamically added transition from wildcard19 to wildcard41
[DEBUG] Dynamically added transition from wildcard18 to wildcard41
[DEBUG] Dynamically added transition from wildcard17 to wildcard41
[DEBUG] Dynamically added transition from wildcard39 to wildcard41
[DEBUG] Dynamically added transition from wildcard16 to wildcard41
[DEBUG] Dynamically added transition from wildcard38 to wildcard41
[DEBUG] Dynamically added transition from wildcard15 to wildcard41
[DEBUG] Dynamically added transition from wildcard37 to wildcard41
[DEBUG] Dynamically added transition from wildcard14 to wildcard41
[DEBUG] Dynamically added transition from wildcard36 to wildcard41
[DEBUG] Dynamically added transition from wildcard13 to wildcard41
[DEBUG] Dynamically added transition from wildcard35 to wildcard41
[DEBUG] Dynamically added transition from wildcard12 to wildcard41
[DEBUG] Dynamically added transition from wildcard34 to wildcard41
[DEBUG] Dynamically added transition from wildcard11 to wildcard41
[DEBUG] Dynamically added transition from wildcard33 to wildcard41
[DEBUG] Dynamically added transition from wildcard10 to wildcard41
[DEBUG] Dynamically added transition from wildcard32 to wildcard41
[DEBUG] Dynamically added transition from wildcard31 to wildcard41
[DEBUG] Dynamically added transition from start to wildcard41
[DEBUG] Dynamically added transition from wildcard30 to wildcard41
[DEBUG] Dynamically added transition from wildcard29 to wildcard41
[DEBUG] Dynamically added transition from wildcard28 to wildcard41
[DEBUG] Dynamically added transition from wildcard41 to wildcard27
[DEBUG] Dynamically added transition from wildcard41 to wildcard26
[DEBUG] Dynamically added transition from wildcard41 to wildcard25
[DEBUG] Dynamically added transition from wildcard41 to wildcard24
[DEBUG] Dynamically added transition from wildcard41 to wildcard23
[DEBUG] Dynamically added transition from wildcard41 to wildcard22
[DEBUG] Dynamically added transition from wildcard41 to wildcard1
[DEBUG] Dynamically added transition from wildcard41 to wildcard21
[DEBUG] Dynamically added transition from wildcard41 to wildcard0
[DEBUG] Dynamically added transition from wildcard41 to wildcard20
[DEBUG] Dynamically added transition from wildcard41 to INITIAL
[DEBUG] Dynamically added transition from wildcard41 to wildcard3
[DEBUG] Dynamically added transition from wildcard41 to wildcard41
[DEBUG] Dynamically added transition from wildcard41 to wildcard2
[DEBUG] Dynamically added transition from wildcard41 to wildcard40
[DEBUG] Dynamically added transition from wildcard41 to wildcard5
[DEBUG] Dynamically added transition from wildcard41 to wildcard4
[DEBUG] Dynamically added transition from wildcard41 to wildcard7
[DEBUG] Dynamically added transition from wildcard41 to wildcard6
[DEBUG] Dynamically added transition from wildcard41 to wildcard9
[DEBUG] Dynamically added transition from wildcard41 to wildcard8
[DEBUG] Dynamically added transition from wildcard41 to end
[DEBUG] Dynamically added transition from wildcard41 to wildcard19
[DEBUG] Dynamically added transition from wildcard41 to wildcard18
[DEBUG] Dynamically added transition from wildcard41 to wildcard17
[DEBUG] Dynamically added transition from wildcard41 to wildcard39
[DEBUG] Dynamically added transition from wildcard41 to wildcard16
[DEBUG] Dynamically added transition from wildcard41 to wildcard38
[DEBUG] Dynamically added transition from wildcard41 to wildcard15
[DEBUG] Dynamically added transition from wildcard41 to wildcard37
[DEBUG] Dynamically added transition from wildcard41 to wildcard14
[DEBUG] Dynamically added transition from wildcard41 to wildcard36
[DEBUG] Dynamically added transition from wildcard41 to middle
[DEBUG] Dynamically added transition from wildcard41 to wildcard13
[DEBUG] Dynamically added transition from wildcard41 to wildcard35
[DEBUG] Dynamically added transition from wildcard41 to wildcard12
[DEBUG] Dynamically added transition from wildcard41 to wildcard34
[DEBUG] Dynamically added transition from wildcard41 to wildcard11
[DEBUG] Dynamically added transition from wildcard41 to wildcard33
[DEBUG] Dynamically added transition from wildcard41 to wildcard10
[DEBUG] Dynamically added transition from wildcard41 to wildcard32
[DEBUG] Dynamically added transition from wildcard41 to wildcard31
[DEBUG] Dynamically added transition from wildcard41 to start
[DEBUG] Dynamically added transition from wildcard41 to wildcard30
[DEBUG] Dynamically added transition from wildcard41 to .*
[DEBUG] Dynamically added transition from wildcard41 to wildcard29
[DEBUG] Dynamically added transition from wildcard41 to wildcard28
[INFO] Wildcard transition valid to state: wildcard41
[INFO] Wildcard transition detected from wildcard41 to wildcard42
[DEBUG] Created intermediate state for wildcard transition: wildcard42
[DEBUG] Dynamically added transition from wildcard41 to wildcard42
[DEBUG] Dynamically added transition from wildcard27 to wildcard42
[DEBUG] Dynamically added transition from wildcard26 to wildcard42
[DEBUG] Dynamically added transition from wildcard25 to wildcard42
[DEBUG] Dynamically added transition from wildcard24 to wildcard42
[DEBUG] Dynamically added transition from wildcard23 to wildcard42
[DEBUG] Dynamically added transition from wildcard22 to wildcard42
[DEBUG] Dynamically added transition from wildcard1 to wildcard42
[DEBUG] Dynamically added transition from wildcard21 to wildcard42
[DEBUG] Dynamically added transition from wildcard0 to wildcard42
[DEBUG] Dynamically added transition from wildcard20 to wildcard42
[DEBUG] Dynamically added transition from wildcard3 to wildcard42
[DEBUG] Dynamically added transition from wildcard2 to wildcard42
[DEBUG] Dynamically added transition from wildcard5 to wildcard42
[DEBUG] Dynamically added transition from wildcard4 to wildcard42
[DEBUG] Dynamically added transition from wildcard7 to wildcard42
[DEBUG] Dynamically added transition from wildcard6 to wildcard42
[DEBUG] Dynamically added transition from wildcard9 to wildcard42
[DEBUG] Dynamically added transition from wildcard8 to wildcard42
[DEBUG] Dynamically added transition from wildcard19 to wildcard42
[DEBUG] Dynamically added transition from wildcard18 to wildcard42
[DEBUG] Dynamically added transition from wildcard17 to wildcard42
[DEBUG] Dynamically added transition from wildcard38 to wildcard42
[DEBUG] Dynamically added transition from wildcard37 to wildcard42
[DEBUG] Dynamically added transition from wildcard36 to wildcard42
[DEBUG] Dynamically added transition from wildcard35 to wildcard42
[DEBUG] Dynamically added transition from wildcard34 to wildcard42
[DEBUG] Dynamically added transition from wildcard33 to wildcard42
[DEBUG] Dynamically added transition from wildcard32 to wildcard42
[DEBUG] Dynamically added transition from wildcard31 to wildcard42
[DEBUG] Dynamically added transition from wildcard30 to wildcard42
[DEBUG] Dynamically added transition from wildcard29 to wildcard42
[DEBUG] Dynamically added transition from wildcard28 to wildcard42
[DEBUG] Dynamically added transition from INITIAL to wildcard42
[DEBUG] Dynamically added transition from wildcard40 to wildcard42
[DEBUG] Dynamically added transition from wildcard39 to wildcard42
[DEBUG] Dynamically added transition from wildcard16 to wildcard42
[DEBUG] Dynamically added transition from wildcard15 to wildcard42
[DEBUG] Dynamically added transition from wildcard14 to wildcard42
[DEBUG] Dynamically added transition from wildcard13 to wildcard42
[DEBUG] Dynamically added transition from wildcard12 to wildcard42
[DEBUG] Dynamically added transition from wildcard11 to wildcard42
[DEBUG] Dynamically added transition from wildcard10 to wildcard42
[DEBUG] Dynamically added transition from start to wildcard42
[DEBUG] Dynamically added transition from wildcard42 to wildcard27
[DEBUG] Dynamically added transition from wildcard42 to wildcard26
[DEBUG] Dynamically added transition from wildcard42 to wildcard25
[DEBUG] Dynamically added transition from wildcard42 to wildcard24
[DEBUG] Dynamically added transition from wildcard42 to wildcard23
[DEBUG] Dynamically added transition from wildcard42 to wildcard22
[DEBUG] Dynamically added transition from wildcard42 to wildcard1
[DEBUG] Dynamically added transition from wildcard42 to wildcard21
[DEBUG] Dynamically added transition from wildcard42 to wildcard0
[DEBUG] Dynamically added transition from wildcard42 to wildcard20
[DEBUG] Dynamically added transition from wildcard42 to wildcard42
[DEBUG] Dynamically added transition from wildcard42 to INITIAL
[DEBUG] Dynamically added transition from wildcard42 to wildcard3
[DEBUG] Dynamically added transition from wildcard42 to wildcard41
[DEBUG] Dynamically added transition from wildcard42 to wildcard2
[DEBUG] Dynamically added transition from wildcard42 to wildcard40
[DEBUG] Dynamically added transition from wildcard42 to wildcard5
[DEBUG] Dynamically added transition from wildcard42 to wildcard4
[DEBUG] Dynamically added transition from wildcard42 to wildcard7
[DEBUG] Dynamically added transition from wildcard42 to wildcard6
[DEBUG] Dynamically added transition from wildcard42 to wildcard9
[DEBUG] Dynamically added transition from wildcard42 to wildcard8
[DEBUG] Dynamically added transition from wildcard42 to end
[DEBUG] Dynamically added transition from wildcard42 to wildcard19
[DEBUG] Dynamically added transition from wildcard42 to wildcard18
[DEBUG] Dynamically added transition from wildcard42 to wildcard17
[DEBUG] Dynamically added transition from wildcard42 to wildcard39
[DEBUG] Dynamically added transition from wildcard42 to wildcard16
[DEBUG] Dynamically added transition from wildcard42 to wildcard38
[DEBUG] Dynamically added transition from wildcard42 to wildcard15
[DEBUG] Dynamically added transition from wildcard42 to wildcard37
[DEBUG] Dynamically added transition from wildcard42 to wildcard14
[DEBUG] Dynamically added transition from wildcard42 to wildcard36
[DEBUG] Dynamically added transition from wildcard42 to middle
[DEBUG] Dynamically added transition from wildcard42 to wildcard13
[DEBUG] Dynamically added transition from wildcard42 to wildcard35
[DEBUG] Dynamically added transition from wildcard42 to wildcard12
[DEBUG] Dynamically added transition from wildcard42 to wildcard34
[DEBUG] Dynamically added transition from wildcard42 to wildcard11
[DEBUG] Dynamically added transition from wildcard42 to wildcard33
[DEBUG] Dynamically added transition from wildcard42 to wildcard10
[DEBUG] Dynamically added transition from wildcard42 to wildcard32
[DEBUG] Dynamically added transition from wildcard42 to wildcard31
[DEBUG] Dynamically added transition from wildcard42 to start
[DEBUG] Dynamically added transition from wildcard42 to wildcard30
[DEBUG] Dynamically added transition from wildcard42 to .*
[DEBUG] Dynamically added transition from wildcard42 to wildcard29
[DEBUG] Dynamically added transition from wildcard42 to wildcard28
[INFO] Wildcard transition valid to state: wildcard42
[INFO] Wildcard transition detected from wildcard42 to wildcard43
[DEBUG] Created intermediate state for wildcard transition: wildcard43
[DEBUG] Dynamically added transition from wildcard42 to wildcard43
[DEBUG] Dynamically added transition from wildcard27 to wildcard43
[DEBUG] Dynamically added transition from wildcard26 to wildcard43
[DEBUG] Dynamically added transition from wildcard25 to wildcard43
[DEBUG] Dynamically added transition from wildcard24 to wildcard43
[DEBUG] Dynamically added transition from wildcard23 to wildcard43
[DEBUG] Dynamically added transition from wildcard22 to wildcard43
[DEBUG] Dynamically added transition from wildcard1 to wildcard43
[DEBUG] Dynamically added transition from wildcard21 to wildcard43
[DEBUG] Dynamically added transition from wildcard0 to wildcard43
[DEBUG] Dynamically added transition from wildcard20 to wildcard43
[DEBUG] Dynamically added transition from wildcard3 to wildcard43
[DEBUG] Dynamically added transition from wildcard2 to wildcard43
[DEBUG] Dynamically added transition from wildcard5 to wildcard43
[DEBUG] Dynamically added transition from wildcard4 to wildcard43
[DEBUG] Dynamically added transition from wildcard7 to wildcard43
[DEBUG] Dynamically added transition from wildcard6 to wildcard43
[DEBUG] Dynamically added transition from wildcard9 to wildcard43
[DEBUG] Dynamically added transition from wildcard8 to wildcard43
[DEBUG] Dynamically added transition from wildcard19 to wildcard43
[DEBUG] Dynamically added transition from wildcard18 to wildcard43
[DEBUG] Dynamically added transition from wildcard17 to wildcard43
[DEBUG] Dynamically added transition from wildcard38 to wildcard43
[DEBUG] Dynamically added transition from wildcard37 to wildcard43
[DEBUG] Dynamically added transition from wildcard36 to wildcard43
[DEBUG] Dynamically added transition from wildcard35 to wildcard43
[DEBUG] Dynamically added transition from wildcard34 to wildcard43
[DEBUG] Dynamically added transition from wildcard33 to wildcard43
[DEBUG] Dynamically added transition from wildcard32 to wildcard43
[DEBUG] Dynamically added transition from wildcard31 to wildcard43
[DEBUG] Dynamically added transition from wildcard30 to wildcard43
[DEBUG] Dynamically added transition from wildcard29 to wildcard43
[DEBUG] Dynamically added transition from wildcard28 to wildcard43
[DEBUG] Dynamically added transition from INITIAL to wildcard43
[DEBUG] Dynamically added transition from wildcard41 to wildcard43
[DEBUG] Dynamically added transition from wildcard40 to wildcard43
[DEBUG] Dynamically added transition from wildcard39 to wildcard43
[DEBUG] Dynamically added transition from wildcard16 to wildcard43
[DEBUG] Dynamically added transition from wildcard15 to wildcard43
[DEBUG] Dynamically added transition from wildcard14 to wildcard43
[DEBUG] Dynamically added transition from wildcard13 to wildcard43
[DEBUG] Dynamically added transition from wildcard12 to wildcard43
[DEBUG] Dynamically added transition from wildcard11 to wildcard43
[DEBUG] Dynamically added transition from wildcard10 to wildcard43
[DEBUG] Dynamically added transition from start to wildcard43
[DEBUG] Dynamically added transition from wildcard43 to wildcard27
[DEBUG] Dynamically added transition from wildcard43 to wildcard26
[DEBUG] Dynamically added transition from wildcard43 to wildcard25
[DEBUG] Dynamically added transition from wildcard43 to wildcard24
[DEBUG] Dynamically added transition from wildcard43 to wildcard23
[DEBUG] Dynamically added transition from wildcard43 to wildcard22
[DEBUG] Dynamically added transition from wildcard43 to wildcard1
[DEBUG] Dynamically added transition from wildcard43 to wildcard21
[DEBUG] Dynamically added transition from wildcard43 to wildcard0
[DEBUG] Dynamically added transition from wildcard43 to wildcard20
[DEBUG] Dynamically added transition from wildcard43 to wildcard3
[DEBUG] Dynamically added transition from wildcard43 to wildcard2
[DEBUG] Dynamically added transition from wildcard43 to wildcard5
[DEBUG] Dynamically added transition from wildcard43 to wildcard4
[DEBUG] Dynamically added transition from wildcard43 to wildcard7
[DEBUG] Dynamically added transition from wildcard43 to wildcard6
[DEBUG] Dynamically added transition from wildcard43 to wildcard9
[DEBUG] Dynamically added transition from wildcard43 to wildcard8
[DEBUG] Dynamically added transition from wildcard43 to wildcard19
[DEBUG] Dynamically added transition from wildcard43 to wildcard18
[DEBUG] Dynamically added transition from wildcard43 to wildcard17
[DEBUG] Dynamically added transition from wildcard43 to wildcard38
[DEBUG] Dynamically added transition from wildcard43 to wildcard37
[DEBUG] Dynamically added transition from wildcard43 to wildcard36
[DEBUG] Dynamically added transition from wildcard43 to wildcard35
[DEBUG] Dynamically added transition from wildcard43 to wildcard34
[DEBUG] Dynamically added transition from wildcard43 to wildcard33
[DEBUG] Dynamically added transition from wildcard43 to wildcard32
[DEBUG] Dynamically added transition from wildcard43 to wildcard31
[DEBUG] Dynamically added transition from wildcard43 to wildcard30
[DEBUG] Dynamically added transition from wildcard43 to .*
[DEBUG] Dynamically added transition from wildcard43 to wildcard29
[DEBUG] Dynamically added transition from wildcard43 to wildcard28
[DEBUG] Dynamically added transition from wildcard43 to wildcard43
[DEBUG] Dynamically added transition from wildcard43 to wildcard42
[DEBUG] Dynamically added transition from wildcard43 to INITIAL
[DEBUG] Dynamically added transition from wildcard43 to wildcard41
[DEBUG] Dynamically added transition from wildcard43 to wildcard40
[DEBUG] Dynamically added transition from wildcard43 to end
[DEBUG] Dynamically added transition from wildcard43 to wildcard39
[DEBUG] Dynamically added transition from wildcard43 to wildcard16
[DEBUG] Dynamically added transition from wildcard43 to wildcard15
[DEBUG] Dynamically added transition from wildcard43 to wildcard14
[DEBUG] Dynamically added transition from wildcard43 to middle
[DEBUG] Dynamically added transition from wildcard43 to wildcard13
[DEBUG] Dynamically added transition from wildcard43 to wildcard12
[DEBUG] Dynamically added transition from wildcard43 to wildcard11
[DEBUG] Dynamically added transition from wildcard43 to wildcard10
[DEBUG] Dynamically added transition from wildcard43 to start
[INFO] Wildcard transition valid to state: wildcard43
[INFO] Wildcard transition detected from wildcard43 to wildcard44
[DEBUG] Created intermediate state for wildcard transition: wildcard44
[DEBUG] Dynamically added transition from wildcard43 to wildcard44
[DEBUG] Dynamically added transition from wildcard27 to wildcard44
[DEBUG] Dynamically added transition from wildcard26 to wildcard44
[DEBUG] Dynamically added transition from wildcard25 to wildcard44
[DEBUG] Dynamically added transition from wildcard24 to wildcard44
[DEBUG] Dynamically added transition from wildcard23 to wildcard44
[DEBUG] Dynamically added transition from wildcard22 to wildcard44
[DEBUG] Dynamically added transition from wildcard1 to wildcard44
[DEBUG] Dynamically added transition from wildcard21 to wildcard44
[DEBUG] Dynamically added transition from wildcard0 to wildcard44
[DEBUG] Dynamically added transition from wildcard20 to wildcard44
[DEBUG] Dynamically added transition from wildcard3 to wildcard44
[DEBUG] Dynamically added transition from wildcard2 to wildcard44
[DEBUG] Dynamically added transition from wildcard5 to wildcard44
[DEBUG] Dynamically added transition from wildcard4 to wildcard44
[DEBUG] Dynamically added transition from wildcard7 to wildcard44
[DEBUG] Dynamically added transition from wildcard6 to wildcard44
[DEBUG] Dynamically added transition from wildcard9 to wildcard44
[DEBUG] Dynamically added transition from wildcard8 to wildcard44
[DEBUG] Dynamically added transition from wildcard19 to wildcard44
[DEBUG] Dynamically added transition from wildcard18 to wildcard44
[DEBUG] Dynamically added transition from wildcard17 to wildcard44
[DEBUG] Dynamically added transition from wildcard38 to wildcard44
[DEBUG] Dynamically added transition from wildcard37 to wildcard44
[DEBUG] Dynamically added transition from wildcard36 to wildcard44
[DEBUG] Dynamically added transition from wildcard35 to wildcard44
[DEBUG] Dynamically added transition from wildcard34 to wildcard44
[DEBUG] Dynamically added transition from wildcard33 to wildcard44
[DEBUG] Dynamically added transition from wildcard32 to wildcard44
[DEBUG] Dynamically added transition from wildcard31 to wildcard44
[DEBUG] Dynamically added transition from wildcard30 to wildcard44
[DEBUG] Dynamically added transition from wildcard29 to wildcard44
[DEBUG] Dynamically added transition from wildcard28 to wildcard44
[DEBUG] Dynamically added transition from wildcard42 to wildcard44
[DEBUG] Dynamically added transition from INITIAL to wildcard44
[DEBUG] Dynamically added transition from wildcard41 to wildcard44
[DEBUG] Dynamically added transition from wildcard40 to wildcard44
[DEBUG] Dynamically added transition from wildcard39 to wildcard44
[DEBUG] Dynamically added transition from wildcard16 to wildcard44
[DEBUG] Dynamically added transition from wildcard15 to wildcard44
[DEBUG] Dynamically added transition from wildcard14 to wildcard44
[DEBUG] Dynamically added transition from wildcard13 to wildcard44
[DEBUG] Dynamically added transition from wildcard12 to wildcard44
[DEBUG] Dynamically added transition from wildcard11 to wildcard44
[DEBUG] Dynamically added transition from wildcard10 to wildcard44
[DEBUG] Dynamically added transition from start to wildcard44
[DEBUG] Dynamically added transition from wildcard44 to wildcard27
[DEBUG] Dynamically added transition from wildcard44 to wildcard26
[DEBUG] Dynamically added transition from wildcard44 to wildcard25
[DEBUG] Dynamically added transition from wildcard44 to wildcard24
[DEBUG] Dynamically added transition from wildcard44 to wildcard23
[DEBUG] Dynamically added transition from wildcard44 to wildcard22
[DEBUG] Dynamically added transition from wildcard44 to wildcard1
[DEBUG] Dynamically added transition from wildcard44 to wildcard21
[DEBUG] Dynamically added transition from wildcard44 to wildcard0
[DEBUG] Dynamically added transition from wildcard44 to wildcard20
[DEBUG] Dynamically added transition from wildcard44 to wildcard3
[DEBUG] Dynamically added transition from wildcard44 to wildcard2
[DEBUG] Dynamically added transition from wildcard44 to wildcard5
[DEBUG] Dynamically added transition from wildcard44 to wildcard4
[DEBUG] Dynamically added transition from wildcard44 to wildcard7
[DEBUG] Dynamically added transition from wildcard44 to wildcard6
[DEBUG] Dynamically added transition from wildcard44 to wildcard9
[DEBUG] Dynamically added transition from wildcard44 to wildcard8
[DEBUG] Dynamically added transition from wildcard44 to wildcard19
[DEBUG] Dynamically added transition from wildcard44 to wildcard18
[DEBUG] Dynamically added transition from wildcard44 to wildcard17
[DEBUG] Dynamically added transition from wildcard44 to wildcard38
[DEBUG] Dynamically added transition from wildcard44 to wildcard37
[DEBUG] Dynamically added transition from wildcard44 to wildcard36
[DEBUG] Dynamically added transition from wildcard44 to wildcard35
[DEBUG] Dynamically added transition from wildcard44 to wildcard34
[DEBUG] Dynamically added transition from wildcard44 to wildcard33
[DEBUG] Dynamically added transition from wildcard44 to wildcard32
[DEBUG] Dynamically added transition from wildcard44 to wildcard31
[DEBUG] Dynamically added transition from wildcard44 to wildcard30
[DEBUG] Dynamically added transition from wildcard44 to .*
[DEBUG] Dynamically added transition from wildcard44 to wildcard29
[DEBUG] Dynamically added transition from wildcard44 to wildcard28
[DEBUG] Dynamically added transition from wildcard44 to wildcard44
[DEBUG] Dynamically added transition from wildcard44 to wildcard43
[DEBUG] Dynamically added transition from wildcard44 to wildcard42
[DEBUG] Dynamically added transition from wildcard44 to INITIAL
[DEBUG] Dynamically added transition from wildcard44 to wildcard41
[DEBUG] Dynamically added transition from wildcard44 to wildcard40
[DEBUG] Dynamically added transition from wildcard44 to end
[DEBUG] Dynamically added transition from wildcard44 to wildcard39
[DEBUG] Dynamically added transition from wildcard44 to wildcard16
[DEBUG] Dynamically added transition from wildcard44 to wildcard15
[DEBUG] Dynamically added transition from wildcard44 to wildcard14
[DEBUG] Dynamically added transition from wildcard44 to middle
[DEBUG] Dynamically added transition from wildcard44 to wildcard13
[DEBUG] Dynamically added transition from wildcard44 to wildcard12
[DEBUG] Dynamically added transition from wildcard44 to wildcard11
[DEBUG] Dynamically added transition from wildcard44 to wildcard10
[DEBUG] Dynamically added transition from wildcard44 to start
[INFO] Wildcard transition valid to state: wildcard44
[INFO] Wildcard transition detected from wildcard44 to wildcard45
[DEBUG] Created intermediate state for wildcard transition: wildcard45
[DEBUG] Dynamically added transition from wildcard44 to wildcard45
[DEBUG] Dynamically added transition from wildcard27 to wildcard45
[DEBUG] Dynamically added transition from wildcard26 to wildcard45
[DEBUG] Dynamically added transition from wildcard25 to wildcard45
[DEBUG] Dynamically added transition from wildcard24 to wildcard45
[DEBUG] Dynamically added transition from wildcard23 to wildcard45
[DEBUG] Dynamically added transition from wildcard22 to wildcard45
[DEBUG] Dynamically added transition from wildcard1 to wildcard45
[DEBUG] Dynamically added transition from wildcard21 to wildcard45
[DEBUG] Dynamically added transition from wildcard0 to wildcard45
[DEBUG] Dynamically added transition from wildcard20 to wildcard45
[DEBUG] Dynamically added transition from wildcard3 to wildcard45
[DEBUG] Dynamically added transition from wildcard2 to wildcard45
[DEBUG] Dynamically added transition from wildcard5 to wildcard45
[DEBUG] Dynamically added transition from wildcard4 to wildcard45
[DEBUG] Dynamically added transition from wildcard7 to wildcard45
[DEBUG] Dynamically added transition from wildcard6 to wildcard45
[DEBUG] Dynamically added transition from wildcard9 to wildcard45
[DEBUG] Dynamically added transition from wildcard8 to wildcard45
[DEBUG] Dynamically added transition from wildcard19 to wildcard45
[DEBUG] Dynamically added transition from wildcard18 to wildcard45
[DEBUG] Dynamically added transition from wildcard17 to wildcard45
[DEBUG] Dynamically added transition from wildcard38 to wildcard45
[DEBUG] Dynamically added transition from wildcard37 to wildcard45
[DEBUG] Dynamically added transition from wildcard36 to wildcard45
[DEBUG] Dynamically added transition from wildcard35 to wildcard45
[DEBUG] Dynamically added transition from wildcard34 to wildcard45
[DEBUG] Dynamically added transition from wildcard33 to wildcard45
[DEBUG] Dynamically added transition from wildcard32 to wildcard45
[DEBUG] Dynamically added transition from wildcard31 to wildcard45
[DEBUG] Dynamically added transition from wildcard30 to wildcard45
[DEBUG] Dynamically added transition from wildcard29 to wildcard45
[DEBUG] Dynamically added transition from wildcard28 to wildcard45
[DEBUG] Dynamically added transition from wildcard43 to wildcard45
[DEBUG] Dynamically added transition from wildcard42 to wildcard45
[DEBUG] Dynamically added transition from INITIAL to wildcard45
[DEBUG] Dynamically added transition from wildcard41 to wildcard45
[DEBUG] Dynamically added transition from wildcard40 to wildcard45
[DEBUG] Dynamically added transition from wildcard39 to wildcard45
[DEBUG] Dynamically added transition from wildcard16 to wildcard45
[DEBUG] Dynamically added transition from wildcard15 to wildcard45
[DEBUG] Dynamically added transition from wildcard14 to wildcard45
[DEBUG] Dynamically added transition from wildcard13 to wildcard45
[DEBUG] Dynamically added transition from wildcard12 to wildcard45
[DEBUG] Dynamically added transition from wildcard11 to wildcard45
[DEBUG] Dynamically added transition from wildcard10 to wildcard45
[DEBUG] Dynamically added transition from start to wildcard45
[DEBUG] Dynamically added transition from wildcard45 to wildcard27
[DEBUG] Dynamically added transition from wildcard45 to wildcard26
[DEBUG] Dynamically added transition from wildcard45 to wildcard25
[DEBUG] Dynamically added transition from wildcard45 to wildcard24
[DEBUG] Dynamically added transition from wildcard45 to wildcard23
[DEBUG] Dynamically added transition from wildcard45 to wildcard22
[DEBUG] Dynamically added transition from wildcard45 to wildcard1
[DEBUG] Dynamically added transition from wildcard45 to wildcard21
[DEBUG] Dynamically added transition from wildcard45 to wildcard0
[DEBUG] Dynamically added transition from wildcard45 to wildcard20
[DEBUG] Dynamically added transition from wildcard45 to wildcard3
[DEBUG] Dynamically added transition from wildcard45 to wildcard2
[DEBUG] Dynamically added transition from wildcard45 to wildcard5
[DEBUG] Dynamically added transition from wildcard45 to wildcard4
[DEBUG] Dynamically added transition from wildcard45 to wildcard7
[DEBUG] Dynamically added transition from wildcard45 to wildcard6
[DEBUG] Dynamically added transition from wildcard45 to wildcard9
[DEBUG] Dynamically added transition from wildcard45 to wildcard8
[DEBUG] Dynamically added transition from wildcard45 to wildcard19
[DEBUG] Dynamically added transition from wildcard45 to wildcard18
[DEBUG] Dynamically added transition from wildcard45 to wildcard17
[DEBUG] Dynamically added transition from wildcard45 to wildcard38
[DEBUG] Dynamically added transition from wildcard45 to wildcard37
[DEBUG] Dynamically added transition from wildcard45 to wildcard36
[DEBUG] Dynamically added transition from wildcard45 to wildcard35
[DEBUG] Dynamically added transition from wildcard45 to wildcard34
[DEBUG] Dynamically added transition from wildcard45 to wildcard33
[DEBUG] Dynamically added transition from wildcard45 to wildcard32
[DEBUG] Dynamically added transition from wildcard45 to wildcard31
[DEBUG] Dynamically added transition from wildcard45 to wildcard30
[DEBUG] Dynamically added transition from wildcard45 to .*
[DEBUG] Dynamically added transition from wildcard45 to wildcard29
[DEBUG] Dynamically added transition from wildcard45 to wildcard28
[DEBUG] Dynamically added transition from wildcard45 to wildcard45
[DEBUG] Dynamically added transition from wildcard45 to wildcard44
[DEBUG] Dynamically added transition from wildcard45 to wildcard43
[DEBUG] Dynamically added transition from wildcard45 to wildcard42
[DEBUG] Dynamically added transition from wildcard45 to INITIAL
[DEBUG] Dynamically added transition from wildcard45 to wildcard41
[DEBUG] Dynamically added transition from wildcard45 to wildcard40
[DEBUG] Dynamically added transition from wildcard45 to end
[DEBUG] Dynamically added transition from wildcard45 to wildcard39
[DEBUG] Dynamically added transition from wildcard45 to wildcard16
[DEBUG] Dynamically added transition from wildcard45 to wildcard15
[DEBUG] Dynamically added transition from wildcard45 to wildcard14
[DEBUG] Dynamically added transition from wildcard45 to middle
[DEBUG] Dynamically added transition from wildcard45 to wildcard13
[DEBUG] Dynamically added transition from wildcard45 to wildcard12
[DEBUG] Dynamically added transition from wildcard45 to wildcard11
[DEBUG] Dynamically added transition from wildcard45 to wildcard10
[DEBUG] Dynamically added transition from wildcard45 to start
[INFO] Wildcard transition valid to state: wildcard45
[INFO] Wildcard transition detected from wildcard45 to wildcard46
[DEBUG] Created intermediate state for wildcard transition: wildcard46
[DEBUG] Dynamically added transition from wildcard45 to wildcard46
[DEBUG] Dynamically added transition from wildcard27 to wildcard46
[DEBUG] Dynamically added transition from wildcard26 to wildcard46
[DEBUG] Dynamically added transition from wildcard25 to wildcard46
[DEBUG] Dynamically added transition from wildcard24 to wildcard46
[DEBUG] Dynamically added transition from wildcard23 to wildcard46
[DEBUG] Dynamically added transition from wildcard22 to wildcard46
[DEBUG] Dynamically added transition from wildcard1 to wildcard46
[DEBUG] Dynamically added transition from wildcard21 to wildcard46
[DEBUG] Dynamically added transition from wildcard0 to wildcard46
[DEBUG] Dynamically added transition from wildcard20 to wildcard46
[DEBUG] Dynamically added transition from wildcard3 to wildcard46
[DEBUG] Dynamically added transition from wildcard2 to wildcard46
[DEBUG] Dynamically added transition from wildcard5 to wildcard46
[DEBUG] Dynamically added transition from wildcard4 to wildcard46
[DEBUG] Dynamically added transition from wildcard7 to wildcard46
[DEBUG] Dynamically added transition from wildcard6 to wildcard46
[DEBUG] Dynamically added transition from wildcard9 to wildcard46
[DEBUG] Dynamically added transition from wildcard8 to wildcard46
[DEBUG] Dynamically added transition from wildcard19 to wildcard46
[DEBUG] Dynamically added transition from wildcard18 to wildcard46
[DEBUG] Dynamically added transition from wildcard17 to wildcard46
[DEBUG] Dynamically added transition from wildcard38 to wildcard46
[DEBUG] Dynamically added transition from wildcard37 to wildcard46
[DEBUG] Dynamically added transition from wildcard36 to wildcard46
[DEBUG] Dynamically added transition from wildcard35 to wildcard46
[DEBUG] Dynamically added transition from wildcard34 to wildcard46
[DEBUG] Dynamically added transition from wildcard33 to wildcard46
[DEBUG] Dynamically added transition from wildcard32 to wildcard46
[DEBUG] Dynamically added transition from wildcard31 to wildcard46
[DEBUG] Dynamically added transition from wildcard30 to wildcard46
[DEBUG] Dynamically added transition from wildcard29 to wildcard46
[DEBUG] Dynamically added transition from wildcard28 to wildcard46
[DEBUG] Dynamically added transition from wildcard44 to wildcard46
[DEBUG] Dynamically added transition from wildcard43 to wildcard46
[DEBUG] Dynamically added transition from wildcard42 to wildcard46
[DEBUG] Dynamically added transition from INITIAL to wildcard46
[DEBUG] Dynamically added transition from wildcard41 to wildcard46
[DEBUG] Dynamically added transition from wildcard40 to wildcard46
[DEBUG] Dynamically added transition from wildcard39 to wildcard46
[DEBUG] Dynamically added transition from wildcard16 to wildcard46
[DEBUG] Dynamically added transition from wildcard15 to wildcard46
[DEBUG] Dynamically added transition from wildcard14 to wildcard46
[DEBUG] Dynamically added transition from wildcard13 to wildcard46
[DEBUG] Dynamically added transition from wildcard12 to wildcard46
[DEBUG] Dynamically added transition from wildcard11 to wildcard46
[DEBUG] Dynamically added transition from wildcard10 to wildcard46
[DEBUG] Dynamically added transition from start to wildcard46
[DEBUG] Dynamically added transition from wildcard46 to wildcard27
[DEBUG] Dynamically added transition from wildcard46 to wildcard26
[DEBUG] Dynamically added transition from wildcard46 to wildcard25
[DEBUG] Dynamically added transition from wildcard46 to wildcard24
[DEBUG] Dynamically added transition from wildcard46 to wildcard23
[DEBUG] Dynamically added transition from wildcard46 to wildcard22
[DEBUG] Dynamically added transition from wildcard46 to wildcard1
[DEBUG] Dynamically added transition from wildcard46 to wildcard21
[DEBUG] Dynamically added transition from wildcard46 to wildcard0
[DEBUG] Dynamically added transition from wildcard46 to wildcard20
[DEBUG] Dynamically added transition from wildcard46 to wildcard3
[DEBUG] Dynamically added transition from wildcard46 to wildcard2
[DEBUG] Dynamically added transition from wildcard46 to wildcard5
[DEBUG] Dynamically added transition from wildcard46 to wildcard4
[DEBUG] Dynamically added transition from wildcard46 to wildcard7
[DEBUG] Dynamically added transition from wildcard46 to wildcard6
[DEBUG] Dynamically added transition from wildcard46 to wildcard9
[DEBUG] Dynamically added transition from wildcard46 to wildcard8
[DEBUG] Dynamically added transition from wildcard46 to wildcard19
[DEBUG] Dynamically added transition from wildcard46 to wildcard18
[DEBUG] Dynamically added transition from wildcard46 to wildcard17
[DEBUG] Dynamically added transition from wildcard46 to wildcard38
[DEBUG] Dynamically added transition from wildcard46 to wildcard37
[DEBUG] Dynamically added transition from wildcard46 to wildcard36
[DEBUG] Dynamically added transition from wildcard46 to wildcard35
[DEBUG] Dynamically added transition from wildcard46 to wildcard34
[DEBUG] Dynamically added transition from wildcard46 to wildcard33
[DEBUG] Dynamically added transition from wildcard46 to wildcard32
[DEBUG] Dynamically added transition from wildcard46 to wildcard31
[DEBUG] Dynamically added transition from wildcard46 to wildcard30
[DEBUG] Dynamically added transition from wildcard46 to .*
[DEBUG] Dynamically added transition from wildcard46 to wildcard29
[DEBUG] Dynamically added transition from wildcard46 to wildcard28
[DEBUG] Dynamically added transition from wildcard46 to wildcard46
[DEBUG] Dynamically added transition from wildcard46 to wildcard45
[DEBUG] Dynamically added transition from wildcard46 to wildcard44
[DEBUG] Dynamically added transition from wildcard46 to wildcard43
[DEBUG] Dynamically added transition from wildcard46 to wildcard42
[DEBUG] Dynamically added transition from wildcard46 to INITIAL
[DEBUG] Dynamically added transition from wildcard46 to wildcard41
[DEBUG] Dynamically added transition from wildcard46 to wildcard40
[DEBUG] Dynamically added transition from wildcard46 to end
[DEBUG] Dynamically added transition from wildcard46 to wildcard39
[DEBUG] Dynamically added transition from wildcard46 to wildcard16
[DEBUG] Dynamically added transition from wildcard46 to wildcard15
[DEBUG] Dynamically added transition from wildcard46 to wildcard14
[DEBUG] Dynamically added transition from wildcard46 to middle
[DEBUG] Dynamically added transition from wildcard46 to wildcard13
[DEBUG] Dynamically added transition from wildcard46 to wildcard12
[DEBUG] Dynamically added transition from wildcard46 to wildcard11
[DEBUG] Dynamically added transition from wildcard46 to wildcard10
[DEBUG] Dynamically added transition from wildcard46 to start
[INFO] Wildcard transition valid to state: wildcard46
[INFO] Wildcard transition detected from wildcard46 to wildcard47
[DEBUG] Created intermediate state for wildcard transition: wildcard47
[DEBUG] Dynamically added transition from wildcard46 to wildcard47
[DEBUG] Dynamically added transition from wildcard27 to wildcard47
[DEBUG] Dynamically added transition from wildcard26 to wildcard47
[DEBUG] Dynamically added transition from wildcard25 to wildcard47
[DEBUG] Dynamically added transition from wildcard24 to wildcard47
[DEBUG] Dynamically added transition from wildcard23 to wildcard47
[DEBUG] Dynamically added transition from wildcard22 to wildcard47
[DEBUG] Dynamically added transition from wildcard1 to wildcard47
[DEBUG] Dynamically added transition from wildcard21 to wildcard47
[DEBUG] Dynamically added transition from wildcard0 to wildcard47
[DEBUG] Dynamically added transition from wildcard20 to wildcard47
[DEBUG] Dynamically added transition from wildcard3 to wildcard47
[DEBUG] Dynamically added transition from wildcard2 to wildcard47
[DEBUG] Dynamically added transition from wildcard5 to wildcard47
[DEBUG] Dynamically added transition from wildcard4 to wildcard47
[DEBUG] Dynamically added transition from wildcard7 to wildcard47
[DEBUG] Dynamically added transition from wildcard6 to wildcard47
[DEBUG] Dynamically added transition from wildcard9 to wildcard47
[DEBUG] Dynamically added transition from wildcard8 to wildcard47
[DEBUG] Dynamically added transition from wildcard19 to wildcard47
[DEBUG] Dynamically added transition from wildcard18 to wildcard47
[DEBUG] Dynamically added transition from wildcard17 to wildcard47
[DEBUG] Dynamically added transition from wildcard38 to wildcard47
[DEBUG] Dynamically added transition from wildcard37 to wildcard47
[DEBUG] Dynamically added transition from wildcard36 to wildcard47
[DEBUG] Dynamically added transition from wildcard35 to wildcard47
[DEBUG] Dynamically added transition from wildcard34 to wildcard47
[DEBUG] Dynamically added transition from wildcard33 to wildcard47
[DEBUG] Dynamically added transition from wildcard32 to wildcard47
[DEBUG] Dynamically added transition from wildcard31 to wildcard47
[DEBUG] Dynamically added transition from wildcard30 to wildcard47
[DEBUG] Dynamically added transition from wildcard29 to wildcard47
[DEBUG] Dynamically added transition from wildcard28 to wildcard47
[DEBUG] Dynamically added transition from wildcard45 to wildcard47
[DEBUG] Dynamically added transition from wildcard44 to wildcard47
[DEBUG] Dynamically added transition from wildcard43 to wildcard47
[DEBUG] Dynamically added transition from wildcard42 to wildcard47
[DEBUG] Dynamically added transition from INITIAL to wildcard47
[DEBUG] Dynamically added transition from wildcard41 to wildcard47
[DEBUG] Dynamically added transition from wildcard40 to wildcard47
[DEBUG] Dynamically added transition from wildcard39 to wildcard47
[DEBUG] Dynamically added transition from wildcard16 to wildcard47
[DEBUG] Dynamically added transition from wildcard15 to wildcard47
[DEBUG] Dynamically added transition from wildcard14 to wildcard47
[DEBUG] Dynamically added transition from wildcard13 to wildcard47
[DEBUG] Dynamically added transition from wildcard12 to wildcard47
[DEBUG] Dynamically added transition from wildcard11 to wildcard47
[DEBUG] Dynamically added transition from wildcard10 to wildcard47
[DEBUG] Dynamically added transition from start to wildcard47
[DEBUG] Dynamically added transition from wildcard47 to wildcard27
[DEBUG] Dynamically added transition from wildcard47 to wildcard26
[DEBUG] Dynamically added transition from wildcard47 to wildcard25
[DEBUG] Dynamically added transition from wildcard47 to wildcard24
[DEBUG] Dynamically added transition from wildcard47 to wildcard23
[DEBUG] Dynamically added transition from wildcard47 to wildcard22
[DEBUG] Dynamically added transition from wildcard47 to wildcard1
[DEBUG] Dynamically added transition from wildcard47 to wildcard21
[DEBUG] Dynamically added transition from wildcard47 to wildcard0
[DEBUG] Dynamically added transition from wildcard47 to wildcard20
[DEBUG] Dynamically added transition from wildcard47 to wildcard3
[DEBUG] Dynamically added transition from wildcard47 to wildcard2
[DEBUG] Dynamically added transition from wildcard47 to wildcard5
[DEBUG] Dynamically added transition from wildcard47 to wildcard4
[DEBUG] Dynamically added transition from wildcard47 to wildcard7
[DEBUG] Dynamically added transition from wildcard47 to wildcard6
[DEBUG] Dynamically added transition from wildcard47 to wildcard9
[DEBUG] Dynamically added transition from wildcard47 to wildcard8
[DEBUG] Dynamically added transition from wildcard47 to wildcard19
[DEBUG] Dynamically added transition from wildcard47 to wildcard18
[DEBUG] Dynamically added transition from wildcard47 to wildcard17
[DEBUG] Dynamically added transition from wildcard47 to wildcard38
[DEBUG] Dynamically added transition from wildcard47 to wildcard37
[DEBUG] Dynamically added transition from wildcard47 to wildcard36
[DEBUG] Dynamically added transition from wildcard47 to wildcard35
[DEBUG] Dynamically added transition from wildcard47 to wildcard34
[DEBUG] Dynamically added transition from wildcard47 to wildcard33
[DEBUG] Dynamically added transition from wildcard47 to wildcard32
[DEBUG] Dynamically added transition from wildcard47 to wildcard31
[DEBUG] Dynamically added transition from wildcard47 to wildcard30
[DEBUG] Dynamically added transition from wildcard47 to .*
[DEBUG] Dynamically added transition from wildcard47 to wildcard29
[DEBUG] Dynamically added transition from wildcard47 to wildcard28
[DEBUG] Dynamically added transition from wildcard47 to wildcard47
[DEBUG] Dynamically added transition from wildcard47 to wildcard46
[DEBUG] Dynamically added transition from wildcard47 to wildcard45
[DEBUG] Dynamically added transition from wildcard47 to wildcard44
[DEBUG] Dynamically added transition from wildcard47 to wildcard43
[DEBUG] Dynamically added transition from wildcard47 to wildcard42
[DEBUG] Dynamically added transition from wildcard47 to INITIAL
[DEBUG] Dynamically added transition from wildcard47 to wildcard41
[DEBUG] Dynamically added transition from wildcard47 to wildcard40
[DEBUG] Dynamically added transition from wildcard47 to end
[DEBUG] Dynamically added transition from wildcard47 to wildcard39
[DEBUG] Dynamically added transition from wildcard47 to wildcard16
[DEBUG] Dynamically added transition from wildcard47 to wildcard15
[DEBUG] Dynamically added transition from wildcard47 to wildcard14
[DEBUG] Dynamically added transition from wildcard47 to middle
[DEBUG] Dynamically added transition from wildcard47 to wildcard13
[DEBUG] Dynamically added transition from wildcard47 to wildcard12
[DEBUG] Dynamically added transition from wildcard47 to wildcard11
[DEBUG] Dynamically added transition from wildcard47 to wildcard10
[DEBUG] Dynamically added transition from wildcard47 to start
[INFO] Wildcard transition valid to state: wildcard47
[INFO] Wildcard transition detected from wildcard47 to wildcard48
[DEBUG] Created intermediate state for wildcard transition: wildcard48
[DEBUG] Dynamically added transition from wildcard47 to wildcard48
[DEBUG] Dynamically added transition from wildcard27 to wildcard48
[DEBUG] Dynamically added transition from wildcard26 to wildcard48
[DEBUG] Dynamically added transition from wildcard25 to wildcard48
[DEBUG] Dynamically added transition from wildcard24 to wildcard48
[DEBUG] Dynamically added transition from wildcard23 to wildcard48
[DEBUG] Dynamically added transition from wildcard22 to wildcard48
[DEBUG] Dynamically added transition from wildcard1 to wildcard48
[DEBUG] Dynamically added transition from wildcard21 to wildcard48
[DEBUG] Dynamically added transition from wildcard0 to wildcard48
[DEBUG] Dynamically added transition from wildcard20 to wildcard48
[DEBUG] Dynamically added transition from wildcard3 to wildcard48
[DEBUG] Dynamically added transition from wildcard2 to wildcard48
[DEBUG] Dynamically added transition from wildcard5 to wildcard48
[DEBUG] Dynamically added transition from wildcard4 to wildcard48
[DEBUG] Dynamically added transition from wildcard7 to wildcard48
[DEBUG] Dynamically added transition from wildcard6 to wildcard48
[DEBUG] Dynamically added transition from wildcard9 to wildcard48
[DEBUG] Dynamically added transition from wildcard8 to wildcard48
[DEBUG] Dynamically added transition from wildcard19 to wildcard48
[DEBUG] Dynamically added transition from wildcard18 to wildcard48
[DEBUG] Dynamically added transition from wildcard17 to wildcard48
[DEBUG] Dynamically added transition from wildcard38 to wildcard48
[DEBUG] Dynamically added transition from wildcard37 to wildcard48
[DEBUG] Dynamically added transition from wildcard36 to wildcard48
[DEBUG] Dynamically added transition from wildcard35 to wildcard48
[DEBUG] Dynamically added transition from wildcard34 to wildcard48
[DEBUG] Dynamically added transition from wildcard33 to wildcard48
[DEBUG] Dynamically added transition from wildcard32 to wildcard48
[DEBUG] Dynamically added transition from wildcard31 to wildcard48
[DEBUG] Dynamically added transition from wildcard30 to wildcard48
[DEBUG] Dynamically added transition from wildcard29 to wildcard48
[DEBUG] Dynamically added transition from wildcard28 to wildcard48
[DEBUG] Dynamically added transition from wildcard46 to wildcard48
[DEBUG] Dynamically added transition from wildcard45 to wildcard48
[DEBUG] Dynamically added transition from wildcard44 to wildcard48
[DEBUG] Dynamically added transition from wildcard43 to wildcard48
[DEBUG] Dynamically added transition from wildcard42 to wildcard48
[DEBUG] Dynamically added transition from INITIAL to wildcard48
[DEBUG] Dynamically added transition from wildcard41 to wildcard48
[DEBUG] Dynamically added transition from wildcard40 to wildcard48
[DEBUG] Dynamically added transition from wildcard39 to wildcard48
[DEBUG] Dynamically added transition from wildcard16 to wildcard48
[DEBUG] Dynamically added transition from wildcard15 to wildcard48
[DEBUG] Dynamically added transition from wildcard14 to wildcard48
[DEBUG] Dynamically added transition from wildcard13 to wildcard48
[DEBUG] Dynamically added transition from wildcard12 to wildcard48
[DEBUG] Dynamically added transition from wildcard11 to wildcard48
[DEBUG] Dynamically added transition from wildcard10 to wildcard48
[DEBUG] Dynamically added transition from start to wildcard48
[DEBUG] Dynamically added transition from wildcard48 to wildcard27
[DEBUG] Dynamically added transition from wildcard48 to wildcard26
[DEBUG] Dynamically added transition from wildcard48 to wildcard25
[DEBUG] Dynamically added transition from wildcard48 to wildcard24
[DEBUG] Dynamically added transition from wildcard48 to wildcard23
[DEBUG] Dynamically added transition from wildcard48 to wildcard22
[DEBUG] Dynamically added transition from wildcard48 to wildcard1
[DEBUG] Dynamically added transition from wildcard48 to wildcard21
[DEBUG] Dynamically added transition from wildcard48 to wildcard0
[DEBUG] Dynamically added transition from wildcard48 to wildcard20
[DEBUG] Dynamically added transition from wildcard48 to wildcard3
[DEBUG] Dynamically added transition from wildcard48 to wildcard2
[DEBUG] Dynamically added transition from wildcard48 to wildcard5
[DEBUG] Dynamically added transition from wildcard48 to wildcard4
[DEBUG] Dynamically added transition from wildcard48 to wildcard7
[DEBUG] Dynamically added transition from wildcard48 to wildcard6
[DEBUG] Dynamically added transition from wildcard48 to wildcard9
[DEBUG] Dynamically added transition from wildcard48 to wildcard8
[DEBUG] Dynamically added transition from wildcard48 to wildcard19
[DEBUG] Dynamically added transition from wildcard48 to wildcard18
[DEBUG] Dynamically added transition from wildcard48 to wildcard17
[DEBUG] Dynamically added transition from wildcard48 to wildcard38
[DEBUG] Dynamically added transition from wildcard48 to wildcard37
[DEBUG] Dynamically added transition from wildcard48 to wildcard36
[DEBUG] Dynamically added transition from wildcard48 to wildcard35
[DEBUG] Dynamically added transition from wildcard48 to wildcard34
[DEBUG] Dynamically added transition from wildcard48 to wildcard33
[DEBUG] Dynamically added transition from wildcard48 to wildcard32
[DEBUG] Dynamically added transition from wildcard48 to wildcard31
[DEBUG] Dynamically added transition from wildcard48 to wildcard30
[DEBUG] Dynamically added transition from wildcard48 to .*
[DEBUG] Dynamically added transition from wildcard48 to wildcard29
[DEBUG] Dynamically added transition from wildcard48 to wildcard28
[DEBUG] Dynamically added transition from wildcard48 to wildcard48
[DEBUG] Dynamically added transition from wildcard48 to wildcard47
[DEBUG] Dynamically added transition from wildcard48 to wildcard46
[DEBUG] Dynamically added transition from wildcard48 to wildcard45
[DEBUG] Dynamically added transition from wildcard48 to wildcard44
[DEBUG] Dynamically added transition from wildcard48 to wildcard43
[DEBUG] Dynamically added transition from wildcard48 to wildcard42
[DEBUG] Dynamically added transition from wildcard48 to INITIAL
[DEBUG] Dynamically added transition from wildcard48 to wildcard41
[DEBUG] Dynamically added transition from wildcard48 to wildcard40
[DEBUG] Dynamically added transition from wildcard48 to end
[DEBUG] Dynamically added transition from wildcard48 to wildcard39
[DEBUG] Dynamically added transition from wildcard48 to wildcard16
[DEBUG] Dynamically added transition from wildcard48 to wildcard15
[DEBUG] Dynamically added transition from wildcard48 to wildcard14
[DEBUG] Dynamically added transition from wildcard48 to middle
[DEBUG] Dynamically added transition from wildcard48 to wildcard13
[DEBUG] Dynamically added transition from wildcard48 to wildcard12
[DEBUG] Dynamically added transition from wildcard48 to wildcard11
[DEBUG] Dynamically added transition from wildcard48 to wildcard10
[DEBUG] Dynamically added transition from wildcard48 to start
[INFO] Wildcard transition valid to state: wildcard48
[INFO] Wildcard transition detected from wildcard48 to wildcard49
[DEBUG] Created intermediate state for wildcard transition: wildcard49
[DEBUG] Dynamically added transition from wildcard48 to wildcard49
[DEBUG] Dynamically added transition from wildcard27 to wildcard49
[DEBUG] Dynamically added transition from wildcard26 to wildcard49
[DEBUG] Dynamically added transition from wildcard25 to wildcard49
[DEBUG] Dynamically added transition from wildcard24 to wildcard49
[DEBUG] Dynamically added transition from wildcard23 to wildcard49
[DEBUG] Dynamically added transition from wildcard22 to wildcard49
[DEBUG] Dynamically added transition from wildcard1 to wildcard49
[DEBUG] Dynamically added transition from wildcard21 to wildcard49
[DEBUG] Dynamically added transition from wildcard0 to wildcard49
[DEBUG] Dynamically added transition from wildcard20 to wildcard49
[DEBUG] Dynamically added transition from wildcard3 to wildcard49
[DEBUG] Dynamically added transition from wildcard2 to wildcard49
[DEBUG] Dynamically added transition from wildcard5 to wildcard49
[DEBUG] Dynamically added transition from wildcard4 to wildcard49
[DEBUG] Dynamically added transition from wildcard7 to wildcard49
[DEBUG] Dynamically added transition from wildcard6 to wildcard49
[DEBUG] Dynamically added transition from wildcard9 to wildcard49
[DEBUG] Dynamically added transition from wildcard8 to wildcard49
[DEBUG] Dynamically added transition from wildcard19 to wildcard49
[DEBUG] Dynamically added transition from wildcard18 to wildcard49
[DEBUG] Dynamically added transition from wildcard17 to wildcard49
[DEBUG] Dynamically added transition from wildcard38 to wildcard49
[DEBUG] Dynamically added transition from wildcard37 to wildcard49
[DEBUG] Dynamically added transition from wildcard36 to wildcard49
[DEBUG] Dynamically added transition from wildcard35 to wildcard49
[DEBUG] Dynamically added transition from wildcard34 to wildcard49
[DEBUG] Dynamically added transition from wildcard33 to wildcard49
[DEBUG] Dynamically added transition from wildcard32 to wildcard49
[DEBUG] Dynamically added transition from wildcard31 to wildcard49
[DEBUG] Dynamically added transition from wildcard30 to wildcard49
[DEBUG] Dynamically added transition from wildcard29 to wildcard49
[DEBUG] Dynamically added transition from wildcard28 to wildcard49
[DEBUG] Dynamically added transition from wildcard47 to wildcard49
[DEBUG] Dynamically added transition from wildcard46 to wildcard49
[DEBUG] Dynamically added transition from wildcard45 to wildcard49
[DEBUG] Dynamically added transition from wildcard44 to wildcard49
[DEBUG] Dynamically added transition from wildcard43 to wildcard49
[DEBUG] Dynamically added transition from wildcard42 to wildcard49
[DEBUG] Dynamically added transition from INITIAL to wildcard49
[DEBUG] Dynamically added transition from wildcard41 to wildcard49
[DEBUG] Dynamically added transition from wildcard40 to wildcard49
[DEBUG] Dynamically added transition from wildcard39 to wildcard49
[DEBUG] Dynamically added transition from wildcard16 to wildcard49
[DEBUG] Dynamically added transition from wildcard15 to wildcard49
[DEBUG] Dynamically added transition from wildcard14 to wildcard49
[DEBUG] Dynamically added transition from wildcard13 to wildcard49
[DEBUG] Dynamically added transition from wildcard12 to wildcard49
[DEBUG] Dynamically added transition from wildcard11 to wildcard49
[DEBUG] Dynamically added transition from wildcard10 to wildcard49
[DEBUG] Dynamically added transition from start to wildcard49
[DEBUG] Dynamically added transition from wildcard49 to wildcard27
[DEBUG] Dynamically added transition from wildcard49 to wildcard26
[DEBUG] Dynamically added transition from wildcard49 to wildcard25
[DEBUG] Dynamically added transition from wildcard49 to wildcard24
[DEBUG] Dynamically added transition from wildcard49 to wildcard23
[DEBUG] Dynamically added transition from wildcard49 to wildcard22
[DEBUG] Dynamically added transition from wildcard49 to wildcard1
[DEBUG] Dynamically added transition from wildcard49 to wildcard21
[DEBUG] Dynamically added transition from wildcard49 to wildcard0
[DEBUG] Dynamically added transition from wildcard49 to wildcard20
[DEBUG] Dynamically added transition from wildcard49 to wildcard3
[DEBUG] Dynamically added transition from wildcard49 to wildcard2
[DEBUG] Dynamically added transition from wildcard49 to wildcard5
[DEBUG] Dynamically added transition from wildcard49 to wildcard4
[DEBUG] Dynamically added transition from wildcard49 to wildcard7
[DEBUG] Dynamically added transition from wildcard49 to wildcard6
[DEBUG] Dynamically added transition from wildcard49 to wildcard9
[DEBUG] Dynamically added transition from wildcard49 to wildcard8
[DEBUG] Dynamically added transition from wildcard49 to wildcard19
[DEBUG] Dynamically added transition from wildcard49 to wildcard18
[DEBUG] Dynamically added transition from wildcard49 to wildcard17
[DEBUG] Dynamically added transition from wildcard49 to wildcard38
[DEBUG] Dynamically added transition from wildcard49 to wildcard37
[DEBUG] Dynamically added transition from wildcard49 to wildcard36
[DEBUG] Dynamically added transition from wildcard49 to wildcard35
[DEBUG] Dynamically added transition from wildcard49 to wildcard34
[DEBUG] Dynamically added transition from wildcard49 to wildcard33
[DEBUG] Dynamically added transition from wildcard49 to wildcard32
[DEBUG] Dynamically added transition from wildcard49 to wildcard31
[DEBUG] Dynamically added transition from wildcard49 to wildcard30
[DEBUG] Dynamically added transition from wildcard49 to .*
[DEBUG] Dynamically added transition from wildcard49 to wildcard29
[DEBUG] Dynamically added transition from wildcard49 to wildcard28
[DEBUG] Dynamically added transition from wildcard49 to wildcard49
[DEBUG] Dynamically added transition from wildcard49 to wildcard48
[DEBUG] Dynamically added transition from wildcard49 to wildcard47
[DEBUG] Dynamically added transition from wildcard49 to wildcard46
[DEBUG] Dynamically added transition from wildcard49 to wildcard45
[DEBUG] Dynamically added transition from wildcard49 to wildcard44
[DEBUG] Dynamically added transition from wildcard49 to wildcard43
[DEBUG] Dynamically added transition from wildcard49 to wildcard42
[DEBUG] Dynamically added transition from wildcard49 to INITIAL
[DEBUG] Dynamically added transition from wildcard49 to wildcard41
[DEBUG] Dynamically added transition from wildcard49 to wildcard40
[DEBUG] Dynamically added transition from wildcard49 to end
[DEBUG] Dynamically added transition from wildcard49 to wildcard39
[DEBUG] Dynamically added transition from wildcard49 to wildcard16
[DEBUG] Dynamically added transition from wildcard49 to wildcard15
[DEBUG] Dynamically added transition from wildcard49 to wildcard14
[DEBUG] Dynamically added transition from wildcard49 to middle
[DEBUG] Dynamically added transition from wildcard49 to wildcard13
[DEBUG] Dynamically added transition from wildcard49 to wildcard12
[DEBUG] Dynamically added transition from wildcard49 to wildcard11
[DEBUG] Dynamically added transition from wildcard49 to wildcard10
[DEBUG] Dynamically added transition from wildcard49 to start
[INFO] Wildcard transition valid to state: wildcard49
[INFO] Wildcard transition detected from wildcard49 to wildcard50
[DEBUG] Created intermediate state for wildcard transition: wildcard50
[DEBUG] Dynamically added transition from wildcard49 to wildcard50
[DEBUG] Dynamically added transition from wildcard27 to wildcard50
[DEBUG] Dynamically added transition from wildcard26 to wildcard50
[DEBUG] Dynamically added transition from wildcard25 to wildcard50
[DEBUG] Dynamically added transition from wildcard24 to wildcard50
[DEBUG] Dynamically added transition from wildcard23 to wildcard50
[DEBUG] Dynamically added transition from wildcard22 to wildcard50
[DEBUG] Dynamically added transition from wildcard1 to wildcard50
[DEBUG] Dynamically added transition from wildcard21 to wildcard50
[DEBUG] Dynamically added transition from wildcard0 to wildcard50
[DEBUG] Dynamically added transition from wildcard20 to wildcard50
[DEBUG] Dynamically added transition from wildcard3 to wildcard50
[DEBUG] Dynamically added transition from wildcard2 to wildcard50
[DEBUG] Dynamically added transition from wildcard5 to wildcard50
[DEBUG] Dynamically added transition from wildcard4 to wildcard50
[DEBUG] Dynamically added transition from wildcard7 to wildcard50
[DEBUG] Dynamically added transition from wildcard6 to wildcard50
[DEBUG] Dynamically added transition from wildcard9 to wildcard50
[DEBUG] Dynamically added transition from wildcard8 to wildcard50
[DEBUG] Dynamically added transition from wildcard19 to wildcard50
[DEBUG] Dynamically added transition from wildcard18 to wildcard50
[DEBUG] Dynamically added transition from wildcard17 to wildcard50
[DEBUG] Dynamically added transition from wildcard38 to wildcard50
[DEBUG] Dynamically added transition from wildcard37 to wildcard50
[DEBUG] Dynamically added transition from wildcard36 to wildcard50
[DEBUG] Dynamically added transition from wildcard35 to wildcard50
[DEBUG] Dynamically added transition from wildcard34 to wildcard50
[DEBUG] Dynamically added transition from wildcard33 to wildcard50
[DEBUG] Dynamically added transition from wildcard32 to wildcard50
[DEBUG] Dynamically added transition from wildcard31 to wildcard50
[DEBUG] Dynamically added transition from wildcard30 to wildcard50
[DEBUG] Dynamically added transition from wildcard29 to wildcard50
[DEBUG] Dynamically added transition from wildcard28 to wildcard50
[DEBUG] Dynamically added transition from wildcard48 to wildcard50
[DEBUG] Dynamically added transition from wildcard47 to wildcard50
[DEBUG] Dynamically added transition from wildcard46 to wildcard50
[DEBUG] Dynamically added transition from wildcard45 to wildcard50
[DEBUG] Dynamically added transition from wildcard44 to wildcard50
[DEBUG] Dynamically added transition from wildcard43 to wildcard50
[DEBUG] Dynamically added transition from wildcard42 to wildcard50
[DEBUG] Dynamically added transition from INITIAL to wildcard50
[DEBUG] Dynamically added transition from wildcard41 to wildcard50
[DEBUG] Dynamically added transition from wildcard40 to wildcard50
[DEBUG] Dynamically added transition from wildcard39 to wildcard50
[DEBUG] Dynamically added transition from wildcard16 to wildcard50
[DEBUG] Dynamically added transition from wildcard15 to wildcard50
[DEBUG] Dynamically added transition from wildcard14 to wildcard50
[DEBUG] Dynamically added transition from wildcard13 to wildcard50
[DEBUG] Dynamically added transition from wildcard12 to wildcard50
[DEBUG] Dynamically added transition from wildcard11 to wildcard50
[DEBUG] Dynamically added transition from wildcard10 to wildcard50
[DEBUG] Dynamically added transition from start to wildcard50
[DEBUG] Dynamically added transition from wildcard50 to wildcard27
[DEBUG] Dynamically added transition from wildcard50 to wildcard26
[DEBUG] Dynamically added transition from wildcard50 to wildcard25
[DEBUG] Dynamically added transition from wildcard50 to wildcard24
[DEBUG] Dynamically added transition from wildcard50 to wildcard23
[DEBUG] Dynamically added transition from wildcard50 to wildcard22
[DEBUG] Dynamically added transition from wildcard50 to wildcard1
[DEBUG] Dynamically added transition from wildcard50 to wildcard21
[DEBUG] Dynamically added transition from wildcard50 to wildcard0
[DEBUG] Dynamically added transition from wildcard50 to wildcard20
[DEBUG] Dynamically added transition from wildcard50 to wildcard3
[DEBUG] Dynamically added transition from wildcard50 to wildcard2
[DEBUG] Dynamically added transition from wildcard50 to wildcard5
[DEBUG] Dynamically added transition from wildcard50 to wildcard4
[DEBUG] Dynamically added transition from wildcard50 to wildcard7
[DEBUG] Dynamically added transition from wildcard50 to wildcard6
[DEBUG] Dynamically added transition from wildcard50 to wildcard9
[DEBUG] Dynamically added transition from wildcard50 to wildcard8
[DEBUG] Dynamically added transition from wildcard50 to wildcard19
[DEBUG] Dynamically added transition from wildcard50 to wildcard18
[DEBUG] Dynamically added transition from wildcard50 to wildcard17
[DEBUG] Dynamically added transition from wildcard50 to wildcard38
[DEBUG] Dynamically added transition from wildcard50 to wildcard37
[DEBUG] Dynamically added transition from wildcard50 to wildcard36
[DEBUG] Dynamically added transition from wildcard50 to wildcard35
[DEBUG] Dynamically added transition from wildcard50 to wildcard34
[DEBUG] Dynamically added transition from wildcard50 to wildcard33
[DEBUG] Dynamically added transition from wildcard50 to wildcard32
[DEBUG] Dynamically added transition from wildcard50 to wildcard31
[DEBUG] Dynamically added transition from wildcard50 to wildcard30
[DEBUG] Dynamically added transition from wildcard50 to .*
[DEBUG] Dynamically added transition from wildcard50 to wildcard29
[DEBUG] Dynamically added transition from wildcard50 to wildcard28
[DEBUG] Dynamically added transition from wildcard50 to wildcard49
[DEBUG] Dynamically added transition from wildcard50 to wildcard48
[DEBUG] Dynamically added transition from wildcard50 to wildcard47
[DEBUG] Dynamically added transition from wildcard50 to wildcard46
[DEBUG] Dynamically added transition from wildcard50 to wildcard45
[DEBUG] Dynamically added transition from wildcard50 to wildcard44
[DEBUG] Dynamically added transition from wildcard50 to wildcard43
[DEBUG] Dynamically added transition from wildcard50 to wildcard42
[DEBUG] Dynamically added transition from wildcard50 to INITIAL
[DEBUG] Dynamically added transition from wildcard50 to wildcard41
[DEBUG] Dynamically added transition from wildcard50 to wildcard40
[DEBUG] Dynamically added transition from wildcard50 to end
[DEBUG] Dynamically added transition from wildcard50 to wildcard39
[DEBUG] Dynamically added transition from wildcard50 to wildcard16
[DEBUG] Dynamically added transition from wildcard50 to wildcard15
[DEBUG] Dynamically added transition from wildcard50 to wildcard14
[DEBUG] Dynamically added transition from wildcard50 to middle
[DEBUG] Dynamically added transition from wildcard50 to wildcard13
[DEBUG] Dynamically added transition from wildcard50 to wildcard12
[DEBUG] Dynamically added transition from wildcard50 to wildcard11
[DEBUG] Dynamically added transition from wildcard50 to wildcard10
[DEBUG] Dynamically added transition from wildcard50 to start
[DEBUG] Dynamically added transition from wildcard50 to wildcard50
[INFO] Wildcard transition valid to state: wildcard50
[INFO] Wildcard transition detected from wildcard50 to wildcard51
[DEBUG] Created intermediate state for wildcard transition: wildcard51
[DEBUG] Dynamically added transition from wildcard50 to wildcard51
[DEBUG] Dynamically added transition from wildcard27 to wildcard51
[DEBUG] Dynamically added transition from wildcard26 to wildcard51
[DEBUG] Dynamically added transition from wildcard25 to wildcard51
[DEBUG] Dynamically added transition from wildcard24 to wildcard51
[DEBUG] Dynamically added transition from wildcard23 to wildcard51
[DEBUG] Dynamically added transition from wildcard22 to wildcard51
[DEBUG] Dynamically added transition from wildcard1 to wildcard51
[DEBUG] Dynamically added transition from wildcard21 to wildcard51
[DEBUG] Dynamically added transition from wildcard0 to wildcard51
[DEBUG] Dynamically added transition from wildcard20 to wildcard51
[DEBUG] Dynamically added transition from wildcard3 to wildcard51
[DEBUG] Dynamically added transition from wildcard2 to wildcard51
[DEBUG] Dynamically added transition from wildcard5 to wildcard51
[DEBUG] Dynamically added transition from wildcard4 to wildcard51
[DEBUG] Dynamically added transition from wildcard7 to wildcard51
[DEBUG] Dynamically added transition from wildcard6 to wildcard51
[DEBUG] Dynamically added transition from wildcard9 to wildcard51
[DEBUG] Dynamically added transition from wildcard8 to wildcard51
[DEBUG] Dynamically added transition from wildcard19 to wildcard51
[DEBUG] Dynamically added transition from wildcard18 to wildcard51
[DEBUG] Dynamically added transition from wildcard17 to wildcard51
[DEBUG] Dynamically added transition from wildcard38 to wildcard51
[DEBUG] Dynamically added transition from wildcard37 to wildcard51
[DEBUG] Dynamically added transition from wildcard36 to wildcard51
[DEBUG] Dynamically added transition from wildcard35 to wildcard51
[DEBUG] Dynamically added transition from wildcard34 to wildcard51
[DEBUG] Dynamically added transition from wildcard33 to wildcard51
[DEBUG] Dynamically added transition from wildcard32 to wildcard51
[DEBUG] Dynamically added transition from wildcard31 to wildcard51
[DEBUG] Dynamically added transition from wildcard30 to wildcard51
[DEBUG] Dynamically added transition from wildcard29 to wildcard51
[DEBUG] Dynamically added transition from wildcard28 to wildcard51
[DEBUG] Dynamically added transition from wildcard49 to wildcard51
[DEBUG] Dynamically added transition from wildcard48 to wildcard51
[DEBUG] Dynamically added transition from wildcard47 to wildcard51
[DEBUG] Dynamically added transition from wildcard46 to wildcard51
[DEBUG] Dynamically added transition from wildcard45 to wildcard51
[DEBUG] Dynamically added transition from wildcard44 to wildcard51
[DEBUG] Dynamically added transition from wildcard43 to wildcard51
[DEBUG] Dynamically added transition from wildcard42 to wildcard51
[DEBUG] Dynamically added transition from INITIAL to wildcard51
[DEBUG] Dynamically added transition from wildcard41 to wildcard51
[DEBUG] Dynamically added transition from wildcard40 to wildcard51
[DEBUG] Dynamically added transition from wildcard39 to wildcard51
[DEBUG] Dynamically added transition from wildcard16 to wildcard51
[DEBUG] Dynamically added transition from wildcard15 to wildcard51
[DEBUG] Dynamically added transition from wildcard14 to wildcard51
[DEBUG] Dynamically added transition from wildcard13 to wildcard51
[DEBUG] Dynamically added transition from wildcard12 to wildcard51
[DEBUG] Dynamically added transition from wildcard11 to wildcard51
[DEBUG] Dynamically added transition from wildcard10 to wildcard51
[DEBUG] Dynamically added transition from start to wildcard51
[DEBUG] Dynamically added transition from wildcard51 to wildcard27
[DEBUG] Dynamically added transition from wildcard51 to wildcard26
[DEBUG] Dynamically added transition from wildcard51 to wildcard25
[DEBUG] Dynamically added transition from wildcard51 to wildcard24
[DEBUG] Dynamically added transition from wildcard51 to wildcard23
[DEBUG] Dynamically added transition from wildcard51 to wildcard22
[DEBUG] Dynamically added transition from wildcard51 to wildcard1
[DEBUG] Dynamically added transition from wildcard51 to wildcard21
[DEBUG] Dynamically added transition from wildcard51 to wildcard0
[DEBUG] Dynamically added transition from wildcard51 to wildcard20
[DEBUG] Dynamically added transition from wildcard51 to wildcard3
[DEBUG] Dynamically added transition from wildcard51 to wildcard2
[DEBUG] Dynamically added transition from wildcard51 to wildcard5
[DEBUG] Dynamically added transition from wildcard51 to wildcard4
[DEBUG] Dynamically added transition from wildcard51 to wildcard7
[DEBUG] Dynamically added transition from wildcard51 to wildcard6
[DEBUG] Dynamically added transition from wildcard51 to wildcard9
[DEBUG] Dynamically added transition from wildcard51 to wildcard8
[DEBUG] Dynamically added transition from wildcard51 to wildcard19
[DEBUG] Dynamically added transition from wildcard51 to wildcard18
[DEBUG] Dynamically added transition from wildcard51 to wildcard17
[DEBUG] Dynamically added transition from wildcard51 to wildcard38
[DEBUG] Dynamically added transition from wildcard51 to wildcard37
[DEBUG] Dynamically added transition from wildcard51 to wildcard36
[DEBUG] Dynamically added transition from wildcard51 to wildcard35
[DEBUG] Dynamically added transition from wildcard51 to wildcard34
[DEBUG] Dynamically added transition from wildcard51 to wildcard33
[DEBUG] Dynamically added transition from wildcard51 to wildcard32
[DEBUG] Dynamically added transition from wildcard51 to wildcard31
[DEBUG] Dynamically added transition from wildcard51 to wildcard30
[DEBUG] Dynamically added transition from wildcard51 to .*
[DEBUG] Dynamically added transition from wildcard51 to wildcard29
[DEBUG] Dynamically added transition from wildcard51 to wildcard28
[DEBUG] Dynamically added transition from wildcard51 to wildcard49
[DEBUG] Dynamically added transition from wildcard51 to wildcard48
[DEBUG] Dynamically added transition from wildcard51 to wildcard47
[DEBUG] Dynamically added transition from wildcard51 to wildcard46
[DEBUG] Dynamically added transition from wildcard51 to wildcard45
[DEBUG] Dynamically added transition from wildcard51 to wildcard44
[DEBUG] Dynamically added transition from wildcard51 to wildcard43
[DEBUG] Dynamically added transition from wildcard51 to wildcard42
[DEBUG] Dynamically added transition from wildcard51 to INITIAL
[DEBUG] Dynamically added transition from wildcard51 to wildcard41
[DEBUG] Dynamically added transition from wildcard51 to wildcard40
[DEBUG] Dynamically added transition from wildcard51 to end
[DEBUG] Dynamically added transition from wildcard51 to wildcard39
[DEBUG] Dynamically added transition from wildcard51 to wildcard16
[DEBUG] Dynamically added transition from wildcard51 to wildcard15
[DEBUG] Dynamically added transition from wildcard51 to wildcard14
[DEBUG] Dynamically added transition from wildcard51 to middle
[DEBUG] Dynamically added transition from wildcard51 to wildcard13
[DEBUG] Dynamically added transition from wildcard51 to wildcard12
[DEBUG] Dynamically added transition from wildcard51 to wildcard11
[DEBUG] Dynamically added transition from wildcard51 to wildcard10
[DEBUG] Dynamically added transition from wildcard51 to start
[DEBUG] Dynamically added transition from wildcard51 to wildcard51
[DEBUG] Dynamically added transition from wildcard51 to wildcard50
[INFO] Wildcard transition valid to state: wildcard51
[INFO] Wildcard transition detected from wildcard51 to wildcard52
[DEBUG] Created intermediate state for wildcard transition: wildcard52
[DEBUG] Dynamically added transition from wildcard51 to wildcard52
[DEBUG] Dynamically added transition from wildcard27 to wildcard52
[DEBUG] Dynamically added transition from wildcard26 to wildcard52
[DEBUG] Dynamically added transition from wildcard25 to wildcard52
[DEBUG] Dynamically added transition from wildcard24 to wildcard52
[DEBUG] Dynamically added transition from wildcard23 to wildcard52
[DEBUG] Dynamically added transition from wildcard22 to wildcard52
[DEBUG] Dynamically added transition from wildcard1 to wildcard52
[DEBUG] Dynamically added transition from wildcard21 to wildcard52
[DEBUG] Dynamically added transition from wildcard0 to wildcard52
[DEBUG] Dynamically added transition from wildcard20 to wildcard52
[DEBUG] Dynamically added transition from wildcard3 to wildcard52
[DEBUG] Dynamically added transition from wildcard2 to wildcard52
[DEBUG] Dynamically added transition from wildcard5 to wildcard52
[DEBUG] Dynamically added transition from wildcard4 to wildcard52
[DEBUG] Dynamically added transition from wildcard7 to wildcard52
[DEBUG] Dynamically added transition from wildcard6 to wildcard52
[DEBUG] Dynamically added transition from wildcard9 to wildcard52
[DEBUG] Dynamically added transition from wildcard8 to wildcard52
[DEBUG] Dynamically added transition from wildcard19 to wildcard52
[DEBUG] Dynamically added transition from wildcard18 to wildcard52
[DEBUG] Dynamically added transition from wildcard17 to wildcard52
[DEBUG] Dynamically added transition from wildcard38 to wildcard52
[DEBUG] Dynamically added transition from wildcard37 to wildcard52
[DEBUG] Dynamically added transition from wildcard36 to wildcard52
[DEBUG] Dynamically added transition from wildcard35 to wildcard52
[DEBUG] Dynamically added transition from wildcard34 to wildcard52
[DEBUG] Dynamically added transition from wildcard33 to wildcard52
[DEBUG] Dynamically added transition from wildcard32 to wildcard52
[DEBUG] Dynamically added transition from wildcard31 to wildcard52
[DEBUG] Dynamically added transition from wildcard30 to wildcard52
[DEBUG] Dynamically added transition from wildcard29 to wildcard52
[DEBUG] Dynamically added transition from wildcard28 to wildcard52
[DEBUG] Dynamically added transition from wildcard49 to wildcard52
[DEBUG] Dynamically added transition from wildcard48 to wildcard52
[DEBUG] Dynamically added transition from wildcard47 to wildcard52
[DEBUG] Dynamically added transition from wildcard46 to wildcard52
[DEBUG] Dynamically added transition from wildcard45 to wildcard52
[DEBUG] Dynamically added transition from wildcard44 to wildcard52
[DEBUG] Dynamically added transition from wildcard43 to wildcard52
[DEBUG] Dynamically added transition from wildcard42 to wildcard52
[DEBUG] Dynamically added transition from INITIAL to wildcard52
[DEBUG] Dynamically added transition from wildcard41 to wildcard52
[DEBUG] Dynamically added transition from wildcard40 to wildcard52
[DEBUG] Dynamically added transition from wildcard39 to wildcard52
[DEBUG] Dynamically added transition from wildcard16 to wildcard52
[DEBUG] Dynamically added transition from wildcard15 to wildcard52
[DEBUG] Dynamically added transition from wildcard14 to wildcard52
[DEBUG] Dynamically added transition from wildcard13 to wildcard52
[DEBUG] Dynamically added transition from wildcard12 to wildcard52
[DEBUG] Dynamically added transition from wildcard11 to wildcard52
[DEBUG] Dynamically added transition from wildcard10 to wildcard52
[DEBUG] Dynamically added transition from start to wildcard52
[DEBUG] Dynamically added transition from wildcard50 to wildcard52
[DEBUG] Dynamically added transition from wildcard52 to wildcard27
[DEBUG] Dynamically added transition from wildcard52 to wildcard26
[DEBUG] Dynamically added transition from wildcard52 to wildcard25
[DEBUG] Dynamically added transition from wildcard52 to wildcard24
[DEBUG] Dynamically added transition from wildcard52 to wildcard23
[DEBUG] Dynamically added transition from wildcard52 to wildcard22
[DEBUG] Dynamically added transition from wildcard52 to wildcard1
[DEBUG] Dynamically added transition from wildcard52 to wildcard21
[DEBUG] Dynamically added transition from wildcard52 to wildcard0
[DEBUG] Dynamically added transition from wildcard52 to wildcard20
[DEBUG] Dynamically added transition from wildcard52 to wildcard3
[DEBUG] Dynamically added transition from wildcard52 to wildcard2
[DEBUG] Dynamically added transition from wildcard52 to wildcard5
[DEBUG] Dynamically added transition from wildcard52 to wildcard4
[DEBUG] Dynamically added transition from wildcard52 to wildcard7
[DEBUG] Dynamically added transition from wildcard52 to wildcard6
[DEBUG] Dynamically added transition from wildcard52 to wildcard9
[DEBUG] Dynamically added transition from wildcard52 to wildcard8
[DEBUG] Dynamically added transition from wildcard52 to wildcard19
[DEBUG] Dynamically added transition from wildcard52 to wildcard18
[DEBUG] Dynamically added transition from wildcard52 to wildcard17
[DEBUG] Dynamically added transition from wildcard52 to wildcard38
[DEBUG] Dynamically added transition from wildcard52 to wildcard37
[DEBUG] Dynamically added transition from wildcard52 to wildcard36
[DEBUG] Dynamically added transition from wildcard52 to wildcard35
[DEBUG] Dynamically added transition from wildcard52 to wildcard34
[DEBUG] Dynamically added transition from wildcard52 to wildcard33
[DEBUG] Dynamically added transition from wildcard52 to wildcard32
[DEBUG] Dynamically added transition from wildcard52 to wildcard31
[DEBUG] Dynamically added transition from wildcard52 to wildcard30
[DEBUG] Dynamically added transition from wildcard52 to .*
[DEBUG] Dynamically added transition from wildcard52 to wildcard29
[DEBUG] Dynamically added transition from wildcard52 to wildcard28
[DEBUG] Dynamically added transition from wildcard52 to wildcard49
[DEBUG] Dynamically added transition from wildcard52 to wildcard48
[DEBUG] Dynamically added transition from wildcard52 to wildcard47
[DEBUG] Dynamically added transition from wildcard52 to wildcard46
[DEBUG] Dynamically added transition from wildcard52 to wildcard45
[DEBUG] Dynamically added transition from wildcard52 to wildcard44
[DEBUG] Dynamically added transition from wildcard52 to wildcard43
[DEBUG] Dynamically added transition from wildcard52 to wildcard42
[DEBUG] Dynamically added transition from wildcard52 to INITIAL
[DEBUG] Dynamically added transition from wildcard52 to wildcard41
[DEBUG] Dynamically added transition from wildcard52 to wildcard40
[DEBUG] Dynamically added transition from wildcard52 to end
[DEBUG] Dynamically added transition from wildcard52 to wildcard39
[DEBUG] Dynamically added transition from wildcard52 to wildcard16
[DEBUG] Dynamically added transition from wildcard52 to wildcard15
[DEBUG] Dynamically added transition from wildcard52 to wildcard14
[DEBUG] Dynamically added transition from wildcard52 to middle
[DEBUG] Dynamically added transition from wildcard52 to wildcard13
[DEBUG] Dynamically added transition from wildcard52 to wildcard12
[DEBUG] Dynamically added transition from wildcard52 to wildcard11
[DEBUG] Dynamically added transition from wildcard52 to wildcard10
[DEBUG] Dynamically added transition from wildcard52 to start
[DEBUG] Dynamically added transition from wildcard52 to wildcard52
[DEBUG] Dynamically added transition from wildcard52 to wildcard51
[DEBUG] Dynamically added transition from wildcard52 to wildcard50
[INFO] Wildcard transition valid to state: wildcard52
[INFO] Wildcard transition detected from wildcard52 to wildcard53
[DEBUG] Created intermediate state for wildcard transition: wildcard53
[DEBUG] Dynamically added transition from wildcard52 to wildcard53
[DEBUG] Dynamically added transition from wildcard27 to wildcard53
[DEBUG] Dynamically added transition from wildcard26 to wildcard53
[DEBUG] Dynamically added transition from wildcard25 to wildcard53
[DEBUG] Dynamically added transition from wildcard24 to wildcard53
[DEBUG] Dynamically added transition from wildcard23 to wildcard53
[DEBUG] Dynamically added transition from wildcard22 to wildcard53
[DEBUG] Dynamically added transition from wildcard1 to wildcard53
[DEBUG] Dynamically added transition from wildcard21 to wildcard53
[DEBUG] Dynamically added transition from wildcard0 to wildcard53
[DEBUG] Dynamically added transition from wildcard20 to wildcard53
[DEBUG] Dynamically added transition from wildcard3 to wildcard53
[DEBUG] Dynamically added transition from wildcard2 to wildcard53
[DEBUG] Dynamically added transition from wildcard5 to wildcard53
[DEBUG] Dynamically added transition from wildcard4 to wildcard53
[DEBUG] Dynamically added transition from wildcard7 to wildcard53
[DEBUG] Dynamically added transition from wildcard6 to wildcard53
[DEBUG] Dynamically added transition from wildcard9 to wildcard53
[DEBUG] Dynamically added transition from wildcard8 to wildcard53
[DEBUG] Dynamically added transition from wildcard19 to wildcard53
[DEBUG] Dynamically added transition from wildcard18 to wildcard53
[DEBUG] Dynamically added transition from wildcard17 to wildcard53
[DEBUG] Dynamically added transition from wildcard38 to wildcard53
[DEBUG] Dynamically added transition from wildcard37 to wildcard53
[DEBUG] Dynamically added transition from wildcard36 to wildcard53
[DEBUG] Dynamically added transition from wildcard35 to wildcard53
[DEBUG] Dynamically added transition from wildcard34 to wildcard53
[DEBUG] Dynamically added transition from wildcard33 to wildcard53
[DEBUG] Dynamically added transition from wildcard32 to wildcard53
[DEBUG] Dynamically added transition from wildcard31 to wildcard53
[DEBUG] Dynamically added transition from wildcard30 to wildcard53
[DEBUG] Dynamically added transition from wildcard29 to wildcard53
[DEBUG] Dynamically added transition from wildcard28 to wildcard53
[DEBUG] Dynamically added transition from wildcard49 to wildcard53
[DEBUG] Dynamically added transition from wildcard48 to wildcard53
[DEBUG] Dynamically added transition from wildcard47 to wildcard53
[DEBUG] Dynamically added transition from wildcard46 to wildcard53
[DEBUG] Dynamically added transition from wildcard45 to wildcard53
[DEBUG] Dynamically added transition from wildcard44 to wildcard53
[DEBUG] Dynamically added transition from wildcard43 to wildcard53
[DEBUG] Dynamically added transition from wildcard42 to wildcard53
[DEBUG] Dynamically added transition from INITIAL to wildcard53
[DEBUG] Dynamically added transition from wildcard41 to wildcard53
[DEBUG] Dynamically added transition from wildcard40 to wildcard53
[DEBUG] Dynamically added transition from wildcard39 to wildcard53
[DEBUG] Dynamically added transition from wildcard16 to wildcard53
[DEBUG] Dynamically added transition from wildcard15 to wildcard53
[DEBUG] Dynamically added transition from wildcard14 to wildcard53
[DEBUG] Dynamically added transition from wildcard13 to wildcard53
[DEBUG] Dynamically added transition from wildcard12 to wildcard53
[DEBUG] Dynamically added transition from wildcard11 to wildcard53
[DEBUG] Dynamically added transition from wildcard10 to wildcard53
[DEBUG] Dynamically added transition from start to wildcard53
[DEBUG] Dynamically added transition from wildcard51 to wildcard53
[DEBUG] Dynamically added transition from wildcard50 to wildcard53
[DEBUG] Dynamically added transition from wildcard53 to wildcard27
[DEBUG] Dynamically added transition from wildcard53 to wildcard26
[DEBUG] Dynamically added transition from wildcard53 to wildcard25
[DEBUG] Dynamically added transition from wildcard53 to wildcard24
[DEBUG] Dynamically added transition from wildcard53 to wildcard23
[DEBUG] Dynamically added transition from wildcard53 to wildcard22
[DEBUG] Dynamically added transition from wildcard53 to wildcard1
[DEBUG] Dynamically added transition from wildcard53 to wildcard21
[DEBUG] Dynamically added transition from wildcard53 to wildcard0
[DEBUG] Dynamically added transition from wildcard53 to wildcard20
[DEBUG] Dynamically added transition from wildcard53 to wildcard3
[DEBUG] Dynamically added transition from wildcard53 to wildcard2
[DEBUG] Dynamically added transition from wildcard53 to wildcard5
[DEBUG] Dynamically added transition from wildcard53 to wildcard4
[DEBUG] Dynamically added transition from wildcard53 to wildcard7
[DEBUG] Dynamically added transition from wildcard53 to wildcard6
[DEBUG] Dynamically added transition from wildcard53 to wildcard9
[DEBUG] Dynamically added transition from wildcard53 to wildcard8
[DEBUG] Dynamically added transition from wildcard53 to wildcard19
[DEBUG] Dynamically added transition from wildcard53 to wildcard18
[DEBUG] Dynamically added transition from wildcard53 to wildcard17
[DEBUG] Dynamically added transition from wildcard53 to wildcard38
[DEBUG] Dynamically added transition from wildcard53 to wildcard37
[DEBUG] Dynamically added transition from wildcard53 to wildcard36
[DEBUG] Dynamically added transition from wildcard53 to wildcard35
[DEBUG] Dynamically added transition from wildcard53 to wildcard34
[DEBUG] Dynamically added transition from wildcard53 to wildcard33
[DEBUG] Dynamically added transition from wildcard53 to wildcard32
[DEBUG] Dynamically added transition from wildcard53 to wildcard31
[DEBUG] Dynamically added transition from wildcard53 to wildcard30
[DEBUG] Dynamically added transition from wildcard53 to .*
[DEBUG] Dynamically added transition from wildcard53 to wildcard29
[DEBUG] Dynamically added transition from wildcard53 to wildcard28
[DEBUG] Dynamically added transition from wildcard53 to wildcard49
[DEBUG] Dynamically added transition from wildcard53 to wildcard48
[DEBUG] Dynamically added transition from wildcard53 to wildcard47
[DEBUG] Dynamically added transition from wildcard53 to wildcard46
[DEBUG] Dynamically added transition from wildcard53 to wildcard45
[DEBUG] Dynamically added transition from wildcard53 to wildcard44
[DEBUG] Dynamically added transition from wildcard53 to wildcard43
[DEBUG] Dynamically added transition from wildcard53 to wildcard42
[DEBUG] Dynamically added transition from wildcard53 to INITIAL
[DEBUG] Dynamically added transition from wildcard53 to wildcard41
[DEBUG] Dynamically added transition from wildcard53 to wildcard40
[DEBUG] Dynamically added transition from wildcard53 to end
[DEBUG] Dynamically added transition from wildcard53 to wildcard39
[DEBUG] Dynamically added transition from wildcard53 to wildcard16
[DEBUG] Dynamically added transition from wildcard53 to wildcard15
[DEBUG] Dynamically added transition from wildcard53 to wildcard14
[DEBUG] Dynamically added transition from wildcard53 to middle
[DEBUG] Dynamically added transition from wildcard53 to wildcard13
[DEBUG] Dynamically added transition from wildcard53 to wildcard12
[DEBUG] Dynamically added transition from wildcard53 to wildcard11
[DEBUG] Dynamically added transition from wildcard53 to wildcard10
[DEBUG] Dynamically added transition from wildcard53 to wildcard53
[DEBUG] Dynamically added transition from wildcard53 to start
[DEBUG] Dynamically added transition from wildcard53 to wildcard52
[DEBUG] Dynamically added transition from wildcard53 to wildcard51
[DEBUG] Dynamically added transition from wildcard53 to wildcard50
[INFO] Wildcard transition valid to state: wildcard53
[INFO] Wildcard transition detected from wildcard53 to wildcard54
[DEBUG] Created intermediate state for wildcard transition: wildcard54
[DEBUG] Dynamically added transition from wildcard53 to wildcard54
[DEBUG] Dynamically added transition from wildcard27 to wildcard54
[DEBUG] Dynamically added transition from wildcard26 to wildcard54
[DEBUG] Dynamically added transition from wildcard25 to wildcard54
[DEBUG] Dynamically added transition from wildcard24 to wildcard54
[DEBUG] Dynamically added transition from wildcard23 to wildcard54
[DEBUG] Dynamically added transition from wildcard22 to wildcard54
[DEBUG] Dynamically added transition from wildcard1 to wildcard54
[DEBUG] Dynamically added transition from wildcard21 to wildcard54
[DEBUG] Dynamically added transition from wildcard0 to wildcard54
[DEBUG] Dynamically added transition from wildcard20 to wildcard54
[DEBUG] Dynamically added transition from wildcard3 to wildcard54
[DEBUG] Dynamically added transition from wildcard2 to wildcard54
[DEBUG] Dynamically added transition from wildcard5 to wildcard54
[DEBUG] Dynamically added transition from wildcard4 to wildcard54
[DEBUG] Dynamically added transition from wildcard7 to wildcard54
[DEBUG] Dynamically added transition from wildcard6 to wildcard54
[DEBUG] Dynamically added transition from wildcard9 to wildcard54
[DEBUG] Dynamically added transition from wildcard8 to wildcard54
[DEBUG] Dynamically added transition from wildcard19 to wildcard54
[DEBUG] Dynamically added transition from wildcard18 to wildcard54
[DEBUG] Dynamically added transition from wildcard17 to wildcard54
[DEBUG] Dynamically added transition from wildcard38 to wildcard54
[DEBUG] Dynamically added transition from wildcard37 to wildcard54
[DEBUG] Dynamically added transition from wildcard36 to wildcard54
[DEBUG] Dynamically added transition from wildcard35 to wildcard54
[DEBUG] Dynamically added transition from wildcard34 to wildcard54
[DEBUG] Dynamically added transition from wildcard33 to wildcard54
[DEBUG] Dynamically added transition from wildcard32 to wildcard54
[DEBUG] Dynamically added transition from wildcard31 to wildcard54
[DEBUG] Dynamically added transition from wildcard30 to wildcard54
[DEBUG] Dynamically added transition from wildcard29 to wildcard54
[DEBUG] Dynamically added transition from wildcard28 to wildcard54
[DEBUG] Dynamically added transition from wildcard49 to wildcard54
[DEBUG] Dynamically added transition from wildcard48 to wildcard54
[DEBUG] Dynamically added transition from wildcard47 to wildcard54
[DEBUG] Dynamically added transition from wildcard46 to wildcard54
[DEBUG] Dynamically added transition from wildcard45 to wildcard54
[DEBUG] Dynamically added transition from wildcard44 to wildcard54
[DEBUG] Dynamically added transition from wildcard43 to wildcard54
[DEBUG] Dynamically added transition from wildcard42 to wildcard54
[DEBUG] Dynamically added transition from INITIAL to wildcard54
[DEBUG] Dynamically added transition from wildcard41 to wildcard54
[DEBUG] Dynamically added transition from wildcard40 to wildcard54
[DEBUG] Dynamically added transition from wildcard39 to wildcard54
[DEBUG] Dynamically added transition from wildcard16 to wildcard54
[DEBUG] Dynamically added transition from wildcard15 to wildcard54
[DEBUG] Dynamically added transition from wildcard14 to wildcard54
[DEBUG] Dynamically added transition from wildcard13 to wildcard54
[DEBUG] Dynamically added transition from wildcard12 to wildcard54
[DEBUG] Dynamically added transition from wildcard11 to wildcard54
[DEBUG] Dynamically added transition from wildcard10 to wildcard54
[DEBUG] Dynamically added transition from start to wildcard54
[DEBUG] Dynamically added transition from wildcard52 to wildcard54
[DEBUG] Dynamically added transition from wildcard51 to wildcard54
[DEBUG] Dynamically added transition from wildcard50 to wildcard54
[DEBUG] Dynamically added transition from wildcard54 to wildcard27
[DEBUG] Dynamically added transition from wildcard54 to wildcard26
[DEBUG] Dynamically added transition from wildcard54 to wildcard25
[DEBUG] Dynamically added transition from wildcard54 to wildcard24
[DEBUG] Dynamically added transition from wildcard54 to wildcard23
[DEBUG] Dynamically added transition from wildcard54 to wildcard22
[DEBUG] Dynamically added transition from wildcard54 to wildcard1
[DEBUG] Dynamically added transition from wildcard54 to wildcard21
[DEBUG] Dynamically added transition from wildcard54 to wildcard0
[DEBUG] Dynamically added transition from wildcard54 to wildcard20
[DEBUG] Dynamically added transition from wildcard54 to wildcard3
[DEBUG] Dynamically added transition from wildcard54 to wildcard2
[DEBUG] Dynamically added transition from wildcard54 to wildcard5
[DEBUG] Dynamically added transition from wildcard54 to wildcard4
[DEBUG] Dynamically added transition from wildcard54 to wildcard7
[DEBUG] Dynamically added transition from wildcard54 to wildcard6
[DEBUG] Dynamically added transition from wildcard54 to wildcard9
[DEBUG] Dynamically added transition from wildcard54 to wildcard8
[DEBUG] Dynamically added transition from wildcard54 to wildcard19
[DEBUG] Dynamically added transition from wildcard54 to wildcard18
[DEBUG] Dynamically added transition from wildcard54 to wildcard17
[DEBUG] Dynamically added transition from wildcard54 to wildcard38
[DEBUG] Dynamically added transition from wildcard54 to wildcard37
[DEBUG] Dynamically added transition from wildcard54 to wildcard36
[DEBUG] Dynamically added transition from wildcard54 to wildcard35
[DEBUG] Dynamically added transition from wildcard54 to wildcard34
[DEBUG] Dynamically added transition from wildcard54 to wildcard33
[DEBUG] Dynamically added transition from wildcard54 to wildcard32
[DEBUG] Dynamically added transition from wildcard54 to wildcard31
[DEBUG] Dynamically added transition from wildcard54 to wildcard30
[DEBUG] Dynamically added transition from wildcard54 to .*
[DEBUG] Dynamically added transition from wildcard54 to wildcard29
[DEBUG] Dynamically added transition from wildcard54 to wildcard28
[DEBUG] Dynamically added transition from wildcard54 to wildcard49
[DEBUG] Dynamically added transition from wildcard54 to wildcard48
[DEBUG] Dynamically added transition from wildcard54 to wildcard47
[DEBUG] Dynamically added transition from wildcard54 to wildcard46
[DEBUG] Dynamically added transition from wildcard54 to wildcard45
[DEBUG] Dynamically added transition from wildcard54 to wildcard44
[DEBUG] Dynamically added transition from wildcard54 to wildcard43
[DEBUG] Dynamically added transition from wildcard54 to wildcard42
[DEBUG] Dynamically added transition from wildcard54 to INITIAL
[DEBUG] Dynamically added transition from wildcard54 to wildcard41
[DEBUG] Dynamically added transition from wildcard54 to wildcard40
[DEBUG] Dynamically added transition from wildcard54 to end
[DEBUG] Dynamically added transition from wildcard54 to wildcard39
[DEBUG] Dynamically added transition from wildcard54 to wildcard16
[DEBUG] Dynamically added transition from wildcard54 to wildcard15
[DEBUG] Dynamically added transition from wildcard54 to wildcard14
[DEBUG] Dynamically added transition from wildcard54 to middle
[DEBUG] Dynamically added transition from wildcard54 to wildcard13
[DEBUG] Dynamically added transition from wildcard54 to wildcard12
[DEBUG] Dynamically added transition from wildcard54 to wildcard11
[DEBUG] Dynamically added transition from wildcard54 to wildcard10
[DEBUG] Dynamically added transition from wildcard54 to wildcard54
[DEBUG] Dynamically added transition from wildcard54 to wildcard53
[DEBUG] Dynamically added transition from wildcard54 to start
[DEBUG] Dynamically added transition from wildcard54 to wildcard52
[DEBUG] Dynamically added transition from wildcard54 to wildcard51
[DEBUG] Dynamically added transition from wildcard54 to wildcard50
[INFO] Wildcard transition valid to state: wildcard54
[INFO] Wildcard transition detected from wildcard54 to wildcard55
[DEBUG] Created intermediate state for wildcard transition: wildcard55
[DEBUG] Dynamically added transition from wildcard54 to wildcard55
[DEBUG] Dynamically added transition from wildcard27 to wildcard55
[DEBUG] Dynamically added transition from wildcard26 to wildcard55
[DEBUG] Dynamically added transition from wildcard25 to wildcard55
[DEBUG] Dynamically added transition from wildcard24 to wildcard55
[DEBUG] Dynamically added transition from wildcard23 to wildcard55
[DEBUG] Dynamically added transition from wildcard22 to wildcard55
[DEBUG] Dynamically added transition from wildcard1 to wildcard55
[DEBUG] Dynamically added transition from wildcard21 to wildcard55
[DEBUG] Dynamically added transition from wildcard0 to wildcard55
[DEBUG] Dynamically added transition from wildcard20 to wildcard55
[DEBUG] Dynamically added transition from wildcard3 to wildcard55
[DEBUG] Dynamically added transition from wildcard2 to wildcard55
[DEBUG] Dynamically added transition from wildcard5 to wildcard55
[DEBUG] Dynamically added transition from wildcard4 to wildcard55
[DEBUG] Dynamically added transition from wildcard7 to wildcard55
[DEBUG] Dynamically added transition from wildcard6 to wildcard55
[DEBUG] Dynamically added transition from wildcard9 to wildcard55
[DEBUG] Dynamically added transition from wildcard8 to wildcard55
[DEBUG] Dynamically added transition from wildcard19 to wildcard55
[DEBUG] Dynamically added transition from wildcard18 to wildcard55
[DEBUG] Dynamically added transition from wildcard17 to wildcard55
[DEBUG] Dynamically added transition from wildcard38 to wildcard55
[DEBUG] Dynamically added transition from wildcard37 to wildcard55
[DEBUG] Dynamically added transition from wildcard36 to wildcard55
[DEBUG] Dynamically added transition from wildcard35 to wildcard55
[DEBUG] Dynamically added transition from wildcard34 to wildcard55
[DEBUG] Dynamically added transition from wildcard33 to wildcard55
[DEBUG] Dynamically added transition from wildcard32 to wildcard55
[DEBUG] Dynamically added transition from wildcard31 to wildcard55
[DEBUG] Dynamically added transition from wildcard30 to wildcard55
[DEBUG] Dynamically added transition from wildcard29 to wildcard55
[DEBUG] Dynamically added transition from wildcard28 to wildcard55
[DEBUG] Dynamically added transition from wildcard49 to wildcard55
[DEBUG] Dynamically added transition from wildcard48 to wildcard55
[DEBUG] Dynamically added transition from wildcard47 to wildcard55
[DEBUG] Dynamically added transition from wildcard46 to wildcard55
[DEBUG] Dynamically added transition from wildcard45 to wildcard55
[DEBUG] Dynamically added transition from wildcard44 to wildcard55
[DEBUG] Dynamically added transition from wildcard43 to wildcard55
[DEBUG] Dynamically added transition from wildcard42 to wildcard55
[DEBUG] Dynamically added transition from INITIAL to wildcard55
[DEBUG] Dynamically added transition from wildcard41 to wildcard55
[DEBUG] Dynamically added transition from wildcard40 to wildcard55
[DEBUG] Dynamically added transition from wildcard39 to wildcard55
[DEBUG] Dynamically added transition from wildcard16 to wildcard55
[DEBUG] Dynamically added transition from wildcard15 to wildcard55
[DEBUG] Dynamically added transition from wildcard14 to wildcard55
[DEBUG] Dynamically added transition from wildcard13 to wildcard55
[DEBUG] Dynamically added transition from wildcard12 to wildcard55
[DEBUG] Dynamically added transition from wildcard11 to wildcard55
[DEBUG] Dynamically added transition from wildcard10 to wildcard55
[DEBUG] Dynamically added transition from wildcard53 to wildcard55
[DEBUG] Dynamically added transition from start to wildcard55
[DEBUG] Dynamically added transition from wildcard52 to wildcard55
[DEBUG] Dynamically added transition from wildcard51 to wildcard55
[DEBUG] Dynamically added transition from wildcard50 to wildcard55
[DEBUG] Dynamically added transition from wildcard55 to wildcard27
[DEBUG] Dynamically added transition from wildcard55 to wildcard26
[DEBUG] Dynamically added transition from wildcard55 to wildcard25
[DEBUG] Dynamically added transition from wildcard55 to wildcard24
[DEBUG] Dynamically added transition from wildcard55 to wildcard23
[DEBUG] Dynamically added transition from wildcard55 to wildcard22
[DEBUG] Dynamically added transition from wildcard55 to wildcard1
[DEBUG] Dynamically added transition from wildcard55 to wildcard21
[DEBUG] Dynamically added transition from wildcard55 to wildcard0
[DEBUG] Dynamically added transition from wildcard55 to wildcard20
[DEBUG] Dynamically added transition from wildcard55 to wildcard3
[DEBUG] Dynamically added transition from wildcard55 to wildcard2
[DEBUG] Dynamically added transition from wildcard55 to wildcard5
[DEBUG] Dynamically added transition from wildcard55 to wildcard4
[DEBUG] Dynamically added transition from wildcard55 to wildcard7
[DEBUG] Dynamically added transition from wildcard55 to wildcard6
[DEBUG] Dynamically added transition from wildcard55 to wildcard9
[DEBUG] Dynamically added transition from wildcard55 to wildcard8
[DEBUG] Dynamically added transition from wildcard55 to wildcard19
[DEBUG] Dynamically added transition from wildcard55 to wildcard18
[DEBUG] Dynamically added transition from wildcard55 to wildcard17
[DEBUG] Dynamically added transition from wildcard55 to wildcard38
[DEBUG] Dynamically added transition from wildcard55 to wildcard37
[DEBUG] Dynamically added transition from wildcard55 to wildcard36
[DEBUG] Dynamically added transition from wildcard55 to wildcard35
[DEBUG] Dynamically added transition from wildcard55 to wildcard34
[DEBUG] Dynamically added transition from wildcard55 to wildcard33
[DEBUG] Dynamically added transition from wildcard55 to wildcard32
[DEBUG] Dynamically added transition from wildcard55 to wildcard31
[DEBUG] Dynamically added transition from wildcard55 to wildcard30
[DEBUG] Dynamically added transition from wildcard55 to .*
[DEBUG] Dynamically added transition from wildcard55 to wildcard29
[DEBUG] Dynamically added transition from wildcard55 to wildcard28
[DEBUG] Dynamically added transition from wildcard55 to wildcard49
[DEBUG] Dynamically added transition from wildcard55 to wildcard48
[DEBUG] Dynamically added transition from wildcard55 to wildcard47
[DEBUG] Dynamically added transition from wildcard55 to wildcard46
[DEBUG] Dynamically added transition from wildcard55 to wildcard45
[DEBUG] Dynamically added transition from wildcard55 to wildcard44
[DEBUG] Dynamically added transition from wildcard55 to wildcard43
[DEBUG] Dynamically added transition from wildcard55 to wildcard42
[DEBUG] Dynamically added transition from wildcard55 to INITIAL
[DEBUG] Dynamically added transition from wildcard55 to wildcard41
[DEBUG] Dynamically added transition from wildcard55 to wildcard40
[DEBUG] Dynamically added transition from wildcard55 to end
[DEBUG] Dynamically added transition from wildcard55 to wildcard39
[DEBUG] Dynamically added transition from wildcard55 to wildcard16
[DEBUG] Dynamically added transition from wildcard55 to wildcard15
[DEBUG] Dynamically added transition from wildcard55 to wildcard14
[DEBUG] Dynamically added transition from wildcard55 to middle
[DEBUG] Dynamically added transition from wildcard55 to wildcard13
[DEBUG] Dynamically added transition from wildcard55 to wildcard12
[DEBUG] Dynamically added transition from wildcard55 to wildcard11
[DEBUG] Dynamically added transition from wildcard55 to wildcard55
[DEBUG] Dynamically added transition from wildcard55 to wildcard10
[DEBUG] Dynamically added transition from wildcard55 to wildcard54
[DEBUG] Dynamically added transition from wildcard55 to wildcard53
[DEBUG] Dynamically added transition from wildcard55 to start
[DEBUG] Dynamically added transition from wildcard55 to wildcard52
[DEBUG] Dynamically added transition from wildcard55 to wildcard51
[DEBUG] Dynamically added transition from wildcard55 to wildcard50
[INFO] Wildcard transition valid to state: wildcard55
[INFO] Wildcard transition detected from wildcard55 to wildcard56
[DEBUG] Created intermediate state for wildcard transition: wildcard56
[DEBUG] Dynamically added transition from wildcard55 to wildcard56
[DEBUG] Dynamically added transition from wildcard27 to wildcard56
[DEBUG] Dynamically added transition from wildcard26 to wildcard56
[DEBUG] Dynamically added transition from wildcard25 to wildcard56
[DEBUG] Dynamically added transition from wildcard24 to wildcard56
[DEBUG] Dynamically added transition from wildcard23 to wildcard56
[DEBUG] Dynamically added transition from wildcard22 to wildcard56
[DEBUG] Dynamically added transition from wildcard1 to wildcard56
[DEBUG] Dynamically added transition from wildcard21 to wildcard56
[DEBUG] Dynamically added transition from wildcard0 to wildcard56
[DEBUG] Dynamically added transition from wildcard20 to wildcard56
[DEBUG] Dynamically added transition from wildcard3 to wildcard56
[DEBUG] Dynamically added transition from wildcard2 to wildcard56
[DEBUG] Dynamically added transition from wildcard5 to wildcard56
[DEBUG] Dynamically added transition from wildcard4 to wildcard56
[DEBUG] Dynamically added transition from wildcard7 to wildcard56
[DEBUG] Dynamically added transition from wildcard6 to wildcard56
[DEBUG] Dynamically added transition from wildcard9 to wildcard56
[DEBUG] Dynamically added transition from wildcard8 to wildcard56
[DEBUG] Dynamically added transition from wildcard19 to wildcard56
[DEBUG] Dynamically added transition from wildcard18 to wildcard56
[DEBUG] Dynamically added transition from wildcard17 to wildcard56
[DEBUG] Dynamically added transition from wildcard38 to wildcard56
[DEBUG] Dynamically added transition from wildcard37 to wildcard56
[DEBUG] Dynamically added transition from wildcard36 to wildcard56
[DEBUG] Dynamically added transition from wildcard35 to wildcard56
[DEBUG] Dynamically added transition from wildcard34 to wildcard56
[DEBUG] Dynamically added transition from wildcard33 to wildcard56
[DEBUG] Dynamically added transition from wildcard32 to wildcard56
[DEBUG] Dynamically added transition from wildcard31 to wildcard56
[DEBUG] Dynamically added transition from wildcard30 to wildcard56
[DEBUG] Dynamically added transition from wildcard29 to wildcard56
[DEBUG] Dynamically added transition from wildcard28 to wildcard56
[DEBUG] Dynamically added transition from wildcard49 to wildcard56
[DEBUG] Dynamically added transition from wildcard48 to wildcard56
[DEBUG] Dynamically added transition from wildcard47 to wildcard56
[DEBUG] Dynamically added transition from wildcard46 to wildcard56
[DEBUG] Dynamically added transition from wildcard45 to wildcard56
[DEBUG] Dynamically added transition from wildcard44 to wildcard56
[DEBUG] Dynamically added transition from wildcard43 to wildcard56
[DEBUG] Dynamically added transition from wildcard42 to wildcard56
[DEBUG] Dynamically added transition from INITIAL to wildcard56
[DEBUG] Dynamically added transition from wildcard41 to wildcard56
[DEBUG] Dynamically added transition from wildcard40 to wildcard56
[DEBUG] Dynamically added transition from wildcard39 to wildcard56
[DEBUG] Dynamically added transition from wildcard16 to wildcard56
[DEBUG] Dynamically added transition from wildcard15 to wildcard56
[DEBUG] Dynamically added transition from wildcard14 to wildcard56
[DEBUG] Dynamically added transition from wildcard13 to wildcard56
[DEBUG] Dynamically added transition from wildcard12 to wildcard56
[DEBUG] Dynamically added transition from wildcard11 to wildcard56
[DEBUG] Dynamically added transition from wildcard10 to wildcard56
[DEBUG] Dynamically added transition from wildcard54 to wildcard56
[DEBUG] Dynamically added transition from wildcard53 to wildcard56
[DEBUG] Dynamically added transition from start to wildcard56
[DEBUG] Dynamically added transition from wildcard52 to wildcard56
[DEBUG] Dynamically added transition from wildcard51 to wildcard56
[DEBUG] Dynamically added transition from wildcard50 to wildcard56
[DEBUG] Dynamically added transition from wildcard56 to wildcard27
[DEBUG] Dynamically added transition from wildcard56 to wildcard26
[DEBUG] Dynamically added transition from wildcard56 to wildcard25
[DEBUG] Dynamically added transition from wildcard56 to wildcard24
[DEBUG] Dynamically added transition from wildcard56 to wildcard23
[DEBUG] Dynamically added transition from wildcard56 to wildcard22
[DEBUG] Dynamically added transition from wildcard56 to wildcard1
[DEBUG] Dynamically added transition from wildcard56 to wildcard21
[DEBUG] Dynamically added transition from wildcard56 to wildcard0
[DEBUG] Dynamically added transition from wildcard56 to wildcard20
[DEBUG] Dynamically added transition from wildcard56 to wildcard3
[DEBUG] Dynamically added transition from wildcard56 to wildcard2
[DEBUG] Dynamically added transition from wildcard56 to wildcard5
[DEBUG] Dynamically added transition from wildcard56 to wildcard4
[DEBUG] Dynamically added transition from wildcard56 to wildcard7
[DEBUG] Dynamically added transition from wildcard56 to wildcard6
[DEBUG] Dynamically added transition from wildcard56 to wildcard9
[DEBUG] Dynamically added transition from wildcard56 to wildcard8
[DEBUG] Dynamically added transition from wildcard56 to wildcard19
[DEBUG] Dynamically added transition from wildcard56 to wildcard18
[DEBUG] Dynamically added transition from wildcard56 to wildcard17
[DEBUG] Dynamically added transition from wildcard56 to wildcard38
[DEBUG] Dynamically added transition from wildcard56 to wildcard37
[DEBUG] Dynamically added transition from wildcard56 to wildcard36
[DEBUG] Dynamically added transition from wildcard56 to wildcard35
[DEBUG] Dynamically added transition from wildcard56 to wildcard34
[DEBUG] Dynamically added transition from wildcard56 to wildcard33
[DEBUG] Dynamically added transition from wildcard56 to wildcard32
[DEBUG] Dynamically added transition from wildcard56 to wildcard31
[DEBUG] Dynamically added transition from wildcard56 to wildcard30
[DEBUG] Dynamically added transition from wildcard56 to .*
[DEBUG] Dynamically added transition from wildcard56 to wildcard29
[DEBUG] Dynamically added transition from wildcard56 to wildcard28
[DEBUG] Dynamically added transition from wildcard56 to wildcard49
[DEBUG] Dynamically added transition from wildcard56 to wildcard48
[DEBUG] Dynamically added transition from wildcard56 to wildcard47
[DEBUG] Dynamically added transition from wildcard56 to wildcard46
[DEBUG] Dynamically added transition from wildcard56 to wildcard45
[DEBUG] Dynamically added transition from wildcard56 to wildcard44
[DEBUG] Dynamically added transition from wildcard56 to wildcard43
[DEBUG] Dynamically added transition from wildcard56 to wildcard42
[DEBUG] Dynamically added transition from wildcard56 to INITIAL
[DEBUG] Dynamically added transition from wildcard56 to wildcard41
[DEBUG] Dynamically added transition from wildcard56 to wildcard40
[DEBUG] Dynamically added transition from wildcard56 to end
[DEBUG] Dynamically added transition from wildcard56 to wildcard39
[DEBUG] Dynamically added transition from wildcard56 to wildcard16
[DEBUG] Dynamically added transition from wildcard56 to wildcard15
[DEBUG] Dynamically added transition from wildcard56 to wildcard14
[DEBUG] Dynamically added transition from wildcard56 to middle
[DEBUG] Dynamically added transition from wildcard56 to wildcard13
[DEBUG] Dynamically added transition from wildcard56 to wildcard12
[DEBUG] Dynamically added transition from wildcard56 to wildcard56
[DEBUG] Dynamically added transition from wildcard56 to wildcard11
[DEBUG] Dynamically added transition from wildcard56 to wildcard55
[DEBUG] Dynamically added transition from wildcard56 to wildcard10
[DEBUG] Dynamically added transition from wildcard56 to wildcard54
[DEBUG] Dynamically added transition from wildcard56 to wildcard53
[DEBUG] Dynamically added transition from wildcard56 to start
[DEBUG] Dynamically added transition from wildcard56 to wildcard52
[DEBUG] Dynamically added transition from wildcard56 to wildcard51
[DEBUG] Dynamically added transition from wildcard56 to wildcard50
[INFO] Wildcard transition valid to state: wildcard56
[INFO] Wildcard transition detected from wildcard56 to wildcard57
[DEBUG] Created intermediate state for wildcard transition: wildcard57
[DEBUG] Dynamically added transition from wildcard56 to wildcard57
[DEBUG] Dynamically added transition from wildcard27 to wildcard57
[DEBUG] Dynamically added transition from wildcard26 to wildcard57
[DEBUG] Dynamically added transition from wildcard25 to wildcard57
[DEBUG] Dynamically added transition from wildcard24 to wildcard57
[DEBUG] Dynamically added transition from wildcard23 to wildcard57
[DEBUG] Dynamically added transition from wildcard22 to wildcard57
[DEBUG] Dynamically added transition from wildcard1 to wildcard57
[DEBUG] Dynamically added transition from wildcard21 to wildcard57
[DEBUG] Dynamically added transition from wildcard0 to wildcard57
[DEBUG] Dynamically added transition from wildcard20 to wildcard57
[DEBUG] Dynamically added transition from wildcard3 to wildcard57
[DEBUG] Dynamically added transition from wildcard2 to wildcard57
[DEBUG] Dynamically added transition from wildcard5 to wildcard57
[DEBUG] Dynamically added transition from wildcard4 to wildcard57
[DEBUG] Dynamically added transition from wildcard7 to wildcard57
[DEBUG] Dynamically added transition from wildcard6 to wildcard57
[DEBUG] Dynamically added transition from wildcard9 to wildcard57
[DEBUG] Dynamically added transition from wildcard8 to wildcard57
[DEBUG] Dynamically added transition from wildcard19 to wildcard57
[DEBUG] Dynamically added transition from wildcard18 to wildcard57
[DEBUG] Dynamically added transition from wildcard17 to wildcard57
[DEBUG] Dynamically added transition from wildcard38 to wildcard57
[DEBUG] Dynamically added transition from wildcard37 to wildcard57
[DEBUG] Dynamically added transition from wildcard36 to wildcard57
[DEBUG] Dynamically added transition from wildcard35 to wildcard57
[DEBUG] Dynamically added transition from wildcard34 to wildcard57
[DEBUG] Dynamically added transition from wildcard33 to wildcard57
[DEBUG] Dynamically added transition from wildcard32 to wildcard57
[DEBUG] Dynamically added transition from wildcard31 to wildcard57
[DEBUG] Dynamically added transition from wildcard30 to wildcard57
[DEBUG] Dynamically added transition from wildcard29 to wildcard57
[DEBUG] Dynamically added transition from wildcard28 to wildcard57
[DEBUG] Dynamically added transition from wildcard49 to wildcard57
[DEBUG] Dynamically added transition from wildcard48 to wildcard57
[DEBUG] Dynamically added transition from wildcard47 to wildcard57
[DEBUG] Dynamically added transition from wildcard46 to wildcard57
[DEBUG] Dynamically added transition from wildcard45 to wildcard57
[DEBUG] Dynamically added transition from wildcard44 to wildcard57
[DEBUG] Dynamically added transition from wildcard43 to wildcard57
[DEBUG] Dynamically added transition from wildcard42 to wildcard57
[DEBUG] Dynamically added transition from INITIAL to wildcard57
[DEBUG] Dynamically added transition from wildcard41 to wildcard57
[DEBUG] Dynamically added transition from wildcard40 to wildcard57
[DEBUG] Dynamically added transition from wildcard39 to wildcard57
[DEBUG] Dynamically added transition from wildcard16 to wildcard57
[DEBUG] Dynamically added transition from wildcard15 to wildcard57
[DEBUG] Dynamically added transition from wildcard14 to wildcard57
[DEBUG] Dynamically added transition from wildcard13 to wildcard57
[DEBUG] Dynamically added transition from wildcard12 to wildcard57
[DEBUG] Dynamically added transition from wildcard11 to wildcard57
[DEBUG] Dynamically added transition from wildcard55 to wildcard57
[DEBUG] Dynamically added transition from wildcard10 to wildcard57
[DEBUG] Dynamically added transition from wildcard54 to wildcard57
[DEBUG] Dynamically added transition from wildcard53 to wildcard57
[DEBUG] Dynamically added transition from start to wildcard57
[DEBUG] Dynamically added transition from wildcard52 to wildcard57
[DEBUG] Dynamically added transition from wildcard51 to wildcard57
[DEBUG] Dynamically added transition from wildcard50 to wildcard57
[DEBUG] Dynamically added transition from wildcard57 to wildcard27
[DEBUG] Dynamically added transition from wildcard57 to wildcard26
[DEBUG] Dynamically added transition from wildcard57 to wildcard25
[DEBUG] Dynamically added transition from wildcard57 to wildcard24
[DEBUG] Dynamically added transition from wildcard57 to wildcard23
[DEBUG] Dynamically added transition from wildcard57 to wildcard22
[DEBUG] Dynamically added transition from wildcard57 to wildcard1
[DEBUG] Dynamically added transition from wildcard57 to wildcard21
[DEBUG] Dynamically added transition from wildcard57 to wildcard0
[DEBUG] Dynamically added transition from wildcard57 to wildcard20
[DEBUG] Dynamically added transition from wildcard57 to wildcard3
[DEBUG] Dynamically added transition from wildcard57 to wildcard2
[DEBUG] Dynamically added transition from wildcard57 to wildcard5
[DEBUG] Dynamically added transition from wildcard57 to wildcard4
[DEBUG] Dynamically added transition from wildcard57 to wildcard7
[DEBUG] Dynamically added transition from wildcard57 to wildcard6
[DEBUG] Dynamically added transition from wildcard57 to wildcard9
[DEBUG] Dynamically added transition from wildcard57 to wildcard8
[DEBUG] Dynamically added transition from wildcard57 to wildcard19
[DEBUG] Dynamically added transition from wildcard57 to wildcard18
[DEBUG] Dynamically added transition from wildcard57 to wildcard17
[DEBUG] Dynamically added transition from wildcard57 to wildcard38
[DEBUG] Dynamically added transition from wildcard57 to wildcard37
[DEBUG] Dynamically added transition from wildcard57 to wildcard36
[DEBUG] Dynamically added transition from wildcard57 to wildcard35
[DEBUG] Dynamically added transition from wildcard57 to wildcard34
[DEBUG] Dynamically added transition from wildcard57 to wildcard33
[DEBUG] Dynamically added transition from wildcard57 to wildcard32
[DEBUG] Dynamically added transition from wildcard57 to wildcard31
[DEBUG] Dynamically added transition from wildcard57 to wildcard30
[DEBUG] Dynamically added transition from wildcard57 to .*
[DEBUG] Dynamically added transition from wildcard57 to wildcard29
[DEBUG] Dynamically added transition from wildcard57 to wildcard28
[DEBUG] Dynamically added transition from wildcard57 to wildcard49
[DEBUG] Dynamically added transition from wildcard57 to wildcard48
[DEBUG] Dynamically added transition from wildcard57 to wildcard47
[DEBUG] Dynamically added transition from wildcard57 to wildcard46
[DEBUG] Dynamically added transition from wildcard57 to wildcard45
[DEBUG] Dynamically added transition from wildcard57 to wildcard44
[DEBUG] Dynamically added transition from wildcard57 to wildcard43
[DEBUG] Dynamically added transition from wildcard57 to wildcard42
[DEBUG] Dynamically added transition from wildcard57 to INITIAL
[DEBUG] Dynamically added transition from wildcard57 to wildcard41
[DEBUG] Dynamically added transition from wildcard57 to wildcard40
[DEBUG] Dynamically added transition from wildcard57 to end
[DEBUG] Dynamically added transition from wildcard57 to wildcard39
[DEBUG] Dynamically added transition from wildcard57 to wildcard16
[DEBUG] Dynamically added transition from wildcard57 to wildcard15
[DEBUG] Dynamically added transition from wildcard57 to wildcard14
[DEBUG] Dynamically added transition from wildcard57 to middle
[DEBUG] Dynamically added transition from wildcard57 to wildcard13
[DEBUG] Dynamically added transition from wildcard57 to wildcard57
[DEBUG] Dynamically added transition from wildcard57 to wildcard12
[DEBUG] Dynamically added transition from wildcard57 to wildcard56
[DEBUG] Dynamically added transition from wildcard57 to wildcard11
[DEBUG] Dynamically added transition from wildcard57 to wildcard55
[DEBUG] Dynamically added transition from wildcard57 to wildcard10
[DEBUG] Dynamically added transition from wildcard57 to wildcard54
[DEBUG] Dynamically added transition from wildcard57 to wildcard53
[DEBUG] Dynamically added transition from wildcard57 to start
[DEBUG] Dynamically added transition from wildcard57 to wildcard52
[DEBUG] Dynamically added transition from wildcard57 to wildcard51
[DEBUG] Dynamically added transition from wildcard57 to wildcard50
[INFO] Wildcard transition valid to state: wildcard57
[INFO] Wildcard transition detected from wildcard57 to wildcard58
[DEBUG] Created intermediate state for wildcard transition: wildcard58
[DEBUG] Dynamically added transition from wildcard57 to wildcard58
[DEBUG] Dynamically added transition from wildcard27 to wildcard58
[DEBUG] Dynamically added transition from wildcard26 to wildcard58
[DEBUG] Dynamically added transition from wildcard25 to wildcard58
[DEBUG] Dynamically added transition from wildcard24 to wildcard58
[DEBUG] Dynamically added transition from wildcard23 to wildcard58
[DEBUG] Dynamically added transition from wildcard22 to wildcard58
[DEBUG] Dynamically added transition from wildcard1 to wildcard58
[DEBUG] Dynamically added transition from wildcard21 to wildcard58
[DEBUG] Dynamically added transition from wildcard0 to wildcard58
[DEBUG] Dynamically added transition from wildcard20 to wildcard58
[DEBUG] Dynamically added transition from wildcard3 to wildcard58
[DEBUG] Dynamically added transition from wildcard2 to wildcard58
[DEBUG] Dynamically added transition from wildcard5 to wildcard58
[DEBUG] Dynamically added transition from wildcard4 to wildcard58
[DEBUG] Dynamically added transition from wildcard7 to wildcard58
[DEBUG] Dynamically added transition from wildcard6 to wildcard58
[DEBUG] Dynamically added transition from wildcard9 to wildcard58
[DEBUG] Dynamically added transition from wildcard8 to wildcard58
[DEBUG] Dynamically added transition from wildcard19 to wildcard58
[DEBUG] Dynamically added transition from wildcard18 to wildcard58
[DEBUG] Dynamically added transition from wildcard17 to wildcard58
[DEBUG] Dynamically added transition from wildcard38 to wildcard58
[DEBUG] Dynamically added transition from wildcard37 to wildcard58
[DEBUG] Dynamically added transition from wildcard36 to wildcard58
[DEBUG] Dynamically added transition from wildcard35 to wildcard58
[DEBUG] Dynamically added transition from wildcard34 to wildcard58
[DEBUG] Dynamically added transition from wildcard33 to wildcard58
[DEBUG] Dynamically added transition from wildcard32 to wildcard58
[DEBUG] Dynamically added transition from wildcard31 to wildcard58
[DEBUG] Dynamically added transition from wildcard30 to wildcard58
[DEBUG] Dynamically added transition from wildcard29 to wildcard58
[DEBUG] Dynamically added transition from wildcard28 to wildcard58
[DEBUG] Dynamically added transition from wildcard49 to wildcard58
[DEBUG] Dynamically added transition from wildcard48 to wildcard58
[DEBUG] Dynamically added transition from wildcard47 to wildcard58
[DEBUG] Dynamically added transition from wildcard46 to wildcard58
[DEBUG] Dynamically added transition from wildcard45 to wildcard58
[DEBUG] Dynamically added transition from wildcard44 to wildcard58
[DEBUG] Dynamically added transition from wildcard43 to wildcard58
[DEBUG] Dynamically added transition from wildcard42 to wildcard58
[DEBUG] Dynamically added transition from INITIAL to wildcard58
[DEBUG] Dynamically added transition from wildcard41 to wildcard58
[DEBUG] Dynamically added transition from wildcard40 to wildcard58
[DEBUG] Dynamically added transition from wildcard39 to wildcard58
[DEBUG] Dynamically added transition from wildcard16 to wildcard58
[DEBUG] Dynamically added transition from wildcard15 to wildcard58
[DEBUG] Dynamically added transition from wildcard14 to wildcard58
[DEBUG] Dynamically added transition from wildcard13 to wildcard58
[DEBUG] Dynamically added transition from wildcard12 to wildcard58
[DEBUG] Dynamically added transition from wildcard56 to wildcard58
[DEBUG] Dynamically added transition from wildcard11 to wildcard58
[DEBUG] Dynamically added transition from wildcard55 to wildcard58
[DEBUG] Dynamically added transition from wildcard10 to wildcard58
[DEBUG] Dynamically added transition from wildcard54 to wildcard58
[DEBUG] Dynamically added transition from wildcard53 to wildcard58
[DEBUG] Dynamically added transition from start to wildcard58
[DEBUG] Dynamically added transition from wildcard52 to wildcard58
[DEBUG] Dynamically added transition from wildcard51 to wildcard58
[DEBUG] Dynamically added transition from wildcard50 to wildcard58
[DEBUG] Dynamically added transition from wildcard58 to wildcard27
[DEBUG] Dynamically added transition from wildcard58 to wildcard26
[DEBUG] Dynamically added transition from wildcard58 to wildcard25
[DEBUG] Dynamically added transition from wildcard58 to wildcard24
[DEBUG] Dynamically added transition from wildcard58 to wildcard23
[DEBUG] Dynamically added transition from wildcard58 to wildcard22
[DEBUG] Dynamically added transition from wildcard58 to wildcard1
[DEBUG] Dynamically added transition from wildcard58 to wildcard21
[DEBUG] Dynamically added transition from wildcard58 to wildcard0
[DEBUG] Dynamically added transition from wildcard58 to wildcard20
[DEBUG] Dynamically added transition from wildcard58 to wildcard3
[DEBUG] Dynamically added transition from wildcard58 to wildcard2
[DEBUG] Dynamically added transition from wildcard58 to wildcard5
[DEBUG] Dynamically added transition from wildcard58 to wildcard4
[DEBUG] Dynamically added transition from wildcard58 to wildcard7
[DEBUG] Dynamically added transition from wildcard58 to wildcard6
[DEBUG] Dynamically added transition from wildcard58 to wildcard9
[DEBUG] Dynamically added transition from wildcard58 to wildcard8
[DEBUG] Dynamically added transition from wildcard58 to wildcard19
[DEBUG] Dynamically added transition from wildcard58 to wildcard18
[DEBUG] Dynamically added transition from wildcard58 to wildcard17
[DEBUG] Dynamically added transition from wildcard58 to wildcard38
[DEBUG] Dynamically added transition from wildcard58 to wildcard37
[DEBUG] Dynamically added transition from wildcard58 to wildcard36
[DEBUG] Dynamically added transition from wildcard58 to wildcard35
[DEBUG] Dynamically added transition from wildcard58 to wildcard34
[DEBUG] Dynamically added transition from wildcard58 to wildcard33
[DEBUG] Dynamically added transition from wildcard58 to wildcard32
[DEBUG] Dynamically added transition from wildcard58 to wildcard31
[DEBUG] Dynamically added transition from wildcard58 to wildcard30
[DEBUG] Dynamically added transition from wildcard58 to .*
[DEBUG] Dynamically added transition from wildcard58 to wildcard29
[DEBUG] Dynamically added transition from wildcard58 to wildcard28
[DEBUG] Dynamically added transition from wildcard58 to wildcard49
[DEBUG] Dynamically added transition from wildcard58 to wildcard48
[DEBUG] Dynamically added transition from wildcard58 to wildcard47
[DEBUG] Dynamically added transition from wildcard58 to wildcard46
[DEBUG] Dynamically added transition from wildcard58 to wildcard45
[DEBUG] Dynamically added transition from wildcard58 to wildcard44
[DEBUG] Dynamically added transition from wildcard58 to wildcard43
[DEBUG] Dynamically added transition from wildcard58 to wildcard42
[DEBUG] Dynamically added transition from wildcard58 to INITIAL
[DEBUG] Dynamically added transition from wildcard58 to wildcard41
[DEBUG] Dynamically added transition from wildcard58 to wildcard40
[DEBUG] Dynamically added transition from wildcard58 to end
[DEBUG] Dynamically added transition from wildcard58 to wildcard39
[DEBUG] Dynamically added transition from wildcard58 to wildcard16
[DEBUG] Dynamically added transition from wildcard58 to wildcard15
[DEBUG] Dynamically added transition from wildcard58 to wildcard14
[DEBUG] Dynamically added transition from wildcard58 to wildcard58
[DEBUG] Dynamically added transition from wildcard58 to middle
[DEBUG] Dynamically added transition from wildcard58 to wildcard13
[DEBUG] Dynamically added transition from wildcard58 to wildcard57
[DEBUG] Dynamically added transition from wildcard58 to wildcard12
[DEBUG] Dynamically added transition from wildcard58 to wildcard56
[DEBUG] Dynamically added transition from wildcard58 to wildcard11
[DEBUG] Dynamically added transition from wildcard58 to wildcard55
[DEBUG] Dynamically added transition from wildcard58 to wildcard10
[DEBUG] Dynamically added transition from wildcard58 to wildcard54
[DEBUG] Dynamically added transition from wildcard58 to wildcard53
[DEBUG] Dynamically added transition from wildcard58 to start
[DEBUG] Dynamically added transition from wildcard58 to wildcard52
[DEBUG] Dynamically added transition from wildcard58 to wildcard51
[DEBUG] Dynamically added transition from wildcard58 to wildcard50
[INFO] Wildcard transition valid to state: wildcard58
[INFO] Wildcard transition detected from wildcard58 to wildcard59
[DEBUG] Created intermediate state for wildcard transition: wildcard59
[DEBUG] Dynamically added transition from wildcard58 to wildcard59
[DEBUG] Dynamically added transition from wildcard27 to wildcard59
[DEBUG] Dynamically added transition from wildcard26 to wildcard59
[DEBUG] Dynamically added transition from wildcard25 to wildcard59
[DEBUG] Dynamically added transition from wildcard24 to wildcard59
[DEBUG] Dynamically added transition from wildcard23 to wildcard59
[DEBUG] Dynamically added transition from wildcard22 to wildcard59
[DEBUG] Dynamically added transition from wildcard1 to wildcard59
[DEBUG] Dynamically added transition from wildcard21 to wildcard59
[DEBUG] Dynamically added transition from wildcard0 to wildcard59
[DEBUG] Dynamically added transition from wildcard20 to wildcard59
[DEBUG] Dynamically added transition from wildcard3 to wildcard59
[DEBUG] Dynamically added transition from wildcard2 to wildcard59
[DEBUG] Dynamically added transition from wildcard5 to wildcard59
[DEBUG] Dynamically added transition from wildcard4 to wildcard59
[DEBUG] Dynamically added transition from wildcard7 to wildcard59
[DEBUG] Dynamically added transition from wildcard6 to wildcard59
[DEBUG] Dynamically added transition from wildcard9 to wildcard59
[DEBUG] Dynamically added transition from wildcard8 to wildcard59
[DEBUG] Dynamically added transition from wildcard19 to wildcard59
[DEBUG] Dynamically added transition from wildcard18 to wildcard59
[DEBUG] Dynamically added transition from wildcard17 to wildcard59
[DEBUG] Dynamically added transition from wildcard38 to wildcard59
[DEBUG] Dynamically added transition from wildcard37 to wildcard59
[DEBUG] Dynamically added transition from wildcard36 to wildcard59
[DEBUG] Dynamically added transition from wildcard35 to wildcard59
[DEBUG] Dynamically added transition from wildcard34 to wildcard59
[DEBUG] Dynamically added transition from wildcard33 to wildcard59
[DEBUG] Dynamically added transition from wildcard32 to wildcard59
[DEBUG] Dynamically added transition from wildcard31 to wildcard59
[DEBUG] Dynamically added transition from wildcard30 to wildcard59
[DEBUG] Dynamically added transition from wildcard29 to wildcard59
[DEBUG] Dynamically added transition from wildcard28 to wildcard59
[DEBUG] Dynamically added transition from wildcard49 to wildcard59
[DEBUG] Dynamically added transition from wildcard48 to wildcard59
[DEBUG] Dynamically added transition from wildcard47 to wildcard59
[DEBUG] Dynamically added transition from wildcard46 to wildcard59
[DEBUG] Dynamically added transition from wildcard45 to wildcard59
[DEBUG] Dynamically added transition from wildcard44 to wildcard59
[DEBUG] Dynamically added transition from wildcard43 to wildcard59
[DEBUG] Dynamically added transition from wildcard42 to wildcard59
[DEBUG] Dynamically added transition from INITIAL to wildcard59
[DEBUG] Dynamically added transition from wildcard41 to wildcard59
[DEBUG] Dynamically added transition from wildcard40 to wildcard59
[DEBUG] Dynamically added transition from wildcard39 to wildcard59
[DEBUG] Dynamically added transition from wildcard16 to wildcard59
[DEBUG] Dynamically added transition from wildcard15 to wildcard59
[DEBUG] Dynamically added transition from wildcard14 to wildcard59
[DEBUG] Dynamically added transition from wildcard13 to wildcard59
[DEBUG] Dynamically added transition from wildcard57 to wildcard59
[DEBUG] Dynamically added transition from wildcard12 to wildcard59
[DEBUG] Dynamically added transition from wildcard56 to wildcard59
[DEBUG] Dynamically added transition from wildcard11 to wildcard59
[DEBUG] Dynamically added transition from wildcard55 to wildcard59
[DEBUG] Dynamically added transition from wildcard10 to wildcard59
[DEBUG] Dynamically added transition from wildcard54 to wildcard59
[DEBUG] Dynamically added transition from wildcard53 to wildcard59
[DEBUG] Dynamically added transition from start to wildcard59
[DEBUG] Dynamically added transition from wildcard52 to wildcard59
[DEBUG] Dynamically added transition from wildcard51 to wildcard59
[DEBUG] Dynamically added transition from wildcard50 to wildcard59
[DEBUG] Dynamically added transition from wildcard59 to wildcard27
[DEBUG] Dynamically added transition from wildcard59 to wildcard26
[DEBUG] Dynamically added transition from wildcard59 to wildcard25
[DEBUG] Dynamically added transition from wildcard59 to wildcard24
[DEBUG] Dynamically added transition from wildcard59 to wildcard23
[DEBUG] Dynamically added transition from wildcard59 to wildcard22
[DEBUG] Dynamically added transition from wildcard59 to wildcard1
[DEBUG] Dynamically added transition from wildcard59 to wildcard21
[DEBUG] Dynamically added transition from wildcard59 to wildcard0
[DEBUG] Dynamically added transition from wildcard59 to wildcard20
[DEBUG] Dynamically added transition from wildcard59 to wildcard3
[DEBUG] Dynamically added transition from wildcard59 to wildcard2
[DEBUG] Dynamically added transition from wildcard59 to wildcard5
[DEBUG] Dynamically added transition from wildcard59 to wildcard4
[DEBUG] Dynamically added transition from wildcard59 to wildcard7
[DEBUG] Dynamically added transition from wildcard59 to wildcard6
[DEBUG] Dynamically added transition from wildcard59 to wildcard9
[DEBUG] Dynamically added transition from wildcard59 to wildcard8
[DEBUG] Dynamically added transition from wildcard59 to wildcard19
[DEBUG] Dynamically added transition from wildcard59 to wildcard18
[DEBUG] Dynamically added transition from wildcard59 to wildcard17
[DEBUG] Dynamically added transition from wildcard59 to wildcard38
[DEBUG] Dynamically added transition from wildcard59 to wildcard37
[DEBUG] Dynamically added transition from wildcard59 to wildcard36
[DEBUG] Dynamically added transition from wildcard59 to wildcard35
[DEBUG] Dynamically added transition from wildcard59 to wildcard34
[DEBUG] Dynamically added transition from wildcard59 to wildcard33
[DEBUG] Dynamically added transition from wildcard59 to wildcard32
[DEBUG] Dynamically added transition from wildcard59 to wildcard31
[DEBUG] Dynamically added transition from wildcard59 to wildcard30
[DEBUG] Dynamically added transition from wildcard59 to .*
[DEBUG] Dynamically added transition from wildcard59 to wildcard29
[DEBUG] Dynamically added transition from wildcard59 to wildcard28
[DEBUG] Dynamically added transition from wildcard59 to wildcard49
[DEBUG] Dynamically added transition from wildcard59 to wildcard48
[DEBUG] Dynamically added transition from wildcard59 to wildcard47
[DEBUG] Dynamically added transition from wildcard59 to wildcard46
[DEBUG] Dynamically added transition from wildcard59 to wildcard45
[DEBUG] Dynamically added transition from wildcard59 to wildcard44
[DEBUG] Dynamically added transition from wildcard59 to wildcard43
[DEBUG] Dynamically added transition from wildcard59 to wildcard42
[DEBUG] Dynamically added transition from wildcard59 to INITIAL
[DEBUG] Dynamically added transition from wildcard59 to wildcard41
[DEBUG] Dynamically added transition from wildcard59 to wildcard40
[DEBUG] Dynamically added transition from wildcard59 to end
[DEBUG] Dynamically added transition from wildcard59 to wildcard39
[DEBUG] Dynamically added transition from wildcard59 to wildcard16
[DEBUG] Dynamically added transition from wildcard59 to wildcard15
[DEBUG] Dynamically added transition from wildcard59 to wildcard59
[DEBUG] Dynamically added transition from wildcard59 to wildcard14
[DEBUG] Dynamically added transition from wildcard59 to wildcard58
[DEBUG] Dynamically added transition from wildcard59 to middle
[DEBUG] Dynamically added transition from wildcard59 to wildcard13
[DEBUG] Dynamically added transition from wildcard59 to wildcard57
[DEBUG] Dynamically added transition from wildcard59 to wildcard12
[DEBUG] Dynamically added transition from wildcard59 to wildcard56
[DEBUG] Dynamically added transition from wildcard59 to wildcard11
[DEBUG] Dynamically added transition from wildcard59 to wildcard55
[DEBUG] Dynamically added transition from wildcard59 to wildcard10
[DEBUG] Dynamically added transition from wildcard59 to wildcard54
[DEBUG] Dynamically added transition from wildcard59 to wildcard53
[DEBUG] Dynamically added transition from wildcard59 to start
[DEBUG] Dynamically added transition from wildcard59 to wildcard52
[DEBUG] Dynamically added transition from wildcard59 to wildcard51
[DEBUG] Dynamically added transition from wildcard59 to wildcard50
[INFO] Wildcard transition valid to state: wildcard59
[INFO] Wildcard transition detected from wildcard59 to wildcard60
[DEBUG] Created intermediate state for wildcard transition: wildcard60
[DEBUG] Dynamically added transition from wildcard59 to wildcard60
[DEBUG] Dynamically added transition from wildcard27 to wildcard60
[DEBUG] Dynamically added transition from wildcard26 to wildcard60
[DEBUG] Dynamically added transition from wildcard25 to wildcard60
[DEBUG] Dynamically added transition from wildcard24 to wildcard60
[DEBUG] Dynamically added transition from wildcard23 to wildcard60
[DEBUG] Dynamically added transition from wildcard22 to wildcard60
[DEBUG] Dynamically added transition from wildcard1 to wildcard60
[DEBUG] Dynamically added transition from wildcard21 to wildcard60
[DEBUG] Dynamically added transition from wildcard0 to wildcard60
[DEBUG] Dynamically added transition from wildcard20 to wildcard60
[DEBUG] Dynamically added transition from wildcard3 to wildcard60
[DEBUG] Dynamically added transition from wildcard2 to wildcard60
[DEBUG] Dynamically added transition from wildcard5 to wildcard60
[DEBUG] Dynamically added transition from wildcard4 to wildcard60
[DEBUG] Dynamically added transition from wildcard7 to wildcard60
[DEBUG] Dynamically added transition from wildcard6 to wildcard60
[DEBUG] Dynamically added transition from wildcard9 to wildcard60
[DEBUG] Dynamically added transition from wildcard8 to wildcard60
[DEBUG] Dynamically added transition from wildcard19 to wildcard60
[DEBUG] Dynamically added transition from wildcard18 to wildcard60
[DEBUG] Dynamically added transition from wildcard17 to wildcard60
[DEBUG] Dynamically added transition from wildcard38 to wildcard60
[DEBUG] Dynamically added transition from wildcard37 to wildcard60
[DEBUG] Dynamically added transition from wildcard36 to wildcard60
[DEBUG] Dynamically added transition from wildcard35 to wildcard60
[DEBUG] Dynamically added transition from wildcard34 to wildcard60
[DEBUG] Dynamically added transition from wildcard33 to wildcard60
[DEBUG] Dynamically added transition from wildcard32 to wildcard60
[DEBUG] Dynamically added transition from wildcard31 to wildcard60
[DEBUG] Dynamically added transition from wildcard30 to wildcard60
[DEBUG] Dynamically added transition from wildcard29 to wildcard60
[DEBUG] Dynamically added transition from wildcard28 to wildcard60
[DEBUG] Dynamically added transition from wildcard49 to wildcard60
[DEBUG] Dynamically added transition from wildcard48 to wildcard60
[DEBUG] Dynamically added transition from wildcard47 to wildcard60
[DEBUG] Dynamically added transition from wildcard46 to wildcard60
[DEBUG] Dynamically added transition from wildcard45 to wildcard60
[DEBUG] Dynamically added transition from wildcard44 to wildcard60
[DEBUG] Dynamically added transition from wildcard43 to wildcard60
[DEBUG] Dynamically added transition from wildcard42 to wildcard60
[DEBUG] Dynamically added transition from INITIAL to wildcard60
[DEBUG] Dynamically added transition from wildcard41 to wildcard60
[DEBUG] Dynamically added transition from wildcard40 to wildcard60
[DEBUG] Dynamically added transition from wildcard39 to wildcard60
[DEBUG] Dynamically added transition from wildcard16 to wildcard60
[DEBUG] Dynamically added transition from wildcard15 to wildcard60
[DEBUG] Dynamically added transition from wildcard14 to wildcard60
[DEBUG] Dynamically added transition from wildcard58 to wildcard60
[DEBUG] Dynamically added transition from wildcard13 to wildcard60
[DEBUG] Dynamically added transition from wildcard57 to wildcard60
[DEBUG] Dynamically added transition from wildcard12 to wildcard60
[DEBUG] Dynamically added transition from wildcard56 to wildcard60
[DEBUG] Dynamically added transition from wildcard11 to wildcard60
[DEBUG] Dynamically added transition from wildcard55 to wildcard60
[DEBUG] Dynamically added transition from wildcard10 to wildcard60
[DEBUG] Dynamically added transition from wildcard54 to wildcard60
[DEBUG] Dynamically added transition from wildcard53 to wildcard60
[DEBUG] Dynamically added transition from start to wildcard60
[DEBUG] Dynamically added transition from wildcard52 to wildcard60
[DEBUG] Dynamically added transition from wildcard51 to wildcard60
[DEBUG] Dynamically added transition from wildcard50 to wildcard60
[DEBUG] Dynamically added transition from wildcard60 to wildcard27
[DEBUG] Dynamically added transition from wildcard60 to wildcard26
[DEBUG] Dynamically added transition from wildcard60 to wildcard25
[DEBUG] Dynamically added transition from wildcard60 to wildcard24
[DEBUG] Dynamically added transition from wildcard60 to wildcard23
[DEBUG] Dynamically added transition from wildcard60 to wildcard22
[DEBUG] Dynamically added transition from wildcard60 to wildcard1
[DEBUG] Dynamically added transition from wildcard60 to wildcard21
[DEBUG] Dynamically added transition from wildcard60 to wildcard0
[DEBUG] Dynamically added transition from wildcard60 to wildcard20
[DEBUG] Dynamically added transition from wildcard60 to wildcard3
[DEBUG] Dynamically added transition from wildcard60 to wildcard2
[DEBUG] Dynamically added transition from wildcard60 to wildcard5
[DEBUG] Dynamically added transition from wildcard60 to wildcard4
[DEBUG] Dynamically added transition from wildcard60 to wildcard60
[DEBUG] Dynamically added transition from wildcard60 to wildcard7
[DEBUG] Dynamically added transition from wildcard60 to wildcard6
[DEBUG] Dynamically added transition from wildcard60 to wildcard9
[DEBUG] Dynamically added transition from wildcard60 to wildcard8
[DEBUG] Dynamically added transition from wildcard60 to wildcard19
[DEBUG] Dynamically added transition from wildcard60 to wildcard18
[DEBUG] Dynamically added transition from wildcard60 to wildcard17
[DEBUG] Dynamically added transition from wildcard60 to wildcard38
[DEBUG] Dynamically added transition from wildcard60 to wildcard37
[DEBUG] Dynamically added transition from wildcard60 to wildcard36
[DEBUG] Dynamically added transition from wildcard60 to wildcard35
[DEBUG] Dynamically added transition from wildcard60 to wildcard34
[DEBUG] Dynamically added transition from wildcard60 to wildcard33
[DEBUG] Dynamically added transition from wildcard60 to wildcard32
[DEBUG] Dynamically added transition from wildcard60 to wildcard31
[DEBUG] Dynamically added transition from wildcard60 to wildcard30
[DEBUG] Dynamically added transition from wildcard60 to .*
[DEBUG] Dynamically added transition from wildcard60 to wildcard29
[DEBUG] Dynamically added transition from wildcard60 to wildcard28
[DEBUG] Dynamically added transition from wildcard60 to wildcard49
[DEBUG] Dynamically added transition from wildcard60 to wildcard48
[DEBUG] Dynamically added transition from wildcard60 to wildcard47
[DEBUG] Dynamically added transition from wildcard60 to wildcard46
[DEBUG] Dynamically added transition from wildcard60 to wildcard45
[DEBUG] Dynamically added transition from wildcard60 to wildcard44
[DEBUG] Dynamically added transition from wildcard60 to wildcard43
[DEBUG] Dynamically added transition from wildcard60 to wildcard42
[DEBUG] Dynamically added transition from wildcard60 to INITIAL
[DEBUG] Dynamically added transition from wildcard60 to wildcard41
[DEBUG] Dynamically added transition from wildcard60 to wildcard40
[DEBUG] Dynamically added transition from wildcard60 to end
[DEBUG] Dynamically added transition from wildcard60 to wildcard39
[DEBUG] Dynamically added transition from wildcard60 to wildcard16
[DEBUG] Dynamically added transition from wildcard60 to wildcard15
[DEBUG] Dynamically added transition from wildcard60 to wildcard59
[DEBUG] Dynamically added transition from wildcard60 to wildcard14
[DEBUG] Dynamically added transition from wildcard60 to wildcard58
[DEBUG] Dynamically added transition from wildcard60 to middle
[DEBUG] Dynamically added transition from wildcard60 to wildcard13
[DEBUG] Dynamically added transition from wildcard60 to wildcard57
[DEBUG] Dynamically added transition from wildcard60 to wildcard12
[DEBUG] Dynamically added transition from wildcard60 to wildcard56
[DEBUG] Dynamically added transition from wildcard60 to wildcard11
[DEBUG] Dynamically added transition from wildcard60 to wildcard55
[DEBUG] Dynamically added transition from wildcard60 to wildcard10
[DEBUG] Dynamically added transition from wildcard60 to wildcard54
[DEBUG] Dynamically added transition from wildcard60 to wildcard53
[DEBUG] Dynamically added transition from wildcard60 to start
[DEBUG] Dynamically added transition from wildcard60 to wildcard52
[DEBUG] Dynamically added transition from wildcard60 to wildcard51
[DEBUG] Dynamically added transition from wildcard60 to wildcard50
[INFO] Wildcard transition valid to state: wildcard60
[INFO] Wildcard transition detected from wildcard60 to wildcard61
[DEBUG] Created intermediate state for wildcard transition: wildcard61
[DEBUG] Dynamically added transition from wildcard60 to wildcard61
[DEBUG] Dynamically added transition from wildcard27 to wildcard61
[DEBUG] Dynamically added transition from wildcard26 to wildcard61
[DEBUG] Dynamically added transition from wildcard25 to wildcard61
[DEBUG] Dynamically added transition from wildcard24 to wildcard61
[DEBUG] Dynamically added transition from wildcard23 to wildcard61
[DEBUG] Dynamically added transition from wildcard22 to wildcard61
[DEBUG] Dynamically added transition from wildcard1 to wildcard61
[DEBUG] Dynamically added transition from wildcard21 to wildcard61
[DEBUG] Dynamically added transition from wildcard0 to wildcard61
[DEBUG] Dynamically added transition from wildcard20 to wildcard61
[DEBUG] Dynamically added transition from wildcard3 to wildcard61
[DEBUG] Dynamically added transition from wildcard2 to wildcard61
[DEBUG] Dynamically added transition from wildcard5 to wildcard61
[DEBUG] Dynamically added transition from wildcard4 to wildcard61
[DEBUG] Dynamically added transition from wildcard7 to wildcard61
[DEBUG] Dynamically added transition from wildcard6 to wildcard61
[DEBUG] Dynamically added transition from wildcard9 to wildcard61
[DEBUG] Dynamically added transition from wildcard8 to wildcard61
[DEBUG] Dynamically added transition from wildcard19 to wildcard61
[DEBUG] Dynamically added transition from wildcard18 to wildcard61
[DEBUG] Dynamically added transition from wildcard17 to wildcard61
[DEBUG] Dynamically added transition from wildcard38 to wildcard61
[DEBUG] Dynamically added transition from wildcard37 to wildcard61
[DEBUG] Dynamically added transition from wildcard36 to wildcard61
[DEBUG] Dynamically added transition from wildcard35 to wildcard61
[DEBUG] Dynamically added transition from wildcard34 to wildcard61
[DEBUG] Dynamically added transition from wildcard33 to wildcard61
[DEBUG] Dynamically added transition from wildcard32 to wildcard61
[DEBUG] Dynamically added transition from wildcard31 to wildcard61
[DEBUG] Dynamically added transition from wildcard30 to wildcard61
[DEBUG] Dynamically added transition from wildcard29 to wildcard61
[DEBUG] Dynamically added transition from wildcard28 to wildcard61
[DEBUG] Dynamically added transition from wildcard49 to wildcard61
[DEBUG] Dynamically added transition from wildcard48 to wildcard61
[DEBUG] Dynamically added transition from wildcard47 to wildcard61
[DEBUG] Dynamically added transition from wildcard46 to wildcard61
[DEBUG] Dynamically added transition from wildcard45 to wildcard61
[DEBUG] Dynamically added transition from wildcard44 to wildcard61
[DEBUG] Dynamically added transition from wildcard43 to wildcard61
[DEBUG] Dynamically added transition from wildcard42 to wildcard61
[DEBUG] Dynamically added transition from INITIAL to wildcard61
[DEBUG] Dynamically added transition from wildcard41 to wildcard61
[DEBUG] Dynamically added transition from wildcard40 to wildcard61
[DEBUG] Dynamically added transition from wildcard39 to wildcard61
[DEBUG] Dynamically added transition from wildcard16 to wildcard61
[DEBUG] Dynamically added transition from wildcard15 to wildcard61
[DEBUG] Dynamically added transition from wildcard59 to wildcard61
[DEBUG] Dynamically added transition from wildcard14 to wildcard61
[DEBUG] Dynamically added transition from wildcard58 to wildcard61
[DEBUG] Dynamically added transition from wildcard13 to wildcard61
[DEBUG] Dynamically added transition from wildcard57 to wildcard61
[DEBUG] Dynamically added transition from wildcard12 to wildcard61
[DEBUG] Dynamically added transition from wildcard56 to wildcard61
[DEBUG] Dynamically added transition from wildcard11 to wildcard61
[DEBUG] Dynamically added transition from wildcard55 to wildcard61
[DEBUG] Dynamically added transition from wildcard10 to wildcard61
[DEBUG] Dynamically added transition from wildcard54 to wildcard61
[DEBUG] Dynamically added transition from wildcard53 to wildcard61
[DEBUG] Dynamically added transition from start to wildcard61
[DEBUG] Dynamically added transition from wildcard52 to wildcard61
[DEBUG] Dynamically added transition from wildcard51 to wildcard61
[DEBUG] Dynamically added transition from wildcard50 to wildcard61
[DEBUG] Dynamically added transition from wildcard61 to wildcard27
[DEBUG] Dynamically added transition from wildcard61 to wildcard26
[DEBUG] Dynamically added transition from wildcard61 to wildcard25
[DEBUG] Dynamically added transition from wildcard61 to wildcard24
[DEBUG] Dynamically added transition from wildcard61 to wildcard23
[DEBUG] Dynamically added transition from wildcard61 to wildcard22
[DEBUG] Dynamically added transition from wildcard61 to wildcard1
[DEBUG] Dynamically added transition from wildcard61 to wildcard21
[DEBUG] Dynamically added transition from wildcard61 to wildcard0
[DEBUG] Dynamically added transition from wildcard61 to wildcard20
[DEBUG] Dynamically added transition from wildcard61 to wildcard3
[DEBUG] Dynamically added transition from wildcard61 to wildcard2
[DEBUG] Dynamically added transition from wildcard61 to wildcard5
[DEBUG] Dynamically added transition from wildcard61 to wildcard61
[DEBUG] Dynamically added transition from wildcard61 to wildcard4
[DEBUG] Dynamically added transition from wildcard61 to wildcard60
[DEBUG] Dynamically added transition from wildcard61 to wildcard7
[DEBUG] Dynamically added transition from wildcard61 to wildcard6
[DEBUG] Dynamically added transition from wildcard61 to wildcard9
[DEBUG] Dynamically added transition from wildcard61 to wildcard8
[DEBUG] Dynamically added transition from wildcard61 to wildcard19
[DEBUG] Dynamically added transition from wildcard61 to wildcard18
[DEBUG] Dynamically added transition from wildcard61 to wildcard17
[DEBUG] Dynamically added transition from wildcard61 to wildcard38
[DEBUG] Dynamically added transition from wildcard61 to wildcard37
[DEBUG] Dynamically added transition from wildcard61 to wildcard36
[DEBUG] Dynamically added transition from wildcard61 to wildcard35
[DEBUG] Dynamically added transition from wildcard61 to wildcard34
[DEBUG] Dynamically added transition from wildcard61 to wildcard33
[DEBUG] Dynamically added transition from wildcard61 to wildcard32
[DEBUG] Dynamically added transition from wildcard61 to wildcard31
[DEBUG] Dynamically added transition from wildcard61 to wildcard30
[DEBUG] Dynamically added transition from wildcard61 to .*
[DEBUG] Dynamically added transition from wildcard61 to wildcard29
[DEBUG] Dynamically added transition from wildcard61 to wildcard28
[DEBUG] Dynamically added transition from wildcard61 to wildcard49
[DEBUG] Dynamically added transition from wildcard61 to wildcard48
[DEBUG] Dynamically added transition from wildcard61 to wildcard47
[DEBUG] Dynamically added transition from wildcard61 to wildcard46
[DEBUG] Dynamically added transition from wildcard61 to wildcard45
[DEBUG] Dynamically added transition from wildcard61 to wildcard44
[DEBUG] Dynamically added transition from wildcard61 to wildcard43
[DEBUG] Dynamically added transition from wildcard61 to wildcard42
[DEBUG] Dynamically added transition from wildcard61 to INITIAL
[DEBUG] Dynamically added transition from wildcard61 to wildcard41
[DEBUG] Dynamically added transition from wildcard61 to wildcard40
[DEBUG] Dynamically added transition from wildcard61 to end
[DEBUG] Dynamically added transition from wildcard61 to wildcard39
[DEBUG] Dynamically added transition from wildcard61 to wildcard16
[DEBUG] Dynamically added transition from wildcard61 to wildcard15
[DEBUG] Dynamically added transition from wildcard61 to wildcard59
[DEBUG] Dynamically added transition from wildcard61 to wildcard14
[DEBUG] Dynamically added transition from wildcard61 to wildcard58
[DEBUG] Dynamically added transition from wildcard61 to middle
[DEBUG] Dynamically added transition from wildcard61 to wildcard13
[DEBUG] Dynamically added transition from wildcard61 to wildcard57
[DEBUG] Dynamically added transition from wildcard61 to wildcard12
[DEBUG] Dynamically added transition from wildcard61 to wildcard56
[DEBUG] Dynamically added transition from wildcard61 to wildcard11
[DEBUG] Dynamically added transition from wildcard61 to wildcard55
[DEBUG] Dynamically added transition from wildcard61 to wildcard10
[DEBUG] Dynamically added transition from wildcard61 to wildcard54
[DEBUG] Dynamically added transition from wildcard61 to wildcard53
[DEBUG] Dynamically added transition from wildcard61 to start
[DEBUG] Dynamically added transition from wildcard61 to wildcard52
[DEBUG] Dynamically added transition from wildcard61 to wildcard51
[DEBUG] Dynamically added transition from wildcard61 to wildcard50
[INFO] Wildcard transition valid to state: wildcard61
[INFO] Wildcard transition detected from wildcard61 to wildcard62
[DEBUG] Created intermediate state for wildcard transition: wildcard62
[DEBUG] Dynamically added transition from wildcard61 to wildcard62
[DEBUG] Dynamically added transition from wildcard27 to wildcard62
[DEBUG] Dynamically added transition from wildcard26 to wildcard62
[DEBUG] Dynamically added transition from wildcard25 to wildcard62
[DEBUG] Dynamically added transition from wildcard24 to wildcard62
[DEBUG] Dynamically added transition from wildcard23 to wildcard62
[DEBUG] Dynamically added transition from wildcard22 to wildcard62
[DEBUG] Dynamically added transition from wildcard1 to wildcard62
[DEBUG] Dynamically added transition from wildcard21 to wildcard62
[DEBUG] Dynamically added transition from wildcard0 to wildcard62
[DEBUG] Dynamically added transition from wildcard20 to wildcard62
[DEBUG] Dynamically added transition from wildcard3 to wildcard62
[DEBUG] Dynamically added transition from wildcard2 to wildcard62
[DEBUG] Dynamically added transition from wildcard5 to wildcard62
[DEBUG] Dynamically added transition from wildcard4 to wildcard62
[DEBUG] Dynamically added transition from wildcard60 to wildcard62
[DEBUG] Dynamically added transition from wildcard7 to wildcard62
[DEBUG] Dynamically added transition from wildcard6 to wildcard62
[DEBUG] Dynamically added transition from wildcard9 to wildcard62
[DEBUG] Dynamically added transition from wildcard8 to wildcard62
[DEBUG] Dynamically added transition from wildcard19 to wildcard62
[DEBUG] Dynamically added transition from wildcard18 to wildcard62
[DEBUG] Dynamically added transition from wildcard17 to wildcard62
[DEBUG] Dynamically added transition from wildcard38 to wildcard62
[DEBUG] Dynamically added transition from wildcard37 to wildcard62
[DEBUG] Dynamically added transition from wildcard36 to wildcard62
[DEBUG] Dynamically added transition from wildcard35 to wildcard62
[DEBUG] Dynamically added transition from wildcard34 to wildcard62
[DEBUG] Dynamically added transition from wildcard33 to wildcard62
[DEBUG] Dynamically added transition from wildcard32 to wildcard62
[DEBUG] Dynamically added transition from wildcard31 to wildcard62
[DEBUG] Dynamically added transition from wildcard30 to wildcard62
[DEBUG] Dynamically added transition from wildcard29 to wildcard62
[DEBUG] Dynamically added transition from wildcard28 to wildcard62
[DEBUG] Dynamically added transition from wildcard49 to wildcard62
[DEBUG] Dynamically added transition from wildcard48 to wildcard62
[DEBUG] Dynamically added transition from wildcard47 to wildcard62
[DEBUG] Dynamically added transition from wildcard46 to wildcard62
[DEBUG] Dynamically added transition from wildcard45 to wildcard62
[DEBUG] Dynamically added transition from wildcard44 to wildcard62
[DEBUG] Dynamically added transition from wildcard43 to wildcard62
[DEBUG] Dynamically added transition from wildcard42 to wildcard62
[DEBUG] Dynamically added transition from INITIAL to wildcard62
[DEBUG] Dynamically added transition from wildcard41 to wildcard62
[DEBUG] Dynamically added transition from wildcard40 to wildcard62
[DEBUG] Dynamically added transition from wildcard39 to wildcard62
[DEBUG] Dynamically added transition from wildcard16 to wildcard62
[DEBUG] Dynamically added transition from wildcard15 to wildcard62
[DEBUG] Dynamically added transition from wildcard59 to wildcard62
[DEBUG] Dynamically added transition from wildcard14 to wildcard62
[DEBUG] Dynamically added transition from wildcard58 to wildcard62
[DEBUG] Dynamically added transition from wildcard13 to wildcard62
[DEBUG] Dynamically added transition from wildcard57 to wildcard62
[DEBUG] Dynamically added transition from wildcard12 to wildcard62
[DEBUG] Dynamically added transition from wildcard56 to wildcard62
[DEBUG] Dynamically added transition from wildcard11 to wildcard62
[DEBUG] Dynamically added transition from wildcard55 to wildcard62
[DEBUG] Dynamically added transition from wildcard10 to wildcard62
[DEBUG] Dynamically added transition from wildcard54 to wildcard62
[DEBUG] Dynamically added transition from wildcard53 to wildcard62
[DEBUG] Dynamically added transition from start to wildcard62
[DEBUG] Dynamically added transition from wildcard52 to wildcard62
[DEBUG] Dynamically added transition from wildcard51 to wildcard62
[DEBUG] Dynamically added transition from wildcard50 to wildcard62
[DEBUG] Dynamically added transition from wildcard62 to wildcard27
[DEBUG] Dynamically added transition from wildcard62 to wildcard26
[DEBUG] Dynamically added transition from wildcard62 to wildcard25
[DEBUG] Dynamically added transition from wildcard62 to wildcard24
[DEBUG] Dynamically added transition from wildcard62 to wildcard23
[DEBUG] Dynamically added transition from wildcard62 to wildcard22
[DEBUG] Dynamically added transition from wildcard62 to wildcard1
[DEBUG] Dynamically added transition from wildcard62 to wildcard21
[DEBUG] Dynamically added transition from wildcard62 to wildcard0
[DEBUG] Dynamically added transition from wildcard62 to wildcard20
[DEBUG] Dynamically added transition from wildcard62 to wildcard3
[DEBUG] Dynamically added transition from wildcard62 to wildcard2
[DEBUG] Dynamically added transition from wildcard62 to wildcard62
[DEBUG] Dynamically added transition from wildcard62 to wildcard5
[DEBUG] Dynamically added transition from wildcard62 to wildcard61
[DEBUG] Dynamically added transition from wildcard62 to wildcard4
[DEBUG] Dynamically added transition from wildcard62 to wildcard60
[DEBUG] Dynamically added transition from wildcard62 to wildcard7
[DEBUG] Dynamically added transition from wildcard62 to wildcard6
[DEBUG] Dynamically added transition from wildcard62 to wildcard9
[DEBUG] Dynamically added transition from wildcard62 to wildcard8
[DEBUG] Dynamically added transition from wildcard62 to wildcard19
[DEBUG] Dynamically added transition from wildcard62 to wildcard18
[DEBUG] Dynamically added transition from wildcard62 to wildcard17
[DEBUG] Dynamically added transition from wildcard62 to wildcard38
[DEBUG] Dynamically added transition from wildcard62 to wildcard37
[DEBUG] Dynamically added transition from wildcard62 to wildcard36
[DEBUG] Dynamically added transition from wildcard62 to wildcard35
[DEBUG] Dynamically added transition from wildcard62 to wildcard34
[DEBUG] Dynamically added transition from wildcard62 to wildcard33
[DEBUG] Dynamically added transition from wildcard62 to wildcard32
[DEBUG] Dynamically added transition from wildcard62 to wildcard31
[DEBUG] Dynamically added transition from wildcard62 to wildcard30
[DEBUG] Dynamically added transition from wildcard62 to .*
[DEBUG] Dynamically added transition from wildcard62 to wildcard29
[DEBUG] Dynamically added transition from wildcard62 to wildcard28
[DEBUG] Dynamically added transition from wildcard62 to wildcard49
[DEBUG] Dynamically added transition from wildcard62 to wildcard48
[DEBUG] Dynamically added transition from wildcard62 to wildcard47
[DEBUG] Dynamically added transition from wildcard62 to wildcard46
[DEBUG] Dynamically added transition from wildcard62 to wildcard45
[DEBUG] Dynamically added transition from wildcard62 to wildcard44
[DEBUG] Dynamically added transition from wildcard62 to wildcard43
[DEBUG] Dynamically added transition from wildcard62 to wildcard42
[DEBUG] Dynamically added transition from wildcard62 to INITIAL
[DEBUG] Dynamically added transition from wildcard62 to wildcard41
[DEBUG] Dynamically added transition from wildcard62 to wildcard40
[DEBUG] Dynamically added transition from wildcard62 to end
[DEBUG] Dynamically added transition from wildcard62 to wildcard39
[DEBUG] Dynamically added transition from wildcard62 to wildcard16
[DEBUG] Dynamically added transition from wildcard62 to wildcard15
[DEBUG] Dynamically added transition from wildcard62 to wildcard59
[DEBUG] Dynamically added transition from wildcard62 to wildcard14
[DEBUG] Dynamically added transition from wildcard62 to wildcard58
[DEBUG] Dynamically added transition from wildcard62 to middle
[DEBUG] Dynamically added transition from wildcard62 to wildcard13
[DEBUG] Dynamically added transition from wildcard62 to wildcard57
[DEBUG] Dynamically added transition from wildcard62 to wildcard12
[DEBUG] Dynamically added transition from wildcard62 to wildcard56
[DEBUG] Dynamically added transition from wildcard62 to wildcard11
[DEBUG] Dynamically added transition from wildcard62 to wildcard55
[DEBUG] Dynamically added transition from wildcard62 to wildcard10
[DEBUG] Dynamically added transition from wildcard62 to wildcard54
[DEBUG] Dynamically added transition from wildcard62 to wildcard53
[DEBUG] Dynamically added transition from wildcard62 to start
[DEBUG] Dynamically added transition from wildcard62 to wildcard52
[DEBUG] Dynamically added transition from wildcard62 to wildcard51
[DEBUG] Dynamically added transition from wildcard62 to wildcard50
[INFO] Wildcard transition valid to state: wildcard62
[INFO] Wildcard transition detected from wildcard62 to wildcard63
[DEBUG] Created intermediate state for wildcard transition: wildcard63
[DEBUG] Dynamically added transition from wildcard62 to wildcard63
[DEBUG] Dynamically added transition from wildcard27 to wildcard63
[DEBUG] Dynamically added transition from wildcard26 to wildcard63
[DEBUG] Dynamically added transition from wildcard25 to wildcard63
[DEBUG] Dynamically added transition from wildcard24 to wildcard63
[DEBUG] Dynamically added transition from wildcard23 to wildcard63
[DEBUG] Dynamically added transition from wildcard22 to wildcard63
[DEBUG] Dynamically added transition from wildcard1 to wildcard63
[DEBUG] Dynamically added transition from wildcard21 to wildcard63
[DEBUG] Dynamically added transition from wildcard0 to wildcard63
[DEBUG] Dynamically added transition from wildcard20 to wildcard63
[DEBUG] Dynamically added transition from wildcard3 to wildcard63
[DEBUG] Dynamically added transition from wildcard2 to wildcard63
[DEBUG] Dynamically added transition from wildcard5 to wildcard63
[DEBUG] Dynamically added transition from wildcard61 to wildcard63
[DEBUG] Dynamically added transition from wildcard4 to wildcard63
[DEBUG] Dynamically added transition from wildcard60 to wildcard63
[DEBUG] Dynamically added transition from wildcard7 to wildcard63
[DEBUG] Dynamically added transition from wildcard6 to wildcard63
[DEBUG] Dynamically added transition from wildcard9 to wildcard63
[DEBUG] Dynamically added transition from wildcard8 to wildcard63
[DEBUG] Dynamically added transition from wildcard19 to wildcard63
[DEBUG] Dynamically added transition from wildcard18 to wildcard63
[DEBUG] Dynamically added transition from wildcard17 to wildcard63
[DEBUG] Dynamically added transition from wildcard38 to wildcard63
[DEBUG] Dynamically added transition from wildcard37 to wildcard63
[DEBUG] Dynamically added transition from wildcard36 to wildcard63
[DEBUG] Dynamically added transition from wildcard35 to wildcard63
[DEBUG] Dynamically added transition from wildcard34 to wildcard63
[DEBUG] Dynamically added transition from wildcard33 to wildcard63
[DEBUG] Dynamically added transition from wildcard32 to wildcard63
[DEBUG] Dynamically added transition from wildcard31 to wildcard63
[DEBUG] Dynamically added transition from wildcard30 to wildcard63
[DEBUG] Dynamically added transition from wildcard29 to wildcard63
[DEBUG] Dynamically added transition from wildcard28 to wildcard63
[DEBUG] Dynamically added transition from wildcard49 to wildcard63
[DEBUG] Dynamically added transition from wildcard48 to wildcard63
[DEBUG] Dynamically added transition from wildcard47 to wildcard63
[DEBUG] Dynamically added transition from wildcard46 to wildcard63
[DEBUG] Dynamically added transition from wildcard45 to wildcard63
[DEBUG] Dynamically added transition from wildcard44 to wildcard63
[DEBUG] Dynamically added transition from wildcard43 to wildcard63
[DEBUG] Dynamically added transition from wildcard42 to wildcard63
[DEBUG] Dynamically added transition from INITIAL to wildcard63
[DEBUG] Dynamically added transition from wildcard41 to wildcard63
[DEBUG] Dynamically added transition from wildcard40 to wildcard63
[DEBUG] Dynamically added transition from wildcard39 to wildcard63
[DEBUG] Dynamically added transition from wildcard16 to wildcard63
[DEBUG] Dynamically added transition from wildcard15 to wildcard63
[DEBUG] Dynamically added transition from wildcard59 to wildcard63
[DEBUG] Dynamically added transition from wildcard14 to wildcard63
[DEBUG] Dynamically added transition from wildcard58 to wildcard63
[DEBUG] Dynamically added transition from wildcard13 to wildcard63
[DEBUG] Dynamically added transition from wildcard57 to wildcard63
[DEBUG] Dynamically added transition from wildcard12 to wildcard63
[DEBUG] Dynamically added transition from wildcard56 to wildcard63
[DEBUG] Dynamically added transition from wildcard11 to wildcard63
[DEBUG] Dynamically added transition from wildcard55 to wildcard63
[DEBUG] Dynamically added transition from wildcard10 to wildcard63
[DEBUG] Dynamically added transition from wildcard54 to wildcard63
[DEBUG] Dynamically added transition from wildcard53 to wildcard63
[DEBUG] Dynamically added transition from start to wildcard63
[DEBUG] Dynamically added transition from wildcard52 to wildcard63
[DEBUG] Dynamically added transition from wildcard51 to wildcard63
[DEBUG] Dynamically added transition from wildcard50 to wildcard63
[DEBUG] Dynamically added transition from wildcard63 to wildcard27
[DEBUG] Dynamically added transition from wildcard63 to wildcard26
[DEBUG] Dynamically added transition from wildcard63 to wildcard25
[DEBUG] Dynamically added transition from wildcard63 to wildcard24
[DEBUG] Dynamically added transition from wildcard63 to wildcard23
[DEBUG] Dynamically added transition from wildcard63 to wildcard22
[DEBUG] Dynamically added transition from wildcard63 to wildcard1
[DEBUG] Dynamically added transition from wildcard63 to wildcard21
[DEBUG] Dynamically added transition from wildcard63 to wildcard0
[DEBUG] Dynamically added transition from wildcard63 to wildcard20
[DEBUG] Dynamically added transition from wildcard63 to wildcard3
[DEBUG] Dynamically added transition from wildcard63 to wildcard63
[DEBUG] Dynamically added transition from wildcard63 to wildcard2
[DEBUG] Dynamically added transition from wildcard63 to wildcard62
[DEBUG] Dynamically added transition from wildcard63 to wildcard5
[DEBUG] Dynamically added transition from wildcard63 to wildcard61
[DEBUG] Dynamically added transition from wildcard63 to wildcard4
[DEBUG] Dynamically added transition from wildcard63 to wildcard60
[DEBUG] Dynamically added transition from wildcard63 to wildcard7
[DEBUG] Dynamically added transition from wildcard63 to wildcard6
[DEBUG] Dynamically added transition from wildcard63 to wildcard9
[DEBUG] Dynamically added transition from wildcard63 to wildcard8
[DEBUG] Dynamically added transition from wildcard63 to wildcard19
[DEBUG] Dynamically added transition from wildcard63 to wildcard18
[DEBUG] Dynamically added transition from wildcard63 to wildcard17
[DEBUG] Dynamically added transition from wildcard63 to wildcard38
[DEBUG] Dynamically added transition from wildcard63 to wildcard37
[DEBUG] Dynamically added transition from wildcard63 to wildcard36
[DEBUG] Dynamically added transition from wildcard63 to wildcard35
[DEBUG] Dynamically added transition from wildcard63 to wildcard34
[DEBUG] Dynamically added transition from wildcard63 to wildcard33
[DEBUG] Dynamically added transition from wildcard63 to wildcard32
[DEBUG] Dynamically added transition from wildcard63 to wildcard31
[DEBUG] Dynamically added transition from wildcard63 to wildcard30
[DEBUG] Dynamically added transition from wildcard63 to .*
[DEBUG] Dynamically added transition from wildcard63 to wildcard29
[DEBUG] Dynamically added transition from wildcard63 to wildcard28
[DEBUG] Dynamically added transition from wildcard63 to wildcard49
[DEBUG] Dynamically added transition from wildcard63 to wildcard48
[DEBUG] Dynamically added transition from wildcard63 to wildcard47
[DEBUG] Dynamically added transition from wildcard63 to wildcard46
[DEBUG] Dynamically added transition from wildcard63 to wildcard45
[DEBUG] Dynamically added transition from wildcard63 to wildcard44
[DEBUG] Dynamically added transition from wildcard63 to wildcard43
[DEBUG] Dynamically added transition from wildcard63 to wildcard42
[DEBUG] Dynamically added transition from wildcard63 to INITIAL
[DEBUG] Dynamically added transition from wildcard63 to wildcard41
[DEBUG] Dynamically added transition from wildcard63 to wildcard40
[DEBUG] Dynamically added transition from wildcard63 to end
[DEBUG] Dynamically added transition from wildcard63 to wildcard39
[DEBUG] Dynamically added transition from wildcard63 to wildcard16
[DEBUG] Dynamically added transition from wildcard63 to wildcard15
[DEBUG] Dynamically added transition from wildcard63 to wildcard59
[DEBUG] Dynamically added transition from wildcard63 to wildcard14
[DEBUG] Dynamically added transition from wildcard63 to wildcard58
[DEBUG] Dynamically added transition from wildcard63 to middle
[DEBUG] Dynamically added transition from wildcard63 to wildcard13
[DEBUG] Dynamically added transition from wildcard63 to wildcard57
[DEBUG] Dynamically added transition from wildcard63 to wildcard12
[DEBUG] Dynamically added transition from wildcard63 to wildcard56
[DEBUG] Dynamically added transition from wildcard63 to wildcard11
[DEBUG] Dynamically added transition from wildcard63 to wildcard55
[DEBUG] Dynamically added transition from wildcard63 to wildcard10
[DEBUG] Dynamically added transition from wildcard63 to wildcard54
[DEBUG] Dynamically added transition from wildcard63 to wildcard53
[DEBUG] Dynamically added transition from wildcard63 to start
[DEBUG] Dynamically added transition from wildcard63 to wildcard52
[DEBUG] Dynamically added transition from wildcard63 to wildcard51
[DEBUG] Dynamically added transition from wildcard63 to wildcard50
[INFO] Wildcard transition valid to state: wildcard63
[INFO] Wildcard transition detected from wildcard63 to wildcard64
[DEBUG] Created intermediate state for wildcard transition: wildcard64
[DEBUG] Dynamically added transition from wildcard63 to wildcard64
[DEBUG] Dynamically added transition from wildcard27 to wildcard64
[DEBUG] Dynamically added transition from wildcard26 to wildcard64
[DEBUG] Dynamically added transition from wildcard25 to wildcard64
[DEBUG] Dynamically added transition from wildcard24 to wildcard64
[DEBUG] Dynamically added transition from wildcard23 to wildcard64
[DEBUG] Dynamically added transition from wildcard22 to wildcard64
[DEBUG] Dynamically added transition from wildcard1 to wildcard64
[DEBUG] Dynamically added transition from wildcard21 to wildcard64
[DEBUG] Dynamically added transition from wildcard0 to wildcard64
[DEBUG] Dynamically added transition from wildcard20 to wildcard64
[DEBUG] Dynamically added transition from wildcard3 to wildcard64
[DEBUG] Dynamically added transition from wildcard2 to wildcard64
[DEBUG] Dynamically added transition from wildcard62 to wildcard64
[DEBUG] Dynamically added transition from wildcard5 to wildcard64
[DEBUG] Dynamically added transition from wildcard61 to wildcard64
[DEBUG] Dynamically added transition from wildcard4 to wildcard64
[DEBUG] Dynamically added transition from wildcard60 to wildcard64
[DEBUG] Dynamically added transition from wildcard7 to wildcard64
[DEBUG] Dynamically added transition from wildcard6 to wildcard64
[DEBUG] Dynamically added transition from wildcard9 to wildcard64
[DEBUG] Dynamically added transition from wildcard8 to wildcard64
[DEBUG] Dynamically added transition from wildcard19 to wildcard64
[DEBUG] Dynamically added transition from wildcard18 to wildcard64
[DEBUG] Dynamically added transition from wildcard17 to wildcard64
[DEBUG] Dynamically added transition from wildcard38 to wildcard64
[DEBUG] Dynamically added transition from wildcard37 to wildcard64
[DEBUG] Dynamically added transition from wildcard36 to wildcard64
[DEBUG] Dynamically added transition from wildcard35 to wildcard64
[DEBUG] Dynamically added transition from wildcard34 to wildcard64
[DEBUG] Dynamically added transition from wildcard33 to wildcard64
[DEBUG] Dynamically added transition from wildcard32 to wildcard64
[DEBUG] Dynamically added transition from wildcard31 to wildcard64
[DEBUG] Dynamically added transition from wildcard30 to wildcard64
[DEBUG] Dynamically added transition from wildcard29 to wildcard64
[DEBUG] Dynamically added transition from wildcard28 to wildcard64
[DEBUG] Dynamically added transition from wildcard49 to wildcard64
[DEBUG] Dynamically added transition from wildcard48 to wildcard64
[DEBUG] Dynamically added transition from wildcard47 to wildcard64
[DEBUG] Dynamically added transition from wildcard46 to wildcard64
[DEBUG] Dynamically added transition from wildcard45 to wildcard64
[DEBUG] Dynamically added transition from wildcard44 to wildcard64
[DEBUG] Dynamically added transition from wildcard43 to wildcard64
[DEBUG] Dynamically added transition from wildcard42 to wildcard64
[DEBUG] Dynamically added transition from INITIAL to wildcard64
[DEBUG] Dynamically added transition from wildcard41 to wildcard64
[DEBUG] Dynamically added transition from wildcard40 to wildcard64
[DEBUG] Dynamically added transition from wildcard39 to wildcard64
[DEBUG] Dynamically added transition from wildcard16 to wildcard64
[DEBUG] Dynamically added transition from wildcard15 to wildcard64
[DEBUG] Dynamically added transition from wildcard59 to wildcard64
[DEBUG] Dynamically added transition from wildcard14 to wildcard64
[DEBUG] Dynamically added transition from wildcard58 to wildcard64
[DEBUG] Dynamically added transition from wildcard13 to wildcard64
[DEBUG] Dynamically added transition from wildcard57 to wildcard64
[DEBUG] Dynamically added transition from wildcard12 to wildcard64
[DEBUG] Dynamically added transition from wildcard56 to wildcard64
[DEBUG] Dynamically added transition from wildcard11 to wildcard64
[DEBUG] Dynamically added transition from wildcard55 to wildcard64
[DEBUG] Dynamically added transition from wildcard10 to wildcard64
[DEBUG] Dynamically added transition from wildcard54 to wildcard64
[DEBUG] Dynamically added transition from wildcard53 to wildcard64
[DEBUG] Dynamically added transition from start to wildcard64
[DEBUG] Dynamically added transition from wildcard52 to wildcard64
[DEBUG] Dynamically added transition from wildcard51 to wildcard64
[DEBUG] Dynamically added transition from wildcard50 to wildcard64
[DEBUG] Dynamically added transition from wildcard64 to wildcard27
[DEBUG] Dynamically added transition from wildcard64 to wildcard26
[DEBUG] Dynamically added transition from wildcard64 to wildcard25
[DEBUG] Dynamically added transition from wildcard64 to wildcard24
[DEBUG] Dynamically added transition from wildcard64 to wildcard23
[DEBUG] Dynamically added transition from wildcard64 to wildcard22
[DEBUG] Dynamically added transition from wildcard64 to wildcard1
[DEBUG] Dynamically added transition from wildcard64 to wildcard21
[DEBUG] Dynamically added transition from wildcard64 to wildcard0
[DEBUG] Dynamically added transition from wildcard64 to wildcard20
[DEBUG] Dynamically added transition from wildcard64 to wildcard64
[DEBUG] Dynamically added transition from wildcard64 to wildcard3
[DEBUG] Dynamically added transition from wildcard64 to wildcard63
[DEBUG] Dynamically added transition from wildcard64 to wildcard2
[DEBUG] Dynamically added transition from wildcard64 to wildcard62
[DEBUG] Dynamically added transition from wildcard64 to wildcard5
[DEBUG] Dynamically added transition from wildcard64 to wildcard61
[DEBUG] Dynamically added transition from wildcard64 to wildcard4
[DEBUG] Dynamically added transition from wildcard64 to wildcard60
[DEBUG] Dynamically added transition from wildcard64 to wildcard7
[DEBUG] Dynamically added transition from wildcard64 to wildcard6
[DEBUG] Dynamically added transition from wildcard64 to wildcard9
[DEBUG] Dynamically added transition from wildcard64 to wildcard8
[DEBUG] Dynamically added transition from wildcard64 to wildcard19
[DEBUG] Dynamically added transition from wildcard64 to wildcard18
[DEBUG] Dynamically added transition from wildcard64 to wildcard17
[DEBUG] Dynamically added transition from wildcard64 to wildcard38
[DEBUG] Dynamically added transition from wildcard64 to wildcard37
[DEBUG] Dynamically added transition from wildcard64 to wildcard36
[DEBUG] Dynamically added transition from wildcard64 to wildcard35
[DEBUG] Dynamically added transition from wildcard64 to wildcard34
[DEBUG] Dynamically added transition from wildcard64 to wildcard33
[DEBUG] Dynamically added transition from wildcard64 to wildcard32
[DEBUG] Dynamically added transition from wildcard64 to wildcard31
[DEBUG] Dynamically added transition from wildcard64 to wildcard30
[DEBUG] Dynamically added transition from wildcard64 to .*
[DEBUG] Dynamically added transition from wildcard64 to wildcard29
[DEBUG] Dynamically added transition from wildcard64 to wildcard28
[DEBUG] Dynamically added transition from wildcard64 to wildcard49
[DEBUG] Dynamically added transition from wildcard64 to wildcard48
[DEBUG] Dynamically added transition from wildcard64 to wildcard47
[DEBUG] Dynamically added transition from wildcard64 to wildcard46
[DEBUG] Dynamically added transition from wildcard64 to wildcard45
[DEBUG] Dynamically added transition from wildcard64 to wildcard44
[DEBUG] Dynamically added transition from wildcard64 to wildcard43
[DEBUG] Dynamically added transition from wildcard64 to wildcard42
[DEBUG] Dynamically added transition from wildcard64 to INITIAL
[DEBUG] Dynamically added transition from wildcard64 to wildcard41
[DEBUG] Dynamically added transition from wildcard64 to wildcard40
[DEBUG] Dynamically added transition from wildcard64 to end
[DEBUG] Dynamically added transition from wildcard64 to wildcard39
[DEBUG] Dynamically added transition from wildcard64 to wildcard16
[DEBUG] Dynamically added transition from wildcard64 to wildcard15
[DEBUG] Dynamically added transition from wildcard64 to wildcard59
[DEBUG] Dynamically added transition from wildcard64 to wildcard14
[DEBUG] Dynamically added transition from wildcard64 to wildcard58
[DEBUG] Dynamically added transition from wildcard64 to middle
[DEBUG] Dynamically added transition from wildcard64 to wildcard13
[DEBUG] Dynamically added transition from wildcard64 to wildcard57
[DEBUG] Dynamically added transition from wildcard64 to wildcard12
[DEBUG] Dynamically added transition from wildcard64 to wildcard56
[DEBUG] Dynamically added transition from wildcard64 to wildcard11
[DEBUG] Dynamically added transition from wildcard64 to wildcard55
[DEBUG] Dynamically added transition from wildcard64 to wildcard10
[DEBUG] Dynamically added transition from wildcard64 to wildcard54
[DEBUG] Dynamically added transition from wildcard64 to wildcard53
[DEBUG] Dynamically added transition from wildcard64 to start
[DEBUG] Dynamically added transition from wildcard64 to wildcard52
[DEBUG] Dynamically added transition from wildcard64 to wildcard51
[DEBUG] Dynamically added transition from wildcard64 to wildcard50
[INFO] Wildcard transition valid to state: wildcard64
[INFO] Wildcard transition detected from wildcard64 to wildcard65
[DEBUG] Created intermediate state for wildcard transition: wildcard65
[DEBUG] Dynamically added transition from wildcard64 to wildcard65
[DEBUG] Dynamically added transition from wildcard27 to wildcard65
[DEBUG] Dynamically added transition from wildcard26 to wildcard65
[DEBUG] Dynamically added transition from wildcard25 to wildcard65
[DEBUG] Dynamically added transition from wildcard24 to wildcard65
[DEBUG] Dynamically added transition from wildcard23 to wildcard65
[DEBUG] Dynamically added transition from wildcard22 to wildcard65
[DEBUG] Dynamically added transition from wildcard1 to wildcard65
[DEBUG] Dynamically added transition from wildcard21 to wildcard65
[DEBUG] Dynamically added transition from wildcard0 to wildcard65
[DEBUG] Dynamically added transition from wildcard20 to wildcard65
[DEBUG] Dynamically added transition from wildcard3 to wildcard65
[DEBUG] Dynamically added transition from wildcard63 to wildcard65
[DEBUG] Dynamically added transition from wildcard2 to wildcard65
[DEBUG] Dynamically added transition from wildcard62 to wildcard65
[DEBUG] Dynamically added transition from wildcard5 to wildcard65
[DEBUG] Dynamically added transition from wildcard61 to wildcard65
[DEBUG] Dynamically added transition from wildcard4 to wildcard65
[DEBUG] Dynamically added transition from wildcard60 to wildcard65
[DEBUG] Dynamically added transition from wildcard7 to wildcard65
[DEBUG] Dynamically added transition from wildcard6 to wildcard65
[DEBUG] Dynamically added transition from wildcard9 to wildcard65
[DEBUG] Dynamically added transition from wildcard8 to wildcard65
[DEBUG] Dynamically added transition from wildcard19 to wildcard65
[DEBUG] Dynamically added transition from wildcard18 to wildcard65
[DEBUG] Dynamically added transition from wildcard17 to wildcard65
[DEBUG] Dynamically added transition from wildcard38 to wildcard65
[DEBUG] Dynamically added transition from wildcard37 to wildcard65
[DEBUG] Dynamically added transition from wildcard36 to wildcard65
[DEBUG] Dynamically added transition from wildcard35 to wildcard65
[DEBUG] Dynamically added transition from wildcard34 to wildcard65
[DEBUG] Dynamically added transition from wildcard33 to wildcard65
[DEBUG] Dynamically added transition from wildcard32 to wildcard65
[DEBUG] Dynamically added transition from wildcard31 to wildcard65
[DEBUG] Dynamically added transition from wildcard30 to wildcard65
[DEBUG] Dynamically added transition from wildcard29 to wildcard65
[DEBUG] Dynamically added transition from wildcard28 to wildcard65
[DEBUG] Dynamically added transition from wildcard49 to wildcard65
[DEBUG] Dynamically added transition from wildcard48 to wildcard65
[DEBUG] Dynamically added transition from wildcard47 to wildcard65
[DEBUG] Dynamically added transition from wildcard46 to wildcard65
[DEBUG] Dynamically added transition from wildcard45 to wildcard65
[DEBUG] Dynamically added transition from wildcard44 to wildcard65
[DEBUG] Dynamically added transition from wildcard43 to wildcard65
[DEBUG] Dynamically added transition from wildcard42 to wildcard65
[DEBUG] Dynamically added transition from INITIAL to wildcard65
[DEBUG] Dynamically added transition from wildcard41 to wildcard65
[DEBUG] Dynamically added transition from wildcard40 to wildcard65
[DEBUG] Dynamically added transition from wildcard39 to wildcard65
[DEBUG] Dynamically added transition from wildcard16 to wildcard65
[DEBUG] Dynamically added transition from wildcard15 to wildcard65
[DEBUG] Dynamically added transition from wildcard59 to wildcard65
[DEBUG] Dynamically added transition from wildcard14 to wildcard65
[DEBUG] Dynamically added transition from wildcard58 to wildcard65
[DEBUG] Dynamically added transition from wildcard13 to wildcard65
[DEBUG] Dynamically added transition from wildcard57 to wildcard65
[DEBUG] Dynamically added transition from wildcard12 to wildcard65
[DEBUG] Dynamically added transition from wildcard56 to wildcard65
[DEBUG] Dynamically added transition from wildcard11 to wildcard65
[DEBUG] Dynamically added transition from wildcard55 to wildcard65
[DEBUG] Dynamically added transition from wildcard10 to wildcard65
[DEBUG] Dynamically added transition from wildcard54 to wildcard65
[DEBUG] Dynamically added transition from wildcard53 to wildcard65
[DEBUG] Dynamically added transition from start to wildcard65
[DEBUG] Dynamically added transition from wildcard52 to wildcard65
[DEBUG] Dynamically added transition from wildcard51 to wildcard65
[DEBUG] Dynamically added transition from wildcard50 to wildcard65
[DEBUG] Dynamically added transition from wildcard65 to wildcard27
[DEBUG] Dynamically added transition from wildcard65 to wildcard26
[DEBUG] Dynamically added transition from wildcard65 to wildcard25
[DEBUG] Dynamically added transition from wildcard65 to wildcard24
[DEBUG] Dynamically added transition from wildcard65 to wildcard23
[DEBUG] Dynamically added transition from wildcard65 to wildcard22
[DEBUG] Dynamically added transition from wildcard65 to wildcard1
[DEBUG] Dynamically added transition from wildcard65 to wildcard21
[DEBUG] Dynamically added transition from wildcard65 to wildcard65
[DEBUG] Dynamically added transition from wildcard65 to wildcard0
[DEBUG] Dynamically added transition from wildcard65 to wildcard20
[DEBUG] Dynamically added transition from wildcard65 to wildcard64
[DEBUG] Dynamically added transition from wildcard65 to wildcard3
[DEBUG] Dynamically added transition from wildcard65 to wildcard63
[DEBUG] Dynamically added transition from wildcard65 to wildcard2
[DEBUG] Dynamically added transition from wildcard65 to wildcard62
[DEBUG] Dynamically added transition from wildcard65 to wildcard5
[DEBUG] Dynamically added transition from wildcard65 to wildcard61
[DEBUG] Dynamically added transition from wildcard65 to wildcard4
[DEBUG] Dynamically added transition from wildcard65 to wildcard60
[DEBUG] Dynamically added transition from wildcard65 to wildcard7
[DEBUG] Dynamically added transition from wildcard65 to wildcard6
[DEBUG] Dynamically added transition from wildcard65 to wildcard9
[DEBUG] Dynamically added transition from wildcard65 to wildcard8
[DEBUG] Dynamically added transition from wildcard65 to wildcard19
[DEBUG] Dynamically added transition from wildcard65 to wildcard18
[DEBUG] Dynamically added transition from wildcard65 to wildcard17
[DEBUG] Dynamically added transition from wildcard65 to wildcard38
[DEBUG] Dynamically added transition from wildcard65 to wildcard37
[DEBUG] Dynamically added transition from wildcard65 to wildcard36
[DEBUG] Dynamically added transition from wildcard65 to wildcard35
[DEBUG] Dynamically added transition from wildcard65 to wildcard34
[DEBUG] Dynamically added transition from wildcard65 to wildcard33
[DEBUG] Dynamically added transition from wildcard65 to wildcard32
[DEBUG] Dynamically added transition from wildcard65 to wildcard31
[DEBUG] Dynamically added transition from wildcard65 to wildcard30
[DEBUG] Dynamically added transition from wildcard65 to .*
[DEBUG] Dynamically added transition from wildcard65 to wildcard29
[DEBUG] Dynamically added transition from wildcard65 to wildcard28
[DEBUG] Dynamically added transition from wildcard65 to wildcard49
[DEBUG] Dynamically added transition from wildcard65 to wildcard48
[DEBUG] Dynamically added transition from wildcard65 to wildcard47
[DEBUG] Dynamically added transition from wildcard65 to wildcard46
[DEBUG] Dynamically added transition from wildcard65 to wildcard45
[DEBUG] Dynamically added transition from wildcard65 to wildcard44
[DEBUG] Dynamically added transition from wildcard65 to wildcard43
[DEBUG] Dynamically added transition from wildcard65 to wildcard42
[DEBUG] Dynamically added transition from wildcard65 to INITIAL
[DEBUG] Dynamically added transition from wildcard65 to wildcard41
[DEBUG] Dynamically added transition from wildcard65 to wildcard40
[DEBUG] Dynamically added transition from wildcard65 to end
[DEBUG] Dynamically added transition from wildcard65 to wildcard39
[DEBUG] Dynamically added transition from wildcard65 to wildcard16
[DEBUG] Dynamically added transition from wildcard65 to wildcard15
[DEBUG] Dynamically added transition from wildcard65 to wildcard59
[DEBUG] Dynamically added transition from wildcard65 to wildcard14
[DEBUG] Dynamically added transition from wildcard65 to wildcard58
[DEBUG] Dynamically added transition from wildcard65 to middle
[DEBUG] Dynamically added transition from wildcard65 to wildcard13
[DEBUG] Dynamically added transition from wildcard65 to wildcard57
[DEBUG] Dynamically added transition from wildcard65 to wildcard12
[DEBUG] Dynamically added transition from wildcard65 to wildcard56
[DEBUG] Dynamically added transition from wildcard65 to wildcard11
[DEBUG] Dynamically added transition from wildcard65 to wildcard55
[DEBUG] Dynamically added transition from wildcard65 to wildcard10
[DEBUG] Dynamically added transition from wildcard65 to wildcard54
[DEBUG] Dynamically added transition from wildcard65 to wildcard53
[DEBUG] Dynamically added transition from wildcard65 to start
[DEBUG] Dynamically added transition from wildcard65 to wildcard52
[DEBUG] Dynamically added transition from wildcard65 to wildcard51
[DEBUG] Dynamically added transition from wildcard65 to wildcard50
[INFO] Wildcard transition valid to state: wildcard65
[INFO] Wildcard transition detected from wildcard65 to wildcard66
[DEBUG] Created intermediate state for wildcard transition: wildcard66
[DEBUG] Dynamically added transition from wildcard65 to wildcard66
[DEBUG] Dynamically added transition from wildcard27 to wildcard66
[DEBUG] Dynamically added transition from wildcard26 to wildcard66
[DEBUG] Dynamically added transition from wildcard25 to wildcard66
[DEBUG] Dynamically added transition from wildcard24 to wildcard66
[DEBUG] Dynamically added transition from wildcard23 to wildcard66
[DEBUG] Dynamically added transition from wildcard22 to wildcard66
[DEBUG] Dynamically added transition from wildcard1 to wildcard66
[DEBUG] Dynamically added transition from wildcard21 to wildcard66
[DEBUG] Dynamically added transition from wildcard0 to wildcard66
[DEBUG] Dynamically added transition from wildcard20 to wildcard66
[DEBUG] Dynamically added transition from wildcard64 to wildcard66
[DEBUG] Dynamically added transition from wildcard3 to wildcard66
[DEBUG] Dynamically added transition from wildcard63 to wildcard66
[DEBUG] Dynamically added transition from wildcard2 to wildcard66
[DEBUG] Dynamically added transition from wildcard62 to wildcard66
[DEBUG] Dynamically added transition from wildcard5 to wildcard66
[DEBUG] Dynamically added transition from wildcard61 to wildcard66
[DEBUG] Dynamically added transition from wildcard4 to wildcard66
[DEBUG] Dynamically added transition from wildcard60 to wildcard66
[DEBUG] Dynamically added transition from wildcard7 to wildcard66
[DEBUG] Dynamically added transition from wildcard6 to wildcard66
[DEBUG] Dynamically added transition from wildcard9 to wildcard66
[DEBUG] Dynamically added transition from wildcard8 to wildcard66
[DEBUG] Dynamically added transition from wildcard19 to wildcard66
[DEBUG] Dynamically added transition from wildcard18 to wildcard66
[DEBUG] Dynamically added transition from wildcard17 to wildcard66
[DEBUG] Dynamically added transition from wildcard38 to wildcard66
[DEBUG] Dynamically added transition from wildcard37 to wildcard66
[DEBUG] Dynamically added transition from wildcard36 to wildcard66
[DEBUG] Dynamically added transition from wildcard35 to wildcard66
[DEBUG] Dynamically added transition from wildcard34 to wildcard66
[DEBUG] Dynamically added transition from wildcard33 to wildcard66
[DEBUG] Dynamically added transition from wildcard32 to wildcard66
[DEBUG] Dynamically added transition from wildcard31 to wildcard66
[DEBUG] Dynamically added transition from wildcard30 to wildcard66
[DEBUG] Dynamically added transition from wildcard29 to wildcard66
[DEBUG] Dynamically added transition from wildcard28 to wildcard66
[DEBUG] Dynamically added transition from wildcard49 to wildcard66
[DEBUG] Dynamically added transition from wildcard48 to wildcard66
[DEBUG] Dynamically added transition from wildcard47 to wildcard66
[DEBUG] Dynamically added transition from wildcard46 to wildcard66
[DEBUG] Dynamically added transition from wildcard45 to wildcard66
[DEBUG] Dynamically added transition from wildcard44 to wildcard66
[DEBUG] Dynamically added transition from wildcard43 to wildcard66
[DEBUG] Dynamically added transition from wildcard42 to wildcard66
[DEBUG] Dynamically added transition from INITIAL to wildcard66
[DEBUG] Dynamically added transition from wildcard41 to wildcard66
[DEBUG] Dynamically added transition from wildcard40 to wildcard66
[DEBUG] Dynamically added transition from wildcard39 to wildcard66
[DEBUG] Dynamically added transition from wildcard16 to wildcard66
[DEBUG] Dynamically added transition from wildcard15 to wildcard66
[DEBUG] Dynamically added transition from wildcard59 to wildcard66
[DEBUG] Dynamically added transition from wildcard14 to wildcard66
[DEBUG] Dynamically added transition from wildcard58 to wildcard66
[DEBUG] Dynamically added transition from wildcard13 to wildcard66
[DEBUG] Dynamically added transition from wildcard57 to wildcard66
[DEBUG] Dynamically added transition from wildcard12 to wildcard66
[DEBUG] Dynamically added transition from wildcard56 to wildcard66
[DEBUG] Dynamically added transition from wildcard11 to wildcard66
[DEBUG] Dynamically added transition from wildcard55 to wildcard66
[DEBUG] Dynamically added transition from wildcard10 to wildcard66
[DEBUG] Dynamically added transition from wildcard54 to wildcard66
[DEBUG] Dynamically added transition from wildcard53 to wildcard66
[DEBUG] Dynamically added transition from start to wildcard66
[DEBUG] Dynamically added transition from wildcard52 to wildcard66
[DEBUG] Dynamically added transition from wildcard51 to wildcard66
[DEBUG] Dynamically added transition from wildcard50 to wildcard66
[DEBUG] Dynamically added transition from wildcard66 to wildcard27
[DEBUG] Dynamically added transition from wildcard66 to wildcard26
[DEBUG] Dynamically added transition from wildcard66 to wildcard25
[DEBUG] Dynamically added transition from wildcard66 to wildcard24
[DEBUG] Dynamically added transition from wildcard66 to wildcard23
[DEBUG] Dynamically added transition from wildcard66 to wildcard22
[DEBUG] Dynamically added transition from wildcard66 to wildcard66
[DEBUG] Dynamically added transition from wildcard66 to wildcard1
[DEBUG] Dynamically added transition from wildcard66 to wildcard21
[DEBUG] Dynamically added transition from wildcard66 to wildcard65
[DEBUG] Dynamically added transition from wildcard66 to wildcard0
[DEBUG] Dynamically added transition from wildcard66 to wildcard20
[DEBUG] Dynamically added transition from wildcard66 to wildcard64
[DEBUG] Dynamically added transition from wildcard66 to wildcard3
[DEBUG] Dynamically added transition from wildcard66 to wildcard63
[DEBUG] Dynamically added transition from wildcard66 to wildcard2
[DEBUG] Dynamically added transition from wildcard66 to wildcard62
[DEBUG] Dynamically added transition from wildcard66 to wildcard5
[DEBUG] Dynamically added transition from wildcard66 to wildcard61
[DEBUG] Dynamically added transition from wildcard66 to wildcard4
[DEBUG] Dynamically added transition from wildcard66 to wildcard60
[DEBUG] Dynamically added transition from wildcard66 to wildcard7
[DEBUG] Dynamically added transition from wildcard66 to wildcard6
[DEBUG] Dynamically added transition from wildcard66 to wildcard9
[DEBUG] Dynamically added transition from wildcard66 to wildcard8
[DEBUG] Dynamically added transition from wildcard66 to wildcard19
[DEBUG] Dynamically added transition from wildcard66 to wildcard18
[DEBUG] Dynamically added transition from wildcard66 to wildcard17
[DEBUG] Dynamically added transition from wildcard66 to wildcard38
[DEBUG] Dynamically added transition from wildcard66 to wildcard37
[DEBUG] Dynamically added transition from wildcard66 to wildcard36
[DEBUG] Dynamically added transition from wildcard66 to wildcard35
[DEBUG] Dynamically added transition from wildcard66 to wildcard34
[DEBUG] Dynamically added transition from wildcard66 to wildcard33
[DEBUG] Dynamically added transition from wildcard66 to wildcard32
[DEBUG] Dynamically added transition from wildcard66 to wildcard31
[DEBUG] Dynamically added transition from wildcard66 to wildcard30
[DEBUG] Dynamically added transition from wildcard66 to .*
[DEBUG] Dynamically added transition from wildcard66 to wildcard29
[DEBUG] Dynamically added transition from wildcard66 to wildcard28
[DEBUG] Dynamically added transition from wildcard66 to wildcard49
[DEBUG] Dynamically added transition from wildcard66 to wildcard48
[DEBUG] Dynamically added transition from wildcard66 to wildcard47
[DEBUG] Dynamically added transition from wildcard66 to wildcard46
[DEBUG] Dynamically added transition from wildcard66 to wildcard45
[DEBUG] Dynamically added transition from wildcard66 to wildcard44
[DEBUG] Dynamically added transition from wildcard66 to wildcard43
[DEBUG] Dynamically added transition from wildcard66 to wildcard42
[DEBUG] Dynamically added transition from wildcard66 to INITIAL
[DEBUG] Dynamically added transition from wildcard66 to wildcard41
[DEBUG] Dynamically added transition from wildcard66 to wildcard40
[DEBUG] Dynamically added transition from wildcard66 to end
[DEBUG] Dynamically added transition from wildcard66 to wildcard39
[DEBUG] Dynamically added transition from wildcard66 to wildcard16
[DEBUG] Dynamically added transition from wildcard66 to wildcard15
[DEBUG] Dynamically added transition from wildcard66 to wildcard59
[DEBUG] Dynamically added transition from wildcard66 to wildcard14
[DEBUG] Dynamically added transition from wildcard66 to wildcard58
[DEBUG] Dynamically added transition from wildcard66 to middle
[DEBUG] Dynamically added transition from wildcard66 to wildcard13
[DEBUG] Dynamically added transition from wildcard66 to wildcard57
[DEBUG] Dynamically added transition from wildcard66 to wildcard12
[DEBUG] Dynamically added transition from wildcard66 to wildcard56
[DEBUG] Dynamically added transition from wildcard66 to wildcard11
[DEBUG] Dynamically added transition from wildcard66 to wildcard55
[DEBUG] Dynamically added transition from wildcard66 to wildcard10
[DEBUG] Dynamically added transition from wildcard66 to wildcard54
[DEBUG] Dynamically added transition from wildcard66 to wildcard53
[DEBUG] Dynamically added transition from wildcard66 to start
[DEBUG] Dynamically added transition from wildcard66 to wildcard52
[DEBUG] Dynamically added transition from wildcard66 to wildcard51
[DEBUG] Dynamically added transition from wildcard66 to wildcard50
[INFO] Wildcard transition valid to state: wildcard66
[INFO] Wildcard transition detected from wildcard66 to wildcard67
[DEBUG] Created intermediate state for wildcard transition: wildcard67
[DEBUG] Dynamically added transition from wildcard66 to wildcard67
[DEBUG] Dynamically added transition from wildcard27 to wildcard67
[DEBUG] Dynamically added transition from wildcard26 to wildcard67
[DEBUG] Dynamically added transition from wildcard25 to wildcard67
[DEBUG] Dynamically added transition from wildcard24 to wildcard67
[DEBUG] Dynamically added transition from wildcard23 to wildcard67
[DEBUG] Dynamically added transition from wildcard22 to wildcard67
[DEBUG] Dynamically added transition from wildcard1 to wildcard67
[DEBUG] Dynamically added transition from wildcard21 to wildcard67
[DEBUG] Dynamically added transition from wildcard65 to wildcard67
[DEBUG] Dynamically added transition from wildcard0 to wildcard67
[DEBUG] Dynamically added transition from wildcard20 to wildcard67
[DEBUG] Dynamically added transition from wildcard64 to wildcard67
[DEBUG] Dynamically added transition from wildcard3 to wildcard67
[DEBUG] Dynamically added transition from wildcard63 to wildcard67
[DEBUG] Dynamically added transition from wildcard2 to wildcard67
[DEBUG] Dynamically added transition from wildcard62 to wildcard67
[DEBUG] Dynamically added transition from wildcard5 to wildcard67
[DEBUG] Dynamically added transition from wildcard61 to wildcard67
[DEBUG] Dynamically added transition from wildcard4 to wildcard67
[DEBUG] Dynamically added transition from wildcard60 to wildcard67
[DEBUG] Dynamically added transition from wildcard7 to wildcard67
[DEBUG] Dynamically added transition from wildcard6 to wildcard67
[DEBUG] Dynamically added transition from wildcard9 to wildcard67
[DEBUG] Dynamically added transition from wildcard8 to wildcard67
[DEBUG] Dynamically added transition from wildcard19 to wildcard67
[DEBUG] Dynamically added transition from wildcard18 to wildcard67
[DEBUG] Dynamically added transition from wildcard17 to wildcard67
[DEBUG] Dynamically added transition from wildcard38 to wildcard67
[DEBUG] Dynamically added transition from wildcard37 to wildcard67
[DEBUG] Dynamically added transition from wildcard36 to wildcard67
[DEBUG] Dynamically added transition from wildcard35 to wildcard67
[DEBUG] Dynamically added transition from wildcard34 to wildcard67
[DEBUG] Dynamically added transition from wildcard33 to wildcard67
[DEBUG] Dynamically added transition from wildcard32 to wildcard67
[DEBUG] Dynamically added transition from wildcard31 to wildcard67
[DEBUG] Dynamically added transition from wildcard30 to wildcard67
[DEBUG] Dynamically added transition from wildcard29 to wildcard67
[DEBUG] Dynamically added transition from wildcard28 to wildcard67
[DEBUG] Dynamically added transition from wildcard49 to wildcard67
[DEBUG] Dynamically added transition from wildcard48 to wildcard67
[DEBUG] Dynamically added transition from wildcard47 to wildcard67
[DEBUG] Dynamically added transition from wildcard46 to wildcard67
[DEBUG] Dynamically added transition from wildcard45 to wildcard67
[DEBUG] Dynamically added transition from wildcard44 to wildcard67
[DEBUG] Dynamically added transition from wildcard43 to wildcard67
[DEBUG] Dynamically added transition from wildcard42 to wildcard67
[DEBUG] Dynamically added transition from INITIAL to wildcard67
[DEBUG] Dynamically added transition from wildcard41 to wildcard67
[DEBUG] Dynamically added transition from wildcard40 to wildcard67
[DEBUG] Dynamically added transition from wildcard39 to wildcard67
[DEBUG] Dynamically added transition from wildcard16 to wildcard67
[DEBUG] Dynamically added transition from wildcard15 to wildcard67
[DEBUG] Dynamically added transition from wildcard59 to wildcard67
[DEBUG] Dynamically added transition from wildcard14 to wildcard67
[DEBUG] Dynamically added transition from wildcard58 to wildcard67
[DEBUG] Dynamically added transition from wildcard13 to wildcard67
[DEBUG] Dynamically added transition from wildcard57 to wildcard67
[DEBUG] Dynamically added transition from wildcard12 to wildcard67
[DEBUG] Dynamically added transition from wildcard56 to wildcard67
[DEBUG] Dynamically added transition from wildcard11 to wildcard67
[DEBUG] Dynamically added transition from wildcard55 to wildcard67
[DEBUG] Dynamically added transition from wildcard10 to wildcard67
[DEBUG] Dynamically added transition from wildcard54 to wildcard67
[DEBUG] Dynamically added transition from wildcard53 to wildcard67
[DEBUG] Dynamically added transition from start to wildcard67
[DEBUG] Dynamically added transition from wildcard52 to wildcard67
[DEBUG] Dynamically added transition from wildcard51 to wildcard67
[DEBUG] Dynamically added transition from wildcard50 to wildcard67
[DEBUG] Dynamically added transition from wildcard67 to wildcard27
[DEBUG] Dynamically added transition from wildcard67 to wildcard26
[DEBUG] Dynamically added transition from wildcard67 to wildcard25
[DEBUG] Dynamically added transition from wildcard67 to wildcard24
[DEBUG] Dynamically added transition from wildcard67 to wildcard23
[DEBUG] Dynamically added transition from wildcard67 to wildcard67
[DEBUG] Dynamically added transition from wildcard67 to wildcard22
[DEBUG] Dynamically added transition from wildcard67 to wildcard66
[DEBUG] Dynamically added transition from wildcard67 to wildcard1
[DEBUG] Dynamically added transition from wildcard67 to wildcard21
[DEBUG] Dynamically added transition from wildcard67 to wildcard65
[DEBUG] Dynamically added transition from wildcard67 to wildcard0
[DEBUG] Dynamically added transition from wildcard67 to wildcard20
[DEBUG] Dynamically added transition from wildcard67 to wildcard64
[DEBUG] Dynamically added transition from wildcard67 to wildcard3
[DEBUG] Dynamically added transition from wildcard67 to wildcard63
[DEBUG] Dynamically added transition from wildcard67 to wildcard2
[DEBUG] Dynamically added transition from wildcard67 to wildcard62
[DEBUG] Dynamically added transition from wildcard67 to wildcard5
[DEBUG] Dynamically added transition from wildcard67 to wildcard61
[DEBUG] Dynamically added transition from wildcard67 to wildcard4
[DEBUG] Dynamically added transition from wildcard67 to wildcard60
[DEBUG] Dynamically added transition from wildcard67 to wildcard7
[DEBUG] Dynamically added transition from wildcard67 to wildcard6
[DEBUG] Dynamically added transition from wildcard67 to wildcard9
[DEBUG] Dynamically added transition from wildcard67 to wildcard8
[DEBUG] Dynamically added transition from wildcard67 to wildcard19
[DEBUG] Dynamically added transition from wildcard67 to wildcard18
[DEBUG] Dynamically added transition from wildcard67 to wildcard17
[DEBUG] Dynamically added transition from wildcard67 to wildcard38
[DEBUG] Dynamically added transition from wildcard67 to wildcard37
[DEBUG] Dynamically added transition from wildcard67 to wildcard36
[DEBUG] Dynamically added transition from wildcard67 to wildcard35
[DEBUG] Dynamically added transition from wildcard67 to wildcard34
[DEBUG] Dynamically added transition from wildcard67 to wildcard33
[DEBUG] Dynamically added transition from wildcard67 to wildcard32
[DEBUG] Dynamically added transition from wildcard67 to wildcard31
[DEBUG] Dynamically added transition from wildcard67 to wildcard30
[DEBUG] Dynamically added transition from wildcard67 to .*
[DEBUG] Dynamically added transition from wildcard67 to wildcard29
[DEBUG] Dynamically added transition from wildcard67 to wildcard28
[DEBUG] Dynamically added transition from wildcard67 to wildcard49
[DEBUG] Dynamically added transition from wildcard67 to wildcard48
[DEBUG] Dynamically added transition from wildcard67 to wildcard47
[DEBUG] Dynamically added transition from wildcard67 to wildcard46
[DEBUG] Dynamically added transition from wildcard67 to wildcard45
[DEBUG] Dynamically added transition from wildcard67 to wildcard44
[DEBUG] Dynamically added transition from wildcard67 to wildcard43
[DEBUG] Dynamically added transition from wildcard67 to wildcard42
[DEBUG] Dynamically added transition from wildcard67 to INITIAL
[DEBUG] Dynamically added transition from wildcard67 to wildcard41
[DEBUG] Dynamically added transition from wildcard67 to wildcard40
[DEBUG] Dynamically added transition from wildcard67 to end
[DEBUG] Dynamically added transition from wildcard67 to wildcard39
[DEBUG] Dynamically added transition from wildcard67 to wildcard16
[DEBUG] Dynamically added transition from wildcard67 to wildcard15
[DEBUG] Dynamically added transition from wildcard67 to wildcard59
[DEBUG] Dynamically added transition from wildcard67 to wildcard14
[DEBUG] Dynamically added transition from wildcard67 to wildcard58
[DEBUG] Dynamically added transition from wildcard67 to middle
[DEBUG] Dynamically added transition from wildcard67 to wildcard13
[DEBUG] Dynamically added transition from wildcard67 to wildcard57
[DEBUG] Dynamically added transition from wildcard67 to wildcard12
[DEBUG] Dynamically added transition from wildcard67 to wildcard56
[DEBUG] Dynamically added transition from wildcard67 to wildcard11
[DEBUG] Dynamically added transition from wildcard67 to wildcard55
[DEBUG] Dynamically added transition from wildcard67 to wildcard10
[DEBUG] Dynamically added transition from wildcard67 to wildcard54
[DEBUG] Dynamically added transition from wildcard67 to wildcard53
[DEBUG] Dynamically added transition from wildcard67 to start
[DEBUG] Dynamically added transition from wildcard67 to wildcard52
[DEBUG] Dynamically added transition from wildcard67 to wildcard51
[DEBUG] Dynamically added transition from wildcard67 to wildcard50
[INFO] Wildcard transition valid to state: wildcard67
[INFO] Wildcard transition detected from wildcard67 to wildcard68
[DEBUG] Created intermediate state for wildcard transition: wildcard68
[DEBUG] Dynamically added transition from wildcard67 to wildcard68
[DEBUG] Dynamically added transition from wildcard27 to wildcard68
[DEBUG] Dynamically added transition from wildcard26 to wildcard68
[DEBUG] Dynamically added transition from wildcard25 to wildcard68
[DEBUG] Dynamically added transition from wildcard24 to wildcard68
[DEBUG] Dynamically added transition from wildcard23 to wildcard68
[DEBUG] Dynamically added transition from wildcard22 to wildcard68
[DEBUG] Dynamically added transition from wildcard66 to wildcard68
[DEBUG] Dynamically added transition from wildcard1 to wildcard68
[DEBUG] Dynamically added transition from wildcard21 to wildcard68
[DEBUG] Dynamically added transition from wildcard65 to wildcard68
[DEBUG] Dynamically added transition from wildcard0 to wildcard68
[DEBUG] Dynamically added transition from wildcard20 to wildcard68
[DEBUG] Dynamically added transition from wildcard64 to wildcard68
[DEBUG] Dynamically added transition from wildcard3 to wildcard68
[DEBUG] Dynamically added transition from wildcard63 to wildcard68
[DEBUG] Dynamically added transition from wildcard2 to wildcard68
[DEBUG] Dynamically added transition from wildcard62 to wildcard68
[DEBUG] Dynamically added transition from wildcard5 to wildcard68
[DEBUG] Dynamically added transition from wildcard61 to wildcard68
[DEBUG] Dynamically added transition from wildcard4 to wildcard68
[DEBUG] Dynamically added transition from wildcard60 to wildcard68
[DEBUG] Dynamically added transition from wildcard7 to wildcard68
[DEBUG] Dynamically added transition from wildcard6 to wildcard68
[DEBUG] Dynamically added transition from wildcard9 to wildcard68
[DEBUG] Dynamically added transition from wildcard8 to wildcard68
[DEBUG] Dynamically added transition from wildcard19 to wildcard68
[DEBUG] Dynamically added transition from wildcard18 to wildcard68
[DEBUG] Dynamically added transition from wildcard17 to wildcard68
[DEBUG] Dynamically added transition from wildcard38 to wildcard68
[DEBUG] Dynamically added transition from wildcard37 to wildcard68
[DEBUG] Dynamically added transition from wildcard36 to wildcard68
[DEBUG] Dynamically added transition from wildcard35 to wildcard68
[DEBUG] Dynamically added transition from wildcard34 to wildcard68
[DEBUG] Dynamically added transition from wildcard33 to wildcard68
[DEBUG] Dynamically added transition from wildcard32 to wildcard68
[DEBUG] Dynamically added transition from wildcard31 to wildcard68
[DEBUG] Dynamically added transition from wildcard30 to wildcard68
[DEBUG] Dynamically added transition from wildcard29 to wildcard68
[DEBUG] Dynamically added transition from wildcard28 to wildcard68
[DEBUG] Dynamically added transition from wildcard49 to wildcard68
[DEBUG] Dynamically added transition from wildcard48 to wildcard68
[DEBUG] Dynamically added transition from wildcard47 to wildcard68
[DEBUG] Dynamically added transition from wildcard46 to wildcard68
[DEBUG] Dynamically added transition from wildcard45 to wildcard68
[DEBUG] Dynamically added transition from wildcard44 to wildcard68
[DEBUG] Dynamically added transition from wildcard43 to wildcard68
[DEBUG] Dynamically added transition from wildcard42 to wildcard68
[DEBUG] Dynamically added transition from INITIAL to wildcard68
[DEBUG] Dynamically added transition from wildcard41 to wildcard68
[DEBUG] Dynamically added transition from wildcard40 to wildcard68
[DEBUG] Dynamically added transition from wildcard39 to wildcard68
[DEBUG] Dynamically added transition from wildcard16 to wildcard68
[DEBUG] Dynamically added transition from wildcard15 to wildcard68
[DEBUG] Dynamically added transition from wildcard59 to wildcard68
[DEBUG] Dynamically added transition from wildcard14 to wildcard68
[DEBUG] Dynamically added transition from wildcard58 to wildcard68
[DEBUG] Dynamically added transition from wildcard13 to wildcard68
[DEBUG] Dynamically added transition from wildcard57 to wildcard68
[DEBUG] Dynamically added transition from wildcard12 to wildcard68
[DEBUG] Dynamically added transition from wildcard56 to wildcard68
[DEBUG] Dynamically added transition from wildcard11 to wildcard68
[DEBUG] Dynamically added transition from wildcard55 to wildcard68
[DEBUG] Dynamically added transition from wildcard10 to wildcard68
[DEBUG] Dynamically added transition from wildcard54 to wildcard68
[DEBUG] Dynamically added transition from wildcard53 to wildcard68
[DEBUG] Dynamically added transition from start to wildcard68
[DEBUG] Dynamically added transition from wildcard52 to wildcard68
[DEBUG] Dynamically added transition from wildcard51 to wildcard68
[DEBUG] Dynamically added transition from wildcard50 to wildcard68
[DEBUG] Dynamically added transition from wildcard68 to wildcard27
[DEBUG] Dynamically added transition from wildcard68 to wildcard26
[DEBUG] Dynamically added transition from wildcard68 to wildcard25
[DEBUG] Dynamically added transition from wildcard68 to wildcard24
[DEBUG] Dynamically added transition from wildcard68 to wildcard68
[DEBUG] Dynamically added transition from wildcard68 to wildcard23
[DEBUG] Dynamically added transition from wildcard68 to wildcard67
[DEBUG] Dynamically added transition from wildcard68 to wildcard22
[DEBUG] Dynamically added transition from wildcard68 to wildcard66
[DEBUG] Dynamically added transition from wildcard68 to wildcard1
[DEBUG] Dynamically added transition from wildcard68 to wildcard21
[DEBUG] Dynamically added transition from wildcard68 to wildcard65
[DEBUG] Dynamically added transition from wildcard68 to wildcard0
[DEBUG] Dynamically added transition from wildcard68 to wildcard20
[DEBUG] Dynamically added transition from wildcard68 to wildcard64
[DEBUG] Dynamically added transition from wildcard68 to wildcard3
[DEBUG] Dynamically added transition from wildcard68 to wildcard63
[DEBUG] Dynamically added transition from wildcard68 to wildcard2
[DEBUG] Dynamically added transition from wildcard68 to wildcard62
[DEBUG] Dynamically added transition from wildcard68 to wildcard5
[DEBUG] Dynamically added transition from wildcard68 to wildcard61
[DEBUG] Dynamically added transition from wildcard68 to wildcard4
[DEBUG] Dynamically added transition from wildcard68 to wildcard60
[DEBUG] Dynamically added transition from wildcard68 to wildcard7
[DEBUG] Dynamically added transition from wildcard68 to wildcard6
[DEBUG] Dynamically added transition from wildcard68 to wildcard9
[DEBUG] Dynamically added transition from wildcard68 to wildcard8
[DEBUG] Dynamically added transition from wildcard68 to wildcard19
[DEBUG] Dynamically added transition from wildcard68 to wildcard18
[DEBUG] Dynamically added transition from wildcard68 to wildcard17
[DEBUG] Dynamically added transition from wildcard68 to wildcard38
[DEBUG] Dynamically added transition from wildcard68 to wildcard37
[DEBUG] Dynamically added transition from wildcard68 to wildcard36
[DEBUG] Dynamically added transition from wildcard68 to wildcard35
[DEBUG] Dynamically added transition from wildcard68 to wildcard34
[DEBUG] Dynamically added transition from wildcard68 to wildcard33
[DEBUG] Dynamically added transition from wildcard68 to wildcard32
[DEBUG] Dynamically added transition from wildcard68 to wildcard31
[DEBUG] Dynamically added transition from wildcard68 to wildcard30
[DEBUG] Dynamically added transition from wildcard68 to .*
[DEBUG] Dynamically added transition from wildcard68 to wildcard29
[DEBUG] Dynamically added transition from wildcard68 to wildcard28
[DEBUG] Dynamically added transition from wildcard68 to wildcard49
[DEBUG] Dynamically added transition from wildcard68 to wildcard48
[DEBUG] Dynamically added transition from wildcard68 to wildcard47
[DEBUG] Dynamically added transition from wildcard68 to wildcard46
[DEBUG] Dynamically added transition from wildcard68 to wildcard45
[DEBUG] Dynamically added transition from wildcard68 to wildcard44
[DEBUG] Dynamically added transition from wildcard68 to wildcard43
[DEBUG] Dynamically added transition from wildcard68 to wildcard42
[DEBUG] Dynamically added transition from wildcard68 to INITIAL
[DEBUG] Dynamically added transition from wildcard68 to wildcard41
[DEBUG] Dynamically added transition from wildcard68 to wildcard40
[DEBUG] Dynamically added transition from wildcard68 to end
[DEBUG] Dynamically added transition from wildcard68 to wildcard39
[DEBUG] Dynamically added transition from wildcard68 to wildcard16
[DEBUG] Dynamically added transition from wildcard68 to wildcard15
[DEBUG] Dynamically added transition from wildcard68 to wildcard59
[DEBUG] Dynamically added transition from wildcard68 to wildcard14
[DEBUG] Dynamically added transition from wildcard68 to wildcard58
[DEBUG] Dynamically added transition from wildcard68 to middle
[DEBUG] Dynamically added transition from wildcard68 to wildcard13
[DEBUG] Dynamically added transition from wildcard68 to wildcard57
[DEBUG] Dynamically added transition from wildcard68 to wildcard12
[DEBUG] Dynamically added transition from wildcard68 to wildcard56
[DEBUG] Dynamically added transition from wildcard68 to wildcard11
[DEBUG] Dynamically added transition from wildcard68 to wildcard55
[DEBUG] Dynamically added transition from wildcard68 to wildcard10
[DEBUG] Dynamically added transition from wildcard68 to wildcard54
[DEBUG] Dynamically added transition from wildcard68 to wildcard53
[DEBUG] Dynamically added transition from wildcard68 to start
[DEBUG] Dynamically added transition from wildcard68 to wildcard52
[DEBUG] Dynamically added transition from wildcard68 to wildcard51
[DEBUG] Dynamically added transition from wildcard68 to wildcard50
[INFO] Wildcard transition valid to state: wildcard68
[INFO] Wildcard transition detected from wildcard68 to wildcard69
[DEBUG] Created intermediate state for wildcard transition: wildcard69
[DEBUG] Dynamically added transition from wildcard68 to wildcard69
[DEBUG] Dynamically added transition from wildcard27 to wildcard69
[DEBUG] Dynamically added transition from wildcard26 to wildcard69
[DEBUG] Dynamically added transition from wildcard25 to wildcard69
[DEBUG] Dynamically added transition from wildcard24 to wildcard69
[DEBUG] Dynamically added transition from wildcard23 to wildcard69
[DEBUG] Dynamically added transition from wildcard67 to wildcard69
[DEBUG] Dynamically added transition from wildcard22 to wildcard69
[DEBUG] Dynamically added transition from wildcard66 to wildcard69
[DEBUG] Dynamically added transition from wildcard1 to wildcard69
[DEBUG] Dynamically added transition from wildcard21 to wildcard69
[DEBUG] Dynamically added transition from wildcard65 to wildcard69
[DEBUG] Dynamically added transition from wildcard0 to wildcard69
[DEBUG] Dynamically added transition from wildcard20 to wildcard69
[DEBUG] Dynamically added transition from wildcard64 to wildcard69
[DEBUG] Dynamically added transition from wildcard3 to wildcard69
[DEBUG] Dynamically added transition from wildcard63 to wildcard69
[DEBUG] Dynamically added transition from wildcard2 to wildcard69
[DEBUG] Dynamically added transition from wildcard62 to wildcard69
[DEBUG] Dynamically added transition from wildcard5 to wildcard69
[DEBUG] Dynamically added transition from wildcard61 to wildcard69
[DEBUG] Dynamically added transition from wildcard4 to wildcard69
[DEBUG] Dynamically added transition from wildcard60 to wildcard69
[DEBUG] Dynamically added transition from wildcard7 to wildcard69
[DEBUG] Dynamically added transition from wildcard6 to wildcard69
[DEBUG] Dynamically added transition from wildcard9 to wildcard69
[DEBUG] Dynamically added transition from wildcard8 to wildcard69
[DEBUG] Dynamically added transition from wildcard19 to wildcard69
[DEBUG] Dynamically added transition from wildcard18 to wildcard69
[DEBUG] Dynamically added transition from wildcard17 to wildcard69
[DEBUG] Dynamically added transition from wildcard38 to wildcard69
[DEBUG] Dynamically added transition from wildcard37 to wildcard69
[DEBUG] Dynamically added transition from wildcard36 to wildcard69
[DEBUG] Dynamically added transition from wildcard35 to wildcard69
[DEBUG] Dynamically added transition from wildcard34 to wildcard69
[DEBUG] Dynamically added transition from wildcard33 to wildcard69
[DEBUG] Dynamically added transition from wildcard32 to wildcard69
[DEBUG] Dynamically added transition from wildcard31 to wildcard69
[DEBUG] Dynamically added transition from wildcard30 to wildcard69
[DEBUG] Dynamically added transition from wildcard29 to wildcard69
[DEBUG] Dynamically added transition from wildcard28 to wildcard69
[DEBUG] Dynamically added transition from wildcard49 to wildcard69
[DEBUG] Dynamically added transition from wildcard48 to wildcard69
[DEBUG] Dynamically added transition from wildcard47 to wildcard69
[DEBUG] Dynamically added transition from wildcard46 to wildcard69
[DEBUG] Dynamically added transition from wildcard45 to wildcard69
[DEBUG] Dynamically added transition from wildcard44 to wildcard69
[DEBUG] Dynamically added transition from wildcard43 to wildcard69
[DEBUG] Dynamically added transition from wildcard42 to wildcard69
[DEBUG] Dynamically added transition from INITIAL to wildcard69
[DEBUG] Dynamically added transition from wildcard41 to wildcard69
[DEBUG] Dynamically added transition from wildcard40 to wildcard69
[DEBUG] Dynamically added transition from wildcard39 to wildcard69
[DEBUG] Dynamically added transition from wildcard16 to wildcard69
[DEBUG] Dynamically added transition from wildcard15 to wildcard69
[DEBUG] Dynamically added transition from wildcard59 to wildcard69
[DEBUG] Dynamically added transition from wildcard14 to wildcard69
[DEBUG] Dynamically added transition from wildcard58 to wildcard69
[DEBUG] Dynamically added transition from wildcard13 to wildcard69
[DEBUG] Dynamically added transition from wildcard57 to wildcard69
[DEBUG] Dynamically added transition from wildcard12 to wildcard69
[DEBUG] Dynamically added transition from wildcard56 to wildcard69
[DEBUG] Dynamically added transition from wildcard11 to wildcard69
[DEBUG] Dynamically added transition from wildcard55 to wildcard69
[DEBUG] Dynamically added transition from wildcard10 to wildcard69
[DEBUG] Dynamically added transition from wildcard54 to wildcard69
[DEBUG] Dynamically added transition from wildcard53 to wildcard69
[DEBUG] Dynamically added transition from start to wildcard69
[DEBUG] Dynamically added transition from wildcard52 to wildcard69
[DEBUG] Dynamically added transition from wildcard51 to wildcard69
[DEBUG] Dynamically added transition from wildcard50 to wildcard69
[DEBUG] Dynamically added transition from wildcard69 to wildcard27
[DEBUG] Dynamically added transition from wildcard69 to wildcard26
[DEBUG] Dynamically added transition from wildcard69 to wildcard25
[DEBUG] Dynamically added transition from wildcard69 to wildcard69
[DEBUG] Dynamically added transition from wildcard69 to wildcard24
[DEBUG] Dynamically added transition from wildcard69 to wildcard68
[DEBUG] Dynamically added transition from wildcard69 to wildcard23
[DEBUG] Dynamically added transition from wildcard69 to wildcard67
[DEBUG] Dynamically added transition from wildcard69 to wildcard22
[DEBUG] Dynamically added transition from wildcard69 to wildcard66
[DEBUG] Dynamically added transition from wildcard69 to wildcard1
[DEBUG] Dynamically added transition from wildcard69 to wildcard21
[DEBUG] Dynamically added transition from wildcard69 to wildcard65
[DEBUG] Dynamically added transition from wildcard69 to wildcard0
[DEBUG] Dynamically added transition from wildcard69 to wildcard20
[DEBUG] Dynamically added transition from wildcard69 to wildcard64
[DEBUG] Dynamically added transition from wildcard69 to wildcard3
[DEBUG] Dynamically added transition from wildcard69 to wildcard63
[DEBUG] Dynamically added transition from wildcard69 to wildcard2
[DEBUG] Dynamically added transition from wildcard69 to wildcard62
[DEBUG] Dynamically added transition from wildcard69 to wildcard5
[DEBUG] Dynamically added transition from wildcard69 to wildcard61
[DEBUG] Dynamically added transition from wildcard69 to wildcard4
[DEBUG] Dynamically added transition from wildcard69 to wildcard60
[DEBUG] Dynamically added transition from wildcard69 to wildcard7
[DEBUG] Dynamically added transition from wildcard69 to wildcard6
[DEBUG] Dynamically added transition from wildcard69 to wildcard9
[DEBUG] Dynamically added transition from wildcard69 to wildcard8
[DEBUG] Dynamically added transition from wildcard69 to wildcard19
[DEBUG] Dynamically added transition from wildcard69 to wildcard18
[DEBUG] Dynamically added transition from wildcard69 to wildcard17
[DEBUG] Dynamically added transition from wildcard69 to wildcard38
[DEBUG] Dynamically added transition from wildcard69 to wildcard37
[DEBUG] Dynamically added transition from wildcard69 to wildcard36
[DEBUG] Dynamically added transition from wildcard69 to wildcard35
[DEBUG] Dynamically added transition from wildcard69 to wildcard34
[DEBUG] Dynamically added transition from wildcard69 to wildcard33
[DEBUG] Dynamically added transition from wildcard69 to wildcard32
[DEBUG] Dynamically added transition from wildcard69 to wildcard31
[DEBUG] Dynamically added transition from wildcard69 to wildcard30
[DEBUG] Dynamically added transition from wildcard69 to .*
[DEBUG] Dynamically added transition from wildcard69 to wildcard29
[DEBUG] Dynamically added transition from wildcard69 to wildcard28
[DEBUG] Dynamically added transition from wildcard69 to wildcard49
[DEBUG] Dynamically added transition from wildcard69 to wildcard48
[DEBUG] Dynamically added transition from wildcard69 to wildcard47
[DEBUG] Dynamically added transition from wildcard69 to wildcard46
[DEBUG] Dynamically added transition from wildcard69 to wildcard45
[DEBUG] Dynamically added transition from wildcard69 to wildcard44
[DEBUG] Dynamically added transition from wildcard69 to wildcard43
[DEBUG] Dynamically added transition from wildcard69 to wildcard42
[DEBUG] Dynamically added transition from wildcard69 to INITIAL
[DEBUG] Dynamically added transition from wildcard69 to wildcard41
[DEBUG] Dynamically added transition from wildcard69 to wildcard40
[DEBUG] Dynamically added transition from wildcard69 to end
[DEBUG] Dynamically added transition from wildcard69 to wildcard39
[DEBUG] Dynamically added transition from wildcard69 to wildcard16
[DEBUG] Dynamically added transition from wildcard69 to wildcard15
[DEBUG] Dynamically added transition from wildcard69 to wildcard59
[DEBUG] Dynamically added transition from wildcard69 to wildcard14
[DEBUG] Dynamically added transition from wildcard69 to wildcard58
[DEBUG] Dynamically added transition from wildcard69 to middle
[DEBUG] Dynamically added transition from wildcard69 to wildcard13
[DEBUG] Dynamically added transition from wildcard69 to wildcard57
[DEBUG] Dynamically added transition from wildcard69 to wildcard12
[DEBUG] Dynamically added transition from wildcard69 to wildcard56
[DEBUG] Dynamically added transition from wildcard69 to wildcard11
[DEBUG] Dynamically added transition from wildcard69 to wildcard55
[DEBUG] Dynamically added transition from wildcard69 to wildcard10
[DEBUG] Dynamically added transition from wildcard69 to wildcard54
[DEBUG] Dynamically added transition from wildcard69 to wildcard53
[DEBUG] Dynamically added transition from wildcard69 to start
[DEBUG] Dynamically added transition from wildcard69 to wildcard52
[DEBUG] Dynamically added transition from wildcard69 to wildcard51
[DEBUG] Dynamically added transition from wildcard69 to wildcard50
[INFO] Wildcard transition valid to state: wildcard69
[INFO] Wildcard transition detected from wildcard69 to wildcard70
[DEBUG] Created intermediate state for wildcard transition: wildcard70
[DEBUG] Dynamically added transition from wildcard69 to wildcard70
[DEBUG] Dynamically added transition from wildcard27 to wildcard70
[DEBUG] Dynamically added transition from wildcard26 to wildcard70
[DEBUG] Dynamically added transition from wildcard25 to wildcard70
[DEBUG] Dynamically added transition from wildcard24 to wildcard70
[DEBUG] Dynamically added transition from wildcard68 to wildcard70
[DEBUG] Dynamically added transition from wildcard23 to wildcard70
[DEBUG] Dynamically added transition from wildcard67 to wildcard70
[DEBUG] Dynamically added transition from wildcard22 to wildcard70
[DEBUG] Dynamically added transition from wildcard66 to wildcard70
[DEBUG] Dynamically added transition from wildcard1 to wildcard70
[DEBUG] Dynamically added transition from wildcard21 to wildcard70
[DEBUG] Dynamically added transition from wildcard65 to wildcard70
[DEBUG] Dynamically added transition from wildcard0 to wildcard70
[DEBUG] Dynamically added transition from wildcard20 to wildcard70
[DEBUG] Dynamically added transition from wildcard64 to wildcard70
[DEBUG] Dynamically added transition from wildcard3 to wildcard70
[DEBUG] Dynamically added transition from wildcard63 to wildcard70
[DEBUG] Dynamically added transition from wildcard2 to wildcard70
[DEBUG] Dynamically added transition from wildcard62 to wildcard70
[DEBUG] Dynamically added transition from wildcard5 to wildcard70
[DEBUG] Dynamically added transition from wildcard61 to wildcard70
[DEBUG] Dynamically added transition from wildcard4 to wildcard70
[DEBUG] Dynamically added transition from wildcard60 to wildcard70
[DEBUG] Dynamically added transition from wildcard7 to wildcard70
[DEBUG] Dynamically added transition from wildcard6 to wildcard70
[DEBUG] Dynamically added transition from wildcard9 to wildcard70
[DEBUG] Dynamically added transition from wildcard8 to wildcard70
[DEBUG] Dynamically added transition from wildcard19 to wildcard70
[DEBUG] Dynamically added transition from wildcard18 to wildcard70
[DEBUG] Dynamically added transition from wildcard17 to wildcard70
[DEBUG] Dynamically added transition from wildcard38 to wildcard70
[DEBUG] Dynamically added transition from wildcard37 to wildcard70
[DEBUG] Dynamically added transition from wildcard36 to wildcard70
[DEBUG] Dynamically added transition from wildcard35 to wildcard70
[DEBUG] Dynamically added transition from wildcard34 to wildcard70
[DEBUG] Dynamically added transition from wildcard33 to wildcard70
[DEBUG] Dynamically added transition from wildcard32 to wildcard70
[DEBUG] Dynamically added transition from wildcard31 to wildcard70
[DEBUG] Dynamically added transition from wildcard30 to wildcard70
[DEBUG] Dynamically added transition from wildcard29 to wildcard70
[DEBUG] Dynamically added transition from wildcard28 to wildcard70
[DEBUG] Dynamically added transition from wildcard49 to wildcard70
[DEBUG] Dynamically added transition from wildcard48 to wildcard70
[DEBUG] Dynamically added transition from wildcard47 to wildcard70
[DEBUG] Dynamically added transition from wildcard46 to wildcard70
[DEBUG] Dynamically added transition from wildcard45 to wildcard70
[DEBUG] Dynamically added transition from wildcard44 to wildcard70
[DEBUG] Dynamically added transition from wildcard43 to wildcard70
[DEBUG] Dynamically added transition from wildcard42 to wildcard70
[DEBUG] Dynamically added transition from INITIAL to wildcard70
[DEBUG] Dynamically added transition from wildcard41 to wildcard70
[DEBUG] Dynamically added transition from wildcard40 to wildcard70
[DEBUG] Dynamically added transition from wildcard39 to wildcard70
[DEBUG] Dynamically added transition from wildcard16 to wildcard70
[DEBUG] Dynamically added transition from wildcard15 to wildcard70
[DEBUG] Dynamically added transition from wildcard59 to wildcard70
[DEBUG] Dynamically added transition from wildcard14 to wildcard70
[DEBUG] Dynamically added transition from wildcard58 to wildcard70
[DEBUG] Dynamically added transition from wildcard13 to wildcard70
[DEBUG] Dynamically added transition from wildcard57 to wildcard70
[DEBUG] Dynamically added transition from wildcard12 to wildcard70
[DEBUG] Dynamically added transition from wildcard56 to wildcard70
[DEBUG] Dynamically added transition from wildcard11 to wildcard70
[DEBUG] Dynamically added transition from wildcard55 to wildcard70
[DEBUG] Dynamically added transition from wildcard10 to wildcard70
[DEBUG] Dynamically added transition from wildcard54 to wildcard70
[DEBUG] Dynamically added transition from wildcard53 to wildcard70
[DEBUG] Dynamically added transition from start to wildcard70
[DEBUG] Dynamically added transition from wildcard52 to wildcard70
[DEBUG] Dynamically added transition from wildcard51 to wildcard70
[DEBUG] Dynamically added transition from wildcard50 to wildcard70
[DEBUG] Dynamically added transition from wildcard70 to wildcard27
[DEBUG] Dynamically added transition from wildcard70 to wildcard26
[DEBUG] Dynamically added transition from wildcard70 to wildcard25
[DEBUG] Dynamically added transition from wildcard70 to wildcard69
[DEBUG] Dynamically added transition from wildcard70 to wildcard24
[DEBUG] Dynamically added transition from wildcard70 to wildcard68
[DEBUG] Dynamically added transition from wildcard70 to wildcard23
[DEBUG] Dynamically added transition from wildcard70 to wildcard67
[DEBUG] Dynamically added transition from wildcard70 to wildcard22
[DEBUG] Dynamically added transition from wildcard70 to wildcard66
[DEBUG] Dynamically added transition from wildcard70 to wildcard1
[DEBUG] Dynamically added transition from wildcard70 to wildcard21
[DEBUG] Dynamically added transition from wildcard70 to wildcard65
[DEBUG] Dynamically added transition from wildcard70 to wildcard0
[DEBUG] Dynamically added transition from wildcard70 to wildcard20
[DEBUG] Dynamically added transition from wildcard70 to wildcard64
[DEBUG] Dynamically added transition from wildcard70 to wildcard3
[DEBUG] Dynamically added transition from wildcard70 to wildcard63
[DEBUG] Dynamically added transition from wildcard70 to wildcard2
[DEBUG] Dynamically added transition from wildcard70 to wildcard62
[DEBUG] Dynamically added transition from wildcard70 to wildcard5
[DEBUG] Dynamically added transition from wildcard70 to wildcard61
[DEBUG] Dynamically added transition from wildcard70 to wildcard4
[DEBUG] Dynamically added transition from wildcard70 to wildcard60
[DEBUG] Dynamically added transition from wildcard70 to wildcard7
[DEBUG] Dynamically added transition from wildcard70 to wildcard6
[DEBUG] Dynamically added transition from wildcard70 to wildcard9
[DEBUG] Dynamically added transition from wildcard70 to wildcard8
[DEBUG] Dynamically added transition from wildcard70 to wildcard19
[DEBUG] Dynamically added transition from wildcard70 to wildcard18
[DEBUG] Dynamically added transition from wildcard70 to wildcard17
[DEBUG] Dynamically added transition from wildcard70 to wildcard38
[DEBUG] Dynamically added transition from wildcard70 to wildcard37
[DEBUG] Dynamically added transition from wildcard70 to wildcard36
[DEBUG] Dynamically added transition from wildcard70 to wildcard35
[DEBUG] Dynamically added transition from wildcard70 to wildcard34
[DEBUG] Dynamically added transition from wildcard70 to wildcard33
[DEBUG] Dynamically added transition from wildcard70 to wildcard32
[DEBUG] Dynamically added transition from wildcard70 to wildcard31
[DEBUG] Dynamically added transition from wildcard70 to wildcard30
[DEBUG] Dynamically added transition from wildcard70 to wildcard70
[DEBUG] Dynamically added transition from wildcard70 to .*
[DEBUG] Dynamically added transition from wildcard70 to wildcard29
[DEBUG] Dynamically added transition from wildcard70 to wildcard28
[DEBUG] Dynamically added transition from wildcard70 to wildcard49
[DEBUG] Dynamically added transition from wildcard70 to wildcard48
[DEBUG] Dynamically added transition from wildcard70 to wildcard47
[DEBUG] Dynamically added transition from wildcard70 to wildcard46
[DEBUG] Dynamically added transition from wildcard70 to wildcard45
[DEBUG] Dynamically added transition from wildcard70 to wildcard44
[DEBUG] Dynamically added transition from wildcard70 to wildcard43
[DEBUG] Dynamically added transition from wildcard70 to wildcard42
[DEBUG] Dynamically added transition from wildcard70 to INITIAL
[DEBUG] Dynamically added transition from wildcard70 to wildcard41
[DEBUG] Dynamically added transition from wildcard70 to wildcard40
[DEBUG] Dynamically added transition from wildcard70 to end
[DEBUG] Dynamically added transition from wildcard70 to wildcard39
[DEBUG] Dynamically added transition from wildcard70 to wildcard16
[DEBUG] Dynamically added transition from wildcard70 to wildcard15
[DEBUG] Dynamically added transition from wildcard70 to wildcard59
[DEBUG] Dynamically added transition from wildcard70 to wildcard14
[DEBUG] Dynamically added transition from wildcard70 to wildcard58
[DEBUG] Dynamically added transition from wildcard70 to middle
[DEBUG] Dynamically added transition from wildcard70 to wildcard13
[DEBUG] Dynamically added transition from wildcard70 to wildcard57
[DEBUG] Dynamically added transition from wildcard70 to wildcard12
[DEBUG] Dynamically added transition from wildcard70 to wildcard56
[DEBUG] Dynamically added transition from wildcard70 to wildcard11
[DEBUG] Dynamically added transition from wildcard70 to wildcard55
[DEBUG] Dynamically added transition from wildcard70 to wildcard10
[DEBUG] Dynamically added transition from wildcard70 to wildcard54
[DEBUG] Dynamically added transition from wildcard70 to wildcard53
[DEBUG] Dynamically added transition from wildcard70 to start
[DEBUG] Dynamically added transition from wildcard70 to wildcard52
[DEBUG] Dynamically added transition from wildcard70 to wildcard51
[DEBUG] Dynamically added transition from wildcard70 to wildcard50
[INFO] Wildcard transition valid to state: wildcard70
[INFO] Wildcard transition detected from wildcard70 to wildcard71
[DEBUG] Created intermediate state for wildcard transition: wildcard71
[DEBUG] Dynamically added transition from wildcard70 to wildcard71
[DEBUG] Dynamically added transition from wildcard27 to wildcard71
[DEBUG] Dynamically added transition from wildcard26 to wildcard71
[DEBUG] Dynamically added transition from wildcard25 to wildcard71
[DEBUG] Dynamically added transition from wildcard69 to wildcard71
[DEBUG] Dynamically added transition from wildcard24 to wildcard71
[DEBUG] Dynamically added transition from wildcard68 to wildcard71
[DEBUG] Dynamically added transition from wildcard23 to wildcard71
[DEBUG] Dynamically added transition from wildcard67 to wildcard71
[DEBUG] Dynamically added transition from wildcard22 to wildcard71
[DEBUG] Dynamically added transition from wildcard66 to wildcard71
[DEBUG] Dynamically added transition from wildcard1 to wildcard71
[DEBUG] Dynamically added transition from wildcard21 to wildcard71
[DEBUG] Dynamically added transition from wildcard65 to wildcard71
[DEBUG] Dynamically added transition from wildcard0 to wildcard71
[DEBUG] Dynamically added transition from wildcard20 to wildcard71
[DEBUG] Dynamically added transition from wildcard64 to wildcard71
[DEBUG] Dynamically added transition from wildcard3 to wildcard71
[DEBUG] Dynamically added transition from wildcard63 to wildcard71
[DEBUG] Dynamically added transition from wildcard2 to wildcard71
[DEBUG] Dynamically added transition from wildcard62 to wildcard71
[DEBUG] Dynamically added transition from wildcard5 to wildcard71
[DEBUG] Dynamically added transition from wildcard61 to wildcard71
[DEBUG] Dynamically added transition from wildcard4 to wildcard71
[DEBUG] Dynamically added transition from wildcard60 to wildcard71
[DEBUG] Dynamically added transition from wildcard7 to wildcard71
[DEBUG] Dynamically added transition from wildcard6 to wildcard71
[DEBUG] Dynamically added transition from wildcard9 to wildcard71
[DEBUG] Dynamically added transition from wildcard8 to wildcard71
[DEBUG] Dynamically added transition from wildcard19 to wildcard71
[DEBUG] Dynamically added transition from wildcard18 to wildcard71
[DEBUG] Dynamically added transition from wildcard17 to wildcard71
[DEBUG] Dynamically added transition from wildcard38 to wildcard71
[DEBUG] Dynamically added transition from wildcard37 to wildcard71
[DEBUG] Dynamically added transition from wildcard36 to wildcard71
[DEBUG] Dynamically added transition from wildcard35 to wildcard71
[DEBUG] Dynamically added transition from wildcard34 to wildcard71
[DEBUG] Dynamically added transition from wildcard33 to wildcard71
[DEBUG] Dynamically added transition from wildcard32 to wildcard71
[DEBUG] Dynamically added transition from wildcard31 to wildcard71
[DEBUG] Dynamically added transition from wildcard30 to wildcard71
[DEBUG] Dynamically added transition from wildcard29 to wildcard71
[DEBUG] Dynamically added transition from wildcard28 to wildcard71
[DEBUG] Dynamically added transition from wildcard49 to wildcard71
[DEBUG] Dynamically added transition from wildcard48 to wildcard71
[DEBUG] Dynamically added transition from wildcard47 to wildcard71
[DEBUG] Dynamically added transition from wildcard46 to wildcard71
[DEBUG] Dynamically added transition from wildcard45 to wildcard71
[DEBUG] Dynamically added transition from wildcard44 to wildcard71
[DEBUG] Dynamically added transition from wildcard43 to wildcard71
[DEBUG] Dynamically added transition from wildcard42 to wildcard71
[DEBUG] Dynamically added transition from INITIAL to wildcard71
[DEBUG] Dynamically added transition from wildcard41 to wildcard71
[DEBUG] Dynamically added transition from wildcard40 to wildcard71
[DEBUG] Dynamically added transition from wildcard39 to wildcard71
[DEBUG] Dynamically added transition from wildcard16 to wildcard71
[DEBUG] Dynamically added transition from wildcard15 to wildcard71
[DEBUG] Dynamically added transition from wildcard59 to wildcard71
[DEBUG] Dynamically added transition from wildcard14 to wildcard71
[DEBUG] Dynamically added transition from wildcard58 to wildcard71
[DEBUG] Dynamically added transition from wildcard13 to wildcard71
[DEBUG] Dynamically added transition from wildcard57 to wildcard71
[DEBUG] Dynamically added transition from wildcard12 to wildcard71
[DEBUG] Dynamically added transition from wildcard56 to wildcard71
[DEBUG] Dynamically added transition from wildcard11 to wildcard71
[DEBUG] Dynamically added transition from wildcard55 to wildcard71
[DEBUG] Dynamically added transition from wildcard10 to wildcard71
[DEBUG] Dynamically added transition from wildcard54 to wildcard71
[DEBUG] Dynamically added transition from wildcard53 to wildcard71
[DEBUG] Dynamically added transition from start to wildcard71
[DEBUG] Dynamically added transition from wildcard52 to wildcard71
[DEBUG] Dynamically added transition from wildcard51 to wildcard71
[DEBUG] Dynamically added transition from wildcard50 to wildcard71
[DEBUG] Dynamically added transition from wildcard71 to wildcard27
[DEBUG] Dynamically added transition from wildcard71 to wildcard26
[DEBUG] Dynamically added transition from wildcard71 to wildcard25
[DEBUG] Dynamically added transition from wildcard71 to wildcard69
[DEBUG] Dynamically added transition from wildcard71 to wildcard24
[DEBUG] Dynamically added transition from wildcard71 to wildcard68
[DEBUG] Dynamically added transition from wildcard71 to wildcard23
[DEBUG] Dynamically added transition from wildcard71 to wildcard67
[DEBUG] Dynamically added transition from wildcard71 to wildcard22
[DEBUG] Dynamically added transition from wildcard71 to wildcard66
[DEBUG] Dynamically added transition from wildcard71 to wildcard1
[DEBUG] Dynamically added transition from wildcard71 to wildcard21
[DEBUG] Dynamically added transition from wildcard71 to wildcard65
[DEBUG] Dynamically added transition from wildcard71 to wildcard0
[DEBUG] Dynamically added transition from wildcard71 to wildcard20
[DEBUG] Dynamically added transition from wildcard71 to wildcard64
[DEBUG] Dynamically added transition from wildcard71 to wildcard3
[DEBUG] Dynamically added transition from wildcard71 to wildcard63
[DEBUG] Dynamically added transition from wildcard71 to wildcard2
[DEBUG] Dynamically added transition from wildcard71 to wildcard62
[DEBUG] Dynamically added transition from wildcard71 to wildcard5
[DEBUG] Dynamically added transition from wildcard71 to wildcard61
[DEBUG] Dynamically added transition from wildcard71 to wildcard4
[DEBUG] Dynamically added transition from wildcard71 to wildcard60
[DEBUG] Dynamically added transition from wildcard71 to wildcard7
[DEBUG] Dynamically added transition from wildcard71 to wildcard6
[DEBUG] Dynamically added transition from wildcard71 to wildcard9
[DEBUG] Dynamically added transition from wildcard71 to wildcard8
[DEBUG] Dynamically added transition from wildcard71 to wildcard19
[DEBUG] Dynamically added transition from wildcard71 to wildcard18
[DEBUG] Dynamically added transition from wildcard71 to wildcard17
[DEBUG] Dynamically added transition from wildcard71 to wildcard38
[DEBUG] Dynamically added transition from wildcard71 to wildcard37
[DEBUG] Dynamically added transition from wildcard71 to wildcard36
[DEBUG] Dynamically added transition from wildcard71 to wildcard35
[DEBUG] Dynamically added transition from wildcard71 to wildcard34
[DEBUG] Dynamically added transition from wildcard71 to wildcard33
[DEBUG] Dynamically added transition from wildcard71 to wildcard32
[DEBUG] Dynamically added transition from wildcard71 to wildcard31
[DEBUG] Dynamically added transition from wildcard71 to wildcard30
[DEBUG] Dynamically added transition from wildcard71 to wildcard71
[DEBUG] Dynamically added transition from wildcard71 to wildcard70
[DEBUG] Dynamically added transition from wildcard71 to .*
[DEBUG] Dynamically added transition from wildcard71 to wildcard29
[DEBUG] Dynamically added transition from wildcard71 to wildcard28
[DEBUG] Dynamically added transition from wildcard71 to wildcard49
[DEBUG] Dynamically added transition from wildcard71 to wildcard48
[DEBUG] Dynamically added transition from wildcard71 to wildcard47
[DEBUG] Dynamically added transition from wildcard71 to wildcard46
[DEBUG] Dynamically added transition from wildcard71 to wildcard45
[DEBUG] Dynamically added transition from wildcard71 to wildcard44
[DEBUG] Dynamically added transition from wildcard71 to wildcard43
[DEBUG] Dynamically added transition from wildcard71 to wildcard42
[DEBUG] Dynamically added transition from wildcard71 to INITIAL
[DEBUG] Dynamically added transition from wildcard71 to wildcard41
[DEBUG] Dynamically added transition from wildcard71 to wildcard40
[DEBUG] Dynamically added transition from wildcard71 to end
[DEBUG] Dynamically added transition from wildcard71 to wildcard39
[DEBUG] Dynamically added transition from wildcard71 to wildcard16
[DEBUG] Dynamically added transition from wildcard71 to wildcard15
[DEBUG] Dynamically added transition from wildcard71 to wildcard59
[DEBUG] Dynamically added transition from wildcard71 to wildcard14
[DEBUG] Dynamically added transition from wildcard71 to wildcard58
[DEBUG] Dynamically added transition from wildcard71 to middle
[DEBUG] Dynamically added transition from wildcard71 to wildcard13
[DEBUG] Dynamically added transition from wildcard71 to wildcard57
[DEBUG] Dynamically added transition from wildcard71 to wildcard12
[DEBUG] Dynamically added transition from wildcard71 to wildcard56
[DEBUG] Dynamically added transition from wildcard71 to wildcard11
[DEBUG] Dynamically added transition from wildcard71 to wildcard55
[DEBUG] Dynamically added transition from wildcard71 to wildcard10
[DEBUG] Dynamically added transition from wildcard71 to wildcard54
[DEBUG] Dynamically added transition from wildcard71 to wildcard53
[DEBUG] Dynamically added transition from wildcard71 to start
[DEBUG] Dynamically added transition from wildcard71 to wildcard52
[DEBUG] Dynamically added transition from wildcard71 to wildcard51
[DEBUG] Dynamically added transition from wildcard71 to wildcard50
[INFO] Wildcard transition valid to state: wildcard71
[INFO] Wildcard transition detected from wildcard71 to wildcard72
[DEBUG] Created intermediate state for wildcard transition: wildcard72
[DEBUG] Dynamically added transition from wildcard71 to wildcard72
[DEBUG] Dynamically added transition from wildcard27 to wildcard72
[DEBUG] Dynamically added transition from wildcard26 to wildcard72
[DEBUG] Dynamically added transition from wildcard25 to wildcard72
[DEBUG] Dynamically added transition from wildcard69 to wildcard72
[DEBUG] Dynamically added transition from wildcard24 to wildcard72
[DEBUG] Dynamically added transition from wildcard68 to wildcard72
[DEBUG] Dynamically added transition from wildcard23 to wildcard72
[DEBUG] Dynamically added transition from wildcard67 to wildcard72
[DEBUG] Dynamically added transition from wildcard22 to wildcard72
[DEBUG] Dynamically added transition from wildcard66 to wildcard72
[DEBUG] Dynamically added transition from wildcard1 to wildcard72
[DEBUG] Dynamically added transition from wildcard21 to wildcard72
[DEBUG] Dynamically added transition from wildcard65 to wildcard72
[DEBUG] Dynamically added transition from wildcard0 to wildcard72
[DEBUG] Dynamically added transition from wildcard20 to wildcard72
[DEBUG] Dynamically added transition from wildcard64 to wildcard72
[DEBUG] Dynamically added transition from wildcard3 to wildcard72
[DEBUG] Dynamically added transition from wildcard63 to wildcard72
[DEBUG] Dynamically added transition from wildcard2 to wildcard72
[DEBUG] Dynamically added transition from wildcard62 to wildcard72
[DEBUG] Dynamically added transition from wildcard5 to wildcard72
[DEBUG] Dynamically added transition from wildcard61 to wildcard72
[DEBUG] Dynamically added transition from wildcard4 to wildcard72
[DEBUG] Dynamically added transition from wildcard60 to wildcard72
[DEBUG] Dynamically added transition from wildcard7 to wildcard72
[DEBUG] Dynamically added transition from wildcard6 to wildcard72
[DEBUG] Dynamically added transition from wildcard9 to wildcard72
[DEBUG] Dynamically added transition from wildcard8 to wildcard72
[DEBUG] Dynamically added transition from wildcard19 to wildcard72
[DEBUG] Dynamically added transition from wildcard18 to wildcard72
[DEBUG] Dynamically added transition from wildcard17 to wildcard72
[DEBUG] Dynamically added transition from wildcard38 to wildcard72
[DEBUG] Dynamically added transition from wildcard37 to wildcard72
[DEBUG] Dynamically added transition from wildcard36 to wildcard72
[DEBUG] Dynamically added transition from wildcard35 to wildcard72
[DEBUG] Dynamically added transition from wildcard34 to wildcard72
[DEBUG] Dynamically added transition from wildcard33 to wildcard72
[DEBUG] Dynamically added transition from wildcard32 to wildcard72
[DEBUG] Dynamically added transition from wildcard31 to wildcard72
[DEBUG] Dynamically added transition from wildcard30 to wildcard72
[DEBUG] Dynamically added transition from wildcard70 to wildcard72
[DEBUG] Dynamically added transition from wildcard29 to wildcard72
[DEBUG] Dynamically added transition from wildcard28 to wildcard72
[DEBUG] Dynamically added transition from wildcard49 to wildcard72
[DEBUG] Dynamically added transition from wildcard48 to wildcard72
[DEBUG] Dynamically added transition from wildcard47 to wildcard72
[DEBUG] Dynamically added transition from wildcard46 to wildcard72
[DEBUG] Dynamically added transition from wildcard45 to wildcard72
[DEBUG] Dynamically added transition from wildcard44 to wildcard72
[DEBUG] Dynamically added transition from wildcard43 to wildcard72
[DEBUG] Dynamically added transition from wildcard42 to wildcard72
[DEBUG] Dynamically added transition from INITIAL to wildcard72
[DEBUG] Dynamically added transition from wildcard41 to wildcard72
[DEBUG] Dynamically added transition from wildcard40 to wildcard72
[DEBUG] Dynamically added transition from wildcard39 to wildcard72
[DEBUG] Dynamically added transition from wildcard16 to wildcard72
[DEBUG] Dynamically added transition from wildcard15 to wildcard72
[DEBUG] Dynamically added transition from wildcard59 to wildcard72
[DEBUG] Dynamically added transition from wildcard14 to wildcard72
[DEBUG] Dynamically added transition from wildcard58 to wildcard72
[DEBUG] Dynamically added transition from wildcard13 to wildcard72
[DEBUG] Dynamically added transition from wildcard57 to wildcard72
[DEBUG] Dynamically added transition from wildcard12 to wildcard72
[DEBUG] Dynamically added transition from wildcard56 to wildcard72
[DEBUG] Dynamically added transition from wildcard11 to wildcard72
[DEBUG] Dynamically added transition from wildcard55 to wildcard72
[DEBUG] Dynamically added transition from wildcard10 to wildcard72
[DEBUG] Dynamically added transition from wildcard54 to wildcard72
[DEBUG] Dynamically added transition from wildcard53 to wildcard72
[DEBUG] Dynamically added transition from start to wildcard72
[DEBUG] Dynamically added transition from wildcard52 to wildcard72
[DEBUG] Dynamically added transition from wildcard51 to wildcard72
[DEBUG] Dynamically added transition from wildcard50 to wildcard72
[DEBUG] Dynamically added transition from wildcard72 to wildcard27
[DEBUG] Dynamically added transition from wildcard72 to wildcard26
[DEBUG] Dynamically added transition from wildcard72 to wildcard25
[DEBUG] Dynamically added transition from wildcard72 to wildcard69
[DEBUG] Dynamically added transition from wildcard72 to wildcard24
[DEBUG] Dynamically added transition from wildcard72 to wildcard68
[DEBUG] Dynamically added transition from wildcard72 to wildcard23
[DEBUG] Dynamically added transition from wildcard72 to wildcard67
[DEBUG] Dynamically added transition from wildcard72 to wildcard22
[DEBUG] Dynamically added transition from wildcard72 to wildcard66
[DEBUG] Dynamically added transition from wildcard72 to wildcard1
[DEBUG] Dynamically added transition from wildcard72 to wildcard21
[DEBUG] Dynamically added transition from wildcard72 to wildcard65
[DEBUG] Dynamically added transition from wildcard72 to wildcard0
[DEBUG] Dynamically added transition from wildcard72 to wildcard20
[DEBUG] Dynamically added transition from wildcard72 to wildcard64
[DEBUG] Dynamically added transition from wildcard72 to wildcard3
[DEBUG] Dynamically added transition from wildcard72 to wildcard63
[DEBUG] Dynamically added transition from wildcard72 to wildcard2
[DEBUG] Dynamically added transition from wildcard72 to wildcard62
[DEBUG] Dynamically added transition from wildcard72 to wildcard5
[DEBUG] Dynamically added transition from wildcard72 to wildcard61
[DEBUG] Dynamically added transition from wildcard72 to wildcard4
[DEBUG] Dynamically added transition from wildcard72 to wildcard60
[DEBUG] Dynamically added transition from wildcard72 to wildcard7
[DEBUG] Dynamically added transition from wildcard72 to wildcard6
[DEBUG] Dynamically added transition from wildcard72 to wildcard9
[DEBUG] Dynamically added transition from wildcard72 to wildcard8
[DEBUG] Dynamically added transition from wildcard72 to wildcard19
[DEBUG] Dynamically added transition from wildcard72 to wildcard18
[DEBUG] Dynamically added transition from wildcard72 to wildcard17
[DEBUG] Dynamically added transition from wildcard72 to wildcard38
[DEBUG] Dynamically added transition from wildcard72 to wildcard37
[DEBUG] Dynamically added transition from wildcard72 to wildcard36
[DEBUG] Dynamically added transition from wildcard72 to wildcard35
[DEBUG] Dynamically added transition from wildcard72 to wildcard34
[DEBUG] Dynamically added transition from wildcard72 to wildcard33
[DEBUG] Dynamically added transition from wildcard72 to wildcard32
[DEBUG] Dynamically added transition from wildcard72 to wildcard31
[DEBUG] Dynamically added transition from wildcard72 to wildcard30
[DEBUG] Dynamically added transition from wildcard72 to wildcard72
[DEBUG] Dynamically added transition from wildcard72 to wildcard71
[DEBUG] Dynamically added transition from wildcard72 to wildcard70
[DEBUG] Dynamically added transition from wildcard72 to .*
[DEBUG] Dynamically added transition from wildcard72 to wildcard29
[DEBUG] Dynamically added transition from wildcard72 to wildcard28
[DEBUG] Dynamically added transition from wildcard72 to wildcard49
[DEBUG] Dynamically added transition from wildcard72 to wildcard48
[DEBUG] Dynamically added transition from wildcard72 to wildcard47
[DEBUG] Dynamically added transition from wildcard72 to wildcard46
[DEBUG] Dynamically added transition from wildcard72 to wildcard45
[DEBUG] Dynamically added transition from wildcard72 to wildcard44
[DEBUG] Dynamically added transition from wildcard72 to wildcard43
[DEBUG] Dynamically added transition from wildcard72 to wildcard42
[DEBUG] Dynamically added transition from wildcard72 to INITIAL
[DEBUG] Dynamically added transition from wildcard72 to wildcard41
[DEBUG] Dynamically added transition from wildcard72 to wildcard40
[DEBUG] Dynamically added transition from wildcard72 to end
[DEBUG] Dynamically added transition from wildcard72 to wildcard39
[DEBUG] Dynamically added transition from wildcard72 to wildcard16
[DEBUG] Dynamically added transition from wildcard72 to wildcard15
[DEBUG] Dynamically added transition from wildcard72 to wildcard59
[DEBUG] Dynamically added transition from wildcard72 to wildcard14
[DEBUG] Dynamically added transition from wildcard72 to wildcard58
[DEBUG] Dynamically added transition from wildcard72 to middle
[DEBUG] Dynamically added transition from wildcard72 to wildcard13
[DEBUG] Dynamically added transition from wildcard72 to wildcard57
[DEBUG] Dynamically added transition from wildcard72 to wildcard12
[DEBUG] Dynamically added transition from wildcard72 to wildcard56
[DEBUG] Dynamically added transition from wildcard72 to wildcard11
[DEBUG] Dynamically added transition from wildcard72 to wildcard55
[DEBUG] Dynamically added transition from wildcard72 to wildcard10
[DEBUG] Dynamically added transition from wildcard72 to wildcard54
[DEBUG] Dynamically added transition from wildcard72 to wildcard53
[DEBUG] Dynamically added transition from wildcard72 to start
[DEBUG] Dynamically added transition from wildcard72 to wildcard52
[DEBUG] Dynamically added transition from wildcard72 to wildcard51
[DEBUG] Dynamically added transition from wildcard72 to wildcard50
[INFO] Wildcard transition valid to state: wildcard72
[INFO] Wildcard transition detected from wildcard72 to wildcard73
[DEBUG] Created intermediate state for wildcard transition: wildcard73
[DEBUG] Dynamically added transition from wildcard72 to wildcard73
[DEBUG] Dynamically added transition from wildcard27 to wildcard73
[DEBUG] Dynamically added transition from wildcard26 to wildcard73
[DEBUG] Dynamically added transition from wildcard25 to wildcard73
[DEBUG] Dynamically added transition from wildcard69 to wildcard73
[DEBUG] Dynamically added transition from wildcard24 to wildcard73
[DEBUG] Dynamically added transition from wildcard68 to wildcard73
[DEBUG] Dynamically added transition from wildcard23 to wildcard73
[DEBUG] Dynamically added transition from wildcard67 to wildcard73
[DEBUG] Dynamically added transition from wildcard22 to wildcard73
[DEBUG] Dynamically added transition from wildcard66 to wildcard73
[DEBUG] Dynamically added transition from wildcard1 to wildcard73
[DEBUG] Dynamically added transition from wildcard21 to wildcard73
[DEBUG] Dynamically added transition from wildcard65 to wildcard73
[DEBUG] Dynamically added transition from wildcard0 to wildcard73
[DEBUG] Dynamically added transition from wildcard20 to wildcard73
[DEBUG] Dynamically added transition from wildcard64 to wildcard73
[DEBUG] Dynamically added transition from wildcard3 to wildcard73
[DEBUG] Dynamically added transition from wildcard63 to wildcard73
[DEBUG] Dynamically added transition from wildcard2 to wildcard73
[DEBUG] Dynamically added transition from wildcard62 to wildcard73
[DEBUG] Dynamically added transition from wildcard5 to wildcard73
[DEBUG] Dynamically added transition from wildcard61 to wildcard73
[DEBUG] Dynamically added transition from wildcard4 to wildcard73
[DEBUG] Dynamically added transition from wildcard60 to wildcard73
[DEBUG] Dynamically added transition from wildcard7 to wildcard73
[DEBUG] Dynamically added transition from wildcard6 to wildcard73
[DEBUG] Dynamically added transition from wildcard9 to wildcard73
[DEBUG] Dynamically added transition from wildcard8 to wildcard73
[DEBUG] Dynamically added transition from wildcard19 to wildcard73
[DEBUG] Dynamically added transition from wildcard18 to wildcard73
[DEBUG] Dynamically added transition from wildcard17 to wildcard73
[DEBUG] Dynamically added transition from wildcard38 to wildcard73
[DEBUG] Dynamically added transition from wildcard37 to wildcard73
[DEBUG] Dynamically added transition from wildcard36 to wildcard73
[DEBUG] Dynamically added transition from wildcard35 to wildcard73
[DEBUG] Dynamically added transition from wildcard34 to wildcard73
[DEBUG] Dynamically added transition from wildcard33 to wildcard73
[DEBUG] Dynamically added transition from wildcard32 to wildcard73
[DEBUG] Dynamically added transition from wildcard31 to wildcard73
[DEBUG] Dynamically added transition from wildcard30 to wildcard73
[DEBUG] Dynamically added transition from wildcard71 to wildcard73
[DEBUG] Dynamically added transition from wildcard70 to wildcard73
[DEBUG] Dynamically added transition from wildcard29 to wildcard73
[DEBUG] Dynamically added transition from wildcard28 to wildcard73
[DEBUG] Dynamically added transition from wildcard49 to wildcard73
[DEBUG] Dynamically added transition from wildcard48 to wildcard73
[DEBUG] Dynamically added transition from wildcard47 to wildcard73
[DEBUG] Dynamically added transition from wildcard46 to wildcard73
[DEBUG] Dynamically added transition from wildcard45 to wildcard73
[DEBUG] Dynamically added transition from wildcard44 to wildcard73
[DEBUG] Dynamically added transition from wildcard43 to wildcard73
[DEBUG] Dynamically added transition from wildcard42 to wildcard73
[DEBUG] Dynamically added transition from INITIAL to wildcard73
[DEBUG] Dynamically added transition from wildcard41 to wildcard73
[DEBUG] Dynamically added transition from wildcard40 to wildcard73
[DEBUG] Dynamically added transition from wildcard39 to wildcard73
[DEBUG] Dynamically added transition from wildcard16 to wildcard73
[DEBUG] Dynamically added transition from wildcard15 to wildcard73
[DEBUG] Dynamically added transition from wildcard59 to wildcard73
[DEBUG] Dynamically added transition from wildcard14 to wildcard73
[DEBUG] Dynamically added transition from wildcard58 to wildcard73
[DEBUG] Dynamically added transition from wildcard13 to wildcard73
[DEBUG] Dynamically added transition from wildcard57 to wildcard73
[DEBUG] Dynamically added transition from wildcard12 to wildcard73
[DEBUG] Dynamically added transition from wildcard56 to wildcard73
[DEBUG] Dynamically added transition from wildcard11 to wildcard73
[DEBUG] Dynamically added transition from wildcard55 to wildcard73
[DEBUG] Dynamically added transition from wildcard10 to wildcard73
[DEBUG] Dynamically added transition from wildcard54 to wildcard73
[DEBUG] Dynamically added transition from wildcard53 to wildcard73
[DEBUG] Dynamically added transition from start to wildcard73
[DEBUG] Dynamically added transition from wildcard52 to wildcard73
[DEBUG] Dynamically added transition from wildcard51 to wildcard73
[DEBUG] Dynamically added transition from wildcard50 to wildcard73
[DEBUG] Dynamically added transition from wildcard73 to wildcard27
[DEBUG] Dynamically added transition from wildcard73 to wildcard26
[DEBUG] Dynamically added transition from wildcard73 to wildcard25
[DEBUG] Dynamically added transition from wildcard73 to wildcard69
[DEBUG] Dynamically added transition from wildcard73 to wildcard24
[DEBUG] Dynamically added transition from wildcard73 to wildcard68
[DEBUG] Dynamically added transition from wildcard73 to wildcard23
[DEBUG] Dynamically added transition from wildcard73 to wildcard67
[DEBUG] Dynamically added transition from wildcard73 to wildcard22
[DEBUG] Dynamically added transition from wildcard73 to wildcard66
[DEBUG] Dynamically added transition from wildcard73 to wildcard1
[DEBUG] Dynamically added transition from wildcard73 to wildcard21
[DEBUG] Dynamically added transition from wildcard73 to wildcard65
[DEBUG] Dynamically added transition from wildcard73 to wildcard0
[DEBUG] Dynamically added transition from wildcard73 to wildcard20
[DEBUG] Dynamically added transition from wildcard73 to wildcard64
[DEBUG] Dynamically added transition from wildcard73 to wildcard3
[DEBUG] Dynamically added transition from wildcard73 to wildcard63
[DEBUG] Dynamically added transition from wildcard73 to wildcard2
[DEBUG] Dynamically added transition from wildcard73 to wildcard62
[DEBUG] Dynamically added transition from wildcard73 to wildcard5
[DEBUG] Dynamically added transition from wildcard73 to wildcard61
[DEBUG] Dynamically added transition from wildcard73 to wildcard4
[DEBUG] Dynamically added transition from wildcard73 to wildcard60
[DEBUG] Dynamically added transition from wildcard73 to wildcard7
[DEBUG] Dynamically added transition from wildcard73 to wildcard6
[DEBUG] Dynamically added transition from wildcard73 to wildcard9
[DEBUG] Dynamically added transition from wildcard73 to wildcard8
[DEBUG] Dynamically added transition from wildcard73 to wildcard19
[DEBUG] Dynamically added transition from wildcard73 to wildcard18
[DEBUG] Dynamically added transition from wildcard73 to wildcard17
[DEBUG] Dynamically added transition from wildcard73 to wildcard38
[DEBUG] Dynamically added transition from wildcard73 to wildcard37
[DEBUG] Dynamically added transition from wildcard73 to wildcard36
[DEBUG] Dynamically added transition from wildcard73 to wildcard35
[DEBUG] Dynamically added transition from wildcard73 to wildcard34
[DEBUG] Dynamically added transition from wildcard73 to wildcard33
[DEBUG] Dynamically added transition from wildcard73 to wildcard32
[DEBUG] Dynamically added transition from wildcard73 to wildcard31
[DEBUG] Dynamically added transition from wildcard73 to wildcard30
[DEBUG] Dynamically added transition from wildcard73 to wildcard73
[DEBUG] Dynamically added transition from wildcard73 to wildcard72
[DEBUG] Dynamically added transition from wildcard73 to wildcard71
[DEBUG] Dynamically added transition from wildcard73 to wildcard70
[DEBUG] Dynamically added transition from wildcard73 to .*
[DEBUG] Dynamically added transition from wildcard73 to wildcard29
[DEBUG] Dynamically added transition from wildcard73 to wildcard28
[DEBUG] Dynamically added transition from wildcard73 to wildcard49
[DEBUG] Dynamically added transition from wildcard73 to wildcard48
[DEBUG] Dynamically added transition from wildcard73 to wildcard47
[DEBUG] Dynamically added transition from wildcard73 to wildcard46
[DEBUG] Dynamically added transition from wildcard73 to wildcard45
[DEBUG] Dynamically added transition from wildcard73 to wildcard44
[DEBUG] Dynamically added transition from wildcard73 to wildcard43
[DEBUG] Dynamically added transition from wildcard73 to wildcard42
[DEBUG] Dynamically added transition from wildcard73 to INITIAL
[DEBUG] Dynamically added transition from wildcard73 to wildcard41
[DEBUG] Dynamically added transition from wildcard73 to wildcard40
[DEBUG] Dynamically added transition from wildcard73 to end
[DEBUG] Dynamically added transition from wildcard73 to wildcard39
[DEBUG] Dynamically added transition from wildcard73 to wildcard16
[DEBUG] Dynamically added transition from wildcard73 to wildcard15
[DEBUG] Dynamically added transition from wildcard73 to wildcard59
[DEBUG] Dynamically added transition from wildcard73 to wildcard14
[DEBUG] Dynamically added transition from wildcard73 to wildcard58
[DEBUG] Dynamically added transition from wildcard73 to middle
[DEBUG] Dynamically added transition from wildcard73 to wildcard13
[DEBUG] Dynamically added transition from wildcard73 to wildcard57
[DEBUG] Dynamically added transition from wildcard73 to wildcard12
[DEBUG] Dynamically added transition from wildcard73 to wildcard56
[DEBUG] Dynamically added transition from wildcard73 to wildcard11
[DEBUG] Dynamically added transition from wildcard73 to wildcard55
[DEBUG] Dynamically added transition from wildcard73 to wildcard10
[DEBUG] Dynamically added transition from wildcard73 to wildcard54
[DEBUG] Dynamically added transition from wildcard73 to wildcard53
[DEBUG] Dynamically added transition from wildcard73 to start
[DEBUG] Dynamically added transition from wildcard73 to wildcard52
[DEBUG] Dynamically added transition from wildcard73 to wildcard51
[DEBUG] Dynamically added transition from wildcard73 to wildcard50
[INFO] Wildcard transition valid to state: wildcard73
[INFO] Wildcard transition detected from wildcard73 to wildcard74
[DEBUG] Created intermediate state for wildcard transition: wildcard74
[DEBUG] Dynamically added transition from wildcard73 to wildcard74
[DEBUG] Dynamically added transition from wildcard27 to wildcard74
[DEBUG] Dynamically added transition from wildcard26 to wildcard74
[DEBUG] Dynamically added transition from wildcard25 to wildcard74
[DEBUG] Dynamically added transition from wildcard69 to wildcard74
[DEBUG] Dynamically added transition from wildcard24 to wildcard74
[DEBUG] Dynamically added transition from wildcard68 to wildcard74
[DEBUG] Dynamically added transition from wildcard23 to wildcard74
[DEBUG] Dynamically added transition from wildcard67 to wildcard74
[DEBUG] Dynamically added transition from wildcard22 to wildcard74
[DEBUG] Dynamically added transition from wildcard66 to wildcard74
[DEBUG] Dynamically added transition from wildcard1 to wildcard74
[DEBUG] Dynamically added transition from wildcard21 to wildcard74
[DEBUG] Dynamically added transition from wildcard65 to wildcard74
[DEBUG] Dynamically added transition from wildcard0 to wildcard74
[DEBUG] Dynamically added transition from wildcard20 to wildcard74
[DEBUG] Dynamically added transition from wildcard64 to wildcard74
[DEBUG] Dynamically added transition from wildcard3 to wildcard74
[DEBUG] Dynamically added transition from wildcard63 to wildcard74
[DEBUG] Dynamically added transition from wildcard2 to wildcard74
[DEBUG] Dynamically added transition from wildcard62 to wildcard74
[DEBUG] Dynamically added transition from wildcard5 to wildcard74
[DEBUG] Dynamically added transition from wildcard61 to wildcard74
[DEBUG] Dynamically added transition from wildcard4 to wildcard74
[DEBUG] Dynamically added transition from wildcard60 to wildcard74
[DEBUG] Dynamically added transition from wildcard7 to wildcard74
[DEBUG] Dynamically added transition from wildcard6 to wildcard74
[DEBUG] Dynamically added transition from wildcard9 to wildcard74
[DEBUG] Dynamically added transition from wildcard8 to wildcard74
[DEBUG] Dynamically added transition from wildcard19 to wildcard74
[DEBUG] Dynamically added transition from wildcard18 to wildcard74
[DEBUG] Dynamically added transition from wildcard17 to wildcard74
[DEBUG] Dynamically added transition from wildcard38 to wildcard74
[DEBUG] Dynamically added transition from wildcard37 to wildcard74
[DEBUG] Dynamically added transition from wildcard36 to wildcard74
[DEBUG] Dynamically added transition from wildcard35 to wildcard74
[DEBUG] Dynamically added transition from wildcard34 to wildcard74
[DEBUG] Dynamically added transition from wildcard33 to wildcard74
[DEBUG] Dynamically added transition from wildcard32 to wildcard74
[DEBUG] Dynamically added transition from wildcard31 to wildcard74
[DEBUG] Dynamically added transition from wildcard30 to wildcard74
[DEBUG] Dynamically added transition from wildcard72 to wildcard74
[DEBUG] Dynamically added transition from wildcard71 to wildcard74
[DEBUG] Dynamically added transition from wildcard70 to wildcard74
[DEBUG] Dynamically added transition from wildcard29 to wildcard74
[DEBUG] Dynamically added transition from wildcard28 to wildcard74
[DEBUG] Dynamically added transition from wildcard49 to wildcard74
[DEBUG] Dynamically added transition from wildcard48 to wildcard74
[DEBUG] Dynamically added transition from wildcard47 to wildcard74
[DEBUG] Dynamically added transition from wildcard46 to wildcard74
[DEBUG] Dynamically added transition from wildcard45 to wildcard74
[DEBUG] Dynamically added transition from wildcard44 to wildcard74
[DEBUG] Dynamically added transition from wildcard43 to wildcard74
[DEBUG] Dynamically added transition from wildcard42 to wildcard74
[DEBUG] Dynamically added transition from INITIAL to wildcard74
[DEBUG] Dynamically added transition from wildcard41 to wildcard74
[DEBUG] Dynamically added transition from wildcard40 to wildcard74
[DEBUG] Dynamically added transition from wildcard39 to wildcard74
[DEBUG] Dynamically added transition from wildcard16 to wildcard74
[DEBUG] Dynamically added transition from wildcard15 to wildcard74
[DEBUG] Dynamically added transition from wildcard59 to wildcard74
[DEBUG] Dynamically added transition from wildcard14 to wildcard74
[DEBUG] Dynamically added transition from wildcard58 to wildcard74
[DEBUG] Dynamically added transition from wildcard13 to wildcard74
[DEBUG] Dynamically added transition from wildcard57 to wildcard74
[DEBUG] Dynamically added transition from wildcard12 to wildcard74
[DEBUG] Dynamically added transition from wildcard56 to wildcard74
[DEBUG] Dynamically added transition from wildcard11 to wildcard74
[DEBUG] Dynamically added transition from wildcard55 to wildcard74
[DEBUG] Dynamically added transition from wildcard10 to wildcard74
[DEBUG] Dynamically added transition from wildcard54 to wildcard74
[DEBUG] Dynamically added transition from wildcard53 to wildcard74
[DEBUG] Dynamically added transition from start to wildcard74
[DEBUG] Dynamically added transition from wildcard52 to wildcard74
[DEBUG] Dynamically added transition from wildcard51 to wildcard74
[DEBUG] Dynamically added transition from wildcard50 to wildcard74
[DEBUG] Dynamically added transition from wildcard74 to wildcard27
[DEBUG] Dynamically added transition from wildcard74 to wildcard26
[DEBUG] Dynamically added transition from wildcard74 to wildcard25
[DEBUG] Dynamically added transition from wildcard74 to wildcard69
[DEBUG] Dynamically added transition from wildcard74 to wildcard24
[DEBUG] Dynamically added transition from wildcard74 to wildcard68
[DEBUG] Dynamically added transition from wildcard74 to wildcard23
[DEBUG] Dynamically added transition from wildcard74 to wildcard67
[DEBUG] Dynamically added transition from wildcard74 to wildcard22
[DEBUG] Dynamically added transition from wildcard74 to wildcard66
[DEBUG] Dynamically added transition from wildcard74 to wildcard1
[DEBUG] Dynamically added transition from wildcard74 to wildcard21
[DEBUG] Dynamically added transition from wildcard74 to wildcard65
[DEBUG] Dynamically added transition from wildcard74 to wildcard0
[DEBUG] Dynamically added transition from wildcard74 to wildcard20
[DEBUG] Dynamically added transition from wildcard74 to wildcard64
[DEBUG] Dynamically added transition from wildcard74 to wildcard3
[DEBUG] Dynamically added transition from wildcard74 to wildcard63
[DEBUG] Dynamically added transition from wildcard74 to wildcard2
[DEBUG] Dynamically added transition from wildcard74 to wildcard62
[DEBUG] Dynamically added transition from wildcard74 to wildcard5
[DEBUG] Dynamically added transition from wildcard74 to wildcard61
[DEBUG] Dynamically added transition from wildcard74 to wildcard4
[DEBUG] Dynamically added transition from wildcard74 to wildcard60
[DEBUG] Dynamically added transition from wildcard74 to wildcard7
[DEBUG] Dynamically added transition from wildcard74 to wildcard6
[DEBUG] Dynamically added transition from wildcard74 to wildcard9
[DEBUG] Dynamically added transition from wildcard74 to wildcard8
[DEBUG] Dynamically added transition from wildcard74 to wildcard19
[DEBUG] Dynamically added transition from wildcard74 to wildcard18
[DEBUG] Dynamically added transition from wildcard74 to wildcard17
[DEBUG] Dynamically added transition from wildcard74 to wildcard38
[DEBUG] Dynamically added transition from wildcard74 to wildcard37
[DEBUG] Dynamically added transition from wildcard74 to wildcard36
[DEBUG] Dynamically added transition from wildcard74 to wildcard35
[DEBUG] Dynamically added transition from wildcard74 to wildcard34
[DEBUG] Dynamically added transition from wildcard74 to wildcard33
[DEBUG] Dynamically added transition from wildcard74 to wildcard32
[DEBUG] Dynamically added transition from wildcard74 to wildcard31
[DEBUG] Dynamically added transition from wildcard74 to wildcard30
[DEBUG] Dynamically added transition from wildcard74 to wildcard74
[DEBUG] Dynamically added transition from wildcard74 to wildcard73
[DEBUG] Dynamically added transition from wildcard74 to wildcard72
[DEBUG] Dynamically added transition from wildcard74 to wildcard71
[DEBUG] Dynamically added transition from wildcard74 to wildcard70
[DEBUG] Dynamically added transition from wildcard74 to .*
[DEBUG] Dynamically added transition from wildcard74 to wildcard29
[DEBUG] Dynamically added transition from wildcard74 to wildcard28
[DEBUG] Dynamically added transition from wildcard74 to wildcard49
[DEBUG] Dynamically added transition from wildcard74 to wildcard48
[DEBUG] Dynamically added transition from wildcard74 to wildcard47
[DEBUG] Dynamically added transition from wildcard74 to wildcard46
[DEBUG] Dynamically added transition from wildcard74 to wildcard45
[DEBUG] Dynamically added transition from wildcard74 to wildcard44
[DEBUG] Dynamically added transition from wildcard74 to wildcard43
[DEBUG] Dynamically added transition from wildcard74 to wildcard42
[DEBUG] Dynamically added transition from wildcard74 to INITIAL
[DEBUG] Dynamically added transition from wildcard74 to wildcard41
[DEBUG] Dynamically added transition from wildcard74 to wildcard40
[DEBUG] Dynamically added transition from wildcard74 to end
[DEBUG] Dynamically added transition from wildcard74 to wildcard39
[DEBUG] Dynamically added transition from wildcard74 to wildcard16
[DEBUG] Dynamically added transition from wildcard74 to wildcard15
[DEBUG] Dynamically added transition from wildcard74 to wildcard59
[DEBUG] Dynamically added transition from wildcard74 to wildcard14
[DEBUG] Dynamically added transition from wildcard74 to wildcard58
[DEBUG] Dynamically added transition from wildcard74 to middle
[DEBUG] Dynamically added transition from wildcard74 to wildcard13
[DEBUG] Dynamically added transition from wildcard74 to wildcard57
[DEBUG] Dynamically added transition from wildcard74 to wildcard12
[DEBUG] Dynamically added transition from wildcard74 to wildcard56
[DEBUG] Dynamically added transition from wildcard74 to wildcard11
[DEBUG] Dynamically added transition from wildcard74 to wildcard55
[DEBUG] Dynamically added transition from wildcard74 to wildcard10
[DEBUG] Dynamically added transition from wildcard74 to wildcard54
[DEBUG] Dynamically added transition from wildcard74 to wildcard53
[DEBUG] Dynamically added transition from wildcard74 to start
[DEBUG] Dynamically added transition from wildcard74 to wildcard52
[DEBUG] Dynamically added transition from wildcard74 to wildcard51
[DEBUG] Dynamically added transition from wildcard74 to wildcard50
[INFO] Wildcard transition valid to state: wildcard74
[INFO] Wildcard transition detected from wildcard74 to wildcard75
[DEBUG] Created intermediate state for wildcard transition: wildcard75
[DEBUG] Dynamically added transition from wildcard74 to wildcard75
[DEBUG] Dynamically added transition from wildcard27 to wildcard75
[DEBUG] Dynamically added transition from wildcard26 to wildcard75
[DEBUG] Dynamically added transition from wildcard25 to wildcard75
[DEBUG] Dynamically added transition from wildcard69 to wildcard75
[DEBUG] Dynamically added transition from wildcard24 to wildcard75
[DEBUG] Dynamically added transition from wildcard68 to wildcard75
[DEBUG] Dynamically added transition from wildcard23 to wildcard75
[DEBUG] Dynamically added transition from wildcard67 to wildcard75
[DEBUG] Dynamically added transition from wildcard22 to wildcard75
[DEBUG] Dynamically added transition from wildcard66 to wildcard75
[DEBUG] Dynamically added transition from wildcard1 to wildcard75
[DEBUG] Dynamically added transition from wildcard21 to wildcard75
[DEBUG] Dynamically added transition from wildcard65 to wildcard75
[DEBUG] Dynamically added transition from wildcard0 to wildcard75
[DEBUG] Dynamically added transition from wildcard20 to wildcard75
[DEBUG] Dynamically added transition from wildcard64 to wildcard75
[DEBUG] Dynamically added transition from wildcard3 to wildcard75
[DEBUG] Dynamically added transition from wildcard63 to wildcard75
[DEBUG] Dynamically added transition from wildcard2 to wildcard75
[DEBUG] Dynamically added transition from wildcard62 to wildcard75
[DEBUG] Dynamically added transition from wildcard5 to wildcard75
[DEBUG] Dynamically added transition from wildcard61 to wildcard75
[DEBUG] Dynamically added transition from wildcard4 to wildcard75
[DEBUG] Dynamically added transition from wildcard60 to wildcard75
[DEBUG] Dynamically added transition from wildcard7 to wildcard75
[DEBUG] Dynamically added transition from wildcard6 to wildcard75
[DEBUG] Dynamically added transition from wildcard9 to wildcard75
[DEBUG] Dynamically added transition from wildcard8 to wildcard75
[DEBUG] Dynamically added transition from wildcard19 to wildcard75
[DEBUG] Dynamically added transition from wildcard18 to wildcard75
[DEBUG] Dynamically added transition from wildcard17 to wildcard75
[DEBUG] Dynamically added transition from wildcard38 to wildcard75
[DEBUG] Dynamically added transition from wildcard37 to wildcard75
[DEBUG] Dynamically added transition from wildcard36 to wildcard75
[DEBUG] Dynamically added transition from wildcard35 to wildcard75
[DEBUG] Dynamically added transition from wildcard34 to wildcard75
[DEBUG] Dynamically added transition from wildcard33 to wildcard75
[DEBUG] Dynamically added transition from wildcard32 to wildcard75
[DEBUG] Dynamically added transition from wildcard31 to wildcard75
[DEBUG] Dynamically added transition from wildcard30 to wildcard75
[DEBUG] Dynamically added transition from wildcard73 to wildcard75
[DEBUG] Dynamically added transition from wildcard72 to wildcard75
[DEBUG] Dynamically added transition from wildcard71 to wildcard75
[DEBUG] Dynamically added transition from wildcard70 to wildcard75
[DEBUG] Dynamically added transition from wildcard29 to wildcard75
[DEBUG] Dynamically added transition from wildcard28 to wildcard75
[DEBUG] Dynamically added transition from wildcard49 to wildcard75
[DEBUG] Dynamically added transition from wildcard48 to wildcard75
[DEBUG] Dynamically added transition from wildcard47 to wildcard75
[DEBUG] Dynamically added transition from wildcard46 to wildcard75
[DEBUG] Dynamically added transition from wildcard45 to wildcard75
[DEBUG] Dynamically added transition from wildcard44 to wildcard75
[DEBUG] Dynamically added transition from wildcard43 to wildcard75
[DEBUG] Dynamically added transition from wildcard42 to wildcard75
[DEBUG] Dynamically added transition from INITIAL to wildcard75
[DEBUG] Dynamically added transition from wildcard41 to wildcard75
[DEBUG] Dynamically added transition from wildcard40 to wildcard75
[DEBUG] Dynamically added transition from wildcard39 to wildcard75
[DEBUG] Dynamically added transition from wildcard16 to wildcard75
[DEBUG] Dynamically added transition from wildcard15 to wildcard75
[DEBUG] Dynamically added transition from wildcard59 to wildcard75
[DEBUG] Dynamically added transition from wildcard14 to wildcard75
[DEBUG] Dynamically added transition from wildcard58 to wildcard75
[DEBUG] Dynamically added transition from wildcard13 to wildcard75
[DEBUG] Dynamically added transition from wildcard57 to wildcard75
[DEBUG] Dynamically added transition from wildcard12 to wildcard75
[DEBUG] Dynamically added transition from wildcard56 to wildcard75
[DEBUG] Dynamically added transition from wildcard11 to wildcard75
[DEBUG] Dynamically added transition from wildcard55 to wildcard75
[DEBUG] Dynamically added transition from wildcard10 to wildcard75
[DEBUG] Dynamically added transition from wildcard54 to wildcard75
[DEBUG] Dynamically added transition from wildcard53 to wildcard75
[DEBUG] Dynamically added transition from start to wildcard75
[DEBUG] Dynamically added transition from wildcard52 to wildcard75
[DEBUG] Dynamically added transition from wildcard51 to wildcard75
[DEBUG] Dynamically added transition from wildcard50 to wildcard75
[DEBUG] Dynamically added transition from wildcard75 to wildcard27
[DEBUG] Dynamically added transition from wildcard75 to wildcard26
[DEBUG] Dynamically added transition from wildcard75 to wildcard25
[DEBUG] Dynamically added transition from wildcard75 to wildcard69
[DEBUG] Dynamically added transition from wildcard75 to wildcard24
[DEBUG] Dynamically added transition from wildcard75 to wildcard68
[DEBUG] Dynamically added transition from wildcard75 to wildcard23
[DEBUG] Dynamically added transition from wildcard75 to wildcard67
[DEBUG] Dynamically added transition from wildcard75 to wildcard22
[DEBUG] Dynamically added transition from wildcard75 to wildcard66
[DEBUG] Dynamically added transition from wildcard75 to wildcard1
[DEBUG] Dynamically added transition from wildcard75 to wildcard21
[DEBUG] Dynamically added transition from wildcard75 to wildcard65
[DEBUG] Dynamically added transition from wildcard75 to wildcard0
[DEBUG] Dynamically added transition from wildcard75 to wildcard20
[DEBUG] Dynamically added transition from wildcard75 to wildcard64
[DEBUG] Dynamically added transition from wildcard75 to wildcard3
[DEBUG] Dynamically added transition from wildcard75 to wildcard63
[DEBUG] Dynamically added transition from wildcard75 to wildcard2
[DEBUG] Dynamically added transition from wildcard75 to wildcard62
[DEBUG] Dynamically added transition from wildcard75 to wildcard5
[DEBUG] Dynamically added transition from wildcard75 to wildcard61
[DEBUG] Dynamically added transition from wildcard75 to wildcard4
[DEBUG] Dynamically added transition from wildcard75 to wildcard60
[DEBUG] Dynamically added transition from wildcard75 to wildcard7
[DEBUG] Dynamically added transition from wildcard75 to wildcard6
[DEBUG] Dynamically added transition from wildcard75 to wildcard9
[DEBUG] Dynamically added transition from wildcard75 to wildcard8
[DEBUG] Dynamically added transition from wildcard75 to wildcard19
[DEBUG] Dynamically added transition from wildcard75 to wildcard18
[DEBUG] Dynamically added transition from wildcard75 to wildcard17
[DEBUG] Dynamically added transition from wildcard75 to wildcard38
[DEBUG] Dynamically added transition from wildcard75 to wildcard37
[DEBUG] Dynamically added transition from wildcard75 to wildcard36
[DEBUG] Dynamically added transition from wildcard75 to wildcard35
[DEBUG] Dynamically added transition from wildcard75 to wildcard34
[DEBUG] Dynamically added transition from wildcard75 to wildcard33
[DEBUG] Dynamically added transition from wildcard75 to wildcard32
[DEBUG] Dynamically added transition from wildcard75 to wildcard31
[DEBUG] Dynamically added transition from wildcard75 to wildcard75
[DEBUG] Dynamically added transition from wildcard75 to wildcard30
[DEBUG] Dynamically added transition from wildcard75 to wildcard74
[DEBUG] Dynamically added transition from wildcard75 to wildcard73
[DEBUG] Dynamically added transition from wildcard75 to wildcard72
[DEBUG] Dynamically added transition from wildcard75 to wildcard71
[DEBUG] Dynamically added transition from wildcard75 to wildcard70
[DEBUG] Dynamically added transition from wildcard75 to .*
[DEBUG] Dynamically added transition from wildcard75 to wildcard29
[DEBUG] Dynamically added transition from wildcard75 to wildcard28
[DEBUG] Dynamically added transition from wildcard75 to wildcard49
[DEBUG] Dynamically added transition from wildcard75 to wildcard48
[DEBUG] Dynamically added transition from wildcard75 to wildcard47
[DEBUG] Dynamically added transition from wildcard75 to wildcard46
[DEBUG] Dynamically added transition from wildcard75 to wildcard45
[DEBUG] Dynamically added transition from wildcard75 to wildcard44
[DEBUG] Dynamically added transition from wildcard75 to wildcard43
[DEBUG] Dynamically added transition from wildcard75 to wildcard42
[DEBUG] Dynamically added transition from wildcard75 to INITIAL
[DEBUG] Dynamically added transition from wildcard75 to wildcard41
[DEBUG] Dynamically added transition from wildcard75 to wildcard40
[DEBUG] Dynamically added transition from wildcard75 to end
[DEBUG] Dynamically added transition from wildcard75 to wildcard39
[DEBUG] Dynamically added transition from wildcard75 to wildcard16
[DEBUG] Dynamically added transition from wildcard75 to wildcard15
[DEBUG] Dynamically added transition from wildcard75 to wildcard59
[DEBUG] Dynamically added transition from wildcard75 to wildcard14
[DEBUG] Dynamically added transition from wildcard75 to wildcard58
[DEBUG] Dynamically added transition from wildcard75 to middle
[DEBUG] Dynamically added transition from wildcard75 to wildcard13
[DEBUG] Dynamically added transition from wildcard75 to wildcard57
[DEBUG] Dynamically added transition from wildcard75 to wildcard12
[DEBUG] Dynamically added transition from wildcard75 to wildcard56
[DEBUG] Dynamically added transition from wildcard75 to wildcard11
[DEBUG] Dynamically added transition from wildcard75 to wildcard55
[DEBUG] Dynamically added transition from wildcard75 to wildcard10
[DEBUG] Dynamically added transition from wildcard75 to wildcard54
[DEBUG] Dynamically added transition from wildcard75 to wildcard53
[DEBUG] Dynamically added transition from wildcard75 to start
[DEBUG] Dynamically added transition from wildcard75 to wildcard52
[DEBUG] Dynamically added transition from wildcard75 to wildcard51
[DEBUG] Dynamically added transition from wildcard75 to wildcard50
[INFO] Wildcard transition valid to state: wildcard75
[INFO] Wildcard transition detected from wildcard75 to wildcard76
[DEBUG] Created intermediate state for wildcard transition: wildcard76
[DEBUG] Dynamically added transition from wildcard75 to wildcard76
[DEBUG] Dynamically added transition from wildcard27 to wildcard76
[DEBUG] Dynamically added transition from wildcard26 to wildcard76
[DEBUG] Dynamically added transition from wildcard25 to wildcard76
[DEBUG] Dynamically added transition from wildcard69 to wildcard76
[DEBUG] Dynamically added transition from wildcard24 to wildcard76
[DEBUG] Dynamically added transition from wildcard68 to wildcard76
[DEBUG] Dynamically added transition from wildcard23 to wildcard76
[DEBUG] Dynamically added transition from wildcard67 to wildcard76
[DEBUG] Dynamically added transition from wildcard22 to wildcard76
[DEBUG] Dynamically added transition from wildcard66 to wildcard76
[DEBUG] Dynamically added transition from wildcard1 to wildcard76
[DEBUG] Dynamically added transition from wildcard21 to wildcard76
[DEBUG] Dynamically added transition from wildcard65 to wildcard76
[DEBUG] Dynamically added transition from wildcard0 to wildcard76
[DEBUG] Dynamically added transition from wildcard20 to wildcard76
[DEBUG] Dynamically added transition from wildcard64 to wildcard76
[DEBUG] Dynamically added transition from wildcard3 to wildcard76
[DEBUG] Dynamically added transition from wildcard63 to wildcard76
[DEBUG] Dynamically added transition from wildcard2 to wildcard76
[DEBUG] Dynamically added transition from wildcard62 to wildcard76
[DEBUG] Dynamically added transition from wildcard5 to wildcard76
[DEBUG] Dynamically added transition from wildcard61 to wildcard76
[DEBUG] Dynamically added transition from wildcard4 to wildcard76
[DEBUG] Dynamically added transition from wildcard60 to wildcard76
[DEBUG] Dynamically added transition from wildcard7 to wildcard76
[DEBUG] Dynamically added transition from wildcard6 to wildcard76
[DEBUG] Dynamically added transition from wildcard9 to wildcard76
[DEBUG] Dynamically added transition from wildcard8 to wildcard76
[DEBUG] Dynamically added transition from wildcard19 to wildcard76
[DEBUG] Dynamically added transition from wildcard18 to wildcard76
[DEBUG] Dynamically added transition from wildcard17 to wildcard76
[DEBUG] Dynamically added transition from wildcard38 to wildcard76
[DEBUG] Dynamically added transition from wildcard37 to wildcard76
[DEBUG] Dynamically added transition from wildcard36 to wildcard76
[DEBUG] Dynamically added transition from wildcard35 to wildcard76
[DEBUG] Dynamically added transition from wildcard34 to wildcard76
[DEBUG] Dynamically added transition from wildcard33 to wildcard76
[DEBUG] Dynamically added transition from wildcard32 to wildcard76
[DEBUG] Dynamically added transition from wildcard31 to wildcard76
[DEBUG] Dynamically added transition from wildcard30 to wildcard76
[DEBUG] Dynamically added transition from wildcard74 to wildcard76
[DEBUG] Dynamically added transition from wildcard73 to wildcard76
[DEBUG] Dynamically added transition from wildcard72 to wildcard76
[DEBUG] Dynamically added transition from wildcard71 to wildcard76
[DEBUG] Dynamically added transition from wildcard70 to wildcard76
[DEBUG] Dynamically added transition from wildcard29 to wildcard76
[DEBUG] Dynamically added transition from wildcard28 to wildcard76
[DEBUG] Dynamically added transition from wildcard49 to wildcard76
[DEBUG] Dynamically added transition from wildcard48 to wildcard76
[DEBUG] Dynamically added transition from wildcard47 to wildcard76
[DEBUG] Dynamically added transition from wildcard46 to wildcard76
[DEBUG] Dynamically added transition from wildcard45 to wildcard76
[DEBUG] Dynamically added transition from wildcard44 to wildcard76
[DEBUG] Dynamically added transition from wildcard43 to wildcard76
[DEBUG] Dynamically added transition from wildcard42 to wildcard76
[DEBUG] Dynamically added transition from INITIAL to wildcard76
[DEBUG] Dynamically added transition from wildcard41 to wildcard76
[DEBUG] Dynamically added transition from wildcard40 to wildcard76
[DEBUG] Dynamically added transition from wildcard39 to wildcard76
[DEBUG] Dynamically added transition from wildcard16 to wildcard76
[DEBUG] Dynamically added transition from wildcard15 to wildcard76
[DEBUG] Dynamically added transition from wildcard59 to wildcard76
[DEBUG] Dynamically added transition from wildcard14 to wildcard76
[DEBUG] Dynamically added transition from wildcard58 to wildcard76
[DEBUG] Dynamically added transition from wildcard13 to wildcard76
[DEBUG] Dynamically added transition from wildcard57 to wildcard76
[DEBUG] Dynamically added transition from wildcard12 to wildcard76
[DEBUG] Dynamically added transition from wildcard56 to wildcard76
[DEBUG] Dynamically added transition from wildcard11 to wildcard76
[DEBUG] Dynamically added transition from wildcard55 to wildcard76
[DEBUG] Dynamically added transition from wildcard10 to wildcard76
[DEBUG] Dynamically added transition from wildcard54 to wildcard76
[DEBUG] Dynamically added transition from wildcard53 to wildcard76
[DEBUG] Dynamically added transition from start to wildcard76
[DEBUG] Dynamically added transition from wildcard52 to wildcard76
[DEBUG] Dynamically added transition from wildcard51 to wildcard76
[DEBUG] Dynamically added transition from wildcard50 to wildcard76
[DEBUG] Dynamically added transition from wildcard76 to wildcard27
[DEBUG] Dynamically added transition from wildcard76 to wildcard26
[DEBUG] Dynamically added transition from wildcard76 to wildcard25
[DEBUG] Dynamically added transition from wildcard76 to wildcard69
[DEBUG] Dynamically added transition from wildcard76 to wildcard24
[DEBUG] Dynamically added transition from wildcard76 to wildcard68
[DEBUG] Dynamically added transition from wildcard76 to wildcard23
[DEBUG] Dynamically added transition from wildcard76 to wildcard67
[DEBUG] Dynamically added transition from wildcard76 to wildcard22
[DEBUG] Dynamically added transition from wildcard76 to wildcard66
[DEBUG] Dynamically added transition from wildcard76 to wildcard1
[DEBUG] Dynamically added transition from wildcard76 to wildcard21
[DEBUG] Dynamically added transition from wildcard76 to wildcard65
[DEBUG] Dynamically added transition from wildcard76 to wildcard0
[DEBUG] Dynamically added transition from wildcard76 to wildcard20
[DEBUG] Dynamically added transition from wildcard76 to wildcard64
[DEBUG] Dynamically added transition from wildcard76 to wildcard3
[DEBUG] Dynamically added transition from wildcard76 to wildcard63
[DEBUG] Dynamically added transition from wildcard76 to wildcard2
[DEBUG] Dynamically added transition from wildcard76 to wildcard62
[DEBUG] Dynamically added transition from wildcard76 to wildcard5
[DEBUG] Dynamically added transition from wildcard76 to wildcard61
[DEBUG] Dynamically added transition from wildcard76 to wildcard4
[DEBUG] Dynamically added transition from wildcard76 to wildcard60
[DEBUG] Dynamically added transition from wildcard76 to wildcard7
[DEBUG] Dynamically added transition from wildcard76 to wildcard6
[DEBUG] Dynamically added transition from wildcard76 to wildcard9
[DEBUG] Dynamically added transition from wildcard76 to wildcard8
[DEBUG] Dynamically added transition from wildcard76 to wildcard19
[DEBUG] Dynamically added transition from wildcard76 to wildcard18
[DEBUG] Dynamically added transition from wildcard76 to wildcard17
[DEBUG] Dynamically added transition from wildcard76 to wildcard38
[DEBUG] Dynamically added transition from wildcard76 to wildcard37
[DEBUG] Dynamically added transition from wildcard76 to wildcard36
[DEBUG] Dynamically added transition from wildcard76 to wildcard35
[DEBUG] Dynamically added transition from wildcard76 to wildcard34
[DEBUG] Dynamically added transition from wildcard76 to wildcard33
[DEBUG] Dynamically added transition from wildcard76 to wildcard32
[DEBUG] Dynamically added transition from wildcard76 to wildcard76
[DEBUG] Dynamically added transition from wildcard76 to wildcard31
[DEBUG] Dynamically added transition from wildcard76 to wildcard75
[DEBUG] Dynamically added transition from wildcard76 to wildcard30
[DEBUG] Dynamically added transition from wildcard76 to wildcard74
[DEBUG] Dynamically added transition from wildcard76 to wildcard73
[DEBUG] Dynamically added transition from wildcard76 to wildcard72
[DEBUG] Dynamically added transition from wildcard76 to wildcard71
[DEBUG] Dynamically added transition from wildcard76 to wildcard70
[DEBUG] Dynamically added transition from wildcard76 to .*
[DEBUG] Dynamically added transition from wildcard76 to wildcard29
[DEBUG] Dynamically added transition from wildcard76 to wildcard28
[DEBUG] Dynamically added transition from wildcard76 to wildcard49
[DEBUG] Dynamically added transition from wildcard76 to wildcard48
[DEBUG] Dynamically added transition from wildcard76 to wildcard47
[DEBUG] Dynamically added transition from wildcard76 to wildcard46
[DEBUG] Dynamically added transition from wildcard76 to wildcard45
[DEBUG] Dynamically added transition from wildcard76 to wildcard44
[DEBUG] Dynamically added transition from wildcard76 to wildcard43
[DEBUG] Dynamically added transition from wildcard76 to wildcard42
[DEBUG] Dynamically added transition from wildcard76 to INITIAL
[DEBUG] Dynamically added transition from wildcard76 to wildcard41
[DEBUG] Dynamically added transition from wildcard76 to wildcard40
[DEBUG] Dynamically added transition from wildcard76 to end
[DEBUG] Dynamically added transition from wildcard76 to wildcard39
[DEBUG] Dynamically added transition from wildcard76 to wildcard16
[DEBUG] Dynamically added transition from wildcard76 to wildcard15
[DEBUG] Dynamically added transition from wildcard76 to wildcard59
[DEBUG] Dynamically added transition from wildcard76 to wildcard14
[DEBUG] Dynamically added transition from wildcard76 to wildcard58
[DEBUG] Dynamically added transition from wildcard76 to middle
[DEBUG] Dynamically added transition from wildcard76 to wildcard13
[DEBUG] Dynamically added transition from wildcard76 to wildcard57
[DEBUG] Dynamically added transition from wildcard76 to wildcard12
[DEBUG] Dynamically added transition from wildcard76 to wildcard56
[DEBUG] Dynamically added transition from wildcard76 to wildcard11
[DEBUG] Dynamically added transition from wildcard76 to wildcard55
[DEBUG] Dynamically added transition from wildcard76 to wildcard10
[DEBUG] Dynamically added transition from wildcard76 to wildcard54
[DEBUG] Dynamically added transition from wildcard76 to wildcard53
[DEBUG] Dynamically added transition from wildcard76 to start
[DEBUG] Dynamically added transition from wildcard76 to wildcard52
[DEBUG] Dynamically added transition from wildcard76 to wildcard51
[DEBUG] Dynamically added transition from wildcard76 to wildcard50
[INFO] Wildcard transition valid to state: wildcard76
[INFO] Wildcard transition detected from wildcard76 to wildcard77
[DEBUG] Created intermediate state for wildcard transition: wildcard77
[DEBUG] Dynamically added transition from wildcard76 to wildcard77
[DEBUG] Dynamically added transition from wildcard27 to wildcard77
[DEBUG] Dynamically added transition from wildcard26 to wildcard77
[DEBUG] Dynamically added transition from wildcard25 to wildcard77
[DEBUG] Dynamically added transition from wildcard69 to wildcard77
[DEBUG] Dynamically added transition from wildcard24 to wildcard77
[DEBUG] Dynamically added transition from wildcard68 to wildcard77
[DEBUG] Dynamically added transition from wildcard23 to wildcard77
[DEBUG] Dynamically added transition from wildcard67 to wildcard77
[DEBUG] Dynamically added transition from wildcard22 to wildcard77
[DEBUG] Dynamically added transition from wildcard66 to wildcard77
[DEBUG] Dynamically added transition from wildcard1 to wildcard77
[DEBUG] Dynamically added transition from wildcard21 to wildcard77
[DEBUG] Dynamically added transition from wildcard65 to wildcard77
[DEBUG] Dynamically added transition from wildcard0 to wildcard77
[DEBUG] Dynamically added transition from wildcard20 to wildcard77
[DEBUG] Dynamically added transition from wildcard64 to wildcard77
[DEBUG] Dynamically added transition from wildcard3 to wildcard77
[DEBUG] Dynamically added transition from wildcard63 to wildcard77
[DEBUG] Dynamically added transition from wildcard2 to wildcard77
[DEBUG] Dynamically added transition from wildcard62 to wildcard77
[DEBUG] Dynamically added transition from wildcard5 to wildcard77
[DEBUG] Dynamically added transition from wildcard61 to wildcard77
[DEBUG] Dynamically added transition from wildcard4 to wildcard77
[DEBUG] Dynamically added transition from wildcard60 to wildcard77
[DEBUG] Dynamically added transition from wildcard7 to wildcard77
[DEBUG] Dynamically added transition from wildcard6 to wildcard77
[DEBUG] Dynamically added transition from wildcard9 to wildcard77
[DEBUG] Dynamically added transition from wildcard8 to wildcard77
[DEBUG] Dynamically added transition from wildcard19 to wildcard77
[DEBUG] Dynamically added transition from wildcard18 to wildcard77
[DEBUG] Dynamically added transition from wildcard17 to wildcard77
[DEBUG] Dynamically added transition from wildcard38 to wildcard77
[DEBUG] Dynamically added transition from wildcard37 to wildcard77
[DEBUG] Dynamically added transition from wildcard36 to wildcard77
[DEBUG] Dynamically added transition from wildcard35 to wildcard77
[DEBUG] Dynamically added transition from wildcard34 to wildcard77
[DEBUG] Dynamically added transition from wildcard33 to wildcard77
[DEBUG] Dynamically added transition from wildcard32 to wildcard77
[DEBUG] Dynamically added transition from wildcard31 to wildcard77
[DEBUG] Dynamically added transition from wildcard75 to wildcard77
[DEBUG] Dynamically added transition from wildcard30 to wildcard77
[DEBUG] Dynamically added transition from wildcard74 to wildcard77
[DEBUG] Dynamically added transition from wildcard73 to wildcard77
[DEBUG] Dynamically added transition from wildcard72 to wildcard77
[DEBUG] Dynamically added transition from wildcard71 to wildcard77
[DEBUG] Dynamically added transition from wildcard70 to wildcard77
[DEBUG] Dynamically added transition from wildcard29 to wildcard77
[DEBUG] Dynamically added transition from wildcard28 to wildcard77
[DEBUG] Dynamically added transition from wildcard49 to wildcard77
[DEBUG] Dynamically added transition from wildcard48 to wildcard77
[DEBUG] Dynamically added transition from wildcard47 to wildcard77
[DEBUG] Dynamically added transition from wildcard46 to wildcard77
[DEBUG] Dynamically added transition from wildcard45 to wildcard77
[DEBUG] Dynamically added transition from wildcard44 to wildcard77
[DEBUG] Dynamically added transition from wildcard43 to wildcard77
[DEBUG] Dynamically added transition from wildcard42 to wildcard77
[DEBUG] Dynamically added transition from INITIAL to wildcard77
[DEBUG] Dynamically added transition from wildcard41 to wildcard77
[DEBUG] Dynamically added transition from wildcard40 to wildcard77
[DEBUG] Dynamically added transition from wildcard39 to wildcard77
[DEBUG] Dynamically added transition from wildcard16 to wildcard77
[DEBUG] Dynamically added transition from wildcard15 to wildcard77
[DEBUG] Dynamically added transition from wildcard59 to wildcard77
[DEBUG] Dynamically added transition from wildcard14 to wildcard77
[DEBUG] Dynamically added transition from wildcard58 to wildcard77
[DEBUG] Dynamically added transition from wildcard13 to wildcard77
[DEBUG] Dynamically added transition from wildcard57 to wildcard77
[DEBUG] Dynamically added transition from wildcard12 to wildcard77
[DEBUG] Dynamically added transition from wildcard56 to wildcard77
[DEBUG] Dynamically added transition from wildcard11 to wildcard77
[DEBUG] Dynamically added transition from wildcard55 to wildcard77
[DEBUG] Dynamically added transition from wildcard10 to wildcard77
[DEBUG] Dynamically added transition from wildcard54 to wildcard77
[DEBUG] Dynamically added transition from wildcard53 to wildcard77
[DEBUG] Dynamically added transition from start to wildcard77
[DEBUG] Dynamically added transition from wildcard52 to wildcard77
[DEBUG] Dynamically added transition from wildcard51 to wildcard77
[DEBUG] Dynamically added transition from wildcard50 to wildcard77
[DEBUG] Dynamically added transition from wildcard77 to wildcard27
[DEBUG] Dynamically added transition from wildcard77 to wildcard26
[DEBUG] Dynamically added transition from wildcard77 to wildcard25
[DEBUG] Dynamically added transition from wildcard77 to wildcard69
[DEBUG] Dynamically added transition from wildcard77 to wildcard24
[DEBUG] Dynamically added transition from wildcard77 to wildcard68
[DEBUG] Dynamically added transition from wildcard77 to wildcard23
[DEBUG] Dynamically added transition from wildcard77 to wildcard67
[DEBUG] Dynamically added transition from wildcard77 to wildcard22
[DEBUG] Dynamically added transition from wildcard77 to wildcard66
[DEBUG] Dynamically added transition from wildcard77 to wildcard1
[DEBUG] Dynamically added transition from wildcard77 to wildcard21
[DEBUG] Dynamically added transition from wildcard77 to wildcard65
[DEBUG] Dynamically added transition from wildcard77 to wildcard0
[DEBUG] Dynamically added transition from wildcard77 to wildcard20
[DEBUG] Dynamically added transition from wildcard77 to wildcard64
[DEBUG] Dynamically added transition from wildcard77 to wildcard3
[DEBUG] Dynamically added transition from wildcard77 to wildcard63
[DEBUG] Dynamically added transition from wildcard77 to wildcard2
[DEBUG] Dynamically added transition from wildcard77 to wildcard62
[DEBUG] Dynamically added transition from wildcard77 to wildcard5
[DEBUG] Dynamically added transition from wildcard77 to wildcard61
[DEBUG] Dynamically added transition from wildcard77 to wildcard4
[DEBUG] Dynamically added transition from wildcard77 to wildcard60
[DEBUG] Dynamically added transition from wildcard77 to wildcard7
[DEBUG] Dynamically added transition from wildcard77 to wildcard6
[DEBUG] Dynamically added transition from wildcard77 to wildcard9
[DEBUG] Dynamically added transition from wildcard77 to wildcard8
[DEBUG] Dynamically added transition from wildcard77 to wildcard19
[DEBUG] Dynamically added transition from wildcard77 to wildcard18
[DEBUG] Dynamically added transition from wildcard77 to wildcard17
[DEBUG] Dynamically added transition from wildcard77 to wildcard38
[DEBUG] Dynamically added transition from wildcard77 to wildcard37
[DEBUG] Dynamically added transition from wildcard77 to wildcard36
[DEBUG] Dynamically added transition from wildcard77 to wildcard35
[DEBUG] Dynamically added transition from wildcard77 to wildcard34
[DEBUG] Dynamically added transition from wildcard77 to wildcard33
[DEBUG] Dynamically added transition from wildcard77 to wildcard77
[DEBUG] Dynamically added transition from wildcard77 to wildcard32
[DEBUG] Dynamically added transition from wildcard77 to wildcard76
[DEBUG] Dynamically added transition from wildcard77 to wildcard31
[DEBUG] Dynamically added transition from wildcard77 to wildcard75
[DEBUG] Dynamically added transition from wildcard77 to wildcard30
[DEBUG] Dynamically added transition from wildcard77 to wildcard74
[DEBUG] Dynamically added transition from wildcard77 to wildcard73
[DEBUG] Dynamically added transition from wildcard77 to wildcard72
[DEBUG] Dynamically added transition from wildcard77 to wildcard71
[DEBUG] Dynamically added transition from wildcard77 to wildcard70
[DEBUG] Dynamically added transition from wildcard77 to .*
[DEBUG] Dynamically added transition from wildcard77 to wildcard29
[DEBUG] Dynamically added transition from wildcard77 to wildcard28
[DEBUG] Dynamically added transition from wildcard77 to wildcard49
[DEBUG] Dynamically added transition from wildcard77 to wildcard48
[DEBUG] Dynamically added transition from wildcard77 to wildcard47
[DEBUG] Dynamically added transition from wildcard77 to wildcard46
[DEBUG] Dynamically added transition from wildcard77 to wildcard45
[DEBUG] Dynamically added transition from wildcard77 to wildcard44
[DEBUG] Dynamically added transition from wildcard77 to wildcard43
[DEBUG] Dynamically added transition from wildcard77 to wildcard42
[DEBUG] Dynamically added transition from wildcard77 to INITIAL
[DEBUG] Dynamically added transition from wildcard77 to wildcard41
[DEBUG] Dynamically added transition from wildcard77 to wildcard40
[DEBUG] Dynamically added transition from wildcard77 to end
[DEBUG] Dynamically added transition from wildcard77 to wildcard39
[DEBUG] Dynamically added transition from wildcard77 to wildcard16
[DEBUG] Dynamically added transition from wildcard77 to wildcard15
[DEBUG] Dynamically added transition from wildcard77 to wildcard59
[DEBUG] Dynamically added transition from wildcard77 to wildcard14
[DEBUG] Dynamically added transition from wildcard77 to wildcard58
[DEBUG] Dynamically added transition from wildcard77 to middle
[DEBUG] Dynamically added transition from wildcard77 to wildcard13
[DEBUG] Dynamically added transition from wildcard77 to wildcard57
[DEBUG] Dynamically added transition from wildcard77 to wildcard12
[DEBUG] Dynamically added transition from wildcard77 to wildcard56
[DEBUG] Dynamically added transition from wildcard77 to wildcard11
[DEBUG] Dynamically added transition from wildcard77 to wildcard55
[DEBUG] Dynamically added transition from wildcard77 to wildcard10
[DEBUG] Dynamically added transition from wildcard77 to wildcard54
[DEBUG] Dynamically added transition from wildcard77 to wildcard53
[DEBUG] Dynamically added transition from wildcard77 to start
[DEBUG] Dynamically added transition from wildcard77 to wildcard52
[DEBUG] Dynamically added transition from wildcard77 to wildcard51
[DEBUG] Dynamically added transition from wildcard77 to wildcard50
[INFO] Wildcard transition valid to state: wildcard77
[INFO] Wildcard transition detected from wildcard77 to wildcard78
[DEBUG] Created intermediate state for wildcard transition: wildcard78
[DEBUG] Dynamically added transition from wildcard77 to wildcard78
[DEBUG] Dynamically added transition from wildcard27 to wildcard78
[DEBUG] Dynamically added transition from wildcard26 to wildcard78
[DEBUG] Dynamically added transition from wildcard25 to wildcard78
[DEBUG] Dynamically added transition from wildcard69 to wildcard78
[DEBUG] Dynamically added transition from wildcard24 to wildcard78
[DEBUG] Dynamically added transition from wildcard68 to wildcard78
[DEBUG] Dynamically added transition from wildcard23 to wildcard78
[DEBUG] Dynamically added transition from wildcard67 to wildcard78
[DEBUG] Dynamically added transition from wildcard22 to wildcard78
[DEBUG] Dynamically added transition from wildcard66 to wildcard78
[DEBUG] Dynamically added transition from wildcard1 to wildcard78
[DEBUG] Dynamically added transition from wildcard21 to wildcard78
[DEBUG] Dynamically added transition from wildcard65 to wildcard78
[DEBUG] Dynamically added transition from wildcard0 to wildcard78
[DEBUG] Dynamically added transition from wildcard20 to wildcard78
[DEBUG] Dynamically added transition from wildcard64 to wildcard78
[DEBUG] Dynamically added transition from wildcard3 to wildcard78
[DEBUG] Dynamically added transition from wildcard63 to wildcard78
[DEBUG] Dynamically added transition from wildcard2 to wildcard78
[DEBUG] Dynamically added transition from wildcard62 to wildcard78
[DEBUG] Dynamically added transition from wildcard5 to wildcard78
[DEBUG] Dynamically added transition from wildcard61 to wildcard78
[DEBUG] Dynamically added transition from wildcard4 to wildcard78
[DEBUG] Dynamically added transition from wildcard60 to wildcard78
[DEBUG] Dynamically added transition from wildcard7 to wildcard78
[DEBUG] Dynamically added transition from wildcard6 to wildcard78
[DEBUG] Dynamically added transition from wildcard9 to wildcard78
[DEBUG] Dynamically added transition from wildcard8 to wildcard78
[DEBUG] Dynamically added transition from wildcard19 to wildcard78
[DEBUG] Dynamically added transition from wildcard18 to wildcard78
[DEBUG] Dynamically added transition from wildcard17 to wildcard78
[DEBUG] Dynamically added transition from wildcard38 to wildcard78
[DEBUG] Dynamically added transition from wildcard37 to wildcard78
[DEBUG] Dynamically added transition from wildcard36 to wildcard78
[DEBUG] Dynamically added transition from wildcard35 to wildcard78
[DEBUG] Dynamically added transition from wildcard34 to wildcard78
[DEBUG] Dynamically added transition from wildcard33 to wildcard78
[DEBUG] Dynamically added transition from wildcard32 to wildcard78
[DEBUG] Dynamically added transition from wildcard76 to wildcard78
[DEBUG] Dynamically added transition from wildcard31 to wildcard78
[DEBUG] Dynamically added transition from wildcard75 to wildcard78
[DEBUG] Dynamically added transition from wildcard30 to wildcard78
[DEBUG] Dynamically added transition from wildcard74 to wildcard78
[DEBUG] Dynamically added transition from wildcard73 to wildcard78
[DEBUG] Dynamically added transition from wildcard72 to wildcard78
[DEBUG] Dynamically added transition from wildcard71 to wildcard78
[DEBUG] Dynamically added transition from wildcard70 to wildcard78
[DEBUG] Dynamically added transition from wildcard29 to wildcard78
[DEBUG] Dynamically added transition from wildcard28 to wildcard78
[DEBUG] Dynamically added transition from wildcard49 to wildcard78
[DEBUG] Dynamically added transition from wildcard48 to wildcard78
[DEBUG] Dynamically added transition from wildcard47 to wildcard78
[DEBUG] Dynamically added transition from wildcard46 to wildcard78
[DEBUG] Dynamically added transition from wildcard45 to wildcard78
[DEBUG] Dynamically added transition from wildcard44 to wildcard78
[DEBUG] Dynamically added transition from wildcard43 to wildcard78
[DEBUG] Dynamically added transition from wildcard42 to wildcard78
[DEBUG] Dynamically added transition from INITIAL to wildcard78
[DEBUG] Dynamically added transition from wildcard41 to wildcard78
[DEBUG] Dynamically added transition from wildcard40 to wildcard78
[DEBUG] Dynamically added transition from wildcard39 to wildcard78
[DEBUG] Dynamically added transition from wildcard16 to wildcard78
[DEBUG] Dynamically added transition from wildcard15 to wildcard78
[DEBUG] Dynamically added transition from wildcard59 to wildcard78
[DEBUG] Dynamically added transition from wildcard14 to wildcard78
[DEBUG] Dynamically added transition from wildcard58 to wildcard78
[DEBUG] Dynamically added transition from wildcard13 to wildcard78
[DEBUG] Dynamically added transition from wildcard57 to wildcard78
[DEBUG] Dynamically added transition from wildcard12 to wildcard78
[DEBUG] Dynamically added transition from wildcard56 to wildcard78
[DEBUG] Dynamically added transition from wildcard11 to wildcard78
[DEBUG] Dynamically added transition from wildcard55 to wildcard78
[DEBUG] Dynamically added transition from wildcard10 to wildcard78
[DEBUG] Dynamically added transition from wildcard54 to wildcard78
[DEBUG] Dynamically added transition from wildcard53 to wildcard78
[DEBUG] Dynamically added transition from start to wildcard78
[DEBUG] Dynamically added transition from wildcard52 to wildcard78
[DEBUG] Dynamically added transition from wildcard51 to wildcard78
[DEBUG] Dynamically added transition from wildcard50 to wildcard78
[DEBUG] Dynamically added transition from wildcard78 to wildcard27
[DEBUG] Dynamically added transition from wildcard78 to wildcard26
[DEBUG] Dynamically added transition from wildcard78 to wildcard25
[DEBUG] Dynamically added transition from wildcard78 to wildcard69
[DEBUG] Dynamically added transition from wildcard78 to wildcard24
[DEBUG] Dynamically added transition from wildcard78 to wildcard68
[DEBUG] Dynamically added transition from wildcard78 to wildcard23
[DEBUG] Dynamically added transition from wildcard78 to wildcard67
[DEBUG] Dynamically added transition from wildcard78 to wildcard22
[DEBUG] Dynamically added transition from wildcard78 to wildcard66
[DEBUG] Dynamically added transition from wildcard78 to wildcard1
[DEBUG] Dynamically added transition from wildcard78 to wildcard21
[DEBUG] Dynamically added transition from wildcard78 to wildcard65
[DEBUG] Dynamically added transition from wildcard78 to wildcard0
[DEBUG] Dynamically added transition from wildcard78 to wildcard20
[DEBUG] Dynamically added transition from wildcard78 to wildcard64
[DEBUG] Dynamically added transition from wildcard78 to wildcard3
[DEBUG] Dynamically added transition from wildcard78 to wildcard63
[DEBUG] Dynamically added transition from wildcard78 to wildcard2
[DEBUG] Dynamically added transition from wildcard78 to wildcard62
[DEBUG] Dynamically added transition from wildcard78 to wildcard5
[DEBUG] Dynamically added transition from wildcard78 to wildcard61
[DEBUG] Dynamically added transition from wildcard78 to wildcard4
[DEBUG] Dynamically added transition from wildcard78 to wildcard60
[DEBUG] Dynamically added transition from wildcard78 to wildcard7
[DEBUG] Dynamically added transition from wildcard78 to wildcard6
[DEBUG] Dynamically added transition from wildcard78 to wildcard9
[DEBUG] Dynamically added transition from wildcard78 to wildcard8
[DEBUG] Dynamically added transition from wildcard78 to wildcard19
[DEBUG] Dynamically added transition from wildcard78 to wildcard18
[DEBUG] Dynamically added transition from wildcard78 to wildcard17
[DEBUG] Dynamically added transition from wildcard78 to wildcard38
[DEBUG] Dynamically added transition from wildcard78 to wildcard37
[DEBUG] Dynamically added transition from wildcard78 to wildcard36
[DEBUG] Dynamically added transition from wildcard78 to wildcard35
[DEBUG] Dynamically added transition from wildcard78 to wildcard34
[DEBUG] Dynamically added transition from wildcard78 to wildcard78
[DEBUG] Dynamically added transition from wildcard78 to wildcard33
[DEBUG] Dynamically added transition from wildcard78 to wildcard77
[DEBUG] Dynamically added transition from wildcard78 to wildcard32
[DEBUG] Dynamically added transition from wildcard78 to wildcard76
[DEBUG] Dynamically added transition from wildcard78 to wildcard31
[DEBUG] Dynamically added transition from wildcard78 to wildcard75
[DEBUG] Dynamically added transition from wildcard78 to wildcard30
[DEBUG] Dynamically added transition from wildcard78 to wildcard74
[DEBUG] Dynamically added transition from wildcard78 to wildcard73
[DEBUG] Dynamically added transition from wildcard78 to wildcard72
[DEBUG] Dynamically added transition from wildcard78 to wildcard71
[DEBUG] Dynamically added transition from wildcard78 to wildcard70
[DEBUG] Dynamically added transition from wildcard78 to .*
[DEBUG] Dynamically added transition from wildcard78 to wildcard29
[DEBUG] Dynamically added transition from wildcard78 to wildcard28
[DEBUG] Dynamically added transition from wildcard78 to wildcard49
[DEBUG] Dynamically added transition from wildcard78 to wildcard48
[DEBUG] Dynamically added transition from wildcard78 to wildcard47
[DEBUG] Dynamically added transition from wildcard78 to wildcard46
[DEBUG] Dynamically added transition from wildcard78 to wildcard45
[DEBUG] Dynamically added transition from wildcard78 to wildcard44
[DEBUG] Dynamically added transition from wildcard78 to wildcard43
[DEBUG] Dynamically added transition from wildcard78 to wildcard42
[DEBUG] Dynamically added transition from wildcard78 to INITIAL
[DEBUG] Dynamically added transition from wildcard78 to wildcard41
[DEBUG] Dynamically added transition from wildcard78 to wildcard40
[DEBUG] Dynamically added transition from wildcard78 to end
[DEBUG] Dynamically added transition from wildcard78 to wildcard39
[DEBUG] Dynamically added transition from wildcard78 to wildcard16
[DEBUG] Dynamically added transition from wildcard78 to wildcard15
[DEBUG] Dynamically added transition from wildcard78 to wildcard59
[DEBUG] Dynamically added transition from wildcard78 to wildcard14
[DEBUG] Dynamically added transition from wildcard78 to wildcard58
[DEBUG] Dynamically added transition from wildcard78 to middle
[DEBUG] Dynamically added transition from wildcard78 to wildcard13
[DEBUG] Dynamically added transition from wildcard78 to wildcard57
[DEBUG] Dynamically added transition from wildcard78 to wildcard12
[DEBUG] Dynamically added transition from wildcard78 to wildcard56
[DEBUG] Dynamically added transition from wildcard78 to wildcard11
[DEBUG] Dynamically added transition from wildcard78 to wildcard55
[DEBUG] Dynamically added transition from wildcard78 to wildcard10
[DEBUG] Dynamically added transition from wildcard78 to wildcard54
[DEBUG] Dynamically added transition from wildcard78 to wildcard53
[DEBUG] Dynamically added transition from wildcard78 to start
[DEBUG] Dynamically added transition from wildcard78 to wildcard52
[DEBUG] Dynamically added transition from wildcard78 to wildcard51
[DEBUG] Dynamically added transition from wildcard78 to wildcard50
[INFO] Wildcard transition valid to state: wildcard78
[INFO] Wildcard transition detected from wildcard78 to wildcard79
[DEBUG] Created intermediate state for wildcard transition: wildcard79
[DEBUG] Dynamically added transition from wildcard78 to wildcard79
[DEBUG] Dynamically added transition from wildcard27 to wildcard79
[DEBUG] Dynamically added transition from wildcard26 to wildcard79
[DEBUG] Dynamically added transition from wildcard25 to wildcard79
[DEBUG] Dynamically added transition from wildcard69 to wildcard79
[DEBUG] Dynamically added transition from wildcard24 to wildcard79
[DEBUG] Dynamically added transition from wildcard68 to wildcard79
[DEBUG] Dynamically added transition from wildcard23 to wildcard79
[DEBUG] Dynamically added transition from wildcard67 to wildcard79
[DEBUG] Dynamically added transition from wildcard22 to wildcard79
[DEBUG] Dynamically added transition from wildcard66 to wildcard79
[DEBUG] Dynamically added transition from wildcard1 to wildcard79
[DEBUG] Dynamically added transition from wildcard21 to wildcard79
[DEBUG] Dynamically added transition from wildcard65 to wildcard79
[DEBUG] Dynamically added transition from wildcard0 to wildcard79
[DEBUG] Dynamically added transition from wildcard20 to wildcard79
[DEBUG] Dynamically added transition from wildcard64 to wildcard79
[DEBUG] Dynamically added transition from wildcard3 to wildcard79
[DEBUG] Dynamically added transition from wildcard63 to wildcard79
[DEBUG] Dynamically added transition from wildcard2 to wildcard79
[DEBUG] Dynamically added transition from wildcard62 to wildcard79
[DEBUG] Dynamically added transition from wildcard5 to wildcard79
[DEBUG] Dynamically added transition from wildcard61 to wildcard79
[DEBUG] Dynamically added transition from wildcard4 to wildcard79
[DEBUG] Dynamically added transition from wildcard60 to wildcard79
[DEBUG] Dynamically added transition from wildcard7 to wildcard79
[DEBUG] Dynamically added transition from wildcard6 to wildcard79
[DEBUG] Dynamically added transition from wildcard9 to wildcard79
[DEBUG] Dynamically added transition from wildcard8 to wildcard79
[DEBUG] Dynamically added transition from wildcard19 to wildcard79
[DEBUG] Dynamically added transition from wildcard18 to wildcard79
[DEBUG] Dynamically added transition from wildcard17 to wildcard79
[DEBUG] Dynamically added transition from wildcard38 to wildcard79
[DEBUG] Dynamically added transition from wildcard37 to wildcard79
[DEBUG] Dynamically added transition from wildcard36 to wildcard79
[DEBUG] Dynamically added transition from wildcard35 to wildcard79
[DEBUG] Dynamically added transition from wildcard34 to wildcard79
[DEBUG] Dynamically added transition from wildcard33 to wildcard79
[DEBUG] Dynamically added transition from wildcard77 to wildcard79
[DEBUG] Dynamically added transition from wildcard32 to wildcard79
[DEBUG] Dynamically added transition from wildcard76 to wildcard79
[DEBUG] Dynamically added transition from wildcard31 to wildcard79
[DEBUG] Dynamically added transition from wildcard75 to wildcard79
[DEBUG] Dynamically added transition from wildcard30 to wildcard79
[DEBUG] Dynamically added transition from wildcard74 to wildcard79
[DEBUG] Dynamically added transition from wildcard73 to wildcard79
[DEBUG] Dynamically added transition from wildcard72 to wildcard79
[DEBUG] Dynamically added transition from wildcard71 to wildcard79
[DEBUG] Dynamically added transition from wildcard70 to wildcard79
[DEBUG] Dynamically added transition from wildcard29 to wildcard79
[DEBUG] Dynamically added transition from wildcard28 to wildcard79
[DEBUG] Dynamically added transition from wildcard49 to wildcard79
[DEBUG] Dynamically added transition from wildcard48 to wildcard79
[DEBUG] Dynamically added transition from wildcard47 to wildcard79
[DEBUG] Dynamically added transition from wildcard46 to wildcard79
[DEBUG] Dynamically added transition from wildcard45 to wildcard79
[DEBUG] Dynamically added transition from wildcard44 to wildcard79
[DEBUG] Dynamically added transition from wildcard43 to wildcard79
[DEBUG] Dynamically added transition from wildcard42 to wildcard79
[DEBUG] Dynamically added transition from INITIAL to wildcard79
[DEBUG] Dynamically added transition from wildcard41 to wildcard79
[DEBUG] Dynamically added transition from wildcard40 to wildcard79
[DEBUG] Dynamically added transition from wildcard39 to wildcard79
[DEBUG] Dynamically added transition from wildcard16 to wildcard79
[DEBUG] Dynamically added transition from wildcard15 to wildcard79
[DEBUG] Dynamically added transition from wildcard59 to wildcard79
[DEBUG] Dynamically added transition from wildcard14 to wildcard79
[DEBUG] Dynamically added transition from wildcard58 to wildcard79
[DEBUG] Dynamically added transition from wildcard13 to wildcard79
[DEBUG] Dynamically added transition from wildcard57 to wildcard79
[DEBUG] Dynamically added transition from wildcard12 to wildcard79
[DEBUG] Dynamically added transition from wildcard56 to wildcard79
[DEBUG] Dynamically added transition from wildcard11 to wildcard79
[DEBUG] Dynamically added transition from wildcard55 to wildcard79
[DEBUG] Dynamically added transition from wildcard10 to wildcard79
[DEBUG] Dynamically added transition from wildcard54 to wildcard79
[DEBUG] Dynamically added transition from wildcard53 to wildcard79
[DEBUG] Dynamically added transition from start to wildcard79
[DEBUG] Dynamically added transition from wildcard52 to wildcard79
[DEBUG] Dynamically added transition from wildcard51 to wildcard79
[DEBUG] Dynamically added transition from wildcard50 to wildcard79
[DEBUG] Dynamically added transition from wildcard79 to wildcard27
[DEBUG] Dynamically added transition from wildcard79 to wildcard26
[DEBUG] Dynamically added transition from wildcard79 to wildcard25
[DEBUG] Dynamically added transition from wildcard79 to wildcard69
[DEBUG] Dynamically added transition from wildcard79 to wildcard24
[DEBUG] Dynamically added transition from wildcard79 to wildcard68
[DEBUG] Dynamically added transition from wildcard79 to wildcard23
[DEBUG] Dynamically added transition from wildcard79 to wildcard67
[DEBUG] Dynamically added transition from wildcard79 to wildcard22
[DEBUG] Dynamically added transition from wildcard79 to wildcard66
[DEBUG] Dynamically added transition from wildcard79 to wildcard1
[DEBUG] Dynamically added transition from wildcard79 to wildcard21
[DEBUG] Dynamically added transition from wildcard79 to wildcard65
[DEBUG] Dynamically added transition from wildcard79 to wildcard0
[DEBUG] Dynamically added transition from wildcard79 to wildcard20
[DEBUG] Dynamically added transition from wildcard79 to wildcard64
[DEBUG] Dynamically added transition from wildcard79 to wildcard3
[DEBUG] Dynamically added transition from wildcard79 to wildcard63
[DEBUG] Dynamically added transition from wildcard79 to wildcard2
[DEBUG] Dynamically added transition from wildcard79 to wildcard62
[DEBUG] Dynamically added transition from wildcard79 to wildcard5
[DEBUG] Dynamically added transition from wildcard79 to wildcard61
[DEBUG] Dynamically added transition from wildcard79 to wildcard4
[DEBUG] Dynamically added transition from wildcard79 to wildcard60
[DEBUG] Dynamically added transition from wildcard79 to wildcard7
[DEBUG] Dynamically added transition from wildcard79 to wildcard6
[DEBUG] Dynamically added transition from wildcard79 to wildcard9
[DEBUG] Dynamically added transition from wildcard79 to wildcard8
[DEBUG] Dynamically added transition from wildcard79 to wildcard19
[DEBUG] Dynamically added transition from wildcard79 to wildcard18
[DEBUG] Dynamically added transition from wildcard79 to wildcard17
[DEBUG] Dynamically added transition from wildcard79 to wildcard38
[DEBUG] Dynamically added transition from wildcard79 to wildcard37
[DEBUG] Dynamically added transition from wildcard79 to wildcard36
[DEBUG] Dynamically added transition from wildcard79 to wildcard35
[DEBUG] Dynamically added transition from wildcard79 to wildcard79
[DEBUG] Dynamically added transition from wildcard79 to wildcard34
[DEBUG] Dynamically added transition from wildcard79 to wildcard78
[DEBUG] Dynamically added transition from wildcard79 to wildcard33
[DEBUG] Dynamically added transition from wildcard79 to wildcard77
[DEBUG] Dynamically added transition from wildcard79 to wildcard32
[DEBUG] Dynamically added transition from wildcard79 to wildcard76
[DEBUG] Dynamically added transition from wildcard79 to wildcard31
[DEBUG] Dynamically added transition from wildcard79 to wildcard75
[DEBUG] Dynamically added transition from wildcard79 to wildcard30
[DEBUG] Dynamically added transition from wildcard79 to wildcard74
[DEBUG] Dynamically added transition from wildcard79 to wildcard73
[DEBUG] Dynamically added transition from wildcard79 to wildcard72
[DEBUG] Dynamically added transition from wildcard79 to wildcard71
[DEBUG] Dynamically added transition from wildcard79 to wildcard70
[DEBUG] Dynamically added transition from wildcard79 to .*
[DEBUG] Dynamically added transition from wildcard79 to wildcard29
[DEBUG] Dynamically added transition from wildcard79 to wildcard28
[DEBUG] Dynamically added transition from wildcard79 to wildcard49
[DEBUG] Dynamically added transition from wildcard79 to wildcard48
[DEBUG] Dynamically added transition from wildcard79 to wildcard47
[DEBUG] Dynamically added transition from wildcard79 to wildcard46
[DEBUG] Dynamically added transition from wildcard79 to wildcard45
[DEBUG] Dynamically added transition from wildcard79 to wildcard44
[DEBUG] Dynamically added transition from wildcard79 to wildcard43
[DEBUG] Dynamically added transition from wildcard79 to wildcard42
[DEBUG] Dynamically added transition from wildcard79 to INITIAL
[DEBUG] Dynamically added transition from wildcard79 to wildcard41
[DEBUG] Dynamically added transition from wildcard79 to wildcard40
[DEBUG] Dynamically added transition from wildcard79 to end
[DEBUG] Dynamically added transition from wildcard79 to wildcard39
[DEBUG] Dynamically added transition from wildcard79 to wildcard16
[DEBUG] Dynamically added transition from wildcard79 to wildcard15
[DEBUG] Dynamically added transition from wildcard79 to wildcard59
[DEBUG] Dynamically added transition from wildcard79 to wildcard14
[DEBUG] Dynamically added transition from wildcard79 to wildcard58
[DEBUG] Dynamically added transition from wildcard79 to middle
[DEBUG] Dynamically added transition from wildcard79 to wildcard13
[DEBUG] Dynamically added transition from wildcard79 to wildcard57
[DEBUG] Dynamically added transition from wildcard79 to wildcard12
[DEBUG] Dynamically added transition from wildcard79 to wildcard56
[DEBUG] Dynamically added transition from wildcard79 to wildcard11
[DEBUG] Dynamically added transition from wildcard79 to wildcard55
[DEBUG] Dynamically added transition from wildcard79 to wildcard10
[DEBUG] Dynamically added transition from wildcard79 to wildcard54
[DEBUG] Dynamically added transition from wildcard79 to wildcard53
[DEBUG] Dynamically added transition from wildcard79 to start
[DEBUG] Dynamically added transition from wildcard79 to wildcard52
[DEBUG] Dynamically added transition from wildcard79 to wildcard51
[DEBUG] Dynamically added transition from wildcard79 to wildcard50
[INFO] Wildcard transition valid to state: wildcard79
[INFO] Wildcard transition detected from wildcard79 to wildcard80
[DEBUG] Created intermediate state for wildcard transition: wildcard80
[DEBUG] Dynamically added transition from wildcard79 to wildcard80
[DEBUG] Dynamically added transition from wildcard27 to wildcard80
[DEBUG] Dynamically added transition from wildcard26 to wildcard80
[DEBUG] Dynamically added transition from wildcard25 to wildcard80
[DEBUG] Dynamically added transition from wildcard69 to wildcard80
[DEBUG] Dynamically added transition from wildcard24 to wildcard80
[DEBUG] Dynamically added transition from wildcard68 to wildcard80
[DEBUG] Dynamically added transition from wildcard23 to wildcard80
[DEBUG] Dynamically added transition from wildcard67 to wildcard80
[DEBUG] Dynamically added transition from wildcard22 to wildcard80
[DEBUG] Dynamically added transition from wildcard66 to wildcard80
[DEBUG] Dynamically added transition from wildcard1 to wildcard80
[DEBUG] Dynamically added transition from wildcard21 to wildcard80
[DEBUG] Dynamically added transition from wildcard65 to wildcard80
[DEBUG] Dynamically added transition from wildcard0 to wildcard80
[DEBUG] Dynamically added transition from wildcard20 to wildcard80
[DEBUG] Dynamically added transition from wildcard64 to wildcard80
[DEBUG] Dynamically added transition from wildcard3 to wildcard80
[DEBUG] Dynamically added transition from wildcard63 to wildcard80
[DEBUG] Dynamically added transition from wildcard2 to wildcard80
[DEBUG] Dynamically added transition from wildcard62 to wildcard80
[DEBUG] Dynamically added transition from wildcard5 to wildcard80
[DEBUG] Dynamically added transition from wildcard61 to wildcard80
[DEBUG] Dynamically added transition from wildcard4 to wildcard80
[DEBUG] Dynamically added transition from wildcard60 to wildcard80
[DEBUG] Dynamically added transition from wildcard7 to wildcard80
[DEBUG] Dynamically added transition from wildcard6 to wildcard80
[DEBUG] Dynamically added transition from wildcard9 to wildcard80
[DEBUG] Dynamically added transition from wildcard8 to wildcard80
[DEBUG] Dynamically added transition from wildcard19 to wildcard80
[DEBUG] Dynamically added transition from wildcard18 to wildcard80
[DEBUG] Dynamically added transition from wildcard17 to wildcard80
[DEBUG] Dynamically added transition from wildcard38 to wildcard80
[DEBUG] Dynamically added transition from wildcard37 to wildcard80
[DEBUG] Dynamically added transition from wildcard36 to wildcard80
[DEBUG] Dynamically added transition from wildcard35 to wildcard80
[DEBUG] Dynamically added transition from wildcard34 to wildcard80
[DEBUG] Dynamically added transition from wildcard78 to wildcard80
[DEBUG] Dynamically added transition from wildcard33 to wildcard80
[DEBUG] Dynamically added transition from wildcard77 to wildcard80
[DEBUG] Dynamically added transition from wildcard32 to wildcard80
[DEBUG] Dynamically added transition from wildcard76 to wildcard80
[DEBUG] Dynamically added transition from wildcard31 to wildcard80
[DEBUG] Dynamically added transition from wildcard75 to wildcard80
[DEBUG] Dynamically added transition from wildcard30 to wildcard80
[DEBUG] Dynamically added transition from wildcard74 to wildcard80
[DEBUG] Dynamically added transition from wildcard73 to wildcard80
[DEBUG] Dynamically added transition from wildcard72 to wildcard80
[DEBUG] Dynamically added transition from wildcard71 to wildcard80
[DEBUG] Dynamically added transition from wildcard70 to wildcard80
[DEBUG] Dynamically added transition from wildcard29 to wildcard80
[DEBUG] Dynamically added transition from wildcard28 to wildcard80
[DEBUG] Dynamically added transition from wildcard49 to wildcard80
[DEBUG] Dynamically added transition from wildcard48 to wildcard80
[DEBUG] Dynamically added transition from wildcard47 to wildcard80
[DEBUG] Dynamically added transition from wildcard46 to wildcard80
[DEBUG] Dynamically added transition from wildcard45 to wildcard80
[DEBUG] Dynamically added transition from wildcard44 to wildcard80
[DEBUG] Dynamically added transition from wildcard43 to wildcard80
[DEBUG] Dynamically added transition from wildcard42 to wildcard80
[DEBUG] Dynamically added transition from INITIAL to wildcard80
[DEBUG] Dynamically added transition from wildcard41 to wildcard80
[DEBUG] Dynamically added transition from wildcard40 to wildcard80
[DEBUG] Dynamically added transition from wildcard39 to wildcard80
[DEBUG] Dynamically added transition from wildcard16 to wildcard80
[DEBUG] Dynamically added transition from wildcard15 to wildcard80
[DEBUG] Dynamically added transition from wildcard59 to wildcard80
[DEBUG] Dynamically added transition from wildcard14 to wildcard80
[DEBUG] Dynamically added transition from wildcard58 to wildcard80
[DEBUG] Dynamically added transition from wildcard13 to wildcard80
[DEBUG] Dynamically added transition from wildcard57 to wildcard80
[DEBUG] Dynamically added transition from wildcard12 to wildcard80
[DEBUG] Dynamically added transition from wildcard56 to wildcard80
[DEBUG] Dynamically added transition from wildcard11 to wildcard80
[DEBUG] Dynamically added transition from wildcard55 to wildcard80
[DEBUG] Dynamically added transition from wildcard10 to wildcard80
[DEBUG] Dynamically added transition from wildcard54 to wildcard80
[DEBUG] Dynamically added transition from wildcard53 to wildcard80
[DEBUG] Dynamically added transition from start to wildcard80
[DEBUG] Dynamically added transition from wildcard52 to wildcard80
[DEBUG] Dynamically added transition from wildcard51 to wildcard80
[DEBUG] Dynamically added transition from wildcard50 to wildcard80
[DEBUG] Dynamically added transition from wildcard80 to wildcard27
[DEBUG] Dynamically added transition from wildcard80 to wildcard26
[DEBUG] Dynamically added transition from wildcard80 to wildcard25
[DEBUG] Dynamically added transition from wildcard80 to wildcard69
[DEBUG] Dynamically added transition from wildcard80 to wildcard24
[DEBUG] Dynamically added transition from wildcard80 to wildcard68
[DEBUG] Dynamically added transition from wildcard80 to wildcard23
[DEBUG] Dynamically added transition from wildcard80 to wildcard67
[DEBUG] Dynamically added transition from wildcard80 to wildcard22
[DEBUG] Dynamically added transition from wildcard80 to wildcard66
[DEBUG] Dynamically added transition from wildcard80 to wildcard1
[DEBUG] Dynamically added transition from wildcard80 to wildcard21
[DEBUG] Dynamically added transition from wildcard80 to wildcard65
[DEBUG] Dynamically added transition from wildcard80 to wildcard0
[DEBUG] Dynamically added transition from wildcard80 to wildcard20
[DEBUG] Dynamically added transition from wildcard80 to wildcard64
[DEBUG] Dynamically added transition from wildcard80 to wildcard3
[DEBUG] Dynamically added transition from wildcard80 to wildcard63
[DEBUG] Dynamically added transition from wildcard80 to wildcard2
[DEBUG] Dynamically added transition from wildcard80 to wildcard62
[DEBUG] Dynamically added transition from wildcard80 to wildcard5
[DEBUG] Dynamically added transition from wildcard80 to wildcard61
[DEBUG] Dynamically added transition from wildcard80 to wildcard4
[DEBUG] Dynamically added transition from wildcard80 to wildcard60
[DEBUG] Dynamically added transition from wildcard80 to wildcard7
[DEBUG] Dynamically added transition from wildcard80 to wildcard6
[DEBUG] Dynamically added transition from wildcard80 to wildcard9
[DEBUG] Dynamically added transition from wildcard80 to wildcard8
[DEBUG] Dynamically added transition from wildcard80 to wildcard19
[DEBUG] Dynamically added transition from wildcard80 to wildcard18
[DEBUG] Dynamically added transition from wildcard80 to wildcard17
[DEBUG] Dynamically added transition from wildcard80 to wildcard38
[DEBUG] Dynamically added transition from wildcard80 to wildcard37
[DEBUG] Dynamically added transition from wildcard80 to wildcard36
[DEBUG] Dynamically added transition from wildcard80 to wildcard35
[DEBUG] Dynamically added transition from wildcard80 to wildcard79
[DEBUG] Dynamically added transition from wildcard80 to wildcard34
[DEBUG] Dynamically added transition from wildcard80 to wildcard78
[DEBUG] Dynamically added transition from wildcard80 to wildcard33
[DEBUG] Dynamically added transition from wildcard80 to wildcard77
[DEBUG] Dynamically added transition from wildcard80 to wildcard32
[DEBUG] Dynamically added transition from wildcard80 to wildcard76
[DEBUG] Dynamically added transition from wildcard80 to wildcard31
[DEBUG] Dynamically added transition from wildcard80 to wildcard75
[DEBUG] Dynamically added transition from wildcard80 to wildcard30
[DEBUG] Dynamically added transition from wildcard80 to wildcard74
[DEBUG] Dynamically added transition from wildcard80 to wildcard73
[DEBUG] Dynamically added transition from wildcard80 to wildcard72
[DEBUG] Dynamically added transition from wildcard80 to wildcard71
[DEBUG] Dynamically added transition from wildcard80 to wildcard70
[DEBUG] Dynamically added transition from wildcard80 to .*
[DEBUG] Dynamically added transition from wildcard80 to wildcard29
[DEBUG] Dynamically added transition from wildcard80 to wildcard28
[DEBUG] Dynamically added transition from wildcard80 to wildcard49
[DEBUG] Dynamically added transition from wildcard80 to wildcard48
[DEBUG] Dynamically added transition from wildcard80 to wildcard47
[DEBUG] Dynamically added transition from wildcard80 to wildcard46
[DEBUG] Dynamically added transition from wildcard80 to wildcard45
[DEBUG] Dynamically added transition from wildcard80 to wildcard44
[DEBUG] Dynamically added transition from wildcard80 to wildcard43
[DEBUG] Dynamically added transition from wildcard80 to wildcard42
[DEBUG] Dynamically added transition from wildcard80 to INITIAL
[DEBUG] Dynamically added transition from wildcard80 to wildcard41
[DEBUG] Dynamically added transition from wildcard80 to wildcard40
[DEBUG] Dynamically added transition from wildcard80 to wildcard80
[DEBUG] Dynamically added transition from wildcard80 to end
[DEBUG] Dynamically added transition from wildcard80 to wildcard39
[DEBUG] Dynamically added transition from wildcard80 to wildcard16
[DEBUG] Dynamically added transition from wildcard80 to wildcard15
[DEBUG] Dynamically added transition from wildcard80 to wildcard59
[DEBUG] Dynamically added transition from wildcard80 to wildcard14
[DEBUG] Dynamically added transition from wildcard80 to wildcard58
[DEBUG] Dynamically added transition from wildcard80 to middle
[DEBUG] Dynamically added transition from wildcard80 to wildcard13
[DEBUG] Dynamically added transition from wildcard80 to wildcard57
[DEBUG] Dynamically added transition from wildcard80 to wildcard12
[DEBUG] Dynamically added transition from wildcard80 to wildcard56
[DEBUG] Dynamically added transition from wildcard80 to wildcard11
[DEBUG] Dynamically added transition from wildcard80 to wildcard55
[DEBUG] Dynamically added transition from wildcard80 to wildcard10
[DEBUG] Dynamically added transition from wildcard80 to wildcard54
[DEBUG] Dynamically added transition from wildcard80 to wildcard53
[DEBUG] Dynamically added transition from wildcard80 to start
[DEBUG] Dynamically added transition from wildcard80 to wildcard52
[DEBUG] Dynamically added transition from wildcard80 to wildcard51
[DEBUG] Dynamically added transition from wildcard80 to wildcard50
[INFO] Wildcard transition valid to state: wildcard80
[INFO] Wildcard transition detected from wildcard80 to wildcard81
[DEBUG] Created intermediate state for wildcard transition: wildcard81
[DEBUG] Dynamically added transition from wildcard80 to wildcard81
[DEBUG] Dynamically added transition from wildcard27 to wildcard81
[DEBUG] Dynamically added transition from wildcard26 to wildcard81
[DEBUG] Dynamically added transition from wildcard25 to wildcard81
[DEBUG] Dynamically added transition from wildcard69 to wildcard81
[DEBUG] Dynamically added transition from wildcard24 to wildcard81
[DEBUG] Dynamically added transition from wildcard68 to wildcard81
[DEBUG] Dynamically added transition from wildcard23 to wildcard81
[DEBUG] Dynamically added transition from wildcard67 to wildcard81
[DEBUG] Dynamically added transition from wildcard22 to wildcard81
[DEBUG] Dynamically added transition from wildcard66 to wildcard81
[DEBUG] Dynamically added transition from wildcard1 to wildcard81
[DEBUG] Dynamically added transition from wildcard21 to wildcard81
[DEBUG] Dynamically added transition from wildcard65 to wildcard81
[DEBUG] Dynamically added transition from wildcard0 to wildcard81
[DEBUG] Dynamically added transition from wildcard20 to wildcard81
[DEBUG] Dynamically added transition from wildcard64 to wildcard81
[DEBUG] Dynamically added transition from wildcard3 to wildcard81
[DEBUG] Dynamically added transition from wildcard63 to wildcard81
[DEBUG] Dynamically added transition from wildcard2 to wildcard81
[DEBUG] Dynamically added transition from wildcard62 to wildcard81
[DEBUG] Dynamically added transition from wildcard5 to wildcard81
[DEBUG] Dynamically added transition from wildcard61 to wildcard81
[DEBUG] Dynamically added transition from wildcard4 to wildcard81
[DEBUG] Dynamically added transition from wildcard60 to wildcard81
[DEBUG] Dynamically added transition from wildcard7 to wildcard81
[DEBUG] Dynamically added transition from wildcard6 to wildcard81
[DEBUG] Dynamically added transition from wildcard9 to wildcard81
[DEBUG] Dynamically added transition from wildcard8 to wildcard81
[DEBUG] Dynamically added transition from wildcard19 to wildcard81
[DEBUG] Dynamically added transition from wildcard18 to wildcard81
[DEBUG] Dynamically added transition from wildcard17 to wildcard81
[DEBUG] Dynamically added transition from wildcard38 to wildcard81
[DEBUG] Dynamically added transition from wildcard37 to wildcard81
[DEBUG] Dynamically added transition from wildcard36 to wildcard81
[DEBUG] Dynamically added transition from wildcard35 to wildcard81
[DEBUG] Dynamically added transition from wildcard79 to wildcard81
[DEBUG] Dynamically added transition from wildcard34 to wildcard81
[DEBUG] Dynamically added transition from wildcard78 to wildcard81
[DEBUG] Dynamically added transition from wildcard33 to wildcard81
[DEBUG] Dynamically added transition from wildcard77 to wildcard81
[DEBUG] Dynamically added transition from wildcard32 to wildcard81
[DEBUG] Dynamically added transition from wildcard76 to wildcard81
[DEBUG] Dynamically added transition from wildcard31 to wildcard81
[DEBUG] Dynamically added transition from wildcard75 to wildcard81
[DEBUG] Dynamically added transition from wildcard30 to wildcard81
[DEBUG] Dynamically added transition from wildcard74 to wildcard81
[DEBUG] Dynamically added transition from wildcard73 to wildcard81
[DEBUG] Dynamically added transition from wildcard72 to wildcard81
[DEBUG] Dynamically added transition from wildcard71 to wildcard81
[DEBUG] Dynamically added transition from wildcard70 to wildcard81
[DEBUG] Dynamically added transition from wildcard29 to wildcard81
[DEBUG] Dynamically added transition from wildcard28 to wildcard81
[DEBUG] Dynamically added transition from wildcard49 to wildcard81
[DEBUG] Dynamically added transition from wildcard48 to wildcard81
[DEBUG] Dynamically added transition from wildcard47 to wildcard81
[DEBUG] Dynamically added transition from wildcard46 to wildcard81
[DEBUG] Dynamically added transition from wildcard45 to wildcard81
[DEBUG] Dynamically added transition from wildcard44 to wildcard81
[DEBUG] Dynamically added transition from wildcard43 to wildcard81
[DEBUG] Dynamically added transition from wildcard42 to wildcard81
[DEBUG] Dynamically added transition from INITIAL to wildcard81
[DEBUG] Dynamically added transition from wildcard41 to wildcard81
[DEBUG] Dynamically added transition from wildcard40 to wildcard81
[DEBUG] Dynamically added transition from wildcard39 to wildcard81
[DEBUG] Dynamically added transition from wildcard16 to wildcard81
[DEBUG] Dynamically added transition from wildcard15 to wildcard81
[DEBUG] Dynamically added transition from wildcard59 to wildcard81
[DEBUG] Dynamically added transition from wildcard14 to wildcard81
[DEBUG] Dynamically added transition from wildcard58 to wildcard81
[DEBUG] Dynamically added transition from wildcard13 to wildcard81
[DEBUG] Dynamically added transition from wildcard57 to wildcard81
[DEBUG] Dynamically added transition from wildcard12 to wildcard81
[DEBUG] Dynamically added transition from wildcard56 to wildcard81
[DEBUG] Dynamically added transition from wildcard11 to wildcard81
[DEBUG] Dynamically added transition from wildcard55 to wildcard81
[DEBUG] Dynamically added transition from wildcard10 to wildcard81
[DEBUG] Dynamically added transition from wildcard54 to wildcard81
[DEBUG] Dynamically added transition from wildcard53 to wildcard81
[DEBUG] Dynamically added transition from start to wildcard81
[DEBUG] Dynamically added transition from wildcard52 to wildcard81
[DEBUG] Dynamically added transition from wildcard51 to wildcard81
[DEBUG] Dynamically added transition from wildcard50 to wildcard81
[DEBUG] Dynamically added transition from wildcard81 to wildcard27
[DEBUG] Dynamically added transition from wildcard81 to wildcard26
[DEBUG] Dynamically added transition from wildcard81 to wildcard25
[DEBUG] Dynamically added transition from wildcard81 to wildcard69
[DEBUG] Dynamically added transition from wildcard81 to wildcard24
[DEBUG] Dynamically added transition from wildcard81 to wildcard68
[DEBUG] Dynamically added transition from wildcard81 to wildcard23
[DEBUG] Dynamically added transition from wildcard81 to wildcard67
[DEBUG] Dynamically added transition from wildcard81 to wildcard22
[DEBUG] Dynamically added transition from wildcard81 to wildcard66
[DEBUG] Dynamically added transition from wildcard81 to wildcard1
[DEBUG] Dynamically added transition from wildcard81 to wildcard21
[DEBUG] Dynamically added transition from wildcard81 to wildcard65
[DEBUG] Dynamically added transition from wildcard81 to wildcard0
[DEBUG] Dynamically added transition from wildcard81 to wildcard20
[DEBUG] Dynamically added transition from wildcard81 to wildcard64
[DEBUG] Dynamically added transition from wildcard81 to wildcard3
[DEBUG] Dynamically added transition from wildcard81 to wildcard63
[DEBUG] Dynamically added transition from wildcard81 to wildcard2
[DEBUG] Dynamically added transition from wildcard81 to wildcard62
[DEBUG] Dynamically added transition from wildcard81 to wildcard5
[DEBUG] Dynamically added transition from wildcard81 to wildcard61
[DEBUG] Dynamically added transition from wildcard81 to wildcard4
[DEBUG] Dynamically added transition from wildcard81 to wildcard60
[DEBUG] Dynamically added transition from wildcard81 to wildcard7
[DEBUG] Dynamically added transition from wildcard81 to wildcard6
[DEBUG] Dynamically added transition from wildcard81 to wildcard9
[DEBUG] Dynamically added transition from wildcard81 to wildcard8
[DEBUG] Dynamically added transition from wildcard81 to wildcard19
[DEBUG] Dynamically added transition from wildcard81 to wildcard18
[DEBUG] Dynamically added transition from wildcard81 to wildcard17
[DEBUG] Dynamically added transition from wildcard81 to wildcard38
[DEBUG] Dynamically added transition from wildcard81 to wildcard37
[DEBUG] Dynamically added transition from wildcard81 to wildcard36
[DEBUG] Dynamically added transition from wildcard81 to wildcard35
[DEBUG] Dynamically added transition from wildcard81 to wildcard79
[DEBUG] Dynamically added transition from wildcard81 to wildcard34
[DEBUG] Dynamically added transition from wildcard81 to wildcard78
[DEBUG] Dynamically added transition from wildcard81 to wildcard33
[DEBUG] Dynamically added transition from wildcard81 to wildcard77
[DEBUG] Dynamically added transition from wildcard81 to wildcard32
[DEBUG] Dynamically added transition from wildcard81 to wildcard76
[DEBUG] Dynamically added transition from wildcard81 to wildcard31
[DEBUG] Dynamically added transition from wildcard81 to wildcard75
[DEBUG] Dynamically added transition from wildcard81 to wildcard30
[DEBUG] Dynamically added transition from wildcard81 to wildcard74
[DEBUG] Dynamically added transition from wildcard81 to wildcard73
[DEBUG] Dynamically added transition from wildcard81 to wildcard72
[DEBUG] Dynamically added transition from wildcard81 to wildcard71
[DEBUG] Dynamically added transition from wildcard81 to wildcard70
[DEBUG] Dynamically added transition from wildcard81 to .*
[DEBUG] Dynamically added transition from wildcard81 to wildcard29
[DEBUG] Dynamically added transition from wildcard81 to wildcard28
[DEBUG] Dynamically added transition from wildcard81 to wildcard49
[DEBUG] Dynamically added transition from wildcard81 to wildcard48
[DEBUG] Dynamically added transition from wildcard81 to wildcard47
[DEBUG] Dynamically added transition from wildcard81 to wildcard46
[DEBUG] Dynamically added transition from wildcard81 to wildcard45
[DEBUG] Dynamically added transition from wildcard81 to wildcard44
[DEBUG] Dynamically added transition from wildcard81 to wildcard43
[DEBUG] Dynamically added transition from wildcard81 to wildcard42
[DEBUG] Dynamically added transition from wildcard81 to INITIAL
[DEBUG] Dynamically added transition from wildcard81 to wildcard41
[DEBUG] Dynamically added transition from wildcard81 to wildcard40
[DEBUG] Dynamically added transition from wildcard81 to wildcard81
[DEBUG] Dynamically added transition from wildcard81 to wildcard80
[DEBUG] Dynamically added transition from wildcard81 to end
[DEBUG] Dynamically added transition from wildcard81 to wildcard39
[DEBUG] Dynamically added transition from wildcard81 to wildcard16
[DEBUG] Dynamically added transition from wildcard81 to wildcard15
[DEBUG] Dynamically added transition from wildcard81 to wildcard59
[DEBUG] Dynamically added transition from wildcard81 to wildcard14
[DEBUG] Dynamically added transition from wildcard81 to wildcard58
[DEBUG] Dynamically added transition from wildcard81 to middle
[DEBUG] Dynamically added transition from wildcard81 to wildcard13
[DEBUG] Dynamically added transition from wildcard81 to wildcard57
[DEBUG] Dynamically added transition from wildcard81 to wildcard12
[DEBUG] Dynamically added transition from wildcard81 to wildcard56
[DEBUG] Dynamically added transition from wildcard81 to wildcard11
[DEBUG] Dynamically added transition from wildcard81 to wildcard55
[DEBUG] Dynamically added transition from wildcard81 to wildcard10
[DEBUG] Dynamically added transition from wildcard81 to wildcard54
[DEBUG] Dynamically added transition from wildcard81 to wildcard53
[DEBUG] Dynamically added transition from wildcard81 to start
[DEBUG] Dynamically added transition from wildcard81 to wildcard52
[DEBUG] Dynamically added transition from wildcard81 to wildcard51
[DEBUG] Dynamically added transition from wildcard81 to wildcard50
[INFO] Wildcard transition valid to state: wildcard81
[INFO] Wildcard transition detected from wildcard81 to wildcard82
[DEBUG] Created intermediate state for wildcard transition: wildcard82
[DEBUG] Dynamically added transition from wildcard81 to wildcard82
[DEBUG] Dynamically added transition from wildcard27 to wildcard82
[DEBUG] Dynamically added transition from wildcard26 to wildcard82
[DEBUG] Dynamically added transition from wildcard25 to wildcard82
[DEBUG] Dynamically added transition from wildcard69 to wildcard82
[DEBUG] Dynamically added transition from wildcard24 to wildcard82
[DEBUG] Dynamically added transition from wildcard68 to wildcard82
[DEBUG] Dynamically added transition from wildcard23 to wildcard82
[DEBUG] Dynamically added transition from wildcard67 to wildcard82
[DEBUG] Dynamically added transition from wildcard22 to wildcard82
[DEBUG] Dynamically added transition from wildcard66 to wildcard82
[DEBUG] Dynamically added transition from wildcard1 to wildcard82
[DEBUG] Dynamically added transition from wildcard21 to wildcard82
[DEBUG] Dynamically added transition from wildcard65 to wildcard82
[DEBUG] Dynamically added transition from wildcard0 to wildcard82
[DEBUG] Dynamically added transition from wildcard20 to wildcard82
[DEBUG] Dynamically added transition from wildcard64 to wildcard82
[DEBUG] Dynamically added transition from wildcard3 to wildcard82
[DEBUG] Dynamically added transition from wildcard63 to wildcard82
[DEBUG] Dynamically added transition from wildcard2 to wildcard82
[DEBUG] Dynamically added transition from wildcard62 to wildcard82
[DEBUG] Dynamically added transition from wildcard5 to wildcard82
[DEBUG] Dynamically added transition from wildcard61 to wildcard82
[DEBUG] Dynamically added transition from wildcard4 to wildcard82
[DEBUG] Dynamically added transition from wildcard60 to wildcard82
[DEBUG] Dynamically added transition from wildcard7 to wildcard82
[DEBUG] Dynamically added transition from wildcard6 to wildcard82
[DEBUG] Dynamically added transition from wildcard9 to wildcard82
[DEBUG] Dynamically added transition from wildcard8 to wildcard82
[DEBUG] Dynamically added transition from wildcard19 to wildcard82
[DEBUG] Dynamically added transition from wildcard18 to wildcard82
[DEBUG] Dynamically added transition from wildcard17 to wildcard82
[DEBUG] Dynamically added transition from wildcard38 to wildcard82
[DEBUG] Dynamically added transition from wildcard37 to wildcard82
[DEBUG] Dynamically added transition from wildcard36 to wildcard82
[DEBUG] Dynamically added transition from wildcard35 to wildcard82
[DEBUG] Dynamically added transition from wildcard79 to wildcard82
[DEBUG] Dynamically added transition from wildcard34 to wildcard82
[DEBUG] Dynamically added transition from wildcard78 to wildcard82
[DEBUG] Dynamically added transition from wildcard33 to wildcard82
[DEBUG] Dynamically added transition from wildcard77 to wildcard82
[DEBUG] Dynamically added transition from wildcard32 to wildcard82
[DEBUG] Dynamically added transition from wildcard76 to wildcard82
[DEBUG] Dynamically added transition from wildcard31 to wildcard82
[DEBUG] Dynamically added transition from wildcard75 to wildcard82
[DEBUG] Dynamically added transition from wildcard30 to wildcard82
[DEBUG] Dynamically added transition from wildcard74 to wildcard82
[DEBUG] Dynamically added transition from wildcard73 to wildcard82
[DEBUG] Dynamically added transition from wildcard72 to wildcard82
[DEBUG] Dynamically added transition from wildcard71 to wildcard82
[DEBUG] Dynamically added transition from wildcard70 to wildcard82
[DEBUG] Dynamically added transition from wildcard29 to wildcard82
[DEBUG] Dynamically added transition from wildcard28 to wildcard82
[DEBUG] Dynamically added transition from wildcard49 to wildcard82
[DEBUG] Dynamically added transition from wildcard48 to wildcard82
[DEBUG] Dynamically added transition from wildcard47 to wildcard82
[DEBUG] Dynamically added transition from wildcard46 to wildcard82
[DEBUG] Dynamically added transition from wildcard45 to wildcard82
[DEBUG] Dynamically added transition from wildcard44 to wildcard82
[DEBUG] Dynamically added transition from wildcard43 to wildcard82
[DEBUG] Dynamically added transition from wildcard42 to wildcard82
[DEBUG] Dynamically added transition from INITIAL to wildcard82
[DEBUG] Dynamically added transition from wildcard41 to wildcard82
[DEBUG] Dynamically added transition from wildcard40 to wildcard82
[DEBUG] Dynamically added transition from wildcard80 to wildcard82
[DEBUG] Dynamically added transition from wildcard39 to wildcard82
[DEBUG] Dynamically added transition from wildcard16 to wildcard82
[DEBUG] Dynamically added transition from wildcard15 to wildcard82
[DEBUG] Dynamically added transition from wildcard59 to wildcard82
[DEBUG] Dynamically added transition from wildcard14 to wildcard82
[DEBUG] Dynamically added transition from wildcard58 to wildcard82
[DEBUG] Dynamically added transition from wildcard13 to wildcard82
[DEBUG] Dynamically added transition from wildcard57 to wildcard82
[DEBUG] Dynamically added transition from wildcard12 to wildcard82
[DEBUG] Dynamically added transition from wildcard56 to wildcard82
[DEBUG] Dynamically added transition from wildcard11 to wildcard82
[DEBUG] Dynamically added transition from wildcard55 to wildcard82
[DEBUG] Dynamically added transition from wildcard10 to wildcard82
[DEBUG] Dynamically added transition from wildcard54 to wildcard82
[DEBUG] Dynamically added transition from wildcard53 to wildcard82
[DEBUG] Dynamically added transition from start to wildcard82
[DEBUG] Dynamically added transition from wildcard52 to wildcard82
[DEBUG] Dynamically added transition from wildcard51 to wildcard82
[DEBUG] Dynamically added transition from wildcard50 to wildcard82
[DEBUG] Dynamically added transition from wildcard82 to wildcard27
[DEBUG] Dynamically added transition from wildcard82 to wildcard26
[DEBUG] Dynamically added transition from wildcard82 to wildcard25
[DEBUG] Dynamically added transition from wildcard82 to wildcard69
[DEBUG] Dynamically added transition from wildcard82 to wildcard24
[DEBUG] Dynamically added transition from wildcard82 to wildcard68
[DEBUG] Dynamically added transition from wildcard82 to wildcard23
[DEBUG] Dynamically added transition from wildcard82 to wildcard67
[DEBUG] Dynamically added transition from wildcard82 to wildcard22
[DEBUG] Dynamically added transition from wildcard82 to wildcard66
[DEBUG] Dynamically added transition from wildcard82 to wildcard1
[DEBUG] Dynamically added transition from wildcard82 to wildcard21
[DEBUG] Dynamically added transition from wildcard82 to wildcard65
[DEBUG] Dynamically added transition from wildcard82 to wildcard0
[DEBUG] Dynamically added transition from wildcard82 to wildcard20
[DEBUG] Dynamically added transition from wildcard82 to wildcard64
[DEBUG] Dynamically added transition from wildcard82 to wildcard3
[DEBUG] Dynamically added transition from wildcard82 to wildcard63
[DEBUG] Dynamically added transition from wildcard82 to wildcard2
[DEBUG] Dynamically added transition from wildcard82 to wildcard62
[DEBUG] Dynamically added transition from wildcard82 to wildcard5
[DEBUG] Dynamically added transition from wildcard82 to wildcard61
[DEBUG] Dynamically added transition from wildcard82 to wildcard4
[DEBUG] Dynamically added transition from wildcard82 to wildcard60
[DEBUG] Dynamically added transition from wildcard82 to wildcard7
[DEBUG] Dynamically added transition from wildcard82 to wildcard6
[DEBUG] Dynamically added transition from wildcard82 to wildcard9
[DEBUG] Dynamically added transition from wildcard82 to wildcard8
[DEBUG] Dynamically added transition from wildcard82 to wildcard19
[DEBUG] Dynamically added transition from wildcard82 to wildcard18
[DEBUG] Dynamically added transition from wildcard82 to wildcard17
[DEBUG] Dynamically added transition from wildcard82 to wildcard38
[DEBUG] Dynamically added transition from wildcard82 to wildcard37
[DEBUG] Dynamically added transition from wildcard82 to wildcard36
[DEBUG] Dynamically added transition from wildcard82 to wildcard35
[DEBUG] Dynamically added transition from wildcard82 to wildcard79
[DEBUG] Dynamically added transition from wildcard82 to wildcard34
[DEBUG] Dynamically added transition from wildcard82 to wildcard78
[DEBUG] Dynamically added transition from wildcard82 to wildcard33
[DEBUG] Dynamically added transition from wildcard82 to wildcard77
[DEBUG] Dynamically added transition from wildcard82 to wildcard32
[DEBUG] Dynamically added transition from wildcard82 to wildcard76
[DEBUG] Dynamically added transition from wildcard82 to wildcard31
[DEBUG] Dynamically added transition from wildcard82 to wildcard75
[DEBUG] Dynamically added transition from wildcard82 to wildcard30
[DEBUG] Dynamically added transition from wildcard82 to wildcard74
[DEBUG] Dynamically added transition from wildcard82 to wildcard73
[DEBUG] Dynamically added transition from wildcard82 to wildcard72
[DEBUG] Dynamically added transition from wildcard82 to wildcard71
[DEBUG] Dynamically added transition from wildcard82 to wildcard70
[DEBUG] Dynamically added transition from wildcard82 to .*
[DEBUG] Dynamically added transition from wildcard82 to wildcard29
[DEBUG] Dynamically added transition from wildcard82 to wildcard28
[DEBUG] Dynamically added transition from wildcard82 to wildcard49
[DEBUG] Dynamically added transition from wildcard82 to wildcard48
[DEBUG] Dynamically added transition from wildcard82 to wildcard47
[DEBUG] Dynamically added transition from wildcard82 to wildcard46
[DEBUG] Dynamically added transition from wildcard82 to wildcard45
[DEBUG] Dynamically added transition from wildcard82 to wildcard44
[DEBUG] Dynamically added transition from wildcard82 to wildcard43
[DEBUG] Dynamically added transition from wildcard82 to wildcard42
[DEBUG] Dynamically added transition from wildcard82 to INITIAL
[DEBUG] Dynamically added transition from wildcard82 to wildcard41
[DEBUG] Dynamically added transition from wildcard82 to wildcard40
[DEBUG] Dynamically added transition from wildcard82 to wildcard82
[DEBUG] Dynamically added transition from wildcard82 to wildcard81
[DEBUG] Dynamically added transition from wildcard82 to wildcard80
[DEBUG] Dynamically added transition from wildcard82 to end
[DEBUG] Dynamically added transition from wildcard82 to wildcard39
[DEBUG] Dynamically added transition from wildcard82 to wildcard16
[DEBUG] Dynamically added transition from wildcard82 to wildcard15
[DEBUG] Dynamically added transition from wildcard82 to wildcard59
[DEBUG] Dynamically added transition from wildcard82 to wildcard14
[DEBUG] Dynamically added transition from wildcard82 to wildcard58
[DEBUG] Dynamically added transition from wildcard82 to middle
[DEBUG] Dynamically added transition from wildcard82 to wildcard13
[DEBUG] Dynamically added transition from wildcard82 to wildcard57
[DEBUG] Dynamically added transition from wildcard82 to wildcard12
[DEBUG] Dynamically added transition from wildcard82 to wildcard56
[DEBUG] Dynamically added transition from wildcard82 to wildcard11
[DEBUG] Dynamically added transition from wildcard82 to wildcard55
[DEBUG] Dynamically added transition from wildcard82 to wildcard10
[DEBUG] Dynamically added transition from wildcard82 to wildcard54
[DEBUG] Dynamically added transition from wildcard82 to wildcard53
[DEBUG] Dynamically added transition from wildcard82 to start
[DEBUG] Dynamically added transition from wildcard82 to wildcard52
[DEBUG] Dynamically added transition from wildcard82 to wildcard51
[DEBUG] Dynamically added transition from wildcard82 to wildcard50
[INFO] Wildcard transition valid to state: wildcard82
[INFO] Wildcard transition detected from wildcard82 to wildcard83
[DEBUG] Created intermediate state for wildcard transition: wildcard83
[DEBUG] Dynamically added transition from wildcard82 to wildcard83
[DEBUG] Dynamically added transition from wildcard27 to wildcard83
[DEBUG] Dynamically added transition from wildcard26 to wildcard83
[DEBUG] Dynamically added transition from wildcard25 to wildcard83
[DEBUG] Dynamically added transition from wildcard69 to wildcard83
[DEBUG] Dynamically added transition from wildcard24 to wildcard83
[DEBUG] Dynamically added transition from wildcard68 to wildcard83
[DEBUG] Dynamically added transition from wildcard23 to wildcard83
[DEBUG] Dynamically added transition from wildcard67 to wildcard83
[DEBUG] Dynamically added transition from wildcard22 to wildcard83
[DEBUG] Dynamically added transition from wildcard66 to wildcard83
[DEBUG] Dynamically added transition from wildcard1 to wildcard83
[DEBUG] Dynamically added transition from wildcard21 to wildcard83
[DEBUG] Dynamically added transition from wildcard65 to wildcard83
[DEBUG] Dynamically added transition from wildcard0 to wildcard83
[DEBUG] Dynamically added transition from wildcard20 to wildcard83
[DEBUG] Dynamically added transition from wildcard64 to wildcard83
[DEBUG] Dynamically added transition from wildcard3 to wildcard83
[DEBUG] Dynamically added transition from wildcard63 to wildcard83
[DEBUG] Dynamically added transition from wildcard2 to wildcard83
[DEBUG] Dynamically added transition from wildcard62 to wildcard83
[DEBUG] Dynamically added transition from wildcard5 to wildcard83
[DEBUG] Dynamically added transition from wildcard61 to wildcard83
[DEBUG] Dynamically added transition from wildcard4 to wildcard83
[DEBUG] Dynamically added transition from wildcard60 to wildcard83
[DEBUG] Dynamically added transition from wildcard7 to wildcard83
[DEBUG] Dynamically added transition from wildcard6 to wildcard83
[DEBUG] Dynamically added transition from wildcard9 to wildcard83
[DEBUG] Dynamically added transition from wildcard8 to wildcard83
[DEBUG] Dynamically added transition from wildcard19 to wildcard83
[DEBUG] Dynamically added transition from wildcard18 to wildcard83
[DEBUG] Dynamically added transition from wildcard17 to wildcard83
[DEBUG] Dynamically added transition from wildcard38 to wildcard83
[DEBUG] Dynamically added transition from wildcard37 to wildcard83
[DEBUG] Dynamically added transition from wildcard36 to wildcard83
[DEBUG] Dynamically added transition from wildcard35 to wildcard83
[DEBUG] Dynamically added transition from wildcard79 to wildcard83
[DEBUG] Dynamically added transition from wildcard34 to wildcard83
[DEBUG] Dynamically added transition from wildcard78 to wildcard83
[DEBUG] Dynamically added transition from wildcard33 to wildcard83
[DEBUG] Dynamically added transition from wildcard77 to wildcard83
[DEBUG] Dynamically added transition from wildcard32 to wildcard83
[DEBUG] Dynamically added transition from wildcard76 to wildcard83
[DEBUG] Dynamically added transition from wildcard31 to wildcard83
[DEBUG] Dynamically added transition from wildcard75 to wildcard83
[DEBUG] Dynamically added transition from wildcard30 to wildcard83
[DEBUG] Dynamically added transition from wildcard74 to wildcard83
[DEBUG] Dynamically added transition from wildcard73 to wildcard83
[DEBUG] Dynamically added transition from wildcard72 to wildcard83
[DEBUG] Dynamically added transition from wildcard71 to wildcard83
[DEBUG] Dynamically added transition from wildcard70 to wildcard83
[DEBUG] Dynamically added transition from wildcard29 to wildcard83
[DEBUG] Dynamically added transition from wildcard28 to wildcard83
[DEBUG] Dynamically added transition from wildcard49 to wildcard83
[DEBUG] Dynamically added transition from wildcard48 to wildcard83
[DEBUG] Dynamically added transition from wildcard47 to wildcard83
[DEBUG] Dynamically added transition from wildcard46 to wildcard83
[DEBUG] Dynamically added transition from wildcard45 to wildcard83
[DEBUG] Dynamically added transition from wildcard44 to wildcard83
[DEBUG] Dynamically added transition from wildcard43 to wildcard83
[DEBUG] Dynamically added transition from wildcard42 to wildcard83
[DEBUG] Dynamically added transition from INITIAL to wildcard83
[DEBUG] Dynamically added transition from wildcard41 to wildcard83
[DEBUG] Dynamically added transition from wildcard40 to wildcard83
[DEBUG] Dynamically added transition from wildcard81 to wildcard83
[DEBUG] Dynamically added transition from wildcard80 to wildcard83
[DEBUG] Dynamically added transition from wildcard39 to wildcard83
[DEBUG] Dynamically added transition from wildcard16 to wildcard83
[DEBUG] Dynamically added transition from wildcard15 to wildcard83
[DEBUG] Dynamically added transition from wildcard59 to wildcard83
[DEBUG] Dynamically added transition from wildcard14 to wildcard83
[DEBUG] Dynamically added transition from wildcard58 to wildcard83
[DEBUG] Dynamically added transition from wildcard13 to wildcard83
[DEBUG] Dynamically added transition from wildcard57 to wildcard83
[DEBUG] Dynamically added transition from wildcard12 to wildcard83
[DEBUG] Dynamically added transition from wildcard56 to wildcard83
[DEBUG] Dynamically added transition from wildcard11 to wildcard83
[DEBUG] Dynamically added transition from wildcard55 to wildcard83
[DEBUG] Dynamically added transition from wildcard10 to wildcard83
[DEBUG] Dynamically added transition from wildcard54 to wildcard83
[DEBUG] Dynamically added transition from wildcard53 to wildcard83
[DEBUG] Dynamically added transition from start to wildcard83
[DEBUG] Dynamically added transition from wildcard52 to wildcard83
[DEBUG] Dynamically added transition from wildcard51 to wildcard83
[DEBUG] Dynamically added transition from wildcard50 to wildcard83
[DEBUG] Dynamically added transition from wildcard83 to wildcard27
[DEBUG] Dynamically added transition from wildcard83 to wildcard26
[DEBUG] Dynamically added transition from wildcard83 to wildcard25
[DEBUG] Dynamically added transition from wildcard83 to wildcard69
[DEBUG] Dynamically added transition from wildcard83 to wildcard24
[DEBUG] Dynamically added transition from wildcard83 to wildcard68
[DEBUG] Dynamically added transition from wildcard83 to wildcard23
[DEBUG] Dynamically added transition from wildcard83 to wildcard67
[DEBUG] Dynamically added transition from wildcard83 to wildcard22
[DEBUG] Dynamically added transition from wildcard83 to wildcard66
[DEBUG] Dynamically added transition from wildcard83 to wildcard1
[DEBUG] Dynamically added transition from wildcard83 to wildcard21
[DEBUG] Dynamically added transition from wildcard83 to wildcard65
[DEBUG] Dynamically added transition from wildcard83 to wildcard0
[DEBUG] Dynamically added transition from wildcard83 to wildcard20
[DEBUG] Dynamically added transition from wildcard83 to wildcard64
[DEBUG] Dynamically added transition from wildcard83 to wildcard3
[DEBUG] Dynamically added transition from wildcard83 to wildcard63
[DEBUG] Dynamically added transition from wildcard83 to wildcard2
[DEBUG] Dynamically added transition from wildcard83 to wildcard62
[DEBUG] Dynamically added transition from wildcard83 to wildcard5
[DEBUG] Dynamically added transition from wildcard83 to wildcard61
[DEBUG] Dynamically added transition from wildcard83 to wildcard4
[DEBUG] Dynamically added transition from wildcard83 to wildcard60
[DEBUG] Dynamically added transition from wildcard83 to wildcard7
[DEBUG] Dynamically added transition from wildcard83 to wildcard6
[DEBUG] Dynamically added transition from wildcard83 to wildcard9
[DEBUG] Dynamically added transition from wildcard83 to wildcard8
[DEBUG] Dynamically added transition from wildcard83 to wildcard19
[DEBUG] Dynamically added transition from wildcard83 to wildcard18
[DEBUG] Dynamically added transition from wildcard83 to wildcard17
[DEBUG] Dynamically added transition from wildcard83 to wildcard38
[DEBUG] Dynamically added transition from wildcard83 to wildcard37
[DEBUG] Dynamically added transition from wildcard83 to wildcard36
[DEBUG] Dynamically added transition from wildcard83 to wildcard35
[DEBUG] Dynamically added transition from wildcard83 to wildcard79
[DEBUG] Dynamically added transition from wildcard83 to wildcard34
[DEBUG] Dynamically added transition from wildcard83 to wildcard78
[DEBUG] Dynamically added transition from wildcard83 to wildcard33
[DEBUG] Dynamically added transition from wildcard83 to wildcard77
[DEBUG] Dynamically added transition from wildcard83 to wildcard32
[DEBUG] Dynamically added transition from wildcard83 to wildcard76
[DEBUG] Dynamically added transition from wildcard83 to wildcard31
[DEBUG] Dynamically added transition from wildcard83 to wildcard75
[DEBUG] Dynamically added transition from wildcard83 to wildcard30
[DEBUG] Dynamically added transition from wildcard83 to wildcard74
[DEBUG] Dynamically added transition from wildcard83 to wildcard73
[DEBUG] Dynamically added transition from wildcard83 to wildcard72
[DEBUG] Dynamically added transition from wildcard83 to wildcard71
[DEBUG] Dynamically added transition from wildcard83 to wildcard70
[DEBUG] Dynamically added transition from wildcard83 to .*
[DEBUG] Dynamically added transition from wildcard83 to wildcard29
[DEBUG] Dynamically added transition from wildcard83 to wildcard28
[DEBUG] Dynamically added transition from wildcard83 to wildcard49
[DEBUG] Dynamically added transition from wildcard83 to wildcard48
[DEBUG] Dynamically added transition from wildcard83 to wildcard47
[DEBUG] Dynamically added transition from wildcard83 to wildcard46
[DEBUG] Dynamically added transition from wildcard83 to wildcard45
[DEBUG] Dynamically added transition from wildcard83 to wildcard44
[DEBUG] Dynamically added transition from wildcard83 to wildcard43
[DEBUG] Dynamically added transition from wildcard83 to wildcard42
[DEBUG] Dynamically added transition from wildcard83 to INITIAL
[DEBUG] Dynamically added transition from wildcard83 to wildcard41
[DEBUG] Dynamically added transition from wildcard83 to wildcard40
[DEBUG] Dynamically added transition from wildcard83 to wildcard83
[DEBUG] Dynamically added transition from wildcard83 to wildcard82
[DEBUG] Dynamically added transition from wildcard83 to wildcard81
[DEBUG] Dynamically added transition from wildcard83 to wildcard80
[DEBUG] Dynamically added transition from wildcard83 to end
[DEBUG] Dynamically added transition from wildcard83 to wildcard39
[DEBUG] Dynamically added transition from wildcard83 to wildcard16
[DEBUG] Dynamically added transition from wildcard83 to wildcard15
[DEBUG] Dynamically added transition from wildcard83 to wildcard59
[DEBUG] Dynamically added transition from wildcard83 to wildcard14
[DEBUG] Dynamically added transition from wildcard83 to wildcard58
[DEBUG] Dynamically added transition from wildcard83 to middle
[DEBUG] Dynamically added transition from wildcard83 to wildcard13
[DEBUG] Dynamically added transition from wildcard83 to wildcard57
[DEBUG] Dynamically added transition from wildcard83 to wildcard12
[DEBUG] Dynamically added transition from wildcard83 to wildcard56
[DEBUG] Dynamically added transition from wildcard83 to wildcard11
[DEBUG] Dynamically added transition from wildcard83 to wildcard55
[DEBUG] Dynamically added transition from wildcard83 to wildcard10
[DEBUG] Dynamically added transition from wildcard83 to wildcard54
[DEBUG] Dynamically added transition from wildcard83 to wildcard53
[DEBUG] Dynamically added transition from wildcard83 to start
[DEBUG] Dynamically added transition from wildcard83 to wildcard52
[DEBUG] Dynamically added transition from wildcard83 to wildcard51
[DEBUG] Dynamically added transition from wildcard83 to wildcard50
[INFO] Wildcard transition valid to state: wildcard83
[INFO] Wildcard transition detected from wildcard83 to wildcard84
[DEBUG] Created intermediate state for wildcard transition: wildcard84
[DEBUG] Dynamically added transition from wildcard83 to wildcard84
[DEBUG] Dynamically added transition from wildcard27 to wildcard84
[DEBUG] Dynamically added transition from wildcard26 to wildcard84
[DEBUG] Dynamically added transition from wildcard25 to wildcard84
[DEBUG] Dynamically added transition from wildcard69 to wildcard84
[DEBUG] Dynamically added transition from wildcard24 to wildcard84
[DEBUG] Dynamically added transition from wildcard68 to wildcard84
[DEBUG] Dynamically added transition from wildcard23 to wildcard84
[DEBUG] Dynamically added transition from wildcard67 to wildcard84
[DEBUG] Dynamically added transition from wildcard22 to wildcard84
[DEBUG] Dynamically added transition from wildcard66 to wildcard84
[DEBUG] Dynamically added transition from wildcard1 to wildcard84
[DEBUG] Dynamically added transition from wildcard21 to wildcard84
[DEBUG] Dynamically added transition from wildcard65 to wildcard84
[DEBUG] Dynamically added transition from wildcard0 to wildcard84
[DEBUG] Dynamically added transition from wildcard20 to wildcard84
[DEBUG] Dynamically added transition from wildcard64 to wildcard84
[DEBUG] Dynamically added transition from wildcard3 to wildcard84
[DEBUG] Dynamically added transition from wildcard63 to wildcard84
[DEBUG] Dynamically added transition from wildcard2 to wildcard84
[DEBUG] Dynamically added transition from wildcard62 to wildcard84
[DEBUG] Dynamically added transition from wildcard5 to wildcard84
[DEBUG] Dynamically added transition from wildcard61 to wildcard84
[DEBUG] Dynamically added transition from wildcard4 to wildcard84
[DEBUG] Dynamically added transition from wildcard60 to wildcard84
[DEBUG] Dynamically added transition from wildcard7 to wildcard84
[DEBUG] Dynamically added transition from wildcard6 to wildcard84
[DEBUG] Dynamically added transition from wildcard9 to wildcard84
[DEBUG] Dynamically added transition from wildcard8 to wildcard84
[DEBUG] Dynamically added transition from wildcard19 to wildcard84
[DEBUG] Dynamically added transition from wildcard18 to wildcard84
[DEBUG] Dynamically added transition from wildcard17 to wildcard84
[DEBUG] Dynamically added transition from wildcard38 to wildcard84
[DEBUG] Dynamically added transition from wildcard37 to wildcard84
[DEBUG] Dynamically added transition from wildcard36 to wildcard84
[DEBUG] Dynamically added transition from wildcard35 to wildcard84
[DEBUG] Dynamically added transition from wildcard79 to wildcard84
[DEBUG] Dynamically added transition from wildcard34 to wildcard84
[DEBUG] Dynamically added transition from wildcard78 to wildcard84
[DEBUG] Dynamically added transition from wildcard33 to wildcard84
[DEBUG] Dynamically added transition from wildcard77 to wildcard84
[DEBUG] Dynamically added transition from wildcard32 to wildcard84
[DEBUG] Dynamically added transition from wildcard76 to wildcard84
[DEBUG] Dynamically added transition from wildcard31 to wildcard84
[DEBUG] Dynamically added transition from wildcard75 to wildcard84
[DEBUG] Dynamically added transition from wildcard30 to wildcard84
[DEBUG] Dynamically added transition from wildcard74 to wildcard84
[DEBUG] Dynamically added transition from wildcard73 to wildcard84
[DEBUG] Dynamically added transition from wildcard72 to wildcard84
[DEBUG] Dynamically added transition from wildcard71 to wildcard84
[DEBUG] Dynamically added transition from wildcard70 to wildcard84
[DEBUG] Dynamically added transition from wildcard29 to wildcard84
[DEBUG] Dynamically added transition from wildcard28 to wildcard84
[DEBUG] Dynamically added transition from wildcard49 to wildcard84
[DEBUG] Dynamically added transition from wildcard48 to wildcard84
[DEBUG] Dynamically added transition from wildcard47 to wildcard84
[DEBUG] Dynamically added transition from wildcard46 to wildcard84
[DEBUG] Dynamically added transition from wildcard45 to wildcard84
[DEBUG] Dynamically added transition from wildcard44 to wildcard84
[DEBUG] Dynamically added transition from wildcard43 to wildcard84
[DEBUG] Dynamically added transition from wildcard42 to wildcard84
[DEBUG] Dynamically added transition from INITIAL to wildcard84
[DEBUG] Dynamically added transition from wildcard41 to wildcard84
[DEBUG] Dynamically added transition from wildcard40 to wildcard84
[DEBUG] Dynamically added transition from wildcard82 to wildcard84
[DEBUG] Dynamically added transition from wildcard81 to wildcard84
[DEBUG] Dynamically added transition from wildcard80 to wildcard84
[DEBUG] Dynamically added transition from wildcard39 to wildcard84
[DEBUG] Dynamically added transition from wildcard16 to wildcard84
[DEBUG] Dynamically added transition from wildcard15 to wildcard84
[DEBUG] Dynamically added transition from wildcard59 to wildcard84
[DEBUG] Dynamically added transition from wildcard14 to wildcard84
[DEBUG] Dynamically added transition from wildcard58 to wildcard84
[DEBUG] Dynamically added transition from wildcard13 to wildcard84
[DEBUG] Dynamically added transition from wildcard57 to wildcard84
[DEBUG] Dynamically added transition from wildcard12 to wildcard84
[DEBUG] Dynamically added transition from wildcard56 to wildcard84
[DEBUG] Dynamically added transition from wildcard11 to wildcard84
[DEBUG] Dynamically added transition from wildcard55 to wildcard84
[DEBUG] Dynamically added transition from wildcard10 to wildcard84
[DEBUG] Dynamically added transition from wildcard54 to wildcard84
[DEBUG] Dynamically added transition from wildcard53 to wildcard84
[DEBUG] Dynamically added transition from start to wildcard84
[DEBUG] Dynamically added transition from wildcard52 to wildcard84
[DEBUG] Dynamically added transition from wildcard51 to wildcard84
[DEBUG] Dynamically added transition from wildcard50 to wildcard84
[DEBUG] Dynamically added transition from wildcard84 to wildcard27
[DEBUG] Dynamically added transition from wildcard84 to wildcard26
[DEBUG] Dynamically added transition from wildcard84 to wildcard25
[DEBUG] Dynamically added transition from wildcard84 to wildcard69
[DEBUG] Dynamically added transition from wildcard84 to wildcard24
[DEBUG] Dynamically added transition from wildcard84 to wildcard68
[DEBUG] Dynamically added transition from wildcard84 to wildcard23
[DEBUG] Dynamically added transition from wildcard84 to wildcard67
[DEBUG] Dynamically added transition from wildcard84 to wildcard22
[DEBUG] Dynamically added transition from wildcard84 to wildcard66
[DEBUG] Dynamically added transition from wildcard84 to wildcard1
[DEBUG] Dynamically added transition from wildcard84 to wildcard21
[DEBUG] Dynamically added transition from wildcard84 to wildcard65
[DEBUG] Dynamically added transition from wildcard84 to wildcard0
[DEBUG] Dynamically added transition from wildcard84 to wildcard20
[DEBUG] Dynamically added transition from wildcard84 to wildcard64
[DEBUG] Dynamically added transition from wildcard84 to wildcard3
[DEBUG] Dynamically added transition from wildcard84 to wildcard63
[DEBUG] Dynamically added transition from wildcard84 to wildcard2
[DEBUG] Dynamically added transition from wildcard84 to wildcard62
[DEBUG] Dynamically added transition from wildcard84 to wildcard5
[DEBUG] Dynamically added transition from wildcard84 to wildcard61
[DEBUG] Dynamically added transition from wildcard84 to wildcard4
[DEBUG] Dynamically added transition from wildcard84 to wildcard60
[DEBUG] Dynamically added transition from wildcard84 to wildcard7
[DEBUG] Dynamically added transition from wildcard84 to wildcard6
[DEBUG] Dynamically added transition from wildcard84 to wildcard9
[DEBUG] Dynamically added transition from wildcard84 to wildcard8
[DEBUG] Dynamically added transition from wildcard84 to wildcard19
[DEBUG] Dynamically added transition from wildcard84 to wildcard18
[DEBUG] Dynamically added transition from wildcard84 to wildcard17
[DEBUG] Dynamically added transition from wildcard84 to wildcard38
[DEBUG] Dynamically added transition from wildcard84 to wildcard37
[DEBUG] Dynamically added transition from wildcard84 to wildcard36
[DEBUG] Dynamically added transition from wildcard84 to wildcard35
[DEBUG] Dynamically added transition from wildcard84 to wildcard79
[DEBUG] Dynamically added transition from wildcard84 to wildcard34
[DEBUG] Dynamically added transition from wildcard84 to wildcard78
[DEBUG] Dynamically added transition from wildcard84 to wildcard33
[DEBUG] Dynamically added transition from wildcard84 to wildcard77
[DEBUG] Dynamically added transition from wildcard84 to wildcard32
[DEBUG] Dynamically added transition from wildcard84 to wildcard76
[DEBUG] Dynamically added transition from wildcard84 to wildcard31
[DEBUG] Dynamically added transition from wildcard84 to wildcard75
[DEBUG] Dynamically added transition from wildcard84 to wildcard30
[DEBUG] Dynamically added transition from wildcard84 to wildcard74
[DEBUG] Dynamically added transition from wildcard84 to wildcard73
[DEBUG] Dynamically added transition from wildcard84 to wildcard72
[DEBUG] Dynamically added transition from wildcard84 to wildcard71
[DEBUG] Dynamically added transition from wildcard84 to wildcard70
[DEBUG] Dynamically added transition from wildcard84 to .*
[DEBUG] Dynamically added transition from wildcard84 to wildcard29
[DEBUG] Dynamically added transition from wildcard84 to wildcard28
[DEBUG] Dynamically added transition from wildcard84 to wildcard49
[DEBUG] Dynamically added transition from wildcard84 to wildcard48
[DEBUG] Dynamically added transition from wildcard84 to wildcard47
[DEBUG] Dynamically added transition from wildcard84 to wildcard46
[DEBUG] Dynamically added transition from wildcard84 to wildcard45
[DEBUG] Dynamically added transition from wildcard84 to wildcard44
[DEBUG] Dynamically added transition from wildcard84 to wildcard43
[DEBUG] Dynamically added transition from wildcard84 to wildcard42
[DEBUG] Dynamically added transition from wildcard84 to INITIAL
[DEBUG] Dynamically added transition from wildcard84 to wildcard41
[DEBUG] Dynamically added transition from wildcard84 to wildcard40
[DEBUG] Dynamically added transition from wildcard84 to wildcard84
[DEBUG] Dynamically added transition from wildcard84 to wildcard83
[DEBUG] Dynamically added transition from wildcard84 to wildcard82
[DEBUG] Dynamically added transition from wildcard84 to wildcard81
[DEBUG] Dynamically added transition from wildcard84 to wildcard80
[DEBUG] Dynamically added transition from wildcard84 to end
[DEBUG] Dynamically added transition from wildcard84 to wildcard39
[DEBUG] Dynamically added transition from wildcard84 to wildcard16
[DEBUG] Dynamically added transition from wildcard84 to wildcard15
[DEBUG] Dynamically added transition from wildcard84 to wildcard59
[DEBUG] Dynamically added transition from wildcard84 to wildcard14
[DEBUG] Dynamically added transition from wildcard84 to wildcard58
[DEBUG] Dynamically added transition from wildcard84 to middle
[DEBUG] Dynamically added transition from wildcard84 to wildcard13
[DEBUG] Dynamically added transition from wildcard84 to wildcard57
[DEBUG] Dynamically added transition from wildcard84 to wildcard12
[DEBUG] Dynamically added transition from wildcard84 to wildcard56
[DEBUG] Dynamically added transition from wildcard84 to wildcard11
[DEBUG] Dynamically added transition from wildcard84 to wildcard55
[DEBUG] Dynamically added transition from wildcard84 to wildcard10
[DEBUG] Dynamically added transition from wildcard84 to wildcard54
[DEBUG] Dynamically added transition from wildcard84 to wildcard53
[DEBUG] Dynamically added transition from wildcard84 to start
[DEBUG] Dynamically added transition from wildcard84 to wildcard52
[DEBUG] Dynamically added transition from wildcard84 to wildcard51
[DEBUG] Dynamically added transition from wildcard84 to wildcard50
[INFO] Wildcard transition valid to state: wildcard84
[INFO] Wildcard transition detected from wildcard84 to wildcard85
[DEBUG] Created intermediate state for wildcard transition: wildcard85
[DEBUG] Dynamically added transition from wildcard84 to wildcard85
[DEBUG] Dynamically added transition from wildcard27 to wildcard85
[DEBUG] Dynamically added transition from wildcard26 to wildcard85
[DEBUG] Dynamically added transition from wildcard25 to wildcard85
[DEBUG] Dynamically added transition from wildcard69 to wildcard85
[DEBUG] Dynamically added transition from wildcard24 to wildcard85
[DEBUG] Dynamically added transition from wildcard68 to wildcard85
[DEBUG] Dynamically added transition from wildcard23 to wildcard85
[DEBUG] Dynamically added transition from wildcard67 to wildcard85
[DEBUG] Dynamically added transition from wildcard22 to wildcard85
[DEBUG] Dynamically added transition from wildcard66 to wildcard85
[DEBUG] Dynamically added transition from wildcard1 to wildcard85
[DEBUG] Dynamically added transition from wildcard21 to wildcard85
[DEBUG] Dynamically added transition from wildcard65 to wildcard85
[DEBUG] Dynamically added transition from wildcard0 to wildcard85
[DEBUG] Dynamically added transition from wildcard20 to wildcard85
[DEBUG] Dynamically added transition from wildcard64 to wildcard85
[DEBUG] Dynamically added transition from wildcard3 to wildcard85
[DEBUG] Dynamically added transition from wildcard63 to wildcard85
[DEBUG] Dynamically added transition from wildcard2 to wildcard85
[DEBUG] Dynamically added transition from wildcard62 to wildcard85
[DEBUG] Dynamically added transition from wildcard5 to wildcard85
[DEBUG] Dynamically added transition from wildcard61 to wildcard85
[DEBUG] Dynamically added transition from wildcard4 to wildcard85
[DEBUG] Dynamically added transition from wildcard60 to wildcard85
[DEBUG] Dynamically added transition from wildcard7 to wildcard85
[DEBUG] Dynamically added transition from wildcard6 to wildcard85
[DEBUG] Dynamically added transition from wildcard9 to wildcard85
[DEBUG] Dynamically added transition from wildcard8 to wildcard85
[DEBUG] Dynamically added transition from wildcard19 to wildcard85
[DEBUG] Dynamically added transition from wildcard18 to wildcard85
[DEBUG] Dynamically added transition from wildcard17 to wildcard85
[DEBUG] Dynamically added transition from wildcard38 to wildcard85
[DEBUG] Dynamically added transition from wildcard37 to wildcard85
[DEBUG] Dynamically added transition from wildcard36 to wildcard85
[DEBUG] Dynamically added transition from wildcard35 to wildcard85
[DEBUG] Dynamically added transition from wildcard79 to wildcard85
[DEBUG] Dynamically added transition from wildcard34 to wildcard85
[DEBUG] Dynamically added transition from wildcard78 to wildcard85
[DEBUG] Dynamically added transition from wildcard33 to wildcard85
[DEBUG] Dynamically added transition from wildcard77 to wildcard85
[DEBUG] Dynamically added transition from wildcard32 to wildcard85
[DEBUG] Dynamically added transition from wildcard76 to wildcard85
[DEBUG] Dynamically added transition from wildcard31 to wildcard85
[DEBUG] Dynamically added transition from wildcard75 to wildcard85
[DEBUG] Dynamically added transition from wildcard30 to wildcard85
[DEBUG] Dynamically added transition from wildcard74 to wildcard85
[DEBUG] Dynamically added transition from wildcard73 to wildcard85
[DEBUG] Dynamically added transition from wildcard72 to wildcard85
[DEBUG] Dynamically added transition from wildcard71 to wildcard85
[DEBUG] Dynamically added transition from wildcard70 to wildcard85
[DEBUG] Dynamically added transition from wildcard29 to wildcard85
[DEBUG] Dynamically added transition from wildcard28 to wildcard85
[DEBUG] Dynamically added transition from wildcard49 to wildcard85
[DEBUG] Dynamically added transition from wildcard48 to wildcard85
[DEBUG] Dynamically added transition from wildcard47 to wildcard85
[DEBUG] Dynamically added transition from wildcard46 to wildcard85
[DEBUG] Dynamically added transition from wildcard45 to wildcard85
[DEBUG] Dynamically added transition from wildcard44 to wildcard85
[DEBUG] Dynamically added transition from wildcard43 to wildcard85
[DEBUG] Dynamically added transition from wildcard42 to wildcard85
[DEBUG] Dynamically added transition from INITIAL to wildcard85
[DEBUG] Dynamically added transition from wildcard41 to wildcard85
[DEBUG] Dynamically added transition from wildcard40 to wildcard85
[DEBUG] Dynamically added transition from wildcard83 to wildcard85
[DEBUG] Dynamically added transition from wildcard82 to wildcard85
[DEBUG] Dynamically added transition from wildcard81 to wildcard85
[DEBUG] Dynamically added transition from wildcard80 to wildcard85
[DEBUG] Dynamically added transition from wildcard39 to wildcard85
[DEBUG] Dynamically added transition from wildcard16 to wildcard85
[DEBUG] Dynamically added transition from wildcard15 to wildcard85
[DEBUG] Dynamically added transition from wildcard59 to wildcard85
[DEBUG] Dynamically added transition from wildcard14 to wildcard85
[DEBUG] Dynamically added transition from wildcard58 to wildcard85
[DEBUG] Dynamically added transition from wildcard13 to wildcard85
[DEBUG] Dynamically added transition from wildcard57 to wildcard85
[DEBUG] Dynamically added transition from wildcard12 to wildcard85
[DEBUG] Dynamically added transition from wildcard56 to wildcard85
[DEBUG] Dynamically added transition from wildcard11 to wildcard85
[DEBUG] Dynamically added transition from wildcard55 to wildcard85
[DEBUG] Dynamically added transition from wildcard10 to wildcard85
[DEBUG] Dynamically added transition from wildcard54 to wildcard85
[DEBUG] Dynamically added transition from wildcard53 to wildcard85
[DEBUG] Dynamically added transition from start to wildcard85
[DEBUG] Dynamically added transition from wildcard52 to wildcard85
[DEBUG] Dynamically added transition from wildcard51 to wildcard85
[DEBUG] Dynamically added transition from wildcard50 to wildcard85
[DEBUG] Dynamically added transition from wildcard85 to wildcard27
[DEBUG] Dynamically added transition from wildcard85 to wildcard26
[DEBUG] Dynamically added transition from wildcard85 to wildcard25
[DEBUG] Dynamically added transition from wildcard85 to wildcard69
[DEBUG] Dynamically added transition from wildcard85 to wildcard24
[DEBUG] Dynamically added transition from wildcard85 to wildcard68
[DEBUG] Dynamically added transition from wildcard85 to wildcard23
[DEBUG] Dynamically added transition from wildcard85 to wildcard67
[DEBUG] Dynamically added transition from wildcard85 to wildcard22
[DEBUG] Dynamically added transition from wildcard85 to wildcard66
[DEBUG] Dynamically added transition from wildcard85 to wildcard1
[DEBUG] Dynamically added transition from wildcard85 to wildcard21
[DEBUG] Dynamically added transition from wildcard85 to wildcard65
[DEBUG] Dynamically added transition from wildcard85 to wildcard0
[DEBUG] Dynamically added transition from wildcard85 to wildcard20
[DEBUG] Dynamically added transition from wildcard85 to wildcard64
[DEBUG] Dynamically added transition from wildcard85 to wildcard3
[DEBUG] Dynamically added transition from wildcard85 to wildcard63
[DEBUG] Dynamically added transition from wildcard85 to wildcard2
[DEBUG] Dynamically added transition from wildcard85 to wildcard62
[DEBUG] Dynamically added transition from wildcard85 to wildcard5
[DEBUG] Dynamically added transition from wildcard85 to wildcard61
[DEBUG] Dynamically added transition from wildcard85 to wildcard4
[DEBUG] Dynamically added transition from wildcard85 to wildcard60
[DEBUG] Dynamically added transition from wildcard85 to wildcard7
[DEBUG] Dynamically added transition from wildcard85 to wildcard6
[DEBUG] Dynamically added transition from wildcard85 to wildcard9
[DEBUG] Dynamically added transition from wildcard85 to wildcard8
[DEBUG] Dynamically added transition from wildcard85 to wildcard19
[DEBUG] Dynamically added transition from wildcard85 to wildcard18
[DEBUG] Dynamically added transition from wildcard85 to wildcard17
[DEBUG] Dynamically added transition from wildcard85 to wildcard38
[DEBUG] Dynamically added transition from wildcard85 to wildcard37
[DEBUG] Dynamically added transition from wildcard85 to wildcard36
[DEBUG] Dynamically added transition from wildcard85 to wildcard35
[DEBUG] Dynamically added transition from wildcard85 to wildcard79
[DEBUG] Dynamically added transition from wildcard85 to wildcard34
[DEBUG] Dynamically added transition from wildcard85 to wildcard78
[DEBUG] Dynamically added transition from wildcard85 to wildcard33
[DEBUG] Dynamically added transition from wildcard85 to wildcard77
[DEBUG] Dynamically added transition from wildcard85 to wildcard32
[DEBUG] Dynamically added transition from wildcard85 to wildcard76
[DEBUG] Dynamically added transition from wildcard85 to wildcard31
[DEBUG] Dynamically added transition from wildcard85 to wildcard75
[DEBUG] Dynamically added transition from wildcard85 to wildcard30
[DEBUG] Dynamically added transition from wildcard85 to wildcard74
[DEBUG] Dynamically added transition from wildcard85 to wildcard73
[DEBUG] Dynamically added transition from wildcard85 to wildcard72
[DEBUG] Dynamically added transition from wildcard85 to wildcard71
[DEBUG] Dynamically added transition from wildcard85 to wildcard70
[DEBUG] Dynamically added transition from wildcard85 to .*
[DEBUG] Dynamically added transition from wildcard85 to wildcard29
[DEBUG] Dynamically added transition from wildcard85 to wildcard28
[DEBUG] Dynamically added transition from wildcard85 to wildcard49
[DEBUG] Dynamically added transition from wildcard85 to wildcard48
[DEBUG] Dynamically added transition from wildcard85 to wildcard47
[DEBUG] Dynamically added transition from wildcard85 to wildcard46
[DEBUG] Dynamically added transition from wildcard85 to wildcard45
[DEBUG] Dynamically added transition from wildcard85 to wildcard44
[DEBUG] Dynamically added transition from wildcard85 to wildcard43
[DEBUG] Dynamically added transition from wildcard85 to wildcard42
[DEBUG] Dynamically added transition from wildcard85 to INITIAL
[DEBUG] Dynamically added transition from wildcard85 to wildcard41
[DEBUG] Dynamically added transition from wildcard85 to wildcard85
[DEBUG] Dynamically added transition from wildcard85 to wildcard40
[DEBUG] Dynamically added transition from wildcard85 to wildcard84
[DEBUG] Dynamically added transition from wildcard85 to wildcard83
[DEBUG] Dynamically added transition from wildcard85 to wildcard82
[DEBUG] Dynamically added transition from wildcard85 to wildcard81
[DEBUG] Dynamically added transition from wildcard85 to wildcard80
[DEBUG] Dynamically added transition from wildcard85 to end
[DEBUG] Dynamically added transition from wildcard85 to wildcard39
[DEBUG] Dynamically added transition from wildcard85 to wildcard16
[DEBUG] Dynamically added transition from wildcard85 to wildcard15
[DEBUG] Dynamically added transition from wildcard85 to wildcard59
[DEBUG] Dynamically added transition from wildcard85 to wildcard14
[DEBUG] Dynamically added transition from wildcard85 to wildcard58
[DEBUG] Dynamically added transition from wildcard85 to middle
[DEBUG] Dynamically added transition from wildcard85 to wildcard13
[DEBUG] Dynamically added transition from wildcard85 to wildcard57
[DEBUG] Dynamically added transition from wildcard85 to wildcard12
[DEBUG] Dynamically added transition from wildcard85 to wildcard56
[DEBUG] Dynamically added transition from wildcard85 to wildcard11
[DEBUG] Dynamically added transition from wildcard85 to wildcard55
[DEBUG] Dynamically added transition from wildcard85 to wildcard10
[DEBUG] Dynamically added transition from wildcard85 to wildcard54
[DEBUG] Dynamically added transition from wildcard85 to wildcard53
[DEBUG] Dynamically added transition from wildcard85 to start
[DEBUG] Dynamically added transition from wildcard85 to wildcard52
[DEBUG] Dynamically added transition from wildcard85 to wildcard51
[DEBUG] Dynamically added transition from wildcard85 to wildcard50
[INFO] Wildcard transition valid to state: wildcard85
[INFO] Wildcard transition detected from wildcard85 to wildcard86
[DEBUG] Created intermediate state for wildcard transition: wildcard86
[DEBUG] Dynamically added transition from wildcard85 to wildcard86
[DEBUG] Dynamically added transition from wildcard27 to wildcard86
[DEBUG] Dynamically added transition from wildcard26 to wildcard86
[DEBUG] Dynamically added transition from wildcard25 to wildcard86
[DEBUG] Dynamically added transition from wildcard69 to wildcard86
[DEBUG] Dynamically added transition from wildcard24 to wildcard86
[DEBUG] Dynamically added transition from wildcard68 to wildcard86
[DEBUG] Dynamically added transition from wildcard23 to wildcard86
[DEBUG] Dynamically added transition from wildcard67 to wildcard86
[DEBUG] Dynamically added transition from wildcard22 to wildcard86
[DEBUG] Dynamically added transition from wildcard66 to wildcard86
[DEBUG] Dynamically added transition from wildcard1 to wildcard86
[DEBUG] Dynamically added transition from wildcard21 to wildcard86
[DEBUG] Dynamically added transition from wildcard65 to wildcard86
[DEBUG] Dynamically added transition from wildcard0 to wildcard86
[DEBUG] Dynamically added transition from wildcard20 to wildcard86
[DEBUG] Dynamically added transition from wildcard64 to wildcard86
[DEBUG] Dynamically added transition from wildcard3 to wildcard86
[DEBUG] Dynamically added transition from wildcard63 to wildcard86
[DEBUG] Dynamically added transition from wildcard2 to wildcard86
[DEBUG] Dynamically added transition from wildcard62 to wildcard86
[DEBUG] Dynamically added transition from wildcard5 to wildcard86
[DEBUG] Dynamically added transition from wildcard61 to wildcard86
[DEBUG] Dynamically added transition from wildcard4 to wildcard86
[DEBUG] Dynamically added transition from wildcard60 to wildcard86
[DEBUG] Dynamically added transition from wildcard7 to wildcard86
[DEBUG] Dynamically added transition from wildcard6 to wildcard86
[DEBUG] Dynamically added transition from wildcard9 to wildcard86
[DEBUG] Dynamically added transition from wildcard8 to wildcard86
[DEBUG] Dynamically added transition from wildcard19 to wildcard86
[DEBUG] Dynamically added transition from wildcard18 to wildcard86
[DEBUG] Dynamically added transition from wildcard17 to wildcard86
[DEBUG] Dynamically added transition from wildcard38 to wildcard86
[DEBUG] Dynamically added transition from wildcard37 to wildcard86
[DEBUG] Dynamically added transition from wildcard36 to wildcard86
[DEBUG] Dynamically added transition from wildcard35 to wildcard86
[DEBUG] Dynamically added transition from wildcard79 to wildcard86
[DEBUG] Dynamically added transition from wildcard34 to wildcard86
[DEBUG] Dynamically added transition from wildcard78 to wildcard86
[DEBUG] Dynamically added transition from wildcard33 to wildcard86
[DEBUG] Dynamically added transition from wildcard77 to wildcard86
[DEBUG] Dynamically added transition from wildcard32 to wildcard86
[DEBUG] Dynamically added transition from wildcard76 to wildcard86
[DEBUG] Dynamically added transition from wildcard31 to wildcard86
[DEBUG] Dynamically added transition from wildcard75 to wildcard86
[DEBUG] Dynamically added transition from wildcard30 to wildcard86
[DEBUG] Dynamically added transition from wildcard74 to wildcard86
[DEBUG] Dynamically added transition from wildcard73 to wildcard86
[DEBUG] Dynamically added transition from wildcard72 to wildcard86
[DEBUG] Dynamically added transition from wildcard71 to wildcard86
[DEBUG] Dynamically added transition from wildcard70 to wildcard86
[DEBUG] Dynamically added transition from wildcard29 to wildcard86
[DEBUG] Dynamically added transition from wildcard28 to wildcard86
[DEBUG] Dynamically added transition from wildcard49 to wildcard86
[DEBUG] Dynamically added transition from wildcard48 to wildcard86
[DEBUG] Dynamically added transition from wildcard47 to wildcard86
[DEBUG] Dynamically added transition from wildcard46 to wildcard86
[DEBUG] Dynamically added transition from wildcard45 to wildcard86
[DEBUG] Dynamically added transition from wildcard44 to wildcard86
[DEBUG] Dynamically added transition from wildcard43 to wildcard86
[DEBUG] Dynamically added transition from wildcard42 to wildcard86
[DEBUG] Dynamically added transition from INITIAL to wildcard86
[DEBUG] Dynamically added transition from wildcard41 to wildcard86
[DEBUG] Dynamically added transition from wildcard40 to wildcard86
[DEBUG] Dynamically added transition from wildcard84 to wildcard86
[DEBUG] Dynamically added transition from wildcard83 to wildcard86
[DEBUG] Dynamically added transition from wildcard82 to wildcard86
[DEBUG] Dynamically added transition from wildcard81 to wildcard86
[DEBUG] Dynamically added transition from wildcard80 to wildcard86
[DEBUG] Dynamically added transition from wildcard39 to wildcard86
[DEBUG] Dynamically added transition from wildcard16 to wildcard86
[DEBUG] Dynamically added transition from wildcard15 to wildcard86
[DEBUG] Dynamically added transition from wildcard59 to wildcard86
[DEBUG] Dynamically added transition from wildcard14 to wildcard86
[DEBUG] Dynamically added transition from wildcard58 to wildcard86
[DEBUG] Dynamically added transition from wildcard13 to wildcard86
[DEBUG] Dynamically added transition from wildcard57 to wildcard86
[DEBUG] Dynamically added transition from wildcard12 to wildcard86
[DEBUG] Dynamically added transition from wildcard56 to wildcard86
[DEBUG] Dynamically added transition from wildcard11 to wildcard86
[DEBUG] Dynamically added transition from wildcard55 to wildcard86
[DEBUG] Dynamically added transition from wildcard10 to wildcard86
[DEBUG] Dynamically added transition from wildcard54 to wildcard86
[DEBUG] Dynamically added transition from wildcard53 to wildcard86
[DEBUG] Dynamically added transition from start to wildcard86
[DEBUG] Dynamically added transition from wildcard52 to wildcard86
[DEBUG] Dynamically added transition from wildcard51 to wildcard86
[DEBUG] Dynamically added transition from wildcard50 to wildcard86
[DEBUG] Dynamically added transition from wildcard86 to wildcard27
[DEBUG] Dynamically added transition from wildcard86 to wildcard26
[DEBUG] Dynamically added transition from wildcard86 to wildcard25
[DEBUG] Dynamically added transition from wildcard86 to wildcard69
[DEBUG] Dynamically added transition from wildcard86 to wildcard24
[DEBUG] Dynamically added transition from wildcard86 to wildcard68
[DEBUG] Dynamically added transition from wildcard86 to wildcard23
[DEBUG] Dynamically added transition from wildcard86 to wildcard67
[DEBUG] Dynamically added transition from wildcard86 to wildcard22
[DEBUG] Dynamically added transition from wildcard86 to wildcard66
[DEBUG] Dynamically added transition from wildcard86 to wildcard1
[DEBUG] Dynamically added transition from wildcard86 to wildcard21
[DEBUG] Dynamically added transition from wildcard86 to wildcard65
[DEBUG] Dynamically added transition from wildcard86 to wildcard0
[DEBUG] Dynamically added transition from wildcard86 to wildcard20
[DEBUG] Dynamically added transition from wildcard86 to wildcard64
[DEBUG] Dynamically added transition from wildcard86 to wildcard3
[DEBUG] Dynamically added transition from wildcard86 to wildcard63
[DEBUG] Dynamically added transition from wildcard86 to wildcard2
[DEBUG] Dynamically added transition from wildcard86 to wildcard62
[DEBUG] Dynamically added transition from wildcard86 to wildcard5
[DEBUG] Dynamically added transition from wildcard86 to wildcard61
[DEBUG] Dynamically added transition from wildcard86 to wildcard4
[DEBUG] Dynamically added transition from wildcard86 to wildcard60
[DEBUG] Dynamically added transition from wildcard86 to wildcard7
[DEBUG] Dynamically added transition from wildcard86 to wildcard6
[DEBUG] Dynamically added transition from wildcard86 to wildcard9
[DEBUG] Dynamically added transition from wildcard86 to wildcard8
[DEBUG] Dynamically added transition from wildcard86 to wildcard19
[DEBUG] Dynamically added transition from wildcard86 to wildcard18
[DEBUG] Dynamically added transition from wildcard86 to wildcard17
[DEBUG] Dynamically added transition from wildcard86 to wildcard38
[DEBUG] Dynamically added transition from wildcard86 to wildcard37
[DEBUG] Dynamically added transition from wildcard86 to wildcard36
[DEBUG] Dynamically added transition from wildcard86 to wildcard35
[DEBUG] Dynamically added transition from wildcard86 to wildcard79
[DEBUG] Dynamically added transition from wildcard86 to wildcard34
[DEBUG] Dynamically added transition from wildcard86 to wildcard78
[DEBUG] Dynamically added transition from wildcard86 to wildcard33
[DEBUG] Dynamically added transition from wildcard86 to wildcard77
[DEBUG] Dynamically added transition from wildcard86 to wildcard32
[DEBUG] Dynamically added transition from wildcard86 to wildcard76
[DEBUG] Dynamically added transition from wildcard86 to wildcard31
[DEBUG] Dynamically added transition from wildcard86 to wildcard75
[DEBUG] Dynamically added transition from wildcard86 to wildcard30
[DEBUG] Dynamically added transition from wildcard86 to wildcard74
[DEBUG] Dynamically added transition from wildcard86 to wildcard73
[DEBUG] Dynamically added transition from wildcard86 to wildcard72
[DEBUG] Dynamically added transition from wildcard86 to wildcard71
[DEBUG] Dynamically added transition from wildcard86 to wildcard70
[DEBUG] Dynamically added transition from wildcard86 to .*
[DEBUG] Dynamically added transition from wildcard86 to wildcard29
[DEBUG] Dynamically added transition from wildcard86 to wildcard28
[DEBUG] Dynamically added transition from wildcard86 to wildcard49
[DEBUG] Dynamically added transition from wildcard86 to wildcard48
[DEBUG] Dynamically added transition from wildcard86 to wildcard47
[DEBUG] Dynamically added transition from wildcard86 to wildcard46
[DEBUG] Dynamically added transition from wildcard86 to wildcard45
[DEBUG] Dynamically added transition from wildcard86 to wildcard44
[DEBUG] Dynamically added transition from wildcard86 to wildcard43
[DEBUG] Dynamically added transition from wildcard86 to wildcard42
[DEBUG] Dynamically added transition from wildcard86 to wildcard86
[DEBUG] Dynamically added transition from wildcard86 to INITIAL
[DEBUG] Dynamically added transition from wildcard86 to wildcard41
[DEBUG] Dynamically added transition from wildcard86 to wildcard85
[DEBUG] Dynamically added transition from wildcard86 to wildcard40
[DEBUG] Dynamically added transition from wildcard86 to wildcard84
[DEBUG] Dynamically added transition from wildcard86 to wildcard83
[DEBUG] Dynamically added transition from wildcard86 to wildcard82
[DEBUG] Dynamically added transition from wildcard86 to wildcard81
[DEBUG] Dynamically added transition from wildcard86 to wildcard80
[DEBUG] Dynamically added transition from wildcard86 to end
[DEBUG] Dynamically added transition from wildcard86 to wildcard39
[DEBUG] Dynamically added transition from wildcard86 to wildcard16
[DEBUG] Dynamically added transition from wildcard86 to wildcard15
[DEBUG] Dynamically added transition from wildcard86 to wildcard59
[DEBUG] Dynamically added transition from wildcard86 to wildcard14
[DEBUG] Dynamically added transition from wildcard86 to wildcard58
[DEBUG] Dynamically added transition from wildcard86 to middle
[DEBUG] Dynamically added transition from wildcard86 to wildcard13
[DEBUG] Dynamically added transition from wildcard86 to wildcard57
[DEBUG] Dynamically added transition from wildcard86 to wildcard12
[DEBUG] Dynamically added transition from wildcard86 to wildcard56
[DEBUG] Dynamically added transition from wildcard86 to wildcard11
[DEBUG] Dynamically added transition from wildcard86 to wildcard55
[DEBUG] Dynamically added transition from wildcard86 to wildcard10
[DEBUG] Dynamically added transition from wildcard86 to wildcard54
[DEBUG] Dynamically added transition from wildcard86 to wildcard53
[DEBUG] Dynamically added transition from wildcard86 to start
[DEBUG] Dynamically added transition from wildcard86 to wildcard52
[DEBUG] Dynamically added transition from wildcard86 to wildcard51
[DEBUG] Dynamically added transition from wildcard86 to wildcard50
[INFO] Wildcard transition valid to state: wildcard86
[INFO] Wildcard transition detected from wildcard86 to wildcard87
[DEBUG] Created intermediate state for wildcard transition: wildcard87
[DEBUG] Dynamically added transition from wildcard86 to wildcard87
[DEBUG] Dynamically added transition from wildcard27 to wildcard87
[DEBUG] Dynamically added transition from wildcard26 to wildcard87
[DEBUG] Dynamically added transition from wildcard25 to wildcard87
[DEBUG] Dynamically added transition from wildcard69 to wildcard87
[DEBUG] Dynamically added transition from wildcard24 to wildcard87
[DEBUG] Dynamically added transition from wildcard68 to wildcard87
[DEBUG] Dynamically added transition from wildcard23 to wildcard87
[DEBUG] Dynamically added transition from wildcard67 to wildcard87
[DEBUG] Dynamically added transition from wildcard22 to wildcard87
[DEBUG] Dynamically added transition from wildcard66 to wildcard87
[DEBUG] Dynamically added transition from wildcard1 to wildcard87
[DEBUG] Dynamically added transition from wildcard21 to wildcard87
[DEBUG] Dynamically added transition from wildcard65 to wildcard87
[DEBUG] Dynamically added transition from wildcard0 to wildcard87
[DEBUG] Dynamically added transition from wildcard20 to wildcard87
[DEBUG] Dynamically added transition from wildcard64 to wildcard87
[DEBUG] Dynamically added transition from wildcard3 to wildcard87
[DEBUG] Dynamically added transition from wildcard63 to wildcard87
[DEBUG] Dynamically added transition from wildcard2 to wildcard87
[DEBUG] Dynamically added transition from wildcard62 to wildcard87
[DEBUG] Dynamically added transition from wildcard5 to wildcard87
[DEBUG] Dynamically added transition from wildcard61 to wildcard87
[DEBUG] Dynamically added transition from wildcard4 to wildcard87
[DEBUG] Dynamically added transition from wildcard60 to wildcard87
[DEBUG] Dynamically added transition from wildcard7 to wildcard87
[DEBUG] Dynamically added transition from wildcard6 to wildcard87
[DEBUG] Dynamically added transition from wildcard9 to wildcard87
[DEBUG] Dynamically added transition from wildcard8 to wildcard87
[DEBUG] Dynamically added transition from wildcard19 to wildcard87
[DEBUG] Dynamically added transition from wildcard18 to wildcard87
[DEBUG] Dynamically added transition from wildcard17 to wildcard87
[DEBUG] Dynamically added transition from wildcard38 to wildcard87
[DEBUG] Dynamically added transition from wildcard37 to wildcard87
[DEBUG] Dynamically added transition from wildcard36 to wildcard87
[DEBUG] Dynamically added transition from wildcard35 to wildcard87
[DEBUG] Dynamically added transition from wildcard79 to wildcard87
[DEBUG] Dynamically added transition from wildcard34 to wildcard87
[DEBUG] Dynamically added transition from wildcard78 to wildcard87
[DEBUG] Dynamically added transition from wildcard33 to wildcard87
[DEBUG] Dynamically added transition from wildcard77 to wildcard87
[DEBUG] Dynamically added transition from wildcard32 to wildcard87
[DEBUG] Dynamically added transition from wildcard76 to wildcard87
[DEBUG] Dynamically added transition from wildcard31 to wildcard87
[DEBUG] Dynamically added transition from wildcard75 to wildcard87
[DEBUG] Dynamically added transition from wildcard30 to wildcard87
[DEBUG] Dynamically added transition from wildcard74 to wildcard87
[DEBUG] Dynamically added transition from wildcard73 to wildcard87
[DEBUG] Dynamically added transition from wildcard72 to wildcard87
[DEBUG] Dynamically added transition from wildcard71 to wildcard87
[DEBUG] Dynamically added transition from wildcard70 to wildcard87
[DEBUG] Dynamically added transition from wildcard29 to wildcard87
[DEBUG] Dynamically added transition from wildcard28 to wildcard87
[DEBUG] Dynamically added transition from wildcard49 to wildcard87
[DEBUG] Dynamically added transition from wildcard48 to wildcard87
[DEBUG] Dynamically added transition from wildcard47 to wildcard87
[DEBUG] Dynamically added transition from wildcard46 to wildcard87
[DEBUG] Dynamically added transition from wildcard45 to wildcard87
[DEBUG] Dynamically added transition from wildcard44 to wildcard87
[DEBUG] Dynamically added transition from wildcard43 to wildcard87
[DEBUG] Dynamically added transition from wildcard42 to wildcard87
[DEBUG] Dynamically added transition from INITIAL to wildcard87
[DEBUG] Dynamically added transition from wildcard41 to wildcard87
[DEBUG] Dynamically added transition from wildcard85 to wildcard87
[DEBUG] Dynamically added transition from wildcard40 to wildcard87
[DEBUG] Dynamically added transition from wildcard84 to wildcard87
[DEBUG] Dynamically added transition from wildcard83 to wildcard87
[DEBUG] Dynamically added transition from wildcard82 to wildcard87
[DEBUG] Dynamically added transition from wildcard81 to wildcard87
[DEBUG] Dynamically added transition from wildcard80 to wildcard87
[DEBUG] Dynamically added transition from wildcard39 to wildcard87
[DEBUG] Dynamically added transition from wildcard16 to wildcard87
[DEBUG] Dynamically added transition from wildcard15 to wildcard87
[DEBUG] Dynamically added transition from wildcard59 to wildcard87
[DEBUG] Dynamically added transition from wildcard14 to wildcard87
[DEBUG] Dynamically added transition from wildcard58 to wildcard87
[DEBUG] Dynamically added transition from wildcard13 to wildcard87
[DEBUG] Dynamically added transition from wildcard57 to wildcard87
[DEBUG] Dynamically added transition from wildcard12 to wildcard87
[DEBUG] Dynamically added transition from wildcard56 to wildcard87
[DEBUG] Dynamically added transition from wildcard11 to wildcard87
[DEBUG] Dynamically added transition from wildcard55 to wildcard87
[DEBUG] Dynamically added transition from wildcard10 to wildcard87
[DEBUG] Dynamically added transition from wildcard54 to wildcard87
[DEBUG] Dynamically added transition from wildcard53 to wildcard87
[DEBUG] Dynamically added transition from start to wildcard87
[DEBUG] Dynamically added transition from wildcard52 to wildcard87
[DEBUG] Dynamically added transition from wildcard51 to wildcard87
[DEBUG] Dynamically added transition from wildcard50 to wildcard87
[DEBUG] Dynamically added transition from wildcard87 to wildcard27
[DEBUG] Dynamically added transition from wildcard87 to wildcard26
[DEBUG] Dynamically added transition from wildcard87 to wildcard25
[DEBUG] Dynamically added transition from wildcard87 to wildcard69
[DEBUG] Dynamically added transition from wildcard87 to wildcard24
[DEBUG] Dynamically added transition from wildcard87 to wildcard68
[DEBUG] Dynamically added transition from wildcard87 to wildcard23
[DEBUG] Dynamically added transition from wildcard87 to wildcard67
[DEBUG] Dynamically added transition from wildcard87 to wildcard22
[DEBUG] Dynamically added transition from wildcard87 to wildcard66
[DEBUG] Dynamically added transition from wildcard87 to wildcard1
[DEBUG] Dynamically added transition from wildcard87 to wildcard21
[DEBUG] Dynamically added transition from wildcard87 to wildcard65
[DEBUG] Dynamically added transition from wildcard87 to wildcard0
[DEBUG] Dynamically added transition from wildcard87 to wildcard20
[DEBUG] Dynamically added transition from wildcard87 to wildcard64
[DEBUG] Dynamically added transition from wildcard87 to wildcard3
[DEBUG] Dynamically added transition from wildcard87 to wildcard63
[DEBUG] Dynamically added transition from wildcard87 to wildcard2
[DEBUG] Dynamically added transition from wildcard87 to wildcard62
[DEBUG] Dynamically added transition from wildcard87 to wildcard5
[DEBUG] Dynamically added transition from wildcard87 to wildcard61
[DEBUG] Dynamically added transition from wildcard87 to wildcard4
[DEBUG] Dynamically added transition from wildcard87 to wildcard60
[DEBUG] Dynamically added transition from wildcard87 to wildcard7
[DEBUG] Dynamically added transition from wildcard87 to wildcard6
[DEBUG] Dynamically added transition from wildcard87 to wildcard9
[DEBUG] Dynamically added transition from wildcard87 to wildcard8
[DEBUG] Dynamically added transition from wildcard87 to wildcard19
[DEBUG] Dynamically added transition from wildcard87 to wildcard18
[DEBUG] Dynamically added transition from wildcard87 to wildcard17
[DEBUG] Dynamically added transition from wildcard87 to wildcard38
[DEBUG] Dynamically added transition from wildcard87 to wildcard37
[DEBUG] Dynamically added transition from wildcard87 to wildcard36
[DEBUG] Dynamically added transition from wildcard87 to wildcard35
[DEBUG] Dynamically added transition from wildcard87 to wildcard79
[DEBUG] Dynamically added transition from wildcard87 to wildcard34
[DEBUG] Dynamically added transition from wildcard87 to wildcard78
[DEBUG] Dynamically added transition from wildcard87 to wildcard33
[DEBUG] Dynamically added transition from wildcard87 to wildcard77
[DEBUG] Dynamically added transition from wildcard87 to wildcard32
[DEBUG] Dynamically added transition from wildcard87 to wildcard76
[DEBUG] Dynamically added transition from wildcard87 to wildcard31
[DEBUG] Dynamically added transition from wildcard87 to wildcard75
[DEBUG] Dynamically added transition from wildcard87 to wildcard30
[DEBUG] Dynamically added transition from wildcard87 to wildcard74
[DEBUG] Dynamically added transition from wildcard87 to wildcard73
[DEBUG] Dynamically added transition from wildcard87 to wildcard72
[DEBUG] Dynamically added transition from wildcard87 to wildcard71
[DEBUG] Dynamically added transition from wildcard87 to wildcard70
[DEBUG] Dynamically added transition from wildcard87 to .*
[DEBUG] Dynamically added transition from wildcard87 to wildcard29
[DEBUG] Dynamically added transition from wildcard87 to wildcard28
[DEBUG] Dynamically added transition from wildcard87 to wildcard49
[DEBUG] Dynamically added transition from wildcard87 to wildcard48
[DEBUG] Dynamically added transition from wildcard87 to wildcard47
[DEBUG] Dynamically added transition from wildcard87 to wildcard46
[DEBUG] Dynamically added transition from wildcard87 to wildcard45
[DEBUG] Dynamically added transition from wildcard87 to wildcard44
[DEBUG] Dynamically added transition from wildcard87 to wildcard43
[DEBUG] Dynamically added transition from wildcard87 to wildcard87
[DEBUG] Dynamically added transition from wildcard87 to wildcard42
[DEBUG] Dynamically added transition from wildcard87 to wildcard86
[DEBUG] Dynamically added transition from wildcard87 to INITIAL
[DEBUG] Dynamically added transition from wildcard87 to wildcard41
[DEBUG] Dynamically added transition from wildcard87 to wildcard85
[DEBUG] Dynamically added transition from wildcard87 to wildcard40
[DEBUG] Dynamically added transition from wildcard87 to wildcard84
[DEBUG] Dynamically added transition from wildcard87 to wildcard83
[DEBUG] Dynamically added transition from wildcard87 to wildcard82
[DEBUG] Dynamically added transition from wildcard87 to wildcard81
[DEBUG] Dynamically added transition from wildcard87 to wildcard80
[DEBUG] Dynamically added transition from wildcard87 to end
[DEBUG] Dynamically added transition from wildcard87 to wildcard39
[DEBUG] Dynamically added transition from wildcard87 to wildcard16
[DEBUG] Dynamically added transition from wildcard87 to wildcard15
[DEBUG] Dynamically added transition from wildcard87 to wildcard59
[DEBUG] Dynamically added transition from wildcard87 to wildcard14
[DEBUG] Dynamically added transition from wildcard87 to wildcard58
[DEBUG] Dynamically added transition from wildcard87 to middle
[DEBUG] Dynamically added transition from wildcard87 to wildcard13
[DEBUG] Dynamically added transition from wildcard87 to wildcard57
[DEBUG] Dynamically added transition from wildcard87 to wildcard12
[DEBUG] Dynamically added transition from wildcard87 to wildcard56
[DEBUG] Dynamically added transition from wildcard87 to wildcard11
[DEBUG] Dynamically added transition from wildcard87 to wildcard55
[DEBUG] Dynamically added transition from wildcard87 to wildcard10
[DEBUG] Dynamically added transition from wildcard87 to wildcard54
[DEBUG] Dynamically added transition from wildcard87 to wildcard53
[DEBUG] Dynamically added transition from wildcard87 to start
[DEBUG] Dynamically added transition from wildcard87 to wildcard52
[DEBUG] Dynamically added transition from wildcard87 to wildcard51
[DEBUG] Dynamically added transition from wildcard87 to wildcard50
[INFO] Wildcard transition valid to state: wildcard87
[INFO] Wildcard transition detected from wildcard87 to wildcard88
[DEBUG] Created intermediate state for wildcard transition: wildcard88
[DEBUG] Dynamically added transition from wildcard87 to wildcard88
[DEBUG] Dynamically added transition from wildcard27 to wildcard88
[DEBUG] Dynamically added transition from wildcard26 to wildcard88
[DEBUG] Dynamically added transition from wildcard25 to wildcard88
[DEBUG] Dynamically added transition from wildcard69 to wildcard88
[DEBUG] Dynamically added transition from wildcard24 to wildcard88
[DEBUG] Dynamically added transition from wildcard68 to wildcard88
[DEBUG] Dynamically added transition from wildcard23 to wildcard88
[DEBUG] Dynamically added transition from wildcard67 to wildcard88
[DEBUG] Dynamically added transition from wildcard22 to wildcard88
[DEBUG] Dynamically added transition from wildcard66 to wildcard88
[DEBUG] Dynamically added transition from wildcard1 to wildcard88
[DEBUG] Dynamically added transition from wildcard21 to wildcard88
[DEBUG] Dynamically added transition from wildcard65 to wildcard88
[DEBUG] Dynamically added transition from wildcard0 to wildcard88
[DEBUG] Dynamically added transition from wildcard20 to wildcard88
[DEBUG] Dynamically added transition from wildcard64 to wildcard88
[DEBUG] Dynamically added transition from wildcard3 to wildcard88
[DEBUG] Dynamically added transition from wildcard63 to wildcard88
[DEBUG] Dynamically added transition from wildcard2 to wildcard88
[DEBUG] Dynamically added transition from wildcard62 to wildcard88
[DEBUG] Dynamically added transition from wildcard5 to wildcard88
[DEBUG] Dynamically added transition from wildcard61 to wildcard88
[DEBUG] Dynamically added transition from wildcard4 to wildcard88
[DEBUG] Dynamically added transition from wildcard60 to wildcard88
[DEBUG] Dynamically added transition from wildcard7 to wildcard88
[DEBUG] Dynamically added transition from wildcard6 to wildcard88
[DEBUG] Dynamically added transition from wildcard9 to wildcard88
[DEBUG] Dynamically added transition from wildcard8 to wildcard88
[DEBUG] Dynamically added transition from wildcard19 to wildcard88
[DEBUG] Dynamically added transition from wildcard18 to wildcard88
[DEBUG] Dynamically added transition from wildcard17 to wildcard88
[DEBUG] Dynamically added transition from wildcard38 to wildcard88
[DEBUG] Dynamically added transition from wildcard37 to wildcard88
[DEBUG] Dynamically added transition from wildcard36 to wildcard88
[DEBUG] Dynamically added transition from wildcard35 to wildcard88
[DEBUG] Dynamically added transition from wildcard79 to wildcard88
[DEBUG] Dynamically added transition from wildcard34 to wildcard88
[DEBUG] Dynamically added transition from wildcard78 to wildcard88
[DEBUG] Dynamically added transition from wildcard33 to wildcard88
[DEBUG] Dynamically added transition from wildcard77 to wildcard88
[DEBUG] Dynamically added transition from wildcard32 to wildcard88
[DEBUG] Dynamically added transition from wildcard76 to wildcard88
[DEBUG] Dynamically added transition from wildcard31 to wildcard88
[DEBUG] Dynamically added transition from wildcard75 to wildcard88
[DEBUG] Dynamically added transition from wildcard30 to wildcard88
[DEBUG] Dynamically added transition from wildcard74 to wildcard88
[DEBUG] Dynamically added transition from wildcard73 to wildcard88
[DEBUG] Dynamically added transition from wildcard72 to wildcard88
[DEBUG] Dynamically added transition from wildcard71 to wildcard88
[DEBUG] Dynamically added transition from wildcard70 to wildcard88
[DEBUG] Dynamically added transition from wildcard29 to wildcard88
[DEBUG] Dynamically added transition from wildcard28 to wildcard88
[DEBUG] Dynamically added transition from wildcard49 to wildcard88
[DEBUG] Dynamically added transition from wildcard48 to wildcard88
[DEBUG] Dynamically added transition from wildcard47 to wildcard88
[DEBUG] Dynamically added transition from wildcard46 to wildcard88
[DEBUG] Dynamically added transition from wildcard45 to wildcard88
[DEBUG] Dynamically added transition from wildcard44 to wildcard88
[DEBUG] Dynamically added transition from wildcard43 to wildcard88
[DEBUG] Dynamically added transition from wildcard42 to wildcard88
[DEBUG] Dynamically added transition from wildcard86 to wildcard88
[DEBUG] Dynamically added transition from INITIAL to wildcard88
[DEBUG] Dynamically added transition from wildcard41 to wildcard88
[DEBUG] Dynamically added transition from wildcard85 to wildcard88
[DEBUG] Dynamically added transition from wildcard40 to wildcard88
[DEBUG] Dynamically added transition from wildcard84 to wildcard88
[DEBUG] Dynamically added transition from wildcard83 to wildcard88
[DEBUG] Dynamically added transition from wildcard82 to wildcard88
[DEBUG] Dynamically added transition from wildcard81 to wildcard88
[DEBUG] Dynamically added transition from wildcard80 to wildcard88
[DEBUG] Dynamically added transition from wildcard39 to wildcard88
[DEBUG] Dynamically added transition from wildcard16 to wildcard88
[DEBUG] Dynamically added transition from wildcard15 to wildcard88
[DEBUG] Dynamically added transition from wildcard59 to wildcard88
[DEBUG] Dynamically added transition from wildcard14 to wildcard88
[DEBUG] Dynamically added transition from wildcard58 to wildcard88
[DEBUG] Dynamically added transition from wildcard13 to wildcard88
[DEBUG] Dynamically added transition from wildcard57 to wildcard88
[DEBUG] Dynamically added transition from wildcard12 to wildcard88
[DEBUG] Dynamically added transition from wildcard56 to wildcard88
[DEBUG] Dynamically added transition from wildcard11 to wildcard88
[DEBUG] Dynamically added transition from wildcard55 to wildcard88
[DEBUG] Dynamically added transition from wildcard10 to wildcard88
[DEBUG] Dynamically added transition from wildcard54 to wildcard88
[DEBUG] Dynamically added transition from wildcard53 to wildcard88
[DEBUG] Dynamically added transition from start to wildcard88
[DEBUG] Dynamically added transition from wildcard52 to wildcard88
[DEBUG] Dynamically added transition from wildcard51 to wildcard88
[DEBUG] Dynamically added transition from wildcard50 to wildcard88
[DEBUG] Dynamically added transition from wildcard88 to wildcard27
[DEBUG] Dynamically added transition from wildcard88 to wildcard26
[DEBUG] Dynamically added transition from wildcard88 to wildcard25
[DEBUG] Dynamically added transition from wildcard88 to wildcard69
[DEBUG] Dynamically added transition from wildcard88 to wildcard24
[DEBUG] Dynamically added transition from wildcard88 to wildcard68
[DEBUG] Dynamically added transition from wildcard88 to wildcard23
[DEBUG] Dynamically added transition from wildcard88 to wildcard67
[DEBUG] Dynamically added transition from wildcard88 to wildcard22
[DEBUG] Dynamically added transition from wildcard88 to wildcard66
[DEBUG] Dynamically added transition from wildcard88 to wildcard1
[DEBUG] Dynamically added transition from wildcard88 to wildcard21
[DEBUG] Dynamically added transition from wildcard88 to wildcard65
[DEBUG] Dynamically added transition from wildcard88 to wildcard0
[DEBUG] Dynamically added transition from wildcard88 to wildcard20
[DEBUG] Dynamically added transition from wildcard88 to wildcard64
[DEBUG] Dynamically added transition from wildcard88 to wildcard3
[DEBUG] Dynamically added transition from wildcard88 to wildcard63
[DEBUG] Dynamically added transition from wildcard88 to wildcard2
[DEBUG] Dynamically added transition from wildcard88 to wildcard62
[DEBUG] Dynamically added transition from wildcard88 to wildcard5
[DEBUG] Dynamically added transition from wildcard88 to wildcard61
[DEBUG] Dynamically added transition from wildcard88 to wildcard4
[DEBUG] Dynamically added transition from wildcard88 to wildcard60
[DEBUG] Dynamically added transition from wildcard88 to wildcard7
[DEBUG] Dynamically added transition from wildcard88 to wildcard6
[DEBUG] Dynamically added transition from wildcard88 to wildcard9
[DEBUG] Dynamically added transition from wildcard88 to wildcard8
[DEBUG] Dynamically added transition from wildcard88 to wildcard19
[DEBUG] Dynamically added transition from wildcard88 to wildcard18
[DEBUG] Dynamically added transition from wildcard88 to wildcard17
[DEBUG] Dynamically added transition from wildcard88 to wildcard38
[DEBUG] Dynamically added transition from wildcard88 to wildcard37
[DEBUG] Dynamically added transition from wildcard88 to wildcard36
[DEBUG] Dynamically added transition from wildcard88 to wildcard35
[DEBUG] Dynamically added transition from wildcard88 to wildcard79
[DEBUG] Dynamically added transition from wildcard88 to wildcard34
[DEBUG] Dynamically added transition from wildcard88 to wildcard78
[DEBUG] Dynamically added transition from wildcard88 to wildcard33
[DEBUG] Dynamically added transition from wildcard88 to wildcard77
[DEBUG] Dynamically added transition from wildcard88 to wildcard32
[DEBUG] Dynamically added transition from wildcard88 to wildcard76
[DEBUG] Dynamically added transition from wildcard88 to wildcard31
[DEBUG] Dynamically added transition from wildcard88 to wildcard75
[DEBUG] Dynamically added transition from wildcard88 to wildcard30
[DEBUG] Dynamically added transition from wildcard88 to wildcard74
[DEBUG] Dynamically added transition from wildcard88 to wildcard73
[DEBUG] Dynamically added transition from wildcard88 to wildcard72
[DEBUG] Dynamically added transition from wildcard88 to wildcard71
[DEBUG] Dynamically added transition from wildcard88 to wildcard70
[DEBUG] Dynamically added transition from wildcard88 to .*
[DEBUG] Dynamically added transition from wildcard88 to wildcard29
[DEBUG] Dynamically added transition from wildcard88 to wildcard28
[DEBUG] Dynamically added transition from wildcard88 to wildcard49
[DEBUG] Dynamically added transition from wildcard88 to wildcard48
[DEBUG] Dynamically added transition from wildcard88 to wildcard47
[DEBUG] Dynamically added transition from wildcard88 to wildcard46
[DEBUG] Dynamically added transition from wildcard88 to wildcard45
[DEBUG] Dynamically added transition from wildcard88 to wildcard44
[DEBUG] Dynamically added transition from wildcard88 to wildcard88
[DEBUG] Dynamically added transition from wildcard88 to wildcard43
[DEBUG] Dynamically added transition from wildcard88 to wildcard87
[DEBUG] Dynamically added transition from wildcard88 to wildcard42
[DEBUG] Dynamically added transition from wildcard88 to wildcard86
[DEBUG] Dynamically added transition from wildcard88 to INITIAL
[DEBUG] Dynamically added transition from wildcard88 to wildcard41
[DEBUG] Dynamically added transition from wildcard88 to wildcard85
[DEBUG] Dynamically added transition from wildcard88 to wildcard40
[DEBUG] Dynamically added transition from wildcard88 to wildcard84
[DEBUG] Dynamically added transition from wildcard88 to wildcard83
[DEBUG] Dynamically added transition from wildcard88 to wildcard82
[DEBUG] Dynamically added transition from wildcard88 to wildcard81
[DEBUG] Dynamically added transition from wildcard88 to wildcard80
[DEBUG] Dynamically added transition from wildcard88 to end
[DEBUG] Dynamically added transition from wildcard88 to wildcard39
[DEBUG] Dynamically added transition from wildcard88 to wildcard16
[DEBUG] Dynamically added transition from wildcard88 to wildcard15
[DEBUG] Dynamically added transition from wildcard88 to wildcard59
[DEBUG] Dynamically added transition from wildcard88 to wildcard14
[DEBUG] Dynamically added transition from wildcard88 to wildcard58
[DEBUG] Dynamically added transition from wildcard88 to middle
[DEBUG] Dynamically added transition from wildcard88 to wildcard13
[DEBUG] Dynamically added transition from wildcard88 to wildcard57
[DEBUG] Dynamically added transition from wildcard88 to wildcard12
[DEBUG] Dynamically added transition from wildcard88 to wildcard56
[DEBUG] Dynamically added transition from wildcard88 to wildcard11
[DEBUG] Dynamically added transition from wildcard88 to wildcard55
[DEBUG] Dynamically added transition from wildcard88 to wildcard10
[DEBUG] Dynamically added transition from wildcard88 to wildcard54
[DEBUG] Dynamically added transition from wildcard88 to wildcard53
[DEBUG] Dynamically added transition from wildcard88 to start
[DEBUG] Dynamically added transition from wildcard88 to wildcard52
[DEBUG] Dynamically added transition from wildcard88 to wildcard51
[DEBUG] Dynamically added transition from wildcard88 to wildcard50
[INFO] Wildcard transition valid to state: wildcard88
[INFO] Wildcard transition detected from wildcard88 to wildcard89
[DEBUG] Created intermediate state for wildcard transition: wildcard89
[DEBUG] Dynamically added transition from wildcard88 to wildcard89
[DEBUG] Dynamically added transition from wildcard27 to wildcard89
[DEBUG] Dynamically added transition from wildcard26 to wildcard89
[DEBUG] Dynamically added transition from wildcard25 to wildcard89
[DEBUG] Dynamically added transition from wildcard69 to wildcard89
[DEBUG] Dynamically added transition from wildcard24 to wildcard89
[DEBUG] Dynamically added transition from wildcard68 to wildcard89
[DEBUG] Dynamically added transition from wildcard23 to wildcard89
[DEBUG] Dynamically added transition from wildcard67 to wildcard89
[DEBUG] Dynamically added transition from wildcard22 to wildcard89
[DEBUG] Dynamically added transition from wildcard66 to wildcard89
[DEBUG] Dynamically added transition from wildcard1 to wildcard89
[DEBUG] Dynamically added transition from wildcard21 to wildcard89
[DEBUG] Dynamically added transition from wildcard65 to wildcard89
[DEBUG] Dynamically added transition from wildcard0 to wildcard89
[DEBUG] Dynamically added transition from wildcard20 to wildcard89
[DEBUG] Dynamically added transition from wildcard64 to wildcard89
[DEBUG] Dynamically added transition from wildcard3 to wildcard89
[DEBUG] Dynamically added transition from wildcard63 to wildcard89
[DEBUG] Dynamically added transition from wildcard2 to wildcard89
[DEBUG] Dynamically added transition from wildcard62 to wildcard89
[DEBUG] Dynamically added transition from wildcard5 to wildcard89
[DEBUG] Dynamically added transition from wildcard61 to wildcard89
[DEBUG] Dynamically added transition from wildcard4 to wildcard89
[DEBUG] Dynamically added transition from wildcard60 to wildcard89
[DEBUG] Dynamically added transition from wildcard7 to wildcard89
[DEBUG] Dynamically added transition from wildcard6 to wildcard89
[DEBUG] Dynamically added transition from wildcard9 to wildcard89
[DEBUG] Dynamically added transition from wildcard8 to wildcard89
[DEBUG] Dynamically added transition from wildcard19 to wildcard89
[DEBUG] Dynamically added transition from wildcard18 to wildcard89
[DEBUG] Dynamically added transition from wildcard17 to wildcard89
[DEBUG] Dynamically added transition from wildcard38 to wildcard89
[DEBUG] Dynamically added transition from wildcard37 to wildcard89
[DEBUG] Dynamically added transition from wildcard36 to wildcard89
[DEBUG] Dynamically added transition from wildcard35 to wildcard89
[DEBUG] Dynamically added transition from wildcard79 to wildcard89
[DEBUG] Dynamically added transition from wildcard34 to wildcard89
[DEBUG] Dynamically added transition from wildcard78 to wildcard89
[DEBUG] Dynamically added transition from wildcard33 to wildcard89
[DEBUG] Dynamically added transition from wildcard77 to wildcard89
[DEBUG] Dynamically added transition from wildcard32 to wildcard89
[DEBUG] Dynamically added transition from wildcard76 to wildcard89
[DEBUG] Dynamically added transition from wildcard31 to wildcard89
[DEBUG] Dynamically added transition from wildcard75 to wildcard89
[DEBUG] Dynamically added transition from wildcard30 to wildcard89
[DEBUG] Dynamically added transition from wildcard74 to wildcard89
[DEBUG] Dynamically added transition from wildcard73 to wildcard89
[DEBUG] Dynamically added transition from wildcard72 to wildcard89
[DEBUG] Dynamically added transition from wildcard71 to wildcard89
[DEBUG] Dynamically added transition from wildcard70 to wildcard89
[DEBUG] Dynamically added transition from wildcard29 to wildcard89
[DEBUG] Dynamically added transition from wildcard28 to wildcard89
[DEBUG] Dynamically added transition from wildcard49 to wildcard89
[DEBUG] Dynamically added transition from wildcard48 to wildcard89
[DEBUG] Dynamically added transition from wildcard47 to wildcard89
[DEBUG] Dynamically added transition from wildcard46 to wildcard89
[DEBUG] Dynamically added transition from wildcard45 to wildcard89
[DEBUG] Dynamically added transition from wildcard44 to wildcard89
[DEBUG] Dynamically added transition from wildcard43 to wildcard89
[DEBUG] Dynamically added transition from wildcard87 to wildcard89
[DEBUG] Dynamically added transition from wildcard42 to wildcard89
[DEBUG] Dynamically added transition from wildcard86 to wildcard89
[DEBUG] Dynamically added transition from INITIAL to wildcard89
[DEBUG] Dynamically added transition from wildcard41 to wildcard89
[DEBUG] Dynamically added transition from wildcard85 to wildcard89
[DEBUG] Dynamically added transition from wildcard40 to wildcard89
[DEBUG] Dynamically added transition from wildcard84 to wildcard89
[DEBUG] Dynamically added transition from wildcard83 to wildcard89
[DEBUG] Dynamically added transition from wildcard82 to wildcard89
[DEBUG] Dynamically added transition from wildcard81 to wildcard89
[DEBUG] Dynamically added transition from wildcard80 to wildcard89
[DEBUG] Dynamically added transition from wildcard39 to wildcard89
[DEBUG] Dynamically added transition from wildcard16 to wildcard89
[DEBUG] Dynamically added transition from wildcard15 to wildcard89
[DEBUG] Dynamically added transition from wildcard59 to wildcard89
[DEBUG] Dynamically added transition from wildcard14 to wildcard89
[DEBUG] Dynamically added transition from wildcard58 to wildcard89
[DEBUG] Dynamically added transition from wildcard13 to wildcard89
[DEBUG] Dynamically added transition from wildcard57 to wildcard89
[DEBUG] Dynamically added transition from wildcard12 to wildcard89
[DEBUG] Dynamically added transition from wildcard56 to wildcard89
[DEBUG] Dynamically added transition from wildcard11 to wildcard89
[DEBUG] Dynamically added transition from wildcard55 to wildcard89
[DEBUG] Dynamically added transition from wildcard10 to wildcard89
[DEBUG] Dynamically added transition from wildcard54 to wildcard89
[DEBUG] Dynamically added transition from wildcard53 to wildcard89
[DEBUG] Dynamically added transition from start to wildcard89
[DEBUG] Dynamically added transition from wildcard52 to wildcard89
[DEBUG] Dynamically added transition from wildcard51 to wildcard89
[DEBUG] Dynamically added transition from wildcard50 to wildcard89
[DEBUG] Dynamically added transition from wildcard89 to wildcard27
[DEBUG] Dynamically added transition from wildcard89 to wildcard26
[DEBUG] Dynamically added transition from wildcard89 to wildcard25
[DEBUG] Dynamically added transition from wildcard89 to wildcard69
[DEBUG] Dynamically added transition from wildcard89 to wildcard24
[DEBUG] Dynamically added transition from wildcard89 to wildcard68
[DEBUG] Dynamically added transition from wildcard89 to wildcard23
[DEBUG] Dynamically added transition from wildcard89 to wildcard67
[DEBUG] Dynamically added transition from wildcard89 to wildcard22
[DEBUG] Dynamically added transition from wildcard89 to wildcard66
[DEBUG] Dynamically added transition from wildcard89 to wildcard1
[DEBUG] Dynamically added transition from wildcard89 to wildcard21
[DEBUG] Dynamically added transition from wildcard89 to wildcard65
[DEBUG] Dynamically added transition from wildcard89 to wildcard0
[DEBUG] Dynamically added transition from wildcard89 to wildcard20
[DEBUG] Dynamically added transition from wildcard89 to wildcard64
[DEBUG] Dynamically added transition from wildcard89 to wildcard3
[DEBUG] Dynamically added transition from wildcard89 to wildcard63
[DEBUG] Dynamically added transition from wildcard89 to wildcard2
[DEBUG] Dynamically added transition from wildcard89 to wildcard62
[DEBUG] Dynamically added transition from wildcard89 to wildcard5
[DEBUG] Dynamically added transition from wildcard89 to wildcard61
[DEBUG] Dynamically added transition from wildcard89 to wildcard4
[DEBUG] Dynamically added transition from wildcard89 to wildcard60
[DEBUG] Dynamically added transition from wildcard89 to wildcard7
[DEBUG] Dynamically added transition from wildcard89 to wildcard6
[DEBUG] Dynamically added transition from wildcard89 to wildcard9
[DEBUG] Dynamically added transition from wildcard89 to wildcard8
[DEBUG] Dynamically added transition from wildcard89 to wildcard19
[DEBUG] Dynamically added transition from wildcard89 to wildcard18
[DEBUG] Dynamically added transition from wildcard89 to wildcard17
[DEBUG] Dynamically added transition from wildcard89 to wildcard38
[DEBUG] Dynamically added transition from wildcard89 to wildcard37
[DEBUG] Dynamically added transition from wildcard89 to wildcard36
[DEBUG] Dynamically added transition from wildcard89 to wildcard35
[DEBUG] Dynamically added transition from wildcard89 to wildcard79
[DEBUG] Dynamically added transition from wildcard89 to wildcard34
[DEBUG] Dynamically added transition from wildcard89 to wildcard78
[DEBUG] Dynamically added transition from wildcard89 to wildcard33
[DEBUG] Dynamically added transition from wildcard89 to wildcard77
[DEBUG] Dynamically added transition from wildcard89 to wildcard32
[DEBUG] Dynamically added transition from wildcard89 to wildcard76
[DEBUG] Dynamically added transition from wildcard89 to wildcard31
[DEBUG] Dynamically added transition from wildcard89 to wildcard75
[DEBUG] Dynamically added transition from wildcard89 to wildcard30
[DEBUG] Dynamically added transition from wildcard89 to wildcard74
[DEBUG] Dynamically added transition from wildcard89 to wildcard73
[DEBUG] Dynamically added transition from wildcard89 to wildcard72
[DEBUG] Dynamically added transition from wildcard89 to wildcard71
[DEBUG] Dynamically added transition from wildcard89 to wildcard70
[DEBUG] Dynamically added transition from wildcard89 to .*
[DEBUG] Dynamically added transition from wildcard89 to wildcard29
[DEBUG] Dynamically added transition from wildcard89 to wildcard28
[DEBUG] Dynamically added transition from wildcard89 to wildcard49
[DEBUG] Dynamically added transition from wildcard89 to wildcard48
[DEBUG] Dynamically added transition from wildcard89 to wildcard47
[DEBUG] Dynamically added transition from wildcard89 to wildcard46
[DEBUG] Dynamically added transition from wildcard89 to wildcard45
[DEBUG] Dynamically added transition from wildcard89 to wildcard89
[DEBUG] Dynamically added transition from wildcard89 to wildcard44
[DEBUG] Dynamically added transition from wildcard89 to wildcard88
[DEBUG] Dynamically added transition from wildcard89 to wildcard43
[DEBUG] Dynamically added transition from wildcard89 to wildcard87
[DEBUG] Dynamically added transition from wildcard89 to wildcard42
[DEBUG] Dynamically added transition from wildcard89 to wildcard86
[DEBUG] Dynamically added transition from wildcard89 to INITIAL
[DEBUG] Dynamically added transition from wildcard89 to wildcard41
[DEBUG] Dynamically added transition from wildcard89 to wildcard85
[DEBUG] Dynamically added transition from wildcard89 to wildcard40
[DEBUG] Dynamically added transition from wildcard89 to wildcard84
[DEBUG] Dynamically added transition from wildcard89 to wildcard83
[DEBUG] Dynamically added transition from wildcard89 to wildcard82
[DEBUG] Dynamically added transition from wildcard89 to wildcard81
[DEBUG] Dynamically added transition from wildcard89 to wildcard80
[DEBUG] Dynamically added transition from wildcard89 to end
[DEBUG] Dynamically added transition from wildcard89 to wildcard39
[DEBUG] Dynamically added transition from wildcard89 to wildcard16
[DEBUG] Dynamically added transition from wildcard89 to wildcard15
[DEBUG] Dynamically added transition from wildcard89 to wildcard59
[DEBUG] Dynamically added transition from wildcard89 to wildcard14
[DEBUG] Dynamically added transition from wildcard89 to wildcard58
[DEBUG] Dynamically added transition from wildcard89 to middle
[DEBUG] Dynamically added transition from wildcard89 to wildcard13
[DEBUG] Dynamically added transition from wildcard89 to wildcard57
[DEBUG] Dynamically added transition from wildcard89 to wildcard12
[DEBUG] Dynamically added transition from wildcard89 to wildcard56
[DEBUG] Dynamically added transition from wildcard89 to wildcard11
[DEBUG] Dynamically added transition from wildcard89 to wildcard55
[DEBUG] Dynamically added transition from wildcard89 to wildcard10
[DEBUG] Dynamically added transition from wildcard89 to wildcard54
[DEBUG] Dynamically added transition from wildcard89 to wildcard53
[DEBUG] Dynamically added transition from wildcard89 to start
[DEBUG] Dynamically added transition from wildcard89 to wildcard52
[DEBUG] Dynamically added transition from wildcard89 to wildcard51
[DEBUG] Dynamically added transition from wildcard89 to wildcard50
[INFO] Wildcard transition valid to state: wildcard89
[INFO] Wildcard transition detected from wildcard89 to wildcard90
[DEBUG] Created intermediate state for wildcard transition: wildcard90
[DEBUG] Dynamically added transition from wildcard89 to wildcard90
[DEBUG] Dynamically added transition from wildcard27 to wildcard90
[DEBUG] Dynamically added transition from wildcard26 to wildcard90
[DEBUG] Dynamically added transition from wildcard25 to wildcard90
[DEBUG] Dynamically added transition from wildcard24 to wildcard90
[DEBUG] Dynamically added transition from wildcard23 to wildcard90
[DEBUG] Dynamically added transition from wildcard22 to wildcard90
[DEBUG] Dynamically added transition from wildcard1 to wildcard90
[DEBUG] Dynamically added transition from wildcard21 to wildcard90
[DEBUG] Dynamically added transition from wildcard0 to wildcard90
[DEBUG] Dynamically added transition from wildcard20 to wildcard90
[DEBUG] Dynamically added transition from wildcard3 to wildcard90
[DEBUG] Dynamically added transition from wildcard2 to wildcard90
[DEBUG] Dynamically added transition from wildcard5 to wildcard90
[DEBUG] Dynamically added transition from wildcard4 to wildcard90
[DEBUG] Dynamically added transition from wildcard7 to wildcard90
[DEBUG] Dynamically added transition from wildcard6 to wildcard90
[DEBUG] Dynamically added transition from wildcard9 to wildcard90
[DEBUG] Dynamically added transition from wildcard8 to wildcard90
[DEBUG] Dynamically added transition from wildcard19 to wildcard90
[DEBUG] Dynamically added transition from wildcard18 to wildcard90
[DEBUG] Dynamically added transition from wildcard17 to wildcard90
[DEBUG] Dynamically added transition from wildcard38 to wildcard90
[DEBUG] Dynamically added transition from wildcard37 to wildcard90
[DEBUG] Dynamically added transition from wildcard36 to wildcard90
[DEBUG] Dynamically added transition from wildcard35 to wildcard90
[DEBUG] Dynamically added transition from wildcard34 to wildcard90
[DEBUG] Dynamically added transition from wildcard33 to wildcard90
[DEBUG] Dynamically added transition from wildcard32 to wildcard90
[DEBUG] Dynamically added transition from wildcard31 to wildcard90
[DEBUG] Dynamically added transition from wildcard30 to wildcard90
[DEBUG] Dynamically added transition from wildcard29 to wildcard90
[DEBUG] Dynamically added transition from wildcard28 to wildcard90
[DEBUG] Dynamically added transition from wildcard49 to wildcard90
[DEBUG] Dynamically added transition from wildcard48 to wildcard90
[DEBUG] Dynamically added transition from wildcard47 to wildcard90
[DEBUG] Dynamically added transition from wildcard46 to wildcard90
[DEBUG] Dynamically added transition from wildcard45 to wildcard90
[DEBUG] Dynamically added transition from wildcard44 to wildcard90
[DEBUG] Dynamically added transition from wildcard43 to wildcard90
[DEBUG] Dynamically added transition from wildcard42 to wildcard90
[DEBUG] Dynamically added transition from wildcard41 to wildcard90
[DEBUG] Dynamically added transition from wildcard40 to wildcard90
[DEBUG] Dynamically added transition from wildcard39 to wildcard90
[DEBUG] Dynamically added transition from wildcard59 to wildcard90
[DEBUG] Dynamically added transition from wildcard58 to wildcard90
[DEBUG] Dynamically added transition from wildcard57 to wildcard90
[DEBUG] Dynamically added transition from wildcard56 to wildcard90
[DEBUG] Dynamically added transition from wildcard55 to wildcard90
[DEBUG] Dynamically added transition from wildcard54 to wildcard90
[DEBUG] Dynamically added transition from wildcard53 to wildcard90
[DEBUG] Dynamically added transition from wildcard52 to wildcard90
[DEBUG] Dynamically added transition from wildcard51 to wildcard90
[DEBUG] Dynamically added transition from wildcard50 to wildcard90
[DEBUG] Dynamically added transition from wildcard69 to wildcard90
[DEBUG] Dynamically added transition from wildcard68 to wildcard90
[DEBUG] Dynamically added transition from wildcard67 to wildcard90
[DEBUG] Dynamically added transition from wildcard66 to wildcard90
[DEBUG] Dynamically added transition from wildcard65 to wildcard90
[DEBUG] Dynamically added transition from wildcard64 to wildcard90
[DEBUG] Dynamically added transition from wildcard63 to wildcard90
[DEBUG] Dynamically added transition from wildcard62 to wildcard90
[DEBUG] Dynamically added transition from wildcard61 to wildcard90
[DEBUG] Dynamically added transition from wildcard60 to wildcard90
[DEBUG] Dynamically added transition from wildcard79 to wildcard90
[DEBUG] Dynamically added transition from wildcard78 to wildcard90
[DEBUG] Dynamically added transition from wildcard77 to wildcard90
[DEBUG] Dynamically added transition from wildcard76 to wildcard90
[DEBUG] Dynamically added transition from wildcard75 to wildcard90
[DEBUG] Dynamically added transition from wildcard74 to wildcard90
[DEBUG] Dynamically added transition from wildcard73 to wildcard90
[DEBUG] Dynamically added transition from wildcard72 to wildcard90
[DEBUG] Dynamically added transition from wildcard71 to wildcard90
[DEBUG] Dynamically added transition from wildcard70 to wildcard90
[DEBUG] Dynamically added transition from wildcard88 to wildcard90
[DEBUG] Dynamically added transition from wildcard87 to wildcard90
[DEBUG] Dynamically added transition from wildcard86 to wildcard90
[DEBUG] Dynamically added transition from INITIAL to wildcard90
[DEBUG] Dynamically added transition from wildcard85 to wildcard90
[DEBUG] Dynamically added transition from wildcard84 to wildcard90
[DEBUG] Dynamically added transition from wildcard83 to wildcard90
[DEBUG] Dynamically added transition from wildcard82 to wildcard90
[DEBUG] Dynamically added transition from wildcard81 to wildcard90
[DEBUG] Dynamically added transition from wildcard80 to wildcard90
[DEBUG] Dynamically added transition from wildcard16 to wildcard90
[DEBUG] Dynamically added transition from wildcard15 to wildcard90
[DEBUG] Dynamically added transition from wildcard14 to wildcard90
[DEBUG] Dynamically added transition from wildcard13 to wildcard90
[DEBUG] Dynamically added transition from wildcard12 to wildcard90
[DEBUG] Dynamically added transition from wildcard11 to wildcard90
[DEBUG] Dynamically added transition from wildcard10 to wildcard90
[DEBUG] Dynamically added transition from start to wildcard90
[DEBUG] Dynamically added transition from wildcard90 to wildcard27
[DEBUG] Dynamically added transition from wildcard90 to wildcard26
[DEBUG] Dynamically added transition from wildcard90 to wildcard25
[DEBUG] Dynamically added transition from wildcard90 to wildcard69
[DEBUG] Dynamically added transition from wildcard90 to wildcard24
[DEBUG] Dynamically added transition from wildcard90 to wildcard68
[DEBUG] Dynamically added transition from wildcard90 to wildcard23
[DEBUG] Dynamically added transition from wildcard90 to wildcard67
[DEBUG] Dynamically added transition from wildcard90 to wildcard22
[DEBUG] Dynamically added transition from wildcard90 to wildcard66
[DEBUG] Dynamically added transition from wildcard90 to wildcard1
[DEBUG] Dynamically added transition from wildcard90 to wildcard21
[DEBUG] Dynamically added transition from wildcard90 to wildcard65
[DEBUG] Dynamically added transition from wildcard90 to wildcard0
[DEBUG] Dynamically added transition from wildcard90 to wildcard20
[DEBUG] Dynamically added transition from wildcard90 to wildcard64
[DEBUG] Dynamically added transition from wildcard90 to wildcard3
[DEBUG] Dynamically added transition from wildcard90 to wildcard63
[DEBUG] Dynamically added transition from wildcard90 to wildcard2
[DEBUG] Dynamically added transition from wildcard90 to wildcard62
[DEBUG] Dynamically added transition from wildcard90 to wildcard5
[DEBUG] Dynamically added transition from wildcard90 to wildcard61
[DEBUG] Dynamically added transition from wildcard90 to wildcard4
[DEBUG] Dynamically added transition from wildcard90 to wildcard60
[DEBUG] Dynamically added transition from wildcard90 to wildcard7
[DEBUG] Dynamically added transition from wildcard90 to wildcard6
[DEBUG] Dynamically added transition from wildcard90 to wildcard9
[DEBUG] Dynamically added transition from wildcard90 to wildcard8
[DEBUG] Dynamically added transition from wildcard90 to wildcard19
[DEBUG] Dynamically added transition from wildcard90 to wildcard18
[DEBUG] Dynamically added transition from wildcard90 to wildcard17
[DEBUG] Dynamically added transition from wildcard90 to wildcard38
[DEBUG] Dynamically added transition from wildcard90 to wildcard37
[DEBUG] Dynamically added transition from wildcard90 to wildcard36
[DEBUG] Dynamically added transition from wildcard90 to wildcard35
[DEBUG] Dynamically added transition from wildcard90 to wildcard79
[DEBUG] Dynamically added transition from wildcard90 to wildcard34
[DEBUG] Dynamically added transition from wildcard90 to wildcard78
[DEBUG] Dynamically added transition from wildcard90 to wildcard33
[DEBUG] Dynamically added transition from wildcard90 to wildcard77
[DEBUG] Dynamically added transition from wildcard90 to wildcard32
[DEBUG] Dynamically added transition from wildcard90 to wildcard76
[DEBUG] Dynamically added transition from wildcard90 to wildcard31
[DEBUG] Dynamically added transition from wildcard90 to wildcard75
[DEBUG] Dynamically added transition from wildcard90 to wildcard30
[DEBUG] Dynamically added transition from wildcard90 to wildcard74
[DEBUG] Dynamically added transition from wildcard90 to wildcard73
[DEBUG] Dynamically added transition from wildcard90 to wildcard72
[DEBUG] Dynamically added transition from wildcard90 to wildcard71
[DEBUG] Dynamically added transition from wildcard90 to wildcard70
[DEBUG] Dynamically added transition from wildcard90 to .*
[DEBUG] Dynamically added transition from wildcard90 to wildcard29
[DEBUG] Dynamically added transition from wildcard90 to wildcard28
[DEBUG] Dynamically added transition from wildcard90 to wildcard49
[DEBUG] Dynamically added transition from wildcard90 to wildcard48
[DEBUG] Dynamically added transition from wildcard90 to wildcard47
[DEBUG] Dynamically added transition from wildcard90 to wildcard46
[DEBUG] Dynamically added transition from wildcard90 to wildcard45
[DEBUG] Dynamically added transition from wildcard90 to wildcard89
[DEBUG] Dynamically added transition from wildcard90 to wildcard44
[DEBUG] Dynamically added transition from wildcard90 to wildcard88
[DEBUG] Dynamically added transition from wildcard90 to wildcard43
[DEBUG] Dynamically added transition from wildcard90 to wildcard87
[DEBUG] Dynamically added transition from wildcard90 to wildcard42
[DEBUG] Dynamically added transition from wildcard90 to wildcard86
[DEBUG] Dynamically added transition from wildcard90 to INITIAL
[DEBUG] Dynamically added transition from wildcard90 to wildcard41
[DEBUG] Dynamically added transition from wildcard90 to wildcard85
[DEBUG] Dynamically added transition from wildcard90 to wildcard40
[DEBUG] Dynamically added transition from wildcard90 to wildcard84
[DEBUG] Dynamically added transition from wildcard90 to wildcard83
[DEBUG] Dynamically added transition from wildcard90 to wildcard82
[DEBUG] Dynamically added transition from wildcard90 to wildcard81
[DEBUG] Dynamically added transition from wildcard90 to wildcard80
[DEBUG] Dynamically added transition from wildcard90 to end
[DEBUG] Dynamically added transition from wildcard90 to wildcard39
[DEBUG] Dynamically added transition from wildcard90 to wildcard16
[DEBUG] Dynamically added transition from wildcard90 to wildcard15
[DEBUG] Dynamically added transition from wildcard90 to wildcard59
[DEBUG] Dynamically added transition from wildcard90 to wildcard14
[DEBUG] Dynamically added transition from wildcard90 to wildcard58
[DEBUG] Dynamically added transition from wildcard90 to middle
[DEBUG] Dynamically added transition from wildcard90 to wildcard13
[DEBUG] Dynamically added transition from wildcard90 to wildcard57
[DEBUG] Dynamically added transition from wildcard90 to wildcard12
[DEBUG] Dynamically added transition from wildcard90 to wildcard56
[DEBUG] Dynamically added transition from wildcard90 to wildcard11
[DEBUG] Dynamically added transition from wildcard90 to wildcard55
[DEBUG] Dynamically added transition from wildcard90 to wildcard10
[DEBUG] Dynamically added transition from wildcard90 to wildcard54
[DEBUG] Dynamically added transition from wildcard90 to wildcard53
[DEBUG] Dynamically added transition from wildcard90 to start
[DEBUG] Dynamically added transition from wildcard90 to wildcard52
[DEBUG] Dynamically added transition from wildcard90 to wildcard51
[DEBUG] Dynamically added transition from wildcard90 to wildcard50
[DEBUG] Dynamically added transition from wildcard90 to wildcard90
[INFO] Wildcard transition valid to state: wildcard90
[INFO] Wildcard transition detected from wildcard90 to wildcard91
[DEBUG] Created intermediate state for wildcard transition: wildcard91
[DEBUG] Dynamically added transition from wildcard90 to wildcard91
[DEBUG] Dynamically added transition from wildcard27 to wildcard91
[DEBUG] Dynamically added transition from wildcard26 to wildcard91
[DEBUG] Dynamically added transition from wildcard25 to wildcard91
[DEBUG] Dynamically added transition from wildcard24 to wildcard91
[DEBUG] Dynamically added transition from wildcard23 to wildcard91
[DEBUG] Dynamically added transition from wildcard22 to wildcard91
[DEBUG] Dynamically added transition from wildcard1 to wildcard91
[DEBUG] Dynamically added transition from wildcard21 to wildcard91
[DEBUG] Dynamically added transition from wildcard0 to wildcard91
[DEBUG] Dynamically added transition from wildcard20 to wildcard91
[DEBUG] Dynamically added transition from wildcard3 to wildcard91
[DEBUG] Dynamically added transition from wildcard2 to wildcard91
[DEBUG] Dynamically added transition from wildcard5 to wildcard91
[DEBUG] Dynamically added transition from wildcard4 to wildcard91
[DEBUG] Dynamically added transition from wildcard7 to wildcard91
[DEBUG] Dynamically added transition from wildcard6 to wildcard91
[DEBUG] Dynamically added transition from wildcard9 to wildcard91
[DEBUG] Dynamically added transition from wildcard8 to wildcard91
[DEBUG] Dynamically added transition from wildcard19 to wildcard91
[DEBUG] Dynamically added transition from wildcard18 to wildcard91
[DEBUG] Dynamically added transition from wildcard17 to wildcard91
[DEBUG] Dynamically added transition from wildcard38 to wildcard91
[DEBUG] Dynamically added transition from wildcard37 to wildcard91
[DEBUG] Dynamically added transition from wildcard36 to wildcard91
[DEBUG] Dynamically added transition from wildcard35 to wildcard91
[DEBUG] Dynamically added transition from wildcard34 to wildcard91
[DEBUG] Dynamically added transition from wildcard33 to wildcard91
[DEBUG] Dynamically added transition from wildcard32 to wildcard91
[DEBUG] Dynamically added transition from wildcard31 to wildcard91
[DEBUG] Dynamically added transition from wildcard30 to wildcard91
[DEBUG] Dynamically added transition from wildcard29 to wildcard91
[DEBUG] Dynamically added transition from wildcard28 to wildcard91
[DEBUG] Dynamically added transition from wildcard49 to wildcard91
[DEBUG] Dynamically added transition from wildcard48 to wildcard91
[DEBUG] Dynamically added transition from wildcard47 to wildcard91
[DEBUG] Dynamically added transition from wildcard46 to wildcard91
[DEBUG] Dynamically added transition from wildcard45 to wildcard91
[DEBUG] Dynamically added transition from wildcard44 to wildcard91
[DEBUG] Dynamically added transition from wildcard43 to wildcard91
[DEBUG] Dynamically added transition from wildcard42 to wildcard91
[DEBUG] Dynamically added transition from wildcard41 to wildcard91
[DEBUG] Dynamically added transition from wildcard40 to wildcard91
[DEBUG] Dynamically added transition from wildcard39 to wildcard91
[DEBUG] Dynamically added transition from wildcard59 to wildcard91
[DEBUG] Dynamically added transition from wildcard58 to wildcard91
[DEBUG] Dynamically added transition from wildcard57 to wildcard91
[DEBUG] Dynamically added transition from wildcard56 to wildcard91
[DEBUG] Dynamically added transition from wildcard55 to wildcard91
[DEBUG] Dynamically added transition from wildcard54 to wildcard91
[DEBUG] Dynamically added transition from wildcard53 to wildcard91
[DEBUG] Dynamically added transition from wildcard52 to wildcard91
[DEBUG] Dynamically added transition from wildcard51 to wildcard91
[DEBUG] Dynamically added transition from wildcard50 to wildcard91
[DEBUG] Dynamically added transition from wildcard69 to wildcard91
[DEBUG] Dynamically added transition from wildcard68 to wildcard91
[DEBUG] Dynamically added transition from wildcard67 to wildcard91
[DEBUG] Dynamically added transition from wildcard66 to wildcard91
[DEBUG] Dynamically added transition from wildcard65 to wildcard91
[DEBUG] Dynamically added transition from wildcard64 to wildcard91
[DEBUG] Dynamically added transition from wildcard63 to wildcard91
[DEBUG] Dynamically added transition from wildcard62 to wildcard91
[DEBUG] Dynamically added transition from wildcard61 to wildcard91
[DEBUG] Dynamically added transition from wildcard60 to wildcard91
[DEBUG] Dynamically added transition from wildcard79 to wildcard91
[DEBUG] Dynamically added transition from wildcard78 to wildcard91
[DEBUG] Dynamically added transition from wildcard77 to wildcard91
[DEBUG] Dynamically added transition from wildcard76 to wildcard91
[DEBUG] Dynamically added transition from wildcard75 to wildcard91
[DEBUG] Dynamically added transition from wildcard74 to wildcard91
[DEBUG] Dynamically added transition from wildcard73 to wildcard91
[DEBUG] Dynamically added transition from wildcard72 to wildcard91
[DEBUG] Dynamically added transition from wildcard71 to wildcard91
[DEBUG] Dynamically added transition from wildcard70 to wildcard91
[DEBUG] Dynamically added transition from wildcard89 to wildcard91
[DEBUG] Dynamically added transition from wildcard88 to wildcard91
[DEBUG] Dynamically added transition from wildcard87 to wildcard91
[DEBUG] Dynamically added transition from wildcard86 to wildcard91
[DEBUG] Dynamically added transition from INITIAL to wildcard91
[DEBUG] Dynamically added transition from wildcard85 to wildcard91
[DEBUG] Dynamically added transition from wildcard84 to wildcard91
[DEBUG] Dynamically added transition from wildcard83 to wildcard91
[DEBUG] Dynamically added transition from wildcard82 to wildcard91
[DEBUG] Dynamically added transition from wildcard81 to wildcard91
[DEBUG] Dynamically added transition from wildcard80 to wildcard91
[DEBUG] Dynamically added transition from wildcard16 to wildcard91
[DEBUG] Dynamically added transition from wildcard15 to wildcard91
[DEBUG] Dynamically added transition from wildcard14 to wildcard91
[DEBUG] Dynamically added transition from wildcard13 to wildcard91
[DEBUG] Dynamically added transition from wildcard12 to wildcard91
[DEBUG] Dynamically added transition from wildcard11 to wildcard91
[DEBUG] Dynamically added transition from wildcard10 to wildcard91
[DEBUG] Dynamically added transition from start to wildcard91
[DEBUG] Dynamically added transition from wildcard91 to wildcard27
[DEBUG] Dynamically added transition from wildcard91 to wildcard26
[DEBUG] Dynamically added transition from wildcard91 to wildcard25
[DEBUG] Dynamically added transition from wildcard91 to wildcard24
[DEBUG] Dynamically added transition from wildcard91 to wildcard23
[DEBUG] Dynamically added transition from wildcard91 to wildcard22
[DEBUG] Dynamically added transition from wildcard91 to wildcard1
[DEBUG] Dynamically added transition from wildcard91 to wildcard21
[DEBUG] Dynamically added transition from wildcard91 to wildcard0
[DEBUG] Dynamically added transition from wildcard91 to wildcard20
[DEBUG] Dynamically added transition from wildcard91 to wildcard3
[DEBUG] Dynamically added transition from wildcard91 to wildcard2
[DEBUG] Dynamically added transition from wildcard91 to wildcard5
[DEBUG] Dynamically added transition from wildcard91 to wildcard4
[DEBUG] Dynamically added transition from wildcard91 to wildcard7
[DEBUG] Dynamically added transition from wildcard91 to wildcard6
[DEBUG] Dynamically added transition from wildcard91 to wildcard9
[DEBUG] Dynamically added transition from wildcard91 to wildcard8
[DEBUG] Dynamically added transition from wildcard91 to wildcard19
[DEBUG] Dynamically added transition from wildcard91 to wildcard18
[DEBUG] Dynamically added transition from wildcard91 to wildcard17
[DEBUG] Dynamically added transition from wildcard91 to wildcard38
[DEBUG] Dynamically added transition from wildcard91 to wildcard37
[DEBUG] Dynamically added transition from wildcard91 to wildcard36
[DEBUG] Dynamically added transition from wildcard91 to wildcard35
[DEBUG] Dynamically added transition from wildcard91 to wildcard34
[DEBUG] Dynamically added transition from wildcard91 to wildcard33
[DEBUG] Dynamically added transition from wildcard91 to wildcard32
[DEBUG] Dynamically added transition from wildcard91 to wildcard31
[DEBUG] Dynamically added transition from wildcard91 to wildcard30
[DEBUG] Dynamically added transition from wildcard91 to wildcard29
[DEBUG] Dynamically added transition from wildcard91 to wildcard28
[DEBUG] Dynamically added transition from wildcard91 to wildcard49
[DEBUG] Dynamically added transition from wildcard91 to wildcard48
[DEBUG] Dynamically added transition from wildcard91 to wildcard47
[DEBUG] Dynamically added transition from wildcard91 to wildcard46
[DEBUG] Dynamically added transition from wildcard91 to wildcard45
[DEBUG] Dynamically added transition from wildcard91 to wildcard44
[DEBUG] Dynamically added transition from wildcard91 to wildcard43
[DEBUG] Dynamically added transition from wildcard91 to wildcard42
[DEBUG] Dynamically added transition from wildcard91 to wildcard41
[DEBUG] Dynamically added transition from wildcard91 to wildcard40
[DEBUG] Dynamically added transition from wildcard91 to wildcard39
[DEBUG] Dynamically added transition from wildcard91 to wildcard59
[DEBUG] Dynamically added transition from wildcard91 to wildcard58
[DEBUG] Dynamically added transition from wildcard91 to middle
[DEBUG] Dynamically added transition from wildcard91 to wildcard57
[DEBUG] Dynamically added transition from wildcard91 to wildcard56
[DEBUG] Dynamically added transition from wildcard91 to wildcard55
[DEBUG] Dynamically added transition from wildcard91 to wildcard54
[DEBUG] Dynamically added transition from wildcard91 to wildcard53
[DEBUG] Dynamically added transition from wildcard91 to wildcard52
[DEBUG] Dynamically added transition from wildcard91 to wildcard51
[DEBUG] Dynamically added transition from wildcard91 to wildcard50
[DEBUG] Dynamically added transition from wildcard91 to wildcard69
[DEBUG] Dynamically added transition from wildcard91 to wildcard68
[DEBUG] Dynamically added transition from wildcard91 to wildcard67
[DEBUG] Dynamically added transition from wildcard91 to wildcard66
[DEBUG] Dynamically added transition from wildcard91 to wildcard65
[DEBUG] Dynamically added transition from wildcard91 to wildcard64
[DEBUG] Dynamically added transition from wildcard91 to wildcard63
[DEBUG] Dynamically added transition from wildcard91 to wildcard62
[DEBUG] Dynamically added transition from wildcard91 to wildcard61
[DEBUG] Dynamically added transition from wildcard91 to wildcard60
[DEBUG] Dynamically added transition from wildcard91 to wildcard79
[DEBUG] Dynamically added transition from wildcard91 to wildcard78
[DEBUG] Dynamically added transition from wildcard91 to wildcard77
[DEBUG] Dynamically added transition from wildcard91 to wildcard76
[DEBUG] Dynamically added transition from wildcard91 to wildcard75
[DEBUG] Dynamically added transition from wildcard91 to wildcard74
[DEBUG] Dynamically added transition from wildcard91 to wildcard73
[DEBUG] Dynamically added transition from wildcard91 to wildcard72
[DEBUG] Dynamically added transition from wildcard91 to wildcard71
[DEBUG] Dynamically added transition from wildcard91 to wildcard70
[DEBUG] Dynamically added transition from wildcard91 to .*
[DEBUG] Dynamically added transition from wildcard91 to wildcard89
[DEBUG] Dynamically added transition from wildcard91 to wildcard88
[DEBUG] Dynamically added transition from wildcard91 to wildcard87
[DEBUG] Dynamically added transition from wildcard91 to wildcard86
[DEBUG] Dynamically added transition from wildcard91 to INITIAL
[DEBUG] Dynamically added transition from wildcard91 to wildcard85
[DEBUG] Dynamically added transition from wildcard91 to wildcard84
[DEBUG] Dynamically added transition from wildcard91 to wildcard83
[DEBUG] Dynamically added transition from wildcard91 to wildcard82
[DEBUG] Dynamically added transition from wildcard91 to wildcard81
[DEBUG] Dynamically added transition from wildcard91 to wildcard80
[DEBUG] Dynamically added transition from wildcard91 to end
[DEBUG] Dynamically added transition from wildcard91 to wildcard16
[DEBUG] Dynamically added transition from wildcard91 to wildcard15
[DEBUG] Dynamically added transition from wildcard91 to wildcard14
[DEBUG] Dynamically added transition from wildcard91 to wildcard13
[DEBUG] Dynamically added transition from wildcard91 to wildcard12
[DEBUG] Dynamically added transition from wildcard91 to wildcard11
[DEBUG] Dynamically added transition from wildcard91 to wildcard10
[DEBUG] Dynamically added transition from wildcard91 to start
[DEBUG] Dynamically added transition from wildcard91 to wildcard91
[DEBUG] Dynamically added transition from wildcard91 to wildcard90
[INFO] Wildcard transition valid to state: wildcard91
[INFO] Wildcard transition detected from wildcard91 to wildcard92
[DEBUG] Created intermediate state for wildcard transition: wildcard92
[DEBUG] Dynamically added transition from wildcard91 to wildcard92
[DEBUG] Dynamically added transition from wildcard27 to wildcard92
[DEBUG] Dynamically added transition from wildcard26 to wildcard92
[DEBUG] Dynamically added transition from wildcard25 to wildcard92
[DEBUG] Dynamically added transition from wildcard24 to wildcard92
[DEBUG] Dynamically added transition from wildcard23 to wildcard92
[DEBUG] Dynamically added transition from wildcard22 to wildcard92
[DEBUG] Dynamically added transition from wildcard1 to wildcard92
[DEBUG] Dynamically added transition from wildcard21 to wildcard92
[DEBUG] Dynamically added transition from wildcard0 to wildcard92
[DEBUG] Dynamically added transition from wildcard20 to wildcard92
[DEBUG] Dynamically added transition from wildcard3 to wildcard92
[DEBUG] Dynamically added transition from wildcard2 to wildcard92
[DEBUG] Dynamically added transition from wildcard5 to wildcard92
[DEBUG] Dynamically added transition from wildcard4 to wildcard92
[DEBUG] Dynamically added transition from wildcard7 to wildcard92
[DEBUG] Dynamically added transition from wildcard6 to wildcard92
[DEBUG] Dynamically added transition from wildcard9 to wildcard92
[DEBUG] Dynamically added transition from wildcard8 to wildcard92
[DEBUG] Dynamically added transition from wildcard19 to wildcard92
[DEBUG] Dynamically added transition from wildcard18 to wildcard92
[DEBUG] Dynamically added transition from wildcard17 to wildcard92
[DEBUG] Dynamically added transition from wildcard38 to wildcard92
[DEBUG] Dynamically added transition from wildcard37 to wildcard92
[DEBUG] Dynamically added transition from wildcard36 to wildcard92
[DEBUG] Dynamically added transition from wildcard35 to wildcard92
[DEBUG] Dynamically added transition from wildcard34 to wildcard92
[DEBUG] Dynamically added transition from wildcard33 to wildcard92
[DEBUG] Dynamically added transition from wildcard32 to wildcard92
[DEBUG] Dynamically added transition from wildcard31 to wildcard92
[DEBUG] Dynamically added transition from wildcard30 to wildcard92
[DEBUG] Dynamically added transition from wildcard29 to wildcard92
[DEBUG] Dynamically added transition from wildcard28 to wildcard92
[DEBUG] Dynamically added transition from wildcard49 to wildcard92
[DEBUG] Dynamically added transition from wildcard48 to wildcard92
[DEBUG] Dynamically added transition from wildcard47 to wildcard92
[DEBUG] Dynamically added transition from wildcard46 to wildcard92
[DEBUG] Dynamically added transition from wildcard45 to wildcard92
[DEBUG] Dynamically added transition from wildcard44 to wildcard92
[DEBUG] Dynamically added transition from wildcard43 to wildcard92
[DEBUG] Dynamically added transition from wildcard42 to wildcard92
[DEBUG] Dynamically added transition from wildcard41 to wildcard92
[DEBUG] Dynamically added transition from wildcard40 to wildcard92
[DEBUG] Dynamically added transition from wildcard39 to wildcard92
[DEBUG] Dynamically added transition from wildcard59 to wildcard92
[DEBUG] Dynamically added transition from wildcard58 to wildcard92
[DEBUG] Dynamically added transition from wildcard57 to wildcard92
[DEBUG] Dynamically added transition from wildcard56 to wildcard92
[DEBUG] Dynamically added transition from wildcard55 to wildcard92
[DEBUG] Dynamically added transition from wildcard54 to wildcard92
[DEBUG] Dynamically added transition from wildcard53 to wildcard92
[DEBUG] Dynamically added transition from wildcard52 to wildcard92
[DEBUG] Dynamically added transition from wildcard51 to wildcard92
[DEBUG] Dynamically added transition from wildcard50 to wildcard92
[DEBUG] Dynamically added transition from wildcard69 to wildcard92
[DEBUG] Dynamically added transition from wildcard68 to wildcard92
[DEBUG] Dynamically added transition from wildcard67 to wildcard92
[DEBUG] Dynamically added transition from wildcard66 to wildcard92
[DEBUG] Dynamically added transition from wildcard65 to wildcard92
[DEBUG] Dynamically added transition from wildcard64 to wildcard92
[DEBUG] Dynamically added transition from wildcard63 to wildcard92
[DEBUG] Dynamically added transition from wildcard62 to wildcard92
[DEBUG] Dynamically added transition from wildcard61 to wildcard92
[DEBUG] Dynamically added transition from wildcard60 to wildcard92
[DEBUG] Dynamically added transition from wildcard79 to wildcard92
[DEBUG] Dynamically added transition from wildcard78 to wildcard92
[DEBUG] Dynamically added transition from wildcard77 to wildcard92
[DEBUG] Dynamically added transition from wildcard76 to wildcard92
[DEBUG] Dynamically added transition from wildcard75 to wildcard92
[DEBUG] Dynamically added transition from wildcard74 to wildcard92
[DEBUG] Dynamically added transition from wildcard73 to wildcard92
[DEBUG] Dynamically added transition from wildcard72 to wildcard92
[DEBUG] Dynamically added transition from wildcard71 to wildcard92
[DEBUG] Dynamically added transition from wildcard70 to wildcard92
[DEBUG] Dynamically added transition from wildcard89 to wildcard92
[DEBUG] Dynamically added transition from wildcard88 to wildcard92
[DEBUG] Dynamically added transition from wildcard87 to wildcard92
[DEBUG] Dynamically added transition from wildcard86 to wildcard92
[DEBUG] Dynamically added transition from INITIAL to wildcard92
[DEBUG] Dynamically added transition from wildcard85 to wildcard92
[DEBUG] Dynamically added transition from wildcard84 to wildcard92
[DEBUG] Dynamically added transition from wildcard83 to wildcard92
[DEBUG] Dynamically added transition from wildcard82 to wildcard92
[DEBUG] Dynamically added transition from wildcard81 to wildcard92
[DEBUG] Dynamically added transition from wildcard80 to wildcard92
[DEBUG] Dynamically added transition from wildcard16 to wildcard92
[DEBUG] Dynamically added transition from wildcard15 to wildcard92
[DEBUG] Dynamically added transition from wildcard14 to wildcard92
[DEBUG] Dynamically added transition from wildcard13 to wildcard92
[DEBUG] Dynamically added transition from wildcard12 to wildcard92
[DEBUG] Dynamically added transition from wildcard11 to wildcard92
[DEBUG] Dynamically added transition from wildcard10 to wildcard92
[DEBUG] Dynamically added transition from start to wildcard92
[DEBUG] Dynamically added transition from wildcard90 to wildcard92
[DEBUG] Dynamically added transition from wildcard92 to wildcard27
[DEBUG] Dynamically added transition from wildcard92 to wildcard26
[DEBUG] Dynamically added transition from wildcard92 to wildcard25
[DEBUG] Dynamically added transition from wildcard92 to wildcard24
[DEBUG] Dynamically added transition from wildcard92 to wildcard23
[DEBUG] Dynamically added transition from wildcard92 to wildcard22
[DEBUG] Dynamically added transition from wildcard92 to wildcard1
[DEBUG] Dynamically added transition from wildcard92 to wildcard21
[DEBUG] Dynamically added transition from wildcard92 to wildcard0
[DEBUG] Dynamically added transition from wildcard92 to wildcard20
[DEBUG] Dynamically added transition from wildcard92 to wildcard3
[DEBUG] Dynamically added transition from wildcard92 to wildcard2
[DEBUG] Dynamically added transition from wildcard92 to wildcard5
[DEBUG] Dynamically added transition from wildcard92 to wildcard4
[DEBUG] Dynamically added transition from wildcard92 to wildcard7
[DEBUG] Dynamically added transition from wildcard92 to wildcard6
[DEBUG] Dynamically added transition from wildcard92 to wildcard9
[DEBUG] Dynamically added transition from wildcard92 to wildcard8
[DEBUG] Dynamically added transition from wildcard92 to wildcard19
[DEBUG] Dynamically added transition from wildcard92 to wildcard18
[DEBUG] Dynamically added transition from wildcard92 to wildcard17
[DEBUG] Dynamically added transition from wildcard92 to wildcard38
[DEBUG] Dynamically added transition from wildcard92 to wildcard37
[DEBUG] Dynamically added transition from wildcard92 to wildcard36
[DEBUG] Dynamically added transition from wildcard92 to wildcard35
[DEBUG] Dynamically added transition from wildcard92 to wildcard34
[DEBUG] Dynamically added transition from wildcard92 to wildcard33
[DEBUG] Dynamically added transition from wildcard92 to wildcard32
[DEBUG] Dynamically added transition from wildcard92 to wildcard31
[DEBUG] Dynamically added transition from wildcard92 to wildcard30
[DEBUG] Dynamically added transition from wildcard92 to wildcard29
[DEBUG] Dynamically added transition from wildcard92 to wildcard28
[DEBUG] Dynamically added transition from wildcard92 to wildcard49
[DEBUG] Dynamically added transition from wildcard92 to wildcard48
[DEBUG] Dynamically added transition from wildcard92 to wildcard47
[DEBUG] Dynamically added transition from wildcard92 to wildcard46
[DEBUG] Dynamically added transition from wildcard92 to wildcard45
[DEBUG] Dynamically added transition from wildcard92 to wildcard44
[DEBUG] Dynamically added transition from wildcard92 to wildcard43
[DEBUG] Dynamically added transition from wildcard92 to wildcard42
[DEBUG] Dynamically added transition from wildcard92 to wildcard41
[DEBUG] Dynamically added transition from wildcard92 to wildcard40
[DEBUG] Dynamically added transition from wildcard92 to wildcard39
[DEBUG] Dynamically added transition from wildcard92 to wildcard59
[DEBUG] Dynamically added transition from wildcard92 to wildcard58
[DEBUG] Dynamically added transition from wildcard92 to middle
[DEBUG] Dynamically added transition from wildcard92 to wildcard57
[DEBUG] Dynamically added transition from wildcard92 to wildcard56
[DEBUG] Dynamically added transition from wildcard92 to wildcard55
[DEBUG] Dynamically added transition from wildcard92 to wildcard54
[DEBUG] Dynamically added transition from wildcard92 to wildcard53
[DEBUG] Dynamically added transition from wildcard92 to wildcard52
[DEBUG] Dynamically added transition from wildcard92 to wildcard51
[DEBUG] Dynamically added transition from wildcard92 to wildcard50
[DEBUG] Dynamically added transition from wildcard92 to wildcard69
[DEBUG] Dynamically added transition from wildcard92 to wildcard68
[DEBUG] Dynamically added transition from wildcard92 to wildcard67
[DEBUG] Dynamically added transition from wildcard92 to wildcard66
[DEBUG] Dynamically added transition from wildcard92 to wildcard65
[DEBUG] Dynamically added transition from wildcard92 to wildcard64
[DEBUG] Dynamically added transition from wildcard92 to wildcard63
[DEBUG] Dynamically added transition from wildcard92 to wildcard62
[DEBUG] Dynamically added transition from wildcard92 to wildcard61
[DEBUG] Dynamically added transition from wildcard92 to wildcard60
[DEBUG] Dynamically added transition from wildcard92 to wildcard79
[DEBUG] Dynamically added transition from wildcard92 to wildcard78
[DEBUG] Dynamically added transition from wildcard92 to wildcard77
[DEBUG] Dynamically added transition from wildcard92 to wildcard76
[DEBUG] Dynamically added transition from wildcard92 to wildcard75
[DEBUG] Dynamically added transition from wildcard92 to wildcard74
[DEBUG] Dynamically added transition from wildcard92 to wildcard73
[DEBUG] Dynamically added transition from wildcard92 to wildcard72
[DEBUG] Dynamically added transition from wildcard92 to wildcard71
[DEBUG] Dynamically added transition from wildcard92 to wildcard70
[DEBUG] Dynamically added transition from wildcard92 to .*
[DEBUG] Dynamically added transition from wildcard92 to wildcard89
[DEBUG] Dynamically added transition from wildcard92 to wildcard88
[DEBUG] Dynamically added transition from wildcard92 to wildcard87
[DEBUG] Dynamically added transition from wildcard92 to wildcard86
[DEBUG] Dynamically added transition from wildcard92 to INITIAL
[DEBUG] Dynamically added transition from wildcard92 to wildcard85
[DEBUG] Dynamically added transition from wildcard92 to wildcard84
[DEBUG] Dynamically added transition from wildcard92 to wildcard83
[DEBUG] Dynamically added transition from wildcard92 to wildcard82
[DEBUG] Dynamically added transition from wildcard92 to wildcard81
[DEBUG] Dynamically added transition from wildcard92 to wildcard80
[DEBUG] Dynamically added transition from wildcard92 to end
[DEBUG] Dynamically added transition from wildcard92 to wildcard16
[DEBUG] Dynamically added transition from wildcard92 to wildcard15
[DEBUG] Dynamically added transition from wildcard92 to wildcard14
[DEBUG] Dynamically added transition from wildcard92 to wildcard13
[DEBUG] Dynamically added transition from wildcard92 to wildcard12
[DEBUG] Dynamically added transition from wildcard92 to wildcard11
[DEBUG] Dynamically added transition from wildcard92 to wildcard10
[DEBUG] Dynamically added transition from wildcard92 to start
[DEBUG] Dynamically added transition from wildcard92 to wildcard92
[DEBUG] Dynamically added transition from wildcard92 to wildcard91
[DEBUG] Dynamically added transition from wildcard92 to wildcard90
[INFO] Wildcard transition valid to state: wildcard92
[INFO] Wildcard transition detected from wildcard92 to wildcard93
[DEBUG] Created intermediate state for wildcard transition: wildcard93
[DEBUG] Dynamically added transition from wildcard92 to wildcard93
[DEBUG] Dynamically added transition from wildcard27 to wildcard93
[DEBUG] Dynamically added transition from wildcard26 to wildcard93
[DEBUG] Dynamically added transition from wildcard25 to wildcard93
[DEBUG] Dynamically added transition from wildcard24 to wildcard93
[DEBUG] Dynamically added transition from wildcard23 to wildcard93
[DEBUG] Dynamically added transition from wildcard22 to wildcard93
[DEBUG] Dynamically added transition from wildcard1 to wildcard93
[DEBUG] Dynamically added transition from wildcard21 to wildcard93
[DEBUG] Dynamically added transition from wildcard0 to wildcard93
[DEBUG] Dynamically added transition from wildcard20 to wildcard93
[DEBUG] Dynamically added transition from wildcard3 to wildcard93
[DEBUG] Dynamically added transition from wildcard2 to wildcard93
[DEBUG] Dynamically added transition from wildcard5 to wildcard93
[DEBUG] Dynamically added transition from wildcard4 to wildcard93
[DEBUG] Dynamically added transition from wildcard7 to wildcard93
[DEBUG] Dynamically added transition from wildcard6 to wildcard93
[DEBUG] Dynamically added transition from wildcard9 to wildcard93
[DEBUG] Dynamically added transition from wildcard8 to wildcard93
[DEBUG] Dynamically added transition from wildcard19 to wildcard93
[DEBUG] Dynamically added transition from wildcard18 to wildcard93
[DEBUG] Dynamically added transition from wildcard17 to wildcard93
[DEBUG] Dynamically added transition from wildcard38 to wildcard93
[DEBUG] Dynamically added transition from wildcard37 to wildcard93
[DEBUG] Dynamically added transition from wildcard36 to wildcard93
[DEBUG] Dynamically added transition from wildcard35 to wildcard93
[DEBUG] Dynamically added transition from wildcard34 to wildcard93
[DEBUG] Dynamically added transition from wildcard33 to wildcard93
[DEBUG] Dynamically added transition from wildcard32 to wildcard93
[DEBUG] Dynamically added transition from wildcard31 to wildcard93
[DEBUG] Dynamically added transition from wildcard30 to wildcard93
[DEBUG] Dynamically added transition from wildcard29 to wildcard93
[DEBUG] Dynamically added transition from wildcard28 to wildcard93
[DEBUG] Dynamically added transition from wildcard49 to wildcard93
[DEBUG] Dynamically added transition from wildcard48 to wildcard93
[DEBUG] Dynamically added transition from wildcard47 to wildcard93
[DEBUG] Dynamically added transition from wildcard46 to wildcard93
[DEBUG] Dynamically added transition from wildcard45 to wildcard93
[DEBUG] Dynamically added transition from wildcard44 to wildcard93
[DEBUG] Dynamically added transition from wildcard43 to wildcard93
[DEBUG] Dynamically added transition from wildcard42 to wildcard93
[DEBUG] Dynamically added transition from wildcard41 to wildcard93
[DEBUG] Dynamically added transition from wildcard40 to wildcard93
[DEBUG] Dynamically added transition from wildcard39 to wildcard93
[DEBUG] Dynamically added transition from wildcard59 to wildcard93
[DEBUG] Dynamically added transition from wildcard58 to wildcard93
[DEBUG] Dynamically added transition from wildcard57 to wildcard93
[DEBUG] Dynamically added transition from wildcard56 to wildcard93
[DEBUG] Dynamically added transition from wildcard55 to wildcard93
[DEBUG] Dynamically added transition from wildcard54 to wildcard93
[DEBUG] Dynamically added transition from wildcard53 to wildcard93
[DEBUG] Dynamically added transition from wildcard52 to wildcard93
[DEBUG] Dynamically added transition from wildcard51 to wildcard93
[DEBUG] Dynamically added transition from wildcard50 to wildcard93
[DEBUG] Dynamically added transition from wildcard69 to wildcard93
[DEBUG] Dynamically added transition from wildcard68 to wildcard93
[DEBUG] Dynamically added transition from wildcard67 to wildcard93
[DEBUG] Dynamically added transition from wildcard66 to wildcard93
[DEBUG] Dynamically added transition from wildcard65 to wildcard93
[DEBUG] Dynamically added transition from wildcard64 to wildcard93
[DEBUG] Dynamically added transition from wildcard63 to wildcard93
[DEBUG] Dynamically added transition from wildcard62 to wildcard93
[DEBUG] Dynamically added transition from wildcard61 to wildcard93
[DEBUG] Dynamically added transition from wildcard60 to wildcard93
[DEBUG] Dynamically added transition from wildcard79 to wildcard93
[DEBUG] Dynamically added transition from wildcard78 to wildcard93
[DEBUG] Dynamically added transition from wildcard77 to wildcard93
[DEBUG] Dynamically added transition from wildcard76 to wildcard93
[DEBUG] Dynamically added transition from wildcard75 to wildcard93
[DEBUG] Dynamically added transition from wildcard74 to wildcard93
[DEBUG] Dynamically added transition from wildcard73 to wildcard93
[DEBUG] Dynamically added transition from wildcard72 to wildcard93
[DEBUG] Dynamically added transition from wildcard71 to wildcard93
[DEBUG] Dynamically added transition from wildcard70 to wildcard93
[DEBUG] Dynamically added transition from wildcard89 to wildcard93
[DEBUG] Dynamically added transition from wildcard88 to wildcard93
[DEBUG] Dynamically added transition from wildcard87 to wildcard93
[DEBUG] Dynamically added transition from wildcard86 to wildcard93
[DEBUG] Dynamically added transition from INITIAL to wildcard93
[DEBUG] Dynamically added transition from wildcard85 to wildcard93
[DEBUG] Dynamically added transition from wildcard84 to wildcard93
[DEBUG] Dynamically added transition from wildcard83 to wildcard93
[DEBUG] Dynamically added transition from wildcard82 to wildcard93
[DEBUG] Dynamically added transition from wildcard81 to wildcard93
[DEBUG] Dynamically added transition from wildcard80 to wildcard93
[DEBUG] Dynamically added transition from wildcard16 to wildcard93
[DEBUG] Dynamically added transition from wildcard15 to wildcard93
[DEBUG] Dynamically added transition from wildcard14 to wildcard93
[DEBUG] Dynamically added transition from wildcard13 to wildcard93
[DEBUG] Dynamically added transition from wildcard12 to wildcard93
[DEBUG] Dynamically added transition from wildcard11 to wildcard93
[DEBUG] Dynamically added transition from wildcard10 to wildcard93
[DEBUG] Dynamically added transition from start to wildcard93
[DEBUG] Dynamically added transition from wildcard91 to wildcard93
[DEBUG] Dynamically added transition from wildcard90 to wildcard93
[DEBUG] Dynamically added transition from wildcard93 to wildcard27
[DEBUG] Dynamically added transition from wildcard93 to wildcard26
[DEBUG] Dynamically added transition from wildcard93 to wildcard25
[DEBUG] Dynamically added transition from wildcard93 to wildcard24
[DEBUG] Dynamically added transition from wildcard93 to wildcard23
[DEBUG] Dynamically added transition from wildcard93 to wildcard22
[DEBUG] Dynamically added transition from wildcard93 to wildcard1
[DEBUG] Dynamically added transition from wildcard93 to wildcard21
[DEBUG] Dynamically added transition from wildcard93 to wildcard0
[DEBUG] Dynamically added transition from wildcard93 to wildcard20
[DEBUG] Dynamically added transition from wildcard93 to wildcard3
[DEBUG] Dynamically added transition from wildcard93 to wildcard2
[DEBUG] Dynamically added transition from wildcard93 to wildcard5
[DEBUG] Dynamically added transition from wildcard93 to wildcard4
[DEBUG] Dynamically added transition from wildcard93 to wildcard7
[DEBUG] Dynamically added transition from wildcard93 to wildcard6
[DEBUG] Dynamically added transition from wildcard93 to wildcard9
[DEBUG] Dynamically added transition from wildcard93 to wildcard8
[DEBUG] Dynamically added transition from wildcard93 to wildcard19
[DEBUG] Dynamically added transition from wildcard93 to wildcard18
[DEBUG] Dynamically added transition from wildcard93 to wildcard17
[DEBUG] Dynamically added transition from wildcard93 to wildcard38
[DEBUG] Dynamically added transition from wildcard93 to wildcard37
[DEBUG] Dynamically added transition from wildcard93 to wildcard36
[DEBUG] Dynamically added transition from wildcard93 to wildcard35
[DEBUG] Dynamically added transition from wildcard93 to wildcard34
[DEBUG] Dynamically added transition from wildcard93 to wildcard33
[DEBUG] Dynamically added transition from wildcard93 to wildcard32
[DEBUG] Dynamically added transition from wildcard93 to wildcard31
[DEBUG] Dynamically added transition from wildcard93 to wildcard30
[DEBUG] Dynamically added transition from wildcard93 to wildcard29
[DEBUG] Dynamically added transition from wildcard93 to wildcard28
[DEBUG] Dynamically added transition from wildcard93 to wildcard49
[DEBUG] Dynamically added transition from wildcard93 to wildcard48
[DEBUG] Dynamically added transition from wildcard93 to wildcard47
[DEBUG] Dynamically added transition from wildcard93 to wildcard46
[DEBUG] Dynamically added transition from wildcard93 to wildcard45
[DEBUG] Dynamically added transition from wildcard93 to wildcard44
[DEBUG] Dynamically added transition from wildcard93 to wildcard43
[DEBUG] Dynamically added transition from wildcard93 to wildcard42
[DEBUG] Dynamically added transition from wildcard93 to wildcard41
[DEBUG] Dynamically added transition from wildcard93 to wildcard40
[DEBUG] Dynamically added transition from wildcard93 to wildcard39
[DEBUG] Dynamically added transition from wildcard93 to wildcard59
[DEBUG] Dynamically added transition from wildcard93 to wildcard58
[DEBUG] Dynamically added transition from wildcard93 to middle
[DEBUG] Dynamically added transition from wildcard93 to wildcard57
[DEBUG] Dynamically added transition from wildcard93 to wildcard56
[DEBUG] Dynamically added transition from wildcard93 to wildcard55
[DEBUG] Dynamically added transition from wildcard93 to wildcard54
[DEBUG] Dynamically added transition from wildcard93 to wildcard53
[DEBUG] Dynamically added transition from wildcard93 to wildcard52
[DEBUG] Dynamically added transition from wildcard93 to wildcard51
[DEBUG] Dynamically added transition from wildcard93 to wildcard50
[DEBUG] Dynamically added transition from wildcard93 to wildcard69
[DEBUG] Dynamically added transition from wildcard93 to wildcard68
[DEBUG] Dynamically added transition from wildcard93 to wildcard67
[DEBUG] Dynamically added transition from wildcard93 to wildcard66
[DEBUG] Dynamically added transition from wildcard93 to wildcard65
[DEBUG] Dynamically added transition from wildcard93 to wildcard64
[DEBUG] Dynamically added transition from wildcard93 to wildcard63
[DEBUG] Dynamically added transition from wildcard93 to wildcard62
[DEBUG] Dynamically added transition from wildcard93 to wildcard61
[DEBUG] Dynamically added transition from wildcard93 to wildcard60
[DEBUG] Dynamically added transition from wildcard93 to wildcard79
[DEBUG] Dynamically added transition from wildcard93 to wildcard78
[DEBUG] Dynamically added transition from wildcard93 to wildcard77
[DEBUG] Dynamically added transition from wildcard93 to wildcard76
[DEBUG] Dynamically added transition from wildcard93 to wildcard75
[DEBUG] Dynamically added transition from wildcard93 to wildcard74
[DEBUG] Dynamically added transition from wildcard93 to wildcard73
[DEBUG] Dynamically added transition from wildcard93 to wildcard72
[DEBUG] Dynamically added transition from wildcard93 to wildcard71
[DEBUG] Dynamically added transition from wildcard93 to wildcard70
[DEBUG] Dynamically added transition from wildcard93 to .*
[DEBUG] Dynamically added transition from wildcard93 to wildcard89
[DEBUG] Dynamically added transition from wildcard93 to wildcard88
[DEBUG] Dynamically added transition from wildcard93 to wildcard87
[DEBUG] Dynamically added transition from wildcard93 to wildcard86
[DEBUG] Dynamically added transition from wildcard93 to INITIAL
[DEBUG] Dynamically added transition from wildcard93 to wildcard85
[DEBUG] Dynamically added transition from wildcard93 to wildcard84
[DEBUG] Dynamically added transition from wildcard93 to wildcard83
[DEBUG] Dynamically added transition from wildcard93 to wildcard82
[DEBUG] Dynamically added transition from wildcard93 to wildcard81
[DEBUG] Dynamically added transition from wildcard93 to wildcard80
[DEBUG] Dynamically added transition from wildcard93 to end
[DEBUG] Dynamically added transition from wildcard93 to wildcard16
[DEBUG] Dynamically added transition from wildcard93 to wildcard15
[DEBUG] Dynamically added transition from wildcard93 to wildcard14
[DEBUG] Dynamically added transition from wildcard93 to wildcard13
[DEBUG] Dynamically added transition from wildcard93 to wildcard12
[DEBUG] Dynamically added transition from wildcard93 to wildcard11
[DEBUG] Dynamically added transition from wildcard93 to wildcard10
[DEBUG] Dynamically added transition from wildcard93 to start
[DEBUG] Dynamically added transition from wildcard93 to wildcard93
[DEBUG] Dynamically added transition from wildcard93 to wildcard92
[DEBUG] Dynamically added transition from wildcard93 to wildcard91
[DEBUG] Dynamically added transition from wildcard93 to wildcard90
[INFO] Wildcard transition valid to state: wildcard93
[INFO] Wildcard transition detected from wildcard93 to wildcard94
[DEBUG] Created intermediate state for wildcard transition: wildcard94
[DEBUG] Dynamically added transition from wildcard93 to wildcard94
[DEBUG] Dynamically added transition from wildcard27 to wildcard94
[DEBUG] Dynamically added transition from wildcard26 to wildcard94
[DEBUG] Dynamically added transition from wildcard25 to wildcard94
[DEBUG] Dynamically added transition from wildcard24 to wildcard94
[DEBUG] Dynamically added transition from wildcard23 to wildcard94
[DEBUG] Dynamically added transition from wildcard22 to wildcard94
[DEBUG] Dynamically added transition from wildcard1 to wildcard94
[DEBUG] Dynamically added transition from wildcard21 to wildcard94
[DEBUG] Dynamically added transition from wildcard0 to wildcard94
[DEBUG] Dynamically added transition from wildcard20 to wildcard94
[DEBUG] Dynamically added transition from wildcard3 to wildcard94
[DEBUG] Dynamically added transition from wildcard2 to wildcard94
[DEBUG] Dynamically added transition from wildcard5 to wildcard94
[DEBUG] Dynamically added transition from wildcard4 to wildcard94
[DEBUG] Dynamically added transition from wildcard7 to wildcard94
[DEBUG] Dynamically added transition from wildcard6 to wildcard94
[DEBUG] Dynamically added transition from wildcard9 to wildcard94
[DEBUG] Dynamically added transition from wildcard8 to wildcard94
[DEBUG] Dynamically added transition from wildcard19 to wildcard94
[DEBUG] Dynamically added transition from wildcard18 to wildcard94
[DEBUG] Dynamically added transition from wildcard17 to wildcard94
[DEBUG] Dynamically added transition from wildcard38 to wildcard94
[DEBUG] Dynamically added transition from wildcard37 to wildcard94
[DEBUG] Dynamically added transition from wildcard36 to wildcard94
[DEBUG] Dynamically added transition from wildcard35 to wildcard94
[DEBUG] Dynamically added transition from wildcard34 to wildcard94
[DEBUG] Dynamically added transition from wildcard33 to wildcard94
[DEBUG] Dynamically added transition from wildcard32 to wildcard94
[DEBUG] Dynamically added transition from wildcard31 to wildcard94
[DEBUG] Dynamically added transition from wildcard30 to wildcard94
[DEBUG] Dynamically added transition from wildcard29 to wildcard94
[DEBUG] Dynamically added transition from wildcard28 to wildcard94
[DEBUG] Dynamically added transition from wildcard49 to wildcard94
[DEBUG] Dynamically added transition from wildcard48 to wildcard94
[DEBUG] Dynamically added transition from wildcard47 to wildcard94
[DEBUG] Dynamically added transition from wildcard46 to wildcard94
[DEBUG] Dynamically added transition from wildcard45 to wildcard94
[DEBUG] Dynamically added transition from wildcard44 to wildcard94
[DEBUG] Dynamically added transition from wildcard43 to wildcard94
[DEBUG] Dynamically added transition from wildcard42 to wildcard94
[DEBUG] Dynamically added transition from wildcard41 to wildcard94
[DEBUG] Dynamically added transition from wildcard40 to wildcard94
[DEBUG] Dynamically added transition from wildcard39 to wildcard94
[DEBUG] Dynamically added transition from wildcard59 to wildcard94
[DEBUG] Dynamically added transition from wildcard58 to wildcard94
[DEBUG] Dynamically added transition from wildcard57 to wildcard94
[DEBUG] Dynamically added transition from wildcard56 to wildcard94
[DEBUG] Dynamically added transition from wildcard55 to wildcard94
[DEBUG] Dynamically added transition from wildcard54 to wildcard94
[DEBUG] Dynamically added transition from wildcard53 to wildcard94
[DEBUG] Dynamically added transition from wildcard52 to wildcard94
[DEBUG] Dynamically added transition from wildcard51 to wildcard94
[DEBUG] Dynamically added transition from wildcard50 to wildcard94
[DEBUG] Dynamically added transition from wildcard69 to wildcard94
[DEBUG] Dynamically added transition from wildcard68 to wildcard94
[DEBUG] Dynamically added transition from wildcard67 to wildcard94
[DEBUG] Dynamically added transition from wildcard66 to wildcard94
[DEBUG] Dynamically added transition from wildcard65 to wildcard94
[DEBUG] Dynamically added transition from wildcard64 to wildcard94
[DEBUG] Dynamically added transition from wildcard63 to wildcard94
[DEBUG] Dynamically added transition from wildcard62 to wildcard94
[DEBUG] Dynamically added transition from wildcard61 to wildcard94
[DEBUG] Dynamically added transition from wildcard60 to wildcard94
[DEBUG] Dynamically added transition from wildcard79 to wildcard94
[DEBUG] Dynamically added transition from wildcard78 to wildcard94
[DEBUG] Dynamically added transition from wildcard77 to wildcard94
[DEBUG] Dynamically added transition from wildcard76 to wildcard94
[DEBUG] Dynamically added transition from wildcard75 to wildcard94
[DEBUG] Dynamically added transition from wildcard74 to wildcard94
[DEBUG] Dynamically added transition from wildcard73 to wildcard94
[DEBUG] Dynamically added transition from wildcard72 to wildcard94
[DEBUG] Dynamically added transition from wildcard71 to wildcard94
[DEBUG] Dynamically added transition from wildcard70 to wildcard94
[DEBUG] Dynamically added transition from wildcard89 to wildcard94
[DEBUG] Dynamically added transition from wildcard88 to wildcard94
[DEBUG] Dynamically added transition from wildcard87 to wildcard94
[DEBUG] Dynamically added transition from wildcard86 to wildcard94
[DEBUG] Dynamically added transition from INITIAL to wildcard94
[DEBUG] Dynamically added transition from wildcard85 to wildcard94
[DEBUG] Dynamically added transition from wildcard84 to wildcard94
[DEBUG] Dynamically added transition from wildcard83 to wildcard94
[DEBUG] Dynamically added transition from wildcard82 to wildcard94
[DEBUG] Dynamically added transition from wildcard81 to wildcard94
[DEBUG] Dynamically added transition from wildcard80 to wildcard94
[DEBUG] Dynamically added transition from wildcard16 to wildcard94
[DEBUG] Dynamically added transition from wildcard15 to wildcard94
[DEBUG] Dynamically added transition from wildcard14 to wildcard94
[DEBUG] Dynamically added transition from wildcard13 to wildcard94
[DEBUG] Dynamically added transition from wildcard12 to wildcard94
[DEBUG] Dynamically added transition from wildcard11 to wildcard94
[DEBUG] Dynamically added transition from wildcard10 to wildcard94
[DEBUG] Dynamically added transition from start to wildcard94
[DEBUG] Dynamically added transition from wildcard92 to wildcard94
[DEBUG] Dynamically added transition from wildcard91 to wildcard94
[DEBUG] Dynamically added transition from wildcard90 to wildcard94
[DEBUG] Dynamically added transition from wildcard94 to wildcard27
[DEBUG] Dynamically added transition from wildcard94 to wildcard26
[DEBUG] Dynamically added transition from wildcard94 to wildcard25
[DEBUG] Dynamically added transition from wildcard94 to wildcard24
[DEBUG] Dynamically added transition from wildcard94 to wildcard23
[DEBUG] Dynamically added transition from wildcard94 to wildcard22
[DEBUG] Dynamically added transition from wildcard94 to wildcard1
[DEBUG] Dynamically added transition from wildcard94 to wildcard21
[DEBUG] Dynamically added transition from wildcard94 to wildcard0
[DEBUG] Dynamically added transition from wildcard94 to wildcard20
[DEBUG] Dynamically added transition from wildcard94 to wildcard3
[DEBUG] Dynamically added transition from wildcard94 to wildcard2
[DEBUG] Dynamically added transition from wildcard94 to wildcard5
[DEBUG] Dynamically added transition from wildcard94 to wildcard4
[DEBUG] Dynamically added transition from wildcard94 to wildcard7
[DEBUG] Dynamically added transition from wildcard94 to wildcard6
[DEBUG] Dynamically added transition from wildcard94 to wildcard9
[DEBUG] Dynamically added transition from wildcard94 to wildcard8
[DEBUG] Dynamically added transition from wildcard94 to wildcard19
[DEBUG] Dynamically added transition from wildcard94 to wildcard18
[DEBUG] Dynamically added transition from wildcard94 to wildcard17
[DEBUG] Dynamically added transition from wildcard94 to wildcard38
[DEBUG] Dynamically added transition from wildcard94 to wildcard37
[DEBUG] Dynamically added transition from wildcard94 to wildcard36
[DEBUG] Dynamically added transition from wildcard94 to wildcard35
[DEBUG] Dynamically added transition from wildcard94 to wildcard34
[DEBUG] Dynamically added transition from wildcard94 to wildcard33
[DEBUG] Dynamically added transition from wildcard94 to wildcard32
[DEBUG] Dynamically added transition from wildcard94 to wildcard31
[DEBUG] Dynamically added transition from wildcard94 to wildcard30
[DEBUG] Dynamically added transition from wildcard94 to wildcard29
[DEBUG] Dynamically added transition from wildcard94 to wildcard28
[DEBUG] Dynamically added transition from wildcard94 to wildcard49
[DEBUG] Dynamically added transition from wildcard94 to wildcard48
[DEBUG] Dynamically added transition from wildcard94 to wildcard47
[DEBUG] Dynamically added transition from wildcard94 to wildcard46
[DEBUG] Dynamically added transition from wildcard94 to wildcard45
[DEBUG] Dynamically added transition from wildcard94 to wildcard44
[DEBUG] Dynamically added transition from wildcard94 to wildcard43
[DEBUG] Dynamically added transition from wildcard94 to wildcard42
[DEBUG] Dynamically added transition from wildcard94 to wildcard41
[DEBUG] Dynamically added transition from wildcard94 to wildcard40
[DEBUG] Dynamically added transition from wildcard94 to wildcard39
[DEBUG] Dynamically added transition from wildcard94 to wildcard59
[DEBUG] Dynamically added transition from wildcard94 to wildcard58
[DEBUG] Dynamically added transition from wildcard94 to middle
[DEBUG] Dynamically added transition from wildcard94 to wildcard57
[DEBUG] Dynamically added transition from wildcard94 to wildcard56
[DEBUG] Dynamically added transition from wildcard94 to wildcard55
[DEBUG] Dynamically added transition from wildcard94 to wildcard54
[DEBUG] Dynamically added transition from wildcard94 to wildcard53
[DEBUG] Dynamically added transition from wildcard94 to wildcard52
[DEBUG] Dynamically added transition from wildcard94 to wildcard51
[DEBUG] Dynamically added transition from wildcard94 to wildcard50
[DEBUG] Dynamically added transition from wildcard94 to wildcard69
[DEBUG] Dynamically added transition from wildcard94 to wildcard68
[DEBUG] Dynamically added transition from wildcard94 to wildcard67
[DEBUG] Dynamically added transition from wildcard94 to wildcard66
[DEBUG] Dynamically added transition from wildcard94 to wildcard65
[DEBUG] Dynamically added transition from wildcard94 to wildcard64
[DEBUG] Dynamically added transition from wildcard94 to wildcard63
[DEBUG] Dynamically added transition from wildcard94 to wildcard62
[DEBUG] Dynamically added transition from wildcard94 to wildcard61
[DEBUG] Dynamically added transition from wildcard94 to wildcard60
[DEBUG] Dynamically added transition from wildcard94 to wildcard79
[DEBUG] Dynamically added transition from wildcard94 to wildcard78
[DEBUG] Dynamically added transition from wildcard94 to wildcard77
[DEBUG] Dynamically added transition from wildcard94 to wildcard76
[DEBUG] Dynamically added transition from wildcard94 to wildcard75
[DEBUG] Dynamically added transition from wildcard94 to wildcard74
[DEBUG] Dynamically added transition from wildcard94 to wildcard73
[DEBUG] Dynamically added transition from wildcard94 to wildcard72
[DEBUG] Dynamically added transition from wildcard94 to wildcard71
[DEBUG] Dynamically added transition from wildcard94 to wildcard70
[DEBUG] Dynamically added transition from wildcard94 to .*
[DEBUG] Dynamically added transition from wildcard94 to wildcard89
[DEBUG] Dynamically added transition from wildcard94 to wildcard88
[DEBUG] Dynamically added transition from wildcard94 to wildcard87
[DEBUG] Dynamically added transition from wildcard94 to wildcard86
[DEBUG] Dynamically added transition from wildcard94 to INITIAL
[DEBUG] Dynamically added transition from wildcard94 to wildcard85
[DEBUG] Dynamically added transition from wildcard94 to wildcard84
[DEBUG] Dynamically added transition from wildcard94 to wildcard83
[DEBUG] Dynamically added transition from wildcard94 to wildcard82
[DEBUG] Dynamically added transition from wildcard94 to wildcard81
[DEBUG] Dynamically added transition from wildcard94 to wildcard80
[DEBUG] Dynamically added transition from wildcard94 to end
[DEBUG] Dynamically added transition from wildcard94 to wildcard16
[DEBUG] Dynamically added transition from wildcard94 to wildcard15
[DEBUG] Dynamically added transition from wildcard94 to wildcard14
[DEBUG] Dynamically added transition from wildcard94 to wildcard13
[DEBUG] Dynamically added transition from wildcard94 to wildcard12
[DEBUG] Dynamically added transition from wildcard94 to wildcard11
[DEBUG] Dynamically added transition from wildcard94 to wildcard10
[DEBUG] Dynamically added transition from wildcard94 to start
[DEBUG] Dynamically added transition from wildcard94 to wildcard94
[DEBUG] Dynamically added transition from wildcard94 to wildcard93
[DEBUG] Dynamically added transition from wildcard94 to wildcard92
[DEBUG] Dynamically added transition from wildcard94 to wildcard91
[DEBUG] Dynamically added transition from wildcard94 to wildcard90
[INFO] Wildcard transition valid to state: wildcard94
[INFO] Wildcard transition detected from wildcard94 to wildcard95
[DEBUG] Created intermediate state for wildcard transition: wildcard95
[DEBUG] Dynamically added transition from wildcard94 to wildcard95
[DEBUG] Dynamically added transition from wildcard27 to wildcard95
[DEBUG] Dynamically added transition from wildcard26 to wildcard95
[DEBUG] Dynamically added transition from wildcard25 to wildcard95
[DEBUG] Dynamically added transition from wildcard24 to wildcard95
[DEBUG] Dynamically added transition from wildcard23 to wildcard95
[DEBUG] Dynamically added transition from wildcard22 to wildcard95
[DEBUG] Dynamically added transition from wildcard1 to wildcard95
[DEBUG] Dynamically added transition from wildcard21 to wildcard95
[DEBUG] Dynamically added transition from wildcard0 to wildcard95
[DEBUG] Dynamically added transition from wildcard20 to wildcard95
[DEBUG] Dynamically added transition from wildcard3 to wildcard95
[DEBUG] Dynamically added transition from wildcard2 to wildcard95
[DEBUG] Dynamically added transition from wildcard5 to wildcard95
[DEBUG] Dynamically added transition from wildcard4 to wildcard95
[DEBUG] Dynamically added transition from wildcard7 to wildcard95
[DEBUG] Dynamically added transition from wildcard6 to wildcard95
[DEBUG] Dynamically added transition from wildcard9 to wildcard95
[DEBUG] Dynamically added transition from wildcard8 to wildcard95
[DEBUG] Dynamically added transition from wildcard19 to wildcard95
[DEBUG] Dynamically added transition from wildcard18 to wildcard95
[DEBUG] Dynamically added transition from wildcard17 to wildcard95
[DEBUG] Dynamically added transition from wildcard38 to wildcard95
[DEBUG] Dynamically added transition from wildcard37 to wildcard95
[DEBUG] Dynamically added transition from wildcard36 to wildcard95
[DEBUG] Dynamically added transition from wildcard35 to wildcard95
[DEBUG] Dynamically added transition from wildcard34 to wildcard95
[DEBUG] Dynamically added transition from wildcard33 to wildcard95
[DEBUG] Dynamically added transition from wildcard32 to wildcard95
[DEBUG] Dynamically added transition from wildcard31 to wildcard95
[DEBUG] Dynamically added transition from wildcard30 to wildcard95
[DEBUG] Dynamically added transition from wildcard29 to wildcard95
[DEBUG] Dynamically added transition from wildcard28 to wildcard95
[DEBUG] Dynamically added transition from wildcard49 to wildcard95
[DEBUG] Dynamically added transition from wildcard48 to wildcard95
[DEBUG] Dynamically added transition from wildcard47 to wildcard95
[DEBUG] Dynamically added transition from wildcard46 to wildcard95
[DEBUG] Dynamically added transition from wildcard45 to wildcard95
[DEBUG] Dynamically added transition from wildcard44 to wildcard95
[DEBUG] Dynamically added transition from wildcard43 to wildcard95
[DEBUG] Dynamically added transition from wildcard42 to wildcard95
[DEBUG] Dynamically added transition from wildcard41 to wildcard95
[DEBUG] Dynamically added transition from wildcard40 to wildcard95
[DEBUG] Dynamically added transition from wildcard39 to wildcard95
[DEBUG] Dynamically added transition from wildcard59 to wildcard95
[DEBUG] Dynamically added transition from wildcard58 to wildcard95
[DEBUG] Dynamically added transition from wildcard57 to wildcard95
[DEBUG] Dynamically added transition from wildcard56 to wildcard95
[DEBUG] Dynamically added transition from wildcard55 to wildcard95
[DEBUG] Dynamically added transition from wildcard54 to wildcard95
[DEBUG] Dynamically added transition from wildcard53 to wildcard95
[DEBUG] Dynamically added transition from wildcard52 to wildcard95
[DEBUG] Dynamically added transition from wildcard51 to wildcard95
[DEBUG] Dynamically added transition from wildcard50 to wildcard95
[DEBUG] Dynamically added transition from wildcard69 to wildcard95
[DEBUG] Dynamically added transition from wildcard68 to wildcard95
[DEBUG] Dynamically added transition from wildcard67 to wildcard95
[DEBUG] Dynamically added transition from wildcard66 to wildcard95
[DEBUG] Dynamically added transition from wildcard65 to wildcard95
[DEBUG] Dynamically added transition from wildcard64 to wildcard95
[DEBUG] Dynamically added transition from wildcard63 to wildcard95
[DEBUG] Dynamically added transition from wildcard62 to wildcard95
[DEBUG] Dynamically added transition from wildcard61 to wildcard95
[DEBUG] Dynamically added transition from wildcard60 to wildcard95
[DEBUG] Dynamically added transition from wildcard79 to wildcard95
[DEBUG] Dynamically added transition from wildcard78 to wildcard95
[DEBUG] Dynamically added transition from wildcard77 to wildcard95
[DEBUG] Dynamically added transition from wildcard76 to wildcard95
[DEBUG] Dynamically added transition from wildcard75 to wildcard95
[DEBUG] Dynamically added transition from wildcard74 to wildcard95
[DEBUG] Dynamically added transition from wildcard73 to wildcard95
[DEBUG] Dynamically added transition from wildcard72 to wildcard95
[DEBUG] Dynamically added transition from wildcard71 to wildcard95
[DEBUG] Dynamically added transition from wildcard70 to wildcard95
[DEBUG] Dynamically added transition from wildcard89 to wildcard95
[DEBUG] Dynamically added transition from wildcard88 to wildcard95
[DEBUG] Dynamically added transition from wildcard87 to wildcard95
[DEBUG] Dynamically added transition from wildcard86 to wildcard95
[DEBUG] Dynamically added transition from INITIAL to wildcard95
[DEBUG] Dynamically added transition from wildcard85 to wildcard95
[DEBUG] Dynamically added transition from wildcard84 to wildcard95
[DEBUG] Dynamically added transition from wildcard83 to wildcard95
[DEBUG] Dynamically added transition from wildcard82 to wildcard95
[DEBUG] Dynamically added transition from wildcard81 to wildcard95
[DEBUG] Dynamically added transition from wildcard80 to wildcard95
[DEBUG] Dynamically added transition from wildcard16 to wildcard95
[DEBUG] Dynamically added transition from wildcard15 to wildcard95
[DEBUG] Dynamically added transition from wildcard14 to wildcard95
[DEBUG] Dynamically added transition from wildcard13 to wildcard95
[DEBUG] Dynamically added transition from wildcard12 to wildcard95
[DEBUG] Dynamically added transition from wildcard11 to wildcard95
[DEBUG] Dynamically added transition from wildcard10 to wildcard95
[DEBUG] Dynamically added transition from start to wildcard95
[DEBUG] Dynamically added transition from wildcard93 to wildcard95
[DEBUG] Dynamically added transition from wildcard92 to wildcard95
[DEBUG] Dynamically added transition from wildcard91 to wildcard95
[DEBUG] Dynamically added transition from wildcard90 to wildcard95
[DEBUG] Dynamically added transition from wildcard95 to wildcard27
[DEBUG] Dynamically added transition from wildcard95 to wildcard26
[DEBUG] Dynamically added transition from wildcard95 to wildcard25
[DEBUG] Dynamically added transition from wildcard95 to wildcard24
[DEBUG] Dynamically added transition from wildcard95 to wildcard23
[DEBUG] Dynamically added transition from wildcard95 to wildcard22
[DEBUG] Dynamically added transition from wildcard95 to wildcard1
[DEBUG] Dynamically added transition from wildcard95 to wildcard21
[DEBUG] Dynamically added transition from wildcard95 to wildcard0
[DEBUG] Dynamically added transition from wildcard95 to wildcard20
[DEBUG] Dynamically added transition from wildcard95 to wildcard3
[DEBUG] Dynamically added transition from wildcard95 to wildcard2
[DEBUG] Dynamically added transition from wildcard95 to wildcard5
[DEBUG] Dynamically added transition from wildcard95 to wildcard4
[DEBUG] Dynamically added transition from wildcard95 to wildcard7
[DEBUG] Dynamically added transition from wildcard95 to wildcard6
[DEBUG] Dynamically added transition from wildcard95 to wildcard9
[DEBUG] Dynamically added transition from wildcard95 to wildcard8
[DEBUG] Dynamically added transition from wildcard95 to wildcard19
[DEBUG] Dynamically added transition from wildcard95 to wildcard18
[DEBUG] Dynamically added transition from wildcard95 to wildcard17
[DEBUG] Dynamically added transition from wildcard95 to wildcard38
[DEBUG] Dynamically added transition from wildcard95 to wildcard37
[DEBUG] Dynamically added transition from wildcard95 to wildcard36
[DEBUG] Dynamically added transition from wildcard95 to wildcard35
[DEBUG] Dynamically added transition from wildcard95 to wildcard34
[DEBUG] Dynamically added transition from wildcard95 to wildcard33
[DEBUG] Dynamically added transition from wildcard95 to wildcard32
[DEBUG] Dynamically added transition from wildcard95 to wildcard31
[DEBUG] Dynamically added transition from wildcard95 to wildcard30
[DEBUG] Dynamically added transition from wildcard95 to wildcard29
[DEBUG] Dynamically added transition from wildcard95 to wildcard28
[DEBUG] Dynamically added transition from wildcard95 to wildcard49
[DEBUG] Dynamically added transition from wildcard95 to wildcard48
[DEBUG] Dynamically added transition from wildcard95 to wildcard47
[DEBUG] Dynamically added transition from wildcard95 to wildcard46
[DEBUG] Dynamically added transition from wildcard95 to wildcard45
[DEBUG] Dynamically added transition from wildcard95 to wildcard44
[DEBUG] Dynamically added transition from wildcard95 to wildcard43
[DEBUG] Dynamically added transition from wildcard95 to wildcard42
[DEBUG] Dynamically added transition from wildcard95 to wildcard41
[DEBUG] Dynamically added transition from wildcard95 to wildcard40
[DEBUG] Dynamically added transition from wildcard95 to wildcard39
[DEBUG] Dynamically added transition from wildcard95 to wildcard59
[DEBUG] Dynamically added transition from wildcard95 to wildcard58
[DEBUG] Dynamically added transition from wildcard95 to middle
[DEBUG] Dynamically added transition from wildcard95 to wildcard57
[DEBUG] Dynamically added transition from wildcard95 to wildcard56
[DEBUG] Dynamically added transition from wildcard95 to wildcard55
[DEBUG] Dynamically added transition from wildcard95 to wildcard54
[DEBUG] Dynamically added transition from wildcard95 to wildcard53
[DEBUG] Dynamically added transition from wildcard95 to wildcard52
[DEBUG] Dynamically added transition from wildcard95 to wildcard51
[DEBUG] Dynamically added transition from wildcard95 to wildcard50
[DEBUG] Dynamically added transition from wildcard95 to wildcard69
[DEBUG] Dynamically added transition from wildcard95 to wildcard68
[DEBUG] Dynamically added transition from wildcard95 to wildcard67
[DEBUG] Dynamically added transition from wildcard95 to wildcard66
[DEBUG] Dynamically added transition from wildcard95 to wildcard65
[DEBUG] Dynamically added transition from wildcard95 to wildcard64
[DEBUG] Dynamically added transition from wildcard95 to wildcard63
[DEBUG] Dynamically added transition from wildcard95 to wildcard62
[DEBUG] Dynamically added transition from wildcard95 to wildcard61
[DEBUG] Dynamically added transition from wildcard95 to wildcard60
[DEBUG] Dynamically added transition from wildcard95 to wildcard79
[DEBUG] Dynamically added transition from wildcard95 to wildcard78
[DEBUG] Dynamically added transition from wildcard95 to wildcard77
[DEBUG] Dynamically added transition from wildcard95 to wildcard76
[DEBUG] Dynamically added transition from wildcard95 to wildcard75
[DEBUG] Dynamically added transition from wildcard95 to wildcard74
[DEBUG] Dynamically added transition from wildcard95 to wildcard73
[DEBUG] Dynamically added transition from wildcard95 to wildcard72
[DEBUG] Dynamically added transition from wildcard95 to wildcard71
[DEBUG] Dynamically added transition from wildcard95 to wildcard70
[DEBUG] Dynamically added transition from wildcard95 to .*
[DEBUG] Dynamically added transition from wildcard95 to wildcard89
[DEBUG] Dynamically added transition from wildcard95 to wildcard88
[DEBUG] Dynamically added transition from wildcard95 to wildcard87
[DEBUG] Dynamically added transition from wildcard95 to wildcard86
[DEBUG] Dynamically added transition from wildcard95 to INITIAL
[DEBUG] Dynamically added transition from wildcard95 to wildcard85
[DEBUG] Dynamically added transition from wildcard95 to wildcard84
[DEBUG] Dynamically added transition from wildcard95 to wildcard83
[DEBUG] Dynamically added transition from wildcard95 to wildcard82
[DEBUG] Dynamically added transition from wildcard95 to wildcard81
[DEBUG] Dynamically added transition from wildcard95 to wildcard80
[DEBUG] Dynamically added transition from wildcard95 to end
[DEBUG] Dynamically added transition from wildcard95 to wildcard16
[DEBUG] Dynamically added transition from wildcard95 to wildcard15
[DEBUG] Dynamically added transition from wildcard95 to wildcard14
[DEBUG] Dynamically added transition from wildcard95 to wildcard13
[DEBUG] Dynamically added transition from wildcard95 to wildcard12
[DEBUG] Dynamically added transition from wildcard95 to wildcard11
[DEBUG] Dynamically added transition from wildcard95 to wildcard10
[DEBUG] Dynamically added transition from wildcard95 to start
[DEBUG] Dynamically added transition from wildcard95 to wildcard95
[DEBUG] Dynamically added transition from wildcard95 to wildcard94
[DEBUG] Dynamically added transition from wildcard95 to wildcard93
[DEBUG] Dynamically added transition from wildcard95 to wildcard92
[DEBUG] Dynamically added transition from wildcard95 to wildcard91
[DEBUG] Dynamically added transition from wildcard95 to wildcard90
[INFO] Wildcard transition valid to state: wildcard95
[INFO] Wildcard transition detected from wildcard95 to wildcard96
[DEBUG] Created intermediate state for wildcard transition: wildcard96
[DEBUG] Dynamically added transition from wildcard95 to wildcard96
[DEBUG] Dynamically added transition from wildcard27 to wildcard96
[DEBUG] Dynamically added transition from wildcard26 to wildcard96
[DEBUG] Dynamically added transition from wildcard25 to wildcard96
[DEBUG] Dynamically added transition from wildcard24 to wildcard96
[DEBUG] Dynamically added transition from wildcard23 to wildcard96
[DEBUG] Dynamically added transition from wildcard22 to wildcard96
[DEBUG] Dynamically added transition from wildcard1 to wildcard96
[DEBUG] Dynamically added transition from wildcard21 to wildcard96
[DEBUG] Dynamically added transition from wildcard0 to wildcard96
[DEBUG] Dynamically added transition from wildcard20 to wildcard96
[DEBUG] Dynamically added transition from wildcard3 to wildcard96
[DEBUG] Dynamically added transition from wildcard2 to wildcard96
[DEBUG] Dynamically added transition from wildcard5 to wildcard96
[DEBUG] Dynamically added transition from wildcard4 to wildcard96
[DEBUG] Dynamically added transition from wildcard7 to wildcard96
[DEBUG] Dynamically added transition from wildcard6 to wildcard96
[DEBUG] Dynamically added transition from wildcard9 to wildcard96
[DEBUG] Dynamically added transition from wildcard8 to wildcard96
[DEBUG] Dynamically added transition from wildcard19 to wildcard96
[DEBUG] Dynamically added transition from wildcard18 to wildcard96
[DEBUG] Dynamically added transition from wildcard17 to wildcard96
[DEBUG] Dynamically added transition from wildcard38 to wildcard96
[DEBUG] Dynamically added transition from wildcard37 to wildcard96
[DEBUG] Dynamically added transition from wildcard36 to wildcard96
[DEBUG] Dynamically added transition from wildcard35 to wildcard96
[DEBUG] Dynamically added transition from wildcard34 to wildcard96
[DEBUG] Dynamically added transition from wildcard33 to wildcard96
[DEBUG] Dynamically added transition from wildcard32 to wildcard96
[DEBUG] Dynamically added transition from wildcard31 to wildcard96
[DEBUG] Dynamically added transition from wildcard30 to wildcard96
[DEBUG] Dynamically added transition from wildcard29 to wildcard96
[DEBUG] Dynamically added transition from wildcard28 to wildcard96
[DEBUG] Dynamically added transition from wildcard49 to wildcard96
[DEBUG] Dynamically added transition from wildcard48 to wildcard96
[DEBUG] Dynamically added transition from wildcard47 to wildcard96
[DEBUG] Dynamically added transition from wildcard46 to wildcard96
[DEBUG] Dynamically added transition from wildcard45 to wildcard96
[DEBUG] Dynamically added transition from wildcard44 to wildcard96
[DEBUG] Dynamically added transition from wildcard43 to wildcard96
[DEBUG] Dynamically added transition from wildcard42 to wildcard96
[DEBUG] Dynamically added transition from wildcard41 to wildcard96
[DEBUG] Dynamically added transition from wildcard40 to wildcard96
[DEBUG] Dynamically added transition from wildcard39 to wildcard96
[DEBUG] Dynamically added transition from wildcard59 to wildcard96
[DEBUG] Dynamically added transition from wildcard58 to wildcard96
[DEBUG] Dynamically added transition from wildcard57 to wildcard96
[DEBUG] Dynamically added transition from wildcard56 to wildcard96
[DEBUG] Dynamically added transition from wildcard55 to wildcard96
[DEBUG] Dynamically added transition from wildcard54 to wildcard96
[DEBUG] Dynamically added transition from wildcard53 to wildcard96
[DEBUG] Dynamically added transition from wildcard52 to wildcard96
[DEBUG] Dynamically added transition from wildcard51 to wildcard96
[DEBUG] Dynamically added transition from wildcard50 to wildcard96
[DEBUG] Dynamically added transition from wildcard69 to wildcard96
[DEBUG] Dynamically added transition from wildcard68 to wildcard96
[DEBUG] Dynamically added transition from wildcard67 to wildcard96
[DEBUG] Dynamically added transition from wildcard66 to wildcard96
[DEBUG] Dynamically added transition from wildcard65 to wildcard96
[DEBUG] Dynamically added transition from wildcard64 to wildcard96
[DEBUG] Dynamically added transition from wildcard63 to wildcard96
[DEBUG] Dynamically added transition from wildcard62 to wildcard96
[DEBUG] Dynamically added transition from wildcard61 to wildcard96
[DEBUG] Dynamically added transition from wildcard60 to wildcard96
[DEBUG] Dynamically added transition from wildcard79 to wildcard96
[DEBUG] Dynamically added transition from wildcard78 to wildcard96
[DEBUG] Dynamically added transition from wildcard77 to wildcard96
[DEBUG] Dynamically added transition from wildcard76 to wildcard96
[DEBUG] Dynamically added transition from wildcard75 to wildcard96
[DEBUG] Dynamically added transition from wildcard74 to wildcard96
[DEBUG] Dynamically added transition from wildcard73 to wildcard96
[DEBUG] Dynamically added transition from wildcard72 to wildcard96
[DEBUG] Dynamically added transition from wildcard71 to wildcard96
[DEBUG] Dynamically added transition from wildcard70 to wildcard96
[DEBUG] Dynamically added transition from wildcard89 to wildcard96
[DEBUG] Dynamically added transition from wildcard88 to wildcard96
[DEBUG] Dynamically added transition from wildcard87 to wildcard96
[DEBUG] Dynamically added transition from wildcard86 to wildcard96
[DEBUG] Dynamically added transition from INITIAL to wildcard96
[DEBUG] Dynamically added transition from wildcard85 to wildcard96
[DEBUG] Dynamically added transition from wildcard84 to wildcard96
[DEBUG] Dynamically added transition from wildcard83 to wildcard96
[DEBUG] Dynamically added transition from wildcard82 to wildcard96
[DEBUG] Dynamically added transition from wildcard81 to wildcard96
[DEBUG] Dynamically added transition from wildcard80 to wildcard96
[DEBUG] Dynamically added transition from wildcard16 to wildcard96
[DEBUG] Dynamically added transition from wildcard15 to wildcard96
[DEBUG] Dynamically added transition from wildcard14 to wildcard96
[DEBUG] Dynamically added transition from wildcard13 to wildcard96
[DEBUG] Dynamically added transition from wildcard12 to wildcard96
[DEBUG] Dynamically added transition from wildcard11 to wildcard96
[DEBUG] Dynamically added transition from wildcard10 to wildcard96
[DEBUG] Dynamically added transition from start to wildcard96
[DEBUG] Dynamically added transition from wildcard94 to wildcard96
[DEBUG] Dynamically added transition from wildcard93 to wildcard96
[DEBUG] Dynamically added transition from wildcard92 to wildcard96
[DEBUG] Dynamically added transition from wildcard91 to wildcard96
[DEBUG] Dynamically added transition from wildcard90 to wildcard96
[DEBUG] Dynamically added transition from wildcard96 to wildcard27
[DEBUG] Dynamically added transition from wildcard96 to wildcard26
[DEBUG] Dynamically added transition from wildcard96 to wildcard25
[DEBUG] Dynamically added transition from wildcard96 to wildcard24
[DEBUG] Dynamically added transition from wildcard96 to wildcard23
[DEBUG] Dynamically added transition from wildcard96 to wildcard22
[DEBUG] Dynamically added transition from wildcard96 to wildcard1
[DEBUG] Dynamically added transition from wildcard96 to wildcard21
[DEBUG] Dynamically added transition from wildcard96 to wildcard0
[DEBUG] Dynamically added transition from wildcard96 to wildcard20
[DEBUG] Dynamically added transition from wildcard96 to wildcard3
[DEBUG] Dynamically added transition from wildcard96 to wildcard2
[DEBUG] Dynamically added transition from wildcard96 to wildcard5
[DEBUG] Dynamically added transition from wildcard96 to wildcard4
[DEBUG] Dynamically added transition from wildcard96 to wildcard7
[DEBUG] Dynamically added transition from wildcard96 to wildcard6
[DEBUG] Dynamically added transition from wildcard96 to wildcard9
[DEBUG] Dynamically added transition from wildcard96 to wildcard8
[DEBUG] Dynamically added transition from wildcard96 to wildcard19
[DEBUG] Dynamically added transition from wildcard96 to wildcard18
[DEBUG] Dynamically added transition from wildcard96 to wildcard17
[DEBUG] Dynamically added transition from wildcard96 to wildcard38
[DEBUG] Dynamically added transition from wildcard96 to wildcard37
[DEBUG] Dynamically added transition from wildcard96 to wildcard36
[DEBUG] Dynamically added transition from wildcard96 to wildcard35
[DEBUG] Dynamically added transition from wildcard96 to wildcard34
[DEBUG] Dynamically added transition from wildcard96 to wildcard33
[DEBUG] Dynamically added transition from wildcard96 to wildcard32
[DEBUG] Dynamically added transition from wildcard96 to wildcard31
[DEBUG] Dynamically added transition from wildcard96 to wildcard30
[DEBUG] Dynamically added transition from wildcard96 to wildcard29
[DEBUG] Dynamically added transition from wildcard96 to wildcard28
[DEBUG] Dynamically added transition from wildcard96 to wildcard49
[DEBUG] Dynamically added transition from wildcard96 to wildcard48
[DEBUG] Dynamically added transition from wildcard96 to wildcard47
[DEBUG] Dynamically added transition from wildcard96 to wildcard46
[DEBUG] Dynamically added transition from wildcard96 to wildcard45
[DEBUG] Dynamically added transition from wildcard96 to wildcard44
[DEBUG] Dynamically added transition from wildcard96 to wildcard43
[DEBUG] Dynamically added transition from wildcard96 to wildcard42
[DEBUG] Dynamically added transition from wildcard96 to wildcard41
[DEBUG] Dynamically added transition from wildcard96 to wildcard40
[DEBUG] Dynamically added transition from wildcard96 to wildcard39
[DEBUG] Dynamically added transition from wildcard96 to wildcard59
[DEBUG] Dynamically added transition from wildcard96 to wildcard58
[DEBUG] Dynamically added transition from wildcard96 to middle
[DEBUG] Dynamically added transition from wildcard96 to wildcard57
[DEBUG] Dynamically added transition from wildcard96 to wildcard56
[DEBUG] Dynamically added transition from wildcard96 to wildcard55
[DEBUG] Dynamically added transition from wildcard96 to wildcard54
[DEBUG] Dynamically added transition from wildcard96 to wildcard53
[DEBUG] Dynamically added transition from wildcard96 to wildcard52
[DEBUG] Dynamically added transition from wildcard96 to wildcard51
[DEBUG] Dynamically added transition from wildcard96 to wildcard50
[DEBUG] Dynamically added transition from wildcard96 to wildcard69
[DEBUG] Dynamically added transition from wildcard96 to wildcard68
[DEBUG] Dynamically added transition from wildcard96 to wildcard67
[DEBUG] Dynamically added transition from wildcard96 to wildcard66
[DEBUG] Dynamically added transition from wildcard96 to wildcard65
[DEBUG] Dynamically added transition from wildcard96 to wildcard64
[DEBUG] Dynamically added transition from wildcard96 to wildcard63
[DEBUG] Dynamically added transition from wildcard96 to wildcard62
[DEBUG] Dynamically added transition from wildcard96 to wildcard61
[DEBUG] Dynamically added transition from wildcard96 to wildcard60
[DEBUG] Dynamically added transition from wildcard96 to wildcard79
[DEBUG] Dynamically added transition from wildcard96 to wildcard78
[DEBUG] Dynamically added transition from wildcard96 to wildcard77
[DEBUG] Dynamically added transition from wildcard96 to wildcard76
[DEBUG] Dynamically added transition from wildcard96 to wildcard75
[DEBUG] Dynamically added transition from wildcard96 to wildcard74
[DEBUG] Dynamically added transition from wildcard96 to wildcard73
[DEBUG] Dynamically added transition from wildcard96 to wildcard72
[DEBUG] Dynamically added transition from wildcard96 to wildcard71
[DEBUG] Dynamically added transition from wildcard96 to wildcard70
[DEBUG] Dynamically added transition from wildcard96 to .*
[DEBUG] Dynamically added transition from wildcard96 to wildcard89
[DEBUG] Dynamically added transition from wildcard96 to wildcard88
[DEBUG] Dynamically added transition from wildcard96 to wildcard87
[DEBUG] Dynamically added transition from wildcard96 to wildcard86
[DEBUG] Dynamically added transition from wildcard96 to INITIAL
[DEBUG] Dynamically added transition from wildcard96 to wildcard85
[DEBUG] Dynamically added transition from wildcard96 to wildcard84
[DEBUG] Dynamically added transition from wildcard96 to wildcard83
[DEBUG] Dynamically added transition from wildcard96 to wildcard82
[DEBUG] Dynamically added transition from wildcard96 to wildcard81
[DEBUG] Dynamically added transition from wildcard96 to wildcard80
[DEBUG] Dynamically added transition from wildcard96 to end
[DEBUG] Dynamically added transition from wildcard96 to wildcard16
[DEBUG] Dynamically added transition from wildcard96 to wildcard15
[DEBUG] Dynamically added transition from wildcard96 to wildcard14
[DEBUG] Dynamically added transition from wildcard96 to wildcard13
[DEBUG] Dynamically added transition from wildcard96 to wildcard12
[DEBUG] Dynamically added transition from wildcard96 to wildcard11
[DEBUG] Dynamically added transition from wildcard96 to wildcard10
[DEBUG] Dynamically added transition from wildcard96 to start
[DEBUG] Dynamically added transition from wildcard96 to wildcard96
[DEBUG] Dynamically added transition from wildcard96 to wildcard95
[DEBUG] Dynamically added transition from wildcard96 to wildcard94
[DEBUG] Dynamically added transition from wildcard96 to wildcard93
[DEBUG] Dynamically added transition from wildcard96 to wildcard92
[DEBUG] Dynamically added transition from wildcard96 to wildcard91
[DEBUG] Dynamically added transition from wildcard96 to wildcard90
[INFO] Wildcard transition valid to state: wildcard96
[INFO] Wildcard transition detected from wildcard96 to wildcard97
[DEBUG] Created intermediate state for wildcard transition: wildcard97
[DEBUG] Dynamically added transition from wildcard96 to wildcard97
[DEBUG] Dynamically added transition from wildcard27 to wildcard97
[DEBUG] Dynamically added transition from wildcard26 to wildcard97
[DEBUG] Dynamically added transition from wildcard25 to wildcard97
[DEBUG] Dynamically added transition from wildcard24 to wildcard97
[DEBUG] Dynamically added transition from wildcard23 to wildcard97
[DEBUG] Dynamically added transition from wildcard22 to wildcard97
[DEBUG] Dynamically added transition from wildcard1 to wildcard97
[DEBUG] Dynamically added transition from wildcard21 to wildcard97
[DEBUG] Dynamically added transition from wildcard0 to wildcard97
[DEBUG] Dynamically added transition from wildcard20 to wildcard97
[DEBUG] Dynamically added transition from wildcard3 to wildcard97
[DEBUG] Dynamically added transition from wildcard2 to wildcard97
[DEBUG] Dynamically added transition from wildcard5 to wildcard97
[DEBUG] Dynamically added transition from wildcard4 to wildcard97
[DEBUG] Dynamically added transition from wildcard7 to wildcard97
[DEBUG] Dynamically added transition from wildcard6 to wildcard97
[DEBUG] Dynamically added transition from wildcard9 to wildcard97
[DEBUG] Dynamically added transition from wildcard8 to wildcard97
[DEBUG] Dynamically added transition from wildcard19 to wildcard97
[DEBUG] Dynamically added transition from wildcard18 to wildcard97
[DEBUG] Dynamically added transition from wildcard17 to wildcard97
[DEBUG] Dynamically added transition from wildcard38 to wildcard97
[DEBUG] Dynamically added transition from wildcard37 to wildcard97
[DEBUG] Dynamically added transition from wildcard36 to wildcard97
[DEBUG] Dynamically added transition from wildcard35 to wildcard97
[DEBUG] Dynamically added transition from wildcard34 to wildcard97
[DEBUG] Dynamically added transition from wildcard33 to wildcard97
[DEBUG] Dynamically added transition from wildcard32 to wildcard97
[DEBUG] Dynamically added transition from wildcard31 to wildcard97
[DEBUG] Dynamically added transition from wildcard30 to wildcard97
[DEBUG] Dynamically added transition from wildcard29 to wildcard97
[DEBUG] Dynamically added transition from wildcard28 to wildcard97
[DEBUG] Dynamically added transition from wildcard49 to wildcard97
[DEBUG] Dynamically added transition from wildcard48 to wildcard97
[DEBUG] Dynamically added transition from wildcard47 to wildcard97
[DEBUG] Dynamically added transition from wildcard46 to wildcard97
[DEBUG] Dynamically added transition from wildcard45 to wildcard97
[DEBUG] Dynamically added transition from wildcard44 to wildcard97
[DEBUG] Dynamically added transition from wildcard43 to wildcard97
[DEBUG] Dynamically added transition from wildcard42 to wildcard97
[DEBUG] Dynamically added transition from wildcard41 to wildcard97
[DEBUG] Dynamically added transition from wildcard40 to wildcard97
[DEBUG] Dynamically added transition from wildcard39 to wildcard97
[DEBUG] Dynamically added transition from wildcard59 to wildcard97
[DEBUG] Dynamically added transition from wildcard58 to wildcard97
[DEBUG] Dynamically added transition from wildcard57 to wildcard97
[DEBUG] Dynamically added transition from wildcard56 to wildcard97
[DEBUG] Dynamically added transition from wildcard55 to wildcard97
[DEBUG] Dynamically added transition from wildcard54 to wildcard97
[DEBUG] Dynamically added transition from wildcard53 to wildcard97
[DEBUG] Dynamically added transition from wildcard52 to wildcard97
[DEBUG] Dynamically added transition from wildcard51 to wildcard97
[DEBUG] Dynamically added transition from wildcard50 to wildcard97
[DEBUG] Dynamically added transition from wildcard69 to wildcard97
[DEBUG] Dynamically added transition from wildcard68 to wildcard97
[DEBUG] Dynamically added transition from wildcard67 to wildcard97
[DEBUG] Dynamically added transition from wildcard66 to wildcard97
[DEBUG] Dynamically added transition from wildcard65 to wildcard97
[DEBUG] Dynamically added transition from wildcard64 to wildcard97
[DEBUG] Dynamically added transition from wildcard63 to wildcard97
[DEBUG] Dynamically added transition from wildcard62 to wildcard97
[DEBUG] Dynamically added transition from wildcard61 to wildcard97
[DEBUG] Dynamically added transition from wildcard60 to wildcard97
[DEBUG] Dynamically added transition from wildcard79 to wildcard97
[DEBUG] Dynamically added transition from wildcard78 to wildcard97
[DEBUG] Dynamically added transition from wildcard77 to wildcard97
[DEBUG] Dynamically added transition from wildcard76 to wildcard97
[DEBUG] Dynamically added transition from wildcard75 to wildcard97
[DEBUG] Dynamically added transition from wildcard74 to wildcard97
[DEBUG] Dynamically added transition from wildcard73 to wildcard97
[DEBUG] Dynamically added transition from wildcard72 to wildcard97
[DEBUG] Dynamically added transition from wildcard71 to wildcard97
[DEBUG] Dynamically added transition from wildcard70 to wildcard97
[DEBUG] Dynamically added transition from wildcard89 to wildcard97
[DEBUG] Dynamically added transition from wildcard88 to wildcard97
[DEBUG] Dynamically added transition from wildcard87 to wildcard97
[DEBUG] Dynamically added transition from wildcard86 to wildcard97
[DEBUG] Dynamically added transition from INITIAL to wildcard97
[DEBUG] Dynamically added transition from wildcard85 to wildcard97
[DEBUG] Dynamically added transition from wildcard84 to wildcard97
[DEBUG] Dynamically added transition from wildcard83 to wildcard97
[DEBUG] Dynamically added transition from wildcard82 to wildcard97
[DEBUG] Dynamically added transition from wildcard81 to wildcard97
[DEBUG] Dynamically added transition from wildcard80 to wildcard97
[DEBUG] Dynamically added transition from wildcard16 to wildcard97
[DEBUG] Dynamically added transition from wildcard15 to wildcard97
[DEBUG] Dynamically added transition from wildcard14 to wildcard97
[DEBUG] Dynamically added transition from wildcard13 to wildcard97
[DEBUG] Dynamically added transition from wildcard12 to wildcard97
[DEBUG] Dynamically added transition from wildcard11 to wildcard97
[DEBUG] Dynamically added transition from wildcard10 to wildcard97
[DEBUG] Dynamically added transition from start to wildcard97
[DEBUG] Dynamically added transition from wildcard95 to wildcard97
[DEBUG] Dynamically added transition from wildcard94 to wildcard97
[DEBUG] Dynamically added transition from wildcard93 to wildcard97
[DEBUG] Dynamically added transition from wildcard92 to wildcard97
[DEBUG] Dynamically added transition from wildcard91 to wildcard97
[DEBUG] Dynamically added transition from wildcard90 to wildcard97
[DEBUG] Dynamically added transition from wildcard97 to wildcard27
[DEBUG] Dynamically added transition from wildcard97 to wildcard26
[DEBUG] Dynamically added transition from wildcard97 to wildcard25
[DEBUG] Dynamically added transition from wildcard97 to wildcard24
[DEBUG] Dynamically added transition from wildcard97 to wildcard23
[DEBUG] Dynamically added transition from wildcard97 to wildcard22
[DEBUG] Dynamically added transition from wildcard97 to wildcard1
[DEBUG] Dynamically added transition from wildcard97 to wildcard21
[DEBUG] Dynamically added transition from wildcard97 to wildcard0
[DEBUG] Dynamically added transition from wildcard97 to wildcard20
[DEBUG] Dynamically added transition from wildcard97 to wildcard3
[DEBUG] Dynamically added transition from wildcard97 to wildcard2
[DEBUG] Dynamically added transition from wildcard97 to wildcard5
[DEBUG] Dynamically added transition from wildcard97 to wildcard4
[DEBUG] Dynamically added transition from wildcard97 to wildcard7
[DEBUG] Dynamically added transition from wildcard97 to wildcard6
[DEBUG] Dynamically added transition from wildcard97 to wildcard9
[DEBUG] Dynamically added transition from wildcard97 to wildcard8
[DEBUG] Dynamically added transition from wildcard97 to wildcard19
[DEBUG] Dynamically added transition from wildcard97 to wildcard18
[DEBUG] Dynamically added transition from wildcard97 to wildcard17
[DEBUG] Dynamically added transition from wildcard97 to wildcard38
[DEBUG] Dynamically added transition from wildcard97 to wildcard37
[DEBUG] Dynamically added transition from wildcard97 to wildcard36
[DEBUG] Dynamically added transition from wildcard97 to wildcard35
[DEBUG] Dynamically added transition from wildcard97 to wildcard34
[DEBUG] Dynamically added transition from wildcard97 to wildcard33
[DEBUG] Dynamically added transition from wildcard97 to wildcard32
[DEBUG] Dynamically added transition from wildcard97 to wildcard31
[DEBUG] Dynamically added transition from wildcard97 to wildcard30
[DEBUG] Dynamically added transition from wildcard97 to wildcard29
[DEBUG] Dynamically added transition from wildcard97 to wildcard28
[DEBUG] Dynamically added transition from wildcard97 to wildcard49
[DEBUG] Dynamically added transition from wildcard97 to wildcard48
[DEBUG] Dynamically added transition from wildcard97 to wildcard47
[DEBUG] Dynamically added transition from wildcard97 to wildcard46
[DEBUG] Dynamically added transition from wildcard97 to wildcard45
[DEBUG] Dynamically added transition from wildcard97 to wildcard44
[DEBUG] Dynamically added transition from wildcard97 to wildcard43
[DEBUG] Dynamically added transition from wildcard97 to wildcard42
[DEBUG] Dynamically added transition from wildcard97 to wildcard41
[DEBUG] Dynamically added transition from wildcard97 to wildcard40
[DEBUG] Dynamically added transition from wildcard97 to wildcard39
[DEBUG] Dynamically added transition from wildcard97 to wildcard59
[DEBUG] Dynamically added transition from wildcard97 to wildcard58
[DEBUG] Dynamically added transition from wildcard97 to middle
[DEBUG] Dynamically added transition from wildcard97 to wildcard57
[DEBUG] Dynamically added transition from wildcard97 to wildcard56
[DEBUG] Dynamically added transition from wildcard97 to wildcard55
[DEBUG] Dynamically added transition from wildcard97 to wildcard54
[DEBUG] Dynamically added transition from wildcard97 to wildcard53
[DEBUG] Dynamically added transition from wildcard97 to wildcard52
[DEBUG] Dynamically added transition from wildcard97 to wildcard51
[DEBUG] Dynamically added transition from wildcard97 to wildcard50
[DEBUG] Dynamically added transition from wildcard97 to wildcard69
[DEBUG] Dynamically added transition from wildcard97 to wildcard68
[DEBUG] Dynamically added transition from wildcard97 to wildcard67
[DEBUG] Dynamically added transition from wildcard97 to wildcard66
[DEBUG] Dynamically added transition from wildcard97 to wildcard65
[DEBUG] Dynamically added transition from wildcard97 to wildcard64
[DEBUG] Dynamically added transition from wildcard97 to wildcard63
[DEBUG] Dynamically added transition from wildcard97 to wildcard62
[DEBUG] Dynamically added transition from wildcard97 to wildcard61
[DEBUG] Dynamically added transition from wildcard97 to wildcard60
[DEBUG] Dynamically added transition from wildcard97 to wildcard79
[DEBUG] Dynamically added transition from wildcard97 to wildcard78
[DEBUG] Dynamically added transition from wildcard97 to wildcard77
[DEBUG] Dynamically added transition from wildcard97 to wildcard76
[DEBUG] Dynamically added transition from wildcard97 to wildcard75
[DEBUG] Dynamically added transition from wildcard97 to wildcard74
[DEBUG] Dynamically added transition from wildcard97 to wildcard73
[DEBUG] Dynamically added transition from wildcard97 to wildcard72
[DEBUG] Dynamically added transition from wildcard97 to wildcard71
[DEBUG] Dynamically added transition from wildcard97 to wildcard70
[DEBUG] Dynamically added transition from wildcard97 to .*
[DEBUG] Dynamically added transition from wildcard97 to wildcard89
[DEBUG] Dynamically added transition from wildcard97 to wildcard88
[DEBUG] Dynamically added transition from wildcard97 to wildcard87
[DEBUG] Dynamically added transition from wildcard97 to wildcard86
[DEBUG] Dynamically added transition from wildcard97 to INITIAL
[DEBUG] Dynamically added transition from wildcard97 to wildcard85
[DEBUG] Dynamically added transition from wildcard97 to wildcard84
[DEBUG] Dynamically added transition from wildcard97 to wildcard83
[DEBUG] Dynamically added transition from wildcard97 to wildcard82
[DEBUG] Dynamically added transition from wildcard97 to wildcard81
[DEBUG] Dynamically added transition from wildcard97 to wildcard80
[DEBUG] Dynamically added transition from wildcard97 to end
[DEBUG] Dynamically added transition from wildcard97 to wildcard16
[DEBUG] Dynamically added transition from wildcard97 to wildcard15
[DEBUG] Dynamically added transition from wildcard97 to wildcard14
[DEBUG] Dynamically added transition from wildcard97 to wildcard13
[DEBUG] Dynamically added transition from wildcard97 to wildcard12
[DEBUG] Dynamically added transition from wildcard97 to wildcard11
[DEBUG] Dynamically added transition from wildcard97 to wildcard10
[DEBUG] Dynamically added transition from wildcard97 to wildcard97
[DEBUG] Dynamically added transition from wildcard97 to start
[DEBUG] Dynamically added transition from wildcard97 to wildcard96
[DEBUG] Dynamically added transition from wildcard97 to wildcard95
[DEBUG] Dynamically added transition from wildcard97 to wildcard94
[DEBUG] Dynamically added transition from wildcard97 to wildcard93
[DEBUG] Dynamically added transition from wildcard97 to wildcard92
[DEBUG] Dynamically added transition from wildcard97 to wildcard91
[DEBUG] Dynamically added transition from wildcard97 to wildcard90
[INFO] Wildcard transition valid to state: wildcard97
[INFO] Wildcard transition detected from wildcard97 to wildcard98
[DEBUG] Created intermediate state for wildcard transition: wildcard98
[DEBUG] Dynamically added transition from wildcard97 to wildcard98
[DEBUG] Dynamically added transition from wildcard27 to wildcard98
[DEBUG] Dynamically added transition from wildcard26 to wildcard98
[DEBUG] Dynamically added transition from wildcard25 to wildcard98
[DEBUG] Dynamically added transition from wildcard24 to wildcard98
[DEBUG] Dynamically added transition from wildcard23 to wildcard98
[DEBUG] Dynamically added transition from wildcard22 to wildcard98
[DEBUG] Dynamically added transition from wildcard1 to wildcard98
[DEBUG] Dynamically added transition from wildcard21 to wildcard98
[DEBUG] Dynamically added transition from wildcard0 to wildcard98
[DEBUG] Dynamically added transition from wildcard20 to wildcard98
[DEBUG] Dynamically added transition from wildcard3 to wildcard98
[DEBUG] Dynamically added transition from wildcard2 to wildcard98
[DEBUG] Dynamically added transition from wildcard5 to wildcard98
[DEBUG] Dynamically added transition from wildcard4 to wildcard98
[DEBUG] Dynamically added transition from wildcard7 to wildcard98
[DEBUG] Dynamically added transition from wildcard6 to wildcard98
[DEBUG] Dynamically added transition from wildcard9 to wildcard98
[DEBUG] Dynamically added transition from wildcard8 to wildcard98
[DEBUG] Dynamically added transition from wildcard19 to wildcard98
[DEBUG] Dynamically added transition from wildcard18 to wildcard98
[DEBUG] Dynamically added transition from wildcard17 to wildcard98
[DEBUG] Dynamically added transition from wildcard38 to wildcard98
[DEBUG] Dynamically added transition from wildcard37 to wildcard98
[DEBUG] Dynamically added transition from wildcard36 to wildcard98
[DEBUG] Dynamically added transition from wildcard35 to wildcard98
[DEBUG] Dynamically added transition from wildcard34 to wildcard98
[DEBUG] Dynamically added transition from wildcard33 to wildcard98
[DEBUG] Dynamically added transition from wildcard32 to wildcard98
[DEBUG] Dynamically added transition from wildcard31 to wildcard98
[DEBUG] Dynamically added transition from wildcard30 to wildcard98
[DEBUG] Dynamically added transition from wildcard29 to wildcard98
[DEBUG] Dynamically added transition from wildcard28 to wildcard98
[DEBUG] Dynamically added transition from wildcard49 to wildcard98
[DEBUG] Dynamically added transition from wildcard48 to wildcard98
[DEBUG] Dynamically added transition from wildcard47 to wildcard98
[DEBUG] Dynamically added transition from wildcard46 to wildcard98
[DEBUG] Dynamically added transition from wildcard45 to wildcard98
[DEBUG] Dynamically added transition from wildcard44 to wildcard98
[DEBUG] Dynamically added transition from wildcard43 to wildcard98
[DEBUG] Dynamically added transition from wildcard42 to wildcard98
[DEBUG] Dynamically added transition from wildcard41 to wildcard98
[DEBUG] Dynamically added transition from wildcard40 to wildcard98
[DEBUG] Dynamically added transition from wildcard39 to wildcard98
[DEBUG] Dynamically added transition from wildcard59 to wildcard98
[DEBUG] Dynamically added transition from wildcard58 to wildcard98
[DEBUG] Dynamically added transition from wildcard57 to wildcard98
[DEBUG] Dynamically added transition from wildcard56 to wildcard98
[DEBUG] Dynamically added transition from wildcard55 to wildcard98
[DEBUG] Dynamically added transition from wildcard54 to wildcard98
[DEBUG] Dynamically added transition from wildcard53 to wildcard98
[DEBUG] Dynamically added transition from wildcard52 to wildcard98
[DEBUG] Dynamically added transition from wildcard51 to wildcard98
[DEBUG] Dynamically added transition from wildcard50 to wildcard98
[DEBUG] Dynamically added transition from wildcard69 to wildcard98
[DEBUG] Dynamically added transition from wildcard68 to wildcard98
[DEBUG] Dynamically added transition from wildcard67 to wildcard98
[DEBUG] Dynamically added transition from wildcard66 to wildcard98
[DEBUG] Dynamically added transition from wildcard65 to wildcard98
[DEBUG] Dynamically added transition from wildcard64 to wildcard98
[DEBUG] Dynamically added transition from wildcard63 to wildcard98
[DEBUG] Dynamically added transition from wildcard62 to wildcard98
[DEBUG] Dynamically added transition from wildcard61 to wildcard98
[DEBUG] Dynamically added transition from wildcard60 to wildcard98
[DEBUG] Dynamically added transition from wildcard79 to wildcard98
[DEBUG] Dynamically added transition from wildcard78 to wildcard98
[DEBUG] Dynamically added transition from wildcard77 to wildcard98
[DEBUG] Dynamically added transition from wildcard76 to wildcard98
[DEBUG] Dynamically added transition from wildcard75 to wildcard98
[DEBUG] Dynamically added transition from wildcard74 to wildcard98
[DEBUG] Dynamically added transition from wildcard73 to wildcard98
[DEBUG] Dynamically added transition from wildcard72 to wildcard98
[DEBUG] Dynamically added transition from wildcard71 to wildcard98
[DEBUG] Dynamically added transition from wildcard70 to wildcard98
[DEBUG] Dynamically added transition from wildcard89 to wildcard98
[DEBUG] Dynamically added transition from wildcard88 to wildcard98
[DEBUG] Dynamically added transition from wildcard87 to wildcard98
[DEBUG] Dynamically added transition from wildcard86 to wildcard98
[DEBUG] Dynamically added transition from INITIAL to wildcard98
[DEBUG] Dynamically added transition from wildcard85 to wildcard98
[DEBUG] Dynamically added transition from wildcard84 to wildcard98
[DEBUG] Dynamically added transition from wildcard83 to wildcard98
[DEBUG] Dynamically added transition from wildcard82 to wildcard98
[DEBUG] Dynamically added transition from wildcard81 to wildcard98
[DEBUG] Dynamically added transition from wildcard80 to wildcard98
[DEBUG] Dynamically added transition from wildcard16 to wildcard98
[DEBUG] Dynamically added transition from wildcard15 to wildcard98
[DEBUG] Dynamically added transition from wildcard14 to wildcard98
[DEBUG] Dynamically added transition from wildcard13 to wildcard98
[DEBUG] Dynamically added transition from wildcard12 to wildcard98
[DEBUG] Dynamically added transition from wildcard11 to wildcard98
[DEBUG] Dynamically added transition from wildcard10 to wildcard98
[DEBUG] Dynamically added transition from start to wildcard98
[DEBUG] Dynamically added transition from wildcard96 to wildcard98
[DEBUG] Dynamically added transition from wildcard95 to wildcard98
[DEBUG] Dynamically added transition from wildcard94 to wildcard98
[DEBUG] Dynamically added transition from wildcard93 to wildcard98
[DEBUG] Dynamically added transition from wildcard92 to wildcard98
[DEBUG] Dynamically added transition from wildcard91 to wildcard98
[DEBUG] Dynamically added transition from wildcard90 to wildcard98
[DEBUG] Dynamically added transition from wildcard98 to wildcard27
[DEBUG] Dynamically added transition from wildcard98 to wildcard26
[DEBUG] Dynamically added transition from wildcard98 to wildcard25
[DEBUG] Dynamically added transition from wildcard98 to wildcard24
[DEBUG] Dynamically added transition from wildcard98 to wildcard23
[DEBUG] Dynamically added transition from wildcard98 to wildcard22
[DEBUG] Dynamically added transition from wildcard98 to wildcard1
[DEBUG] Dynamically added transition from wildcard98 to wildcard21
[DEBUG] Dynamically added transition from wildcard98 to wildcard0
[DEBUG] Dynamically added transition from wildcard98 to wildcard20
[DEBUG] Dynamically added transition from wildcard98 to wildcard3
[DEBUG] Dynamically added transition from wildcard98 to wildcard2
[DEBUG] Dynamically added transition from wildcard98 to wildcard5
[DEBUG] Dynamically added transition from wildcard98 to wildcard4
[DEBUG] Dynamically added transition from wildcard98 to wildcard7
[DEBUG] Dynamically added transition from wildcard98 to wildcard6
[DEBUG] Dynamically added transition from wildcard98 to wildcard9
[DEBUG] Dynamically added transition from wildcard98 to wildcard8
[DEBUG] Dynamically added transition from wildcard98 to wildcard19
[DEBUG] Dynamically added transition from wildcard98 to wildcard18
[DEBUG] Dynamically added transition from wildcard98 to wildcard17
[DEBUG] Dynamically added transition from wildcard98 to wildcard38
[DEBUG] Dynamically added transition from wildcard98 to wildcard37
[DEBUG] Dynamically added transition from wildcard98 to wildcard36
[DEBUG] Dynamically added transition from wildcard98 to wildcard35
[DEBUG] Dynamically added transition from wildcard98 to wildcard34
[DEBUG] Dynamically added transition from wildcard98 to wildcard33
[DEBUG] Dynamically added transition from wildcard98 to wildcard32
[DEBUG] Dynamically added transition from wildcard98 to wildcard31
[DEBUG] Dynamically added transition from wildcard98 to wildcard30
[DEBUG] Dynamically added transition from wildcard98 to wildcard29
[DEBUG] Dynamically added transition from wildcard98 to wildcard28
[DEBUG] Dynamically added transition from wildcard98 to wildcard49
[DEBUG] Dynamically added transition from wildcard98 to wildcard48
[DEBUG] Dynamically added transition from wildcard98 to wildcard47
[DEBUG] Dynamically added transition from wildcard98 to wildcard46
[DEBUG] Dynamically added transition from wildcard98 to wildcard45
[DEBUG] Dynamically added transition from wildcard98 to wildcard44
[DEBUG] Dynamically added transition from wildcard98 to wildcard43
[DEBUG] Dynamically added transition from wildcard98 to wildcard42
[DEBUG] Dynamically added transition from wildcard98 to wildcard41
[DEBUG] Dynamically added transition from wildcard98 to wildcard40
[DEBUG] Dynamically added transition from wildcard98 to wildcard39
[DEBUG] Dynamically added transition from wildcard98 to wildcard59
[DEBUG] Dynamically added transition from wildcard98 to wildcard58
[DEBUG] Dynamically added transition from wildcard98 to middle
[DEBUG] Dynamically added transition from wildcard98 to wildcard57
[DEBUG] Dynamically added transition from wildcard98 to wildcard56
[DEBUG] Dynamically added transition from wildcard98 to wildcard55
[DEBUG] Dynamically added transition from wildcard98 to wildcard54
[DEBUG] Dynamically added transition from wildcard98 to wildcard53
[DEBUG] Dynamically added transition from wildcard98 to wildcard52
[DEBUG] Dynamically added transition from wildcard98 to wildcard51
[DEBUG] Dynamically added transition from wildcard98 to wildcard50
[DEBUG] Dynamically added transition from wildcard98 to wildcard69
[DEBUG] Dynamically added transition from wildcard98 to wildcard68
[DEBUG] Dynamically added transition from wildcard98 to wildcard67
[DEBUG] Dynamically added transition from wildcard98 to wildcard66
[DEBUG] Dynamically added transition from wildcard98 to wildcard65
[DEBUG] Dynamically added transition from wildcard98 to wildcard64
[DEBUG] Dynamically added transition from wildcard98 to wildcard63
[DEBUG] Dynamically added transition from wildcard98 to wildcard62
[DEBUG] Dynamically added transition from wildcard98 to wildcard61
[DEBUG] Dynamically added transition from wildcard98 to wildcard60
[DEBUG] Dynamically added transition from wildcard98 to wildcard79
[DEBUG] Dynamically added transition from wildcard98 to wildcard78
[DEBUG] Dynamically added transition from wildcard98 to wildcard77
[DEBUG] Dynamically added transition from wildcard98 to wildcard76
[DEBUG] Dynamically added transition from wildcard98 to wildcard75
[DEBUG] Dynamically added transition from wildcard98 to wildcard74
[DEBUG] Dynamically added transition from wildcard98 to wildcard73
[DEBUG] Dynamically added transition from wildcard98 to wildcard72
[DEBUG] Dynamically added transition from wildcard98 to wildcard71
[DEBUG] Dynamically added transition from wildcard98 to wildcard70
[DEBUG] Dynamically added transition from wildcard98 to .*
[DEBUG] Dynamically added transition from wildcard98 to wildcard89
[DEBUG] Dynamically added transition from wildcard98 to wildcard88
[DEBUG] Dynamically added transition from wildcard98 to wildcard87
[DEBUG] Dynamically added transition from wildcard98 to wildcard86
[DEBUG] Dynamically added transition from wildcard98 to INITIAL
[DEBUG] Dynamically added transition from wildcard98 to wildcard85
[DEBUG] Dynamically added transition from wildcard98 to wildcard84
[DEBUG] Dynamically added transition from wildcard98 to wildcard83
[DEBUG] Dynamically added transition from wildcard98 to wildcard82
[DEBUG] Dynamically added transition from wildcard98 to wildcard81
[DEBUG] Dynamically added transition from wildcard98 to wildcard80
[DEBUG] Dynamically added transition from wildcard98 to end
[DEBUG] Dynamically added transition from wildcard98 to wildcard16
[DEBUG] Dynamically added transition from wildcard98 to wildcard15
[DEBUG] Dynamically added transition from wildcard98 to wildcard14
[DEBUG] Dynamically added transition from wildcard98 to wildcard13
[DEBUG] Dynamically added transition from wildcard98 to wildcard12
[DEBUG] Dynamically added transition from wildcard98 to wildcard11
[DEBUG] Dynamically added transition from wildcard98 to wildcard10
[DEBUG] Dynamically added transition from wildcard98 to wildcard98
[DEBUG] Dynamically added transition from wildcard98 to wildcard97
[DEBUG] Dynamically added transition from wildcard98 to start
[DEBUG] Dynamically added transition from wildcard98 to wildcard96
[DEBUG] Dynamically added transition from wildcard98 to wildcard95
[DEBUG] Dynamically added transition from wildcard98 to wildcard94
[DEBUG] Dynamically added transition from wildcard98 to wildcard93
[DEBUG] Dynamically added transition from wildcard98 to wildcard92
[DEBUG] Dynamically added transition from wildcard98 to wildcard91
[DEBUG] Dynamically added transition from wildcard98 to wildcard90
[INFO] Wildcard transition valid to state: wildcard98
[INFO] Wildcard transition detected from wildcard98 to wildcard99
[DEBUG] Created intermediate state for wildcard transition: wildcard99
[DEBUG] Dynamically added transition from wildcard98 to wildcard99
[DEBUG] Dynamically added transition from wildcard27 to wildcard99
[DEBUG] Dynamically added transition from wildcard26 to wildcard99
[DEBUG] Dynamically added transition from wildcard25 to wildcard99
[DEBUG] Dynamically added transition from wildcard24 to wildcard99
[DEBUG] Dynamically added transition from wildcard23 to wildcard99
[DEBUG] Dynamically added transition from wildcard22 to wildcard99
[DEBUG] Dynamically added transition from wildcard1 to wildcard99
[DEBUG] Dynamically added transition from wildcard21 to wildcard99
[DEBUG] Dynamically added transition from wildcard0 to wildcard99
[DEBUG] Dynamically added transition from wildcard20 to wildcard99
[DEBUG] Dynamically added transition from wildcard3 to wildcard99
[DEBUG] Dynamically added transition from wildcard2 to wildcard99
[DEBUG] Dynamically added transition from wildcard5 to wildcard99
[DEBUG] Dynamically added transition from wildcard4 to wildcard99
[DEBUG] Dynamically added transition from wildcard7 to wildcard99
[DEBUG] Dynamically added transition from wildcard6 to wildcard99
[DEBUG] Dynamically added transition from wildcard9 to wildcard99
[DEBUG] Dynamically added transition from wildcard8 to wildcard99
[DEBUG] Dynamically added transition from wildcard19 to wildcard99
[DEBUG] Dynamically added transition from wildcard18 to wildcard99
[DEBUG] Dynamically added transition from wildcard17 to wildcard99
[DEBUG] Dynamically added transition from wildcard38 to wildcard99
[DEBUG] Dynamically added transition from wildcard37 to wildcard99
[DEBUG] Dynamically added transition from wildcard36 to wildcard99
[DEBUG] Dynamically added transition from wildcard35 to wildcard99
[DEBUG] Dynamically added transition from wildcard34 to wildcard99
[DEBUG] Dynamically added transition from wildcard33 to wildcard99
[DEBUG] Dynamically added transition from wildcard32 to wildcard99
[DEBUG] Dynamically added transition from wildcard31 to wildcard99
[DEBUG] Dynamically added transition from wildcard30 to wildcard99
[DEBUG] Dynamically added transition from wildcard29 to wildcard99
[DEBUG] Dynamically added transition from wildcard28 to wildcard99
[DEBUG] Dynamically added transition from wildcard49 to wildcard99
[DEBUG] Dynamically added transition from wildcard48 to wildcard99
[DEBUG] Dynamically added transition from wildcard47 to wildcard99
[DEBUG] Dynamically added transition from wildcard46 to wildcard99
[DEBUG] Dynamically added transition from wildcard45 to wildcard99
[DEBUG] Dynamically added transition from wildcard44 to wildcard99
[DEBUG] Dynamically added transition from wildcard43 to wildcard99
[DEBUG] Dynamically added transition from wildcard42 to wildcard99
[DEBUG] Dynamically added transition from wildcard41 to wildcard99
[DEBUG] Dynamically added transition from wildcard40 to wildcard99
[DEBUG] Dynamically added transition from wildcard39 to wildcard99
[DEBUG] Dynamically added transition from wildcard59 to wildcard99
[DEBUG] Dynamically added transition from wildcard58 to wildcard99
[DEBUG] Dynamically added transition from wildcard57 to wildcard99
[DEBUG] Dynamically added transition from wildcard56 to wildcard99
[DEBUG] Dynamically added transition from wildcard55 to wildcard99
[DEBUG] Dynamically added transition from wildcard54 to wildcard99
[DEBUG] Dynamically added transition from wildcard53 to wildcard99
[DEBUG] Dynamically added transition from wildcard52 to wildcard99
[DEBUG] Dynamically added transition from wildcard51 to wildcard99
[DEBUG] Dynamically added transition from wildcard50 to wildcard99
[DEBUG] Dynamically added transition from wildcard69 to wildcard99
[DEBUG] Dynamically added transition from wildcard68 to wildcard99
[DEBUG] Dynamically added transition from wildcard67 to wildcard99
[DEBUG] Dynamically added transition from wildcard66 to wildcard99
[DEBUG] Dynamically added transition from wildcard65 to wildcard99
[DEBUG] Dynamically added transition from wildcard64 to wildcard99
[DEBUG] Dynamically added transition from wildcard63 to wildcard99
[DEBUG] Dynamically added transition from wildcard62 to wildcard99
[DEBUG] Dynamically added transition from wildcard61 to wildcard99
[DEBUG] Dynamically added transition from wildcard60 to wildcard99
[DEBUG] Dynamically added transition from wildcard79 to wildcard99
[DEBUG] Dynamically added transition from wildcard78 to wildcard99
[DEBUG] Dynamically added transition from wildcard77 to wildcard99
[DEBUG] Dynamically added transition from wildcard76 to wildcard99
[DEBUG] Dynamically added transition from wildcard75 to wildcard99
[DEBUG] Dynamically added transition from wildcard74 to wildcard99
[DEBUG] Dynamically added transition from wildcard73 to wildcard99
[DEBUG] Dynamically added transition from wildcard72 to wildcard99
[DEBUG] Dynamically added transition from wildcard71 to wildcard99
[DEBUG] Dynamically added transition from wildcard70 to wildcard99
[DEBUG] Dynamically added transition from wildcard89 to wildcard99
[DEBUG] Dynamically added transition from wildcard88 to wildcard99
[DEBUG] Dynamically added transition from wildcard87 to wildcard99
[DEBUG] Dynamically added transition from wildcard86 to wildcard99
[DEBUG] Dynamically added transition from INITIAL to wildcard99
[DEBUG] Dynamically added transition from wildcard85 to wildcard99
[DEBUG] Dynamically added transition from wildcard84 to wildcard99
[DEBUG] Dynamically added transition from wildcard83 to wildcard99
[DEBUG] Dynamically added transition from wildcard82 to wildcard99
[DEBUG] Dynamically added transition from wildcard81 to wildcard99
[DEBUG] Dynamically added transition from wildcard80 to wildcard99
[DEBUG] Dynamically added transition from wildcard16 to wildcard99
[DEBUG] Dynamically added transition from wildcard15 to wildcard99
[DEBUG] Dynamically added transition from wildcard14 to wildcard99
[DEBUG] Dynamically added transition from wildcard13 to wildcard99
[DEBUG] Dynamically added transition from wildcard12 to wildcard99
[DEBUG] Dynamically added transition from wildcard11 to wildcard99
[DEBUG] Dynamically added transition from wildcard10 to wildcard99
[DEBUG] Dynamically added transition from wildcard97 to wildcard99
[DEBUG] Dynamically added transition from start to wildcard99
[DEBUG] Dynamically added transition from wildcard96 to wildcard99
[DEBUG] Dynamically added transition from wildcard95 to wildcard99
[DEBUG] Dynamically added transition from wildcard94 to wildcard99
[DEBUG] Dynamically added transition from wildcard93 to wildcard99
[DEBUG] Dynamically added transition from wildcard92 to wildcard99
[DEBUG] Dynamically added transition from wildcard91 to wildcard99
[DEBUG] Dynamically added transition from wildcard90 to wildcard99
[DEBUG] Dynamically added transition from wildcard99 to wildcard27
[DEBUG] Dynamically added transition from wildcard99 to wildcard26
[DEBUG] Dynamically added transition from wildcard99 to wildcard25
[DEBUG] Dynamically added transition from wildcard99 to wildcard24
[DEBUG] Dynamically added transition from wildcard99 to wildcard23
[DEBUG] Dynamically added transition from wildcard99 to wildcard22
[DEBUG] Dynamically added transition from wildcard99 to wildcard1
[DEBUG] Dynamically added transition from wildcard99 to wildcard21
[DEBUG] Dynamically added transition from wildcard99 to wildcard0
[DEBUG] Dynamically added transition from wildcard99 to wildcard20
[DEBUG] Dynamically added transition from wildcard99 to wildcard3
[DEBUG] Dynamically added transition from wildcard99 to wildcard2
[DEBUG] Dynamically added transition from wildcard99 to wildcard5
[DEBUG] Dynamically added transition from wildcard99 to wildcard4
[DEBUG] Dynamically added transition from wildcard99 to wildcard7
[DEBUG] Dynamically added transition from wildcard99 to wildcard6
[DEBUG] Dynamically added transition from wildcard99 to wildcard9
[DEBUG] Dynamically added transition from wildcard99 to wildcard8
[DEBUG] Dynamically added transition from wildcard99 to wildcard19
[DEBUG] Dynamically added transition from wildcard99 to wildcard18
[DEBUG] Dynamically added transition from wildcard99 to wildcard17
[DEBUG] Dynamically added transition from wildcard99 to wildcard38
[DEBUG] Dynamically added transition from wildcard99 to wildcard37
[DEBUG] Dynamically added transition from wildcard99 to wildcard36
[DEBUG] Dynamically added transition from wildcard99 to wildcard35
[DEBUG] Dynamically added transition from wildcard99 to wildcard34
[DEBUG] Dynamically added transition from wildcard99 to wildcard33
[DEBUG] Dynamically added transition from wildcard99 to wildcard32
[DEBUG] Dynamically added transition from wildcard99 to wildcard31
[DEBUG] Dynamically added transition from wildcard99 to wildcard30
[DEBUG] Dynamically added transition from wildcard99 to wildcard29
[DEBUG] Dynamically added transition from wildcard99 to wildcard28
[DEBUG] Dynamically added transition from wildcard99 to wildcard49
[DEBUG] Dynamically added transition from wildcard99 to wildcard48
[DEBUG] Dynamically added transition from wildcard99 to wildcard47
[DEBUG] Dynamically added transition from wildcard99 to wildcard46
[DEBUG] Dynamically added transition from wildcard99 to wildcard45
[DEBUG] Dynamically added transition from wildcard99 to wildcard44
[DEBUG] Dynamically added transition from wildcard99 to wildcard43
[DEBUG] Dynamically added transition from wildcard99 to wildcard42
[DEBUG] Dynamically added transition from wildcard99 to wildcard41
[DEBUG] Dynamically added transition from wildcard99 to wildcard40
[DEBUG] Dynamically added transition from wildcard99 to wildcard39
[DEBUG] Dynamically added transition from wildcard99 to wildcard59
[DEBUG] Dynamically added transition from wildcard99 to wildcard58
[DEBUG] Dynamically added transition from wildcard99 to middle
[DEBUG] Dynamically added transition from wildcard99 to wildcard57
[DEBUG] Dynamically added transition from wildcard99 to wildcard56
[DEBUG] Dynamically added transition from wildcard99 to wildcard55
[DEBUG] Dynamically added transition from wildcard99 to wildcard54
[DEBUG] Dynamically added transition from wildcard99 to wildcard53
[DEBUG] Dynamically added transition from wildcard99 to wildcard52
[DEBUG] Dynamically added transition from wildcard99 to wildcard51
[DEBUG] Dynamically added transition from wildcard99 to wildcard50
[DEBUG] Dynamically added transition from wildcard99 to wildcard69
[DEBUG] Dynamically added transition from wildcard99 to wildcard68
[DEBUG] Dynamically added transition from wildcard99 to wildcard67
[DEBUG] Dynamically added transition from wildcard99 to wildcard66
[DEBUG] Dynamically added transition from wildcard99 to wildcard65
[DEBUG] Dynamically added transition from wildcard99 to wildcard64
[DEBUG] Dynamically added transition from wildcard99 to wildcard63
[DEBUG] Dynamically added transition from wildcard99 to wildcard62
[DEBUG] Dynamically added transition from wildcard99 to wildcard61
[DEBUG] Dynamically added transition from wildcard99 to wildcard60
[DEBUG] Dynamically added transition from wildcard99 to wildcard79
[DEBUG] Dynamically added transition from wildcard99 to wildcard78
[DEBUG] Dynamically added transition from wildcard99 to wildcard77
[DEBUG] Dynamically added transition from wildcard99 to wildcard76
[DEBUG] Dynamically added transition from wildcard99 to wildcard75
[DEBUG] Dynamically added transition from wildcard99 to wildcard74
[DEBUG] Dynamically added transition from wildcard99 to wildcard73
[DEBUG] Dynamically added transition from wildcard99 to wildcard72
[DEBUG] Dynamically added transition from wildcard99 to wildcard71
[DEBUG] Dynamically added transition from wildcard99 to wildcard70
[DEBUG] Dynamically added transition from wildcard99 to .*
[DEBUG] Dynamically added transition from wildcard99 to wildcard89
[DEBUG] Dynamically added transition from wildcard99 to wildcard88
[DEBUG] Dynamically added transition from wildcard99 to wildcard87
[DEBUG] Dynamically added transition from wildcard99 to wildcard86
[DEBUG] Dynamically added transition from wildcard99 to INITIAL
[DEBUG] Dynamically added transition from wildcard99 to wildcard85
[DEBUG] Dynamically added transition from wildcard99 to wildcard84
[DEBUG] Dynamically added transition from wildcard99 to wildcard83
[DEBUG] Dynamically added transition from wildcard99 to wildcard82
[DEBUG] Dynamically added transition from wildcard99 to wildcard81
[DEBUG] Dynamically added transition from wildcard99 to wildcard80
[DEBUG] Dynamically added transition from wildcard99 to end
[DEBUG] Dynamically added transition from wildcard99 to wildcard16
[DEBUG] Dynamically added transition from wildcard99 to wildcard15
[DEBUG] Dynamically added transition from wildcard99 to wildcard14
[DEBUG] Dynamically added transition from wildcard99 to wildcard13
[DEBUG] Dynamically added transition from wildcard99 to wildcard12
[DEBUG] Dynamically added transition from wildcard99 to wildcard11
[DEBUG] Dynamically added transition from wildcard99 to wildcard99
[DEBUG] Dynamically added transition from wildcard99 to wildcard10
[DEBUG] Dynamically added transition from wildcard99 to wildcard98
[DEBUG] Dynamically added transition from wildcard99 to wildcard97
[DEBUG] Dynamically added transition from wildcard99 to start
[DEBUG] Dynamically added transition from wildcard99 to wildcard96
[DEBUG] Dynamically added transition from wildcard99 to wildcard95
[DEBUG] Dynamically added transition from wildcard99 to wildcard94
[DEBUG] Dynamically added transition from wildcard99 to wildcard93
[DEBUG] Dynamically added transition from wildcard99 to wildcard92
[DEBUG] Dynamically added transition from wildcard99 to wildcard91
[DEBUG] Dynamically added transition from wildcard99 to wildcard90
[INFO] Wildcard transition valid to state: wildcard99
[INFO] Transition valid. Current state updated to: middle
[INFO] Wildcard transition detected from middle to wildcard100
[DEBUG] Created intermediate state for wildcard transition: wildcard100
[DEBUG] Dynamically added transition from middle to wildcard100
[DEBUG] Dynamically added transition from wildcard27 to wildcard100
[DEBUG] Dynamically added transition from wildcard26 to wildcard100
[DEBUG] Dynamically added transition from wildcard25 to wildcard100
[DEBUG] Dynamically added transition from wildcard24 to wildcard100
[DEBUG] Dynamically added transition from wildcard23 to wildcard100
[DEBUG] Dynamically added transition from wildcard22 to wildcard100
[DEBUG] Dynamically added transition from wildcard1 to wildcard100
[DEBUG] Dynamically added transition from wildcard21 to wildcard100
[DEBUG] Dynamically added transition from wildcard0 to wildcard100
[DEBUG] Dynamically added transition from wildcard20 to wildcard100
[DEBUG] Dynamically added transition from wildcard3 to wildcard100
[DEBUG] Dynamically added transition from wildcard2 to wildcard100
[DEBUG] Dynamically added transition from wildcard5 to wildcard100
[DEBUG] Dynamically added transition from wildcard4 to wildcard100
[DEBUG] Dynamically added transition from wildcard7 to wildcard100
[DEBUG] Dynamically added transition from wildcard6 to wildcard100
[DEBUG] Dynamically added transition from wildcard9 to wildcard100
[DEBUG] Dynamically added transition from wildcard8 to wildcard100
[DEBUG] Dynamically added transition from wildcard19 to wildcard100
[DEBUG] Dynamically added transition from wildcard18 to wildcard100
[DEBUG] Dynamically added transition from wildcard17 to wildcard100
[DEBUG] Dynamically added transition from wildcard38 to wildcard100
[DEBUG] Dynamically added transition from wildcard37 to wildcard100
[DEBUG] Dynamically added transition from wildcard36 to wildcard100
[DEBUG] Dynamically added transition from wildcard35 to wildcard100
[DEBUG] Dynamically added transition from wildcard34 to wildcard100
[DEBUG] Dynamically added transition from wildcard33 to wildcard100
[DEBUG] Dynamically added transition from wildcard32 to wildcard100
[DEBUG] Dynamically added transition from wildcard31 to wildcard100
[DEBUG] Dynamically added transition from wildcard30 to wildcard100
[DEBUG] Dynamically added transition from wildcard29 to wildcard100
[DEBUG] Dynamically added transition from wildcard28 to wildcard100
[DEBUG] Dynamically added transition from wildcard49 to wildcard100
[DEBUG] Dynamically added transition from wildcard48 to wildcard100
[DEBUG] Dynamically added transition from wildcard47 to wildcard100
[DEBUG] Dynamically added transition from wildcard46 to wildcard100
[DEBUG] Dynamically added transition from wildcard45 to wildcard100
[DEBUG] Dynamically added transition from wildcard44 to wildcard100
[DEBUG] Dynamically added transition from wildcard43 to wildcard100
[DEBUG] Dynamically added transition from wildcard42 to wildcard100
[DEBUG] Dynamically added transition from wildcard41 to wildcard100
[DEBUG] Dynamically added transition from wildcard40 to wildcard100
[DEBUG] Dynamically added transition from wildcard39 to wildcard100
[DEBUG] Dynamically added transition from wildcard59 to wildcard100
[DEBUG] Dynamically added transition from wildcard58 to wildcard100
[DEBUG] Dynamically added transition from wildcard57 to wildcard100
[DEBUG] Dynamically added transition from wildcard56 to wildcard100
[DEBUG] Dynamically added transition from wildcard55 to wildcard100
[DEBUG] Dynamically added transition from wildcard54 to wildcard100
[DEBUG] Dynamically added transition from wildcard53 to wildcard100
[DEBUG] Dynamically added transition from wildcard52 to wildcard100
[DEBUG] Dynamically added transition from wildcard51 to wildcard100
[DEBUG] Dynamically added transition from wildcard50 to wildcard100
[DEBUG] Dynamically added transition from wildcard69 to wildcard100
[DEBUG] Dynamically added transition from wildcard68 to wildcard100
[DEBUG] Dynamically added transition from wildcard67 to wildcard100
[DEBUG] Dynamically added transition from wildcard66 to wildcard100
[DEBUG] Dynamically added transition from wildcard65 to wildcard100
[DEBUG] Dynamically added transition from wildcard64 to wildcard100
[DEBUG] Dynamically added transition from wildcard63 to wildcard100
[DEBUG] Dynamically added transition from wildcard62 to wildcard100
[DEBUG] Dynamically added transition from wildcard61 to wildcard100
[DEBUG] Dynamically added transition from wildcard60 to wildcard100
[DEBUG] Dynamically added transition from wildcard79 to wildcard100
[DEBUG] Dynamically added transition from wildcard78 to wildcard100
[DEBUG] Dynamically added transition from wildcard77 to wildcard100
[DEBUG] Dynamically added transition from wildcard76 to wildcard100
[DEBUG] Dynamically added transition from wildcard75 to wildcard100
[DEBUG] Dynamically added transition from wildcard74 to wildcard100
[DEBUG] Dynamically added transition from wildcard73 to wildcard100
[DEBUG] Dynamically added transition from wildcard72 to wildcard100
[DEBUG] Dynamically added transition from wildcard71 to wildcard100
[DEBUG] Dynamically added transition from wildcard70 to wildcard100
[DEBUG] Dynamically added transition from wildcard89 to wildcard100
[DEBUG] Dynamically added transition from wildcard88 to wildcard100
[DEBUG] Dynamically added transition from wildcard87 to wildcard100
[DEBUG] Dynamically added transition from wildcard86 to wildcard100
[DEBUG] Dynamically added transition from wildcard85 to wildcard100
[DEBUG] Dynamically added transition from wildcard84 to wildcard100
[DEBUG] Dynamically added transition from wildcard83 to wildcard100
[DEBUG] Dynamically added transition from wildcard82 to wildcard100
[DEBUG] Dynamically added transition from wildcard81 to wildcard100
[DEBUG] Dynamically added transition from wildcard80 to wildcard100
[DEBUG] Dynamically added transition from wildcard16 to wildcard100
[DEBUG] Dynamically added transition from wildcard15 to wildcard100
[DEBUG] Dynamically added transition from wildcard14 to wildcard100
[DEBUG] Dynamically added transition from wildcard13 to wildcard100
[DEBUG] Dynamically added transition from wildcard12 to wildcard100
[DEBUG] Dynamically added transition from wildcard11 to wildcard100
[DEBUG] Dynamically added transition from wildcard99 to wildcard100
[DEBUG] Dynamically added transition from wildcard10 to wildcard100
[DEBUG] Dynamically added transition from wildcard98 to wildcard100
[DEBUG] Dynamically added transition from wildcard97 to wildcard100
[DEBUG] Dynamically added transition from start to wildcard100
[DEBUG] Dynamically added transition from wildcard96 to wildcard100
[DEBUG] Dynamically added transition from wildcard95 to wildcard100
[DEBUG] Dynamically added transition from wildcard94 to wildcard100
[DEBUG] Dynamically added transition from wildcard93 to wildcard100
[DEBUG] Dynamically added transition from wildcard92 to wildcard100
[DEBUG] Dynamically added transition from wildcard91 to wildcard100
[DEBUG] Dynamically added transition from wildcard90 to wildcard100
[DEBUG] Dynamically added transition from wildcard100 to wildcard27
[DEBUG] Dynamically added transition from wildcard100 to wildcard26
[DEBUG] Dynamically added transition from wildcard100 to wildcard25
[DEBUG] Dynamically added transition from wildcard100 to wildcard24
[DEBUG] Dynamically added transition from wildcard100 to wildcard23
[DEBUG] Dynamically added transition from wildcard100 to wildcard22
[DEBUG] Dynamically added transition from wildcard100 to wildcard1
[DEBUG] Dynamically added transition from wildcard100 to wildcard21
[DEBUG] Dynamically added transition from wildcard100 to wildcard0
[DEBUG] Dynamically added transition from wildcard100 to wildcard20
[DEBUG] Dynamically added transition from wildcard100 to wildcard3
[DEBUG] Dynamically added transition from wildcard100 to wildcard2
[DEBUG] Dynamically added transition from wildcard100 to wildcard5
[DEBUG] Dynamically added transition from wildcard100 to wildcard4
[DEBUG] Dynamically added transition from wildcard100 to wildcard7
[DEBUG] Dynamically added transition from wildcard100 to wildcard6
[DEBUG] Dynamically added transition from wildcard100 to wildcard9
[DEBUG] Dynamically added transition from wildcard100 to wildcard8
[DEBUG] Dynamically added transition from wildcard100 to wildcard19
[DEBUG] Dynamically added transition from wildcard100 to wildcard18
[DEBUG] Dynamically added transition from wildcard100 to wildcard17
[DEBUG] Dynamically added transition from wildcard100 to wildcard38
[DEBUG] Dynamically added transition from wildcard100 to wildcard37
[DEBUG] Dynamically added transition from wildcard100 to wildcard36
[DEBUG] Dynamically added transition from wildcard100 to wildcard35
[DEBUG] Dynamically added transition from wildcard100 to wildcard34
[DEBUG] Dynamically added transition from wildcard100 to wildcard33
[DEBUG] Dynamically added transition from wildcard100 to wildcard32
[DEBUG] Dynamically added transition from wildcard100 to wildcard31
[DEBUG] Dynamically added transition from wildcard100 to wildcard30
[DEBUG] Dynamically added transition from wildcard100 to wildcard29
[DEBUG] Dynamically added transition from wildcard100 to wildcard28
[DEBUG] Dynamically added transition from wildcard100 to wildcard49
[DEBUG] Dynamically added transition from wildcard100 to wildcard48
[DEBUG] Dynamically added transition from wildcard100 to wildcard47
[DEBUG] Dynamically added transition from wildcard100 to wildcard46
[DEBUG] Dynamically added transition from wildcard100 to wildcard45
[DEBUG] Dynamically added transition from wildcard100 to wildcard44
[DEBUG] Dynamically added transition from wildcard100 to wildcard43
[DEBUG] Dynamically added transition from wildcard100 to wildcard42
[DEBUG] Dynamically added transition from wildcard100 to wildcard41
[DEBUG] Dynamically added transition from wildcard100 to wildcard40
[DEBUG] Dynamically added transition from wildcard100 to wildcard39
[DEBUG] Dynamically added transition from wildcard100 to wildcard59
[DEBUG] Dynamically added transition from wildcard100 to wildcard58
[DEBUG] Dynamically added transition from wildcard100 to middle
[DEBUG] Dynamically added transition from wildcard100 to wildcard57
[DEBUG] Dynamically added transition from wildcard100 to wildcard56
[DEBUG] Dynamically added transition from wildcard100 to wildcard55
[DEBUG] Dynamically added transition from wildcard100 to wildcard54
[DEBUG] Dynamically added transition from wildcard100 to wildcard53
[DEBUG] Dynamically added transition from wildcard100 to wildcard52
[DEBUG] Dynamically added transition from wildcard100 to wildcard51
[DEBUG] Dynamically added transition from wildcard100 to wildcard50
[DEBUG] Dynamically added transition from wildcard100 to wildcard69
[DEBUG] Dynamically added transition from wildcard100 to wildcard68
[DEBUG] Dynamically added transition from wildcard100 to wildcard67
[DEBUG] Dynamically added transition from wildcard100 to wildcard66
[DEBUG] Dynamically added transition from wildcard100 to wildcard65
[DEBUG] Dynamically added transition from wildcard100 to wildcard64
[DEBUG] Dynamically added transition from wildcard100 to wildcard63
[DEBUG] Dynamically added transition from wildcard100 to wildcard62
[DEBUG] Dynamically added transition from wildcard100 to wildcard61
[DEBUG] Dynamically added transition from wildcard100 to wildcard60
[DEBUG] Dynamically added transition from wildcard100 to wildcard100
[DEBUG] Dynamically added transition from wildcard100 to wildcard79
[DEBUG] Dynamically added transition from wildcard100 to wildcard78
[DEBUG] Dynamically added transition from wildcard100 to wildcard77
[DEBUG] Dynamically added transition from wildcard100 to wildcard76
[DEBUG] Dynamically added transition from wildcard100 to wildcard75
[DEBUG] Dynamically added transition from wildcard100 to wildcard74
[DEBUG] Dynamically added transition from wildcard100 to wildcard73
[DEBUG] Dynamically added transition from wildcard100 to wildcard72
[DEBUG] Dynamically added transition from wildcard100 to wildcard71
[DEBUG] Dynamically added transition from wildcard100 to wildcard70
[DEBUG] Dynamically added transition from wildcard100 to .*
[DEBUG] Dynamically added transition from wildcard100 to wildcard89
[DEBUG] Dynamically added transition from wildcard100 to wildcard88
[DEBUG] Dynamically added transition from wildcard100 to wildcard87
[DEBUG] Dynamically added transition from wildcard100 to wildcard86
[DEBUG] Dynamically added transition from wildcard100 to INITIAL
[DEBUG] Dynamically added transition from wildcard100 to wildcard85
[DEBUG] Dynamically added transition from wildcard100 to wildcard84
[DEBUG] Dynamically added transition from wildcard100 to wildcard83
[DEBUG] Dynamically added transition from wildcard100 to wildcard82
[DEBUG] Dynamically added transition from wildcard100 to wildcard81
[DEBUG] Dynamically added transition from wildcard100 to wildcard80
[DEBUG] Dynamically added transition from wildcard100 to end
[DEBUG] Dynamically added transition from wildcard100 to wildcard16
[DEBUG] Dynamically added transition from wildcard100 to wildcard15
[DEBUG] Dynamically added transition from wildcard100 to wildcard14
[DEBUG] Dynamically added transition from wildcard100 to wildcard13
[DEBUG] Dynamically added transition from wildcard100 to wildcard12
[DEBUG] Dynamically added transition from wildcard100 to wildcard11
[DEBUG] Dynamically added transition from wildcard100 to wildcard99
[DEBUG] Dynamically added transition from wildcard100 to wildcard10
[DEBUG] Dynamically added transition from wildcard100 to wildcard98
[DEBUG] Dynamically added transition from wildcard100 to wildcard97
[DEBUG] Dynamically added transition from wildcard100 to start
[DEBUG] Dynamically added transition from wildcard100 to wildcard96
[DEBUG] Dynamically added transition from wildcard100 to wildcard95
[DEBUG] Dynamically added transition from wildcard100 to wildcard94
[DEBUG] Dynamically added transition from wildcard100 to wildcard93
[DEBUG] Dynamically added transition from wildcard100 to wildcard92
[DEBUG] Dynamically added transition from wildcard100 to wildcard91
[DEBUG] Dynamically added transition from wildcard100 to wildcard90
[INFO] Wildcard transition valid to state: wildcard100
[INFO] Wildcard transition detected from wildcard100 to wildcard101
[DEBUG] Created intermediate state for wildcard transition: wildcard101
[DEBUG] Dynamically added transition from wildcard100 to wildcard101
[DEBUG] Dynamically added transition from wildcard27 to wildcard101
[DEBUG] Dynamically added transition from wildcard26 to wildcard101
[DEBUG] Dynamically added transition from wildcard25 to wildcard101
[DEBUG] Dynamically added transition from wildcard24 to wildcard101
[DEBUG] Dynamically added transition from wildcard23 to wildcard101
[DEBUG] Dynamically added transition from wildcard22 to wildcard101
[DEBUG] Dynamically added transition from wildcard1 to wildcard101
[DEBUG] Dynamically added transition from wildcard21 to wildcard101
[DEBUG] Dynamically added transition from wildcard0 to wildcard101
[DEBUG] Dynamically added transition from wildcard20 to wildcard101
[DEBUG] Dynamically added transition from wildcard3 to wildcard101
[DEBUG] Dynamically added transition from wildcard2 to wildcard101
[DEBUG] Dynamically added transition from wildcard5 to wildcard101
[DEBUG] Dynamically added transition from wildcard4 to wildcard101
[DEBUG] Dynamically added transition from wildcard7 to wildcard101
[DEBUG] Dynamically added transition from wildcard6 to wildcard101
[DEBUG] Dynamically added transition from wildcard9 to wildcard101
[DEBUG] Dynamically added transition from wildcard8 to wildcard101
[DEBUG] Dynamically added transition from wildcard19 to wildcard101
[DEBUG] Dynamically added transition from wildcard18 to wildcard101
[DEBUG] Dynamically added transition from wildcard17 to wildcard101
[DEBUG] Dynamically added transition from wildcard38 to wildcard101
[DEBUG] Dynamically added transition from wildcard37 to wildcard101
[DEBUG] Dynamically added transition from wildcard36 to wildcard101
[DEBUG] Dynamically added transition from wildcard35 to wildcard101
[DEBUG] Dynamically added transition from wildcard34 to wildcard101
[DEBUG] Dynamically added transition from wildcard33 to wildcard101
[DEBUG] Dynamically added transition from wildcard32 to wildcard101
[DEBUG] Dynamically added transition from wildcard31 to wildcard101
[DEBUG] Dynamically added transition from wildcard30 to wildcard101
[DEBUG] Dynamically added transition from wildcard29 to wildcard101
[DEBUG] Dynamically added transition from wildcard28 to wildcard101
[DEBUG] Dynamically added transition from wildcard49 to wildcard101
[DEBUG] Dynamically added transition from wildcard48 to wildcard101
[DEBUG] Dynamically added transition from wildcard47 to wildcard101
[DEBUG] Dynamically added transition from wildcard46 to wildcard101
[DEBUG] Dynamically added transition from wildcard45 to wildcard101
[DEBUG] Dynamically added transition from wildcard44 to wildcard101
[DEBUG] Dynamically added transition from wildcard43 to wildcard101
[DEBUG] Dynamically added transition from wildcard42 to wildcard101
[DEBUG] Dynamically added transition from wildcard41 to wildcard101
[DEBUG] Dynamically added transition from wildcard40 to wildcard101
[DEBUG] Dynamically added transition from wildcard39 to wildcard101
[DEBUG] Dynamically added transition from wildcard59 to wildcard101
[DEBUG] Dynamically added transition from wildcard58 to wildcard101
[DEBUG] Dynamically added transition from middle to wildcard101
[DEBUG] Dynamically added transition from wildcard57 to wildcard101
[DEBUG] Dynamically added transition from wildcard56 to wildcard101
[DEBUG] Dynamically added transition from wildcard55 to wildcard101
[DEBUG] Dynamically added transition from wildcard54 to wildcard101
[DEBUG] Dynamically added transition from wildcard53 to wildcard101
[DEBUG] Dynamically added transition from wildcard52 to wildcard101
[DEBUG] Dynamically added transition from wildcard51 to wildcard101
[DEBUG] Dynamically added transition from wildcard50 to wildcard101
[DEBUG] Dynamically added transition from wildcard69 to wildcard101
[DEBUG] Dynamically added transition from wildcard68 to wildcard101
[DEBUG] Dynamically added transition from wildcard67 to wildcard101
[DEBUG] Dynamically added transition from wildcard66 to wildcard101
[DEBUG] Dynamically added transition from wildcard65 to wildcard101
[DEBUG] Dynamically added transition from wildcard64 to wildcard101
[DEBUG] Dynamically added transition from wildcard63 to wildcard101
[DEBUG] Dynamically added transition from wildcard62 to wildcard101
[DEBUG] Dynamically added transition from wildcard61 to wildcard101
[DEBUG] Dynamically added transition from wildcard60 to wildcard101
[DEBUG] Dynamically added transition from wildcard79 to wildcard101
[DEBUG] Dynamically added transition from wildcard78 to wildcard101
[DEBUG] Dynamically added transition from wildcard77 to wildcard101
[DEBUG] Dynamically added transition from wildcard76 to wildcard101
[DEBUG] Dynamically added transition from wildcard75 to wildcard101
[DEBUG] Dynamically added transition from wildcard74 to wildcard101
[DEBUG] Dynamically added transition from wildcard73 to wildcard101
[DEBUG] Dynamically added transition from wildcard72 to wildcard101
[DEBUG] Dynamically added transition from wildcard71 to wildcard101
[DEBUG] Dynamically added transition from wildcard70 to wildcard101
[DEBUG] Dynamically added transition from wildcard89 to wildcard101
[DEBUG] Dynamically added transition from wildcard88 to wildcard101
[DEBUG] Dynamically added transition from wildcard87 to wildcard101
[DEBUG] Dynamically added transition from wildcard86 to wildcard101
[DEBUG] Dynamically added transition from wildcard85 to wildcard101
[DEBUG] Dynamically added transition from wildcard84 to wildcard101
[DEBUG] Dynamically added transition from wildcard83 to wildcard101
[DEBUG] Dynamically added transition from wildcard82 to wildcard101
[DEBUG] Dynamically added transition from wildcard81 to wildcard101
[DEBUG] Dynamically added transition from wildcard80 to wildcard101
[DEBUG] Dynamically added transition from wildcard16 to wildcard101
[DEBUG] Dynamically added transition from wildcard15 to wildcard101
[DEBUG] Dynamically added transition from wildcard14 to wildcard101
[DEBUG] Dynamically added transition from wildcard13 to wildcard101
[DEBUG] Dynamically added transition from wildcard12 to wildcard101
[DEBUG] Dynamically added transition from wildcard11 to wildcard101
[DEBUG] Dynamically added transition from wildcard99 to wildcard101
[DEBUG] Dynamically added transition from wildcard10 to wildcard101
[DEBUG] Dynamically added transition from wildcard98 to wildcard101
[DEBUG] Dynamically added transition from wildcard97 to wildcard101
[DEBUG] Dynamically added transition from start to wildcard101
[DEBUG] Dynamically added transition from wildcard96 to wildcard101
[DEBUG] Dynamically added transition from wildcard95 to wildcard101
[DEBUG] Dynamically added transition from wildcard94 to wildcard101
[DEBUG] Dynamically added transition from wildcard93 to wildcard101
[DEBUG] Dynamically added transition from wildcard92 to wildcard101
[DEBUG] Dynamically added transition from wildcard91 to wildcard101
[DEBUG] Dynamically added transition from wildcard90 to wildcard101
[DEBUG] Dynamically added transition from wildcard101 to wildcard27
[DEBUG] Dynamically added transition from wildcard101 to wildcard26
[DEBUG] Dynamically added transition from wildcard101 to wildcard25
[DEBUG] Dynamically added transition from wildcard101 to wildcard24
[DEBUG] Dynamically added transition from wildcard101 to wildcard23
[DEBUG] Dynamically added transition from wildcard101 to wildcard22
[DEBUG] Dynamically added transition from wildcard101 to wildcard1
[DEBUG] Dynamically added transition from wildcard101 to wildcard21
[DEBUG] Dynamically added transition from wildcard101 to wildcard0
[DEBUG] Dynamically added transition from wildcard101 to wildcard20
[DEBUG] Dynamically added transition from wildcard101 to wildcard3
[DEBUG] Dynamically added transition from wildcard101 to wildcard2
[DEBUG] Dynamically added transition from wildcard101 to wildcard5
[DEBUG] Dynamically added transition from wildcard101 to wildcard4
[DEBUG] Dynamically added transition from wildcard101 to wildcard7
[DEBUG] Dynamically added transition from wildcard101 to wildcard6
[DEBUG] Dynamically added transition from wildcard101 to wildcard9
[DEBUG] Dynamically added transition from wildcard101 to wildcard8
[DEBUG] Dynamically added transition from wildcard101 to wildcard19
[DEBUG] Dynamically added transition from wildcard101 to wildcard18
[DEBUG] Dynamically added transition from wildcard101 to wildcard17
[DEBUG] Dynamically added transition from wildcard101 to wildcard38
[DEBUG] Dynamically added transition from wildcard101 to wildcard37
[DEBUG] Dynamically added transition from wildcard101 to wildcard36
[DEBUG] Dynamically added transition from wildcard101 to wildcard35
[DEBUG] Dynamically added transition from wildcard101 to wildcard34
[DEBUG] Dynamically added transition from wildcard101 to wildcard33
[DEBUG] Dynamically added transition from wildcard101 to wildcard32
[DEBUG] Dynamically added transition from wildcard101 to wildcard31
[DEBUG] Dynamically added transition from wildcard101 to wildcard30
[DEBUG] Dynamically added transition from wildcard101 to wildcard29
[DEBUG] Dynamically added transition from wildcard101 to wildcard28
[DEBUG] Dynamically added transition from wildcard101 to wildcard49
[DEBUG] Dynamically added transition from wildcard101 to wildcard48
[DEBUG] Dynamically added transition from wildcard101 to wildcard47
[DEBUG] Dynamically added transition from wildcard101 to wildcard46
[DEBUG] Dynamically added transition from wildcard101 to wildcard45
[DEBUG] Dynamically added transition from wildcard101 to wildcard44
[DEBUG] Dynamically added transition from wildcard101 to wildcard43
[DEBUG] Dynamically added transition from wildcard101 to wildcard42
[DEBUG] Dynamically added transition from wildcard101 to wildcard41
[DEBUG] Dynamically added transition from wildcard101 to wildcard40
[DEBUG] Dynamically added transition from wildcard101 to wildcard39
[DEBUG] Dynamically added transition from wildcard101 to wildcard59
[DEBUG] Dynamically added transition from wildcard101 to wildcard58
[DEBUG] Dynamically added transition from wildcard101 to middle
[DEBUG] Dynamically added transition from wildcard101 to wildcard57
[DEBUG] Dynamically added transition from wildcard101 to wildcard56
[DEBUG] Dynamically added transition from wildcard101 to wildcard55
[DEBUG] Dynamically added transition from wildcard101 to wildcard54
[DEBUG] Dynamically added transition from wildcard101 to wildcard53
[DEBUG] Dynamically added transition from wildcard101 to wildcard52
[DEBUG] Dynamically added transition from wildcard101 to wildcard51
[DEBUG] Dynamically added transition from wildcard101 to wildcard50
[DEBUG] Dynamically added transition from wildcard101 to wildcard69
[DEBUG] Dynamically added transition from wildcard101 to wildcard68
[DEBUG] Dynamically added transition from wildcard101 to wildcard67
[DEBUG] Dynamically added transition from wildcard101 to wildcard66
[DEBUG] Dynamically added transition from wildcard101 to wildcard65
[DEBUG] Dynamically added transition from wildcard101 to wildcard64
[DEBUG] Dynamically added transition from wildcard101 to wildcard63
[DEBUG] Dynamically added transition from wildcard101 to wildcard62
[DEBUG] Dynamically added transition from wildcard101 to wildcard61
[DEBUG] Dynamically added transition from wildcard101 to wildcard60
[DEBUG] Dynamically added transition from wildcard101 to wildcard100
[DEBUG] Dynamically added transition from wildcard101 to wildcard101
[DEBUG] Dynamically added transition from wildcard101 to wildcard79
[DEBUG] Dynamically added transition from wildcard101 to wildcard78
[DEBUG] Dynamically added transition from wildcard101 to wildcard77
[DEBUG] Dynamically added transition from wildcard101 to wildcard76
[DEBUG] Dynamically added transition from wildcard101 to wildcard75
[DEBUG] Dynamically added transition from wildcard101 to wildcard74
[DEBUG] Dynamically added transition from wildcard101 to wildcard73
[DEBUG] Dynamically added transition from wildcard101 to wildcard72
[DEBUG] Dynamically added transition from wildcard101 to wildcard71
[DEBUG] Dynamically added transition from wildcard101 to wildcard70
[DEBUG] Dynamically added transition from wildcard101 to .*
[DEBUG] Dynamically added transition from wildcard101 to wildcard89
[DEBUG] Dynamically added transition from wildcard101 to wildcard88
[DEBUG] Dynamically added transition from wildcard101 to wildcard87
[DEBUG] Dynamically added transition from wildcard101 to wildcard86
[DEBUG] Dynamically added transition from wildcard101 to INITIAL
[DEBUG] Dynamically added transition from wildcard101 to wildcard85
[DEBUG] Dynamically added transition from wildcard101 to wildcard84
[DEBUG] Dynamically added transition from wildcard101 to wildcard83
[DEBUG] Dynamically added transition from wildcard101 to wildcard82
[DEBUG] Dynamically added transition from wildcard101 to wildcard81
[DEBUG] Dynamically added transition from wildcard101 to wildcard80
[DEBUG] Dynamically added transition from wildcard101 to end
[DEBUG] Dynamically added transition from wildcard101 to wildcard16
[DEBUG] Dynamically added transition from wildcard101 to wildcard15
[DEBUG] Dynamically added transition from wildcard101 to wildcard14
[DEBUG] Dynamically added transition from wildcard101 to wildcard13
[DEBUG] Dynamically added transition from wildcard101 to wildcard12
[DEBUG] Dynamically added transition from wildcard101 to wildcard11
[DEBUG] Dynamically added transition from wildcard101 to wildcard99
[DEBUG] Dynamically added transition from wildcard101 to wildcard10
[DEBUG] Dynamically added transition from wildcard101 to wildcard98
[DEBUG] Dynamically added transition from wildcard101 to wildcard97
[DEBUG] Dynamically added transition from wildcard101 to start
[DEBUG] Dynamically added transition from wildcard101 to wildcard96
[DEBUG] Dynamically added transition from wildcard101 to wildcard95
[DEBUG] Dynamically added transition from wildcard101 to wildcard94
[DEBUG] Dynamically added transition from wildcard101 to wildcard93
[DEBUG] Dynamically added transition from wildcard101 to wildcard92
[DEBUG] Dynamically added transition from wildcard101 to wildcard91
[DEBUG] Dynamically added transition from wildcard101 to wildcard90
[INFO] Wildcard transition valid to state: wildcard101
[INFO] Wildcard transition detected from wildcard101 to wildcard102
[DEBUG] Created intermediate state for wildcard transition: wildcard102
[DEBUG] Dynamically added transition from wildcard101 to wildcard102
[DEBUG] Dynamically added transition from wildcard27 to wildcard102
[DEBUG] Dynamically added transition from wildcard26 to wildcard102
[DEBUG] Dynamically added transition from wildcard25 to wildcard102
[DEBUG] Dynamically added transition from wildcard24 to wildcard102
[DEBUG] Dynamically added transition from wildcard23 to wildcard102
[DEBUG] Dynamically added transition from wildcard22 to wildcard102
[DEBUG] Dynamically added transition from wildcard1 to wildcard102
[DEBUG] Dynamically added transition from wildcard21 to wildcard102
[DEBUG] Dynamically added transition from wildcard0 to wildcard102
[DEBUG] Dynamically added transition from wildcard20 to wildcard102
[DEBUG] Dynamically added transition from wildcard3 to wildcard102
[DEBUG] Dynamically added transition from wildcard2 to wildcard102
[DEBUG] Dynamically added transition from wildcard5 to wildcard102
[DEBUG] Dynamically added transition from wildcard4 to wildcard102
[DEBUG] Dynamically added transition from wildcard7 to wildcard102
[DEBUG] Dynamically added transition from wildcard6 to wildcard102
[DEBUG] Dynamically added transition from wildcard9 to wildcard102
[DEBUG] Dynamically added transition from wildcard8 to wildcard102
[DEBUG] Dynamically added transition from wildcard19 to wildcard102
[DEBUG] Dynamically added transition from wildcard18 to wildcard102
[DEBUG] Dynamically added transition from wildcard17 to wildcard102
[DEBUG] Dynamically added transition from wildcard38 to wildcard102
[DEBUG] Dynamically added transition from wildcard37 to wildcard102
[DEBUG] Dynamically added transition from wildcard36 to wildcard102
[DEBUG] Dynamically added transition from wildcard35 to wildcard102
[DEBUG] Dynamically added transition from wildcard34 to wildcard102
[DEBUG] Dynamically added transition from wildcard33 to wildcard102
[DEBUG] Dynamically added transition from wildcard32 to wildcard102
[DEBUG] Dynamically added transition from wildcard31 to wildcard102
[DEBUG] Dynamically added transition from wildcard30 to wildcard102
[DEBUG] Dynamically added transition from wildcard29 to wildcard102
[DEBUG] Dynamically added transition from wildcard28 to wildcard102
[DEBUG] Dynamically added transition from wildcard49 to wildcard102
[DEBUG] Dynamically added transition from wildcard48 to wildcard102
[DEBUG] Dynamically added transition from wildcard47 to wildcard102
[DEBUG] Dynamically added transition from wildcard46 to wildcard102
[DEBUG] Dynamically added transition from wildcard45 to wildcard102
[DEBUG] Dynamically added transition from wildcard44 to wildcard102
[DEBUG] Dynamically added transition from wildcard43 to wildcard102
[DEBUG] Dynamically added transition from wildcard42 to wildcard102
[DEBUG] Dynamically added transition from wildcard41 to wildcard102
[DEBUG] Dynamically added transition from wildcard40 to wildcard102
[DEBUG] Dynamically added transition from wildcard39 to wildcard102
[DEBUG] Dynamically added transition from wildcard59 to wildcard102
[DEBUG] Dynamically added transition from wildcard58 to wildcard102
[DEBUG] Dynamically added transition from middle to wildcard102
[DEBUG] Dynamically added transition from wildcard57 to wildcard102
[DEBUG] Dynamically added transition from wildcard56 to wildcard102
[DEBUG] Dynamically added transition from wildcard55 to wildcard102
[DEBUG] Dynamically added transition from wildcard54 to wildcard102
[DEBUG] Dynamically added transition from wildcard53 to wildcard102
[DEBUG] Dynamically added transition from wildcard52 to wildcard102
[DEBUG] Dynamically added transition from wildcard51 to wildcard102
[DEBUG] Dynamically added transition from wildcard50 to wildcard102
[DEBUG] Dynamically added transition from wildcard69 to wildcard102
[DEBUG] Dynamically added transition from wildcard68 to wildcard102
[DEBUG] Dynamically added transition from wildcard67 to wildcard102
[DEBUG] Dynamically added transition from wildcard66 to wildcard102
[DEBUG] Dynamically added transition from wildcard65 to wildcard102
[DEBUG] Dynamically added transition from wildcard64 to wildcard102
[DEBUG] Dynamically added transition from wildcard63 to wildcard102
[DEBUG] Dynamically added transition from wildcard62 to wildcard102
[DEBUG] Dynamically added transition from wildcard61 to wildcard102
[DEBUG] Dynamically added transition from wildcard60 to wildcard102
[DEBUG] Dynamically added transition from wildcard100 to wildcard102
[DEBUG] Dynamically added transition from wildcard79 to wildcard102
[DEBUG] Dynamically added transition from wildcard78 to wildcard102
[DEBUG] Dynamically added transition from wildcard77 to wildcard102
[DEBUG] Dynamically added transition from wildcard76 to wildcard102
[DEBUG] Dynamically added transition from wildcard75 to wildcard102
[DEBUG] Dynamically added transition from wildcard74 to wildcard102
[DEBUG] Dynamically added transition from wildcard73 to wildcard102
[DEBUG] Dynamically added transition from wildcard72 to wildcard102
[DEBUG] Dynamically added transition from wildcard71 to wildcard102
[DEBUG] Dynamically added transition from wildcard70 to wildcard102
[DEBUG] Dynamically added transition from wildcard89 to wildcard102
[DEBUG] Dynamically added transition from wildcard88 to wildcard102
[DEBUG] Dynamically added transition from wildcard87 to wildcard102
[DEBUG] Dynamically added transition from wildcard86 to wildcard102
[DEBUG] Dynamically added transition from wildcard85 to wildcard102
[DEBUG] Dynamically added transition from wildcard84 to wildcard102
[DEBUG] Dynamically added transition from wildcard83 to wildcard102
[DEBUG] Dynamically added transition from wildcard82 to wildcard102
[DEBUG] Dynamically added transition from wildcard81 to wildcard102
[DEBUG] Dynamically added transition from wildcard80 to wildcard102
[DEBUG] Dynamically added transition from wildcard16 to wildcard102
[DEBUG] Dynamically added transition from wildcard15 to wildcard102
[DEBUG] Dynamically added transition from wildcard14 to wildcard102
[DEBUG] Dynamically added transition from wildcard13 to wildcard102
[DEBUG] Dynamically added transition from wildcard12 to wildcard102
[DEBUG] Dynamically added transition from wildcard11 to wildcard102
[DEBUG] Dynamically added transition from wildcard99 to wildcard102
[DEBUG] Dynamically added transition from wildcard10 to wildcard102
[DEBUG] Dynamically added transition from wildcard98 to wildcard102
[DEBUG] Dynamically added transition from wildcard97 to wildcard102
[DEBUG] Dynamically added transition from start to wildcard102
[DEBUG] Dynamically added transition from wildcard96 to wildcard102
[DEBUG] Dynamically added transition from wildcard95 to wildcard102
[DEBUG] Dynamically added transition from wildcard94 to wildcard102
[DEBUG] Dynamically added transition from wildcard93 to wildcard102
[DEBUG] Dynamically added transition from wildcard92 to wildcard102
[DEBUG] Dynamically added transition from wildcard91 to wildcard102
[DEBUG] Dynamically added transition from wildcard90 to wildcard102
[DEBUG] Dynamically added transition from wildcard102 to wildcard27
[DEBUG] Dynamically added transition from wildcard102 to wildcard26
[DEBUG] Dynamically added transition from wildcard102 to wildcard25
[DEBUG] Dynamically added transition from wildcard102 to wildcard24
[DEBUG] Dynamically added transition from wildcard102 to wildcard23
[DEBUG] Dynamically added transition from wildcard102 to wildcard22
[DEBUG] Dynamically added transition from wildcard102 to wildcard1
[DEBUG] Dynamically added transition from wildcard102 to wildcard21
[DEBUG] Dynamically added transition from wildcard102 to wildcard0
[DEBUG] Dynamically added transition from wildcard102 to wildcard20
[DEBUG] Dynamically added transition from wildcard102 to wildcard3
[DEBUG] Dynamically added transition from wildcard102 to wildcard2
[DEBUG] Dynamically added transition from wildcard102 to wildcard5
[DEBUG] Dynamically added transition from wildcard102 to wildcard4
[DEBUG] Dynamically added transition from wildcard102 to wildcard7
[DEBUG] Dynamically added transition from wildcard102 to wildcard6
[DEBUG] Dynamically added transition from wildcard102 to wildcard9
[DEBUG] Dynamically added transition from wildcard102 to wildcard8
[DEBUG] Dynamically added transition from wildcard102 to wildcard19
[DEBUG] Dynamically added transition from wildcard102 to wildcard18
[DEBUG] Dynamically added transition from wildcard102 to wildcard17
[DEBUG] Dynamically added transition from wildcard102 to wildcard38
[DEBUG] Dynamically added transition from wildcard102 to wildcard37
[DEBUG] Dynamically added transition from wildcard102 to wildcard36
[DEBUG] Dynamically added transition from wildcard102 to wildcard35
[DEBUG] Dynamically added transition from wildcard102 to wildcard34
[DEBUG] Dynamically added transition from wildcard102 to wildcard33
[DEBUG] Dynamically added transition from wildcard102 to wildcard32
[DEBUG] Dynamically added transition from wildcard102 to wildcard31
[DEBUG] Dynamically added transition from wildcard102 to wildcard30
[DEBUG] Dynamically added transition from wildcard102 to wildcard29
[DEBUG] Dynamically added transition from wildcard102 to wildcard28
[DEBUG] Dynamically added transition from wildcard102 to wildcard49
[DEBUG] Dynamically added transition from wildcard102 to wildcard48
[DEBUG] Dynamically added transition from wildcard102 to wildcard47
[DEBUG] Dynamically added transition from wildcard102 to wildcard46
[DEBUG] Dynamically added transition from wildcard102 to wildcard45
[DEBUG] Dynamically added transition from wildcard102 to wildcard44
[DEBUG] Dynamically added transition from wildcard102 to wildcard43
[DEBUG] Dynamically added transition from wildcard102 to wildcard42
[DEBUG] Dynamically added transition from wildcard102 to wildcard41
[DEBUG] Dynamically added transition from wildcard102 to wildcard40
[DEBUG] Dynamically added transition from wildcard102 to wildcard39
[DEBUG] Dynamically added transition from wildcard102 to wildcard59
[DEBUG] Dynamically added transition from wildcard102 to wildcard58
[DEBUG] Dynamically added transition from wildcard102 to middle
[DEBUG] Dynamically added transition from wildcard102 to wildcard57
[DEBUG] Dynamically added transition from wildcard102 to wildcard56
[DEBUG] Dynamically added transition from wildcard102 to wildcard55
[DEBUG] Dynamically added transition from wildcard102 to wildcard54
[DEBUG] Dynamically added transition from wildcard102 to wildcard53
[DEBUG] Dynamically added transition from wildcard102 to wildcard52
[DEBUG] Dynamically added transition from wildcard102 to wildcard51
[DEBUG] Dynamically added transition from wildcard102 to wildcard50
[DEBUG] Dynamically added transition from wildcard102 to wildcard69
[DEBUG] Dynamically added transition from wildcard102 to wildcard68
[DEBUG] Dynamically added transition from wildcard102 to wildcard67
[DEBUG] Dynamically added transition from wildcard102 to wildcard66
[DEBUG] Dynamically added transition from wildcard102 to wildcard65
[DEBUG] Dynamically added transition from wildcard102 to wildcard64
[DEBUG] Dynamically added transition from wildcard102 to wildcard63
[DEBUG] Dynamically added transition from wildcard102 to wildcard62
[DEBUG] Dynamically added transition from wildcard102 to wildcard61
[DEBUG] Dynamically added transition from wildcard102 to wildcard60
[DEBUG] Dynamically added transition from wildcard102 to wildcard100
[DEBUG] Dynamically added transition from wildcard102 to wildcard101
[DEBUG] Dynamically added transition from wildcard102 to wildcard102
[DEBUG] Dynamically added transition from wildcard102 to wildcard79
[DEBUG] Dynamically added transition from wildcard102 to wildcard78
[DEBUG] Dynamically added transition from wildcard102 to wildcard77
[DEBUG] Dynamically added transition from wildcard102 to wildcard76
[DEBUG] Dynamically added transition from wildcard102 to wildcard75
[DEBUG] Dynamically added transition from wildcard102 to wildcard74
[DEBUG] Dynamically added transition from wildcard102 to wildcard73
[DEBUG] Dynamically added transition from wildcard102 to wildcard72
[DEBUG] Dynamically added transition from wildcard102 to wildcard71
[DEBUG] Dynamically added transition from wildcard102 to wildcard70
[DEBUG] Dynamically added transition from wildcard102 to .*
[DEBUG] Dynamically added transition from wildcard102 to wildcard89
[DEBUG] Dynamically added transition from wildcard102 to wildcard88
[DEBUG] Dynamically added transition from wildcard102 to wildcard87
[DEBUG] Dynamically added transition from wildcard102 to wildcard86
[DEBUG] Dynamically added transition from wildcard102 to INITIAL
[DEBUG] Dynamically added transition from wildcard102 to wildcard85
[DEBUG] Dynamically added transition from wildcard102 to wildcard84
[DEBUG] Dynamically added transition from wildcard102 to wildcard83
[DEBUG] Dynamically added transition from wildcard102 to wildcard82
[DEBUG] Dynamically added transition from wildcard102 to wildcard81
[DEBUG] Dynamically added transition from wildcard102 to wildcard80
[DEBUG] Dynamically added transition from wildcard102 to end
[DEBUG] Dynamically added transition from wildcard102 to wildcard16
[DEBUG] Dynamically added transition from wildcard102 to wildcard15
[DEBUG] Dynamically added transition from wildcard102 to wildcard14
[DEBUG] Dynamically added transition from wildcard102 to wildcard13
[DEBUG] Dynamically added transition from wildcard102 to wildcard12
[DEBUG] Dynamically added transition from wildcard102 to wildcard11
[DEBUG] Dynamically added transition from wildcard102 to wildcard99
[DEBUG] Dynamically added transition from wildcard102 to wildcard10
[DEBUG] Dynamically added transition from wildcard102 to wildcard98
[DEBUG] Dynamically added transition from wildcard102 to wildcard97
[DEBUG] Dynamically added transition from wildcard102 to start
[DEBUG] Dynamically added transition from wildcard102 to wildcard96
[DEBUG] Dynamically added transition from wildcard102 to wildcard95
[DEBUG] Dynamically added transition from wildcard102 to wildcard94
[DEBUG] Dynamically added transition from wildcard102 to wildcard93
[DEBUG] Dynamically added transition from wildcard102 to wildcard92
[DEBUG] Dynamically added transition from wildcard102 to wildcard91
[DEBUG] Dynamically added transition from wildcard102 to wildcard90
[INFO] Wildcard transition valid to state: wildcard102
[INFO] Wildcard transition detected from wildcard102 to wildcard103
[DEBUG] Created intermediate state for wildcard transition: wildcard103
[DEBUG] Dynamically added transition from wildcard102 to wildcard103
[DEBUG] Dynamically added transition from wildcard27 to wildcard103
[DEBUG] Dynamically added transition from wildcard26 to wildcard103
[DEBUG] Dynamically added transition from wildcard25 to wildcard103
[DEBUG] Dynamically added transition from wildcard24 to wildcard103
[DEBUG] Dynamically added transition from wildcard23 to wildcard103
[DEBUG] Dynamically added transition from wildcard22 to wildcard103
[DEBUG] Dynamically added transition from wildcard1 to wildcard103
[DEBUG] Dynamically added transition from wildcard21 to wildcard103
[DEBUG] Dynamically added transition from wildcard0 to wildcard103
[DEBUG] Dynamically added transition from wildcard20 to wildcard103
[DEBUG] Dynamically added transition from wildcard3 to wildcard103
[DEBUG] Dynamically added transition from wildcard2 to wildcard103
[DEBUG] Dynamically added transition from wildcard5 to wildcard103
[DEBUG] Dynamically added transition from wildcard4 to wildcard103
[DEBUG] Dynamically added transition from wildcard7 to wildcard103
[DEBUG] Dynamically added transition from wildcard6 to wildcard103
[DEBUG] Dynamically added transition from wildcard9 to wildcard103
[DEBUG] Dynamically added transition from wildcard8 to wildcard103
[DEBUG] Dynamically added transition from wildcard19 to wildcard103
[DEBUG] Dynamically added transition from wildcard18 to wildcard103
[DEBUG] Dynamically added transition from wildcard17 to wildcard103
[DEBUG] Dynamically added transition from wildcard38 to wildcard103
[DEBUG] Dynamically added transition from wildcard37 to wildcard103
[DEBUG] Dynamically added transition from wildcard36 to wildcard103
[DEBUG] Dynamically added transition from wildcard35 to wildcard103
[DEBUG] Dynamically added transition from wildcard34 to wildcard103
[DEBUG] Dynamically added transition from wildcard33 to wildcard103
[DEBUG] Dynamically added transition from wildcard32 to wildcard103
[DEBUG] Dynamically added transition from wildcard31 to wildcard103
[DEBUG] Dynamically added transition from wildcard30 to wildcard103
[DEBUG] Dynamically added transition from wildcard29 to wildcard103
[DEBUG] Dynamically added transition from wildcard28 to wildcard103
[DEBUG] Dynamically added transition from wildcard49 to wildcard103
[DEBUG] Dynamically added transition from wildcard48 to wildcard103
[DEBUG] Dynamically added transition from wildcard47 to wildcard103
[DEBUG] Dynamically added transition from wildcard46 to wildcard103
[DEBUG] Dynamically added transition from wildcard45 to wildcard103
[DEBUG] Dynamically added transition from wildcard44 to wildcard103
[DEBUG] Dynamically added transition from wildcard43 to wildcard103
[DEBUG] Dynamically added transition from wildcard42 to wildcard103
[DEBUG] Dynamically added transition from wildcard41 to wildcard103
[DEBUG] Dynamically added transition from wildcard40 to wildcard103
[DEBUG] Dynamically added transition from wildcard39 to wildcard103
[DEBUG] Dynamically added transition from wildcard59 to wildcard103
[DEBUG] Dynamically added transition from wildcard58 to wildcard103
[DEBUG] Dynamically added transition from middle to wildcard103
[DEBUG] Dynamically added transition from wildcard57 to wildcard103
[DEBUG] Dynamically added transition from wildcard56 to wildcard103
[DEBUG] Dynamically added transition from wildcard55 to wildcard103
[DEBUG] Dynamically added transition from wildcard54 to wildcard103
[DEBUG] Dynamically added transition from wildcard53 to wildcard103
[DEBUG] Dynamically added transition from wildcard52 to wildcard103
[DEBUG] Dynamically added transition from wildcard51 to wildcard103
[DEBUG] Dynamically added transition from wildcard50 to wildcard103
[DEBUG] Dynamically added transition from wildcard69 to wildcard103
[DEBUG] Dynamically added transition from wildcard68 to wildcard103
[DEBUG] Dynamically added transition from wildcard67 to wildcard103
[DEBUG] Dynamically added transition from wildcard66 to wildcard103
[DEBUG] Dynamically added transition from wildcard65 to wildcard103
[DEBUG] Dynamically added transition from wildcard64 to wildcard103
[DEBUG] Dynamically added transition from wildcard63 to wildcard103
[DEBUG] Dynamically added transition from wildcard62 to wildcard103
[DEBUG] Dynamically added transition from wildcard61 to wildcard103
[DEBUG] Dynamically added transition from wildcard60 to wildcard103
[DEBUG] Dynamically added transition from wildcard100 to wildcard103
[DEBUG] Dynamically added transition from wildcard101 to wildcard103
[DEBUG] Dynamically added transition from wildcard79 to wildcard103
[DEBUG] Dynamically added transition from wildcard78 to wildcard103
[DEBUG] Dynamically added transition from wildcard77 to wildcard103
[DEBUG] Dynamically added transition from wildcard76 to wildcard103
[DEBUG] Dynamically added transition from wildcard75 to wildcard103
[DEBUG] Dynamically added transition from wildcard74 to wildcard103
[DEBUG] Dynamically added transition from wildcard73 to wildcard103
[DEBUG] Dynamically added transition from wildcard72 to wildcard103
[DEBUG] Dynamically added transition from wildcard71 to wildcard103
[DEBUG] Dynamically added transition from wildcard70 to wildcard103
[DEBUG] Dynamically added transition from wildcard89 to wildcard103
[DEBUG] Dynamically added transition from wildcard88 to wildcard103
[DEBUG] Dynamically added transition from wildcard87 to wildcard103
[DEBUG] Dynamically added transition from wildcard86 to wildcard103
[DEBUG] Dynamically added transition from wildcard85 to wildcard103
[DEBUG] Dynamically added transition from wildcard84 to wildcard103
[DEBUG] Dynamically added transition from wildcard83 to wildcard103
[DEBUG] Dynamically added transition from wildcard82 to wildcard103
[DEBUG] Dynamically added transition from wildcard81 to wildcard103
[DEBUG] Dynamically added transition from wildcard80 to wildcard103
[DEBUG] Dynamically added transition from wildcard16 to wildcard103
[DEBUG] Dynamically added transition from wildcard15 to wildcard103
[DEBUG] Dynamically added transition from wildcard14 to wildcard103
[DEBUG] Dynamically added transition from wildcard13 to wildcard103
[DEBUG] Dynamically added transition from wildcard12 to wildcard103
[DEBUG] Dynamically added transition from wildcard11 to wildcard103
[DEBUG] Dynamically added transition from wildcard99 to wildcard103
[DEBUG] Dynamically added transition from wildcard10 to wildcard103
[DEBUG] Dynamically added transition from wildcard98 to wildcard103
[DEBUG] Dynamically added transition from wildcard97 to wildcard103
[DEBUG] Dynamically added transition from start to wildcard103
[DEBUG] Dynamically added transition from wildcard96 to wildcard103
[DEBUG] Dynamically added transition from wildcard95 to wildcard103
[DEBUG] Dynamically added transition from wildcard94 to wildcard103
[DEBUG] Dynamically added transition from wildcard93 to wildcard103
[DEBUG] Dynamically added transition from wildcard92 to wildcard103
[DEBUG] Dynamically added transition from wildcard91 to wildcard103
[DEBUG] Dynamically added transition from wildcard90 to wildcard103
[DEBUG] Dynamically added transition from wildcard103 to wildcard27
[DEBUG] Dynamically added transition from wildcard103 to wildcard26
[DEBUG] Dynamically added transition from wildcard103 to wildcard25
[DEBUG] Dynamically added transition from wildcard103 to wildcard24
[DEBUG] Dynamically added transition from wildcard103 to wildcard23
[DEBUG] Dynamically added transition from wildcard103 to wildcard22
[DEBUG] Dynamically added transition from wildcard103 to wildcard1
[DEBUG] Dynamically added transition from wildcard103 to wildcard21
[DEBUG] Dynamically added transition from wildcard103 to wildcard0
[DEBUG] Dynamically added transition from wildcard103 to wildcard20
[DEBUG] Dynamically added transition from wildcard103 to wildcard3
[DEBUG] Dynamically added transition from wildcard103 to wildcard2
[DEBUG] Dynamically added transition from wildcard103 to wildcard5
[DEBUG] Dynamically added transition from wildcard103 to wildcard4
[DEBUG] Dynamically added transition from wildcard103 to wildcard7
[DEBUG] Dynamically added transition from wildcard103 to wildcard6
[DEBUG] Dynamically added transition from wildcard103 to wildcard9
[DEBUG] Dynamically added transition from wildcard103 to wildcard8
[DEBUG] Dynamically added transition from wildcard103 to wildcard19
[DEBUG] Dynamically added transition from wildcard103 to wildcard18
[DEBUG] Dynamically added transition from wildcard103 to wildcard17
[DEBUG] Dynamically added transition from wildcard103 to wildcard38
[DEBUG] Dynamically added transition from wildcard103 to wildcard37
[DEBUG] Dynamically added transition from wildcard103 to wildcard36
[DEBUG] Dynamically added transition from wildcard103 to wildcard35
[DEBUG] Dynamically added transition from wildcard103 to wildcard34
[DEBUG] Dynamically added transition from wildcard103 to wildcard33
[DEBUG] Dynamically added transition from wildcard103 to wildcard32
[DEBUG] Dynamically added transition from wildcard103 to wildcard31
[DEBUG] Dynamically added transition from wildcard103 to wildcard30
[DEBUG] Dynamically added transition from wildcard103 to wildcard29
[DEBUG] Dynamically added transition from wildcard103 to wildcard28
[DEBUG] Dynamically added transition from wildcard103 to wildcard49
[DEBUG] Dynamically added transition from wildcard103 to wildcard48
[DEBUG] Dynamically added transition from wildcard103 to wildcard47
[DEBUG] Dynamically added transition from wildcard103 to wildcard46
[DEBUG] Dynamically added transition from wildcard103 to wildcard45
[DEBUG] Dynamically added transition from wildcard103 to wildcard44
[DEBUG] Dynamically added transition from wildcard103 to wildcard43
[DEBUG] Dynamically added transition from wildcard103 to wildcard42
[DEBUG] Dynamically added transition from wildcard103 to wildcard41
[DEBUG] Dynamically added transition from wildcard103 to wildcard40
[DEBUG] Dynamically added transition from wildcard103 to wildcard39
[DEBUG] Dynamically added transition from wildcard103 to wildcard59
[DEBUG] Dynamically added transition from wildcard103 to wildcard58
[DEBUG] Dynamically added transition from wildcard103 to middle
[DEBUG] Dynamically added transition from wildcard103 to wildcard57
[DEBUG] Dynamically added transition from wildcard103 to wildcard56
[DEBUG] Dynamically added transition from wildcard103 to wildcard55
[DEBUG] Dynamically added transition from wildcard103 to wildcard54
[DEBUG] Dynamically added transition from wildcard103 to wildcard53
[DEBUG] Dynamically added transition from wildcard103 to wildcard52
[DEBUG] Dynamically added transition from wildcard103 to wildcard51
[DEBUG] Dynamically added transition from wildcard103 to wildcard50
[DEBUG] Dynamically added transition from wildcard103 to wildcard69
[DEBUG] Dynamically added transition from wildcard103 to wildcard68
[DEBUG] Dynamically added transition from wildcard103 to wildcard67
[DEBUG] Dynamically added transition from wildcard103 to wildcard66
[DEBUG] Dynamically added transition from wildcard103 to wildcard65
[DEBUG] Dynamically added transition from wildcard103 to wildcard64
[DEBUG] Dynamically added transition from wildcard103 to wildcard63
[DEBUG] Dynamically added transition from wildcard103 to wildcard62
[DEBUG] Dynamically added transition from wildcard103 to wildcard61
[DEBUG] Dynamically added transition from wildcard103 to wildcard60
[DEBUG] Dynamically added transition from wildcard103 to wildcard100
[DEBUG] Dynamically added transition from wildcard103 to wildcard103
[DEBUG] Dynamically added transition from wildcard103 to wildcard101
[DEBUG] Dynamically added transition from wildcard103 to wildcard102
[DEBUG] Dynamically added transition from wildcard103 to wildcard79
[DEBUG] Dynamically added transition from wildcard103 to wildcard78
[DEBUG] Dynamically added transition from wildcard103 to wildcard77
[DEBUG] Dynamically added transition from wildcard103 to wildcard76
[DEBUG] Dynamically added transition from wildcard103 to wildcard75
[DEBUG] Dynamically added transition from wildcard103 to wildcard74
[DEBUG] Dynamically added transition from wildcard103 to wildcard73
[DEBUG] Dynamically added transition from wildcard103 to wildcard72
[DEBUG] Dynamically added transition from wildcard103 to wildcard71
[DEBUG] Dynamically added transition from wildcard103 to wildcard70
[DEBUG] Dynamically added transition from wildcard103 to .*
[DEBUG] Dynamically added transition from wildcard103 to wildcard89
[DEBUG] Dynamically added transition from wildcard103 to wildcard88
[DEBUG] Dynamically added transition from wildcard103 to wildcard87
[DEBUG] Dynamically added transition from wildcard103 to wildcard86
[DEBUG] Dynamically added transition from wildcard103 to INITIAL
[DEBUG] Dynamically added transition from wildcard103 to wildcard85
[DEBUG] Dynamically added transition from wildcard103 to wildcard84
[DEBUG] Dynamically added transition from wildcard103 to wildcard83
[DEBUG] Dynamically added transition from wildcard103 to wildcard82
[DEBUG] Dynamically added transition from wildcard103 to wildcard81
[DEBUG] Dynamically added transition from wildcard103 to wildcard80
[DEBUG] Dynamically added transition from wildcard103 to end
[DEBUG] Dynamically added transition from wildcard103 to wildcard16
[DEBUG] Dynamically added transition from wildcard103 to wildcard15
[DEBUG] Dynamically added transition from wildcard103 to wildcard14
[DEBUG] Dynamically added transition from wildcard103 to wildcard13
[DEBUG] Dynamically added transition from wildcard103 to wildcard12
[DEBUG] Dynamically added transition from wildcard103 to wildcard11
[DEBUG] Dynamically added transition from wildcard103 to wildcard99
[DEBUG] Dynamically added transition from wildcard103 to wildcard10
[DEBUG] Dynamically added transition from wildcard103 to wildcard98
[DEBUG] Dynamically added transition from wildcard103 to wildcard97
[DEBUG] Dynamically added transition from wildcard103 to start
[DEBUG] Dynamically added transition from wildcard103 to wildcard96
[DEBUG] Dynamically added transition from wildcard103 to wildcard95
[DEBUG] Dynamically added transition from wildcard103 to wildcard94
[DEBUG] Dynamically added transition from wildcard103 to wildcard93
[DEBUG] Dynamically added transition from wildcard103 to wildcard92
[DEBUG] Dynamically added transition from wildcard103 to wildcard91
[DEBUG] Dynamically added transition from wildcard103 to wildcard90
[INFO] Wildcard transition valid to state: wildcard103
[INFO] Wildcard transition detected from wildcard103 to wildcard104
[DEBUG] Created intermediate state for wildcard transition: wildcard104
[DEBUG] Dynamically added transition from wildcard103 to wildcard104
[DEBUG] Dynamically added transition from wildcard27 to wildcard104
[DEBUG] Dynamically added transition from wildcard26 to wildcard104
[DEBUG] Dynamically added transition from wildcard25 to wildcard104
[DEBUG] Dynamically added transition from wildcard24 to wildcard104
[DEBUG] Dynamically added transition from wildcard23 to wildcard104
[DEBUG] Dynamically added transition from wildcard22 to wildcard104
[DEBUG] Dynamically added transition from wildcard1 to wildcard104
[DEBUG] Dynamically added transition from wildcard21 to wildcard104
[DEBUG] Dynamically added transition from wildcard0 to wildcard104
[DEBUG] Dynamically added transition from wildcard20 to wildcard104
[DEBUG] Dynamically added transition from wildcard3 to wildcard104
[DEBUG] Dynamically added transition from wildcard2 to wildcard104
[DEBUG] Dynamically added transition from wildcard5 to wildcard104
[DEBUG] Dynamically added transition from wildcard4 to wildcard104
[DEBUG] Dynamically added transition from wildcard7 to wildcard104
[DEBUG] Dynamically added transition from wildcard6 to wildcard104
[DEBUG] Dynamically added transition from wildcard9 to wildcard104
[DEBUG] Dynamically added transition from wildcard8 to wildcard104
[DEBUG] Dynamically added transition from wildcard19 to wildcard104
[DEBUG] Dynamically added transition from wildcard18 to wildcard104
[DEBUG] Dynamically added transition from wildcard17 to wildcard104
[DEBUG] Dynamically added transition from wildcard38 to wildcard104
[DEBUG] Dynamically added transition from wildcard37 to wildcard104
[DEBUG] Dynamically added transition from wildcard36 to wildcard104
[DEBUG] Dynamically added transition from wildcard35 to wildcard104
[DEBUG] Dynamically added transition from wildcard34 to wildcard104
[DEBUG] Dynamically added transition from wildcard33 to wildcard104
[DEBUG] Dynamically added transition from wildcard32 to wildcard104
[DEBUG] Dynamically added transition from wildcard31 to wildcard104
[DEBUG] Dynamically added transition from wildcard30 to wildcard104
[DEBUG] Dynamically added transition from wildcard29 to wildcard104
[DEBUG] Dynamically added transition from wildcard28 to wildcard104
[DEBUG] Dynamically added transition from wildcard49 to wildcard104
[DEBUG] Dynamically added transition from wildcard48 to wildcard104
[DEBUG] Dynamically added transition from wildcard47 to wildcard104
[DEBUG] Dynamically added transition from wildcard46 to wildcard104
[DEBUG] Dynamically added transition from wildcard45 to wildcard104
[DEBUG] Dynamically added transition from wildcard44 to wildcard104
[DEBUG] Dynamically added transition from wildcard43 to wildcard104
[DEBUG] Dynamically added transition from wildcard42 to wildcard104
[DEBUG] Dynamically added transition from wildcard41 to wildcard104
[DEBUG] Dynamically added transition from wildcard40 to wildcard104
[DEBUG] Dynamically added transition from wildcard39 to wildcard104
[DEBUG] Dynamically added transition from wildcard59 to wildcard104
[DEBUG] Dynamically added transition from wildcard58 to wildcard104
[DEBUG] Dynamically added transition from middle to wildcard104
[DEBUG] Dynamically added transition from wildcard57 to wildcard104
[DEBUG] Dynamically added transition from wildcard56 to wildcard104
[DEBUG] Dynamically added transition from wildcard55 to wildcard104
[DEBUG] Dynamically added transition from wildcard54 to wildcard104
[DEBUG] Dynamically added transition from wildcard53 to wildcard104
[DEBUG] Dynamically added transition from wildcard52 to wildcard104
[DEBUG] Dynamically added transition from wildcard51 to wildcard104
[DEBUG] Dynamically added transition from wildcard50 to wildcard104
[DEBUG] Dynamically added transition from wildcard69 to wildcard104
[DEBUG] Dynamically added transition from wildcard68 to wildcard104
[DEBUG] Dynamically added transition from wildcard67 to wildcard104
[DEBUG] Dynamically added transition from wildcard66 to wildcard104
[DEBUG] Dynamically added transition from wildcard65 to wildcard104
[DEBUG] Dynamically added transition from wildcard64 to wildcard104
[DEBUG] Dynamically added transition from wildcard63 to wildcard104
[DEBUG] Dynamically added transition from wildcard62 to wildcard104
[DEBUG] Dynamically added transition from wildcard61 to wildcard104
[DEBUG] Dynamically added transition from wildcard60 to wildcard104
[DEBUG] Dynamically added transition from wildcard100 to wildcard104
[DEBUG] Dynamically added transition from wildcard101 to wildcard104
[DEBUG] Dynamically added transition from wildcard102 to wildcard104
[DEBUG] Dynamically added transition from wildcard79 to wildcard104
[DEBUG] Dynamically added transition from wildcard78 to wildcard104
[DEBUG] Dynamically added transition from wildcard77 to wildcard104
[DEBUG] Dynamically added transition from wildcard76 to wildcard104
[DEBUG] Dynamically added transition from wildcard75 to wildcard104
[DEBUG] Dynamically added transition from wildcard74 to wildcard104
[DEBUG] Dynamically added transition from wildcard73 to wildcard104
[DEBUG] Dynamically added transition from wildcard72 to wildcard104
[DEBUG] Dynamically added transition from wildcard71 to wildcard104
[DEBUG] Dynamically added transition from wildcard70 to wildcard104
[DEBUG] Dynamically added transition from wildcard89 to wildcard104
[DEBUG] Dynamically added transition from wildcard88 to wildcard104
[DEBUG] Dynamically added transition from wildcard87 to wildcard104
[DEBUG] Dynamically added transition from wildcard86 to wildcard104
[DEBUG] Dynamically added transition from wildcard85 to wildcard104
[DEBUG] Dynamically added transition from wildcard84 to wildcard104
[DEBUG] Dynamically added transition from wildcard83 to wildcard104
[DEBUG] Dynamically added transition from wildcard82 to wildcard104
[DEBUG] Dynamically added transition from wildcard81 to wildcard104
[DEBUG] Dynamically added transition from wildcard80 to wildcard104
[DEBUG] Dynamically added transition from wildcard16 to wildcard104
[DEBUG] Dynamically added transition from wildcard15 to wildcard104
[DEBUG] Dynamically added transition from wildcard14 to wildcard104
[DEBUG] Dynamically added transition from wildcard13 to wildcard104
[DEBUG] Dynamically added transition from wildcard12 to wildcard104
[DEBUG] Dynamically added transition from wildcard11 to wildcard104
[DEBUG] Dynamically added transition from wildcard99 to wildcard104
[DEBUG] Dynamically added transition from wildcard10 to wildcard104
[DEBUG] Dynamically added transition from wildcard98 to wildcard104
[DEBUG] Dynamically added transition from wildcard97 to wildcard104
[DEBUG] Dynamically added transition from start to wildcard104
[DEBUG] Dynamically added transition from wildcard96 to wildcard104
[DEBUG] Dynamically added transition from wildcard95 to wildcard104
[DEBUG] Dynamically added transition from wildcard94 to wildcard104
[DEBUG] Dynamically added transition from wildcard93 to wildcard104
[DEBUG] Dynamically added transition from wildcard92 to wildcard104
[DEBUG] Dynamically added transition from wildcard91 to wildcard104
[DEBUG] Dynamically added transition from wildcard90 to wildcard104
[DEBUG] Dynamically added transition from wildcard104 to wildcard27
[DEBUG] Dynamically added transition from wildcard104 to wildcard26
[DEBUG] Dynamically added transition from wildcard104 to wildcard25
[DEBUG] Dynamically added transition from wildcard104 to wildcard24
[DEBUG] Dynamically added transition from wildcard104 to wildcard23
[DEBUG] Dynamically added transition from wildcard104 to wildcard22
[DEBUG] Dynamically added transition from wildcard104 to wildcard1
[DEBUG] Dynamically added transition from wildcard104 to wildcard21
[DEBUG] Dynamically added transition from wildcard104 to wildcard0
[DEBUG] Dynamically added transition from wildcard104 to wildcard20
[DEBUG] Dynamically added transition from wildcard104 to wildcard3
[DEBUG] Dynamically added transition from wildcard104 to wildcard2
[DEBUG] Dynamically added transition from wildcard104 to wildcard5
[DEBUG] Dynamically added transition from wildcard104 to wildcard4
[DEBUG] Dynamically added transition from wildcard104 to wildcard7
[DEBUG] Dynamically added transition from wildcard104 to wildcard6
[DEBUG] Dynamically added transition from wildcard104 to wildcard9
[DEBUG] Dynamically added transition from wildcard104 to wildcard8
[DEBUG] Dynamically added transition from wildcard104 to wildcard19
[DEBUG] Dynamically added transition from wildcard104 to wildcard18
[DEBUG] Dynamically added transition from wildcard104 to wildcard17
[DEBUG] Dynamically added transition from wildcard104 to wildcard38
[DEBUG] Dynamically added transition from wildcard104 to wildcard37
[DEBUG] Dynamically added transition from wildcard104 to wildcard36
[DEBUG] Dynamically added transition from wildcard104 to wildcard35
[DEBUG] Dynamically added transition from wildcard104 to wildcard34
[DEBUG] Dynamically added transition from wildcard104 to wildcard33
[DEBUG] Dynamically added transition from wildcard104 to wildcard32
[DEBUG] Dynamically added transition from wildcard104 to wildcard31
[DEBUG] Dynamically added transition from wildcard104 to wildcard30
[DEBUG] Dynamically added transition from wildcard104 to wildcard29
[DEBUG] Dynamically added transition from wildcard104 to wildcard28
[DEBUG] Dynamically added transition from wildcard104 to wildcard49
[DEBUG] Dynamically added transition from wildcard104 to wildcard48
[DEBUG] Dynamically added transition from wildcard104 to wildcard47
[DEBUG] Dynamically added transition from wildcard104 to wildcard46
[DEBUG] Dynamically added transition from wildcard104 to wildcard45
[DEBUG] Dynamically added transition from wildcard104 to wildcard44
[DEBUG] Dynamically added transition from wildcard104 to wildcard43
[DEBUG] Dynamically added transition from wildcard104 to wildcard42
[DEBUG] Dynamically added transition from wildcard104 to wildcard41
[DEBUG] Dynamically added transition from wildcard104 to wildcard40
[DEBUG] Dynamically added transition from wildcard104 to wildcard39
[DEBUG] Dynamically added transition from wildcard104 to wildcard59
[DEBUG] Dynamically added transition from wildcard104 to wildcard58
[DEBUG] Dynamically added transition from wildcard104 to middle
[DEBUG] Dynamically added transition from wildcard104 to wildcard57
[DEBUG] Dynamically added transition from wildcard104 to wildcard56
[DEBUG] Dynamically added transition from wildcard104 to wildcard55
[DEBUG] Dynamically added transition from wildcard104 to wildcard54
[DEBUG] Dynamically added transition from wildcard104 to wildcard53
[DEBUG] Dynamically added transition from wildcard104 to wildcard52
[DEBUG] Dynamically added transition from wildcard104 to wildcard51
[DEBUG] Dynamically added transition from wildcard104 to wildcard50
[DEBUG] Dynamically added transition from wildcard104 to wildcard69
[DEBUG] Dynamically added transition from wildcard104 to wildcard68
[DEBUG] Dynamically added transition from wildcard104 to wildcard67
[DEBUG] Dynamically added transition from wildcard104 to wildcard66
[DEBUG] Dynamically added transition from wildcard104 to wildcard65
[DEBUG] Dynamically added transition from wildcard104 to wildcard64
[DEBUG] Dynamically added transition from wildcard104 to wildcard63
[DEBUG] Dynamically added transition from wildcard104 to wildcard62
[DEBUG] Dynamically added transition from wildcard104 to wildcard61
[DEBUG] Dynamically added transition from wildcard104 to wildcard60
[DEBUG] Dynamically added transition from wildcard104 to wildcard100
[DEBUG] Dynamically added transition from wildcard104 to wildcard103
[DEBUG] Dynamically added transition from wildcard104 to wildcard104
[DEBUG] Dynamically added transition from wildcard104 to wildcard101
[DEBUG] Dynamically added transition from wildcard104 to wildcard102
[DEBUG] Dynamically added transition from wildcard104 to wildcard79
[DEBUG] Dynamically added transition from wildcard104 to wildcard78
[DEBUG] Dynamically added transition from wildcard104 to wildcard77
[DEBUG] Dynamically added transition from wildcard104 to wildcard76
[DEBUG] Dynamically added transition from wildcard104 to wildcard75
[DEBUG] Dynamically added transition from wildcard104 to wildcard74
[DEBUG] Dynamically added transition from wildcard104 to wildcard73
[DEBUG] Dynamically added transition from wildcard104 to wildcard72
[DEBUG] Dynamically added transition from wildcard104 to wildcard71
[DEBUG] Dynamically added transition from wildcard104 to wildcard70
[DEBUG] Dynamically added transition from wildcard104 to .*
[DEBUG] Dynamically added transition from wildcard104 to wildcard89
[DEBUG] Dynamically added transition from wildcard104 to wildcard88
[DEBUG] Dynamically added transition from wildcard104 to wildcard87
[DEBUG] Dynamically added transition from wildcard104 to wildcard86
[DEBUG] Dynamically added transition from wildcard104 to INITIAL
[DEBUG] Dynamically added transition from wildcard104 to wildcard85
[DEBUG] Dynamically added transition from wildcard104 to wildcard84
[DEBUG] Dynamically added transition from wildcard104 to wildcard83
[DEBUG] Dynamically added transition from wildcard104 to wildcard82
[DEBUG] Dynamically added transition from wildcard104 to wildcard81
[DEBUG] Dynamically added transition from wildcard104 to wildcard80
[DEBUG] Dynamically added transition from wildcard104 to end
[DEBUG] Dynamically added transition from wildcard104 to wildcard16
[DEBUG] Dynamically added transition from wildcard104 to wildcard15
[DEBUG] Dynamically added transition from wildcard104 to wildcard14
[DEBUG] Dynamically added transition from wildcard104 to wildcard13
[DEBUG] Dynamically added transition from wildcard104 to wildcard12
[DEBUG] Dynamically added transition from wildcard104 to wildcard11
[DEBUG] Dynamically added transition from wildcard104 to wildcard99
[DEBUG] Dynamically added transition from wildcard104 to wildcard10
[DEBUG] Dynamically added transition from wildcard104 to wildcard98
[DEBUG] Dynamically added transition from wildcard104 to wildcard97
[DEBUG] Dynamically added transition from wildcard104 to start
[DEBUG] Dynamically added transition from wildcard104 to wildcard96
[DEBUG] Dynamically added transition from wildcard104 to wildcard95
[DEBUG] Dynamically added transition from wildcard104 to wildcard94
[DEBUG] Dynamically added transition from wildcard104 to wildcard93
[DEBUG] Dynamically added transition from wildcard104 to wildcard92
[DEBUG] Dynamically added transition from wildcard104 to wildcard91
[DEBUG] Dynamically added transition from wildcard104 to wildcard90
[INFO] Wildcard transition valid to state: wildcard104
[INFO] Wildcard transition detected from wildcard104 to wildcard105
[DEBUG] Created intermediate state for wildcard transition: wildcard105
[DEBUG] Dynamically added transition from wildcard104 to wildcard105
[DEBUG] Dynamically added transition from wildcard27 to wildcard105
[DEBUG] Dynamically added transition from wildcard26 to wildcard105
[DEBUG] Dynamically added transition from wildcard25 to wildcard105
[DEBUG] Dynamically added transition from wildcard24 to wildcard105
[DEBUG] Dynamically added transition from wildcard23 to wildcard105
[DEBUG] Dynamically added transition from wildcard22 to wildcard105
[DEBUG] Dynamically added transition from wildcard1 to wildcard105
[DEBUG] Dynamically added transition from wildcard21 to wildcard105
[DEBUG] Dynamically added transition from wildcard0 to wildcard105
[DEBUG] Dynamically added transition from wildcard20 to wildcard105
[DEBUG] Dynamically added transition from wildcard3 to wildcard105
[DEBUG] Dynamically added transition from wildcard2 to wildcard105
[DEBUG] Dynamically added transition from wildcard5 to wildcard105
[DEBUG] Dynamically added transition from wildcard4 to wildcard105
[DEBUG] Dynamically added transition from wildcard7 to wildcard105
[DEBUG] Dynamically added transition from wildcard6 to wildcard105
[DEBUG] Dynamically added transition from wildcard9 to wildcard105
[DEBUG] Dynamically added transition from wildcard8 to wildcard105
[DEBUG] Dynamically added transition from wildcard19 to wildcard105
[DEBUG] Dynamically added transition from wildcard18 to wildcard105
[DEBUG] Dynamically added transition from wildcard17 to wildcard105
[DEBUG] Dynamically added transition from wildcard38 to wildcard105
[DEBUG] Dynamically added transition from wildcard37 to wildcard105
[DEBUG] Dynamically added transition from wildcard36 to wildcard105
[DEBUG] Dynamically added transition from wildcard35 to wildcard105
[DEBUG] Dynamically added transition from wildcard34 to wildcard105
[DEBUG] Dynamically added transition from wildcard33 to wildcard105
[DEBUG] Dynamically added transition from wildcard32 to wildcard105
[DEBUG] Dynamically added transition from wildcard31 to wildcard105
[DEBUG] Dynamically added transition from wildcard30 to wildcard105
[DEBUG] Dynamically added transition from wildcard29 to wildcard105
[DEBUG] Dynamically added transition from wildcard28 to wildcard105
[DEBUG] Dynamically added transition from wildcard49 to wildcard105
[DEBUG] Dynamically added transition from wildcard48 to wildcard105
[DEBUG] Dynamically added transition from wildcard47 to wildcard105
[DEBUG] Dynamically added transition from wildcard46 to wildcard105
[DEBUG] Dynamically added transition from wildcard45 to wildcard105
[DEBUG] Dynamically added transition from wildcard44 to wildcard105
[DEBUG] Dynamically added transition from wildcard43 to wildcard105
[DEBUG] Dynamically added transition from wildcard42 to wildcard105
[DEBUG] Dynamically added transition from wildcard41 to wildcard105
[DEBUG] Dynamically added transition from wildcard40 to wildcard105
[DEBUG] Dynamically added transition from wildcard39 to wildcard105
[DEBUG] Dynamically added transition from wildcard59 to wildcard105
[DEBUG] Dynamically added transition from wildcard58 to wildcard105
[DEBUG] Dynamically added transition from middle to wildcard105
[DEBUG] Dynamically added transition from wildcard57 to wildcard105
[DEBUG] Dynamically added transition from wildcard56 to wildcard105
[DEBUG] Dynamically added transition from wildcard55 to wildcard105
[DEBUG] Dynamically added transition from wildcard54 to wildcard105
[DEBUG] Dynamically added transition from wildcard53 to wildcard105
[DEBUG] Dynamically added transition from wildcard52 to wildcard105
[DEBUG] Dynamically added transition from wildcard51 to wildcard105
[DEBUG] Dynamically added transition from wildcard50 to wildcard105
[DEBUG] Dynamically added transition from wildcard69 to wildcard105
[DEBUG] Dynamically added transition from wildcard68 to wildcard105
[DEBUG] Dynamically added transition from wildcard67 to wildcard105
[DEBUG] Dynamically added transition from wildcard66 to wildcard105
[DEBUG] Dynamically added transition from wildcard65 to wildcard105
[DEBUG] Dynamically added transition from wildcard64 to wildcard105
[DEBUG] Dynamically added transition from wildcard63 to wildcard105
[DEBUG] Dynamically added transition from wildcard62 to wildcard105
[DEBUG] Dynamically added transition from wildcard61 to wildcard105
[DEBUG] Dynamically added transition from wildcard60 to wildcard105
[DEBUG] Dynamically added transition from wildcard100 to wildcard105
[DEBUG] Dynamically added transition from wildcard103 to wildcard105
[DEBUG] Dynamically added transition from wildcard101 to wildcard105
[DEBUG] Dynamically added transition from wildcard102 to wildcard105
[DEBUG] Dynamically added transition from wildcard79 to wildcard105
[DEBUG] Dynamically added transition from wildcard78 to wildcard105
[DEBUG] Dynamically added transition from wildcard77 to wildcard105
[DEBUG] Dynamically added transition from wildcard76 to wildcard105
[DEBUG] Dynamically added transition from wildcard75 to wildcard105
[DEBUG] Dynamically added transition from wildcard74 to wildcard105
[DEBUG] Dynamically added transition from wildcard73 to wildcard105
[DEBUG] Dynamically added transition from wildcard72 to wildcard105
[DEBUG] Dynamically added transition from wildcard71 to wildcard105
[DEBUG] Dynamically added transition from wildcard70 to wildcard105
[DEBUG] Dynamically added transition from wildcard89 to wildcard105
[DEBUG] Dynamically added transition from wildcard88 to wildcard105
[DEBUG] Dynamically added transition from wildcard87 to wildcard105
[DEBUG] Dynamically added transition from wildcard86 to wildcard105
[DEBUG] Dynamically added transition from wildcard85 to wildcard105
[DEBUG] Dynamically added transition from wildcard84 to wildcard105
[DEBUG] Dynamically added transition from wildcard83 to wildcard105
[DEBUG] Dynamically added transition from wildcard82 to wildcard105
[DEBUG] Dynamically added transition from wildcard81 to wildcard105
[DEBUG] Dynamically added transition from wildcard80 to wildcard105
[DEBUG] Dynamically added transition from wildcard16 to wildcard105
[DEBUG] Dynamically added transition from wildcard15 to wildcard105
[DEBUG] Dynamically added transition from wildcard14 to wildcard105
[DEBUG] Dynamically added transition from wildcard13 to wildcard105
[DEBUG] Dynamically added transition from wildcard12 to wildcard105
[DEBUG] Dynamically added transition from wildcard11 to wildcard105
[DEBUG] Dynamically added transition from wildcard99 to wildcard105
[DEBUG] Dynamically added transition from wildcard10 to wildcard105
[DEBUG] Dynamically added transition from wildcard98 to wildcard105
[DEBUG] Dynamically added transition from wildcard97 to wildcard105
[DEBUG] Dynamically added transition from start to wildcard105
[DEBUG] Dynamically added transition from wildcard96 to wildcard105
[DEBUG] Dynamically added transition from wildcard95 to wildcard105
[DEBUG] Dynamically added transition from wildcard94 to wildcard105
[DEBUG] Dynamically added transition from wildcard93 to wildcard105
[DEBUG] Dynamically added transition from wildcard92 to wildcard105
[DEBUG] Dynamically added transition from wildcard91 to wildcard105
[DEBUG] Dynamically added transition from wildcard90 to wildcard105
[DEBUG] Dynamically added transition from wildcard105 to wildcard27
[DEBUG] Dynamically added transition from wildcard105 to wildcard26
[DEBUG] Dynamically added transition from wildcard105 to wildcard25
[DEBUG] Dynamically added transition from wildcard105 to wildcard24
[DEBUG] Dynamically added transition from wildcard105 to wildcard23
[DEBUG] Dynamically added transition from wildcard105 to wildcard22
[DEBUG] Dynamically added transition from wildcard105 to wildcard1
[DEBUG] Dynamically added transition from wildcard105 to wildcard21
[DEBUG] Dynamically added transition from wildcard105 to wildcard0
[DEBUG] Dynamically added transition from wildcard105 to wildcard20
[DEBUG] Dynamically added transition from wildcard105 to wildcard3
[DEBUG] Dynamically added transition from wildcard105 to wildcard2
[DEBUG] Dynamically added transition from wildcard105 to wildcard5
[DEBUG] Dynamically added transition from wildcard105 to wildcard4
[DEBUG] Dynamically added transition from wildcard105 to wildcard7
[DEBUG] Dynamically added transition from wildcard105 to wildcard6
[DEBUG] Dynamically added transition from wildcard105 to wildcard9
[DEBUG] Dynamically added transition from wildcard105 to wildcard8
[DEBUG] Dynamically added transition from wildcard105 to wildcard19
[DEBUG] Dynamically added transition from wildcard105 to wildcard18
[DEBUG] Dynamically added transition from wildcard105 to wildcard17
[DEBUG] Dynamically added transition from wildcard105 to wildcard38
[DEBUG] Dynamically added transition from wildcard105 to wildcard37
[DEBUG] Dynamically added transition from wildcard105 to wildcard36
[DEBUG] Dynamically added transition from wildcard105 to wildcard35
[DEBUG] Dynamically added transition from wildcard105 to wildcard34
[DEBUG] Dynamically added transition from wildcard105 to wildcard33
[DEBUG] Dynamically added transition from wildcard105 to wildcard32
[DEBUG] Dynamically added transition from wildcard105 to wildcard31
[DEBUG] Dynamically added transition from wildcard105 to wildcard30
[DEBUG] Dynamically added transition from wildcard105 to wildcard29
[DEBUG] Dynamically added transition from wildcard105 to wildcard28
[DEBUG] Dynamically added transition from wildcard105 to wildcard49
[DEBUG] Dynamically added transition from wildcard105 to wildcard48
[DEBUG] Dynamically added transition from wildcard105 to wildcard47
[DEBUG] Dynamically added transition from wildcard105 to wildcard46
[DEBUG] Dynamically added transition from wildcard105 to wildcard45
[DEBUG] Dynamically added transition from wildcard105 to wildcard44
[DEBUG] Dynamically added transition from wildcard105 to wildcard43
[DEBUG] Dynamically added transition from wildcard105 to wildcard42
[DEBUG] Dynamically added transition from wildcard105 to wildcard41
[DEBUG] Dynamically added transition from wildcard105 to wildcard40
[DEBUG] Dynamically added transition from wildcard105 to wildcard39
[DEBUG] Dynamically added transition from wildcard105 to wildcard59
[DEBUG] Dynamically added transition from wildcard105 to wildcard58
[DEBUG] Dynamically added transition from wildcard105 to middle
[DEBUG] Dynamically added transition from wildcard105 to wildcard57
[DEBUG] Dynamically added transition from wildcard105 to wildcard56
[DEBUG] Dynamically added transition from wildcard105 to wildcard55
[DEBUG] Dynamically added transition from wildcard105 to wildcard54
[DEBUG] Dynamically added transition from wildcard105 to wildcard53
[DEBUG] Dynamically added transition from wildcard105 to wildcard52
[DEBUG] Dynamically added transition from wildcard105 to wildcard51
[DEBUG] Dynamically added transition from wildcard105 to wildcard50
[DEBUG] Dynamically added transition from wildcard105 to wildcard69
[DEBUG] Dynamically added transition from wildcard105 to wildcard68
[DEBUG] Dynamically added transition from wildcard105 to wildcard67
[DEBUG] Dynamically added transition from wildcard105 to wildcard66
[DEBUG] Dynamically added transition from wildcard105 to wildcard65
[DEBUG] Dynamically added transition from wildcard105 to wildcard64
[DEBUG] Dynamically added transition from wildcard105 to wildcard63
[DEBUG] Dynamically added transition from wildcard105 to wildcard62
[DEBUG] Dynamically added transition from wildcard105 to wildcard61
[DEBUG] Dynamically added transition from wildcard105 to wildcard60
[DEBUG] Dynamically added transition from wildcard105 to wildcard100
[DEBUG] Dynamically added transition from wildcard105 to wildcard105
[DEBUG] Dynamically added transition from wildcard105 to wildcard103
[DEBUG] Dynamically added transition from wildcard105 to wildcard104
[DEBUG] Dynamically added transition from wildcard105 to wildcard101
[DEBUG] Dynamically added transition from wildcard105 to wildcard102
[DEBUG] Dynamically added transition from wildcard105 to wildcard79
[DEBUG] Dynamically added transition from wildcard105 to wildcard78
[DEBUG] Dynamically added transition from wildcard105 to wildcard77
[DEBUG] Dynamically added transition from wildcard105 to wildcard76
[DEBUG] Dynamically added transition from wildcard105 to wildcard75
[DEBUG] Dynamically added transition from wildcard105 to wildcard74
[DEBUG] Dynamically added transition from wildcard105 to wildcard73
[DEBUG] Dynamically added transition from wildcard105 to wildcard72
[DEBUG] Dynamically added transition from wildcard105 to wildcard71
[DEBUG] Dynamically added transition from wildcard105 to wildcard70
[DEBUG] Dynamically added transition from wildcard105 to .*
[DEBUG] Dynamically added transition from wildcard105 to wildcard89
[DEBUG] Dynamically added transition from wildcard105 to wildcard88
[DEBUG] Dynamically added transition from wildcard105 to wildcard87
[DEBUG] Dynamically added transition from wildcard105 to wildcard86
[DEBUG] Dynamically added transition from wildcard105 to INITIAL
[DEBUG] Dynamically added transition from wildcard105 to wildcard85
[DEBUG] Dynamically added transition from wildcard105 to wildcard84
[DEBUG] Dynamically added transition from wildcard105 to wildcard83
[DEBUG] Dynamically added transition from wildcard105 to wildcard82
[DEBUG] Dynamically added transition from wildcard105 to wildcard81
[DEBUG] Dynamically added transition from wildcard105 to wildcard80
[DEBUG] Dynamically added transition from wildcard105 to end
[DEBUG] Dynamically added transition from wildcard105 to wildcard16
[DEBUG] Dynamically added transition from wildcard105 to wildcard15
[DEBUG] Dynamically added transition from wildcard105 to wildcard14
[DEBUG] Dynamically added transition from wildcard105 to wildcard13
[DEBUG] Dynamically added transition from wildcard105 to wildcard12
[DEBUG] Dynamically added transition from wildcard105 to wildcard11
[DEBUG] Dynamically added transition from wildcard105 to wildcard99
[DEBUG] Dynamically added transition from wildcard105 to wildcard10
[DEBUG] Dynamically added transition from wildcard105 to wildcard98
[DEBUG] Dynamically added transition from wildcard105 to wildcard97
[DEBUG] Dynamically added transition from wildcard105 to start
[DEBUG] Dynamically added transition from wildcard105 to wildcard96
[DEBUG] Dynamically added transition from wildcard105 to wildcard95
[DEBUG] Dynamically added transition from wildcard105 to wildcard94
[DEBUG] Dynamically added transition from wildcard105 to wildcard93
[DEBUG] Dynamically added transition from wildcard105 to wildcard92
[DEBUG] Dynamically added transition from wildcard105 to wildcard91
[DEBUG] Dynamically added transition from wildcard105 to wildcard90
[INFO] Wildcard transition valid to state: wildcard105
[INFO] Wildcard transition detected from wildcard105 to wildcard106
[DEBUG] Created intermediate state for wildcard transition: wildcard106
[DEBUG] Dynamically added transition from wildcard105 to wildcard106
[DEBUG] Dynamically added transition from wildcard27 to wildcard106
[DEBUG] Dynamically added transition from wildcard26 to wildcard106
[DEBUG] Dynamically added transition from wildcard25 to wildcard106
[DEBUG] Dynamically added transition from wildcard24 to wildcard106
[DEBUG] Dynamically added transition from wildcard23 to wildcard106
[DEBUG] Dynamically added transition from wildcard22 to wildcard106
[DEBUG] Dynamically added transition from wildcard1 to wildcard106
[DEBUG] Dynamically added transition from wildcard21 to wildcard106
[DEBUG] Dynamically added transition from wildcard0 to wildcard106
[DEBUG] Dynamically added transition from wildcard20 to wildcard106
[DEBUG] Dynamically added transition from wildcard3 to wildcard106
[DEBUG] Dynamically added transition from wildcard2 to wildcard106
[DEBUG] Dynamically added transition from wildcard5 to wildcard106
[DEBUG] Dynamically added transition from wildcard4 to wildcard106
[DEBUG] Dynamically added transition from wildcard7 to wildcard106
[DEBUG] Dynamically added transition from wildcard6 to wildcard106
[DEBUG] Dynamically added transition from wildcard9 to wildcard106
[DEBUG] Dynamically added transition from wildcard8 to wildcard106
[DEBUG] Dynamically added transition from wildcard19 to wildcard106
[DEBUG] Dynamically added transition from wildcard18 to wildcard106
[DEBUG] Dynamically added transition from wildcard17 to wildcard106
[DEBUG] Dynamically added transition from wildcard38 to wildcard106
[DEBUG] Dynamically added transition from wildcard37 to wildcard106
[DEBUG] Dynamically added transition from wildcard36 to wildcard106
[DEBUG] Dynamically added transition from wildcard35 to wildcard106
[DEBUG] Dynamically added transition from wildcard34 to wildcard106
[DEBUG] Dynamically added transition from wildcard33 to wildcard106
[DEBUG] Dynamically added transition from wildcard32 to wildcard106
[DEBUG] Dynamically added transition from wildcard31 to wildcard106
[DEBUG] Dynamically added transition from wildcard30 to wildcard106
[DEBUG] Dynamically added transition from wildcard29 to wildcard106
[DEBUG] Dynamically added transition from wildcard28 to wildcard106
[DEBUG] Dynamically added transition from wildcard49 to wildcard106
[DEBUG] Dynamically added transition from wildcard48 to wildcard106
[DEBUG] Dynamically added transition from wildcard47 to wildcard106
[DEBUG] Dynamically added transition from wildcard46 to wildcard106
[DEBUG] Dynamically added transition from wildcard45 to wildcard106
[DEBUG] Dynamically added transition from wildcard44 to wildcard106
[DEBUG] Dynamically added transition from wildcard43 to wildcard106
[DEBUG] Dynamically added transition from wildcard42 to wildcard106
[DEBUG] Dynamically added transition from wildcard41 to wildcard106
[DEBUG] Dynamically added transition from wildcard40 to wildcard106
[DEBUG] Dynamically added transition from wildcard39 to wildcard106
[DEBUG] Dynamically added transition from wildcard59 to wildcard106
[DEBUG] Dynamically added transition from wildcard58 to wildcard106
[DEBUG] Dynamically added transition from middle to wildcard106
[DEBUG] Dynamically added transition from wildcard57 to wildcard106
[DEBUG] Dynamically added transition from wildcard56 to wildcard106
[DEBUG] Dynamically added transition from wildcard55 to wildcard106
[DEBUG] Dynamically added transition from wildcard54 to wildcard106
[DEBUG] Dynamically added transition from wildcard53 to wildcard106
[DEBUG] Dynamically added transition from wildcard52 to wildcard106
[DEBUG] Dynamically added transition from wildcard51 to wildcard106
[DEBUG] Dynamically added transition from wildcard50 to wildcard106
[DEBUG] Dynamically added transition from wildcard69 to wildcard106
[DEBUG] Dynamically added transition from wildcard68 to wildcard106
[DEBUG] Dynamically added transition from wildcard67 to wildcard106
[DEBUG] Dynamically added transition from wildcard66 to wildcard106
[DEBUG] Dynamically added transition from wildcard65 to wildcard106
[DEBUG] Dynamically added transition from wildcard64 to wildcard106
[DEBUG] Dynamically added transition from wildcard63 to wildcard106
[DEBUG] Dynamically added transition from wildcard62 to wildcard106
[DEBUG] Dynamically added transition from wildcard61 to wildcard106
[DEBUG] Dynamically added transition from wildcard60 to wildcard106
[DEBUG] Dynamically added transition from wildcard100 to wildcard106
[DEBUG] Dynamically added transition from wildcard103 to wildcard106
[DEBUG] Dynamically added transition from wildcard104 to wildcard106
[DEBUG] Dynamically added transition from wildcard101 to wildcard106
[DEBUG] Dynamically added transition from wildcard102 to wildcard106
[DEBUG] Dynamically added transition from wildcard79 to wildcard106
[DEBUG] Dynamically added transition from wildcard78 to wildcard106
[DEBUG] Dynamically added transition from wildcard77 to wildcard106
[DEBUG] Dynamically added transition from wildcard76 to wildcard106
[DEBUG] Dynamically added transition from wildcard75 to wildcard106
[DEBUG] Dynamically added transition from wildcard74 to wildcard106
[DEBUG] Dynamically added transition from wildcard73 to wildcard106
[DEBUG] Dynamically added transition from wildcard72 to wildcard106
[DEBUG] Dynamically added transition from wildcard71 to wildcard106
[DEBUG] Dynamically added transition from wildcard70 to wildcard106
[DEBUG] Dynamically added transition from wildcard89 to wildcard106
[DEBUG] Dynamically added transition from wildcard88 to wildcard106
[DEBUG] Dynamically added transition from wildcard87 to wildcard106
[DEBUG] Dynamically added transition from wildcard86 to wildcard106
[DEBUG] Dynamically added transition from wildcard85 to wildcard106
[DEBUG] Dynamically added transition from wildcard84 to wildcard106
[DEBUG] Dynamically added transition from wildcard83 to wildcard106
[DEBUG] Dynamically added transition from wildcard82 to wildcard106
[DEBUG] Dynamically added transition from wildcard81 to wildcard106
[DEBUG] Dynamically added transition from wildcard80 to wildcard106
[DEBUG] Dynamically added transition from wildcard16 to wildcard106
[DEBUG] Dynamically added transition from wildcard15 to wildcard106
[DEBUG] Dynamically added transition from wildcard14 to wildcard106
[DEBUG] Dynamically added transition from wildcard13 to wildcard106
[DEBUG] Dynamically added transition from wildcard12 to wildcard106
[DEBUG] Dynamically added transition from wildcard11 to wildcard106
[DEBUG] Dynamically added transition from wildcard99 to wildcard106
[DEBUG] Dynamically added transition from wildcard10 to wildcard106
[DEBUG] Dynamically added transition from wildcard98 to wildcard106
[DEBUG] Dynamically added transition from wildcard97 to wildcard106
[DEBUG] Dynamically added transition from start to wildcard106
[DEBUG] Dynamically added transition from wildcard96 to wildcard106
[DEBUG] Dynamically added transition from wildcard95 to wildcard106
[DEBUG] Dynamically added transition from wildcard94 to wildcard106
[DEBUG] Dynamically added transition from wildcard93 to wildcard106
[DEBUG] Dynamically added transition from wildcard92 to wildcard106
[DEBUG] Dynamically added transition from wildcard91 to wildcard106
[DEBUG] Dynamically added transition from wildcard90 to wildcard106
[DEBUG] Dynamically added transition from wildcard106 to wildcard27
[DEBUG] Dynamically added transition from wildcard106 to wildcard26
[DEBUG] Dynamically added transition from wildcard106 to wildcard25
[DEBUG] Dynamically added transition from wildcard106 to wildcard24
[DEBUG] Dynamically added transition from wildcard106 to wildcard23
[DEBUG] Dynamically added transition from wildcard106 to wildcard22
[DEBUG] Dynamically added transition from wildcard106 to wildcard1
[DEBUG] Dynamically added transition from wildcard106 to wildcard21
[DEBUG] Dynamically added transition from wildcard106 to wildcard0
[DEBUG] Dynamically added transition from wildcard106 to wildcard20
[DEBUG] Dynamically added transition from wildcard106 to wildcard3
[DEBUG] Dynamically added transition from wildcard106 to wildcard2
[DEBUG] Dynamically added transition from wildcard106 to wildcard5
[DEBUG] Dynamically added transition from wildcard106 to wildcard4
[DEBUG] Dynamically added transition from wildcard106 to wildcard7
[DEBUG] Dynamically added transition from wildcard106 to wildcard6
[DEBUG] Dynamically added transition from wildcard106 to wildcard9
[DEBUG] Dynamically added transition from wildcard106 to wildcard8
[DEBUG] Dynamically added transition from wildcard106 to wildcard19
[DEBUG] Dynamically added transition from wildcard106 to wildcard18
[DEBUG] Dynamically added transition from wildcard106 to wildcard17
[DEBUG] Dynamically added transition from wildcard106 to wildcard38
[DEBUG] Dynamically added transition from wildcard106 to wildcard37
[DEBUG] Dynamically added transition from wildcard106 to wildcard36
[DEBUG] Dynamically added transition from wildcard106 to wildcard35
[DEBUG] Dynamically added transition from wildcard106 to wildcard34
[DEBUG] Dynamically added transition from wildcard106 to wildcard33
[DEBUG] Dynamically added transition from wildcard106 to wildcard32
[DEBUG] Dynamically added transition from wildcard106 to wildcard31
[DEBUG] Dynamically added transition from wildcard106 to wildcard30
[DEBUG] Dynamically added transition from wildcard106 to wildcard29
[DEBUG] Dynamically added transition from wildcard106 to wildcard28
[DEBUG] Dynamically added transition from wildcard106 to wildcard49
[DEBUG] Dynamically added transition from wildcard106 to wildcard48
[DEBUG] Dynamically added transition from wildcard106 to wildcard47
[DEBUG] Dynamically added transition from wildcard106 to wildcard46
[DEBUG] Dynamically added transition from wildcard106 to wildcard45
[DEBUG] Dynamically added transition from wildcard106 to wildcard44
[DEBUG] Dynamically added transition from wildcard106 to wildcard43
[DEBUG] Dynamically added transition from wildcard106 to wildcard42
[DEBUG] Dynamically added transition from wildcard106 to wildcard41
[DEBUG] Dynamically added transition from wildcard106 to wildcard40
[DEBUG] Dynamically added transition from wildcard106 to wildcard39
[DEBUG] Dynamically added transition from wildcard106 to wildcard59
[DEBUG] Dynamically added transition from wildcard106 to wildcard58
[DEBUG] Dynamically added transition from wildcard106 to middle
[DEBUG] Dynamically added transition from wildcard106 to wildcard57
[DEBUG] Dynamically added transition from wildcard106 to wildcard56
[DEBUG] Dynamically added transition from wildcard106 to wildcard55
[DEBUG] Dynamically added transition from wildcard106 to wildcard54
[DEBUG] Dynamically added transition from wildcard106 to wildcard53
[DEBUG] Dynamically added transition from wildcard106 to wildcard52
[DEBUG] Dynamically added transition from wildcard106 to wildcard51
[DEBUG] Dynamically added transition from wildcard106 to wildcard50
[DEBUG] Dynamically added transition from wildcard106 to wildcard69
[DEBUG] Dynamically added transition from wildcard106 to wildcard68
[DEBUG] Dynamically added transition from wildcard106 to wildcard67
[DEBUG] Dynamically added transition from wildcard106 to wildcard66
[DEBUG] Dynamically added transition from wildcard106 to wildcard65
[DEBUG] Dynamically added transition from wildcard106 to wildcard64
[DEBUG] Dynamically added transition from wildcard106 to wildcard63
[DEBUG] Dynamically added transition from wildcard106 to wildcard62
[DEBUG] Dynamically added transition from wildcard106 to wildcard61
[DEBUG] Dynamically added transition from wildcard106 to wildcard60
[DEBUG] Dynamically added transition from wildcard106 to wildcard100
[DEBUG] Dynamically added transition from wildcard106 to wildcard105
[DEBUG] Dynamically added transition from wildcard106 to wildcard106
[DEBUG] Dynamically added transition from wildcard106 to wildcard103
[DEBUG] Dynamically added transition from wildcard106 to wildcard104
[DEBUG] Dynamically added transition from wildcard106 to wildcard101
[DEBUG] Dynamically added transition from wildcard106 to wildcard102
[DEBUG] Dynamically added transition from wildcard106 to wildcard79
[DEBUG] Dynamically added transition from wildcard106 to wildcard78
[DEBUG] Dynamically added transition from wildcard106 to wildcard77
[DEBUG] Dynamically added transition from wildcard106 to wildcard76
[DEBUG] Dynamically added transition from wildcard106 to wildcard75
[DEBUG] Dynamically added transition from wildcard106 to wildcard74
[DEBUG] Dynamically added transition from wildcard106 to wildcard73
[DEBUG] Dynamically added transition from wildcard106 to wildcard72
[DEBUG] Dynamically added transition from wildcard106 to wildcard71
[DEBUG] Dynamically added transition from wildcard106 to wildcard70
[DEBUG] Dynamically added transition from wildcard106 to .*
[DEBUG] Dynamically added transition from wildcard106 to wildcard89
[DEBUG] Dynamically added transition from wildcard106 to wildcard88
[DEBUG] Dynamically added transition from wildcard106 to wildcard87
[DEBUG] Dynamically added transition from wildcard106 to wildcard86
[DEBUG] Dynamically added transition from wildcard106 to INITIAL
[DEBUG] Dynamically added transition from wildcard106 to wildcard85
[DEBUG] Dynamically added transition from wildcard106 to wildcard84
[DEBUG] Dynamically added transition from wildcard106 to wildcard83
[DEBUG] Dynamically added transition from wildcard106 to wildcard82
[DEBUG] Dynamically added transition from wildcard106 to wildcard81
[DEBUG] Dynamically added transition from wildcard106 to wildcard80
[DEBUG] Dynamically added transition from wildcard106 to end
[DEBUG] Dynamically added transition from wildcard106 to wildcard16
[DEBUG] Dynamically added transition from wildcard106 to wildcard15
[DEBUG] Dynamically added transition from wildcard106 to wildcard14
[DEBUG] Dynamically added transition from wildcard106 to wildcard13
[DEBUG] Dynamically added transition from wildcard106 to wildcard12
[DEBUG] Dynamically added transition from wildcard106 to wildcard11
[DEBUG] Dynamically added transition from wildcard106 to wildcard99
[DEBUG] Dynamically added transition from wildcard106 to wildcard10
[DEBUG] Dynamically added transition from wildcard106 to wildcard98
[DEBUG] Dynamically added transition from wildcard106 to wildcard97
[DEBUG] Dynamically added transition from wildcard106 to start
[DEBUG] Dynamically added transition from wildcard106 to wildcard96
[DEBUG] Dynamically added transition from wildcard106 to wildcard95
[DEBUG] Dynamically added transition from wildcard106 to wildcard94
[DEBUG] Dynamically added transition from wildcard106 to wildcard93
[DEBUG] Dynamically added transition from wildcard106 to wildcard92
[DEBUG] Dynamically added transition from wildcard106 to wildcard91
[DEBUG] Dynamically added transition from wildcard106 to wildcard90
[INFO] Wildcard transition valid to state: wildcard106
[INFO] Wildcard transition detected from wildcard106 to wildcard107
[DEBUG] Created intermediate state for wildcard transition: wildcard107
[DEBUG] Dynamically added transition from wildcard106 to wildcard107
[DEBUG] Dynamically added transition from wildcard27 to wildcard107
[DEBUG] Dynamically added transition from wildcard26 to wildcard107
[DEBUG] Dynamically added transition from wildcard25 to wildcard107
[DEBUG] Dynamically added transition from wildcard24 to wildcard107
[DEBUG] Dynamically added transition from wildcard23 to wildcard107
[DEBUG] Dynamically added transition from wildcard22 to wildcard107
[DEBUG] Dynamically added transition from wildcard1 to wildcard107
[DEBUG] Dynamically added transition from wildcard21 to wildcard107
[DEBUG] Dynamically added transition from wildcard0 to wildcard107
[DEBUG] Dynamically added transition from wildcard20 to wildcard107
[DEBUG] Dynamically added transition from wildcard3 to wildcard107
[DEBUG] Dynamically added transition from wildcard2 to wildcard107
[DEBUG] Dynamically added transition from wildcard5 to wildcard107
[DEBUG] Dynamically added transition from wildcard4 to wildcard107
[DEBUG] Dynamically added transition from wildcard7 to wildcard107
[DEBUG] Dynamically added transition from wildcard6 to wildcard107
[DEBUG] Dynamically added transition from wildcard9 to wildcard107
[DEBUG] Dynamically added transition from wildcard8 to wildcard107
[DEBUG] Dynamically added transition from wildcard19 to wildcard107
[DEBUG] Dynamically added transition from wildcard18 to wildcard107
[DEBUG] Dynamically added transition from wildcard17 to wildcard107
[DEBUG] Dynamically added transition from wildcard38 to wildcard107
[DEBUG] Dynamically added transition from wildcard37 to wildcard107
[DEBUG] Dynamically added transition from wildcard36 to wildcard107
[DEBUG] Dynamically added transition from wildcard35 to wildcard107
[DEBUG] Dynamically added transition from wildcard34 to wildcard107
[DEBUG] Dynamically added transition from wildcard33 to wildcard107
[DEBUG] Dynamically added transition from wildcard32 to wildcard107
[DEBUG] Dynamically added transition from wildcard31 to wildcard107
[DEBUG] Dynamically added transition from wildcard30 to wildcard107
[DEBUG] Dynamically added transition from wildcard29 to wildcard107
[DEBUG] Dynamically added transition from wildcard28 to wildcard107
[DEBUG] Dynamically added transition from wildcard49 to wildcard107
[DEBUG] Dynamically added transition from wildcard48 to wildcard107
[DEBUG] Dynamically added transition from wildcard47 to wildcard107
[DEBUG] Dynamically added transition from wildcard46 to wildcard107
[DEBUG] Dynamically added transition from wildcard45 to wildcard107
[DEBUG] Dynamically added transition from wildcard44 to wildcard107
[DEBUG] Dynamically added transition from wildcard43 to wildcard107
[DEBUG] Dynamically added transition from wildcard42 to wildcard107
[DEBUG] Dynamically added transition from wildcard41 to wildcard107
[DEBUG] Dynamically added transition from wildcard40 to wildcard107
[DEBUG] Dynamically added transition from wildcard39 to wildcard107
[DEBUG] Dynamically added transition from wildcard59 to wildcard107
[DEBUG] Dynamically added transition from wildcard58 to wildcard107
[DEBUG] Dynamically added transition from middle to wildcard107
[DEBUG] Dynamically added transition from wildcard57 to wildcard107
[DEBUG] Dynamically added transition from wildcard56 to wildcard107
[DEBUG] Dynamically added transition from wildcard55 to wildcard107
[DEBUG] Dynamically added transition from wildcard54 to wildcard107
[DEBUG] Dynamically added transition from wildcard53 to wildcard107
[DEBUG] Dynamically added transition from wildcard52 to wildcard107
[DEBUG] Dynamically added transition from wildcard51 to wildcard107
[DEBUG] Dynamically added transition from wildcard50 to wildcard107
[DEBUG] Dynamically added transition from wildcard69 to wildcard107
[DEBUG] Dynamically added transition from wildcard68 to wildcard107
[DEBUG] Dynamically added transition from wildcard67 to wildcard107
[DEBUG] Dynamically added transition from wildcard66 to wildcard107
[DEBUG] Dynamically added transition from wildcard65 to wildcard107
[DEBUG] Dynamically added transition from wildcard64 to wildcard107
[DEBUG] Dynamically added transition from wildcard63 to wildcard107
[DEBUG] Dynamically added transition from wildcard62 to wildcard107
[DEBUG] Dynamically added transition from wildcard61 to wildcard107
[DEBUG] Dynamically added transition from wildcard60 to wildcard107
[DEBUG] Dynamically added transition from wildcard100 to wildcard107
[DEBUG] Dynamically added transition from wildcard105 to wildcard107
[DEBUG] Dynamically added transition from wildcard103 to wildcard107
[DEBUG] Dynamically added transition from wildcard104 to wildcard107
[DEBUG] Dynamically added transition from wildcard101 to wildcard107
[DEBUG] Dynamically added transition from wildcard102 to wildcard107
[DEBUG] Dynamically added transition from wildcard79 to wildcard107
[DEBUG] Dynamically added transition from wildcard78 to wildcard107
[DEBUG] Dynamically added transition from wildcard77 to wildcard107
[DEBUG] Dynamically added transition from wildcard76 to wildcard107
[DEBUG] Dynamically added transition from wildcard75 to wildcard107
[DEBUG] Dynamically added transition from wildcard74 to wildcard107
[DEBUG] Dynamically added transition from wildcard73 to wildcard107
[DEBUG] Dynamically added transition from wildcard72 to wildcard107
[DEBUG] Dynamically added transition from wildcard71 to wildcard107
[DEBUG] Dynamically added transition from wildcard70 to wildcard107
[DEBUG] Dynamically added transition from wildcard89 to wildcard107
[DEBUG] Dynamically added transition from wildcard88 to wildcard107
[DEBUG] Dynamically added transition from wildcard87 to wildcard107
[DEBUG] Dynamically added transition from wildcard86 to wildcard107
[DEBUG] Dynamically added transition from wildcard85 to wildcard107
[DEBUG] Dynamically added transition from wildcard84 to wildcard107
[DEBUG] Dynamically added transition from wildcard83 to wildcard107
[DEBUG] Dynamically added transition from wildcard82 to wildcard107
[DEBUG] Dynamically added transition from wildcard81 to wildcard107
[DEBUG] Dynamically added transition from wildcard80 to wildcard107
[DEBUG] Dynamically added transition from wildcard16 to wildcard107
[DEBUG] Dynamically added transition from wildcard15 to wildcard107
[DEBUG] Dynamically added transition from wildcard14 to wildcard107
[DEBUG] Dynamically added transition from wildcard13 to wildcard107
[DEBUG] Dynamically added transition from wildcard12 to wildcard107
[DEBUG] Dynamically added transition from wildcard11 to wildcard107
[DEBUG] Dynamically added transition from wildcard99 to wildcard107
[DEBUG] Dynamically added transition from wildcard10 to wildcard107
[DEBUG] Dynamically added transition from wildcard98 to wildcard107
[DEBUG] Dynamically added transition from wildcard97 to wildcard107
[DEBUG] Dynamically added transition from start to wildcard107
[DEBUG] Dynamically added transition from wildcard96 to wildcard107
[DEBUG] Dynamically added transition from wildcard95 to wildcard107
[DEBUG] Dynamically added transition from wildcard94 to wildcard107
[DEBUG] Dynamically added transition from wildcard93 to wildcard107
[DEBUG] Dynamically added transition from wildcard92 to wildcard107
[DEBUG] Dynamically added transition from wildcard91 to wildcard107
[DEBUG] Dynamically added transition from wildcard90 to wildcard107
[DEBUG] Dynamically added transition from wildcard107 to wildcard27
[DEBUG] Dynamically added transition from wildcard107 to wildcard26
[DEBUG] Dynamically added transition from wildcard107 to wildcard25
[DEBUG] Dynamically added transition from wildcard107 to wildcard24
[DEBUG] Dynamically added transition from wildcard107 to wildcard23
[DEBUG] Dynamically added transition from wildcard107 to wildcard22
[DEBUG] Dynamically added transition from wildcard107 to wildcard1
[DEBUG] Dynamically added transition from wildcard107 to wildcard21
[DEBUG] Dynamically added transition from wildcard107 to wildcard0
[DEBUG] Dynamically added transition from wildcard107 to wildcard20
[DEBUG] Dynamically added transition from wildcard107 to wildcard3
[DEBUG] Dynamically added transition from wildcard107 to wildcard2
[DEBUG] Dynamically added transition from wildcard107 to wildcard5
[DEBUG] Dynamically added transition from wildcard107 to wildcard4
[DEBUG] Dynamically added transition from wildcard107 to wildcard7
[DEBUG] Dynamically added transition from wildcard107 to wildcard6
[DEBUG] Dynamically added transition from wildcard107 to wildcard9
[DEBUG] Dynamically added transition from wildcard107 to wildcard8
[DEBUG] Dynamically added transition from wildcard107 to wildcard19
[DEBUG] Dynamically added transition from wildcard107 to wildcard18
[DEBUG] Dynamically added transition from wildcard107 to wildcard17
[DEBUG] Dynamically added transition from wildcard107 to wildcard38
[DEBUG] Dynamically added transition from wildcard107 to wildcard37
[DEBUG] Dynamically added transition from wildcard107 to wildcard36
[DEBUG] Dynamically added transition from wildcard107 to wildcard35
[DEBUG] Dynamically added transition from wildcard107 to wildcard34
[DEBUG] Dynamically added transition from wildcard107 to wildcard33
[DEBUG] Dynamically added transition from wildcard107 to wildcard32
[DEBUG] Dynamically added transition from wildcard107 to wildcard31
[DEBUG] Dynamically added transition from wildcard107 to wildcard30
[DEBUG] Dynamically added transition from wildcard107 to wildcard29
[DEBUG] Dynamically added transition from wildcard107 to wildcard28
[DEBUG] Dynamically added transition from wildcard107 to wildcard49
[DEBUG] Dynamically added transition from wildcard107 to wildcard48
[DEBUG] Dynamically added transition from wildcard107 to wildcard47
[DEBUG] Dynamically added transition from wildcard107 to wildcard46
[DEBUG] Dynamically added transition from wildcard107 to wildcard45
[DEBUG] Dynamically added transition from wildcard107 to wildcard44
[DEBUG] Dynamically added transition from wildcard107 to wildcard43
[DEBUG] Dynamically added transition from wildcard107 to wildcard42
[DEBUG] Dynamically added transition from wildcard107 to wildcard41
[DEBUG] Dynamically added transition from wildcard107 to wildcard40
[DEBUG] Dynamically added transition from wildcard107 to wildcard39
[DEBUG] Dynamically added transition from wildcard107 to wildcard59
[DEBUG] Dynamically added transition from wildcard107 to wildcard58
[DEBUG] Dynamically added transition from wildcard107 to middle
[DEBUG] Dynamically added transition from wildcard107 to wildcard57
[DEBUG] Dynamically added transition from wildcard107 to wildcard56
[DEBUG] Dynamically added transition from wildcard107 to wildcard55
[DEBUG] Dynamically added transition from wildcard107 to wildcard54
[DEBUG] Dynamically added transition from wildcard107 to wildcard53
[DEBUG] Dynamically added transition from wildcard107 to wildcard52
[DEBUG] Dynamically added transition from wildcard107 to wildcard51
[DEBUG] Dynamically added transition from wildcard107 to wildcard50
[DEBUG] Dynamically added transition from wildcard107 to wildcard69
[DEBUG] Dynamically added transition from wildcard107 to wildcard68
[DEBUG] Dynamically added transition from wildcard107 to wildcard67
[DEBUG] Dynamically added transition from wildcard107 to wildcard66
[DEBUG] Dynamically added transition from wildcard107 to wildcard65
[DEBUG] Dynamically added transition from wildcard107 to wildcard64
[DEBUG] Dynamically added transition from wildcard107 to wildcard63
[DEBUG] Dynamically added transition from wildcard107 to wildcard62
[DEBUG] Dynamically added transition from wildcard107 to wildcard61
[DEBUG] Dynamically added transition from wildcard107 to wildcard60
[DEBUG] Dynamically added transition from wildcard107 to wildcard100
[DEBUG] Dynamically added transition from wildcard107 to wildcard107
[DEBUG] Dynamically added transition from wildcard107 to wildcard105
[DEBUG] Dynamically added transition from wildcard107 to wildcard106
[DEBUG] Dynamically added transition from wildcard107 to wildcard103
[DEBUG] Dynamically added transition from wildcard107 to wildcard104
[DEBUG] Dynamically added transition from wildcard107 to wildcard101
[DEBUG] Dynamically added transition from wildcard107 to wildcard102
[DEBUG] Dynamically added transition from wildcard107 to wildcard79
[DEBUG] Dynamically added transition from wildcard107 to wildcard78
[DEBUG] Dynamically added transition from wildcard107 to wildcard77
[DEBUG] Dynamically added transition from wildcard107 to wildcard76
[DEBUG] Dynamically added transition from wildcard107 to wildcard75
[DEBUG] Dynamically added transition from wildcard107 to wildcard74
[DEBUG] Dynamically added transition from wildcard107 to wildcard73
[DEBUG] Dynamically added transition from wildcard107 to wildcard72
[DEBUG] Dynamically added transition from wildcard107 to wildcard71
[DEBUG] Dynamically added transition from wildcard107 to wildcard70
[DEBUG] Dynamically added transition from wildcard107 to .*
[DEBUG] Dynamically added transition from wildcard107 to wildcard89
[DEBUG] Dynamically added transition from wildcard107 to wildcard88
[DEBUG] Dynamically added transition from wildcard107 to wildcard87
[DEBUG] Dynamically added transition from wildcard107 to wildcard86
[DEBUG] Dynamically added transition from wildcard107 to INITIAL
[DEBUG] Dynamically added transition from wildcard107 to wildcard85
[DEBUG] Dynamically added transition from wildcard107 to wildcard84
[DEBUG] Dynamically added transition from wildcard107 to wildcard83
[DEBUG] Dynamically added transition from wildcard107 to wildcard82
[DEBUG] Dynamically added transition from wildcard107 to wildcard81
[DEBUG] Dynamically added transition from wildcard107 to wildcard80
[DEBUG] Dynamically added transition from wildcard107 to end
[DEBUG] Dynamically added transition from wildcard107 to wildcard16
[DEBUG] Dynamically added transition from wildcard107 to wildcard15
[DEBUG] Dynamically added transition from wildcard107 to wildcard14
[DEBUG] Dynamically added transition from wildcard107 to wildcard13
[DEBUG] Dynamically added transition from wildcard107 to wildcard12
[DEBUG] Dynamically added transition from wildcard107 to wildcard11
[DEBUG] Dynamically added transition from wildcard107 to wildcard99
[DEBUG] Dynamically added transition from wildcard107 to wildcard10
[DEBUG] Dynamically added transition from wildcard107 to wildcard98
[DEBUG] Dynamically added transition from wildcard107 to wildcard97
[DEBUG] Dynamically added transition from wildcard107 to start
[DEBUG] Dynamically added transition from wildcard107 to wildcard96
[DEBUG] Dynamically added transition from wildcard107 to wildcard95
[DEBUG] Dynamically added transition from wildcard107 to wildcard94
[DEBUG] Dynamically added transition from wildcard107 to wildcard93
[DEBUG] Dynamically added transition from wildcard107 to wildcard92
[DEBUG] Dynamically added transition from wildcard107 to wildcard91
[DEBUG] Dynamically added transition from wildcard107 to wildcard90
[INFO] Wildcard transition valid to state: wildcard107
[INFO] Wildcard transition detected from wildcard107 to wildcard108
[DEBUG] Created intermediate state for wildcard transition: wildcard108
[DEBUG] Dynamically added transition from wildcard107 to wildcard108
[DEBUG] Dynamically added transition from wildcard27 to wildcard108
[DEBUG] Dynamically added transition from wildcard26 to wildcard108
[DEBUG] Dynamically added transition from wildcard25 to wildcard108
[DEBUG] Dynamically added transition from wildcard24 to wildcard108
[DEBUG] Dynamically added transition from wildcard23 to wildcard108
[DEBUG] Dynamically added transition from wildcard22 to wildcard108
[DEBUG] Dynamically added transition from wildcard1 to wildcard108
[DEBUG] Dynamically added transition from wildcard21 to wildcard108
[DEBUG] Dynamically added transition from wildcard0 to wildcard108
[DEBUG] Dynamically added transition from wildcard20 to wildcard108
[DEBUG] Dynamically added transition from wildcard3 to wildcard108
[DEBUG] Dynamically added transition from wildcard2 to wildcard108
[DEBUG] Dynamically added transition from wildcard5 to wildcard108
[DEBUG] Dynamically added transition from wildcard4 to wildcard108
[DEBUG] Dynamically added transition from wildcard7 to wildcard108
[DEBUG] Dynamically added transition from wildcard6 to wildcard108
[DEBUG] Dynamically added transition from wildcard9 to wildcard108
[DEBUG] Dynamically added transition from wildcard8 to wildcard108
[DEBUG] Dynamically added transition from wildcard19 to wildcard108
[DEBUG] Dynamically added transition from wildcard18 to wildcard108
[DEBUG] Dynamically added transition from wildcard17 to wildcard108
[DEBUG] Dynamically added transition from wildcard38 to wildcard108
[DEBUG] Dynamically added transition from wildcard37 to wildcard108
[DEBUG] Dynamically added transition from wildcard36 to wildcard108
[DEBUG] Dynamically added transition from wildcard35 to wildcard108
[DEBUG] Dynamically added transition from wildcard34 to wildcard108
[DEBUG] Dynamically added transition from wildcard33 to wildcard108
[DEBUG] Dynamically added transition from wildcard32 to wildcard108
[DEBUG] Dynamically added transition from wildcard31 to wildcard108
[DEBUG] Dynamically added transition from wildcard30 to wildcard108
[DEBUG] Dynamically added transition from wildcard29 to wildcard108
[DEBUG] Dynamically added transition from wildcard28 to wildcard108
[DEBUG] Dynamically added transition from wildcard49 to wildcard108
[DEBUG] Dynamically added transition from wildcard48 to wildcard108
[DEBUG] Dynamically added transition from wildcard47 to wildcard108
[DEBUG] Dynamically added transition from wildcard46 to wildcard108
[DEBUG] Dynamically added transition from wildcard45 to wildcard108
[DEBUG] Dynamically added transition from wildcard44 to wildcard108
[DEBUG] Dynamically added transition from wildcard43 to wildcard108
[DEBUG] Dynamically added transition from wildcard42 to wildcard108
[DEBUG] Dynamically added transition from wildcard41 to wildcard108
[DEBUG] Dynamically added transition from wildcard40 to wildcard108
[DEBUG] Dynamically added transition from wildcard39 to wildcard108
[DEBUG] Dynamically added transition from wildcard59 to wildcard108
[DEBUG] Dynamically added transition from wildcard58 to wildcard108
[DEBUG] Dynamically added transition from middle to wildcard108
[DEBUG] Dynamically added transition from wildcard57 to wildcard108
[DEBUG] Dynamically added transition from wildcard56 to wildcard108
[DEBUG] Dynamically added transition from wildcard55 to wildcard108
[DEBUG] Dynamically added transition from wildcard54 to wildcard108
[DEBUG] Dynamically added transition from wildcard53 to wildcard108
[DEBUG] Dynamically added transition from wildcard52 to wildcard108
[DEBUG] Dynamically added transition from wildcard51 to wildcard108
[DEBUG] Dynamically added transition from wildcard50 to wildcard108
[DEBUG] Dynamically added transition from wildcard69 to wildcard108
[DEBUG] Dynamically added transition from wildcard68 to wildcard108
[DEBUG] Dynamically added transition from wildcard67 to wildcard108
[DEBUG] Dynamically added transition from wildcard66 to wildcard108
[DEBUG] Dynamically added transition from wildcard65 to wildcard108
[DEBUG] Dynamically added transition from wildcard64 to wildcard108
[DEBUG] Dynamically added transition from wildcard63 to wildcard108
[DEBUG] Dynamically added transition from wildcard62 to wildcard108
[DEBUG] Dynamically added transition from wildcard61 to wildcard108
[DEBUG] Dynamically added transition from wildcard60 to wildcard108
[DEBUG] Dynamically added transition from wildcard100 to wildcard108
[DEBUG] Dynamically added transition from wildcard105 to wildcard108
[DEBUG] Dynamically added transition from wildcard106 to wildcard108
[DEBUG] Dynamically added transition from wildcard103 to wildcard108
[DEBUG] Dynamically added transition from wildcard104 to wildcard108
[DEBUG] Dynamically added transition from wildcard101 to wildcard108
[DEBUG] Dynamically added transition from wildcard102 to wildcard108
[DEBUG] Dynamically added transition from wildcard79 to wildcard108
[DEBUG] Dynamically added transition from wildcard78 to wildcard108
[DEBUG] Dynamically added transition from wildcard77 to wildcard108
[DEBUG] Dynamically added transition from wildcard76 to wildcard108
[DEBUG] Dynamically added transition from wildcard75 to wildcard108
[DEBUG] Dynamically added transition from wildcard74 to wildcard108
[DEBUG] Dynamically added transition from wildcard73 to wildcard108
[DEBUG] Dynamically added transition from wildcard72 to wildcard108
[DEBUG] Dynamically added transition from wildcard71 to wildcard108
[DEBUG] Dynamically added transition from wildcard70 to wildcard108
[DEBUG] Dynamically added transition from wildcard89 to wildcard108
[DEBUG] Dynamically added transition from wildcard88 to wildcard108
[DEBUG] Dynamically added transition from wildcard87 to wildcard108
[DEBUG] Dynamically added transition from wildcard86 to wildcard108
[DEBUG] Dynamically added transition from wildcard85 to wildcard108
[DEBUG] Dynamically added transition from wildcard84 to wildcard108
[DEBUG] Dynamically added transition from wildcard83 to wildcard108
[DEBUG] Dynamically added transition from wildcard82 to wildcard108
[DEBUG] Dynamically added transition from wildcard81 to wildcard108
[DEBUG] Dynamically added transition from wildcard80 to wildcard108
[DEBUG] Dynamically added transition from wildcard16 to wildcard108
[DEBUG] Dynamically added transition from wildcard15 to wildcard108
[DEBUG] Dynamically added transition from wildcard14 to wildcard108
[DEBUG] Dynamically added transition from wildcard13 to wildcard108
[DEBUG] Dynamically added transition from wildcard12 to wildcard108
[DEBUG] Dynamically added transition from wildcard11 to wildcard108
[DEBUG] Dynamically added transition from wildcard99 to wildcard108
[DEBUG] Dynamically added transition from wildcard10 to wildcard108
[DEBUG] Dynamically added transition from wildcard98 to wildcard108
[DEBUG] Dynamically added transition from wildcard97 to wildcard108
[DEBUG] Dynamically added transition from start to wildcard108
[DEBUG] Dynamically added transition from wildcard96 to wildcard108
[DEBUG] Dynamically added transition from wildcard95 to wildcard108
[DEBUG] Dynamically added transition from wildcard94 to wildcard108
[DEBUG] Dynamically added transition from wildcard93 to wildcard108
[DEBUG] Dynamically added transition from wildcard92 to wildcard108
[DEBUG] Dynamically added transition from wildcard91 to wildcard108
[DEBUG] Dynamically added transition from wildcard90 to wildcard108
[DEBUG] Dynamically added transition from wildcard108 to wildcard27
[DEBUG] Dynamically added transition from wildcard108 to wildcard26
[DEBUG] Dynamically added transition from wildcard108 to wildcard25
[DEBUG] Dynamically added transition from wildcard108 to wildcard24
[DEBUG] Dynamically added transition from wildcard108 to wildcard23
[DEBUG] Dynamically added transition from wildcard108 to wildcard22
[DEBUG] Dynamically added transition from wildcard108 to wildcard1
[DEBUG] Dynamically added transition from wildcard108 to wildcard21
[DEBUG] Dynamically added transition from wildcard108 to wildcard0
[DEBUG] Dynamically added transition from wildcard108 to wildcard20
[DEBUG] Dynamically added transition from wildcard108 to wildcard3
[DEBUG] Dynamically added transition from wildcard108 to wildcard2
[DEBUG] Dynamically added transition from wildcard108 to wildcard5
[DEBUG] Dynamically added transition from wildcard108 to wildcard4
[DEBUG] Dynamically added transition from wildcard108 to wildcard7
[DEBUG] Dynamically added transition from wildcard108 to wildcard6
[DEBUG] Dynamically added transition from wildcard108 to wildcard9
[DEBUG] Dynamically added transition from wildcard108 to wildcard8
[DEBUG] Dynamically added transition from wildcard108 to wildcard19
[DEBUG] Dynamically added transition from wildcard108 to wildcard18
[DEBUG] Dynamically added transition from wildcard108 to wildcard17
[DEBUG] Dynamically added transition from wildcard108 to wildcard38
[DEBUG] Dynamically added transition from wildcard108 to wildcard37
[DEBUG] Dynamically added transition from wildcard108 to wildcard36
[DEBUG] Dynamically added transition from wildcard108 to wildcard35
[DEBUG] Dynamically added transition from wildcard108 to wildcard34
[DEBUG] Dynamically added transition from wildcard108 to wildcard33
[DEBUG] Dynamically added transition from wildcard108 to wildcard32
[DEBUG] Dynamically added transition from wildcard108 to wildcard31
[DEBUG] Dynamically added transition from wildcard108 to wildcard30
[DEBUG] Dynamically added transition from wildcard108 to wildcard29
[DEBUG] Dynamically added transition from wildcard108 to wildcard28
[DEBUG] Dynamically added transition from wildcard108 to wildcard49
[DEBUG] Dynamically added transition from wildcard108 to wildcard48
[DEBUG] Dynamically added transition from wildcard108 to wildcard47
[DEBUG] Dynamically added transition from wildcard108 to wildcard46
[DEBUG] Dynamically added transition from wildcard108 to wildcard45
[DEBUG] Dynamically added transition from wildcard108 to wildcard44
[DEBUG] Dynamically added transition from wildcard108 to wildcard43
[DEBUG] Dynamically added transition from wildcard108 to wildcard42
[DEBUG] Dynamically added transition from wildcard108 to wildcard41
[DEBUG] Dynamically added transition from wildcard108 to wildcard40
[DEBUG] Dynamically added transition from wildcard108 to wildcard39
[DEBUG] Dynamically added transition from wildcard108 to wildcard59
[DEBUG] Dynamically added transition from wildcard108 to wildcard58
[DEBUG] Dynamically added transition from wildcard108 to middle
[DEBUG] Dynamically added transition from wildcard108 to wildcard57
[DEBUG] Dynamically added transition from wildcard108 to wildcard56
[DEBUG] Dynamically added transition from wildcard108 to wildcard55
[DEBUG] Dynamically added transition from wildcard108 to wildcard54
[DEBUG] Dynamically added transition from wildcard108 to wildcard53
[DEBUG] Dynamically added transition from wildcard108 to wildcard52
[DEBUG] Dynamically added transition from wildcard108 to wildcard51
[DEBUG] Dynamically added transition from wildcard108 to wildcard50
[DEBUG] Dynamically added transition from wildcard108 to wildcard69
[DEBUG] Dynamically added transition from wildcard108 to wildcard68
[DEBUG] Dynamically added transition from wildcard108 to wildcard67
[DEBUG] Dynamically added transition from wildcard108 to wildcard66
[DEBUG] Dynamically added transition from wildcard108 to wildcard65
[DEBUG] Dynamically added transition from wildcard108 to wildcard64
[DEBUG] Dynamically added transition from wildcard108 to wildcard63
[DEBUG] Dynamically added transition from wildcard108 to wildcard62
[DEBUG] Dynamically added transition from wildcard108 to wildcard61
[DEBUG] Dynamically added transition from wildcard108 to wildcard60
[DEBUG] Dynamically added transition from wildcard108 to wildcard100
[DEBUG] Dynamically added transition from wildcard108 to wildcard107
[DEBUG] Dynamically added transition from wildcard108 to wildcard108
[DEBUG] Dynamically added transition from wildcard108 to wildcard105
[DEBUG] Dynamically added transition from wildcard108 to wildcard106
[DEBUG] Dynamically added transition from wildcard108 to wildcard103
[DEBUG] Dynamically added transition from wildcard108 to wildcard104
[DEBUG] Dynamically added transition from wildcard108 to wildcard101
[DEBUG] Dynamically added transition from wildcard108 to wildcard102
[DEBUG] Dynamically added transition from wildcard108 to wildcard79
[DEBUG] Dynamically added transition from wildcard108 to wildcard78
[DEBUG] Dynamically added transition from wildcard108 to wildcard77
[DEBUG] Dynamically added transition from wildcard108 to wildcard76
[DEBUG] Dynamically added transition from wildcard108 to wildcard75
[DEBUG] Dynamically added transition from wildcard108 to wildcard74
[DEBUG] Dynamically added transition from wildcard108 to wildcard73
[DEBUG] Dynamically added transition from wildcard108 to wildcard72
[DEBUG] Dynamically added transition from wildcard108 to wildcard71
[DEBUG] Dynamically added transition from wildcard108 to wildcard70
[DEBUG] Dynamically added transition from wildcard108 to .*
[DEBUG] Dynamically added transition from wildcard108 to wildcard89
[DEBUG] Dynamically added transition from wildcard108 to wildcard88
[DEBUG] Dynamically added transition from wildcard108 to wildcard87
[DEBUG] Dynamically added transition from wildcard108 to wildcard86
[DEBUG] Dynamically added transition from wildcard108 to INITIAL
[DEBUG] Dynamically added transition from wildcard108 to wildcard85
[DEBUG] Dynamically added transition from wildcard108 to wildcard84
[DEBUG] Dynamically added transition from wildcard108 to wildcard83
[DEBUG] Dynamically added transition from wildcard108 to wildcard82
[DEBUG] Dynamically added transition from wildcard108 to wildcard81
[DEBUG] Dynamically added transition from wildcard108 to wildcard80
[DEBUG] Dynamically added transition from wildcard108 to end
[DEBUG] Dynamically added transition from wildcard108 to wildcard16
[DEBUG] Dynamically added transition from wildcard108 to wildcard15
[DEBUG] Dynamically added transition from wildcard108 to wildcard14
[DEBUG] Dynamically added transition from wildcard108 to wildcard13
[DEBUG] Dynamically added transition from wildcard108 to wildcard12
[DEBUG] Dynamically added transition from wildcard108 to wildcard11
[DEBUG] Dynamically added transition from wildcard108 to wildcard99
[DEBUG] Dynamically added transition from wildcard108 to wildcard10
[DEBUG] Dynamically added transition from wildcard108 to wildcard98
[DEBUG] Dynamically added transition from wildcard108 to wildcard97
[DEBUG] Dynamically added transition from wildcard108 to start
[DEBUG] Dynamically added transition from wildcard108 to wildcard96
[DEBUG] Dynamically added transition from wildcard108 to wildcard95
[DEBUG] Dynamically added transition from wildcard108 to wildcard94
[DEBUG] Dynamically added transition from wildcard108 to wildcard93
[DEBUG] Dynamically added transition from wildcard108 to wildcard92
[DEBUG] Dynamically added transition from wildcard108 to wildcard91
[DEBUG] Dynamically added transition from wildcard108 to wildcard90
[INFO] Wildcard transition valid to state: wildcard108
[INFO] Wildcard transition detected from wildcard108 to wildcard109
[DEBUG] Created intermediate state for wildcard transition: wildcard109
[DEBUG] Dynamically added transition from wildcard108 to wildcard109
[DEBUG] Dynamically added transition from wildcard27 to wildcard109
[DEBUG] Dynamically added transition from wildcard26 to wildcard109
[DEBUG] Dynamically added transition from wildcard25 to wildcard109
[DEBUG] Dynamically added transition from wildcard24 to wildcard109
[DEBUG] Dynamically added transition from wildcard23 to wildcard109
[DEBUG] Dynamically added transition from wildcard22 to wildcard109
[DEBUG] Dynamically added transition from wildcard1 to wildcard109
[DEBUG] Dynamically added transition from wildcard21 to wildcard109
[DEBUG] Dynamically added transition from wildcard0 to wildcard109
[DEBUG] Dynamically added transition from wildcard20 to wildcard109
[DEBUG] Dynamically added transition from wildcard3 to wildcard109
[DEBUG] Dynamically added transition from wildcard2 to wildcard109
[DEBUG] Dynamically added transition from wildcard5 to wildcard109
[DEBUG] Dynamically added transition from wildcard4 to wildcard109
[DEBUG] Dynamically added transition from wildcard7 to wildcard109
[DEBUG] Dynamically added transition from wildcard6 to wildcard109
[DEBUG] Dynamically added transition from wildcard9 to wildcard109
[DEBUG] Dynamically added transition from wildcard8 to wildcard109
[DEBUG] Dynamically added transition from wildcard19 to wildcard109
[DEBUG] Dynamically added transition from wildcard18 to wildcard109
[DEBUG] Dynamically added transition from wildcard17 to wildcard109
[DEBUG] Dynamically added transition from wildcard38 to wildcard109
[DEBUG] Dynamically added transition from wildcard37 to wildcard109
[DEBUG] Dynamically added transition from wildcard36 to wildcard109
[DEBUG] Dynamically added transition from wildcard35 to wildcard109
[DEBUG] Dynamically added transition from wildcard34 to wildcard109
[DEBUG] Dynamically added transition from wildcard33 to wildcard109
[DEBUG] Dynamically added transition from wildcard32 to wildcard109
[DEBUG] Dynamically added transition from wildcard31 to wildcard109
[DEBUG] Dynamically added transition from wildcard30 to wildcard109
[DEBUG] Dynamically added transition from wildcard29 to wildcard109
[DEBUG] Dynamically added transition from wildcard28 to wildcard109
[DEBUG] Dynamically added transition from wildcard49 to wildcard109
[DEBUG] Dynamically added transition from wildcard48 to wildcard109
[DEBUG] Dynamically added transition from wildcard47 to wildcard109
[DEBUG] Dynamically added transition from wildcard46 to wildcard109
[DEBUG] Dynamically added transition from wildcard45 to wildcard109
[DEBUG] Dynamically added transition from wildcard44 to wildcard109
[DEBUG] Dynamically added transition from wildcard43 to wildcard109
[DEBUG] Dynamically added transition from wildcard42 to wildcard109
[DEBUG] Dynamically added transition from wildcard41 to wildcard109
[DEBUG] Dynamically added transition from wildcard40 to wildcard109
[DEBUG] Dynamically added transition from wildcard39 to wildcard109
[DEBUG] Dynamically added transition from wildcard59 to wildcard109
[DEBUG] Dynamically added transition from wildcard58 to wildcard109
[DEBUG] Dynamically added transition from middle to wildcard109
[DEBUG] Dynamically added transition from wildcard57 to wildcard109
[DEBUG] Dynamically added transition from wildcard56 to wildcard109
[DEBUG] Dynamically added transition from wildcard55 to wildcard109
[DEBUG] Dynamically added transition from wildcard54 to wildcard109
[DEBUG] Dynamically added transition from wildcard53 to wildcard109
[DEBUG] Dynamically added transition from wildcard52 to wildcard109
[DEBUG] Dynamically added transition from wildcard51 to wildcard109
[DEBUG] Dynamically added transition from wildcard50 to wildcard109
[DEBUG] Dynamically added transition from wildcard69 to wildcard109
[DEBUG] Dynamically added transition from wildcard68 to wildcard109
[DEBUG] Dynamically added transition from wildcard67 to wildcard109
[DEBUG] Dynamically added transition from wildcard66 to wildcard109
[DEBUG] Dynamically added transition from wildcard65 to wildcard109
[DEBUG] Dynamically added transition from wildcard64 to wildcard109
[DEBUG] Dynamically added transition from wildcard63 to wildcard109
[DEBUG] Dynamically added transition from wildcard62 to wildcard109
[DEBUG] Dynamically added transition from wildcard61 to wildcard109
[DEBUG] Dynamically added transition from wildcard60 to wildcard109
[DEBUG] Dynamically added transition from wildcard100 to wildcard109
[DEBUG] Dynamically added transition from wildcard107 to wildcard109
[DEBUG] Dynamically added transition from wildcard105 to wildcard109
[DEBUG] Dynamically added transition from wildcard106 to wildcard109
[DEBUG] Dynamically added transition from wildcard103 to wildcard109
[DEBUG] Dynamically added transition from wildcard104 to wildcard109
[DEBUG] Dynamically added transition from wildcard101 to wildcard109
[DEBUG] Dynamically added transition from wildcard102 to wildcard109
[DEBUG] Dynamically added transition from wildcard79 to wildcard109
[DEBUG] Dynamically added transition from wildcard78 to wildcard109
[DEBUG] Dynamically added transition from wildcard77 to wildcard109
[DEBUG] Dynamically added transition from wildcard76 to wildcard109
[DEBUG] Dynamically added transition from wildcard75 to wildcard109
[DEBUG] Dynamically added transition from wildcard74 to wildcard109
[DEBUG] Dynamically added transition from wildcard73 to wildcard109
[DEBUG] Dynamically added transition from wildcard72 to wildcard109
[DEBUG] Dynamically added transition from wildcard71 to wildcard109
[DEBUG] Dynamically added transition from wildcard70 to wildcard109
[DEBUG] Dynamically added transition from wildcard89 to wildcard109
[DEBUG] Dynamically added transition from wildcard88 to wildcard109
[DEBUG] Dynamically added transition from wildcard87 to wildcard109
[DEBUG] Dynamically added transition from wildcard86 to wildcard109
[DEBUG] Dynamically added transition from wildcard85 to wildcard109
[DEBUG] Dynamically added transition from wildcard84 to wildcard109
[DEBUG] Dynamically added transition from wildcard83 to wildcard109
[DEBUG] Dynamically added transition from wildcard82 to wildcard109
[DEBUG] Dynamically added transition from wildcard81 to wildcard109
[DEBUG] Dynamically added transition from wildcard80 to wildcard109
[DEBUG] Dynamically added transition from wildcard16 to wildcard109
[DEBUG] Dynamically added transition from wildcard15 to wildcard109
[DEBUG] Dynamically added transition from wildcard14 to wildcard109
[DEBUG] Dynamically added transition from wildcard13 to wildcard109
[DEBUG] Dynamically added transition from wildcard12 to wildcard109
[DEBUG] Dynamically added transition from wildcard11 to wildcard109
[DEBUG] Dynamically added transition from wildcard99 to wildcard109
[DEBUG] Dynamically added transition from wildcard10 to wildcard109
[DEBUG] Dynamically added transition from wildcard98 to wildcard109
[DEBUG] Dynamically added transition from wildcard97 to wildcard109
[DEBUG] Dynamically added transition from start to wildcard109
[DEBUG] Dynamically added transition from wildcard96 to wildcard109
[DEBUG] Dynamically added transition from wildcard95 to wildcard109
[DEBUG] Dynamically added transition from wildcard94 to wildcard109
[DEBUG] Dynamically added transition from wildcard93 to wildcard109
[DEBUG] Dynamically added transition from wildcard92 to wildcard109
[DEBUG] Dynamically added transition from wildcard91 to wildcard109
[DEBUG] Dynamically added transition from wildcard90 to wildcard109
[DEBUG] Dynamically added transition from wildcard109 to wildcard27
[DEBUG] Dynamically added transition from wildcard109 to wildcard26
[DEBUG] Dynamically added transition from wildcard109 to wildcard25
[DEBUG] Dynamically added transition from wildcard109 to wildcard24
[DEBUG] Dynamically added transition from wildcard109 to wildcard23
[DEBUG] Dynamically added transition from wildcard109 to wildcard22
[DEBUG] Dynamically added transition from wildcard109 to wildcard1
[DEBUG] Dynamically added transition from wildcard109 to wildcard21
[DEBUG] Dynamically added transition from wildcard109 to wildcard0
[DEBUG] Dynamically added transition from wildcard109 to wildcard20
[DEBUG] Dynamically added transition from wildcard109 to wildcard3
[DEBUG] Dynamically added transition from wildcard109 to wildcard2
[DEBUG] Dynamically added transition from wildcard109 to wildcard5
[DEBUG] Dynamically added transition from wildcard109 to wildcard4
[DEBUG] Dynamically added transition from wildcard109 to wildcard7
[DEBUG] Dynamically added transition from wildcard109 to wildcard6
[DEBUG] Dynamically added transition from wildcard109 to wildcard9
[DEBUG] Dynamically added transition from wildcard109 to wildcard8
[DEBUG] Dynamically added transition from wildcard109 to wildcard19
[DEBUG] Dynamically added transition from wildcard109 to wildcard18
[DEBUG] Dynamically added transition from wildcard109 to wildcard17
[DEBUG] Dynamically added transition from wildcard109 to wildcard38
[DEBUG] Dynamically added transition from wildcard109 to wildcard37
[DEBUG] Dynamically added transition from wildcard109 to wildcard36
[DEBUG] Dynamically added transition from wildcard109 to wildcard35
[DEBUG] Dynamically added transition from wildcard109 to wildcard34
[DEBUG] Dynamically added transition from wildcard109 to wildcard33
[DEBUG] Dynamically added transition from wildcard109 to wildcard32
[DEBUG] Dynamically added transition from wildcard109 to wildcard31
[DEBUG] Dynamically added transition from wildcard109 to wildcard30
[DEBUG] Dynamically added transition from wildcard109 to wildcard29
[DEBUG] Dynamically added transition from wildcard109 to wildcard28
[DEBUG] Dynamically added transition from wildcard109 to wildcard49
[DEBUG] Dynamically added transition from wildcard109 to wildcard48
[DEBUG] Dynamically added transition from wildcard109 to wildcard47
[DEBUG] Dynamically added transition from wildcard109 to wildcard46
[DEBUG] Dynamically added transition from wildcard109 to wildcard45
[DEBUG] Dynamically added transition from wildcard109 to wildcard44
[DEBUG] Dynamically added transition from wildcard109 to wildcard43
[DEBUG] Dynamically added transition from wildcard109 to wildcard42
[DEBUG] Dynamically added transition from wildcard109 to wildcard41
[DEBUG] Dynamically added transition from wildcard109 to wildcard40
[DEBUG] Dynamically added transition from wildcard109 to wildcard39
[DEBUG] Dynamically added transition from wildcard109 to wildcard59
[DEBUG] Dynamically added transition from wildcard109 to wildcard58
[DEBUG] Dynamically added transition from wildcard109 to middle
[DEBUG] Dynamically added transition from wildcard109 to wildcard57
[DEBUG] Dynamically added transition from wildcard109 to wildcard56
[DEBUG] Dynamically added transition from wildcard109 to wildcard55
[DEBUG] Dynamically added transition from wildcard109 to wildcard54
[DEBUG] Dynamically added transition from wildcard109 to wildcard53
[DEBUG] Dynamically added transition from wildcard109 to wildcard52
[DEBUG] Dynamically added transition from wildcard109 to wildcard51
[DEBUG] Dynamically added transition from wildcard109 to wildcard50
[DEBUG] Dynamically added transition from wildcard109 to wildcard69
[DEBUG] Dynamically added transition from wildcard109 to wildcard68
[DEBUG] Dynamically added transition from wildcard109 to wildcard67
[DEBUG] Dynamically added transition from wildcard109 to wildcard66
[DEBUG] Dynamically added transition from wildcard109 to wildcard65
[DEBUG] Dynamically added transition from wildcard109 to wildcard64
[DEBUG] Dynamically added transition from wildcard109 to wildcard63
[DEBUG] Dynamically added transition from wildcard109 to wildcard62
[DEBUG] Dynamically added transition from wildcard109 to wildcard61
[DEBUG] Dynamically added transition from wildcard109 to wildcard60
[DEBUG] Dynamically added transition from wildcard109 to wildcard100
[DEBUG] Dynamically added transition from wildcard109 to wildcard107
[DEBUG] Dynamically added transition from wildcard109 to wildcard108
[DEBUG] Dynamically added transition from wildcard109 to wildcard105
[DEBUG] Dynamically added transition from wildcard109 to wildcard106
[DEBUG] Dynamically added transition from wildcard109 to wildcard103
[DEBUG] Dynamically added transition from wildcard109 to wildcard104
[DEBUG] Dynamically added transition from wildcard109 to wildcard101
[DEBUG] Dynamically added transition from wildcard109 to wildcard102
[DEBUG] Dynamically added transition from wildcard109 to wildcard79
[DEBUG] Dynamically added transition from wildcard109 to wildcard78
[DEBUG] Dynamically added transition from wildcard109 to wildcard77
[DEBUG] Dynamically added transition from wildcard109 to wildcard76
[DEBUG] Dynamically added transition from wildcard109 to wildcard109
[DEBUG] Dynamically added transition from wildcard109 to wildcard75
[DEBUG] Dynamically added transition from wildcard109 to wildcard74
[DEBUG] Dynamically added transition from wildcard109 to wildcard73
[DEBUG] Dynamically added transition from wildcard109 to wildcard72
[DEBUG] Dynamically added transition from wildcard109 to wildcard71
[DEBUG] Dynamically added transition from wildcard109 to wildcard70
[DEBUG] Dynamically added transition from wildcard109 to .*
[DEBUG] Dynamically added transition from wildcard109 to wildcard89
[DEBUG] Dynamically added transition from wildcard109 to wildcard88
[DEBUG] Dynamically added transition from wildcard109 to wildcard87
[DEBUG] Dynamically added transition from wildcard109 to wildcard86
[DEBUG] Dynamically added transition from wildcard109 to INITIAL
[DEBUG] Dynamically added transition from wildcard109 to wildcard85
[DEBUG] Dynamically added transition from wildcard109 to wildcard84
[DEBUG] Dynamically added transition from wildcard109 to wildcard83
[DEBUG] Dynamically added transition from wildcard109 to wildcard82
[DEBUG] Dynamically added transition from wildcard109 to wildcard81
[DEBUG] Dynamically added transition from wildcard109 to wildcard80
[DEBUG] Dynamically added transition from wildcard109 to end
[DEBUG] Dynamically added transition from wildcard109 to wildcard16
[DEBUG] Dynamically added transition from wildcard109 to wildcard15
[DEBUG] Dynamically added transition from wildcard109 to wildcard14
[DEBUG] Dynamically added transition from wildcard109 to wildcard13
[DEBUG] Dynamically added transition from wildcard109 to wildcard12
[DEBUG] Dynamically added transition from wildcard109 to wildcard11
[DEBUG] Dynamically added transition from wildcard109 to wildcard99
[DEBUG] Dynamically added transition from wildcard109 to wildcard10
[DEBUG] Dynamically added transition from wildcard109 to wildcard98
[DEBUG] Dynamically added transition from wildcard109 to wildcard97
[DEBUG] Dynamically added transition from wildcard109 to start
[DEBUG] Dynamically added transition from wildcard109 to wildcard96
[DEBUG] Dynamically added transition from wildcard109 to wildcard95
[DEBUG] Dynamically added transition from wildcard109 to wildcard94
[DEBUG] Dynamically added transition from wildcard109 to wildcard93
[DEBUG] Dynamically added transition from wildcard109 to wildcard92
[DEBUG] Dynamically added transition from wildcard109 to wildcard91
[DEBUG] Dynamically added transition from wildcard109 to wildcard90
[INFO] Wildcard transition valid to state: wildcard109
[INFO] Wildcard transition detected from wildcard109 to wildcard110
[DEBUG] Created intermediate state for wildcard transition: wildcard110
[DEBUG] Dynamically added transition from wildcard109 to wildcard110
[DEBUG] Dynamically added transition from wildcard27 to wildcard110
[DEBUG] Dynamically added transition from wildcard26 to wildcard110
[DEBUG] Dynamically added transition from wildcard25 to wildcard110
[DEBUG] Dynamically added transition from wildcard24 to wildcard110
[DEBUG] Dynamically added transition from wildcard23 to wildcard110
[DEBUG] Dynamically added transition from wildcard22 to wildcard110
[DEBUG] Dynamically added transition from wildcard1 to wildcard110
[DEBUG] Dynamically added transition from wildcard21 to wildcard110
[DEBUG] Dynamically added transition from wildcard0 to wildcard110
[DEBUG] Dynamically added transition from wildcard20 to wildcard110
[DEBUG] Dynamically added transition from wildcard3 to wildcard110
[DEBUG] Dynamically added transition from wildcard2 to wildcard110
[DEBUG] Dynamically added transition from wildcard5 to wildcard110
[DEBUG] Dynamically added transition from wildcard4 to wildcard110
[DEBUG] Dynamically added transition from wildcard7 to wildcard110
[DEBUG] Dynamically added transition from wildcard6 to wildcard110
[DEBUG] Dynamically added transition from wildcard9 to wildcard110
[DEBUG] Dynamically added transition from wildcard8 to wildcard110
[DEBUG] Dynamically added transition from wildcard19 to wildcard110
[DEBUG] Dynamically added transition from wildcard18 to wildcard110
[DEBUG] Dynamically added transition from wildcard17 to wildcard110
[DEBUG] Dynamically added transition from wildcard38 to wildcard110
[DEBUG] Dynamically added transition from wildcard37 to wildcard110
[DEBUG] Dynamically added transition from wildcard36 to wildcard110
[DEBUG] Dynamically added transition from wildcard35 to wildcard110
[DEBUG] Dynamically added transition from wildcard34 to wildcard110
[DEBUG] Dynamically added transition from wildcard33 to wildcard110
[DEBUG] Dynamically added transition from wildcard32 to wildcard110
[DEBUG] Dynamically added transition from wildcard31 to wildcard110
[DEBUG] Dynamically added transition from wildcard30 to wildcard110
[DEBUG] Dynamically added transition from wildcard29 to wildcard110
[DEBUG] Dynamically added transition from wildcard28 to wildcard110
[DEBUG] Dynamically added transition from wildcard49 to wildcard110
[DEBUG] Dynamically added transition from wildcard48 to wildcard110
[DEBUG] Dynamically added transition from wildcard47 to wildcard110
[DEBUG] Dynamically added transition from wildcard46 to wildcard110
[DEBUG] Dynamically added transition from wildcard45 to wildcard110
[DEBUG] Dynamically added transition from wildcard44 to wildcard110
[DEBUG] Dynamically added transition from wildcard43 to wildcard110
[DEBUG] Dynamically added transition from wildcard42 to wildcard110
[DEBUG] Dynamically added transition from wildcard41 to wildcard110
[DEBUG] Dynamically added transition from wildcard40 to wildcard110
[DEBUG] Dynamically added transition from wildcard39 to wildcard110
[DEBUG] Dynamically added transition from wildcard59 to wildcard110
[DEBUG] Dynamically added transition from wildcard58 to wildcard110
[DEBUG] Dynamically added transition from middle to wildcard110
[DEBUG] Dynamically added transition from wildcard57 to wildcard110
[DEBUG] Dynamically added transition from wildcard56 to wildcard110
[DEBUG] Dynamically added transition from wildcard55 to wildcard110
[DEBUG] Dynamically added transition from wildcard54 to wildcard110
[DEBUG] Dynamically added transition from wildcard53 to wildcard110
[DEBUG] Dynamically added transition from wildcard52 to wildcard110
[DEBUG] Dynamically added transition from wildcard51 to wildcard110
[DEBUG] Dynamically added transition from wildcard50 to wildcard110
[DEBUG] Dynamically added transition from wildcard69 to wildcard110
[DEBUG] Dynamically added transition from wildcard68 to wildcard110
[DEBUG] Dynamically added transition from wildcard67 to wildcard110
[DEBUG] Dynamically added transition from wildcard66 to wildcard110
[DEBUG] Dynamically added transition from wildcard65 to wildcard110
[DEBUG] Dynamically added transition from wildcard64 to wildcard110
[DEBUG] Dynamically added transition from wildcard63 to wildcard110
[DEBUG] Dynamically added transition from wildcard62 to wildcard110
[DEBUG] Dynamically added transition from wildcard61 to wildcard110
[DEBUG] Dynamically added transition from wildcard60 to wildcard110
[DEBUG] Dynamically added transition from wildcard100 to wildcard110
[DEBUG] Dynamically added transition from wildcard107 to wildcard110
[DEBUG] Dynamically added transition from wildcard108 to wildcard110
[DEBUG] Dynamically added transition from wildcard105 to wildcard110
[DEBUG] Dynamically added transition from wildcard106 to wildcard110
[DEBUG] Dynamically added transition from wildcard103 to wildcard110
[DEBUG] Dynamically added transition from wildcard104 to wildcard110
[DEBUG] Dynamically added transition from wildcard101 to wildcard110
[DEBUG] Dynamically added transition from wildcard102 to wildcard110
[DEBUG] Dynamically added transition from wildcard79 to wildcard110
[DEBUG] Dynamically added transition from wildcard78 to wildcard110
[DEBUG] Dynamically added transition from wildcard77 to wildcard110
[DEBUG] Dynamically added transition from wildcard76 to wildcard110
[DEBUG] Dynamically added transition from wildcard75 to wildcard110
[DEBUG] Dynamically added transition from wildcard74 to wildcard110
[DEBUG] Dynamically added transition from wildcard73 to wildcard110
[DEBUG] Dynamically added transition from wildcard72 to wildcard110
[DEBUG] Dynamically added transition from wildcard71 to wildcard110
[DEBUG] Dynamically added transition from wildcard70 to wildcard110
[DEBUG] Dynamically added transition from wildcard89 to wildcard110
[DEBUG] Dynamically added transition from wildcard88 to wildcard110
[DEBUG] Dynamically added transition from wildcard87 to wildcard110
[DEBUG] Dynamically added transition from wildcard86 to wildcard110
[DEBUG] Dynamically added transition from wildcard85 to wildcard110
[DEBUG] Dynamically added transition from wildcard84 to wildcard110
[DEBUG] Dynamically added transition from wildcard83 to wildcard110
[DEBUG] Dynamically added transition from wildcard82 to wildcard110
[DEBUG] Dynamically added transition from wildcard81 to wildcard110
[DEBUG] Dynamically added transition from wildcard80 to wildcard110
[DEBUG] Dynamically added transition from wildcard16 to wildcard110
[DEBUG] Dynamically added transition from wildcard15 to wildcard110
[DEBUG] Dynamically added transition from wildcard14 to wildcard110
[DEBUG] Dynamically added transition from wildcard13 to wildcard110
[DEBUG] Dynamically added transition from wildcard12 to wildcard110
[DEBUG] Dynamically added transition from wildcard11 to wildcard110
[DEBUG] Dynamically added transition from wildcard99 to wildcard110
[DEBUG] Dynamically added transition from wildcard10 to wildcard110
[DEBUG] Dynamically added transition from wildcard98 to wildcard110
[DEBUG] Dynamically added transition from wildcard97 to wildcard110
[DEBUG] Dynamically added transition from start to wildcard110
[DEBUG] Dynamically added transition from wildcard96 to wildcard110
[DEBUG] Dynamically added transition from wildcard95 to wildcard110
[DEBUG] Dynamically added transition from wildcard94 to wildcard110
[DEBUG] Dynamically added transition from wildcard93 to wildcard110
[DEBUG] Dynamically added transition from wildcard92 to wildcard110
[DEBUG] Dynamically added transition from wildcard91 to wildcard110
[DEBUG] Dynamically added transition from wildcard90 to wildcard110
[DEBUG] Dynamically added transition from wildcard110 to wildcard27
[DEBUG] Dynamically added transition from wildcard110 to wildcard26
[DEBUG] Dynamically added transition from wildcard110 to wildcard25
[DEBUG] Dynamically added transition from wildcard110 to wildcard24
[DEBUG] Dynamically added transition from wildcard110 to wildcard23
[DEBUG] Dynamically added transition from wildcard110 to wildcard22
[DEBUG] Dynamically added transition from wildcard110 to wildcard1
[DEBUG] Dynamically added transition from wildcard110 to wildcard21
[DEBUG] Dynamically added transition from wildcard110 to wildcard0
[DEBUG] Dynamically added transition from wildcard110 to wildcard20
[DEBUG] Dynamically added transition from wildcard110 to wildcard3
[DEBUG] Dynamically added transition from wildcard110 to wildcard2
[DEBUG] Dynamically added transition from wildcard110 to wildcard5
[DEBUG] Dynamically added transition from wildcard110 to wildcard4
[DEBUG] Dynamically added transition from wildcard110 to wildcard7
[DEBUG] Dynamically added transition from wildcard110 to wildcard6
[DEBUG] Dynamically added transition from wildcard110 to wildcard9
[DEBUG] Dynamically added transition from wildcard110 to wildcard8
[DEBUG] Dynamically added transition from wildcard110 to wildcard19
[DEBUG] Dynamically added transition from wildcard110 to wildcard18
[DEBUG] Dynamically added transition from wildcard110 to wildcard17
[DEBUG] Dynamically added transition from wildcard110 to wildcard38
[DEBUG] Dynamically added transition from wildcard110 to wildcard37
[DEBUG] Dynamically added transition from wildcard110 to wildcard36
[DEBUG] Dynamically added transition from wildcard110 to wildcard35
[DEBUG] Dynamically added transition from wildcard110 to wildcard34
[DEBUG] Dynamically added transition from wildcard110 to wildcard33
[DEBUG] Dynamically added transition from wildcard110 to wildcard32
[DEBUG] Dynamically added transition from wildcard110 to wildcard31
[DEBUG] Dynamically added transition from wildcard110 to wildcard30
[DEBUG] Dynamically added transition from wildcard110 to wildcard29
[DEBUG] Dynamically added transition from wildcard110 to wildcard28
[DEBUG] Dynamically added transition from wildcard110 to wildcard49
[DEBUG] Dynamically added transition from wildcard110 to wildcard48
[DEBUG] Dynamically added transition from wildcard110 to wildcard47
[DEBUG] Dynamically added transition from wildcard110 to wildcard46
[DEBUG] Dynamically added transition from wildcard110 to wildcard45
[DEBUG] Dynamically added transition from wildcard110 to wildcard44
[DEBUG] Dynamically added transition from wildcard110 to wildcard43
[DEBUG] Dynamically added transition from wildcard110 to wildcard42
[DEBUG] Dynamically added transition from wildcard110 to wildcard41
[DEBUG] Dynamically added transition from wildcard110 to wildcard40
[DEBUG] Dynamically added transition from wildcard110 to wildcard39
[DEBUG] Dynamically added transition from wildcard110 to wildcard59
[DEBUG] Dynamically added transition from wildcard110 to wildcard58
[DEBUG] Dynamically added transition from wildcard110 to middle
[DEBUG] Dynamically added transition from wildcard110 to wildcard57
[DEBUG] Dynamically added transition from wildcard110 to wildcard56
[DEBUG] Dynamically added transition from wildcard110 to wildcard55
[DEBUG] Dynamically added transition from wildcard110 to wildcard54
[DEBUG] Dynamically added transition from wildcard110 to wildcard53
[DEBUG] Dynamically added transition from wildcard110 to wildcard52
[DEBUG] Dynamically added transition from wildcard110 to wildcard51
[DEBUG] Dynamically added transition from wildcard110 to wildcard50
[DEBUG] Dynamically added transition from wildcard110 to wildcard69
[DEBUG] Dynamically added transition from wildcard110 to wildcard68
[DEBUG] Dynamically added transition from wildcard110 to wildcard67
[DEBUG] Dynamically added transition from wildcard110 to wildcard66
[DEBUG] Dynamically added transition from wildcard110 to wildcard65
[DEBUG] Dynamically added transition from wildcard110 to wildcard64
[DEBUG] Dynamically added transition from wildcard110 to wildcard63
[DEBUG] Dynamically added transition from wildcard110 to wildcard62
[DEBUG] Dynamically added transition from wildcard110 to wildcard61
[DEBUG] Dynamically added transition from wildcard110 to wildcard60
[DEBUG] Dynamically added transition from wildcard110 to wildcard100
[DEBUG] Dynamically added transition from wildcard110 to wildcard107
[DEBUG] Dynamically added transition from wildcard110 to wildcard108
[DEBUG] Dynamically added transition from wildcard110 to wildcard105
[DEBUG] Dynamically added transition from wildcard110 to wildcard106
[DEBUG] Dynamically added transition from wildcard110 to wildcard103
[DEBUG] Dynamically added transition from wildcard110 to wildcard104
[DEBUG] Dynamically added transition from wildcard110 to wildcard101
[DEBUG] Dynamically added transition from wildcard110 to wildcard102
[DEBUG] Dynamically added transition from wildcard110 to wildcard79
[DEBUG] Dynamically added transition from wildcard110 to wildcard78
[DEBUG] Dynamically added transition from wildcard110 to wildcard77
[DEBUG] Dynamically added transition from wildcard110 to wildcard76
[DEBUG] Dynamically added transition from wildcard110 to wildcard109
[DEBUG] Dynamically added transition from wildcard110 to wildcard75
[DEBUG] Dynamically added transition from wildcard110 to wildcard74
[DEBUG] Dynamically added transition from wildcard110 to wildcard73
[DEBUG] Dynamically added transition from wildcard110 to wildcard72
[DEBUG] Dynamically added transition from wildcard110 to wildcard71
[DEBUG] Dynamically added transition from wildcard110 to wildcard70
[DEBUG] Dynamically added transition from wildcard110 to wildcard110
[DEBUG] Dynamically added transition from wildcard110 to .*
[DEBUG] Dynamically added transition from wildcard110 to wildcard89
[DEBUG] Dynamically added transition from wildcard110 to wildcard88
[DEBUG] Dynamically added transition from wildcard110 to wildcard87
[DEBUG] Dynamically added transition from wildcard110 to wildcard86
[DEBUG] Dynamically added transition from wildcard110 to INITIAL
[DEBUG] Dynamically added transition from wildcard110 to wildcard85
[DEBUG] Dynamically added transition from wildcard110 to wildcard84
[DEBUG] Dynamically added transition from wildcard110 to wildcard83
[DEBUG] Dynamically added transition from wildcard110 to wildcard82
[DEBUG] Dynamically added transition from wildcard110 to wildcard81
[DEBUG] Dynamically added transition from wildcard110 to wildcard80
[DEBUG] Dynamically added transition from wildcard110 to end
[DEBUG] Dynamically added transition from wildcard110 to wildcard16
[DEBUG] Dynamically added transition from wildcard110 to wildcard15
[DEBUG] Dynamically added transition from wildcard110 to wildcard14
[DEBUG] Dynamically added transition from wildcard110 to wildcard13
[DEBUG] Dynamically added transition from wildcard110 to wildcard12
[DEBUG] Dynamically added transition from wildcard110 to wildcard11
[DEBUG] Dynamically added transition from wildcard110 to wildcard99
[DEBUG] Dynamically added transition from wildcard110 to wildcard10
[DEBUG] Dynamically added transition from wildcard110 to wildcard98
[DEBUG] Dynamically added transition from wildcard110 to wildcard97
[DEBUG] Dynamically added transition from wildcard110 to start
[DEBUG] Dynamically added transition from wildcard110 to wildcard96
[DEBUG] Dynamically added transition from wildcard110 to wildcard95
[DEBUG] Dynamically added transition from wildcard110 to wildcard94
[DEBUG] Dynamically added transition from wildcard110 to wildcard93
[DEBUG] Dynamically added transition from wildcard110 to wildcard92
[DEBUG] Dynamically added transition from wildcard110 to wildcard91
[DEBUG] Dynamically added transition from wildcard110 to wildcard90
[INFO] Wildcard transition valid to state: wildcard110
[INFO] Wildcard transition detected from wildcard110 to wildcard111
[DEBUG] Created intermediate state for wildcard transition: wildcard111
[DEBUG] Dynamically added transition from wildcard110 to wildcard111
[DEBUG] Dynamically added transition from wildcard27 to wildcard111
[DEBUG] Dynamically added transition from wildcard26 to wildcard111
[DEBUG] Dynamically added transition from wildcard25 to wildcard111
[DEBUG] Dynamically added transition from wildcard24 to wildcard111
[DEBUG] Dynamically added transition from wildcard23 to wildcard111
[DEBUG] Dynamically added transition from wildcard22 to wildcard111
[DEBUG] Dynamically added transition from wildcard1 to wildcard111
[DEBUG] Dynamically added transition from wildcard21 to wildcard111
[DEBUG] Dynamically added transition from wildcard0 to wildcard111
[DEBUG] Dynamically added transition from wildcard20 to wildcard111
[DEBUG] Dynamically added transition from wildcard3 to wildcard111
[DEBUG] Dynamically added transition from wildcard2 to wildcard111
[DEBUG] Dynamically added transition from wildcard5 to wildcard111
[DEBUG] Dynamically added transition from wildcard4 to wildcard111
[DEBUG] Dynamically added transition from wildcard7 to wildcard111
[DEBUG] Dynamically added transition from wildcard6 to wildcard111
[DEBUG] Dynamically added transition from wildcard9 to wildcard111
[DEBUG] Dynamically added transition from wildcard8 to wildcard111
[DEBUG] Dynamically added transition from wildcard19 to wildcard111
[DEBUG] Dynamically added transition from wildcard18 to wildcard111
[DEBUG] Dynamically added transition from wildcard17 to wildcard111
[DEBUG] Dynamically added transition from wildcard38 to wildcard111
[DEBUG] Dynamically added transition from wildcard37 to wildcard111
[DEBUG] Dynamically added transition from wildcard36 to wildcard111
[DEBUG] Dynamically added transition from wildcard35 to wildcard111
[DEBUG] Dynamically added transition from wildcard34 to wildcard111
[DEBUG] Dynamically added transition from wildcard33 to wildcard111
[DEBUG] Dynamically added transition from wildcard32 to wildcard111
[DEBUG] Dynamically added transition from wildcard31 to wildcard111
[DEBUG] Dynamically added transition from wildcard30 to wildcard111
[DEBUG] Dynamically added transition from wildcard29 to wildcard111
[DEBUG] Dynamically added transition from wildcard28 to wildcard111
[DEBUG] Dynamically added transition from wildcard49 to wildcard111
[DEBUG] Dynamically added transition from wildcard48 to wildcard111
[DEBUG] Dynamically added transition from wildcard47 to wildcard111
[DEBUG] Dynamically added transition from wildcard46 to wildcard111
[DEBUG] Dynamically added transition from wildcard45 to wildcard111
[DEBUG] Dynamically added transition from wildcard44 to wildcard111
[DEBUG] Dynamically added transition from wildcard43 to wildcard111
[DEBUG] Dynamically added transition from wildcard42 to wildcard111
[DEBUG] Dynamically added transition from wildcard41 to wildcard111
[DEBUG] Dynamically added transition from wildcard40 to wildcard111
[DEBUG] Dynamically added transition from wildcard39 to wildcard111
[DEBUG] Dynamically added transition from wildcard59 to wildcard111
[DEBUG] Dynamically added transition from wildcard58 to wildcard111
[DEBUG] Dynamically added transition from middle to wildcard111
[DEBUG] Dynamically added transition from wildcard57 to wildcard111
[DEBUG] Dynamically added transition from wildcard56 to wildcard111
[DEBUG] Dynamically added transition from wildcard55 to wildcard111
[DEBUG] Dynamically added transition from wildcard54 to wildcard111
[DEBUG] Dynamically added transition from wildcard53 to wildcard111
[DEBUG] Dynamically added transition from wildcard52 to wildcard111
[DEBUG] Dynamically added transition from wildcard51 to wildcard111
[DEBUG] Dynamically added transition from wildcard50 to wildcard111
[DEBUG] Dynamically added transition from wildcard69 to wildcard111
[DEBUG] Dynamically added transition from wildcard68 to wildcard111
[DEBUG] Dynamically added transition from wildcard67 to wildcard111
[DEBUG] Dynamically added transition from wildcard66 to wildcard111
[DEBUG] Dynamically added transition from wildcard65 to wildcard111
[DEBUG] Dynamically added transition from wildcard64 to wildcard111
[DEBUG] Dynamically added transition from wildcard63 to wildcard111
[DEBUG] Dynamically added transition from wildcard62 to wildcard111
[DEBUG] Dynamically added transition from wildcard61 to wildcard111
[DEBUG] Dynamically added transition from wildcard60 to wildcard111
[DEBUG] Dynamically added transition from wildcard100 to wildcard111
[DEBUG] Dynamically added transition from wildcard107 to wildcard111
[DEBUG] Dynamically added transition from wildcard108 to wildcard111
[DEBUG] Dynamically added transition from wildcard105 to wildcard111
[DEBUG] Dynamically added transition from wildcard106 to wildcard111
[DEBUG] Dynamically added transition from wildcard103 to wildcard111
[DEBUG] Dynamically added transition from wildcard104 to wildcard111
[DEBUG] Dynamically added transition from wildcard101 to wildcard111
[DEBUG] Dynamically added transition from wildcard102 to wildcard111
[DEBUG] Dynamically added transition from wildcard79 to wildcard111
[DEBUG] Dynamically added transition from wildcard78 to wildcard111
[DEBUG] Dynamically added transition from wildcard77 to wildcard111
[DEBUG] Dynamically added transition from wildcard76 to wildcard111
[DEBUG] Dynamically added transition from wildcard109 to wildcard111
[DEBUG] Dynamically added transition from wildcard75 to wildcard111
[DEBUG] Dynamically added transition from wildcard74 to wildcard111
[DEBUG] Dynamically added transition from wildcard73 to wildcard111
[DEBUG] Dynamically added transition from wildcard72 to wildcard111
[DEBUG] Dynamically added transition from wildcard71 to wildcard111
[DEBUG] Dynamically added transition from wildcard70 to wildcard111
[DEBUG] Dynamically added transition from wildcard89 to wildcard111
[DEBUG] Dynamically added transition from wildcard88 to wildcard111
[DEBUG] Dynamically added transition from wildcard87 to wildcard111
[DEBUG] Dynamically added transition from wildcard86 to wildcard111
[DEBUG] Dynamically added transition from wildcard85 to wildcard111
[DEBUG] Dynamically added transition from wildcard84 to wildcard111
[DEBUG] Dynamically added transition from wildcard83 to wildcard111
[DEBUG] Dynamically added transition from wildcard82 to wildcard111
[DEBUG] Dynamically added transition from wildcard81 to wildcard111
[DEBUG] Dynamically added transition from wildcard80 to wildcard111
[DEBUG] Dynamically added transition from wildcard16 to wildcard111
[DEBUG] Dynamically added transition from wildcard15 to wildcard111
[DEBUG] Dynamically added transition from wildcard14 to wildcard111
[DEBUG] Dynamically added transition from wildcard13 to wildcard111
[DEBUG] Dynamically added transition from wildcard12 to wildcard111
[DEBUG] Dynamically added transition from wildcard11 to wildcard111
[DEBUG] Dynamically added transition from wildcard99 to wildcard111
[DEBUG] Dynamically added transition from wildcard10 to wildcard111
[DEBUG] Dynamically added transition from wildcard98 to wildcard111
[DEBUG] Dynamically added transition from wildcard97 to wildcard111
[DEBUG] Dynamically added transition from start to wildcard111
[DEBUG] Dynamically added transition from wildcard96 to wildcard111
[DEBUG] Dynamically added transition from wildcard95 to wildcard111
[DEBUG] Dynamically added transition from wildcard94 to wildcard111
[DEBUG] Dynamically added transition from wildcard93 to wildcard111
[DEBUG] Dynamically added transition from wildcard92 to wildcard111
[DEBUG] Dynamically added transition from wildcard91 to wildcard111
[DEBUG] Dynamically added transition from wildcard90 to wildcard111
[DEBUG] Dynamically added transition from wildcard111 to wildcard27
[DEBUG] Dynamically added transition from wildcard111 to wildcard26
[DEBUG] Dynamically added transition from wildcard111 to wildcard25
[DEBUG] Dynamically added transition from wildcard111 to wildcard24
[DEBUG] Dynamically added transition from wildcard111 to wildcard23
[DEBUG] Dynamically added transition from wildcard111 to wildcard22
[DEBUG] Dynamically added transition from wildcard111 to wildcard1
[DEBUG] Dynamically added transition from wildcard111 to wildcard21
[DEBUG] Dynamically added transition from wildcard111 to wildcard0
[DEBUG] Dynamically added transition from wildcard111 to wildcard20
[DEBUG] Dynamically added transition from wildcard111 to wildcard3
[DEBUG] Dynamically added transition from wildcard111 to wildcard2
[DEBUG] Dynamically added transition from wildcard111 to wildcard5
[DEBUG] Dynamically added transition from wildcard111 to wildcard4
[DEBUG] Dynamically added transition from wildcard111 to wildcard7
[DEBUG] Dynamically added transition from wildcard111 to wildcard6
[DEBUG] Dynamically added transition from wildcard111 to wildcard9
[DEBUG] Dynamically added transition from wildcard111 to wildcard8
[DEBUG] Dynamically added transition from wildcard111 to wildcard19
[DEBUG] Dynamically added transition from wildcard111 to wildcard18
[DEBUG] Dynamically added transition from wildcard111 to wildcard17
[DEBUG] Dynamically added transition from wildcard111 to wildcard38
[DEBUG] Dynamically added transition from wildcard111 to wildcard37
[DEBUG] Dynamically added transition from wildcard111 to wildcard36
[DEBUG] Dynamically added transition from wildcard111 to wildcard35
[DEBUG] Dynamically added transition from wildcard111 to wildcard34
[DEBUG] Dynamically added transition from wildcard111 to wildcard33
[DEBUG] Dynamically added transition from wildcard111 to wildcard32
[DEBUG] Dynamically added transition from wildcard111 to wildcard31
[DEBUG] Dynamically added transition from wildcard111 to wildcard30
[DEBUG] Dynamically added transition from wildcard111 to wildcard29
[DEBUG] Dynamically added transition from wildcard111 to wildcard28
[DEBUG] Dynamically added transition from wildcard111 to wildcard49
[DEBUG] Dynamically added transition from wildcard111 to wildcard48
[DEBUG] Dynamically added transition from wildcard111 to wildcard47
[DEBUG] Dynamically added transition from wildcard111 to wildcard46
[DEBUG] Dynamically added transition from wildcard111 to wildcard45
[DEBUG] Dynamically added transition from wildcard111 to wildcard44
[DEBUG] Dynamically added transition from wildcard111 to wildcard43
[DEBUG] Dynamically added transition from wildcard111 to wildcard42
[DEBUG] Dynamically added transition from wildcard111 to wildcard41
[DEBUG] Dynamically added transition from wildcard111 to wildcard40
[DEBUG] Dynamically added transition from wildcard111 to wildcard39
[DEBUG] Dynamically added transition from wildcard111 to wildcard59
[DEBUG] Dynamically added transition from wildcard111 to wildcard58
[DEBUG] Dynamically added transition from wildcard111 to middle
[DEBUG] Dynamically added transition from wildcard111 to wildcard57
[DEBUG] Dynamically added transition from wildcard111 to wildcard56
[DEBUG] Dynamically added transition from wildcard111 to wildcard55
[DEBUG] Dynamically added transition from wildcard111 to wildcard54
[DEBUG] Dynamically added transition from wildcard111 to wildcard53
[DEBUG] Dynamically added transition from wildcard111 to wildcard52
[DEBUG] Dynamically added transition from wildcard111 to wildcard51
[DEBUG] Dynamically added transition from wildcard111 to wildcard50
[DEBUG] Dynamically added transition from wildcard111 to wildcard69
[DEBUG] Dynamically added transition from wildcard111 to wildcard68
[DEBUG] Dynamically added transition from wildcard111 to wildcard67
[DEBUG] Dynamically added transition from wildcard111 to wildcard66
[DEBUG] Dynamically added transition from wildcard111 to wildcard65
[DEBUG] Dynamically added transition from wildcard111 to wildcard64
[DEBUG] Dynamically added transition from wildcard111 to wildcard63
[DEBUG] Dynamically added transition from wildcard111 to wildcard62
[DEBUG] Dynamically added transition from wildcard111 to wildcard61
[DEBUG] Dynamically added transition from wildcard111 to wildcard60
[DEBUG] Dynamically added transition from wildcard111 to wildcard100
[DEBUG] Dynamically added transition from wildcard111 to wildcard107
[DEBUG] Dynamically added transition from wildcard111 to wildcard108
[DEBUG] Dynamically added transition from wildcard111 to wildcard105
[DEBUG] Dynamically added transition from wildcard111 to wildcard106
[DEBUG] Dynamically added transition from wildcard111 to wildcard103
[DEBUG] Dynamically added transition from wildcard111 to wildcard104
[DEBUG] Dynamically added transition from wildcard111 to wildcard101
[DEBUG] Dynamically added transition from wildcard111 to wildcard102
[DEBUG] Dynamically added transition from wildcard111 to wildcard79
[DEBUG] Dynamically added transition from wildcard111 to wildcard78
[DEBUG] Dynamically added transition from wildcard111 to wildcard77
[DEBUG] Dynamically added transition from wildcard111 to wildcard76
[DEBUG] Dynamically added transition from wildcard111 to wildcard109
[DEBUG] Dynamically added transition from wildcard111 to wildcard75
[DEBUG] Dynamically added transition from wildcard111 to wildcard74
[DEBUG] Dynamically added transition from wildcard111 to wildcard73
[DEBUG] Dynamically added transition from wildcard111 to wildcard72
[DEBUG] Dynamically added transition from wildcard111 to wildcard71
[DEBUG] Dynamically added transition from wildcard111 to wildcard70
[DEBUG] Dynamically added transition from wildcard111 to wildcard110
[DEBUG] Dynamically added transition from wildcard111 to wildcard111
[DEBUG] Dynamically added transition from wildcard111 to .*
[DEBUG] Dynamically added transition from wildcard111 to wildcard89
[DEBUG] Dynamically added transition from wildcard111 to wildcard88
[DEBUG] Dynamically added transition from wildcard111 to wildcard87
[DEBUG] Dynamically added transition from wildcard111 to wildcard86
[DEBUG] Dynamically added transition from wildcard111 to INITIAL
[DEBUG] Dynamically added transition from wildcard111 to wildcard85
[DEBUG] Dynamically added transition from wildcard111 to wildcard84
[DEBUG] Dynamically added transition from wildcard111 to wildcard83
[DEBUG] Dynamically added transition from wildcard111 to wildcard82
[DEBUG] Dynamically added transition from wildcard111 to wildcard81
[DEBUG] Dynamically added transition from wildcard111 to wildcard80
[DEBUG] Dynamically added transition from wildcard111 to end
[DEBUG] Dynamically added transition from wildcard111 to wildcard16
[DEBUG] Dynamically added transition from wildcard111 to wildcard15
[DEBUG] Dynamically added transition from wildcard111 to wildcard14
[DEBUG] Dynamically added transition from wildcard111 to wildcard13
[DEBUG] Dynamically added transition from wildcard111 to wildcard12
[DEBUG] Dynamically added transition from wildcard111 to wildcard11
[DEBUG] Dynamically added transition from wildcard111 to wildcard99
[DEBUG] Dynamically added transition from wildcard111 to wildcard10
[DEBUG] Dynamically added transition from wildcard111 to wildcard98
[DEBUG] Dynamically added transition from wildcard111 to wildcard97
[DEBUG] Dynamically added transition from wildcard111 to start
[DEBUG] Dynamically added transition from wildcard111 to wildcard96
[DEBUG] Dynamically added transition from wildcard111 to wildcard95
[DEBUG] Dynamically added transition from wildcard111 to wildcard94
[DEBUG] Dynamically added transition from wildcard111 to wildcard93
[DEBUG] Dynamically added transition from wildcard111 to wildcard92
[DEBUG] Dynamically added transition from wildcard111 to wildcard91
[DEBUG] Dynamically added transition from wildcard111 to wildcard90
[INFO] Wildcard transition valid to state: wildcard111
[INFO] Wildcard transition detected from wildcard111 to wildcard112
[DEBUG] Created intermediate state for wildcard transition: wildcard112
[DEBUG] Dynamically added transition from wildcard111 to wildcard112
[DEBUG] Dynamically added transition from wildcard27 to wildcard112
[DEBUG] Dynamically added transition from wildcard26 to wildcard112
[DEBUG] Dynamically added transition from wildcard25 to wildcard112
[DEBUG] Dynamically added transition from wildcard24 to wildcard112
[DEBUG] Dynamically added transition from wildcard23 to wildcard112
[DEBUG] Dynamically added transition from wildcard22 to wildcard112
[DEBUG] Dynamically added transition from wildcard1 to wildcard112
[DEBUG] Dynamically added transition from wildcard21 to wildcard112
[DEBUG] Dynamically added transition from wildcard0 to wildcard112
[DEBUG] Dynamically added transition from wildcard20 to wildcard112
[DEBUG] Dynamically added transition from wildcard3 to wildcard112
[DEBUG] Dynamically added transition from wildcard2 to wildcard112
[DEBUG] Dynamically added transition from wildcard5 to wildcard112
[DEBUG] Dynamically added transition from wildcard4 to wildcard112
[DEBUG] Dynamically added transition from wildcard7 to wildcard112
[DEBUG] Dynamically added transition from wildcard6 to wildcard112
[DEBUG] Dynamically added transition from wildcard9 to wildcard112
[DEBUG] Dynamically added transition from wildcard8 to wildcard112
[DEBUG] Dynamically added transition from wildcard19 to wildcard112
[DEBUG] Dynamically added transition from wildcard18 to wildcard112
[DEBUG] Dynamically added transition from wildcard17 to wildcard112
[DEBUG] Dynamically added transition from wildcard38 to wildcard112
[DEBUG] Dynamically added transition from wildcard37 to wildcard112
[DEBUG] Dynamically added transition from wildcard36 to wildcard112
[DEBUG] Dynamically added transition from wildcard35 to wildcard112
[DEBUG] Dynamically added transition from wildcard34 to wildcard112
[DEBUG] Dynamically added transition from wildcard33 to wildcard112
[DEBUG] Dynamically added transition from wildcard32 to wildcard112
[DEBUG] Dynamically added transition from wildcard31 to wildcard112
[DEBUG] Dynamically added transition from wildcard30 to wildcard112
[DEBUG] Dynamically added transition from wildcard29 to wildcard112
[DEBUG] Dynamically added transition from wildcard28 to wildcard112
[DEBUG] Dynamically added transition from wildcard49 to wildcard112
[DEBUG] Dynamically added transition from wildcard48 to wildcard112
[DEBUG] Dynamically added transition from wildcard47 to wildcard112
[DEBUG] Dynamically added transition from wildcard46 to wildcard112
[DEBUG] Dynamically added transition from wildcard45 to wildcard112
[DEBUG] Dynamically added transition from wildcard44 to wildcard112
[DEBUG] Dynamically added transition from wildcard43 to wildcard112
[DEBUG] Dynamically added transition from wildcard42 to wildcard112
[DEBUG] Dynamically added transition from wildcard41 to wildcard112
[DEBUG] Dynamically added transition from wildcard40 to wildcard112
[DEBUG] Dynamically added transition from wildcard39 to wildcard112
[DEBUG] Dynamically added transition from wildcard59 to wildcard112
[DEBUG] Dynamically added transition from wildcard58 to wildcard112
[DEBUG] Dynamically added transition from middle to wildcard112
[DEBUG] Dynamically added transition from wildcard57 to wildcard112
[DEBUG] Dynamically added transition from wildcard56 to wildcard112
[DEBUG] Dynamically added transition from wildcard55 to wildcard112
[DEBUG] Dynamically added transition from wildcard54 to wildcard112
[DEBUG] Dynamically added transition from wildcard53 to wildcard112
[DEBUG] Dynamically added transition from wildcard52 to wildcard112
[DEBUG] Dynamically added transition from wildcard51 to wildcard112
[DEBUG] Dynamically added transition from wildcard50 to wildcard112
[DEBUG] Dynamically added transition from wildcard69 to wildcard112
[DEBUG] Dynamically added transition from wildcard68 to wildcard112
[DEBUG] Dynamically added transition from wildcard67 to wildcard112
[DEBUG] Dynamically added transition from wildcard66 to wildcard112
[DEBUG] Dynamically added transition from wildcard65 to wildcard112
[DEBUG] Dynamically added transition from wildcard64 to wildcard112
[DEBUG] Dynamically added transition from wildcard63 to wildcard112
[DEBUG] Dynamically added transition from wildcard62 to wildcard112
[DEBUG] Dynamically added transition from wildcard61 to wildcard112
[DEBUG] Dynamically added transition from wildcard60 to wildcard112
[DEBUG] Dynamically added transition from wildcard100 to wildcard112
[DEBUG] Dynamically added transition from wildcard107 to wildcard112
[DEBUG] Dynamically added transition from wildcard108 to wildcard112
[DEBUG] Dynamically added transition from wildcard105 to wildcard112
[DEBUG] Dynamically added transition from wildcard106 to wildcard112
[DEBUG] Dynamically added transition from wildcard103 to wildcard112
[DEBUG] Dynamically added transition from wildcard104 to wildcard112
[DEBUG] Dynamically added transition from wildcard101 to wildcard112
[DEBUG] Dynamically added transition from wildcard102 to wildcard112
[DEBUG] Dynamically added transition from wildcard79 to wildcard112
[DEBUG] Dynamically added transition from wildcard78 to wildcard112
[DEBUG] Dynamically added transition from wildcard77 to wildcard112
[DEBUG] Dynamically added transition from wildcard76 to wildcard112
[DEBUG] Dynamically added transition from wildcard109 to wildcard112
[DEBUG] Dynamically added transition from wildcard75 to wildcard112
[DEBUG] Dynamically added transition from wildcard74 to wildcard112
[DEBUG] Dynamically added transition from wildcard73 to wildcard112
[DEBUG] Dynamically added transition from wildcard72 to wildcard112
[DEBUG] Dynamically added transition from wildcard71 to wildcard112
[DEBUG] Dynamically added transition from wildcard70 to wildcard112
[DEBUG] Dynamically added transition from wildcard110 to wildcard112
[DEBUG] Dynamically added transition from wildcard89 to wildcard112
[DEBUG] Dynamically added transition from wildcard88 to wildcard112
[DEBUG] Dynamically added transition from wildcard87 to wildcard112
[DEBUG] Dynamically added transition from wildcard86 to wildcard112
[DEBUG] Dynamically added transition from wildcard85 to wildcard112
[DEBUG] Dynamically added transition from wildcard84 to wildcard112
[DEBUG] Dynamically added transition from wildcard83 to wildcard112
[DEBUG] Dynamically added transition from wildcard82 to wildcard112
[DEBUG] Dynamically added transition from wildcard81 to wildcard112
[DEBUG] Dynamically added transition from wildcard80 to wildcard112
[DEBUG] Dynamically added transition from wildcard16 to wildcard112
[DEBUG] Dynamically added transition from wildcard15 to wildcard112
[DEBUG] Dynamically added transition from wildcard14 to wildcard112
[DEBUG] Dynamically added transition from wildcard13 to wildcard112
[DEBUG] Dynamically added transition from wildcard12 to wildcard112
[DEBUG] Dynamically added transition from wildcard11 to wildcard112
[DEBUG] Dynamically added transition from wildcard99 to wildcard112
[DEBUG] Dynamically added transition from wildcard10 to wildcard112
[DEBUG] Dynamically added transition from wildcard98 to wildcard112
[DEBUG] Dynamically added transition from wildcard97 to wildcard112
[DEBUG] Dynamically added transition from start to wildcard112
[DEBUG] Dynamically added transition from wildcard96 to wildcard112
[DEBUG] Dynamically added transition from wildcard95 to wildcard112
[DEBUG] Dynamically added transition from wildcard94 to wildcard112
[DEBUG] Dynamically added transition from wildcard93 to wildcard112
[DEBUG] Dynamically added transition from wildcard92 to wildcard112
[DEBUG] Dynamically added transition from wildcard91 to wildcard112
[DEBUG] Dynamically added transition from wildcard90 to wildcard112
[DEBUG] Dynamically added transition from wildcard112 to wildcard27
[DEBUG] Dynamically added transition from wildcard112 to wildcard26
[DEBUG] Dynamically added transition from wildcard112 to wildcard25
[DEBUG] Dynamically added transition from wildcard112 to wildcard24
[DEBUG] Dynamically added transition from wildcard112 to wildcard23
[DEBUG] Dynamically added transition from wildcard112 to wildcard22
[DEBUG] Dynamically added transition from wildcard112 to wildcard1
[DEBUG] Dynamically added transition from wildcard112 to wildcard21
[DEBUG] Dynamically added transition from wildcard112 to wildcard0
[DEBUG] Dynamically added transition from wildcard112 to wildcard20
[DEBUG] Dynamically added transition from wildcard112 to wildcard3
[DEBUG] Dynamically added transition from wildcard112 to wildcard2
[DEBUG] Dynamically added transition from wildcard112 to wildcard5
[DEBUG] Dynamically added transition from wildcard112 to wildcard4
[DEBUG] Dynamically added transition from wildcard112 to wildcard7
[DEBUG] Dynamically added transition from wildcard112 to wildcard6
[DEBUG] Dynamically added transition from wildcard112 to wildcard9
[DEBUG] Dynamically added transition from wildcard112 to wildcard8
[DEBUG] Dynamically added transition from wildcard112 to wildcard19
[DEBUG] Dynamically added transition from wildcard112 to wildcard18
[DEBUG] Dynamically added transition from wildcard112 to wildcard17
[DEBUG] Dynamically added transition from wildcard112 to wildcard38
[DEBUG] Dynamically added transition from wildcard112 to wildcard37
[DEBUG] Dynamically added transition from wildcard112 to wildcard36
[DEBUG] Dynamically added transition from wildcard112 to wildcard35
[DEBUG] Dynamically added transition from wildcard112 to wildcard34
[DEBUG] Dynamically added transition from wildcard112 to wildcard33
[DEBUG] Dynamically added transition from wildcard112 to wildcard32
[DEBUG] Dynamically added transition from wildcard112 to wildcard31
[DEBUG] Dynamically added transition from wildcard112 to wildcard30
[DEBUG] Dynamically added transition from wildcard112 to wildcard29
[DEBUG] Dynamically added transition from wildcard112 to wildcard28
[DEBUG] Dynamically added transition from wildcard112 to wildcard49
[DEBUG] Dynamically added transition from wildcard112 to wildcard48
[DEBUG] Dynamically added transition from wildcard112 to wildcard47
[DEBUG] Dynamically added transition from wildcard112 to wildcard46
[DEBUG] Dynamically added transition from wildcard112 to wildcard45
[DEBUG] Dynamically added transition from wildcard112 to wildcard44
[DEBUG] Dynamically added transition from wildcard112 to wildcard43
[DEBUG] Dynamically added transition from wildcard112 to wildcard42
[DEBUG] Dynamically added transition from wildcard112 to wildcard41
[DEBUG] Dynamically added transition from wildcard112 to wildcard40
[DEBUG] Dynamically added transition from wildcard112 to wildcard39
[DEBUG] Dynamically added transition from wildcard112 to wildcard59
[DEBUG] Dynamically added transition from wildcard112 to wildcard58
[DEBUG] Dynamically added transition from wildcard112 to middle
[DEBUG] Dynamically added transition from wildcard112 to wildcard57
[DEBUG] Dynamically added transition from wildcard112 to wildcard56
[DEBUG] Dynamically added transition from wildcard112 to wildcard55
[DEBUG] Dynamically added transition from wildcard112 to wildcard54
[DEBUG] Dynamically added transition from wildcard112 to wildcard53
[DEBUG] Dynamically added transition from wildcard112 to wildcard52
[DEBUG] Dynamically added transition from wildcard112 to wildcard51
[DEBUG] Dynamically added transition from wildcard112 to wildcard50
[DEBUG] Dynamically added transition from wildcard112 to wildcard69
[DEBUG] Dynamically added transition from wildcard112 to wildcard68
[DEBUG] Dynamically added transition from wildcard112 to wildcard67
[DEBUG] Dynamically added transition from wildcard112 to wildcard66
[DEBUG] Dynamically added transition from wildcard112 to wildcard65
[DEBUG] Dynamically added transition from wildcard112 to wildcard64
[DEBUG] Dynamically added transition from wildcard112 to wildcard63
[DEBUG] Dynamically added transition from wildcard112 to wildcard62
[DEBUG] Dynamically added transition from wildcard112 to wildcard61
[DEBUG] Dynamically added transition from wildcard112 to wildcard60
[DEBUG] Dynamically added transition from wildcard112 to wildcard100
[DEBUG] Dynamically added transition from wildcard112 to wildcard107
[DEBUG] Dynamically added transition from wildcard112 to wildcard108
[DEBUG] Dynamically added transition from wildcard112 to wildcard105
[DEBUG] Dynamically added transition from wildcard112 to wildcard106
[DEBUG] Dynamically added transition from wildcard112 to wildcard103
[DEBUG] Dynamically added transition from wildcard112 to wildcard104
[DEBUG] Dynamically added transition from wildcard112 to wildcard101
[DEBUG] Dynamically added transition from wildcard112 to wildcard102
[DEBUG] Dynamically added transition from wildcard112 to wildcard79
[DEBUG] Dynamically added transition from wildcard112 to wildcard78
[DEBUG] Dynamically added transition from wildcard112 to wildcard77
[DEBUG] Dynamically added transition from wildcard112 to wildcard76
[DEBUG] Dynamically added transition from wildcard112 to wildcard109
[DEBUG] Dynamically added transition from wildcard112 to wildcard75
[DEBUG] Dynamically added transition from wildcard112 to wildcard74
[DEBUG] Dynamically added transition from wildcard112 to wildcard73
[DEBUG] Dynamically added transition from wildcard112 to wildcard72
[DEBUG] Dynamically added transition from wildcard112 to wildcard71
[DEBUG] Dynamically added transition from wildcard112 to wildcard70
[DEBUG] Dynamically added transition from wildcard112 to wildcard110
[DEBUG] Dynamically added transition from wildcard112 to wildcard111
[DEBUG] Dynamically added transition from wildcard112 to .*
[DEBUG] Dynamically added transition from wildcard112 to wildcard112
[DEBUG] Dynamically added transition from wildcard112 to wildcard89
[DEBUG] Dynamically added transition from wildcard112 to wildcard88
[DEBUG] Dynamically added transition from wildcard112 to wildcard87
[DEBUG] Dynamically added transition from wildcard112 to wildcard86
[DEBUG] Dynamically added transition from wildcard112 to INITIAL
[DEBUG] Dynamically added transition from wildcard112 to wildcard85
[DEBUG] Dynamically added transition from wildcard112 to wildcard84
[DEBUG] Dynamically added transition from wildcard112 to wildcard83
[DEBUG] Dynamically added transition from wildcard112 to wildcard82
[DEBUG] Dynamically added transition from wildcard112 to wildcard81
[DEBUG] Dynamically added transition from wildcard112 to wildcard80
[DEBUG] Dynamically added transition from wildcard112 to end
[DEBUG] Dynamically added transition from wildcard112 to wildcard16
[DEBUG] Dynamically added transition from wildcard112 to wildcard15
[DEBUG] Dynamically added transition from wildcard112 to wildcard14
[DEBUG] Dynamically added transition from wildcard112 to wildcard13
[DEBUG] Dynamically added transition from wildcard112 to wildcard12
[DEBUG] Dynamically added transition from wildcard112 to wildcard11
[DEBUG] Dynamically added transition from wildcard112 to wildcard99
[DEBUG] Dynamically added transition from wildcard112 to wildcard10
[DEBUG] Dynamically added transition from wildcard112 to wildcard98
[DEBUG] Dynamically added transition from wildcard112 to wildcard97
[DEBUG] Dynamically added transition from wildcard112 to start
[DEBUG] Dynamically added transition from wildcard112 to wildcard96
[DEBUG] Dynamically added transition from wildcard112 to wildcard95
[DEBUG] Dynamically added transition from wildcard112 to wildcard94
[DEBUG] Dynamically added transition from wildcard112 to wildcard93
[DEBUG] Dynamically added transition from wildcard112 to wildcard92
[DEBUG] Dynamically added transition from wildcard112 to wildcard91
[DEBUG] Dynamically added transition from wildcard112 to wildcard90
[INFO] Wildcard transition valid to state: wildcard112
[INFO] Wildcard transition detected from wildcard112 to wildcard113
[DEBUG] Created intermediate state for wildcard transition: wildcard113
[DEBUG] Dynamically added transition from wildcard112 to wildcard113
[DEBUG] Dynamically added transition from wildcard27 to wildcard113
[DEBUG] Dynamically added transition from wildcard26 to wildcard113
[DEBUG] Dynamically added transition from wildcard25 to wildcard113
[DEBUG] Dynamically added transition from wildcard24 to wildcard113
[DEBUG] Dynamically added transition from wildcard23 to wildcard113
[DEBUG] Dynamically added transition from wildcard22 to wildcard113
[DEBUG] Dynamically added transition from wildcard1 to wildcard113
[DEBUG] Dynamically added transition from wildcard21 to wildcard113
[DEBUG] Dynamically added transition from wildcard0 to wildcard113
[DEBUG] Dynamically added transition from wildcard20 to wildcard113
[DEBUG] Dynamically added transition from wildcard3 to wildcard113
[DEBUG] Dynamically added transition from wildcard2 to wildcard113
[DEBUG] Dynamically added transition from wildcard5 to wildcard113
[DEBUG] Dynamically added transition from wildcard4 to wildcard113
[DEBUG] Dynamically added transition from wildcard7 to wildcard113
[DEBUG] Dynamically added transition from wildcard6 to wildcard113
[DEBUG] Dynamically added transition from wildcard9 to wildcard113
[DEBUG] Dynamically added transition from wildcard8 to wildcard113
[DEBUG] Dynamically added transition from wildcard19 to wildcard113
[DEBUG] Dynamically added transition from wildcard18 to wildcard113
[DEBUG] Dynamically added transition from wildcard17 to wildcard113
[DEBUG] Dynamically added transition from wildcard38 to wildcard113
[DEBUG] Dynamically added transition from wildcard37 to wildcard113
[DEBUG] Dynamically added transition from wildcard36 to wildcard113
[DEBUG] Dynamically added transition from wildcard35 to wildcard113
[DEBUG] Dynamically added transition from wildcard34 to wildcard113
[DEBUG] Dynamically added transition from wildcard33 to wildcard113
[DEBUG] Dynamically added transition from wildcard32 to wildcard113
[DEBUG] Dynamically added transition from wildcard31 to wildcard113
[DEBUG] Dynamically added transition from wildcard30 to wildcard113
[DEBUG] Dynamically added transition from wildcard29 to wildcard113
[DEBUG] Dynamically added transition from wildcard28 to wildcard113
[DEBUG] Dynamically added transition from wildcard49 to wildcard113
[DEBUG] Dynamically added transition from wildcard48 to wildcard113
[DEBUG] Dynamically added transition from wildcard47 to wildcard113
[DEBUG] Dynamically added transition from wildcard46 to wildcard113
[DEBUG] Dynamically added transition from wildcard45 to wildcard113
[DEBUG] Dynamically added transition from wildcard44 to wildcard113
[DEBUG] Dynamically added transition from wildcard43 to wildcard113
[DEBUG] Dynamically added transition from wildcard42 to wildcard113
[DEBUG] Dynamically added transition from wildcard41 to wildcard113
[DEBUG] Dynamically added transition from wildcard40 to wildcard113
[DEBUG] Dynamically added transition from wildcard39 to wildcard113
[DEBUG] Dynamically added transition from wildcard59 to wildcard113
[DEBUG] Dynamically added transition from wildcard58 to wildcard113
[DEBUG] Dynamically added transition from middle to wildcard113
[DEBUG] Dynamically added transition from wildcard57 to wildcard113
[DEBUG] Dynamically added transition from wildcard56 to wildcard113
[DEBUG] Dynamically added transition from wildcard55 to wildcard113
[DEBUG] Dynamically added transition from wildcard54 to wildcard113
[DEBUG] Dynamically added transition from wildcard53 to wildcard113
[DEBUG] Dynamically added transition from wildcard52 to wildcard113
[DEBUG] Dynamically added transition from wildcard51 to wildcard113
[DEBUG] Dynamically added transition from wildcard50 to wildcard113
[DEBUG] Dynamically added transition from wildcard69 to wildcard113
[DEBUG] Dynamically added transition from wildcard68 to wildcard113
[DEBUG] Dynamically added transition from wildcard67 to wildcard113
[DEBUG] Dynamically added transition from wildcard66 to wildcard113
[DEBUG] Dynamically added transition from wildcard65 to wildcard113
[DEBUG] Dynamically added transition from wildcard64 to wildcard113
[DEBUG] Dynamically added transition from wildcard63 to wildcard113
[DEBUG] Dynamically added transition from wildcard62 to wildcard113
[DEBUG] Dynamically added transition from wildcard61 to wildcard113
[DEBUG] Dynamically added transition from wildcard60 to wildcard113
[DEBUG] Dynamically added transition from wildcard100 to wildcard113
[DEBUG] Dynamically added transition from wildcard107 to wildcard113
[DEBUG] Dynamically added transition from wildcard108 to wildcard113
[DEBUG] Dynamically added transition from wildcard105 to wildcard113
[DEBUG] Dynamically added transition from wildcard106 to wildcard113
[DEBUG] Dynamically added transition from wildcard103 to wildcard113
[DEBUG] Dynamically added transition from wildcard104 to wildcard113
[DEBUG] Dynamically added transition from wildcard101 to wildcard113
[DEBUG] Dynamically added transition from wildcard102 to wildcard113
[DEBUG] Dynamically added transition from wildcard79 to wildcard113
[DEBUG] Dynamically added transition from wildcard78 to wildcard113
[DEBUG] Dynamically added transition from wildcard77 to wildcard113
[DEBUG] Dynamically added transition from wildcard76 to wildcard113
[DEBUG] Dynamically added transition from wildcard109 to wildcard113
[DEBUG] Dynamically added transition from wildcard75 to wildcard113
[DEBUG] Dynamically added transition from wildcard74 to wildcard113
[DEBUG] Dynamically added transition from wildcard73 to wildcard113
[DEBUG] Dynamically added transition from wildcard72 to wildcard113
[DEBUG] Dynamically added transition from wildcard71 to wildcard113
[DEBUG] Dynamically added transition from wildcard70 to wildcard113
[DEBUG] Dynamically added transition from wildcard110 to wildcard113
[DEBUG] Dynamically added transition from wildcard111 to wildcard113
[DEBUG] Dynamically added transition from wildcard89 to wildcard113
[DEBUG] Dynamically added transition from wildcard88 to wildcard113
[DEBUG] Dynamically added transition from wildcard87 to wildcard113
[DEBUG] Dynamically added transition from wildcard86 to wildcard113
[DEBUG] Dynamically added transition from wildcard85 to wildcard113
[DEBUG] Dynamically added transition from wildcard84 to wildcard113
[DEBUG] Dynamically added transition from wildcard83 to wildcard113
[DEBUG] Dynamically added transition from wildcard82 to wildcard113
[DEBUG] Dynamically added transition from wildcard81 to wildcard113
[DEBUG] Dynamically added transition from wildcard80 to wildcard113
[DEBUG] Dynamically added transition from wildcard16 to wildcard113
[DEBUG] Dynamically added transition from wildcard15 to wildcard113
[DEBUG] Dynamically added transition from wildcard14 to wildcard113
[DEBUG] Dynamically added transition from wildcard13 to wildcard113
[DEBUG] Dynamically added transition from wildcard12 to wildcard113
[DEBUG] Dynamically added transition from wildcard11 to wildcard113
[DEBUG] Dynamically added transition from wildcard99 to wildcard113
[DEBUG] Dynamically added transition from wildcard10 to wildcard113
[DEBUG] Dynamically added transition from wildcard98 to wildcard113
[DEBUG] Dynamically added transition from wildcard97 to wildcard113
[DEBUG] Dynamically added transition from start to wildcard113
[DEBUG] Dynamically added transition from wildcard96 to wildcard113
[DEBUG] Dynamically added transition from wildcard95 to wildcard113
[DEBUG] Dynamically added transition from wildcard94 to wildcard113
[DEBUG] Dynamically added transition from wildcard93 to wildcard113
[DEBUG] Dynamically added transition from wildcard92 to wildcard113
[DEBUG] Dynamically added transition from wildcard91 to wildcard113
[DEBUG] Dynamically added transition from wildcard90 to wildcard113
[DEBUG] Dynamically added transition from wildcard113 to wildcard27
[DEBUG] Dynamically added transition from wildcard113 to wildcard26
[DEBUG] Dynamically added transition from wildcard113 to wildcard25
[DEBUG] Dynamically added transition from wildcard113 to wildcard24
[DEBUG] Dynamically added transition from wildcard113 to wildcard23
[DEBUG] Dynamically added transition from wildcard113 to wildcard22
[DEBUG] Dynamically added transition from wildcard113 to wildcard1
[DEBUG] Dynamically added transition from wildcard113 to wildcard21
[DEBUG] Dynamically added transition from wildcard113 to wildcard0
[DEBUG] Dynamically added transition from wildcard113 to wildcard20
[DEBUG] Dynamically added transition from wildcard113 to wildcard3
[DEBUG] Dynamically added transition from wildcard113 to wildcard2
[DEBUG] Dynamically added transition from wildcard113 to wildcard5
[DEBUG] Dynamically added transition from wildcard113 to wildcard4
[DEBUG] Dynamically added transition from wildcard113 to wildcard7
[DEBUG] Dynamically added transition from wildcard113 to wildcard6
[DEBUG] Dynamically added transition from wildcard113 to wildcard9
[DEBUG] Dynamically added transition from wildcard113 to wildcard8
[DEBUG] Dynamically added transition from wildcard113 to wildcard19
[DEBUG] Dynamically added transition from wildcard113 to wildcard18
[DEBUG] Dynamically added transition from wildcard113 to wildcard17
[DEBUG] Dynamically added transition from wildcard113 to wildcard38
[DEBUG] Dynamically added transition from wildcard113 to wildcard37
[DEBUG] Dynamically added transition from wildcard113 to wildcard36
[DEBUG] Dynamically added transition from wildcard113 to wildcard35
[DEBUG] Dynamically added transition from wildcard113 to wildcard34
[DEBUG] Dynamically added transition from wildcard113 to wildcard33
[DEBUG] Dynamically added transition from wildcard113 to wildcard32
[DEBUG] Dynamically added transition from wildcard113 to wildcard31
[DEBUG] Dynamically added transition from wildcard113 to wildcard30
[DEBUG] Dynamically added transition from wildcard113 to wildcard29
[DEBUG] Dynamically added transition from wildcard113 to wildcard28
[DEBUG] Dynamically added transition from wildcard113 to wildcard49
[DEBUG] Dynamically added transition from wildcard113 to wildcard48
[DEBUG] Dynamically added transition from wildcard113 to wildcard47
[DEBUG] Dynamically added transition from wildcard113 to wildcard46
[DEBUG] Dynamically added transition from wildcard113 to wildcard45
[DEBUG] Dynamically added transition from wildcard113 to wildcard44
[DEBUG] Dynamically added transition from wildcard113 to wildcard43
[DEBUG] Dynamically added transition from wildcard113 to wildcard42
[DEBUG] Dynamically added transition from wildcard113 to wildcard41
[DEBUG] Dynamically added transition from wildcard113 to wildcard40
[DEBUG] Dynamically added transition from wildcard113 to wildcard39
[DEBUG] Dynamically added transition from wildcard113 to wildcard59
[DEBUG] Dynamically added transition from wildcard113 to wildcard58
[DEBUG] Dynamically added transition from wildcard113 to middle
[DEBUG] Dynamically added transition from wildcard113 to wildcard57
[DEBUG] Dynamically added transition from wildcard113 to wildcard56
[DEBUG] Dynamically added transition from wildcard113 to wildcard55
[DEBUG] Dynamically added transition from wildcard113 to wildcard54
[DEBUG] Dynamically added transition from wildcard113 to wildcard53
[DEBUG] Dynamically added transition from wildcard113 to wildcard52
[DEBUG] Dynamically added transition from wildcard113 to wildcard51
[DEBUG] Dynamically added transition from wildcard113 to wildcard50
[DEBUG] Dynamically added transition from wildcard113 to wildcard69
[DEBUG] Dynamically added transition from wildcard113 to wildcard68
[DEBUG] Dynamically added transition from wildcard113 to wildcard67
[DEBUG] Dynamically added transition from wildcard113 to wildcard66
[DEBUG] Dynamically added transition from wildcard113 to wildcard65
[DEBUG] Dynamically added transition from wildcard113 to wildcard64
[DEBUG] Dynamically added transition from wildcard113 to wildcard63
[DEBUG] Dynamically added transition from wildcard113 to wildcard62
[DEBUG] Dynamically added transition from wildcard113 to wildcard61
[DEBUG] Dynamically added transition from wildcard113 to wildcard60
[DEBUG] Dynamically added transition from wildcard113 to wildcard100
[DEBUG] Dynamically added transition from wildcard113 to wildcard107
[DEBUG] Dynamically added transition from wildcard113 to wildcard108
[DEBUG] Dynamically added transition from wildcard113 to wildcard105
[DEBUG] Dynamically added transition from wildcard113 to wildcard106
[DEBUG] Dynamically added transition from wildcard113 to wildcard103
[DEBUG] Dynamically added transition from wildcard113 to wildcard104
[DEBUG] Dynamically added transition from wildcard113 to wildcard101
[DEBUG] Dynamically added transition from wildcard113 to wildcard102
[DEBUG] Dynamically added transition from wildcard113 to wildcard79
[DEBUG] Dynamically added transition from wildcard113 to wildcard78
[DEBUG] Dynamically added transition from wildcard113 to wildcard77
[DEBUG] Dynamically added transition from wildcard113 to wildcard76
[DEBUG] Dynamically added transition from wildcard113 to wildcard109
[DEBUG] Dynamically added transition from wildcard113 to wildcard75
[DEBUG] Dynamically added transition from wildcard113 to wildcard74
[DEBUG] Dynamically added transition from wildcard113 to wildcard73
[DEBUG] Dynamically added transition from wildcard113 to wildcard72
[DEBUG] Dynamically added transition from wildcard113 to wildcard71
[DEBUG] Dynamically added transition from wildcard113 to wildcard70
[DEBUG] Dynamically added transition from wildcard113 to wildcard110
[DEBUG] Dynamically added transition from wildcard113 to wildcard111
[DEBUG] Dynamically added transition from wildcard113 to .*
[DEBUG] Dynamically added transition from wildcard113 to wildcard112
[DEBUG] Dynamically added transition from wildcard113 to wildcard113
[DEBUG] Dynamically added transition from wildcard113 to wildcard89
[DEBUG] Dynamically added transition from wildcard113 to wildcard88
[DEBUG] Dynamically added transition from wildcard113 to wildcard87
[DEBUG] Dynamically added transition from wildcard113 to wildcard86
[DEBUG] Dynamically added transition from wildcard113 to INITIAL
[DEBUG] Dynamically added transition from wildcard113 to wildcard85
[DEBUG] Dynamically added transition from wildcard113 to wildcard84
[DEBUG] Dynamically added transition from wildcard113 to wildcard83
[DEBUG] Dynamically added transition from wildcard113 to wildcard82
[DEBUG] Dynamically added transition from wildcard113 to wildcard81
[DEBUG] Dynamically added transition from wildcard113 to wildcard80
[DEBUG] Dynamically added transition from wildcard113 to end
[DEBUG] Dynamically added transition from wildcard113 to wildcard16
[DEBUG] Dynamically added transition from wildcard113 to wildcard15
[DEBUG] Dynamically added transition from wildcard113 to wildcard14
[DEBUG] Dynamically added transition from wildcard113 to wildcard13
[DEBUG] Dynamically added transition from wildcard113 to wildcard12
[DEBUG] Dynamically added transition from wildcard113 to wildcard11
[DEBUG] Dynamically added transition from wildcard113 to wildcard99
[DEBUG] Dynamically added transition from wildcard113 to wildcard10
[DEBUG] Dynamically added transition from wildcard113 to wildcard98
[DEBUG] Dynamically added transition from wildcard113 to wildcard97
[DEBUG] Dynamically added transition from wildcard113 to start
[DEBUG] Dynamically added transition from wildcard113 to wildcard96
[DEBUG] Dynamically added transition from wildcard113 to wildcard95
[DEBUG] Dynamically added transition from wildcard113 to wildcard94
[DEBUG] Dynamically added transition from wildcard113 to wildcard93
[DEBUG] Dynamically added transition from wildcard113 to wildcard92
[DEBUG] Dynamically added transition from wildcard113 to wildcard91
[DEBUG] Dynamically added transition from wildcard113 to wildcard90
[INFO] Wildcard transition valid to state: wildcard113
[INFO] Wildcard transition detected from wildcard113 to wildcard114
[DEBUG] Created intermediate state for wildcard transition: wildcard114
[DEBUG] Dynamically added transition from wildcard113 to wildcard114
[DEBUG] Dynamically added transition from wildcard27 to wildcard114
[DEBUG] Dynamically added transition from wildcard26 to wildcard114
[DEBUG] Dynamically added transition from wildcard25 to wildcard114
[DEBUG] Dynamically added transition from wildcard24 to wildcard114
[DEBUG] Dynamically added transition from wildcard23 to wildcard114
[DEBUG] Dynamically added transition from wildcard22 to wildcard114
[DEBUG] Dynamically added transition from wildcard1 to wildcard114
[DEBUG] Dynamically added transition from wildcard21 to wildcard114
[DEBUG] Dynamically added transition from wildcard0 to wildcard114
[DEBUG] Dynamically added transition from wildcard20 to wildcard114
[DEBUG] Dynamically added transition from wildcard3 to wildcard114
[DEBUG] Dynamically added transition from wildcard2 to wildcard114
[DEBUG] Dynamically added transition from wildcard5 to wildcard114
[DEBUG] Dynamically added transition from wildcard4 to wildcard114
[DEBUG] Dynamically added transition from wildcard7 to wildcard114
[DEBUG] Dynamically added transition from wildcard6 to wildcard114
[DEBUG] Dynamically added transition from wildcard9 to wildcard114
[DEBUG] Dynamically added transition from wildcard8 to wildcard114
[DEBUG] Dynamically added transition from wildcard19 to wildcard114
[DEBUG] Dynamically added transition from wildcard18 to wildcard114
[DEBUG] Dynamically added transition from wildcard17 to wildcard114
[DEBUG] Dynamically added transition from wildcard38 to wildcard114
[DEBUG] Dynamically added transition from wildcard37 to wildcard114
[DEBUG] Dynamically added transition from wildcard36 to wildcard114
[DEBUG] Dynamically added transition from wildcard35 to wildcard114
[DEBUG] Dynamically added transition from wildcard34 to wildcard114
[DEBUG] Dynamically added transition from wildcard33 to wildcard114
[DEBUG] Dynamically added transition from wildcard32 to wildcard114
[DEBUG] Dynamically added transition from wildcard31 to wildcard114
[DEBUG] Dynamically added transition from wildcard30 to wildcard114
[DEBUG] Dynamically added transition from wildcard29 to wildcard114
[DEBUG] Dynamically added transition from wildcard28 to wildcard114
[DEBUG] Dynamically added transition from wildcard49 to wildcard114
[DEBUG] Dynamically added transition from wildcard48 to wildcard114
[DEBUG] Dynamically added transition from wildcard47 to wildcard114
[DEBUG] Dynamically added transition from wildcard46 to wildcard114
[DEBUG] Dynamically added transition from wildcard45 to wildcard114
[DEBUG] Dynamically added transition from wildcard44 to wildcard114
[DEBUG] Dynamically added transition from wildcard43 to wildcard114
[DEBUG] Dynamically added transition from wildcard42 to wildcard114
[DEBUG] Dynamically added transition from wildcard41 to wildcard114
[DEBUG] Dynamically added transition from wildcard40 to wildcard114
[DEBUG] Dynamically added transition from wildcard39 to wildcard114
[DEBUG] Dynamically added transition from wildcard59 to wildcard114
[DEBUG] Dynamically added transition from wildcard58 to wildcard114
[DEBUG] Dynamically added transition from middle to wildcard114
[DEBUG] Dynamically added transition from wildcard57 to wildcard114
[DEBUG] Dynamically added transition from wildcard56 to wildcard114
[DEBUG] Dynamically added transition from wildcard55 to wildcard114
[DEBUG] Dynamically added transition from wildcard54 to wildcard114
[DEBUG] Dynamically added transition from wildcard53 to wildcard114
[DEBUG] Dynamically added transition from wildcard52 to wildcard114
[DEBUG] Dynamically added transition from wildcard51 to wildcard114
[DEBUG] Dynamically added transition from wildcard50 to wildcard114
[DEBUG] Dynamically added transition from wildcard69 to wildcard114
[DEBUG] Dynamically added transition from wildcard68 to wildcard114
[DEBUG] Dynamically added transition from wildcard67 to wildcard114
[DEBUG] Dynamically added transition from wildcard66 to wildcard114
[DEBUG] Dynamically added transition from wildcard65 to wildcard114
[DEBUG] Dynamically added transition from wildcard64 to wildcard114
[DEBUG] Dynamically added transition from wildcard63 to wildcard114
[DEBUG] Dynamically added transition from wildcard62 to wildcard114
[DEBUG] Dynamically added transition from wildcard61 to wildcard114
[DEBUG] Dynamically added transition from wildcard60 to wildcard114
[DEBUG] Dynamically added transition from wildcard100 to wildcard114
[DEBUG] Dynamically added transition from wildcard107 to wildcard114
[DEBUG] Dynamically added transition from wildcard108 to wildcard114
[DEBUG] Dynamically added transition from wildcard105 to wildcard114
[DEBUG] Dynamically added transition from wildcard106 to wildcard114
[DEBUG] Dynamically added transition from wildcard103 to wildcard114
[DEBUG] Dynamically added transition from wildcard104 to wildcard114
[DEBUG] Dynamically added transition from wildcard101 to wildcard114
[DEBUG] Dynamically added transition from wildcard102 to wildcard114
[DEBUG] Dynamically added transition from wildcard79 to wildcard114
[DEBUG] Dynamically added transition from wildcard78 to wildcard114
[DEBUG] Dynamically added transition from wildcard77 to wildcard114
[DEBUG] Dynamically added transition from wildcard76 to wildcard114
[DEBUG] Dynamically added transition from wildcard109 to wildcard114
[DEBUG] Dynamically added transition from wildcard75 to wildcard114
[DEBUG] Dynamically added transition from wildcard74 to wildcard114
[DEBUG] Dynamically added transition from wildcard73 to wildcard114
[DEBUG] Dynamically added transition from wildcard72 to wildcard114
[DEBUG] Dynamically added transition from wildcard71 to wildcard114
[DEBUG] Dynamically added transition from wildcard70 to wildcard114
[DEBUG] Dynamically added transition from wildcard110 to wildcard114
[DEBUG] Dynamically added transition from wildcard111 to wildcard114
[DEBUG] Dynamically added transition from wildcard112 to wildcard114
[DEBUG] Dynamically added transition from wildcard89 to wildcard114
[DEBUG] Dynamically added transition from wildcard88 to wildcard114
[DEBUG] Dynamically added transition from wildcard87 to wildcard114
[DEBUG] Dynamically added transition from wildcard86 to wildcard114
[DEBUG] Dynamically added transition from wildcard85 to wildcard114
[DEBUG] Dynamically added transition from wildcard84 to wildcard114
[DEBUG] Dynamically added transition from wildcard83 to wildcard114
[DEBUG] Dynamically added transition from wildcard82 to wildcard114
[DEBUG] Dynamically added transition from wildcard81 to wildcard114
[DEBUG] Dynamically added transition from wildcard80 to wildcard114
[DEBUG] Dynamically added transition from wildcard16 to wildcard114
[DEBUG] Dynamically added transition from wildcard15 to wildcard114
[DEBUG] Dynamically added transition from wildcard14 to wildcard114
[DEBUG] Dynamically added transition from wildcard13 to wildcard114
[DEBUG] Dynamically added transition from wildcard12 to wildcard114
[DEBUG] Dynamically added transition from wildcard11 to wildcard114
[DEBUG] Dynamically added transition from wildcard99 to wildcard114
[DEBUG] Dynamically added transition from wildcard10 to wildcard114
[DEBUG] Dynamically added transition from wildcard98 to wildcard114
[DEBUG] Dynamically added transition from wildcard97 to wildcard114
[DEBUG] Dynamically added transition from start to wildcard114
[DEBUG] Dynamically added transition from wildcard96 to wildcard114
[DEBUG] Dynamically added transition from wildcard95 to wildcard114
[DEBUG] Dynamically added transition from wildcard94 to wildcard114
[DEBUG] Dynamically added transition from wildcard93 to wildcard114
[DEBUG] Dynamically added transition from wildcard92 to wildcard114
[DEBUG] Dynamically added transition from wildcard91 to wildcard114
[DEBUG] Dynamically added transition from wildcard90 to wildcard114
[DEBUG] Dynamically added transition from wildcard114 to wildcard27
[DEBUG] Dynamically added transition from wildcard114 to wildcard26
[DEBUG] Dynamically added transition from wildcard114 to wildcard25
[DEBUG] Dynamically added transition from wildcard114 to wildcard24
[DEBUG] Dynamically added transition from wildcard114 to wildcard23
[DEBUG] Dynamically added transition from wildcard114 to wildcard22
[DEBUG] Dynamically added transition from wildcard114 to wildcard1
[DEBUG] Dynamically added transition from wildcard114 to wildcard21
[DEBUG] Dynamically added transition from wildcard114 to wildcard0
[DEBUG] Dynamically added transition from wildcard114 to wildcard20
[DEBUG] Dynamically added transition from wildcard114 to wildcard3
[DEBUG] Dynamically added transition from wildcard114 to wildcard2
[DEBUG] Dynamically added transition from wildcard114 to wildcard5
[DEBUG] Dynamically added transition from wildcard114 to wildcard4
[DEBUG] Dynamically added transition from wildcard114 to wildcard7
[DEBUG] Dynamically added transition from wildcard114 to wildcard6
[DEBUG] Dynamically added transition from wildcard114 to wildcard9
[DEBUG] Dynamically added transition from wildcard114 to wildcard8
[DEBUG] Dynamically added transition from wildcard114 to wildcard19
[DEBUG] Dynamically added transition from wildcard114 to wildcard18
[DEBUG] Dynamically added transition from wildcard114 to wildcard17
[DEBUG] Dynamically added transition from wildcard114 to wildcard38
[DEBUG] Dynamically added transition from wildcard114 to wildcard37
[DEBUG] Dynamically added transition from wildcard114 to wildcard36
[DEBUG] Dynamically added transition from wildcard114 to wildcard35
[DEBUG] Dynamically added transition from wildcard114 to wildcard34
[DEBUG] Dynamically added transition from wildcard114 to wildcard33
[DEBUG] Dynamically added transition from wildcard114 to wildcard32
[DEBUG] Dynamically added transition from wildcard114 to wildcard31
[DEBUG] Dynamically added transition from wildcard114 to wildcard30
[DEBUG] Dynamically added transition from wildcard114 to wildcard29
[DEBUG] Dynamically added transition from wildcard114 to wildcard28
[DEBUG] Dynamically added transition from wildcard114 to wildcard49
[DEBUG] Dynamically added transition from wildcard114 to wildcard48
[DEBUG] Dynamically added transition from wildcard114 to wildcard47
[DEBUG] Dynamically added transition from wildcard114 to wildcard46
[DEBUG] Dynamically added transition from wildcard114 to wildcard45
[DEBUG] Dynamically added transition from wildcard114 to wildcard44
[DEBUG] Dynamically added transition from wildcard114 to wildcard43
[DEBUG] Dynamically added transition from wildcard114 to wildcard42
[DEBUG] Dynamically added transition from wildcard114 to wildcard41
[DEBUG] Dynamically added transition from wildcard114 to wildcard40
[DEBUG] Dynamically added transition from wildcard114 to wildcard39
[DEBUG] Dynamically added transition from wildcard114 to wildcard59
[DEBUG] Dynamically added transition from wildcard114 to wildcard58
[DEBUG] Dynamically added transition from wildcard114 to middle
[DEBUG] Dynamically added transition from wildcard114 to wildcard57
[DEBUG] Dynamically added transition from wildcard114 to wildcard56
[DEBUG] Dynamically added transition from wildcard114 to wildcard55
[DEBUG] Dynamically added transition from wildcard114 to wildcard54
[DEBUG] Dynamically added transition from wildcard114 to wildcard53
[DEBUG] Dynamically added transition from wildcard114 to wildcard52
[DEBUG] Dynamically added transition from wildcard114 to wildcard51
[DEBUG] Dynamically added transition from wildcard114 to wildcard50
[DEBUG] Dynamically added transition from wildcard114 to wildcard69
[DEBUG] Dynamically added transition from wildcard114 to wildcard68
[DEBUG] Dynamically added transition from wildcard114 to wildcard67
[DEBUG] Dynamically added transition from wildcard114 to wildcard66
[DEBUG] Dynamically added transition from wildcard114 to wildcard65
[DEBUG] Dynamically added transition from wildcard114 to wildcard64
[DEBUG] Dynamically added transition from wildcard114 to wildcard63
[DEBUG] Dynamically added transition from wildcard114 to wildcard62
[DEBUG] Dynamically added transition from wildcard114 to wildcard61
[DEBUG] Dynamically added transition from wildcard114 to wildcard60
[DEBUG] Dynamically added transition from wildcard114 to wildcard100
[DEBUG] Dynamically added transition from wildcard114 to wildcard107
[DEBUG] Dynamically added transition from wildcard114 to wildcard108
[DEBUG] Dynamically added transition from wildcard114 to wildcard105
[DEBUG] Dynamically added transition from wildcard114 to wildcard106
[DEBUG] Dynamically added transition from wildcard114 to wildcard103
[DEBUG] Dynamically added transition from wildcard114 to wildcard104
[DEBUG] Dynamically added transition from wildcard114 to wildcard101
[DEBUG] Dynamically added transition from wildcard114 to wildcard102
[DEBUG] Dynamically added transition from wildcard114 to wildcard79
[DEBUG] Dynamically added transition from wildcard114 to wildcard78
[DEBUG] Dynamically added transition from wildcard114 to wildcard77
[DEBUG] Dynamically added transition from wildcard114 to wildcard76
[DEBUG] Dynamically added transition from wildcard114 to wildcard109
[DEBUG] Dynamically added transition from wildcard114 to wildcard75
[DEBUG] Dynamically added transition from wildcard114 to wildcard74
[DEBUG] Dynamically added transition from wildcard114 to wildcard73
[DEBUG] Dynamically added transition from wildcard114 to wildcard72
[DEBUG] Dynamically added transition from wildcard114 to wildcard71
[DEBUG] Dynamically added transition from wildcard114 to wildcard70
[DEBUG] Dynamically added transition from wildcard114 to wildcard110
[DEBUG] Dynamically added transition from wildcard114 to wildcard111
[DEBUG] Dynamically added transition from wildcard114 to .*
[DEBUG] Dynamically added transition from wildcard114 to wildcard114
[DEBUG] Dynamically added transition from wildcard114 to wildcard112
[DEBUG] Dynamically added transition from wildcard114 to wildcard113
[DEBUG] Dynamically added transition from wildcard114 to wildcard89
[DEBUG] Dynamically added transition from wildcard114 to wildcard88
[DEBUG] Dynamically added transition from wildcard114 to wildcard87
[DEBUG] Dynamically added transition from wildcard114 to wildcard86
[DEBUG] Dynamically added transition from wildcard114 to INITIAL
[DEBUG] Dynamically added transition from wildcard114 to wildcard85
[DEBUG] Dynamically added transition from wildcard114 to wildcard84
[DEBUG] Dynamically added transition from wildcard114 to wildcard83
[DEBUG] Dynamically added transition from wildcard114 to wildcard82
[DEBUG] Dynamically added transition from wildcard114 to wildcard81
[DEBUG] Dynamically added transition from wildcard114 to wildcard80
[DEBUG] Dynamically added transition from wildcard114 to end
[DEBUG] Dynamically added transition from wildcard114 to wildcard16
[DEBUG] Dynamically added transition from wildcard114 to wildcard15
[DEBUG] Dynamically added transition from wildcard114 to wildcard14
[DEBUG] Dynamically added transition from wildcard114 to wildcard13
[DEBUG] Dynamically added transition from wildcard114 to wildcard12
[DEBUG] Dynamically added transition from wildcard114 to wildcard11
[DEBUG] Dynamically added transition from wildcard114 to wildcard99
[DEBUG] Dynamically added transition from wildcard114 to wildcard10
[DEBUG] Dynamically added transition from wildcard114 to wildcard98
[DEBUG] Dynamically added transition from wildcard114 to wildcard97
[DEBUG] Dynamically added transition from wildcard114 to start
[DEBUG] Dynamically added transition from wildcard114 to wildcard96
[DEBUG] Dynamically added transition from wildcard114 to wildcard95
[DEBUG] Dynamically added transition from wildcard114 to wildcard94
[DEBUG] Dynamically added transition from wildcard114 to wildcard93
[DEBUG] Dynamically added transition from wildcard114 to wildcard92
[DEBUG] Dynamically added transition from wildcard114 to wildcard91
[DEBUG] Dynamically added transition from wildcard114 to wildcard90
[INFO] Wildcard transition valid to state: wildcard114
[INFO] Wildcard transition detected from wildcard114 to wildcard115
[DEBUG] Created intermediate state for wildcard transition: wildcard115
[DEBUG] Dynamically added transition from wildcard114 to wildcard115
[DEBUG] Dynamically added transition from wildcard27 to wildcard115
[DEBUG] Dynamically added transition from wildcard26 to wildcard115
[DEBUG] Dynamically added transition from wildcard25 to wildcard115
[DEBUG] Dynamically added transition from wildcard24 to wildcard115
[DEBUG] Dynamically added transition from wildcard23 to wildcard115
[DEBUG] Dynamically added transition from wildcard22 to wildcard115
[DEBUG] Dynamically added transition from wildcard1 to wildcard115
[DEBUG] Dynamically added transition from wildcard21 to wildcard115
[DEBUG] Dynamically added transition from wildcard0 to wildcard115
[DEBUG] Dynamically added transition from wildcard20 to wildcard115
[DEBUG] Dynamically added transition from wildcard3 to wildcard115
[DEBUG] Dynamically added transition from wildcard2 to wildcard115
[DEBUG] Dynamically added transition from wildcard5 to wildcard115
[DEBUG] Dynamically added transition from wildcard4 to wildcard115
[DEBUG] Dynamically added transition from wildcard7 to wildcard115
[DEBUG] Dynamically added transition from wildcard6 to wildcard115
[DEBUG] Dynamically added transition from wildcard9 to wildcard115
[DEBUG] Dynamically added transition from wildcard8 to wildcard115
[DEBUG] Dynamically added transition from wildcard19 to wildcard115
[DEBUG] Dynamically added transition from wildcard18 to wildcard115
[DEBUG] Dynamically added transition from wildcard17 to wildcard115
[DEBUG] Dynamically added transition from wildcard38 to wildcard115
[DEBUG] Dynamically added transition from wildcard37 to wildcard115
[DEBUG] Dynamically added transition from wildcard36 to wildcard115
[DEBUG] Dynamically added transition from wildcard35 to wildcard115
[DEBUG] Dynamically added transition from wildcard34 to wildcard115
[DEBUG] Dynamically added transition from wildcard33 to wildcard115
[DEBUG] Dynamically added transition from wildcard32 to wildcard115
[DEBUG] Dynamically added transition from wildcard31 to wildcard115
[DEBUG] Dynamically added transition from wildcard30 to wildcard115
[DEBUG] Dynamically added transition from wildcard29 to wildcard115
[DEBUG] Dynamically added transition from wildcard28 to wildcard115
[DEBUG] Dynamically added transition from wildcard49 to wildcard115
[DEBUG] Dynamically added transition from wildcard48 to wildcard115
[DEBUG] Dynamically added transition from wildcard47 to wildcard115
[DEBUG] Dynamically added transition from wildcard46 to wildcard115
[DEBUG] Dynamically added transition from wildcard45 to wildcard115
[DEBUG] Dynamically added transition from wildcard44 to wildcard115
[DEBUG] Dynamically added transition from wildcard43 to wildcard115
[DEBUG] Dynamically added transition from wildcard42 to wildcard115
[DEBUG] Dynamically added transition from wildcard41 to wildcard115
[DEBUG] Dynamically added transition from wildcard40 to wildcard115
[DEBUG] Dynamically added transition from wildcard39 to wildcard115
[DEBUG] Dynamically added transition from wildcard59 to wildcard115
[DEBUG] Dynamically added transition from wildcard58 to wildcard115
[DEBUG] Dynamically added transition from middle to wildcard115
[DEBUG] Dynamically added transition from wildcard57 to wildcard115
[DEBUG] Dynamically added transition from wildcard56 to wildcard115
[DEBUG] Dynamically added transition from wildcard55 to wildcard115
[DEBUG] Dynamically added transition from wildcard54 to wildcard115
[DEBUG] Dynamically added transition from wildcard53 to wildcard115
[DEBUG] Dynamically added transition from wildcard52 to wildcard115
[DEBUG] Dynamically added transition from wildcard51 to wildcard115
[DEBUG] Dynamically added transition from wildcard50 to wildcard115
[DEBUG] Dynamically added transition from wildcard69 to wildcard115
[DEBUG] Dynamically added transition from wildcard68 to wildcard115
[DEBUG] Dynamically added transition from wildcard67 to wildcard115
[DEBUG] Dynamically added transition from wildcard66 to wildcard115
[DEBUG] Dynamically added transition from wildcard65 to wildcard115
[DEBUG] Dynamically added transition from wildcard64 to wildcard115
[DEBUG] Dynamically added transition from wildcard63 to wildcard115
[DEBUG] Dynamically added transition from wildcard62 to wildcard115
[DEBUG] Dynamically added transition from wildcard61 to wildcard115
[DEBUG] Dynamically added transition from wildcard60 to wildcard115
[DEBUG] Dynamically added transition from wildcard100 to wildcard115
[DEBUG] Dynamically added transition from wildcard107 to wildcard115
[DEBUG] Dynamically added transition from wildcard108 to wildcard115
[DEBUG] Dynamically added transition from wildcard105 to wildcard115
[DEBUG] Dynamically added transition from wildcard106 to wildcard115
[DEBUG] Dynamically added transition from wildcard103 to wildcard115
[DEBUG] Dynamically added transition from wildcard104 to wildcard115
[DEBUG] Dynamically added transition from wildcard101 to wildcard115
[DEBUG] Dynamically added transition from wildcard102 to wildcard115
[DEBUG] Dynamically added transition from wildcard79 to wildcard115
[DEBUG] Dynamically added transition from wildcard78 to wildcard115
[DEBUG] Dynamically added transition from wildcard77 to wildcard115
[DEBUG] Dynamically added transition from wildcard76 to wildcard115
[DEBUG] Dynamically added transition from wildcard109 to wildcard115
[DEBUG] Dynamically added transition from wildcard75 to wildcard115
[DEBUG] Dynamically added transition from wildcard74 to wildcard115
[DEBUG] Dynamically added transition from wildcard73 to wildcard115
[DEBUG] Dynamically added transition from wildcard72 to wildcard115
[DEBUG] Dynamically added transition from wildcard71 to wildcard115
[DEBUG] Dynamically added transition from wildcard70 to wildcard115
[DEBUG] Dynamically added transition from wildcard110 to wildcard115
[DEBUG] Dynamically added transition from wildcard111 to wildcard115
[DEBUG] Dynamically added transition from wildcard112 to wildcard115
[DEBUG] Dynamically added transition from wildcard113 to wildcard115
[DEBUG] Dynamically added transition from wildcard89 to wildcard115
[DEBUG] Dynamically added transition from wildcard88 to wildcard115
[DEBUG] Dynamically added transition from wildcard87 to wildcard115
[DEBUG] Dynamically added transition from wildcard86 to wildcard115
[DEBUG] Dynamically added transition from wildcard85 to wildcard115
[DEBUG] Dynamically added transition from wildcard84 to wildcard115
[DEBUG] Dynamically added transition from wildcard83 to wildcard115
[DEBUG] Dynamically added transition from wildcard82 to wildcard115
[DEBUG] Dynamically added transition from wildcard81 to wildcard115
[DEBUG] Dynamically added transition from wildcard80 to wildcard115
[DEBUG] Dynamically added transition from wildcard16 to wildcard115
[DEBUG] Dynamically added transition from wildcard15 to wildcard115
[DEBUG] Dynamically added transition from wildcard14 to wildcard115
[DEBUG] Dynamically added transition from wildcard13 to wildcard115
[DEBUG] Dynamically added transition from wildcard12 to wildcard115
[DEBUG] Dynamically added transition from wildcard11 to wildcard115
[DEBUG] Dynamically added transition from wildcard99 to wildcard115
[DEBUG] Dynamically added transition from wildcard10 to wildcard115
[DEBUG] Dynamically added transition from wildcard98 to wildcard115
[DEBUG] Dynamically added transition from wildcard97 to wildcard115
[DEBUG] Dynamically added transition from start to wildcard115
[DEBUG] Dynamically added transition from wildcard96 to wildcard115
[DEBUG] Dynamically added transition from wildcard95 to wildcard115
[DEBUG] Dynamically added transition from wildcard94 to wildcard115
[DEBUG] Dynamically added transition from wildcard93 to wildcard115
[DEBUG] Dynamically added transition from wildcard92 to wildcard115
[DEBUG] Dynamically added transition from wildcard91 to wildcard115
[DEBUG] Dynamically added transition from wildcard90 to wildcard115
[DEBUG] Dynamically added transition from wildcard115 to wildcard27
[DEBUG] Dynamically added transition from wildcard115 to wildcard26
[DEBUG] Dynamically added transition from wildcard115 to wildcard25
[DEBUG] Dynamically added transition from wildcard115 to wildcard24
[DEBUG] Dynamically added transition from wildcard115 to wildcard23
[DEBUG] Dynamically added transition from wildcard115 to wildcard22
[DEBUG] Dynamically added transition from wildcard115 to wildcard1
[DEBUG] Dynamically added transition from wildcard115 to wildcard21
[DEBUG] Dynamically added transition from wildcard115 to wildcard0
[DEBUG] Dynamically added transition from wildcard115 to wildcard20
[DEBUG] Dynamically added transition from wildcard115 to wildcard3
[DEBUG] Dynamically added transition from wildcard115 to wildcard2
[DEBUG] Dynamically added transition from wildcard115 to wildcard5
[DEBUG] Dynamically added transition from wildcard115 to wildcard4
[DEBUG] Dynamically added transition from wildcard115 to wildcard7
[DEBUG] Dynamically added transition from wildcard115 to wildcard6
[DEBUG] Dynamically added transition from wildcard115 to wildcard9
[DEBUG] Dynamically added transition from wildcard115 to wildcard8
[DEBUG] Dynamically added transition from wildcard115 to wildcard19
[DEBUG] Dynamically added transition from wildcard115 to wildcard18
[DEBUG] Dynamically added transition from wildcard115 to wildcard17
[DEBUG] Dynamically added transition from wildcard115 to wildcard38
[DEBUG] Dynamically added transition from wildcard115 to wildcard37
[DEBUG] Dynamically added transition from wildcard115 to wildcard36
[DEBUG] Dynamically added transition from wildcard115 to wildcard35
[DEBUG] Dynamically added transition from wildcard115 to wildcard34
[DEBUG] Dynamically added transition from wildcard115 to wildcard33
[DEBUG] Dynamically added transition from wildcard115 to wildcard32
[DEBUG] Dynamically added transition from wildcard115 to wildcard31
[DEBUG] Dynamically added transition from wildcard115 to wildcard30
[DEBUG] Dynamically added transition from wildcard115 to wildcard29
[DEBUG] Dynamically added transition from wildcard115 to wildcard28
[DEBUG] Dynamically added transition from wildcard115 to wildcard49
[DEBUG] Dynamically added transition from wildcard115 to wildcard48
[DEBUG] Dynamically added transition from wildcard115 to wildcard47
[DEBUG] Dynamically added transition from wildcard115 to wildcard46
[DEBUG] Dynamically added transition from wildcard115 to wildcard45
[DEBUG] Dynamically added transition from wildcard115 to wildcard44
[DEBUG] Dynamically added transition from wildcard115 to wildcard43
[DEBUG] Dynamically added transition from wildcard115 to wildcard42
[DEBUG] Dynamically added transition from wildcard115 to wildcard41
[DEBUG] Dynamically added transition from wildcard115 to wildcard40
[DEBUG] Dynamically added transition from wildcard115 to wildcard39
[DEBUG] Dynamically added transition from wildcard115 to wildcard59
[DEBUG] Dynamically added transition from wildcard115 to wildcard58
[DEBUG] Dynamically added transition from wildcard115 to middle
[DEBUG] Dynamically added transition from wildcard115 to wildcard57
[DEBUG] Dynamically added transition from wildcard115 to wildcard56
[DEBUG] Dynamically added transition from wildcard115 to wildcard55
[DEBUG] Dynamically added transition from wildcard115 to wildcard54
[DEBUG] Dynamically added transition from wildcard115 to wildcard53
[DEBUG] Dynamically added transition from wildcard115 to wildcard52
[DEBUG] Dynamically added transition from wildcard115 to wildcard51
[DEBUG] Dynamically added transition from wildcard115 to wildcard50
[DEBUG] Dynamically added transition from wildcard115 to wildcard69
[DEBUG] Dynamically added transition from wildcard115 to wildcard68
[DEBUG] Dynamically added transition from wildcard115 to wildcard67
[DEBUG] Dynamically added transition from wildcard115 to wildcard66
[DEBUG] Dynamically added transition from wildcard115 to wildcard65
[DEBUG] Dynamically added transition from wildcard115 to wildcard64
[DEBUG] Dynamically added transition from wildcard115 to wildcard63
[DEBUG] Dynamically added transition from wildcard115 to wildcard62
[DEBUG] Dynamically added transition from wildcard115 to wildcard61
[DEBUG] Dynamically added transition from wildcard115 to wildcard60
[DEBUG] Dynamically added transition from wildcard115 to wildcard100
[DEBUG] Dynamically added transition from wildcard115 to wildcard107
[DEBUG] Dynamically added transition from wildcard115 to wildcard108
[DEBUG] Dynamically added transition from wildcard115 to wildcard105
[DEBUG] Dynamically added transition from wildcard115 to wildcard106
[DEBUG] Dynamically added transition from wildcard115 to wildcard103
[DEBUG] Dynamically added transition from wildcard115 to wildcard104
[DEBUG] Dynamically added transition from wildcard115 to wildcard101
[DEBUG] Dynamically added transition from wildcard115 to wildcard102
[DEBUG] Dynamically added transition from wildcard115 to wildcard79
[DEBUG] Dynamically added transition from wildcard115 to wildcard78
[DEBUG] Dynamically added transition from wildcard115 to wildcard77
[DEBUG] Dynamically added transition from wildcard115 to wildcard76
[DEBUG] Dynamically added transition from wildcard115 to wildcard109
[DEBUG] Dynamically added transition from wildcard115 to wildcard75
[DEBUG] Dynamically added transition from wildcard115 to wildcard74
[DEBUG] Dynamically added transition from wildcard115 to wildcard73
[DEBUG] Dynamically added transition from wildcard115 to wildcard72
[DEBUG] Dynamically added transition from wildcard115 to wildcard71
[DEBUG] Dynamically added transition from wildcard115 to wildcard70
[DEBUG] Dynamically added transition from wildcard115 to wildcard110
[DEBUG] Dynamically added transition from wildcard115 to wildcard111
[DEBUG] Dynamically added transition from wildcard115 to .*
[DEBUG] Dynamically added transition from wildcard115 to wildcard114
[DEBUG] Dynamically added transition from wildcard115 to wildcard115
[DEBUG] Dynamically added transition from wildcard115 to wildcard112
[DEBUG] Dynamically added transition from wildcard115 to wildcard113
[DEBUG] Dynamically added transition from wildcard115 to wildcard89
[DEBUG] Dynamically added transition from wildcard115 to wildcard88
[DEBUG] Dynamically added transition from wildcard115 to wildcard87
[DEBUG] Dynamically added transition from wildcard115 to wildcard86
[DEBUG] Dynamically added transition from wildcard115 to INITIAL
[DEBUG] Dynamically added transition from wildcard115 to wildcard85
[DEBUG] Dynamically added transition from wildcard115 to wildcard84
[DEBUG] Dynamically added transition from wildcard115 to wildcard83
[DEBUG] Dynamically added transition from wildcard115 to wildcard82
[DEBUG] Dynamically added transition from wildcard115 to wildcard81
[DEBUG] Dynamically added transition from wildcard115 to wildcard80
[DEBUG] Dynamically added transition from wildcard115 to end
[DEBUG] Dynamically added transition from wildcard115 to wildcard16
[DEBUG] Dynamically added transition from wildcard115 to wildcard15
[DEBUG] Dynamically added transition from wildcard115 to wildcard14
[DEBUG] Dynamically added transition from wildcard115 to wildcard13
[DEBUG] Dynamically added transition from wildcard115 to wildcard12
[DEBUG] Dynamically added transition from wildcard115 to wildcard11
[DEBUG] Dynamically added transition from wildcard115 to wildcard99
[DEBUG] Dynamically added transition from wildcard115 to wildcard10
[DEBUG] Dynamically added transition from wildcard115 to wildcard98
[DEBUG] Dynamically added transition from wildcard115 to wildcard97
[DEBUG] Dynamically added transition from wildcard115 to start
[DEBUG] Dynamically added transition from wildcard115 to wildcard96
[DEBUG] Dynamically added transition from wildcard115 to wildcard95
[DEBUG] Dynamically added transition from wildcard115 to wildcard94
[DEBUG] Dynamically added transition from wildcard115 to wildcard93
[DEBUG] Dynamically added transition from wildcard115 to wildcard92
[DEBUG] Dynamically added transition from wildcard115 to wildcard91
[DEBUG] Dynamically added transition from wildcard115 to wildcard90
[INFO] Wildcard transition valid to state: wildcard115
[INFO] Wildcard transition detected from wildcard115 to wildcard116
[DEBUG] Created intermediate state for wildcard transition: wildcard116
[DEBUG] Dynamically added transition from wildcard115 to wildcard116
[DEBUG] Dynamically added transition from wildcard27 to wildcard116
[DEBUG] Dynamically added transition from wildcard26 to wildcard116
[DEBUG] Dynamically added transition from wildcard25 to wildcard116
[DEBUG] Dynamically added transition from wildcard24 to wildcard116
[DEBUG] Dynamically added transition from wildcard23 to wildcard116
[DEBUG] Dynamically added transition from wildcard22 to wildcard116
[DEBUG] Dynamically added transition from wildcard1 to wildcard116
[DEBUG] Dynamically added transition from wildcard21 to wildcard116
[DEBUG] Dynamically added transition from wildcard0 to wildcard116
[DEBUG] Dynamically added transition from wildcard20 to wildcard116
[DEBUG] Dynamically added transition from wildcard3 to wildcard116
[DEBUG] Dynamically added transition from wildcard2 to wildcard116
[DEBUG] Dynamically added transition from wildcard5 to wildcard116
[DEBUG] Dynamically added transition from wildcard4 to wildcard116
[DEBUG] Dynamically added transition from wildcard7 to wildcard116
[DEBUG] Dynamically added transition from wildcard6 to wildcard116
[DEBUG] Dynamically added transition from wildcard9 to wildcard116
[DEBUG] Dynamically added transition from wildcard8 to wildcard116
[DEBUG] Dynamically added transition from wildcard19 to wildcard116
[DEBUG] Dynamically added transition from wildcard18 to wildcard116
[DEBUG] Dynamically added transition from wildcard17 to wildcard116
[DEBUG] Dynamically added transition from wildcard38 to wildcard116
[DEBUG] Dynamically added transition from wildcard37 to wildcard116
[DEBUG] Dynamically added transition from wildcard36 to wildcard116
[DEBUG] Dynamically added transition from wildcard35 to wildcard116
[DEBUG] Dynamically added transition from wildcard34 to wildcard116
[DEBUG] Dynamically added transition from wildcard33 to wildcard116
[DEBUG] Dynamically added transition from wildcard32 to wildcard116
[DEBUG] Dynamically added transition from wildcard31 to wildcard116
[DEBUG] Dynamically added transition from wildcard30 to wildcard116
[DEBUG] Dynamically added transition from wildcard29 to wildcard116
[DEBUG] Dynamically added transition from wildcard28 to wildcard116
[DEBUG] Dynamically added transition from wildcard49 to wildcard116
[DEBUG] Dynamically added transition from wildcard48 to wildcard116
[DEBUG] Dynamically added transition from wildcard47 to wildcard116
[DEBUG] Dynamically added transition from wildcard46 to wildcard116
[DEBUG] Dynamically added transition from wildcard45 to wildcard116
[DEBUG] Dynamically added transition from wildcard44 to wildcard116
[DEBUG] Dynamically added transition from wildcard43 to wildcard116
[DEBUG] Dynamically added transition from wildcard42 to wildcard116
[DEBUG] Dynamically added transition from wildcard41 to wildcard116
[DEBUG] Dynamically added transition from wildcard40 to wildcard116
[DEBUG] Dynamically added transition from wildcard39 to wildcard116
[DEBUG] Dynamically added transition from wildcard59 to wildcard116
[DEBUG] Dynamically added transition from wildcard58 to wildcard116
[DEBUG] Dynamically added transition from middle to wildcard116
[DEBUG] Dynamically added transition from wildcard57 to wildcard116
[DEBUG] Dynamically added transition from wildcard56 to wildcard116
[DEBUG] Dynamically added transition from wildcard55 to wildcard116
[DEBUG] Dynamically added transition from wildcard54 to wildcard116
[DEBUG] Dynamically added transition from wildcard53 to wildcard116
[DEBUG] Dynamically added transition from wildcard52 to wildcard116
[DEBUG] Dynamically added transition from wildcard51 to wildcard116
[DEBUG] Dynamically added transition from wildcard50 to wildcard116
[DEBUG] Dynamically added transition from wildcard69 to wildcard116
[DEBUG] Dynamically added transition from wildcard68 to wildcard116
[DEBUG] Dynamically added transition from wildcard67 to wildcard116
[DEBUG] Dynamically added transition from wildcard66 to wildcard116
[DEBUG] Dynamically added transition from wildcard65 to wildcard116
[DEBUG] Dynamically added transition from wildcard64 to wildcard116
[DEBUG] Dynamically added transition from wildcard63 to wildcard116
[DEBUG] Dynamically added transition from wildcard62 to wildcard116
[DEBUG] Dynamically added transition from wildcard61 to wildcard116
[DEBUG] Dynamically added transition from wildcard60 to wildcard116
[DEBUG] Dynamically added transition from wildcard100 to wildcard116
[DEBUG] Dynamically added transition from wildcard107 to wildcard116
[DEBUG] Dynamically added transition from wildcard108 to wildcard116
[DEBUG] Dynamically added transition from wildcard105 to wildcard116
[DEBUG] Dynamically added transition from wildcard106 to wildcard116
[DEBUG] Dynamically added transition from wildcard103 to wildcard116
[DEBUG] Dynamically added transition from wildcard104 to wildcard116
[DEBUG] Dynamically added transition from wildcard101 to wildcard116
[DEBUG] Dynamically added transition from wildcard102 to wildcard116
[DEBUG] Dynamically added transition from wildcard79 to wildcard116
[DEBUG] Dynamically added transition from wildcard78 to wildcard116
[DEBUG] Dynamically added transition from wildcard77 to wildcard116
[DEBUG] Dynamically added transition from wildcard76 to wildcard116
[DEBUG] Dynamically added transition from wildcard109 to wildcard116
[DEBUG] Dynamically added transition from wildcard75 to wildcard116
[DEBUG] Dynamically added transition from wildcard74 to wildcard116
[DEBUG] Dynamically added transition from wildcard73 to wildcard116
[DEBUG] Dynamically added transition from wildcard72 to wildcard116
[DEBUG] Dynamically added transition from wildcard71 to wildcard116
[DEBUG] Dynamically added transition from wildcard70 to wildcard116
[DEBUG] Dynamically added transition from wildcard110 to wildcard116
[DEBUG] Dynamically added transition from wildcard111 to wildcard116
[DEBUG] Dynamically added transition from wildcard114 to wildcard116
[DEBUG] Dynamically added transition from wildcard112 to wildcard116
[DEBUG] Dynamically added transition from wildcard113 to wildcard116
[DEBUG] Dynamically added transition from wildcard89 to wildcard116
[DEBUG] Dynamically added transition from wildcard88 to wildcard116
[DEBUG] Dynamically added transition from wildcard87 to wildcard116
[DEBUG] Dynamically added transition from wildcard86 to wildcard116
[DEBUG] Dynamically added transition from wildcard85 to wildcard116
[DEBUG] Dynamically added transition from wildcard84 to wildcard116
[DEBUG] Dynamically added transition from wildcard83 to wildcard116
[DEBUG] Dynamically added transition from wildcard82 to wildcard116
[DEBUG] Dynamically added transition from wildcard81 to wildcard116
[DEBUG] Dynamically added transition from wildcard80 to wildcard116
[DEBUG] Dynamically added transition from wildcard16 to wildcard116
[DEBUG] Dynamically added transition from wildcard15 to wildcard116
[DEBUG] Dynamically added transition from wildcard14 to wildcard116
[DEBUG] Dynamically added transition from wildcard13 to wildcard116
[DEBUG] Dynamically added transition from wildcard12 to wildcard116
[DEBUG] Dynamically added transition from wildcard11 to wildcard116
[DEBUG] Dynamically added transition from wildcard99 to wildcard116
[DEBUG] Dynamically added transition from wildcard10 to wildcard116
[DEBUG] Dynamically added transition from wildcard98 to wildcard116
[DEBUG] Dynamically added transition from wildcard97 to wildcard116
[DEBUG] Dynamically added transition from start to wildcard116
[DEBUG] Dynamically added transition from wildcard96 to wildcard116
[DEBUG] Dynamically added transition from wildcard95 to wildcard116
[DEBUG] Dynamically added transition from wildcard94 to wildcard116
[DEBUG] Dynamically added transition from wildcard93 to wildcard116
[DEBUG] Dynamically added transition from wildcard92 to wildcard116
[DEBUG] Dynamically added transition from wildcard91 to wildcard116
[DEBUG] Dynamically added transition from wildcard90 to wildcard116
[DEBUG] Dynamically added transition from wildcard116 to wildcard27
[DEBUG] Dynamically added transition from wildcard116 to wildcard26
[DEBUG] Dynamically added transition from wildcard116 to wildcard25
[DEBUG] Dynamically added transition from wildcard116 to wildcard24
[DEBUG] Dynamically added transition from wildcard116 to wildcard23
[DEBUG] Dynamically added transition from wildcard116 to wildcard22
[DEBUG] Dynamically added transition from wildcard116 to wildcard1
[DEBUG] Dynamically added transition from wildcard116 to wildcard21
[DEBUG] Dynamically added transition from wildcard116 to wildcard0
[DEBUG] Dynamically added transition from wildcard116 to wildcard20
[DEBUG] Dynamically added transition from wildcard116 to wildcard3
[DEBUG] Dynamically added transition from wildcard116 to wildcard2
[DEBUG] Dynamically added transition from wildcard116 to wildcard5
[DEBUG] Dynamically added transition from wildcard116 to wildcard4
[DEBUG] Dynamically added transition from wildcard116 to wildcard7
[DEBUG] Dynamically added transition from wildcard116 to wildcard6
[DEBUG] Dynamically added transition from wildcard116 to wildcard9
[DEBUG] Dynamically added transition from wildcard116 to wildcard8
[DEBUG] Dynamically added transition from wildcard116 to wildcard19
[DEBUG] Dynamically added transition from wildcard116 to wildcard18
[DEBUG] Dynamically added transition from wildcard116 to wildcard17
[DEBUG] Dynamically added transition from wildcard116 to wildcard38
[DEBUG] Dynamically added transition from wildcard116 to wildcard37
[DEBUG] Dynamically added transition from wildcard116 to wildcard36
[DEBUG] Dynamically added transition from wildcard116 to wildcard35
[DEBUG] Dynamically added transition from wildcard116 to wildcard34
[DEBUG] Dynamically added transition from wildcard116 to wildcard33
[DEBUG] Dynamically added transition from wildcard116 to wildcard32
[DEBUG] Dynamically added transition from wildcard116 to wildcard31
[DEBUG] Dynamically added transition from wildcard116 to wildcard30
[DEBUG] Dynamically added transition from wildcard116 to wildcard29
[DEBUG] Dynamically added transition from wildcard116 to wildcard28
[DEBUG] Dynamically added transition from wildcard116 to wildcard49
[DEBUG] Dynamically added transition from wildcard116 to wildcard48
[DEBUG] Dynamically added transition from wildcard116 to wildcard47
[DEBUG] Dynamically added transition from wildcard116 to wildcard46
[DEBUG] Dynamically added transition from wildcard116 to wildcard45
[DEBUG] Dynamically added transition from wildcard116 to wildcard44
[DEBUG] Dynamically added transition from wildcard116 to wildcard43
[DEBUG] Dynamically added transition from wildcard116 to wildcard42
[DEBUG] Dynamically added transition from wildcard116 to wildcard41
[DEBUG] Dynamically added transition from wildcard116 to wildcard40
[DEBUG] Dynamically added transition from wildcard116 to wildcard39
[DEBUG] Dynamically added transition from wildcard116 to wildcard59
[DEBUG] Dynamically added transition from wildcard116 to wildcard58
[DEBUG] Dynamically added transition from wildcard116 to middle
[DEBUG] Dynamically added transition from wildcard116 to wildcard57
[DEBUG] Dynamically added transition from wildcard116 to wildcard56
[DEBUG] Dynamically added transition from wildcard116 to wildcard55
[DEBUG] Dynamically added transition from wildcard116 to wildcard54
[DEBUG] Dynamically added transition from wildcard116 to wildcard53
[DEBUG] Dynamically added transition from wildcard116 to wildcard52
[DEBUG] Dynamically added transition from wildcard116 to wildcard51
[DEBUG] Dynamically added transition from wildcard116 to wildcard50
[DEBUG] Dynamically added transition from wildcard116 to wildcard69
[DEBUG] Dynamically added transition from wildcard116 to wildcard68
[DEBUG] Dynamically added transition from wildcard116 to wildcard67
[DEBUG] Dynamically added transition from wildcard116 to wildcard66
[DEBUG] Dynamically added transition from wildcard116 to wildcard65
[DEBUG] Dynamically added transition from wildcard116 to wildcard64
[DEBUG] Dynamically added transition from wildcard116 to wildcard63
[DEBUG] Dynamically added transition from wildcard116 to wildcard62
[DEBUG] Dynamically added transition from wildcard116 to wildcard61
[DEBUG] Dynamically added transition from wildcard116 to wildcard60
[DEBUG] Dynamically added transition from wildcard116 to wildcard100
[DEBUG] Dynamically added transition from wildcard116 to wildcard107
[DEBUG] Dynamically added transition from wildcard116 to wildcard108
[DEBUG] Dynamically added transition from wildcard116 to wildcard105
[DEBUG] Dynamically added transition from wildcard116 to wildcard106
[DEBUG] Dynamically added transition from wildcard116 to wildcard103
[DEBUG] Dynamically added transition from wildcard116 to wildcard104
[DEBUG] Dynamically added transition from wildcard116 to wildcard101
[DEBUG] Dynamically added transition from wildcard116 to wildcard102
[DEBUG] Dynamically added transition from wildcard116 to wildcard79
[DEBUG] Dynamically added transition from wildcard116 to wildcard78
[DEBUG] Dynamically added transition from wildcard116 to wildcard77
[DEBUG] Dynamically added transition from wildcard116 to wildcard76
[DEBUG] Dynamically added transition from wildcard116 to wildcard109
[DEBUG] Dynamically added transition from wildcard116 to wildcard75
[DEBUG] Dynamically added transition from wildcard116 to wildcard74
[DEBUG] Dynamically added transition from wildcard116 to wildcard73
[DEBUG] Dynamically added transition from wildcard116 to wildcard72
[DEBUG] Dynamically added transition from wildcard116 to wildcard71
[DEBUG] Dynamically added transition from wildcard116 to wildcard70
[DEBUG] Dynamically added transition from wildcard116 to wildcard110
[DEBUG] Dynamically added transition from wildcard116 to wildcard111
[DEBUG] Dynamically added transition from wildcard116 to wildcard116
[DEBUG] Dynamically added transition from wildcard116 to .*
[DEBUG] Dynamically added transition from wildcard116 to wildcard114
[DEBUG] Dynamically added transition from wildcard116 to wildcard115
[DEBUG] Dynamically added transition from wildcard116 to wildcard112
[DEBUG] Dynamically added transition from wildcard116 to wildcard113
[DEBUG] Dynamically added transition from wildcard116 to wildcard89
[DEBUG] Dynamically added transition from wildcard116 to wildcard88
[DEBUG] Dynamically added transition from wildcard116 to wildcard87
[DEBUG] Dynamically added transition from wildcard116 to wildcard86
[DEBUG] Dynamically added transition from wildcard116 to INITIAL
[DEBUG] Dynamically added transition from wildcard116 to wildcard85
[DEBUG] Dynamically added transition from wildcard116 to wildcard84
[DEBUG] Dynamically added transition from wildcard116 to wildcard83
[DEBUG] Dynamically added transition from wildcard116 to wildcard82
[DEBUG] Dynamically added transition from wildcard116 to wildcard81
[DEBUG] Dynamically added transition from wildcard116 to wildcard80
[DEBUG] Dynamically added transition from wildcard116 to end
[DEBUG] Dynamically added transition from wildcard116 to wildcard16
[DEBUG] Dynamically added transition from wildcard116 to wildcard15
[DEBUG] Dynamically added transition from wildcard116 to wildcard14
[DEBUG] Dynamically added transition from wildcard116 to wildcard13
[DEBUG] Dynamically added transition from wildcard116 to wildcard12
[DEBUG] Dynamically added transition from wildcard116 to wildcard11
[DEBUG] Dynamically added transition from wildcard116 to wildcard99
[DEBUG] Dynamically added transition from wildcard116 to wildcard10
[DEBUG] Dynamically added transition from wildcard116 to wildcard98
[DEBUG] Dynamically added transition from wildcard116 to wildcard97
[DEBUG] Dynamically added transition from wildcard116 to start
[DEBUG] Dynamically added transition from wildcard116 to wildcard96
[DEBUG] Dynamically added transition from wildcard116 to wildcard95
[DEBUG] Dynamically added transition from wildcard116 to wildcard94
[DEBUG] Dynamically added transition from wildcard116 to wildcard93
[DEBUG] Dynamically added transition from wildcard116 to wildcard92
[DEBUG] Dynamically added transition from wildcard116 to wildcard91
[DEBUG] Dynamically added transition from wildcard116 to wildcard90
[INFO] Wildcard transition valid to state: wildcard116
[INFO] Wildcard transition detected from wildcard116 to wildcard117
[DEBUG] Created intermediate state for wildcard transition: wildcard117
[DEBUG] Dynamically added transition from wildcard116 to wildcard117
[DEBUG] Dynamically added transition from wildcard27 to wildcard117
[DEBUG] Dynamically added transition from wildcard26 to wildcard117
[DEBUG] Dynamically added transition from wildcard25 to wildcard117
[DEBUG] Dynamically added transition from wildcard24 to wildcard117
[DEBUG] Dynamically added transition from wildcard23 to wildcard117
[DEBUG] Dynamically added transition from wildcard22 to wildcard117
[DEBUG] Dynamically added transition from wildcard1 to wildcard117
[DEBUG] Dynamically added transition from wildcard21 to wildcard117
[DEBUG] Dynamically added transition from wildcard0 to wildcard117
[DEBUG] Dynamically added transition from wildcard20 to wildcard117
[DEBUG] Dynamically added transition from wildcard3 to wildcard117
[DEBUG] Dynamically added transition from wildcard2 to wildcard117
[DEBUG] Dynamically added transition from wildcard5 to wildcard117
[DEBUG] Dynamically added transition from wildcard4 to wildcard117
[DEBUG] Dynamically added transition from wildcard7 to wildcard117
[DEBUG] Dynamically added transition from wildcard6 to wildcard117
[DEBUG] Dynamically added transition from wildcard9 to wildcard117
[DEBUG] Dynamically added transition from wildcard8 to wildcard117
[DEBUG] Dynamically added transition from wildcard19 to wildcard117
[DEBUG] Dynamically added transition from wildcard18 to wildcard117
[DEBUG] Dynamically added transition from wildcard17 to wildcard117
[DEBUG] Dynamically added transition from wildcard38 to wildcard117
[DEBUG] Dynamically added transition from wildcard37 to wildcard117
[DEBUG] Dynamically added transition from wildcard36 to wildcard117
[DEBUG] Dynamically added transition from wildcard35 to wildcard117
[DEBUG] Dynamically added transition from wildcard34 to wildcard117
[DEBUG] Dynamically added transition from wildcard33 to wildcard117
[DEBUG] Dynamically added transition from wildcard32 to wildcard117
[DEBUG] Dynamically added transition from wildcard31 to wildcard117
[DEBUG] Dynamically added transition from wildcard30 to wildcard117
[DEBUG] Dynamically added transition from wildcard29 to wildcard117
[DEBUG] Dynamically added transition from wildcard28 to wildcard117
[DEBUG] Dynamically added transition from wildcard49 to wildcard117
[DEBUG] Dynamically added transition from wildcard48 to wildcard117
[DEBUG] Dynamically added transition from wildcard47 to wildcard117
[DEBUG] Dynamically added transition from wildcard46 to wildcard117
[DEBUG] Dynamically added transition from wildcard45 to wildcard117
[DEBUG] Dynamically added transition from wildcard44 to wildcard117
[DEBUG] Dynamically added transition from wildcard43 to wildcard117
[DEBUG] Dynamically added transition from wildcard42 to wildcard117
[DEBUG] Dynamically added transition from wildcard41 to wildcard117
[DEBUG] Dynamically added transition from wildcard40 to wildcard117
[DEBUG] Dynamically added transition from wildcard39 to wildcard117
[DEBUG] Dynamically added transition from wildcard59 to wildcard117
[DEBUG] Dynamically added transition from wildcard58 to wildcard117
[DEBUG] Dynamically added transition from middle to wildcard117
[DEBUG] Dynamically added transition from wildcard57 to wildcard117
[DEBUG] Dynamically added transition from wildcard56 to wildcard117
[DEBUG] Dynamically added transition from wildcard55 to wildcard117
[DEBUG] Dynamically added transition from wildcard54 to wildcard117
[DEBUG] Dynamically added transition from wildcard53 to wildcard117
[DEBUG] Dynamically added transition from wildcard52 to wildcard117
[DEBUG] Dynamically added transition from wildcard51 to wildcard117
[DEBUG] Dynamically added transition from wildcard50 to wildcard117
[DEBUG] Dynamically added transition from wildcard69 to wildcard117
[DEBUG] Dynamically added transition from wildcard68 to wildcard117
[DEBUG] Dynamically added transition from wildcard67 to wildcard117
[DEBUG] Dynamically added transition from wildcard66 to wildcard117
[DEBUG] Dynamically added transition from wildcard65 to wildcard117
[DEBUG] Dynamically added transition from wildcard64 to wildcard117
[DEBUG] Dynamically added transition from wildcard63 to wildcard117
[DEBUG] Dynamically added transition from wildcard62 to wildcard117
[DEBUG] Dynamically added transition from wildcard61 to wildcard117
[DEBUG] Dynamically added transition from wildcard60 to wildcard117
[DEBUG] Dynamically added transition from wildcard100 to wildcard117
[DEBUG] Dynamically added transition from wildcard107 to wildcard117
[DEBUG] Dynamically added transition from wildcard108 to wildcard117
[DEBUG] Dynamically added transition from wildcard105 to wildcard117
[DEBUG] Dynamically added transition from wildcard106 to wildcard117
[DEBUG] Dynamically added transition from wildcard103 to wildcard117
[DEBUG] Dynamically added transition from wildcard104 to wildcard117
[DEBUG] Dynamically added transition from wildcard101 to wildcard117
[DEBUG] Dynamically added transition from wildcard102 to wildcard117
[DEBUG] Dynamically added transition from wildcard79 to wildcard117
[DEBUG] Dynamically added transition from wildcard78 to wildcard117
[DEBUG] Dynamically added transition from wildcard77 to wildcard117
[DEBUG] Dynamically added transition from wildcard76 to wildcard117
[DEBUG] Dynamically added transition from wildcard109 to wildcard117
[DEBUG] Dynamically added transition from wildcard75 to wildcard117
[DEBUG] Dynamically added transition from wildcard74 to wildcard117
[DEBUG] Dynamically added transition from wildcard73 to wildcard117
[DEBUG] Dynamically added transition from wildcard72 to wildcard117
[DEBUG] Dynamically added transition from wildcard71 to wildcard117
[DEBUG] Dynamically added transition from wildcard70 to wildcard117
[DEBUG] Dynamically added transition from wildcard110 to wildcard117
[DEBUG] Dynamically added transition from wildcard111 to wildcard117
[DEBUG] Dynamically added transition from wildcard114 to wildcard117
[DEBUG] Dynamically added transition from wildcard115 to wildcard117
[DEBUG] Dynamically added transition from wildcard112 to wildcard117
[DEBUG] Dynamically added transition from wildcard113 to wildcard117
[DEBUG] Dynamically added transition from wildcard89 to wildcard117
[DEBUG] Dynamically added transition from wildcard88 to wildcard117
[DEBUG] Dynamically added transition from wildcard87 to wildcard117
[DEBUG] Dynamically added transition from wildcard86 to wildcard117
[DEBUG] Dynamically added transition from wildcard85 to wildcard117
[DEBUG] Dynamically added transition from wildcard84 to wildcard117
[DEBUG] Dynamically added transition from wildcard83 to wildcard117
[DEBUG] Dynamically added transition from wildcard82 to wildcard117
[DEBUG] Dynamically added transition from wildcard81 to wildcard117
[DEBUG] Dynamically added transition from wildcard80 to wildcard117
[DEBUG] Dynamically added transition from wildcard16 to wildcard117
[DEBUG] Dynamically added transition from wildcard15 to wildcard117
[DEBUG] Dynamically added transition from wildcard14 to wildcard117
[DEBUG] Dynamically added transition from wildcard13 to wildcard117
[DEBUG] Dynamically added transition from wildcard12 to wildcard117
[DEBUG] Dynamically added transition from wildcard11 to wildcard117
[DEBUG] Dynamically added transition from wildcard99 to wildcard117
[DEBUG] Dynamically added transition from wildcard10 to wildcard117
[DEBUG] Dynamically added transition from wildcard98 to wildcard117
[DEBUG] Dynamically added transition from wildcard97 to wildcard117
[DEBUG] Dynamically added transition from start to wildcard117
[DEBUG] Dynamically added transition from wildcard96 to wildcard117
[DEBUG] Dynamically added transition from wildcard95 to wildcard117
[DEBUG] Dynamically added transition from wildcard94 to wildcard117
[DEBUG] Dynamically added transition from wildcard93 to wildcard117
[DEBUG] Dynamically added transition from wildcard92 to wildcard117
[DEBUG] Dynamically added transition from wildcard91 to wildcard117
[DEBUG] Dynamically added transition from wildcard90 to wildcard117
[DEBUG] Dynamically added transition from wildcard117 to wildcard27
[DEBUG] Dynamically added transition from wildcard117 to wildcard26
[DEBUG] Dynamically added transition from wildcard117 to wildcard25
[DEBUG] Dynamically added transition from wildcard117 to wildcard24
[DEBUG] Dynamically added transition from wildcard117 to wildcard23
[DEBUG] Dynamically added transition from wildcard117 to wildcard22
[DEBUG] Dynamically added transition from wildcard117 to wildcard1
[DEBUG] Dynamically added transition from wildcard117 to wildcard21
[DEBUG] Dynamically added transition from wildcard117 to wildcard0
[DEBUG] Dynamically added transition from wildcard117 to wildcard20
[DEBUG] Dynamically added transition from wildcard117 to wildcard3
[DEBUG] Dynamically added transition from wildcard117 to wildcard2
[DEBUG] Dynamically added transition from wildcard117 to wildcard5
[DEBUG] Dynamically added transition from wildcard117 to wildcard4
[DEBUG] Dynamically added transition from wildcard117 to wildcard7
[DEBUG] Dynamically added transition from wildcard117 to wildcard6
[DEBUG] Dynamically added transition from wildcard117 to wildcard9
[DEBUG] Dynamically added transition from wildcard117 to wildcard8
[DEBUG] Dynamically added transition from wildcard117 to wildcard19
[DEBUG] Dynamically added transition from wildcard117 to wildcard18
[DEBUG] Dynamically added transition from wildcard117 to wildcard17
[DEBUG] Dynamically added transition from wildcard117 to wildcard38
[DEBUG] Dynamically added transition from wildcard117 to wildcard37
[DEBUG] Dynamically added transition from wildcard117 to wildcard36
[DEBUG] Dynamically added transition from wildcard117 to wildcard35
[DEBUG] Dynamically added transition from wildcard117 to wildcard34
[DEBUG] Dynamically added transition from wildcard117 to wildcard33
[DEBUG] Dynamically added transition from wildcard117 to wildcard32
[DEBUG] Dynamically added transition from wildcard117 to wildcard31
[DEBUG] Dynamically added transition from wildcard117 to wildcard30
[DEBUG] Dynamically added transition from wildcard117 to wildcard29
[DEBUG] Dynamically added transition from wildcard117 to wildcard28
[DEBUG] Dynamically added transition from wildcard117 to wildcard49
[DEBUG] Dynamically added transition from wildcard117 to wildcard48
[DEBUG] Dynamically added transition from wildcard117 to wildcard47
[DEBUG] Dynamically added transition from wildcard117 to wildcard46
[DEBUG] Dynamically added transition from wildcard117 to wildcard45
[DEBUG] Dynamically added transition from wildcard117 to wildcard44
[DEBUG] Dynamically added transition from wildcard117 to wildcard43
[DEBUG] Dynamically added transition from wildcard117 to wildcard42
[DEBUG] Dynamically added transition from wildcard117 to wildcard41
[DEBUG] Dynamically added transition from wildcard117 to wildcard40
[DEBUG] Dynamically added transition from wildcard117 to wildcard39
[DEBUG] Dynamically added transition from wildcard117 to wildcard59
[DEBUG] Dynamically added transition from wildcard117 to wildcard58
[DEBUG] Dynamically added transition from wildcard117 to middle
[DEBUG] Dynamically added transition from wildcard117 to wildcard57
[DEBUG] Dynamically added transition from wildcard117 to wildcard56
[DEBUG] Dynamically added transition from wildcard117 to wildcard55
[DEBUG] Dynamically added transition from wildcard117 to wildcard54
[DEBUG] Dynamically added transition from wildcard117 to wildcard53
[DEBUG] Dynamically added transition from wildcard117 to wildcard52
[DEBUG] Dynamically added transition from wildcard117 to wildcard51
[DEBUG] Dynamically added transition from wildcard117 to wildcard50
[DEBUG] Dynamically added transition from wildcard117 to wildcard69
[DEBUG] Dynamically added transition from wildcard117 to wildcard68
[DEBUG] Dynamically added transition from wildcard117 to wildcard67
[DEBUG] Dynamically added transition from wildcard117 to wildcard66
[DEBUG] Dynamically added transition from wildcard117 to wildcard65
[DEBUG] Dynamically added transition from wildcard117 to wildcard64
[DEBUG] Dynamically added transition from wildcard117 to wildcard63
[DEBUG] Dynamically added transition from wildcard117 to wildcard62
[DEBUG] Dynamically added transition from wildcard117 to wildcard61
[DEBUG] Dynamically added transition from wildcard117 to wildcard60
[DEBUG] Dynamically added transition from wildcard117 to wildcard100
[DEBUG] Dynamically added transition from wildcard117 to wildcard107
[DEBUG] Dynamically added transition from wildcard117 to wildcard108
[DEBUG] Dynamically added transition from wildcard117 to wildcard105
[DEBUG] Dynamically added transition from wildcard117 to wildcard106
[DEBUG] Dynamically added transition from wildcard117 to wildcard103
[DEBUG] Dynamically added transition from wildcard117 to wildcard104
[DEBUG] Dynamically added transition from wildcard117 to wildcard101
[DEBUG] Dynamically added transition from wildcard117 to wildcard102
[DEBUG] Dynamically added transition from wildcard117 to wildcard79
[DEBUG] Dynamically added transition from wildcard117 to wildcard78
[DEBUG] Dynamically added transition from wildcard117 to wildcard77
[DEBUG] Dynamically added transition from wildcard117 to wildcard76
[DEBUG] Dynamically added transition from wildcard117 to wildcard109
[DEBUG] Dynamically added transition from wildcard117 to wildcard75
[DEBUG] Dynamically added transition from wildcard117 to wildcard74
[DEBUG] Dynamically added transition from wildcard117 to wildcard73
[DEBUG] Dynamically added transition from wildcard117 to wildcard72
[DEBUG] Dynamically added transition from wildcard117 to wildcard71
[DEBUG] Dynamically added transition from wildcard117 to wildcard70
[DEBUG] Dynamically added transition from wildcard117 to wildcard110
[DEBUG] Dynamically added transition from wildcard117 to wildcard111
[DEBUG] Dynamically added transition from wildcard117 to wildcard116
[DEBUG] Dynamically added transition from wildcard117 to wildcard117
[DEBUG] Dynamically added transition from wildcard117 to .*
[DEBUG] Dynamically added transition from wildcard117 to wildcard114
[DEBUG] Dynamically added transition from wildcard117 to wildcard115
[DEBUG] Dynamically added transition from wildcard117 to wildcard112
[DEBUG] Dynamically added transition from wildcard117 to wildcard113
[DEBUG] Dynamically added transition from wildcard117 to wildcard89
[DEBUG] Dynamically added transition from wildcard117 to wildcard88
[DEBUG] Dynamically added transition from wildcard117 to wildcard87
[DEBUG] Dynamically added transition from wildcard117 to wildcard86
[DEBUG] Dynamically added transition from wildcard117 to INITIAL
[DEBUG] Dynamically added transition from wildcard117 to wildcard85
[DEBUG] Dynamically added transition from wildcard117 to wildcard84
[DEBUG] Dynamically added transition from wildcard117 to wildcard83
[DEBUG] Dynamically added transition from wildcard117 to wildcard82
[DEBUG] Dynamically added transition from wildcard117 to wildcard81
[DEBUG] Dynamically added transition from wildcard117 to wildcard80
[DEBUG] Dynamically added transition from wildcard117 to end
[DEBUG] Dynamically added transition from wildcard117 to wildcard16
[DEBUG] Dynamically added transition from wildcard117 to wildcard15
[DEBUG] Dynamically added transition from wildcard117 to wildcard14
[DEBUG] Dynamically added transition from wildcard117 to wildcard13
[DEBUG] Dynamically added transition from wildcard117 to wildcard12
[DEBUG] Dynamically added transition from wildcard117 to wildcard11
[DEBUG] Dynamically added transition from wildcard117 to wildcard99
[DEBUG] Dynamically added transition from wildcard117 to wildcard10
[DEBUG] Dynamically added transition from wildcard117 to wildcard98
[DEBUG] Dynamically added transition from wildcard117 to wildcard97
[DEBUG] Dynamically added transition from wildcard117 to start
[DEBUG] Dynamically added transition from wildcard117 to wildcard96
[DEBUG] Dynamically added transition from wildcard117 to wildcard95
[DEBUG] Dynamically added transition from wildcard117 to wildcard94
[DEBUG] Dynamically added transition from wildcard117 to wildcard93
[DEBUG] Dynamically added transition from wildcard117 to wildcard92
[DEBUG] Dynamically added transition from wildcard117 to wildcard91
[DEBUG] Dynamically added transition from wildcard117 to wildcard90
[INFO] Wildcard transition valid to state: wildcard117
[INFO] Wildcard transition detected from wildcard117 to wildcard118
[DEBUG] Created intermediate state for wildcard transition: wildcard118
[DEBUG] Dynamically added transition from wildcard117 to wildcard118
[DEBUG] Dynamically added transition from wildcard27 to wildcard118
[DEBUG] Dynamically added transition from wildcard26 to wildcard118
[DEBUG] Dynamically added transition from wildcard25 to wildcard118
[DEBUG] Dynamically added transition from wildcard24 to wildcard118
[DEBUG] Dynamically added transition from wildcard23 to wildcard118
[DEBUG] Dynamically added transition from wildcard22 to wildcard118
[DEBUG] Dynamically added transition from wildcard1 to wildcard118
[DEBUG] Dynamically added transition from wildcard21 to wildcard118
[DEBUG] Dynamically added transition from wildcard0 to wildcard118
[DEBUG] Dynamically added transition from wildcard20 to wildcard118
[DEBUG] Dynamically added transition from wildcard3 to wildcard118
[DEBUG] Dynamically added transition from wildcard2 to wildcard118
[DEBUG] Dynamically added transition from wildcard5 to wildcard118
[DEBUG] Dynamically added transition from wildcard4 to wildcard118
[DEBUG] Dynamically added transition from wildcard7 to wildcard118
[DEBUG] Dynamically added transition from wildcard6 to wildcard118
[DEBUG] Dynamically added transition from wildcard9 to wildcard118
[DEBUG] Dynamically added transition from wildcard8 to wildcard118
[DEBUG] Dynamically added transition from wildcard19 to wildcard118
[DEBUG] Dynamically added transition from wildcard18 to wildcard118
[DEBUG] Dynamically added transition from wildcard17 to wildcard118
[DEBUG] Dynamically added transition from wildcard38 to wildcard118
[DEBUG] Dynamically added transition from wildcard37 to wildcard118
[DEBUG] Dynamically added transition from wildcard36 to wildcard118
[DEBUG] Dynamically added transition from wildcard35 to wildcard118
[DEBUG] Dynamically added transition from wildcard34 to wildcard118
[DEBUG] Dynamically added transition from wildcard33 to wildcard118
[DEBUG] Dynamically added transition from wildcard32 to wildcard118
[DEBUG] Dynamically added transition from wildcard31 to wildcard118
[DEBUG] Dynamically added transition from wildcard30 to wildcard118
[DEBUG] Dynamically added transition from wildcard29 to wildcard118
[DEBUG] Dynamically added transition from wildcard28 to wildcard118
[DEBUG] Dynamically added transition from wildcard49 to wildcard118
[DEBUG] Dynamically added transition from wildcard48 to wildcard118
[DEBUG] Dynamically added transition from wildcard47 to wildcard118
[DEBUG] Dynamically added transition from wildcard46 to wildcard118
[DEBUG] Dynamically added transition from wildcard45 to wildcard118
[DEBUG] Dynamically added transition from wildcard44 to wildcard118
[DEBUG] Dynamically added transition from wildcard43 to wildcard118
[DEBUG] Dynamically added transition from wildcard42 to wildcard118
[DEBUG] Dynamically added transition from wildcard41 to wildcard118
[DEBUG] Dynamically added transition from wildcard40 to wildcard118
[DEBUG] Dynamically added transition from wildcard39 to wildcard118
[DEBUG] Dynamically added transition from wildcard59 to wildcard118
[DEBUG] Dynamically added transition from wildcard58 to wildcard118
[DEBUG] Dynamically added transition from middle to wildcard118
[DEBUG] Dynamically added transition from wildcard57 to wildcard118
[DEBUG] Dynamically added transition from wildcard56 to wildcard118
[DEBUG] Dynamically added transition from wildcard55 to wildcard118
[DEBUG] Dynamically added transition from wildcard54 to wildcard118
[DEBUG] Dynamically added transition from wildcard53 to wildcard118
[DEBUG] Dynamically added transition from wildcard52 to wildcard118
[DEBUG] Dynamically added transition from wildcard51 to wildcard118
[DEBUG] Dynamically added transition from wildcard50 to wildcard118
[DEBUG] Dynamically added transition from wildcard69 to wildcard118
[DEBUG] Dynamically added transition from wildcard68 to wildcard118
[DEBUG] Dynamically added transition from wildcard67 to wildcard118
[DEBUG] Dynamically added transition from wildcard66 to wildcard118
[DEBUG] Dynamically added transition from wildcard65 to wildcard118
[DEBUG] Dynamically added transition from wildcard64 to wildcard118
[DEBUG] Dynamically added transition from wildcard63 to wildcard118
[DEBUG] Dynamically added transition from wildcard62 to wildcard118
[DEBUG] Dynamically added transition from wildcard61 to wildcard118
[DEBUG] Dynamically added transition from wildcard60 to wildcard118
[DEBUG] Dynamically added transition from wildcard100 to wildcard118
[DEBUG] Dynamically added transition from wildcard107 to wildcard118
[DEBUG] Dynamically added transition from wildcard108 to wildcard118
[DEBUG] Dynamically added transition from wildcard105 to wildcard118
[DEBUG] Dynamically added transition from wildcard106 to wildcard118
[DEBUG] Dynamically added transition from wildcard103 to wildcard118
[DEBUG] Dynamically added transition from wildcard104 to wildcard118
[DEBUG] Dynamically added transition from wildcard101 to wildcard118
[DEBUG] Dynamically added transition from wildcard102 to wildcard118
[DEBUG] Dynamically added transition from wildcard79 to wildcard118
[DEBUG] Dynamically added transition from wildcard78 to wildcard118
[DEBUG] Dynamically added transition from wildcard77 to wildcard118
[DEBUG] Dynamically added transition from wildcard76 to wildcard118
[DEBUG] Dynamically added transition from wildcard109 to wildcard118
[DEBUG] Dynamically added transition from wildcard75 to wildcard118
[DEBUG] Dynamically added transition from wildcard74 to wildcard118
[DEBUG] Dynamically added transition from wildcard73 to wildcard118
[DEBUG] Dynamically added transition from wildcard72 to wildcard118
[DEBUG] Dynamically added transition from wildcard71 to wildcard118
[DEBUG] Dynamically added transition from wildcard70 to wildcard118
[DEBUG] Dynamically added transition from wildcard110 to wildcard118
[DEBUG] Dynamically added transition from wildcard111 to wildcard118
[DEBUG] Dynamically added transition from wildcard116 to wildcard118
[DEBUG] Dynamically added transition from wildcard114 to wildcard118
[DEBUG] Dynamically added transition from wildcard115 to wildcard118
[DEBUG] Dynamically added transition from wildcard112 to wildcard118
[DEBUG] Dynamically added transition from wildcard113 to wildcard118
[DEBUG] Dynamically added transition from wildcard89 to wildcard118
[DEBUG] Dynamically added transition from wildcard88 to wildcard118
[DEBUG] Dynamically added transition from wildcard87 to wildcard118
[DEBUG] Dynamically added transition from wildcard86 to wildcard118
[DEBUG] Dynamically added transition from wildcard85 to wildcard118
[DEBUG] Dynamically added transition from wildcard84 to wildcard118
[DEBUG] Dynamically added transition from wildcard83 to wildcard118
[DEBUG] Dynamically added transition from wildcard82 to wildcard118
[DEBUG] Dynamically added transition from wildcard81 to wildcard118
[DEBUG] Dynamically added transition from wildcard80 to wildcard118
[DEBUG] Dynamically added transition from wildcard16 to wildcard118
[DEBUG] Dynamically added transition from wildcard15 to wildcard118
[DEBUG] Dynamically added transition from wildcard14 to wildcard118
[DEBUG] Dynamically added transition from wildcard13 to wildcard118
[DEBUG] Dynamically added transition from wildcard12 to wildcard118
[DEBUG] Dynamically added transition from wildcard11 to wildcard118
[DEBUG] Dynamically added transition from wildcard99 to wildcard118
[DEBUG] Dynamically added transition from wildcard10 to wildcard118
[DEBUG] Dynamically added transition from wildcard98 to wildcard118
[DEBUG] Dynamically added transition from wildcard97 to wildcard118
[DEBUG] Dynamically added transition from start to wildcard118
[DEBUG] Dynamically added transition from wildcard96 to wildcard118
[DEBUG] Dynamically added transition from wildcard95 to wildcard118
[DEBUG] Dynamically added transition from wildcard94 to wildcard118
[DEBUG] Dynamically added transition from wildcard93 to wildcard118
[DEBUG] Dynamically added transition from wildcard92 to wildcard118
[DEBUG] Dynamically added transition from wildcard91 to wildcard118
[DEBUG] Dynamically added transition from wildcard90 to wildcard118
[DEBUG] Dynamically added transition from wildcard118 to wildcard27
[DEBUG] Dynamically added transition from wildcard118 to wildcard26
[DEBUG] Dynamically added transition from wildcard118 to wildcard25
[DEBUG] Dynamically added transition from wildcard118 to wildcard24
[DEBUG] Dynamically added transition from wildcard118 to wildcard23
[DEBUG] Dynamically added transition from wildcard118 to wildcard22
[DEBUG] Dynamically added transition from wildcard118 to wildcard1
[DEBUG] Dynamically added transition from wildcard118 to wildcard21
[DEBUG] Dynamically added transition from wildcard118 to wildcard0
[DEBUG] Dynamically added transition from wildcard118 to wildcard20
[DEBUG] Dynamically added transition from wildcard118 to wildcard3
[DEBUG] Dynamically added transition from wildcard118 to wildcard2
[DEBUG] Dynamically added transition from wildcard118 to wildcard5
[DEBUG] Dynamically added transition from wildcard118 to wildcard4
[DEBUG] Dynamically added transition from wildcard118 to wildcard7
[DEBUG] Dynamically added transition from wildcard118 to wildcard6
[DEBUG] Dynamically added transition from wildcard118 to wildcard9
[DEBUG] Dynamically added transition from wildcard118 to wildcard8
[DEBUG] Dynamically added transition from wildcard118 to wildcard19
[DEBUG] Dynamically added transition from wildcard118 to wildcard18
[DEBUG] Dynamically added transition from wildcard118 to wildcard17
[DEBUG] Dynamically added transition from wildcard118 to wildcard38
[DEBUG] Dynamically added transition from wildcard118 to wildcard37
[DEBUG] Dynamically added transition from wildcard118 to wildcard36
[DEBUG] Dynamically added transition from wildcard118 to wildcard35
[DEBUG] Dynamically added transition from wildcard118 to wildcard34
[DEBUG] Dynamically added transition from wildcard118 to wildcard33
[DEBUG] Dynamically added transition from wildcard118 to wildcard32
[DEBUG] Dynamically added transition from wildcard118 to wildcard31
[DEBUG] Dynamically added transition from wildcard118 to wildcard30
[DEBUG] Dynamically added transition from wildcard118 to wildcard29
[DEBUG] Dynamically added transition from wildcard118 to wildcard28
[DEBUG] Dynamically added transition from wildcard118 to wildcard49
[DEBUG] Dynamically added transition from wildcard118 to wildcard48
[DEBUG] Dynamically added transition from wildcard118 to wildcard47
[DEBUG] Dynamically added transition from wildcard118 to wildcard46
[DEBUG] Dynamically added transition from wildcard118 to wildcard45
[DEBUG] Dynamically added transition from wildcard118 to wildcard44
[DEBUG] Dynamically added transition from wildcard118 to wildcard43
[DEBUG] Dynamically added transition from wildcard118 to wildcard42
[DEBUG] Dynamically added transition from wildcard118 to wildcard41
[DEBUG] Dynamically added transition from wildcard118 to wildcard40
[DEBUG] Dynamically added transition from wildcard118 to wildcard39
[DEBUG] Dynamically added transition from wildcard118 to wildcard59
[DEBUG] Dynamically added transition from wildcard118 to wildcard58
[DEBUG] Dynamically added transition from wildcard118 to middle
[DEBUG] Dynamically added transition from wildcard118 to wildcard57
[DEBUG] Dynamically added transition from wildcard118 to wildcard56
[DEBUG] Dynamically added transition from wildcard118 to wildcard55
[DEBUG] Dynamically added transition from wildcard118 to wildcard54
[DEBUG] Dynamically added transition from wildcard118 to wildcard53
[DEBUG] Dynamically added transition from wildcard118 to wildcard52
[DEBUG] Dynamically added transition from wildcard118 to wildcard51
[DEBUG] Dynamically added transition from wildcard118 to wildcard50
[DEBUG] Dynamically added transition from wildcard118 to wildcard69
[DEBUG] Dynamically added transition from wildcard118 to wildcard68
[DEBUG] Dynamically added transition from wildcard118 to wildcard67
[DEBUG] Dynamically added transition from wildcard118 to wildcard66
[DEBUG] Dynamically added transition from wildcard118 to wildcard65
[DEBUG] Dynamically added transition from wildcard118 to wildcard64
[DEBUG] Dynamically added transition from wildcard118 to wildcard63
[DEBUG] Dynamically added transition from wildcard118 to wildcard62
[DEBUG] Dynamically added transition from wildcard118 to wildcard61
[DEBUG] Dynamically added transition from wildcard118 to wildcard60
[DEBUG] Dynamically added transition from wildcard118 to wildcard100
[DEBUG] Dynamically added transition from wildcard118 to wildcard107
[DEBUG] Dynamically added transition from wildcard118 to wildcard108
[DEBUG] Dynamically added transition from wildcard118 to wildcard105
[DEBUG] Dynamically added transition from wildcard118 to wildcard106
[DEBUG] Dynamically added transition from wildcard118 to wildcard103
[DEBUG] Dynamically added transition from wildcard118 to wildcard104
[DEBUG] Dynamically added transition from wildcard118 to wildcard101
[DEBUG] Dynamically added transition from wildcard118 to wildcard102
[DEBUG] Dynamically added transition from wildcard118 to wildcard79
[DEBUG] Dynamically added transition from wildcard118 to wildcard78
[DEBUG] Dynamically added transition from wildcard118 to wildcard77
[DEBUG] Dynamically added transition from wildcard118 to wildcard76
[DEBUG] Dynamically added transition from wildcard118 to wildcard109
[DEBUG] Dynamically added transition from wildcard118 to wildcard75
[DEBUG] Dynamically added transition from wildcard118 to wildcard74
[DEBUG] Dynamically added transition from wildcard118 to wildcard73
[DEBUG] Dynamically added transition from wildcard118 to wildcard72
[DEBUG] Dynamically added transition from wildcard118 to wildcard71
[DEBUG] Dynamically added transition from wildcard118 to wildcard70
[DEBUG] Dynamically added transition from wildcard118 to wildcard110
[DEBUG] Dynamically added transition from wildcard118 to wildcard111
[DEBUG] Dynamically added transition from wildcard118 to wildcard118
[DEBUG] Dynamically added transition from wildcard118 to wildcard116
[DEBUG] Dynamically added transition from wildcard118 to wildcard117
[DEBUG] Dynamically added transition from wildcard118 to .*
[DEBUG] Dynamically added transition from wildcard118 to wildcard114
[DEBUG] Dynamically added transition from wildcard118 to wildcard115
[DEBUG] Dynamically added transition from wildcard118 to wildcard112
[DEBUG] Dynamically added transition from wildcard118 to wildcard113
[DEBUG] Dynamically added transition from wildcard118 to wildcard89
[DEBUG] Dynamically added transition from wildcard118 to wildcard88
[DEBUG] Dynamically added transition from wildcard118 to wildcard87
[DEBUG] Dynamically added transition from wildcard118 to wildcard86
[DEBUG] Dynamically added transition from wildcard118 to INITIAL
[DEBUG] Dynamically added transition from wildcard118 to wildcard85
[DEBUG] Dynamically added transition from wildcard118 to wildcard84
[DEBUG] Dynamically added transition from wildcard118 to wildcard83
[DEBUG] Dynamically added transition from wildcard118 to wildcard82
[DEBUG] Dynamically added transition from wildcard118 to wildcard81
[DEBUG] Dynamically added transition from wildcard118 to wildcard80
[DEBUG] Dynamically added transition from wildcard118 to end
[DEBUG] Dynamically added transition from wildcard118 to wildcard16
[DEBUG] Dynamically added transition from wildcard118 to wildcard15
[DEBUG] Dynamically added transition from wildcard118 to wildcard14
[DEBUG] Dynamically added transition from wildcard118 to wildcard13
[DEBUG] Dynamically added transition from wildcard118 to wildcard12
[DEBUG] Dynamically added transition from wildcard118 to wildcard11
[DEBUG] Dynamically added transition from wildcard118 to wildcard99
[DEBUG] Dynamically added transition from wildcard118 to wildcard10
[DEBUG] Dynamically added transition from wildcard118 to wildcard98
[DEBUG] Dynamically added transition from wildcard118 to wildcard97
[DEBUG] Dynamically added transition from wildcard118 to start
[DEBUG] Dynamically added transition from wildcard118 to wildcard96
[DEBUG] Dynamically added transition from wildcard118 to wildcard95
[DEBUG] Dynamically added transition from wildcard118 to wildcard94
[DEBUG] Dynamically added transition from wildcard118 to wildcard93
[DEBUG] Dynamically added transition from wildcard118 to wildcard92
[DEBUG] Dynamically added transition from wildcard118 to wildcard91
[DEBUG] Dynamically added transition from wildcard118 to wildcard90
[INFO] Wildcard transition valid to state: wildcard118
[INFO] Wildcard transition detected from wildcard118 to wildcard119
[DEBUG] Created intermediate state for wildcard transition: wildcard119
[DEBUG] Dynamically added transition from wildcard118 to wildcard119
[DEBUG] Dynamically added transition from wildcard27 to wildcard119
[DEBUG] Dynamically added transition from wildcard26 to wildcard119
[DEBUG] Dynamically added transition from wildcard25 to wildcard119
[DEBUG] Dynamically added transition from wildcard24 to wildcard119
[DEBUG] Dynamically added transition from wildcard23 to wildcard119
[DEBUG] Dynamically added transition from wildcard22 to wildcard119
[DEBUG] Dynamically added transition from wildcard1 to wildcard119
[DEBUG] Dynamically added transition from wildcard21 to wildcard119
[DEBUG] Dynamically added transition from wildcard0 to wildcard119
[DEBUG] Dynamically added transition from wildcard20 to wildcard119
[DEBUG] Dynamically added transition from wildcard3 to wildcard119
[DEBUG] Dynamically added transition from wildcard2 to wildcard119
[DEBUG] Dynamically added transition from wildcard5 to wildcard119
[DEBUG] Dynamically added transition from wildcard4 to wildcard119
[DEBUG] Dynamically added transition from wildcard7 to wildcard119
[DEBUG] Dynamically added transition from wildcard6 to wildcard119
[DEBUG] Dynamically added transition from wildcard9 to wildcard119
[DEBUG] Dynamically added transition from wildcard8 to wildcard119
[DEBUG] Dynamically added transition from wildcard19 to wildcard119
[DEBUG] Dynamically added transition from wildcard18 to wildcard119
[DEBUG] Dynamically added transition from wildcard17 to wildcard119
[DEBUG] Dynamically added transition from wildcard38 to wildcard119
[DEBUG] Dynamically added transition from wildcard37 to wildcard119
[DEBUG] Dynamically added transition from wildcard36 to wildcard119
[DEBUG] Dynamically added transition from wildcard35 to wildcard119
[DEBUG] Dynamically added transition from wildcard34 to wildcard119
[DEBUG] Dynamically added transition from wildcard33 to wildcard119
[DEBUG] Dynamically added transition from wildcard32 to wildcard119
[DEBUG] Dynamically added transition from wildcard31 to wildcard119
[DEBUG] Dynamically added transition from wildcard30 to wildcard119
[DEBUG] Dynamically added transition from wildcard29 to wildcard119
[DEBUG] Dynamically added transition from wildcard28 to wildcard119
[DEBUG] Dynamically added transition from wildcard49 to wildcard119
[DEBUG] Dynamically added transition from wildcard48 to wildcard119
[DEBUG] Dynamically added transition from wildcard47 to wildcard119
[DEBUG] Dynamically added transition from wildcard46 to wildcard119
[DEBUG] Dynamically added transition from wildcard45 to wildcard119
[DEBUG] Dynamically added transition from wildcard44 to wildcard119
[DEBUG] Dynamically added transition from wildcard43 to wildcard119
[DEBUG] Dynamically added transition from wildcard42 to wildcard119
[DEBUG] Dynamically added transition from wildcard41 to wildcard119
[DEBUG] Dynamically added transition from wildcard40 to wildcard119
[DEBUG] Dynamically added transition from wildcard39 to wildcard119
[DEBUG] Dynamically added transition from wildcard59 to wildcard119
[DEBUG] Dynamically added transition from wildcard58 to wildcard119
[DEBUG] Dynamically added transition from middle to wildcard119
[DEBUG] Dynamically added transition from wildcard57 to wildcard119
[DEBUG] Dynamically added transition from wildcard56 to wildcard119
[DEBUG] Dynamically added transition from wildcard55 to wildcard119
[DEBUG] Dynamically added transition from wildcard54 to wildcard119
[DEBUG] Dynamically added transition from wildcard53 to wildcard119
[DEBUG] Dynamically added transition from wildcard52 to wildcard119
[DEBUG] Dynamically added transition from wildcard51 to wildcard119
[DEBUG] Dynamically added transition from wildcard50 to wildcard119
[DEBUG] Dynamically added transition from wildcard69 to wildcard119
[DEBUG] Dynamically added transition from wildcard68 to wildcard119
[DEBUG] Dynamically added transition from wildcard67 to wildcard119
[DEBUG] Dynamically added transition from wildcard66 to wildcard119
[DEBUG] Dynamically added transition from wildcard65 to wildcard119
[DEBUG] Dynamically added transition from wildcard64 to wildcard119
[DEBUG] Dynamically added transition from wildcard63 to wildcard119
[DEBUG] Dynamically added transition from wildcard62 to wildcard119
[DEBUG] Dynamically added transition from wildcard61 to wildcard119
[DEBUG] Dynamically added transition from wildcard60 to wildcard119
[DEBUG] Dynamically added transition from wildcard100 to wildcard119
[DEBUG] Dynamically added transition from wildcard107 to wildcard119
[DEBUG] Dynamically added transition from wildcard108 to wildcard119
[DEBUG] Dynamically added transition from wildcard105 to wildcard119
[DEBUG] Dynamically added transition from wildcard106 to wildcard119
[DEBUG] Dynamically added transition from wildcard103 to wildcard119
[DEBUG] Dynamically added transition from wildcard104 to wildcard119
[DEBUG] Dynamically added transition from wildcard101 to wildcard119
[DEBUG] Dynamically added transition from wildcard102 to wildcard119
[DEBUG] Dynamically added transition from wildcard79 to wildcard119
[DEBUG] Dynamically added transition from wildcard78 to wildcard119
[DEBUG] Dynamically added transition from wildcard77 to wildcard119
[DEBUG] Dynamically added transition from wildcard76 to wildcard119
[DEBUG] Dynamically added transition from wildcard109 to wildcard119
[DEBUG] Dynamically added transition from wildcard75 to wildcard119
[DEBUG] Dynamically added transition from wildcard74 to wildcard119
[DEBUG] Dynamically added transition from wildcard73 to wildcard119
[DEBUG] Dynamically added transition from wildcard72 to wildcard119
[DEBUG] Dynamically added transition from wildcard71 to wildcard119
[DEBUG] Dynamically added transition from wildcard70 to wildcard119
[DEBUG] Dynamically added transition from wildcard110 to wildcard119
[DEBUG] Dynamically added transition from wildcard111 to wildcard119
[DEBUG] Dynamically added transition from wildcard116 to wildcard119
[DEBUG] Dynamically added transition from wildcard117 to wildcard119
[DEBUG] Dynamically added transition from wildcard114 to wildcard119
[DEBUG] Dynamically added transition from wildcard115 to wildcard119
[DEBUG] Dynamically added transition from wildcard112 to wildcard119
[DEBUG] Dynamically added transition from wildcard113 to wildcard119
[DEBUG] Dynamically added transition from wildcard89 to wildcard119
[DEBUG] Dynamically added transition from wildcard88 to wildcard119
[DEBUG] Dynamically added transition from wildcard87 to wildcard119
[DEBUG] Dynamically added transition from wildcard86 to wildcard119
[DEBUG] Dynamically added transition from wildcard85 to wildcard119
[DEBUG] Dynamically added transition from wildcard84 to wildcard119
[DEBUG] Dynamically added transition from wildcard83 to wildcard119
[DEBUG] Dynamically added transition from wildcard82 to wildcard119
[DEBUG] Dynamically added transition from wildcard81 to wildcard119
[DEBUG] Dynamically added transition from wildcard80 to wildcard119
[DEBUG] Dynamically added transition from wildcard16 to wildcard119
[DEBUG] Dynamically added transition from wildcard15 to wildcard119
[DEBUG] Dynamically added transition from wildcard14 to wildcard119
[DEBUG] Dynamically added transition from wildcard13 to wildcard119
[DEBUG] Dynamically added transition from wildcard12 to wildcard119
[DEBUG] Dynamically added transition from wildcard11 to wildcard119
[DEBUG] Dynamically added transition from wildcard99 to wildcard119
[DEBUG] Dynamically added transition from wildcard10 to wildcard119
[DEBUG] Dynamically added transition from wildcard98 to wildcard119
[DEBUG] Dynamically added transition from wildcard97 to wildcard119
[DEBUG] Dynamically added transition from start to wildcard119
[DEBUG] Dynamically added transition from wildcard96 to wildcard119
[DEBUG] Dynamically added transition from wildcard95 to wildcard119
[DEBUG] Dynamically added transition from wildcard94 to wildcard119
[DEBUG] Dynamically added transition from wildcard93 to wildcard119
[DEBUG] Dynamically added transition from wildcard92 to wildcard119
[DEBUG] Dynamically added transition from wildcard91 to wildcard119
[DEBUG] Dynamically added transition from wildcard90 to wildcard119
[DEBUG] Dynamically added transition from wildcard119 to wildcard27
[DEBUG] Dynamically added transition from wildcard119 to wildcard26
[DEBUG] Dynamically added transition from wildcard119 to wildcard25
[DEBUG] Dynamically added transition from wildcard119 to wildcard24
[DEBUG] Dynamically added transition from wildcard119 to wildcard23
[DEBUG] Dynamically added transition from wildcard119 to wildcard22
[DEBUG] Dynamically added transition from wildcard119 to wildcard1
[DEBUG] Dynamically added transition from wildcard119 to wildcard21
[DEBUG] Dynamically added transition from wildcard119 to wildcard0
[DEBUG] Dynamically added transition from wildcard119 to wildcard20
[DEBUG] Dynamically added transition from wildcard119 to wildcard3
[DEBUG] Dynamically added transition from wildcard119 to wildcard2
[DEBUG] Dynamically added transition from wildcard119 to wildcard5
[DEBUG] Dynamically added transition from wildcard119 to wildcard4
[DEBUG] Dynamically added transition from wildcard119 to wildcard7
[DEBUG] Dynamically added transition from wildcard119 to wildcard6
[DEBUG] Dynamically added transition from wildcard119 to wildcard9
[DEBUG] Dynamically added transition from wildcard119 to wildcard8
[DEBUG] Dynamically added transition from wildcard119 to wildcard19
[DEBUG] Dynamically added transition from wildcard119 to wildcard18
[DEBUG] Dynamically added transition from wildcard119 to wildcard17
[DEBUG] Dynamically added transition from wildcard119 to wildcard38
[DEBUG] Dynamically added transition from wildcard119 to wildcard37
[DEBUG] Dynamically added transition from wildcard119 to wildcard36
[DEBUG] Dynamically added transition from wildcard119 to wildcard35
[DEBUG] Dynamically added transition from wildcard119 to wildcard34
[DEBUG] Dynamically added transition from wildcard119 to wildcard33
[DEBUG] Dynamically added transition from wildcard119 to wildcard32
[DEBUG] Dynamically added transition from wildcard119 to wildcard31
[DEBUG] Dynamically added transition from wildcard119 to wildcard30
[DEBUG] Dynamically added transition from wildcard119 to wildcard29
[DEBUG] Dynamically added transition from wildcard119 to wildcard28
[DEBUG] Dynamically added transition from wildcard119 to wildcard49
[DEBUG] Dynamically added transition from wildcard119 to wildcard48
[DEBUG] Dynamically added transition from wildcard119 to wildcard47
[DEBUG] Dynamically added transition from wildcard119 to wildcard46
[DEBUG] Dynamically added transition from wildcard119 to wildcard45
[DEBUG] Dynamically added transition from wildcard119 to wildcard44
[DEBUG] Dynamically added transition from wildcard119 to wildcard43
[DEBUG] Dynamically added transition from wildcard119 to wildcard42
[DEBUG] Dynamically added transition from wildcard119 to wildcard41
[DEBUG] Dynamically added transition from wildcard119 to wildcard40
[DEBUG] Dynamically added transition from wildcard119 to wildcard39
[DEBUG] Dynamically added transition from wildcard119 to wildcard59
[DEBUG] Dynamically added transition from wildcard119 to wildcard58
[DEBUG] Dynamically added transition from wildcard119 to middle
[DEBUG] Dynamically added transition from wildcard119 to wildcard57
[DEBUG] Dynamically added transition from wildcard119 to wildcard56
[DEBUG] Dynamically added transition from wildcard119 to wildcard55
[DEBUG] Dynamically added transition from wildcard119 to wildcard54
[DEBUG] Dynamically added transition from wildcard119 to wildcard53
[DEBUG] Dynamically added transition from wildcard119 to wildcard52
[DEBUG] Dynamically added transition from wildcard119 to wildcard51
[DEBUG] Dynamically added transition from wildcard119 to wildcard50
[DEBUG] Dynamically added transition from wildcard119 to wildcard69
[DEBUG] Dynamically added transition from wildcard119 to wildcard68
[DEBUG] Dynamically added transition from wildcard119 to wildcard67
[DEBUG] Dynamically added transition from wildcard119 to wildcard66
[DEBUG] Dynamically added transition from wildcard119 to wildcard65
[DEBUG] Dynamically added transition from wildcard119 to wildcard64
[DEBUG] Dynamically added transition from wildcard119 to wildcard63
[DEBUG] Dynamically added transition from wildcard119 to wildcard62
[DEBUG] Dynamically added transition from wildcard119 to wildcard61
[DEBUG] Dynamically added transition from wildcard119 to wildcard60
[DEBUG] Dynamically added transition from wildcard119 to wildcard100
[DEBUG] Dynamically added transition from wildcard119 to wildcard107
[DEBUG] Dynamically added transition from wildcard119 to wildcard108
[DEBUG] Dynamically added transition from wildcard119 to wildcard105
[DEBUG] Dynamically added transition from wildcard119 to wildcard106
[DEBUG] Dynamically added transition from wildcard119 to wildcard103
[DEBUG] Dynamically added transition from wildcard119 to wildcard104
[DEBUG] Dynamically added transition from wildcard119 to wildcard101
[DEBUG] Dynamically added transition from wildcard119 to wildcard102
[DEBUG] Dynamically added transition from wildcard119 to wildcard79
[DEBUG] Dynamically added transition from wildcard119 to wildcard78
[DEBUG] Dynamically added transition from wildcard119 to wildcard77
[DEBUG] Dynamically added transition from wildcard119 to wildcard76
[DEBUG] Dynamically added transition from wildcard119 to wildcard109
[DEBUG] Dynamically added transition from wildcard119 to wildcard75
[DEBUG] Dynamically added transition from wildcard119 to wildcard74
[DEBUG] Dynamically added transition from wildcard119 to wildcard73
[DEBUG] Dynamically added transition from wildcard119 to wildcard72
[DEBUG] Dynamically added transition from wildcard119 to wildcard71
[DEBUG] Dynamically added transition from wildcard119 to wildcard70
[DEBUG] Dynamically added transition from wildcard119 to wildcard110
[DEBUG] Dynamically added transition from wildcard119 to wildcard111
[DEBUG] Dynamically added transition from wildcard119 to wildcard118
[DEBUG] Dynamically added transition from wildcard119 to wildcard119
[DEBUG] Dynamically added transition from wildcard119 to wildcard116
[DEBUG] Dynamically added transition from wildcard119 to wildcard117
[DEBUG] Dynamically added transition from wildcard119 to .*
[DEBUG] Dynamically added transition from wildcard119 to wildcard114
[DEBUG] Dynamically added transition from wildcard119 to wildcard115
[DEBUG] Dynamically added transition from wildcard119 to wildcard112
[DEBUG] Dynamically added transition from wildcard119 to wildcard113
[DEBUG] Dynamically added transition from wildcard119 to wildcard89
[DEBUG] Dynamically added transition from wildcard119 to wildcard88
[DEBUG] Dynamically added transition from wildcard119 to wildcard87
[DEBUG] Dynamically added transition from wildcard119 to wildcard86
[DEBUG] Dynamically added transition from wildcard119 to INITIAL
[DEBUG] Dynamically added transition from wildcard119 to wildcard85
[DEBUG] Dynamically added transition from wildcard119 to wildcard84
[DEBUG] Dynamically added transition from wildcard119 to wildcard83
[DEBUG] Dynamically added transition from wildcard119 to wildcard82
[DEBUG] Dynamically added transition from wildcard119 to wildcard81
[DEBUG] Dynamically added transition from wildcard119 to wildcard80
[DEBUG] Dynamically added transition from wildcard119 to end
[DEBUG] Dynamically added transition from wildcard119 to wildcard16
[DEBUG] Dynamically added transition from wildcard119 to wildcard15
[DEBUG] Dynamically added transition from wildcard119 to wildcard14
[DEBUG] Dynamically added transition from wildcard119 to wildcard13
[DEBUG] Dynamically added transition from wildcard119 to wildcard12
[DEBUG] Dynamically added transition from wildcard119 to wildcard11
[DEBUG] Dynamically added transition from wildcard119 to wildcard99
[DEBUG] Dynamically added transition from wildcard119 to wildcard10
[DEBUG] Dynamically added transition from wildcard119 to wildcard98
[DEBUG] Dynamically added transition from wildcard119 to wildcard97
[DEBUG] Dynamically added transition from wildcard119 to start
[DEBUG] Dynamically added transition from wildcard119 to wildcard96
[DEBUG] Dynamically added transition from wildcard119 to wildcard95
[DEBUG] Dynamically added transition from wildcard119 to wildcard94
[DEBUG] Dynamically added transition from wildcard119 to wildcard93
[DEBUG] Dynamically added transition from wildcard119 to wildcard92
[DEBUG] Dynamically added transition from wildcard119 to wildcard91
[DEBUG] Dynamically added transition from wildcard119 to wildcard90
[INFO] Wildcard transition valid to state: wildcard119
[INFO] Wildcard transition detected from wildcard119 to wildcard120
[DEBUG] Created intermediate state for wildcard transition: wildcard120
[DEBUG] Dynamically added transition from wildcard119 to wildcard120
[DEBUG] Dynamically added transition from wildcard27 to wildcard120
[DEBUG] Dynamically added transition from wildcard26 to wildcard120
[DEBUG] Dynamically added transition from wildcard25 to wildcard120
[DEBUG] Dynamically added transition from wildcard24 to wildcard120
[DEBUG] Dynamically added transition from wildcard23 to wildcard120
[DEBUG] Dynamically added transition from wildcard22 to wildcard120
[DEBUG] Dynamically added transition from wildcard1 to wildcard120
[DEBUG] Dynamically added transition from wildcard21 to wildcard120
[DEBUG] Dynamically added transition from wildcard0 to wildcard120
[DEBUG] Dynamically added transition from wildcard20 to wildcard120
[DEBUG] Dynamically added transition from wildcard3 to wildcard120
[DEBUG] Dynamically added transition from wildcard2 to wildcard120
[DEBUG] Dynamically added transition from wildcard5 to wildcard120
[DEBUG] Dynamically added transition from wildcard4 to wildcard120
[DEBUG] Dynamically added transition from wildcard7 to wildcard120
[DEBUG] Dynamically added transition from wildcard6 to wildcard120
[DEBUG] Dynamically added transition from wildcard9 to wildcard120
[DEBUG] Dynamically added transition from wildcard8 to wildcard120
[DEBUG] Dynamically added transition from wildcard19 to wildcard120
[DEBUG] Dynamically added transition from wildcard18 to wildcard120
[DEBUG] Dynamically added transition from wildcard17 to wildcard120
[DEBUG] Dynamically added transition from wildcard38 to wildcard120
[DEBUG] Dynamically added transition from wildcard37 to wildcard120
[DEBUG] Dynamically added transition from wildcard36 to wildcard120
[DEBUG] Dynamically added transition from wildcard35 to wildcard120
[DEBUG] Dynamically added transition from wildcard34 to wildcard120
[DEBUG] Dynamically added transition from wildcard33 to wildcard120
[DEBUG] Dynamically added transition from wildcard32 to wildcard120
[DEBUG] Dynamically added transition from wildcard31 to wildcard120
[DEBUG] Dynamically added transition from wildcard30 to wildcard120
[DEBUG] Dynamically added transition from wildcard29 to wildcard120
[DEBUG] Dynamically added transition from wildcard28 to wildcard120
[DEBUG] Dynamically added transition from wildcard49 to wildcard120
[DEBUG] Dynamically added transition from wildcard48 to wildcard120
[DEBUG] Dynamically added transition from wildcard47 to wildcard120
[DEBUG] Dynamically added transition from wildcard46 to wildcard120
[DEBUG] Dynamically added transition from wildcard45 to wildcard120
[DEBUG] Dynamically added transition from wildcard44 to wildcard120
[DEBUG] Dynamically added transition from wildcard43 to wildcard120
[DEBUG] Dynamically added transition from wildcard42 to wildcard120
[DEBUG] Dynamically added transition from wildcard41 to wildcard120
[DEBUG] Dynamically added transition from wildcard40 to wildcard120
[DEBUG] Dynamically added transition from wildcard39 to wildcard120
[DEBUG] Dynamically added transition from wildcard59 to wildcard120
[DEBUG] Dynamically added transition from wildcard58 to wildcard120
[DEBUG] Dynamically added transition from middle to wildcard120
[DEBUG] Dynamically added transition from wildcard57 to wildcard120
[DEBUG] Dynamically added transition from wildcard56 to wildcard120
[DEBUG] Dynamically added transition from wildcard55 to wildcard120
[DEBUG] Dynamically added transition from wildcard54 to wildcard120
[DEBUG] Dynamically added transition from wildcard53 to wildcard120
[DEBUG] Dynamically added transition from wildcard52 to wildcard120
[DEBUG] Dynamically added transition from wildcard51 to wildcard120
[DEBUG] Dynamically added transition from wildcard50 to wildcard120
[DEBUG] Dynamically added transition from wildcard69 to wildcard120
[DEBUG] Dynamically added transition from wildcard68 to wildcard120
[DEBUG] Dynamically added transition from wildcard67 to wildcard120
[DEBUG] Dynamically added transition from wildcard66 to wildcard120
[DEBUG] Dynamically added transition from wildcard65 to wildcard120
[DEBUG] Dynamically added transition from wildcard64 to wildcard120
[DEBUG] Dynamically added transition from wildcard63 to wildcard120
[DEBUG] Dynamically added transition from wildcard62 to wildcard120
[DEBUG] Dynamically added transition from wildcard61 to wildcard120
[DEBUG] Dynamically added transition from wildcard60 to wildcard120
[DEBUG] Dynamically added transition from wildcard100 to wildcard120
[DEBUG] Dynamically added transition from wildcard107 to wildcard120
[DEBUG] Dynamically added transition from wildcard108 to wildcard120
[DEBUG] Dynamically added transition from wildcard105 to wildcard120
[DEBUG] Dynamically added transition from wildcard106 to wildcard120
[DEBUG] Dynamically added transition from wildcard103 to wildcard120
[DEBUG] Dynamically added transition from wildcard104 to wildcard120
[DEBUG] Dynamically added transition from wildcard101 to wildcard120
[DEBUG] Dynamically added transition from wildcard102 to wildcard120
[DEBUG] Dynamically added transition from wildcard79 to wildcard120
[DEBUG] Dynamically added transition from wildcard78 to wildcard120
[DEBUG] Dynamically added transition from wildcard77 to wildcard120
[DEBUG] Dynamically added transition from wildcard76 to wildcard120
[DEBUG] Dynamically added transition from wildcard109 to wildcard120
[DEBUG] Dynamically added transition from wildcard75 to wildcard120
[DEBUG] Dynamically added transition from wildcard74 to wildcard120
[DEBUG] Dynamically added transition from wildcard73 to wildcard120
[DEBUG] Dynamically added transition from wildcard72 to wildcard120
[DEBUG] Dynamically added transition from wildcard71 to wildcard120
[DEBUG] Dynamically added transition from wildcard70 to wildcard120
[DEBUG] Dynamically added transition from wildcard110 to wildcard120
[DEBUG] Dynamically added transition from wildcard111 to wildcard120
[DEBUG] Dynamically added transition from wildcard118 to wildcard120
[DEBUG] Dynamically added transition from wildcard116 to wildcard120
[DEBUG] Dynamically added transition from wildcard117 to wildcard120
[DEBUG] Dynamically added transition from wildcard114 to wildcard120
[DEBUG] Dynamically added transition from wildcard115 to wildcard120
[DEBUG] Dynamically added transition from wildcard112 to wildcard120
[DEBUG] Dynamically added transition from wildcard113 to wildcard120
[DEBUG] Dynamically added transition from wildcard89 to wildcard120
[DEBUG] Dynamically added transition from wildcard88 to wildcard120
[DEBUG] Dynamically added transition from wildcard87 to wildcard120
[DEBUG] Dynamically added transition from wildcard86 to wildcard120
[DEBUG] Dynamically added transition from wildcard85 to wildcard120
[DEBUG] Dynamically added transition from wildcard84 to wildcard120
[DEBUG] Dynamically added transition from wildcard83 to wildcard120
[DEBUG] Dynamically added transition from wildcard82 to wildcard120
[DEBUG] Dynamically added transition from wildcard81 to wildcard120
[DEBUG] Dynamically added transition from wildcard80 to wildcard120
[DEBUG] Dynamically added transition from wildcard16 to wildcard120
[DEBUG] Dynamically added transition from wildcard15 to wildcard120
[DEBUG] Dynamically added transition from wildcard14 to wildcard120
[DEBUG] Dynamically added transition from wildcard13 to wildcard120
[DEBUG] Dynamically added transition from wildcard12 to wildcard120
[DEBUG] Dynamically added transition from wildcard11 to wildcard120
[DEBUG] Dynamically added transition from wildcard99 to wildcard120
[DEBUG] Dynamically added transition from wildcard10 to wildcard120
[DEBUG] Dynamically added transition from wildcard98 to wildcard120
[DEBUG] Dynamically added transition from wildcard97 to wildcard120
[DEBUG] Dynamically added transition from start to wildcard120
[DEBUG] Dynamically added transition from wildcard96 to wildcard120
[DEBUG] Dynamically added transition from wildcard95 to wildcard120
[DEBUG] Dynamically added transition from wildcard94 to wildcard120
[DEBUG] Dynamically added transition from wildcard93 to wildcard120
[DEBUG] Dynamically added transition from wildcard92 to wildcard120
[DEBUG] Dynamically added transition from wildcard91 to wildcard120
[DEBUG] Dynamically added transition from wildcard90 to wildcard120
[DEBUG] Dynamically added transition from wildcard120 to wildcard27
[DEBUG] Dynamically added transition from wildcard120 to wildcard26
[DEBUG] Dynamically added transition from wildcard120 to wildcard25
[DEBUG] Dynamically added transition from wildcard120 to wildcard24
[DEBUG] Dynamically added transition from wildcard120 to wildcard23
[DEBUG] Dynamically added transition from wildcard120 to wildcard22
[DEBUG] Dynamically added transition from wildcard120 to wildcard1
[DEBUG] Dynamically added transition from wildcard120 to wildcard21
[DEBUG] Dynamically added transition from wildcard120 to wildcard0
[DEBUG] Dynamically added transition from wildcard120 to wildcard20
[DEBUG] Dynamically added transition from wildcard120 to wildcard3
[DEBUG] Dynamically added transition from wildcard120 to wildcard2
[DEBUG] Dynamically added transition from wildcard120 to wildcard5
[DEBUG] Dynamically added transition from wildcard120 to wildcard4
[DEBUG] Dynamically added transition from wildcard120 to wildcard7
[DEBUG] Dynamically added transition from wildcard120 to wildcard6
[DEBUG] Dynamically added transition from wildcard120 to wildcard9
[DEBUG] Dynamically added transition from wildcard120 to wildcard8
[DEBUG] Dynamically added transition from wildcard120 to wildcard19
[DEBUG] Dynamically added transition from wildcard120 to wildcard18
[DEBUG] Dynamically added transition from wildcard120 to wildcard17
[DEBUG] Dynamically added transition from wildcard120 to wildcard38
[DEBUG] Dynamically added transition from wildcard120 to wildcard37
[DEBUG] Dynamically added transition from wildcard120 to wildcard36
[DEBUG] Dynamically added transition from wildcard120 to wildcard35
[DEBUG] Dynamically added transition from wildcard120 to wildcard34
[DEBUG] Dynamically added transition from wildcard120 to wildcard33
[DEBUG] Dynamically added transition from wildcard120 to wildcard32
[DEBUG] Dynamically added transition from wildcard120 to wildcard31
[DEBUG] Dynamically added transition from wildcard120 to wildcard30
[DEBUG] Dynamically added transition from wildcard120 to wildcard29
[DEBUG] Dynamically added transition from wildcard120 to wildcard28
[DEBUG] Dynamically added transition from wildcard120 to wildcard49
[DEBUG] Dynamically added transition from wildcard120 to wildcard48
[DEBUG] Dynamically added transition from wildcard120 to wildcard47
[DEBUG] Dynamically added transition from wildcard120 to wildcard46
[DEBUG] Dynamically added transition from wildcard120 to wildcard45
[DEBUG] Dynamically added transition from wildcard120 to wildcard44
[DEBUG] Dynamically added transition from wildcard120 to wildcard43
[DEBUG] Dynamically added transition from wildcard120 to wildcard42
[DEBUG] Dynamically added transition from wildcard120 to wildcard41
[DEBUG] Dynamically added transition from wildcard120 to wildcard40
[DEBUG] Dynamically added transition from wildcard120 to wildcard120
[DEBUG] Dynamically added transition from wildcard120 to wildcard39
[DEBUG] Dynamically added transition from wildcard120 to wildcard59
[DEBUG] Dynamically added transition from wildcard120 to wildcard58
[DEBUG] Dynamically added transition from wildcard120 to middle
[DEBUG] Dynamically added transition from wildcard120 to wildcard57
[DEBUG] Dynamically added transition from wildcard120 to wildcard56
[DEBUG] Dynamically added transition from wildcard120 to wildcard55
[DEBUG] Dynamically added transition from wildcard120 to wildcard54
[DEBUG] Dynamically added transition from wildcard120 to wildcard53
[DEBUG] Dynamically added transition from wildcard120 to wildcard52
[DEBUG] Dynamically added transition from wildcard120 to wildcard51
[DEBUG] Dynamically added transition from wildcard120 to wildcard50
[DEBUG] Dynamically added transition from wildcard120 to wildcard69
[DEBUG] Dynamically added transition from wildcard120 to wildcard68
[DEBUG] Dynamically added transition from wildcard120 to wildcard67
[DEBUG] Dynamically added transition from wildcard120 to wildcard66
[DEBUG] Dynamically added transition from wildcard120 to wildcard65
[DEBUG] Dynamically added transition from wildcard120 to wildcard64
[DEBUG] Dynamically added transition from wildcard120 to wildcard63
[DEBUG] Dynamically added transition from wildcard120 to wildcard62
[DEBUG] Dynamically added transition from wildcard120 to wildcard61
[DEBUG] Dynamically added transition from wildcard120 to wildcard60
[DEBUG] Dynamically added transition from wildcard120 to wildcard100
[DEBUG] Dynamically added transition from wildcard120 to wildcard107
[DEBUG] Dynamically added transition from wildcard120 to wildcard108
[DEBUG] Dynamically added transition from wildcard120 to wildcard105
[DEBUG] Dynamically added transition from wildcard120 to wildcard106
[DEBUG] Dynamically added transition from wildcard120 to wildcard103
[DEBUG] Dynamically added transition from wildcard120 to wildcard104
[DEBUG] Dynamically added transition from wildcard120 to wildcard101
[DEBUG] Dynamically added transition from wildcard120 to wildcard102
[DEBUG] Dynamically added transition from wildcard120 to wildcard79
[DEBUG] Dynamically added transition from wildcard120 to wildcard78
[DEBUG] Dynamically added transition from wildcard120 to wildcard77
[DEBUG] Dynamically added transition from wildcard120 to wildcard76
[DEBUG] Dynamically added transition from wildcard120 to wildcard109
[DEBUG] Dynamically added transition from wildcard120 to wildcard75
[DEBUG] Dynamically added transition from wildcard120 to wildcard74
[DEBUG] Dynamically added transition from wildcard120 to wildcard73
[DEBUG] Dynamically added transition from wildcard120 to wildcard72
[DEBUG] Dynamically added transition from wildcard120 to wildcard71
[DEBUG] Dynamically added transition from wildcard120 to wildcard70
[DEBUG] Dynamically added transition from wildcard120 to wildcard110
[DEBUG] Dynamically added transition from wildcard120 to wildcard111
[DEBUG] Dynamically added transition from wildcard120 to wildcard118
[DEBUG] Dynamically added transition from wildcard120 to wildcard119
[DEBUG] Dynamically added transition from wildcard120 to wildcard116
[DEBUG] Dynamically added transition from wildcard120 to wildcard117
[DEBUG] Dynamically added transition from wildcard120 to .*
[DEBUG] Dynamically added transition from wildcard120 to wildcard114
[DEBUG] Dynamically added transition from wildcard120 to wildcard115
[DEBUG] Dynamically added transition from wildcard120 to wildcard112
[DEBUG] Dynamically added transition from wildcard120 to wildcard113
[DEBUG] Dynamically added transition from wildcard120 to wildcard89
[DEBUG] Dynamically added transition from wildcard120 to wildcard88
[DEBUG] Dynamically added transition from wildcard120 to wildcard87
[DEBUG] Dynamically added transition from wildcard120 to wildcard86
[DEBUG] Dynamically added transition from wildcard120 to INITIAL
[DEBUG] Dynamically added transition from wildcard120 to wildcard85
[DEBUG] Dynamically added transition from wildcard120 to wildcard84
[DEBUG] Dynamically added transition from wildcard120 to wildcard83
[DEBUG] Dynamically added transition from wildcard120 to wildcard82
[DEBUG] Dynamically added transition from wildcard120 to wildcard81
[DEBUG] Dynamically added transition from wildcard120 to wildcard80
[DEBUG] Dynamically added transition from wildcard120 to end
[DEBUG] Dynamically added transition from wildcard120 to wildcard16
[DEBUG] Dynamically added transition from wildcard120 to wildcard15
[DEBUG] Dynamically added transition from wildcard120 to wildcard14
[DEBUG] Dynamically added transition from wildcard120 to wildcard13
[DEBUG] Dynamically added transition from wildcard120 to wildcard12
[DEBUG] Dynamically added transition from wildcard120 to wildcard11
[DEBUG] Dynamically added transition from wildcard120 to wildcard99
[DEBUG] Dynamically added transition from wildcard120 to wildcard10
[DEBUG] Dynamically added transition from wildcard120 to wildcard98
[DEBUG] Dynamically added transition from wildcard120 to wildcard97
[DEBUG] Dynamically added transition from wildcard120 to start
[DEBUG] Dynamically added transition from wildcard120 to wildcard96
[DEBUG] Dynamically added transition from wildcard120 to wildcard95
[DEBUG] Dynamically added transition from wildcard120 to wildcard94
[DEBUG] Dynamically added transition from wildcard120 to wildcard93
[DEBUG] Dynamically added transition from wildcard120 to wildcard92
[DEBUG] Dynamically added transition from wildcard120 to wildcard91
[DEBUG] Dynamically added transition from wildcard120 to wildcard90
[INFO] Wildcard transition valid to state: wildcard120
[INFO] Wildcard transition detected from wildcard120 to wildcard121
[DEBUG] Created intermediate state for wildcard transition: wildcard121
[DEBUG] Dynamically added transition from wildcard120 to wildcard121
[DEBUG] Dynamically added transition from wildcard27 to wildcard121
[DEBUG] Dynamically added transition from wildcard26 to wildcard121
[DEBUG] Dynamically added transition from wildcard25 to wildcard121
[DEBUG] Dynamically added transition from wildcard24 to wildcard121
[DEBUG] Dynamically added transition from wildcard23 to wildcard121
[DEBUG] Dynamically added transition from wildcard22 to wildcard121
[DEBUG] Dynamically added transition from wildcard1 to wildcard121
[DEBUG] Dynamically added transition from wildcard21 to wildcard121
[DEBUG] Dynamically added transition from wildcard0 to wildcard121
[DEBUG] Dynamically added transition from wildcard20 to wildcard121
[DEBUG] Dynamically added transition from wildcard3 to wildcard121
[DEBUG] Dynamically added transition from wildcard2 to wildcard121
[DEBUG] Dynamically added transition from wildcard5 to wildcard121
[DEBUG] Dynamically added transition from wildcard4 to wildcard121
[DEBUG] Dynamically added transition from wildcard7 to wildcard121
[DEBUG] Dynamically added transition from wildcard6 to wildcard121
[DEBUG] Dynamically added transition from wildcard9 to wildcard121
[DEBUG] Dynamically added transition from wildcard8 to wildcard121
[DEBUG] Dynamically added transition from wildcard19 to wildcard121
[DEBUG] Dynamically added transition from wildcard18 to wildcard121
[DEBUG] Dynamically added transition from wildcard17 to wildcard121
[DEBUG] Dynamically added transition from wildcard38 to wildcard121
[DEBUG] Dynamically added transition from wildcard37 to wildcard121
[DEBUG] Dynamically added transition from wildcard36 to wildcard121
[DEBUG] Dynamically added transition from wildcard35 to wildcard121
[DEBUG] Dynamically added transition from wildcard34 to wildcard121
[DEBUG] Dynamically added transition from wildcard33 to wildcard121
[DEBUG] Dynamically added transition from wildcard32 to wildcard121
[DEBUG] Dynamically added transition from wildcard31 to wildcard121
[DEBUG] Dynamically added transition from wildcard30 to wildcard121
[DEBUG] Dynamically added transition from wildcard29 to wildcard121
[DEBUG] Dynamically added transition from wildcard28 to wildcard121
[DEBUG] Dynamically added transition from wildcard49 to wildcard121
[DEBUG] Dynamically added transition from wildcard48 to wildcard121
[DEBUG] Dynamically added transition from wildcard47 to wildcard121
[DEBUG] Dynamically added transition from wildcard46 to wildcard121
[DEBUG] Dynamically added transition from wildcard45 to wildcard121
[DEBUG] Dynamically added transition from wildcard44 to wildcard121
[DEBUG] Dynamically added transition from wildcard43 to wildcard121
[DEBUG] Dynamically added transition from wildcard42 to wildcard121
[DEBUG] Dynamically added transition from wildcard41 to wildcard121
[DEBUG] Dynamically added transition from wildcard40 to wildcard121
[DEBUG] Dynamically added transition from wildcard39 to wildcard121
[DEBUG] Dynamically added transition from wildcard59 to wildcard121
[DEBUG] Dynamically added transition from wildcard58 to wildcard121
[DEBUG] Dynamically added transition from middle to wildcard121
[DEBUG] Dynamically added transition from wildcard57 to wildcard121
[DEBUG] Dynamically added transition from wildcard56 to wildcard121
[DEBUG] Dynamically added transition from wildcard55 to wildcard121
[DEBUG] Dynamically added transition from wildcard54 to wildcard121
[DEBUG] Dynamically added transition from wildcard53 to wildcard121
[DEBUG] Dynamically added transition from wildcard52 to wildcard121
[DEBUG] Dynamically added transition from wildcard51 to wildcard121
[DEBUG] Dynamically added transition from wildcard50 to wildcard121
[DEBUG] Dynamically added transition from wildcard69 to wildcard121
[DEBUG] Dynamically added transition from wildcard68 to wildcard121
[DEBUG] Dynamically added transition from wildcard67 to wildcard121
[DEBUG] Dynamically added transition from wildcard66 to wildcard121
[DEBUG] Dynamically added transition from wildcard65 to wildcard121
[DEBUG] Dynamically added transition from wildcard64 to wildcard121
[DEBUG] Dynamically added transition from wildcard63 to wildcard121
[DEBUG] Dynamically added transition from wildcard62 to wildcard121
[DEBUG] Dynamically added transition from wildcard61 to wildcard121
[DEBUG] Dynamically added transition from wildcard60 to wildcard121
[DEBUG] Dynamically added transition from wildcard100 to wildcard121
[DEBUG] Dynamically added transition from wildcard107 to wildcard121
[DEBUG] Dynamically added transition from wildcard108 to wildcard121
[DEBUG] Dynamically added transition from wildcard105 to wildcard121
[DEBUG] Dynamically added transition from wildcard106 to wildcard121
[DEBUG] Dynamically added transition from wildcard103 to wildcard121
[DEBUG] Dynamically added transition from wildcard104 to wildcard121
[DEBUG] Dynamically added transition from wildcard101 to wildcard121
[DEBUG] Dynamically added transition from wildcard102 to wildcard121
[DEBUG] Dynamically added transition from wildcard79 to wildcard121
[DEBUG] Dynamically added transition from wildcard78 to wildcard121
[DEBUG] Dynamically added transition from wildcard77 to wildcard121
[DEBUG] Dynamically added transition from wildcard76 to wildcard121
[DEBUG] Dynamically added transition from wildcard109 to wildcard121
[DEBUG] Dynamically added transition from wildcard75 to wildcard121
[DEBUG] Dynamically added transition from wildcard74 to wildcard121
[DEBUG] Dynamically added transition from wildcard73 to wildcard121
[DEBUG] Dynamically added transition from wildcard72 to wildcard121
[DEBUG] Dynamically added transition from wildcard71 to wildcard121
[DEBUG] Dynamically added transition from wildcard70 to wildcard121
[DEBUG] Dynamically added transition from wildcard110 to wildcard121
[DEBUG] Dynamically added transition from wildcard111 to wildcard121
[DEBUG] Dynamically added transition from wildcard118 to wildcard121
[DEBUG] Dynamically added transition from wildcard119 to wildcard121
[DEBUG] Dynamically added transition from wildcard116 to wildcard121
[DEBUG] Dynamically added transition from wildcard117 to wildcard121
[DEBUG] Dynamically added transition from wildcard114 to wildcard121
[DEBUG] Dynamically added transition from wildcard115 to wildcard121
[DEBUG] Dynamically added transition from wildcard112 to wildcard121
[DEBUG] Dynamically added transition from wildcard113 to wildcard121
[DEBUG] Dynamically added transition from wildcard89 to wildcard121
[DEBUG] Dynamically added transition from wildcard88 to wildcard121
[DEBUG] Dynamically added transition from wildcard87 to wildcard121
[DEBUG] Dynamically added transition from wildcard86 to wildcard121
[DEBUG] Dynamically added transition from wildcard85 to wildcard121
[DEBUG] Dynamically added transition from wildcard84 to wildcard121
[DEBUG] Dynamically added transition from wildcard83 to wildcard121
[DEBUG] Dynamically added transition from wildcard82 to wildcard121
[DEBUG] Dynamically added transition from wildcard81 to wildcard121
[DEBUG] Dynamically added transition from wildcard80 to wildcard121
[DEBUG] Dynamically added transition from wildcard16 to wildcard121
[DEBUG] Dynamically added transition from wildcard15 to wildcard121
[DEBUG] Dynamically added transition from wildcard14 to wildcard121
[DEBUG] Dynamically added transition from wildcard13 to wildcard121
[DEBUG] Dynamically added transition from wildcard12 to wildcard121
[DEBUG] Dynamically added transition from wildcard11 to wildcard121
[DEBUG] Dynamically added transition from wildcard99 to wildcard121
[DEBUG] Dynamically added transition from wildcard10 to wildcard121
[DEBUG] Dynamically added transition from wildcard98 to wildcard121
[DEBUG] Dynamically added transition from wildcard97 to wildcard121
[DEBUG] Dynamically added transition from start to wildcard121
[DEBUG] Dynamically added transition from wildcard96 to wildcard121
[DEBUG] Dynamically added transition from wildcard95 to wildcard121
[DEBUG] Dynamically added transition from wildcard94 to wildcard121
[DEBUG] Dynamically added transition from wildcard93 to wildcard121
[DEBUG] Dynamically added transition from wildcard92 to wildcard121
[DEBUG] Dynamically added transition from wildcard91 to wildcard121
[DEBUG] Dynamically added transition from wildcard90 to wildcard121
[DEBUG] Dynamically added transition from wildcard121 to wildcard27
[DEBUG] Dynamically added transition from wildcard121 to wildcard26
[DEBUG] Dynamically added transition from wildcard121 to wildcard25
[DEBUG] Dynamically added transition from wildcard121 to wildcard24
[DEBUG] Dynamically added transition from wildcard121 to wildcard23
[DEBUG] Dynamically added transition from wildcard121 to wildcard22
[DEBUG] Dynamically added transition from wildcard121 to wildcard1
[DEBUG] Dynamically added transition from wildcard121 to wildcard21
[DEBUG] Dynamically added transition from wildcard121 to wildcard0
[DEBUG] Dynamically added transition from wildcard121 to wildcard20
[DEBUG] Dynamically added transition from wildcard121 to wildcard3
[DEBUG] Dynamically added transition from wildcard121 to wildcard2
[DEBUG] Dynamically added transition from wildcard121 to wildcard5
[DEBUG] Dynamically added transition from wildcard121 to wildcard4
[DEBUG] Dynamically added transition from wildcard121 to wildcard7
[DEBUG] Dynamically added transition from wildcard121 to wildcard6
[DEBUG] Dynamically added transition from wildcard121 to wildcard9
[DEBUG] Dynamically added transition from wildcard121 to wildcard8
[DEBUG] Dynamically added transition from wildcard121 to wildcard19
[DEBUG] Dynamically added transition from wildcard121 to wildcard18
[DEBUG] Dynamically added transition from wildcard121 to wildcard17
[DEBUG] Dynamically added transition from wildcard121 to wildcard38
[DEBUG] Dynamically added transition from wildcard121 to wildcard37
[DEBUG] Dynamically added transition from wildcard121 to wildcard36
[DEBUG] Dynamically added transition from wildcard121 to wildcard35
[DEBUG] Dynamically added transition from wildcard121 to wildcard34
[DEBUG] Dynamically added transition from wildcard121 to wildcard33
[DEBUG] Dynamically added transition from wildcard121 to wildcard32
[DEBUG] Dynamically added transition from wildcard121 to wildcard31
[DEBUG] Dynamically added transition from wildcard121 to wildcard30
[DEBUG] Dynamically added transition from wildcard121 to wildcard29
[DEBUG] Dynamically added transition from wildcard121 to wildcard28
[DEBUG] Dynamically added transition from wildcard121 to wildcard49
[DEBUG] Dynamically added transition from wildcard121 to wildcard48
[DEBUG] Dynamically added transition from wildcard121 to wildcard47
[DEBUG] Dynamically added transition from wildcard121 to wildcard46
[DEBUG] Dynamically added transition from wildcard121 to wildcard45
[DEBUG] Dynamically added transition from wildcard121 to wildcard44
[DEBUG] Dynamically added transition from wildcard121 to wildcard43
[DEBUG] Dynamically added transition from wildcard121 to wildcard42
[DEBUG] Dynamically added transition from wildcard121 to wildcard41
[DEBUG] Dynamically added transition from wildcard121 to wildcard40
[DEBUG] Dynamically added transition from wildcard121 to wildcard121
[DEBUG] Dynamically added transition from wildcard121 to wildcard120
[DEBUG] Dynamically added transition from wildcard121 to wildcard39
[DEBUG] Dynamically added transition from wildcard121 to wildcard59
[DEBUG] Dynamically added transition from wildcard121 to wildcard58
[DEBUG] Dynamically added transition from wildcard121 to middle
[DEBUG] Dynamically added transition from wildcard121 to wildcard57
[DEBUG] Dynamically added transition from wildcard121 to wildcard56
[DEBUG] Dynamically added transition from wildcard121 to wildcard55
[DEBUG] Dynamically added transition from wildcard121 to wildcard54
[DEBUG] Dynamically added transition from wildcard121 to wildcard53
[DEBUG] Dynamically added transition from wildcard121 to wildcard52
[DEBUG] Dynamically added transition from wildcard121 to wildcard51
[DEBUG] Dynamically added transition from wildcard121 to wildcard50
[DEBUG] Dynamically added transition from wildcard121 to wildcard69
[DEBUG] Dynamically added transition from wildcard121 to wildcard68
[DEBUG] Dynamically added transition from wildcard121 to wildcard67
[DEBUG] Dynamically added transition from wildcard121 to wildcard66
[DEBUG] Dynamically added transition from wildcard121 to wildcard65
[DEBUG] Dynamically added transition from wildcard121 to wildcard64
[DEBUG] Dynamically added transition from wildcard121 to wildcard63
[DEBUG] Dynamically added transition from wildcard121 to wildcard62
[DEBUG] Dynamically added transition from wildcard121 to wildcard61
[DEBUG] Dynamically added transition from wildcard121 to wildcard60
[DEBUG] Dynamically added transition from wildcard121 to wildcard100
[DEBUG] Dynamically added transition from wildcard121 to wildcard107
[DEBUG] Dynamically added transition from wildcard121 to wildcard108
[DEBUG] Dynamically added transition from wildcard121 to wildcard105
[DEBUG] Dynamically added transition from wildcard121 to wildcard106
[DEBUG] Dynamically added transition from wildcard121 to wildcard103
[DEBUG] Dynamically added transition from wildcard121 to wildcard104
[DEBUG] Dynamically added transition from wildcard121 to wildcard101
[DEBUG] Dynamically added transition from wildcard121 to wildcard102
[DEBUG] Dynamically added transition from wildcard121 to wildcard79
[DEBUG] Dynamically added transition from wildcard121 to wildcard78
[DEBUG] Dynamically added transition from wildcard121 to wildcard77
[DEBUG] Dynamically added transition from wildcard121 to wildcard76
[DEBUG] Dynamically added transition from wildcard121 to wildcard109
[DEBUG] Dynamically added transition from wildcard121 to wildcard75
[DEBUG] Dynamically added transition from wildcard121 to wildcard74
[DEBUG] Dynamically added transition from wildcard121 to wildcard73
[DEBUG] Dynamically added transition from wildcard121 to wildcard72
[DEBUG] Dynamically added transition from wildcard121 to wildcard71
[DEBUG] Dynamically added transition from wildcard121 to wildcard70
[DEBUG] Dynamically added transition from wildcard121 to wildcard110
[DEBUG] Dynamically added transition from wildcard121 to wildcard111
[DEBUG] Dynamically added transition from wildcard121 to wildcard118
[DEBUG] Dynamically added transition from wildcard121 to wildcard119
[DEBUG] Dynamically added transition from wildcard121 to wildcard116
[DEBUG] Dynamically added transition from wildcard121 to wildcard117
[DEBUG] Dynamically added transition from wildcard121 to .*
[DEBUG] Dynamically added transition from wildcard121 to wildcard114
[DEBUG] Dynamically added transition from wildcard121 to wildcard115
[DEBUG] Dynamically added transition from wildcard121 to wildcard112
[DEBUG] Dynamically added transition from wildcard121 to wildcard113
[DEBUG] Dynamically added transition from wildcard121 to wildcard89
[DEBUG] Dynamically added transition from wildcard121 to wildcard88
[DEBUG] Dynamically added transition from wildcard121 to wildcard87
[DEBUG] Dynamically added transition from wildcard121 to wildcard86
[DEBUG] Dynamically added transition from wildcard121 to INITIAL
[DEBUG] Dynamically added transition from wildcard121 to wildcard85
[DEBUG] Dynamically added transition from wildcard121 to wildcard84
[DEBUG] Dynamically added transition from wildcard121 to wildcard83
[DEBUG] Dynamically added transition from wildcard121 to wildcard82
[DEBUG] Dynamically added transition from wildcard121 to wildcard81
[DEBUG] Dynamically added transition from wildcard121 to wildcard80
[DEBUG] Dynamically added transition from wildcard121 to end
[DEBUG] Dynamically added transition from wildcard121 to wildcard16
[DEBUG] Dynamically added transition from wildcard121 to wildcard15
[DEBUG] Dynamically added transition from wildcard121 to wildcard14
[DEBUG] Dynamically added transition from wildcard121 to wildcard13
[DEBUG] Dynamically added transition from wildcard121 to wildcard12
[DEBUG] Dynamically added transition from wildcard121 to wildcard11
[DEBUG] Dynamically added transition from wildcard121 to wildcard99
[DEBUG] Dynamically added transition from wildcard121 to wildcard10
[DEBUG] Dynamically added transition from wildcard121 to wildcard98
[DEBUG] Dynamically added transition from wildcard121 to wildcard97
[DEBUG] Dynamically added transition from wildcard121 to start
[DEBUG] Dynamically added transition from wildcard121 to wildcard96
[DEBUG] Dynamically added transition from wildcard121 to wildcard95
[DEBUG] Dynamically added transition from wildcard121 to wildcard94
[DEBUG] Dynamically added transition from wildcard121 to wildcard93
[DEBUG] Dynamically added transition from wildcard121 to wildcard92
[DEBUG] Dynamically added transition from wildcard121 to wildcard91
[DEBUG] Dynamically added transition from wildcard121 to wildcard90
[INFO] Wildcard transition valid to state: wildcard121
[INFO] Wildcard transition detected from wildcard121 to wildcard122
[DEBUG] Created intermediate state for wildcard transition: wildcard122
[DEBUG] Dynamically added transition from wildcard121 to wildcard122
[DEBUG] Dynamically added transition from wildcard27 to wildcard122
[DEBUG] Dynamically added transition from wildcard26 to wildcard122
[DEBUG] Dynamically added transition from wildcard25 to wildcard122
[DEBUG] Dynamically added transition from wildcard24 to wildcard122
[DEBUG] Dynamically added transition from wildcard23 to wildcard122
[DEBUG] Dynamically added transition from wildcard22 to wildcard122
[DEBUG] Dynamically added transition from wildcard1 to wildcard122
[DEBUG] Dynamically added transition from wildcard21 to wildcard122
[DEBUG] Dynamically added transition from wildcard0 to wildcard122
[DEBUG] Dynamically added transition from wildcard20 to wildcard122
[DEBUG] Dynamically added transition from wildcard3 to wildcard122
[DEBUG] Dynamically added transition from wildcard2 to wildcard122
[DEBUG] Dynamically added transition from wildcard5 to wildcard122
[DEBUG] Dynamically added transition from wildcard4 to wildcard122
[DEBUG] Dynamically added transition from wildcard7 to wildcard122
[DEBUG] Dynamically added transition from wildcard6 to wildcard122
[DEBUG] Dynamically added transition from wildcard9 to wildcard122
[DEBUG] Dynamically added transition from wildcard8 to wildcard122
[DEBUG] Dynamically added transition from wildcard19 to wildcard122
[DEBUG] Dynamically added transition from wildcard18 to wildcard122
[DEBUG] Dynamically added transition from wildcard17 to wildcard122
[DEBUG] Dynamically added transition from wildcard38 to wildcard122
[DEBUG] Dynamically added transition from wildcard37 to wildcard122
[DEBUG] Dynamically added transition from wildcard36 to wildcard122
[DEBUG] Dynamically added transition from wildcard35 to wildcard122
[DEBUG] Dynamically added transition from wildcard34 to wildcard122
[DEBUG] Dynamically added transition from wildcard33 to wildcard122
[DEBUG] Dynamically added transition from wildcard32 to wildcard122
[DEBUG] Dynamically added transition from wildcard31 to wildcard122
[DEBUG] Dynamically added transition from wildcard30 to wildcard122
[DEBUG] Dynamically added transition from wildcard29 to wildcard122
[DEBUG] Dynamically added transition from wildcard28 to wildcard122
[DEBUG] Dynamically added transition from wildcard49 to wildcard122
[DEBUG] Dynamically added transition from wildcard48 to wildcard122
[DEBUG] Dynamically added transition from wildcard47 to wildcard122
[DEBUG] Dynamically added transition from wildcard46 to wildcard122
[DEBUG] Dynamically added transition from wildcard45 to wildcard122
[DEBUG] Dynamically added transition from wildcard44 to wildcard122
[DEBUG] Dynamically added transition from wildcard43 to wildcard122
[DEBUG] Dynamically added transition from wildcard42 to wildcard122
[DEBUG] Dynamically added transition from wildcard41 to wildcard122
[DEBUG] Dynamically added transition from wildcard40 to wildcard122
[DEBUG] Dynamically added transition from wildcard120 to wildcard122
[DEBUG] Dynamically added transition from wildcard39 to wildcard122
[DEBUG] Dynamically added transition from wildcard59 to wildcard122
[DEBUG] Dynamically added transition from wildcard58 to wildcard122
[DEBUG] Dynamically added transition from middle to wildcard122
[DEBUG] Dynamically added transition from wildcard57 to wildcard122
[DEBUG] Dynamically added transition from wildcard56 to wildcard122
[DEBUG] Dynamically added transition from wildcard55 to wildcard122
[DEBUG] Dynamically added transition from wildcard54 to wildcard122
[DEBUG] Dynamically added transition from wildcard53 to wildcard122
[DEBUG] Dynamically added transition from wildcard52 to wildcard122
[DEBUG] Dynamically added transition from wildcard51 to wildcard122
[DEBUG] Dynamically added transition from wildcard50 to wildcard122
[DEBUG] Dynamically added transition from wildcard69 to wildcard122
[DEBUG] Dynamically added transition from wildcard68 to wildcard122
[DEBUG] Dynamically added transition from wildcard67 to wildcard122
[DEBUG] Dynamically added transition from wildcard66 to wildcard122
[DEBUG] Dynamically added transition from wildcard65 to wildcard122
[DEBUG] Dynamically added transition from wildcard64 to wildcard122
[DEBUG] Dynamically added transition from wildcard63 to wildcard122
[DEBUG] Dynamically added transition from wildcard62 to wildcard122
[DEBUG] Dynamically added transition from wildcard61 to wildcard122
[DEBUG] Dynamically added transition from wildcard60 to wildcard122
[DEBUG] Dynamically added transition from wildcard100 to wildcard122
[DEBUG] Dynamically added transition from wildcard107 to wildcard122
[DEBUG] Dynamically added transition from wildcard108 to wildcard122
[DEBUG] Dynamically added transition from wildcard105 to wildcard122
[DEBUG] Dynamically added transition from wildcard106 to wildcard122
[DEBUG] Dynamically added transition from wildcard103 to wildcard122
[DEBUG] Dynamically added transition from wildcard104 to wildcard122
[DEBUG] Dynamically added transition from wildcard101 to wildcard122
[DEBUG] Dynamically added transition from wildcard102 to wildcard122
[DEBUG] Dynamically added transition from wildcard79 to wildcard122
[DEBUG] Dynamically added transition from wildcard78 to wildcard122
[DEBUG] Dynamically added transition from wildcard77 to wildcard122
[DEBUG] Dynamically added transition from wildcard76 to wildcard122
[DEBUG] Dynamically added transition from wildcard109 to wildcard122
[DEBUG] Dynamically added transition from wildcard75 to wildcard122
[DEBUG] Dynamically added transition from wildcard74 to wildcard122
[DEBUG] Dynamically added transition from wildcard73 to wildcard122
[DEBUG] Dynamically added transition from wildcard72 to wildcard122
[DEBUG] Dynamically added transition from wildcard71 to wildcard122
[DEBUG] Dynamically added transition from wildcard70 to wildcard122
[DEBUG] Dynamically added transition from wildcard110 to wildcard122
[DEBUG] Dynamically added transition from wildcard111 to wildcard122
[DEBUG] Dynamically added transition from wildcard118 to wildcard122
[DEBUG] Dynamically added transition from wildcard119 to wildcard122
[DEBUG] Dynamically added transition from wildcard116 to wildcard122
[DEBUG] Dynamically added transition from wildcard117 to wildcard122
[DEBUG] Dynamically added transition from wildcard114 to wildcard122
[DEBUG] Dynamically added transition from wildcard115 to wildcard122
[DEBUG] Dynamically added transition from wildcard112 to wildcard122
[DEBUG] Dynamically added transition from wildcard113 to wildcard122
[DEBUG] Dynamically added transition from wildcard89 to wildcard122
[DEBUG] Dynamically added transition from wildcard88 to wildcard122
[DEBUG] Dynamically added transition from wildcard87 to wildcard122
[DEBUG] Dynamically added transition from wildcard86 to wildcard122
[DEBUG] Dynamically added transition from wildcard85 to wildcard122
[DEBUG] Dynamically added transition from wildcard84 to wildcard122
[DEBUG] Dynamically added transition from wildcard83 to wildcard122
[DEBUG] Dynamically added transition from wildcard82 to wildcard122
[DEBUG] Dynamically added transition from wildcard81 to wildcard122
[DEBUG] Dynamically added transition from wildcard80 to wildcard122
[DEBUG] Dynamically added transition from wildcard16 to wildcard122
[DEBUG] Dynamically added transition from wildcard15 to wildcard122
[DEBUG] Dynamically added transition from wildcard14 to wildcard122
[DEBUG] Dynamically added transition from wildcard13 to wildcard122
[DEBUG] Dynamically added transition from wildcard12 to wildcard122
[DEBUG] Dynamically added transition from wildcard11 to wildcard122
[DEBUG] Dynamically added transition from wildcard99 to wildcard122
[DEBUG] Dynamically added transition from wildcard10 to wildcard122
[DEBUG] Dynamically added transition from wildcard98 to wildcard122
[DEBUG] Dynamically added transition from wildcard97 to wildcard122
[DEBUG] Dynamically added transition from start to wildcard122
[DEBUG] Dynamically added transition from wildcard96 to wildcard122
[DEBUG] Dynamically added transition from wildcard95 to wildcard122
[DEBUG] Dynamically added transition from wildcard94 to wildcard122
[DEBUG] Dynamically added transition from wildcard93 to wildcard122
[DEBUG] Dynamically added transition from wildcard92 to wildcard122
[DEBUG] Dynamically added transition from wildcard91 to wildcard122
[DEBUG] Dynamically added transition from wildcard90 to wildcard122
[DEBUG] Dynamically added transition from wildcard122 to wildcard27
[DEBUG] Dynamically added transition from wildcard122 to wildcard26
[DEBUG] Dynamically added transition from wildcard122 to wildcard25
[DEBUG] Dynamically added transition from wildcard122 to wildcard24
[DEBUG] Dynamically added transition from wildcard122 to wildcard23
[DEBUG] Dynamically added transition from wildcard122 to wildcard22
[DEBUG] Dynamically added transition from wildcard122 to wildcard1
[DEBUG] Dynamically added transition from wildcard122 to wildcard21
[DEBUG] Dynamically added transition from wildcard122 to wildcard0
[DEBUG] Dynamically added transition from wildcard122 to wildcard20
[DEBUG] Dynamically added transition from wildcard122 to wildcard3
[DEBUG] Dynamically added transition from wildcard122 to wildcard2
[DEBUG] Dynamically added transition from wildcard122 to wildcard5
[DEBUG] Dynamically added transition from wildcard122 to wildcard4
[DEBUG] Dynamically added transition from wildcard122 to wildcard7
[DEBUG] Dynamically added transition from wildcard122 to wildcard6
[DEBUG] Dynamically added transition from wildcard122 to wildcard9
[DEBUG] Dynamically added transition from wildcard122 to wildcard8
[DEBUG] Dynamically added transition from wildcard122 to wildcard19
[DEBUG] Dynamically added transition from wildcard122 to wildcard18
[DEBUG] Dynamically added transition from wildcard122 to wildcard17
[DEBUG] Dynamically added transition from wildcard122 to wildcard38
[DEBUG] Dynamically added transition from wildcard122 to wildcard37
[DEBUG] Dynamically added transition from wildcard122 to wildcard36
[DEBUG] Dynamically added transition from wildcard122 to wildcard35
[DEBUG] Dynamically added transition from wildcard122 to wildcard34
[DEBUG] Dynamically added transition from wildcard122 to wildcard33
[DEBUG] Dynamically added transition from wildcard122 to wildcard32
[DEBUG] Dynamically added transition from wildcard122 to wildcard31
[DEBUG] Dynamically added transition from wildcard122 to wildcard30
[DEBUG] Dynamically added transition from wildcard122 to wildcard29
[DEBUG] Dynamically added transition from wildcard122 to wildcard28
[DEBUG] Dynamically added transition from wildcard122 to wildcard49
[DEBUG] Dynamically added transition from wildcard122 to wildcard48
[DEBUG] Dynamically added transition from wildcard122 to wildcard47
[DEBUG] Dynamically added transition from wildcard122 to wildcard46
[DEBUG] Dynamically added transition from wildcard122 to wildcard45
[DEBUG] Dynamically added transition from wildcard122 to wildcard44
[DEBUG] Dynamically added transition from wildcard122 to wildcard43
[DEBUG] Dynamically added transition from wildcard122 to wildcard42
[DEBUG] Dynamically added transition from wildcard122 to wildcard41
[DEBUG] Dynamically added transition from wildcard122 to wildcard40
[DEBUG] Dynamically added transition from wildcard122 to wildcard121
[DEBUG] Dynamically added transition from wildcard122 to wildcard122
[DEBUG] Dynamically added transition from wildcard122 to wildcard120
[DEBUG] Dynamically added transition from wildcard122 to wildcard39
[DEBUG] Dynamically added transition from wildcard122 to wildcard59
[DEBUG] Dynamically added transition from wildcard122 to wildcard58
[DEBUG] Dynamically added transition from wildcard122 to middle
[DEBUG] Dynamically added transition from wildcard122 to wildcard57
[DEBUG] Dynamically added transition from wildcard122 to wildcard56
[DEBUG] Dynamically added transition from wildcard122 to wildcard55
[DEBUG] Dynamically added transition from wildcard122 to wildcard54
[DEBUG] Dynamically added transition from wildcard122 to wildcard53
[DEBUG] Dynamically added transition from wildcard122 to wildcard52
[DEBUG] Dynamically added transition from wildcard122 to wildcard51
[DEBUG] Dynamically added transition from wildcard122 to wildcard50
[DEBUG] Dynamically added transition from wildcard122 to wildcard69
[DEBUG] Dynamically added transition from wildcard122 to wildcard68
[DEBUG] Dynamically added transition from wildcard122 to wildcard67
[DEBUG] Dynamically added transition from wildcard122 to wildcard66
[DEBUG] Dynamically added transition from wildcard122 to wildcard65
[DEBUG] Dynamically added transition from wildcard122 to wildcard64
[DEBUG] Dynamically added transition from wildcard122 to wildcard63
[DEBUG] Dynamically added transition from wildcard122 to wildcard62
[DEBUG] Dynamically added transition from wildcard122 to wildcard61
[DEBUG] Dynamically added transition from wildcard122 to wildcard60
[DEBUG] Dynamically added transition from wildcard122 to wildcard100
[DEBUG] Dynamically added transition from wildcard122 to wildcard107
[DEBUG] Dynamically added transition from wildcard122 to wildcard108
[DEBUG] Dynamically added transition from wildcard122 to wildcard105
[DEBUG] Dynamically added transition from wildcard122 to wildcard106
[DEBUG] Dynamically added transition from wildcard122 to wildcard103
[DEBUG] Dynamically added transition from wildcard122 to wildcard104
[DEBUG] Dynamically added transition from wildcard122 to wildcard101
[DEBUG] Dynamically added transition from wildcard122 to wildcard102
[DEBUG] Dynamically added transition from wildcard122 to wildcard79
[DEBUG] Dynamically added transition from wildcard122 to wildcard78
[DEBUG] Dynamically added transition from wildcard122 to wildcard77
[DEBUG] Dynamically added transition from wildcard122 to wildcard76
[DEBUG] Dynamically added transition from wildcard122 to wildcard109
[DEBUG] Dynamically added transition from wildcard122 to wildcard75
[DEBUG] Dynamically added transition from wildcard122 to wildcard74
[DEBUG] Dynamically added transition from wildcard122 to wildcard73
[DEBUG] Dynamically added transition from wildcard122 to wildcard72
[DEBUG] Dynamically added transition from wildcard122 to wildcard71
[DEBUG] Dynamically added transition from wildcard122 to wildcard70
[DEBUG] Dynamically added transition from wildcard122 to wildcard110
[DEBUG] Dynamically added transition from wildcard122 to wildcard111
[DEBUG] Dynamically added transition from wildcard122 to wildcard118
[DEBUG] Dynamically added transition from wildcard122 to wildcard119
[DEBUG] Dynamically added transition from wildcard122 to wildcard116
[DEBUG] Dynamically added transition from wildcard122 to wildcard117
[DEBUG] Dynamically added transition from wildcard122 to .*
[DEBUG] Dynamically added transition from wildcard122 to wildcard114
[DEBUG] Dynamically added transition from wildcard122 to wildcard115
[DEBUG] Dynamically added transition from wildcard122 to wildcard112
[DEBUG] Dynamically added transition from wildcard122 to wildcard113
[DEBUG] Dynamically added transition from wildcard122 to wildcard89
[DEBUG] Dynamically added transition from wildcard122 to wildcard88
[DEBUG] Dynamically added transition from wildcard122 to wildcard87
[DEBUG] Dynamically added transition from wildcard122 to wildcard86
[DEBUG] Dynamically added transition from wildcard122 to INITIAL
[DEBUG] Dynamically added transition from wildcard122 to wildcard85
[DEBUG] Dynamically added transition from wildcard122 to wildcard84
[DEBUG] Dynamically added transition from wildcard122 to wildcard83
[DEBUG] Dynamically added transition from wildcard122 to wildcard82
[DEBUG] Dynamically added transition from wildcard122 to wildcard81
[DEBUG] Dynamically added transition from wildcard122 to wildcard80
[DEBUG] Dynamically added transition from wildcard122 to end
[DEBUG] Dynamically added transition from wildcard122 to wildcard16
[DEBUG] Dynamically added transition from wildcard122 to wildcard15
[DEBUG] Dynamically added transition from wildcard122 to wildcard14
[DEBUG] Dynamically added transition from wildcard122 to wildcard13
[DEBUG] Dynamically added transition from wildcard122 to wildcard12
[DEBUG] Dynamically added transition from wildcard122 to wildcard11
[DEBUG] Dynamically added transition from wildcard122 to wildcard99
[DEBUG] Dynamically added transition from wildcard122 to wildcard10
[DEBUG] Dynamically added transition from wildcard122 to wildcard98
[DEBUG] Dynamically added transition from wildcard122 to wildcard97
[DEBUG] Dynamically added transition from wildcard122 to start
[DEBUG] Dynamically added transition from wildcard122 to wildcard96
[DEBUG] Dynamically added transition from wildcard122 to wildcard95
[DEBUG] Dynamically added transition from wildcard122 to wildcard94
[DEBUG] Dynamically added transition from wildcard122 to wildcard93
[DEBUG] Dynamically added transition from wildcard122 to wildcard92
[DEBUG] Dynamically added transition from wildcard122 to wildcard91
[DEBUG] Dynamically added transition from wildcard122 to wildcard90
[INFO] Wildcard transition valid to state: wildcard122
[INFO] Wildcard transition detected from wildcard122 to wildcard123
[DEBUG] Created intermediate state for wildcard transition: wildcard123
[DEBUG] Dynamically added transition from wildcard122 to wildcard123
[DEBUG] Dynamically added transition from wildcard27 to wildcard123
[DEBUG] Dynamically added transition from wildcard26 to wildcard123
[DEBUG] Dynamically added transition from wildcard25 to wildcard123
[DEBUG] Dynamically added transition from wildcard24 to wildcard123
[DEBUG] Dynamically added transition from wildcard23 to wildcard123
[DEBUG] Dynamically added transition from wildcard22 to wildcard123
[DEBUG] Dynamically added transition from wildcard1 to wildcard123
[DEBUG] Dynamically added transition from wildcard21 to wildcard123
[DEBUG] Dynamically added transition from wildcard0 to wildcard123
[DEBUG] Dynamically added transition from wildcard20 to wildcard123
[DEBUG] Dynamically added transition from wildcard3 to wildcard123
[DEBUG] Dynamically added transition from wildcard2 to wildcard123
[DEBUG] Dynamically added transition from wildcard5 to wildcard123
[DEBUG] Dynamically added transition from wildcard4 to wildcard123
[DEBUG] Dynamically added transition from wildcard7 to wildcard123
[DEBUG] Dynamically added transition from wildcard6 to wildcard123
[DEBUG] Dynamically added transition from wildcard9 to wildcard123
[DEBUG] Dynamically added transition from wildcard8 to wildcard123
[DEBUG] Dynamically added transition from wildcard19 to wildcard123
[DEBUG] Dynamically added transition from wildcard18 to wildcard123
[DEBUG] Dynamically added transition from wildcard17 to wildcard123
[DEBUG] Dynamically added transition from wildcard38 to wildcard123
[DEBUG] Dynamically added transition from wildcard37 to wildcard123
[DEBUG] Dynamically added transition from wildcard36 to wildcard123
[DEBUG] Dynamically added transition from wildcard35 to wildcard123
[DEBUG] Dynamically added transition from wildcard34 to wildcard123
[DEBUG] Dynamically added transition from wildcard33 to wildcard123
[DEBUG] Dynamically added transition from wildcard32 to wildcard123
[DEBUG] Dynamically added transition from wildcard31 to wildcard123
[DEBUG] Dynamically added transition from wildcard30 to wildcard123
[DEBUG] Dynamically added transition from wildcard29 to wildcard123
[DEBUG] Dynamically added transition from wildcard28 to wildcard123
[DEBUG] Dynamically added transition from wildcard49 to wildcard123
[DEBUG] Dynamically added transition from wildcard48 to wildcard123
[DEBUG] Dynamically added transition from wildcard47 to wildcard123
[DEBUG] Dynamically added transition from wildcard46 to wildcard123
[DEBUG] Dynamically added transition from wildcard45 to wildcard123
[DEBUG] Dynamically added transition from wildcard44 to wildcard123
[DEBUG] Dynamically added transition from wildcard43 to wildcard123
[DEBUG] Dynamically added transition from wildcard42 to wildcard123
[DEBUG] Dynamically added transition from wildcard41 to wildcard123
[DEBUG] Dynamically added transition from wildcard40 to wildcard123
[DEBUG] Dynamically added transition from wildcard121 to wildcard123
[DEBUG] Dynamically added transition from wildcard120 to wildcard123
[DEBUG] Dynamically added transition from wildcard39 to wildcard123
[DEBUG] Dynamically added transition from wildcard59 to wildcard123
[DEBUG] Dynamically added transition from wildcard58 to wildcard123
[DEBUG] Dynamically added transition from middle to wildcard123
[DEBUG] Dynamically added transition from wildcard57 to wildcard123
[DEBUG] Dynamically added transition from wildcard56 to wildcard123
[DEBUG] Dynamically added transition from wildcard55 to wildcard123
[DEBUG] Dynamically added transition from wildcard54 to wildcard123
[DEBUG] Dynamically added transition from wildcard53 to wildcard123
[DEBUG] Dynamically added transition from wildcard52 to wildcard123
[DEBUG] Dynamically added transition from wildcard51 to wildcard123
[DEBUG] Dynamically added transition from wildcard50 to wildcard123
[DEBUG] Dynamically added transition from wildcard69 to wildcard123
[DEBUG] Dynamically added transition from wildcard68 to wildcard123
[DEBUG] Dynamically added transition from wildcard67 to wildcard123
[DEBUG] Dynamically added transition from wildcard66 to wildcard123
[DEBUG] Dynamically added transition from wildcard65 to wildcard123
[DEBUG] Dynamically added transition from wildcard64 to wildcard123
[DEBUG] Dynamically added transition from wildcard63 to wildcard123
[DEBUG] Dynamically added transition from wildcard62 to wildcard123
[DEBUG] Dynamically added transition from wildcard61 to wildcard123
[DEBUG] Dynamically added transition from wildcard60 to wildcard123
[DEBUG] Dynamically added transition from wildcard100 to wildcard123
[DEBUG] Dynamically added transition from wildcard107 to wildcard123
[DEBUG] Dynamically added transition from wildcard108 to wildcard123
[DEBUG] Dynamically added transition from wildcard105 to wildcard123
[DEBUG] Dynamically added transition from wildcard106 to wildcard123
[DEBUG] Dynamically added transition from wildcard103 to wildcard123
[DEBUG] Dynamically added transition from wildcard104 to wildcard123
[DEBUG] Dynamically added transition from wildcard101 to wildcard123
[DEBUG] Dynamically added transition from wildcard102 to wildcard123
[DEBUG] Dynamically added transition from wildcard79 to wildcard123
[DEBUG] Dynamically added transition from wildcard78 to wildcard123
[DEBUG] Dynamically added transition from wildcard77 to wildcard123
[DEBUG] Dynamically added transition from wildcard76 to wildcard123
[DEBUG] Dynamically added transition from wildcard109 to wildcard123
[DEBUG] Dynamically added transition from wildcard75 to wildcard123
[DEBUG] Dynamically added transition from wildcard74 to wildcard123
[DEBUG] Dynamically added transition from wildcard73 to wildcard123
[DEBUG] Dynamically added transition from wildcard72 to wildcard123
[DEBUG] Dynamically added transition from wildcard71 to wildcard123
[DEBUG] Dynamically added transition from wildcard70 to wildcard123
[DEBUG] Dynamically added transition from wildcard110 to wildcard123
[DEBUG] Dynamically added transition from wildcard111 to wildcard123
[DEBUG] Dynamically added transition from wildcard118 to wildcard123
[DEBUG] Dynamically added transition from wildcard119 to wildcard123
[DEBUG] Dynamically added transition from wildcard116 to wildcard123
[DEBUG] Dynamically added transition from wildcard117 to wildcard123
[DEBUG] Dynamically added transition from wildcard114 to wildcard123
[DEBUG] Dynamically added transition from wildcard115 to wildcard123
[DEBUG] Dynamically added transition from wildcard112 to wildcard123
[DEBUG] Dynamically added transition from wildcard113 to wildcard123
[DEBUG] Dynamically added transition from wildcard89 to wildcard123
[DEBUG] Dynamically added transition from wildcard88 to wildcard123
[DEBUG] Dynamically added transition from wildcard87 to wildcard123
[DEBUG] Dynamically added transition from wildcard86 to wildcard123
[DEBUG] Dynamically added transition from wildcard85 to wildcard123
[DEBUG] Dynamically added transition from wildcard84 to wildcard123
[DEBUG] Dynamically added transition from wildcard83 to wildcard123
[DEBUG] Dynamically added transition from wildcard82 to wildcard123
[DEBUG] Dynamically added transition from wildcard81 to wildcard123
[DEBUG] Dynamically added transition from wildcard80 to wildcard123
[DEBUG] Dynamically added transition from wildcard16 to wildcard123
[DEBUG] Dynamically added transition from wildcard15 to wildcard123
[DEBUG] Dynamically added transition from wildcard14 to wildcard123
[DEBUG] Dynamically added transition from wildcard13 to wildcard123
[DEBUG] Dynamically added transition from wildcard12 to wildcard123
[DEBUG] Dynamically added transition from wildcard11 to wildcard123
[DEBUG] Dynamically added transition from wildcard99 to wildcard123
[DEBUG] Dynamically added transition from wildcard10 to wildcard123
[DEBUG] Dynamically added transition from wildcard98 to wildcard123
[DEBUG] Dynamically added transition from wildcard97 to wildcard123
[DEBUG] Dynamically added transition from start to wildcard123
[DEBUG] Dynamically added transition from wildcard96 to wildcard123
[DEBUG] Dynamically added transition from wildcard95 to wildcard123
[DEBUG] Dynamically added transition from wildcard94 to wildcard123
[DEBUG] Dynamically added transition from wildcard93 to wildcard123
[DEBUG] Dynamically added transition from wildcard92 to wildcard123
[DEBUG] Dynamically added transition from wildcard91 to wildcard123
[DEBUG] Dynamically added transition from wildcard90 to wildcard123
[DEBUG] Dynamically added transition from wildcard123 to wildcard27
[DEBUG] Dynamically added transition from wildcard123 to wildcard26
[DEBUG] Dynamically added transition from wildcard123 to wildcard25
[DEBUG] Dynamically added transition from wildcard123 to wildcard24
[DEBUG] Dynamically added transition from wildcard123 to wildcard23
[DEBUG] Dynamically added transition from wildcard123 to wildcard22
[DEBUG] Dynamically added transition from wildcard123 to wildcard1
[DEBUG] Dynamically added transition from wildcard123 to wildcard21
[DEBUG] Dynamically added transition from wildcard123 to wildcard0
[DEBUG] Dynamically added transition from wildcard123 to wildcard20
[DEBUG] Dynamically added transition from wildcard123 to wildcard3
[DEBUG] Dynamically added transition from wildcard123 to wildcard2
[DEBUG] Dynamically added transition from wildcard123 to wildcard5
[DEBUG] Dynamically added transition from wildcard123 to wildcard4
[DEBUG] Dynamically added transition from wildcard123 to wildcard7
[DEBUG] Dynamically added transition from wildcard123 to wildcard6
[DEBUG] Dynamically added transition from wildcard123 to wildcard9
[DEBUG] Dynamically added transition from wildcard123 to wildcard8
[DEBUG] Dynamically added transition from wildcard123 to wildcard19
[DEBUG] Dynamically added transition from wildcard123 to wildcard18
[DEBUG] Dynamically added transition from wildcard123 to wildcard17
[DEBUG] Dynamically added transition from wildcard123 to wildcard38
[DEBUG] Dynamically added transition from wildcard123 to wildcard37
[DEBUG] Dynamically added transition from wildcard123 to wildcard36
[DEBUG] Dynamically added transition from wildcard123 to wildcard35
[DEBUG] Dynamically added transition from wildcard123 to wildcard34
[DEBUG] Dynamically added transition from wildcard123 to wildcard33
[DEBUG] Dynamically added transition from wildcard123 to wildcard32
[DEBUG] Dynamically added transition from wildcard123 to wildcard31
[DEBUG] Dynamically added transition from wildcard123 to wildcard30
[DEBUG] Dynamically added transition from wildcard123 to wildcard29
[DEBUG] Dynamically added transition from wildcard123 to wildcard28
[DEBUG] Dynamically added transition from wildcard123 to wildcard49
[DEBUG] Dynamically added transition from wildcard123 to wildcard48
[DEBUG] Dynamically added transition from wildcard123 to wildcard47
[DEBUG] Dynamically added transition from wildcard123 to wildcard46
[DEBUG] Dynamically added transition from wildcard123 to wildcard45
[DEBUG] Dynamically added transition from wildcard123 to wildcard44
[DEBUG] Dynamically added transition from wildcard123 to wildcard43
[DEBUG] Dynamically added transition from wildcard123 to wildcard42
[DEBUG] Dynamically added transition from wildcard123 to wildcard41
[DEBUG] Dynamically added transition from wildcard123 to wildcard40
[DEBUG] Dynamically added transition from wildcard123 to wildcard121
[DEBUG] Dynamically added transition from wildcard123 to wildcard122
[DEBUG] Dynamically added transition from wildcard123 to wildcard120
[DEBUG] Dynamically added transition from wildcard123 to wildcard123
[DEBUG] Dynamically added transition from wildcard123 to wildcard39
[DEBUG] Dynamically added transition from wildcard123 to wildcard59
[DEBUG] Dynamically added transition from wildcard123 to wildcard58
[DEBUG] Dynamically added transition from wildcard123 to middle
[DEBUG] Dynamically added transition from wildcard123 to wildcard57
[DEBUG] Dynamically added transition from wildcard123 to wildcard56
[DEBUG] Dynamically added transition from wildcard123 to wildcard55
[DEBUG] Dynamically added transition from wildcard123 to wildcard54
[DEBUG] Dynamically added transition from wildcard123 to wildcard53
[DEBUG] Dynamically added transition from wildcard123 to wildcard52
[DEBUG] Dynamically added transition from wildcard123 to wildcard51
[DEBUG] Dynamically added transition from wildcard123 to wildcard50
[DEBUG] Dynamically added transition from wildcard123 to wildcard69
[DEBUG] Dynamically added transition from wildcard123 to wildcard68
[DEBUG] Dynamically added transition from wildcard123 to wildcard67
[DEBUG] Dynamically added transition from wildcard123 to wildcard66
[DEBUG] Dynamically added transition from wildcard123 to wildcard65
[DEBUG] Dynamically added transition from wildcard123 to wildcard64
[DEBUG] Dynamically added transition from wildcard123 to wildcard63
[DEBUG] Dynamically added transition from wildcard123 to wildcard62
[DEBUG] Dynamically added transition from wildcard123 to wildcard61
[DEBUG] Dynamically added transition from wildcard123 to wildcard60
[DEBUG] Dynamically added transition from wildcard123 to wildcard100
[DEBUG] Dynamically added transition from wildcard123 to wildcard107
[DEBUG] Dynamically added transition from wildcard123 to wildcard108
[DEBUG] Dynamically added transition from wildcard123 to wildcard105
[DEBUG] Dynamically added transition from wildcard123 to wildcard106
[DEBUG] Dynamically added transition from wildcard123 to wildcard103
[DEBUG] Dynamically added transition from wildcard123 to wildcard104
[DEBUG] Dynamically added transition from wildcard123 to wildcard101
[DEBUG] Dynamically added transition from wildcard123 to wildcard102
[DEBUG] Dynamically added transition from wildcard123 to wildcard79
[DEBUG] Dynamically added transition from wildcard123 to wildcard78
[DEBUG] Dynamically added transition from wildcard123 to wildcard77
[DEBUG] Dynamically added transition from wildcard123 to wildcard76
[DEBUG] Dynamically added transition from wildcard123 to wildcard109
[DEBUG] Dynamically added transition from wildcard123 to wildcard75
[DEBUG] Dynamically added transition from wildcard123 to wildcard74
[DEBUG] Dynamically added transition from wildcard123 to wildcard73
[DEBUG] Dynamically added transition from wildcard123 to wildcard72
[DEBUG] Dynamically added transition from wildcard123 to wildcard71
[DEBUG] Dynamically added transition from wildcard123 to wildcard70
[DEBUG] Dynamically added transition from wildcard123 to wildcard110
[DEBUG] Dynamically added transition from wildcard123 to wildcard111
[DEBUG] Dynamically added transition from wildcard123 to wildcard118
[DEBUG] Dynamically added transition from wildcard123 to wildcard119
[DEBUG] Dynamically added transition from wildcard123 to wildcard116
[DEBUG] Dynamically added transition from wildcard123 to wildcard117
[DEBUG] Dynamically added transition from wildcard123 to .*
[DEBUG] Dynamically added transition from wildcard123 to wildcard114
[DEBUG] Dynamically added transition from wildcard123 to wildcard115
[DEBUG] Dynamically added transition from wildcard123 to wildcard112
[DEBUG] Dynamically added transition from wildcard123 to wildcard113
[DEBUG] Dynamically added transition from wildcard123 to wildcard89
[DEBUG] Dynamically added transition from wildcard123 to wildcard88
[DEBUG] Dynamically added transition from wildcard123 to wildcard87
[DEBUG] Dynamically added transition from wildcard123 to wildcard86
[DEBUG] Dynamically added transition from wildcard123 to INITIAL
[DEBUG] Dynamically added transition from wildcard123 to wildcard85
[DEBUG] Dynamically added transition from wildcard123 to wildcard84
[DEBUG] Dynamically added transition from wildcard123 to wildcard83
[DEBUG] Dynamically added transition from wildcard123 to wildcard82
[DEBUG] Dynamically added transition from wildcard123 to wildcard81
[DEBUG] Dynamically added transition from wildcard123 to wildcard80
[DEBUG] Dynamically added transition from wildcard123 to end
[DEBUG] Dynamically added transition from wildcard123 to wildcard16
[DEBUG] Dynamically added transition from wildcard123 to wildcard15
[DEBUG] Dynamically added transition from wildcard123 to wildcard14
[DEBUG] Dynamically added transition from wildcard123 to wildcard13
[DEBUG] Dynamically added transition from wildcard123 to wildcard12
[DEBUG] Dynamically added transition from wildcard123 to wildcard11
[DEBUG] Dynamically added transition from wildcard123 to wildcard99
[DEBUG] Dynamically added transition from wildcard123 to wildcard10
[DEBUG] Dynamically added transition from wildcard123 to wildcard98
[DEBUG] Dynamically added transition from wildcard123 to wildcard97
[DEBUG] Dynamically added transition from wildcard123 to start
[DEBUG] Dynamically added transition from wildcard123 to wildcard96
[DEBUG] Dynamically added transition from wildcard123 to wildcard95
[DEBUG] Dynamically added transition from wildcard123 to wildcard94
[DEBUG] Dynamically added transition from wildcard123 to wildcard93
[DEBUG] Dynamically added transition from wildcard123 to wildcard92
[DEBUG] Dynamically added transition from wildcard123 to wildcard91
[DEBUG] Dynamically added transition from wildcard123 to wildcard90
[INFO] Wildcard transition valid to state: wildcard123
[INFO] Wildcard transition detected from wildcard123 to wildcard124
[DEBUG] Created intermediate state for wildcard transition: wildcard124
[DEBUG] Dynamically added transition from wildcard123 to wildcard124
[DEBUG] Dynamically added transition from wildcard27 to wildcard124
[DEBUG] Dynamically added transition from wildcard26 to wildcard124
[DEBUG] Dynamically added transition from wildcard25 to wildcard124
[DEBUG] Dynamically added transition from wildcard24 to wildcard124
[DEBUG] Dynamically added transition from wildcard23 to wildcard124
[DEBUG] Dynamically added transition from wildcard22 to wildcard124
[DEBUG] Dynamically added transition from wildcard1 to wildcard124
[DEBUG] Dynamically added transition from wildcard21 to wildcard124
[DEBUG] Dynamically added transition from wildcard0 to wildcard124
[DEBUG] Dynamically added transition from wildcard20 to wildcard124
[DEBUG] Dynamically added transition from wildcard3 to wildcard124
[DEBUG] Dynamically added transition from wildcard2 to wildcard124
[DEBUG] Dynamically added transition from wildcard5 to wildcard124
[DEBUG] Dynamically added transition from wildcard4 to wildcard124
[DEBUG] Dynamically added transition from wildcard7 to wildcard124
[DEBUG] Dynamically added transition from wildcard6 to wildcard124
[DEBUG] Dynamically added transition from wildcard9 to wildcard124
[DEBUG] Dynamically added transition from wildcard8 to wildcard124
[DEBUG] Dynamically added transition from wildcard19 to wildcard124
[DEBUG] Dynamically added transition from wildcard18 to wildcard124
[DEBUG] Dynamically added transition from wildcard17 to wildcard124
[DEBUG] Dynamically added transition from wildcard38 to wildcard124
[DEBUG] Dynamically added transition from wildcard37 to wildcard124
[DEBUG] Dynamically added transition from wildcard36 to wildcard124
[DEBUG] Dynamically added transition from wildcard35 to wildcard124
[DEBUG] Dynamically added transition from wildcard34 to wildcard124
[DEBUG] Dynamically added transition from wildcard33 to wildcard124
[DEBUG] Dynamically added transition from wildcard32 to wildcard124
[DEBUG] Dynamically added transition from wildcard31 to wildcard124
[DEBUG] Dynamically added transition from wildcard30 to wildcard124
[DEBUG] Dynamically added transition from wildcard29 to wildcard124
[DEBUG] Dynamically added transition from wildcard28 to wildcard124
[DEBUG] Dynamically added transition from wildcard49 to wildcard124
[DEBUG] Dynamically added transition from wildcard48 to wildcard124
[DEBUG] Dynamically added transition from wildcard47 to wildcard124
[DEBUG] Dynamically added transition from wildcard46 to wildcard124
[DEBUG] Dynamically added transition from wildcard45 to wildcard124
[DEBUG] Dynamically added transition from wildcard44 to wildcard124
[DEBUG] Dynamically added transition from wildcard43 to wildcard124
[DEBUG] Dynamically added transition from wildcard42 to wildcard124
[DEBUG] Dynamically added transition from wildcard41 to wildcard124
[DEBUG] Dynamically added transition from wildcard40 to wildcard124
[DEBUG] Dynamically added transition from wildcard121 to wildcard124
[DEBUG] Dynamically added transition from wildcard122 to wildcard124
[DEBUG] Dynamically added transition from wildcard120 to wildcard124
[DEBUG] Dynamically added transition from wildcard39 to wildcard124
[DEBUG] Dynamically added transition from wildcard59 to wildcard124
[DEBUG] Dynamically added transition from wildcard58 to wildcard124
[DEBUG] Dynamically added transition from middle to wildcard124
[DEBUG] Dynamically added transition from wildcard57 to wildcard124
[DEBUG] Dynamically added transition from wildcard56 to wildcard124
[DEBUG] Dynamically added transition from wildcard55 to wildcard124
[DEBUG] Dynamically added transition from wildcard54 to wildcard124
[DEBUG] Dynamically added transition from wildcard53 to wildcard124
[DEBUG] Dynamically added transition from wildcard52 to wildcard124
[DEBUG] Dynamically added transition from wildcard51 to wildcard124
[DEBUG] Dynamically added transition from wildcard50 to wildcard124
[DEBUG] Dynamically added transition from wildcard69 to wildcard124
[DEBUG] Dynamically added transition from wildcard68 to wildcard124
[DEBUG] Dynamically added transition from wildcard67 to wildcard124
[DEBUG] Dynamically added transition from wildcard66 to wildcard124
[DEBUG] Dynamically added transition from wildcard65 to wildcard124
[DEBUG] Dynamically added transition from wildcard64 to wildcard124
[DEBUG] Dynamically added transition from wildcard63 to wildcard124
[DEBUG] Dynamically added transition from wildcard62 to wildcard124
[DEBUG] Dynamically added transition from wildcard61 to wildcard124
[DEBUG] Dynamically added transition from wildcard60 to wildcard124
[DEBUG] Dynamically added transition from wildcard100 to wildcard124
[DEBUG] Dynamically added transition from wildcard107 to wildcard124
[DEBUG] Dynamically added transition from wildcard108 to wildcard124
[DEBUG] Dynamically added transition from wildcard105 to wildcard124
[DEBUG] Dynamically added transition from wildcard106 to wildcard124
[DEBUG] Dynamically added transition from wildcard103 to wildcard124
[DEBUG] Dynamically added transition from wildcard104 to wildcard124
[DEBUG] Dynamically added transition from wildcard101 to wildcard124
[DEBUG] Dynamically added transition from wildcard102 to wildcard124
[DEBUG] Dynamically added transition from wildcard79 to wildcard124
[DEBUG] Dynamically added transition from wildcard78 to wildcard124
[DEBUG] Dynamically added transition from wildcard77 to wildcard124
[DEBUG] Dynamically added transition from wildcard76 to wildcard124
[DEBUG] Dynamically added transition from wildcard109 to wildcard124
[DEBUG] Dynamically added transition from wildcard75 to wildcard124
[DEBUG] Dynamically added transition from wildcard74 to wildcard124
[DEBUG] Dynamically added transition from wildcard73 to wildcard124
[DEBUG] Dynamically added transition from wildcard72 to wildcard124
[DEBUG] Dynamically added transition from wildcard71 to wildcard124
[DEBUG] Dynamically added transition from wildcard70 to wildcard124
[DEBUG] Dynamically added transition from wildcard110 to wildcard124
[DEBUG] Dynamically added transition from wildcard111 to wildcard124
[DEBUG] Dynamically added transition from wildcard118 to wildcard124
[DEBUG] Dynamically added transition from wildcard119 to wildcard124
[DEBUG] Dynamically added transition from wildcard116 to wildcard124
[DEBUG] Dynamically added transition from wildcard117 to wildcard124
[DEBUG] Dynamically added transition from wildcard114 to wildcard124
[DEBUG] Dynamically added transition from wildcard115 to wildcard124
[DEBUG] Dynamically added transition from wildcard112 to wildcard124
[DEBUG] Dynamically added transition from wildcard113 to wildcard124
[DEBUG] Dynamically added transition from wildcard89 to wildcard124
[DEBUG] Dynamically added transition from wildcard88 to wildcard124
[DEBUG] Dynamically added transition from wildcard87 to wildcard124
[DEBUG] Dynamically added transition from wildcard86 to wildcard124
[DEBUG] Dynamically added transition from wildcard85 to wildcard124
[DEBUG] Dynamically added transition from wildcard84 to wildcard124
[DEBUG] Dynamically added transition from wildcard83 to wildcard124
[DEBUG] Dynamically added transition from wildcard82 to wildcard124
[DEBUG] Dynamically added transition from wildcard81 to wildcard124
[DEBUG] Dynamically added transition from wildcard80 to wildcard124
[DEBUG] Dynamically added transition from wildcard16 to wildcard124
[DEBUG] Dynamically added transition from wildcard15 to wildcard124
[DEBUG] Dynamically added transition from wildcard14 to wildcard124
[DEBUG] Dynamically added transition from wildcard13 to wildcard124
[DEBUG] Dynamically added transition from wildcard12 to wildcard124
[DEBUG] Dynamically added transition from wildcard11 to wildcard124
[DEBUG] Dynamically added transition from wildcard99 to wildcard124
[DEBUG] Dynamically added transition from wildcard10 to wildcard124
[DEBUG] Dynamically added transition from wildcard98 to wildcard124
[DEBUG] Dynamically added transition from wildcard97 to wildcard124
[DEBUG] Dynamically added transition from start to wildcard124
[DEBUG] Dynamically added transition from wildcard96 to wildcard124
[DEBUG] Dynamically added transition from wildcard95 to wildcard124
[DEBUG] Dynamically added transition from wildcard94 to wildcard124
[DEBUG] Dynamically added transition from wildcard93 to wildcard124
[DEBUG] Dynamically added transition from wildcard92 to wildcard124
[DEBUG] Dynamically added transition from wildcard91 to wildcard124
[DEBUG] Dynamically added transition from wildcard90 to wildcard124
[DEBUG] Dynamically added transition from wildcard124 to wildcard27
[DEBUG] Dynamically added transition from wildcard124 to wildcard26
[DEBUG] Dynamically added transition from wildcard124 to wildcard25
[DEBUG] Dynamically added transition from wildcard124 to wildcard24
[DEBUG] Dynamically added transition from wildcard124 to wildcard23
[DEBUG] Dynamically added transition from wildcard124 to wildcard22
[DEBUG] Dynamically added transition from wildcard124 to wildcard1
[DEBUG] Dynamically added transition from wildcard124 to wildcard21
[DEBUG] Dynamically added transition from wildcard124 to wildcard0
[DEBUG] Dynamically added transition from wildcard124 to wildcard20
[DEBUG] Dynamically added transition from wildcard124 to wildcard3
[DEBUG] Dynamically added transition from wildcard124 to wildcard2
[DEBUG] Dynamically added transition from wildcard124 to wildcard5
[DEBUG] Dynamically added transition from wildcard124 to wildcard4
[DEBUG] Dynamically added transition from wildcard124 to wildcard7
[DEBUG] Dynamically added transition from wildcard124 to wildcard6
[DEBUG] Dynamically added transition from wildcard124 to wildcard9
[DEBUG] Dynamically added transition from wildcard124 to wildcard8
[DEBUG] Dynamically added transition from wildcard124 to wildcard19
[DEBUG] Dynamically added transition from wildcard124 to wildcard18
[DEBUG] Dynamically added transition from wildcard124 to wildcard17
[DEBUG] Dynamically added transition from wildcard124 to wildcard38
[DEBUG] Dynamically added transition from wildcard124 to wildcard37
[DEBUG] Dynamically added transition from wildcard124 to wildcard36
[DEBUG] Dynamically added transition from wildcard124 to wildcard35
[DEBUG] Dynamically added transition from wildcard124 to wildcard34
[DEBUG] Dynamically added transition from wildcard124 to wildcard33
[DEBUG] Dynamically added transition from wildcard124 to wildcard32
[DEBUG] Dynamically added transition from wildcard124 to wildcard31
[DEBUG] Dynamically added transition from wildcard124 to wildcard30
[DEBUG] Dynamically added transition from wildcard124 to wildcard29
[DEBUG] Dynamically added transition from wildcard124 to wildcard28
[DEBUG] Dynamically added transition from wildcard124 to wildcard49
[DEBUG] Dynamically added transition from wildcard124 to wildcard48
[DEBUG] Dynamically added transition from wildcard124 to wildcard47
[DEBUG] Dynamically added transition from wildcard124 to wildcard46
[DEBUG] Dynamically added transition from wildcard124 to wildcard45
[DEBUG] Dynamically added transition from wildcard124 to wildcard44
[DEBUG] Dynamically added transition from wildcard124 to wildcard43
[DEBUG] Dynamically added transition from wildcard124 to wildcard42
[DEBUG] Dynamically added transition from wildcard124 to wildcard41
[DEBUG] Dynamically added transition from wildcard124 to wildcard40
[DEBUG] Dynamically added transition from wildcard124 to wildcard121
[DEBUG] Dynamically added transition from wildcard124 to wildcard122
[DEBUG] Dynamically added transition from wildcard124 to wildcard120
[DEBUG] Dynamically added transition from wildcard124 to wildcard123
[DEBUG] Dynamically added transition from wildcard124 to wildcard39
[DEBUG] Dynamically added transition from wildcard124 to wildcard124
[DEBUG] Dynamically added transition from wildcard124 to wildcard59
[DEBUG] Dynamically added transition from wildcard124 to wildcard58
[DEBUG] Dynamically added transition from wildcard124 to middle
[DEBUG] Dynamically added transition from wildcard124 to wildcard57
[DEBUG] Dynamically added transition from wildcard124 to wildcard56
[DEBUG] Dynamically added transition from wildcard124 to wildcard55
[DEBUG] Dynamically added transition from wildcard124 to wildcard54
[DEBUG] Dynamically added transition from wildcard124 to wildcard53
[DEBUG] Dynamically added transition from wildcard124 to wildcard52
[DEBUG] Dynamically added transition from wildcard124 to wildcard51
[DEBUG] Dynamically added transition from wildcard124 to wildcard50
[DEBUG] Dynamically added transition from wildcard124 to wildcard69
[DEBUG] Dynamically added transition from wildcard124 to wildcard68
[DEBUG] Dynamically added transition from wildcard124 to wildcard67
[DEBUG] Dynamically added transition from wildcard124 to wildcard66
[DEBUG] Dynamically added transition from wildcard124 to wildcard65
[DEBUG] Dynamically added transition from wildcard124 to wildcard64
[DEBUG] Dynamically added transition from wildcard124 to wildcard63
[DEBUG] Dynamically added transition from wildcard124 to wildcard62
[DEBUG] Dynamically added transition from wildcard124 to wildcard61
[DEBUG] Dynamically added transition from wildcard124 to wildcard60
[DEBUG] Dynamically added transition from wildcard124 to wildcard100
[DEBUG] Dynamically added transition from wildcard124 to wildcard107
[DEBUG] Dynamically added transition from wildcard124 to wildcard108
[DEBUG] Dynamically added transition from wildcard124 to wildcard105
[DEBUG] Dynamically added transition from wildcard124 to wildcard106
[DEBUG] Dynamically added transition from wildcard124 to wildcard103
[DEBUG] Dynamically added transition from wildcard124 to wildcard104
[DEBUG] Dynamically added transition from wildcard124 to wildcard101
[DEBUG] Dynamically added transition from wildcard124 to wildcard102
[DEBUG] Dynamically added transition from wildcard124 to wildcard79
[DEBUG] Dynamically added transition from wildcard124 to wildcard78
[DEBUG] Dynamically added transition from wildcard124 to wildcard77
[DEBUG] Dynamically added transition from wildcard124 to wildcard76
[DEBUG] Dynamically added transition from wildcard124 to wildcard109
[DEBUG] Dynamically added transition from wildcard124 to wildcard75
[DEBUG] Dynamically added transition from wildcard124 to wildcard74
[DEBUG] Dynamically added transition from wildcard124 to wildcard73
[DEBUG] Dynamically added transition from wildcard124 to wildcard72
[DEBUG] Dynamically added transition from wildcard124 to wildcard71
[DEBUG] Dynamically added transition from wildcard124 to wildcard70
[DEBUG] Dynamically added transition from wildcard124 to wildcard110
[DEBUG] Dynamically added transition from wildcard124 to wildcard111
[DEBUG] Dynamically added transition from wildcard124 to wildcard118
[DEBUG] Dynamically added transition from wildcard124 to wildcard119
[DEBUG] Dynamically added transition from wildcard124 to wildcard116
[DEBUG] Dynamically added transition from wildcard124 to wildcard117
[DEBUG] Dynamically added transition from wildcard124 to .*
[DEBUG] Dynamically added transition from wildcard124 to wildcard114
[DEBUG] Dynamically added transition from wildcard124 to wildcard115
[DEBUG] Dynamically added transition from wildcard124 to wildcard112
[DEBUG] Dynamically added transition from wildcard124 to wildcard113
[DEBUG] Dynamically added transition from wildcard124 to wildcard89
[DEBUG] Dynamically added transition from wildcard124 to wildcard88
[DEBUG] Dynamically added transition from wildcard124 to wildcard87
[DEBUG] Dynamically added transition from wildcard124 to wildcard86
[DEBUG] Dynamically added transition from wildcard124 to INITIAL
[DEBUG] Dynamically added transition from wildcard124 to wildcard85
[DEBUG] Dynamically added transition from wildcard124 to wildcard84
[DEBUG] Dynamically added transition from wildcard124 to wildcard83
[DEBUG] Dynamically added transition from wildcard124 to wildcard82
[DEBUG] Dynamically added transition from wildcard124 to wildcard81
[DEBUG] Dynamically added transition from wildcard124 to wildcard80
[DEBUG] Dynamically added transition from wildcard124 to end
[DEBUG] Dynamically added transition from wildcard124 to wildcard16
[DEBUG] Dynamically added transition from wildcard124 to wildcard15
[DEBUG] Dynamically added transition from wildcard124 to wildcard14
[DEBUG] Dynamically added transition from wildcard124 to wildcard13
[DEBUG] Dynamically added transition from wildcard124 to wildcard12
[DEBUG] Dynamically added transition from wildcard124 to wildcard11
[DEBUG] Dynamically added transition from wildcard124 to wildcard99
[DEBUG] Dynamically added transition from wildcard124 to wildcard10
[DEBUG] Dynamically added transition from wildcard124 to wildcard98
[DEBUG] Dynamically added transition from wildcard124 to wildcard97
[DEBUG] Dynamically added transition from wildcard124 to start
[DEBUG] Dynamically added transition from wildcard124 to wildcard96
[DEBUG] Dynamically added transition from wildcard124 to wildcard95
[DEBUG] Dynamically added transition from wildcard124 to wildcard94
[DEBUG] Dynamically added transition from wildcard124 to wildcard93
[DEBUG] Dynamically added transition from wildcard124 to wildcard92
[DEBUG] Dynamically added transition from wildcard124 to wildcard91
[DEBUG] Dynamically added transition from wildcard124 to wildcard90
[INFO] Wildcard transition valid to state: wildcard124
[INFO] Wildcard transition detected from wildcard124 to wildcard125
[DEBUG] Created intermediate state for wildcard transition: wildcard125
[DEBUG] Dynamically added transition from wildcard124 to wildcard125
[DEBUG] Dynamically added transition from wildcard27 to wildcard125
[DEBUG] Dynamically added transition from wildcard26 to wildcard125
[DEBUG] Dynamically added transition from wildcard25 to wildcard125
[DEBUG] Dynamically added transition from wildcard24 to wildcard125
[DEBUG] Dynamically added transition from wildcard23 to wildcard125
[DEBUG] Dynamically added transition from wildcard22 to wildcard125
[DEBUG] Dynamically added transition from wildcard1 to wildcard125
[DEBUG] Dynamically added transition from wildcard21 to wildcard125
[DEBUG] Dynamically added transition from wildcard0 to wildcard125
[DEBUG] Dynamically added transition from wildcard20 to wildcard125
[DEBUG] Dynamically added transition from wildcard3 to wildcard125
[DEBUG] Dynamically added transition from wildcard2 to wildcard125
[DEBUG] Dynamically added transition from wildcard5 to wildcard125
[DEBUG] Dynamically added transition from wildcard4 to wildcard125
[DEBUG] Dynamically added transition from wildcard7 to wildcard125
[DEBUG] Dynamically added transition from wildcard6 to wildcard125
[DEBUG] Dynamically added transition from wildcard9 to wildcard125
[DEBUG] Dynamically added transition from wildcard8 to wildcard125
[DEBUG] Dynamically added transition from wildcard19 to wildcard125
[DEBUG] Dynamically added transition from wildcard18 to wildcard125
[DEBUG] Dynamically added transition from wildcard17 to wildcard125
[DEBUG] Dynamically added transition from wildcard38 to wildcard125
[DEBUG] Dynamically added transition from wildcard37 to wildcard125
[DEBUG] Dynamically added transition from wildcard36 to wildcard125
[DEBUG] Dynamically added transition from wildcard35 to wildcard125
[DEBUG] Dynamically added transition from wildcard34 to wildcard125
[DEBUG] Dynamically added transition from wildcard33 to wildcard125
[DEBUG] Dynamically added transition from wildcard32 to wildcard125
[DEBUG] Dynamically added transition from wildcard31 to wildcard125
[DEBUG] Dynamically added transition from wildcard30 to wildcard125
[DEBUG] Dynamically added transition from wildcard29 to wildcard125
[DEBUG] Dynamically added transition from wildcard28 to wildcard125
[DEBUG] Dynamically added transition from wildcard49 to wildcard125
[DEBUG] Dynamically added transition from wildcard48 to wildcard125
[DEBUG] Dynamically added transition from wildcard47 to wildcard125
[DEBUG] Dynamically added transition from wildcard46 to wildcard125
[DEBUG] Dynamically added transition from wildcard45 to wildcard125
[DEBUG] Dynamically added transition from wildcard44 to wildcard125
[DEBUG] Dynamically added transition from wildcard43 to wildcard125
[DEBUG] Dynamically added transition from wildcard42 to wildcard125
[DEBUG] Dynamically added transition from wildcard41 to wildcard125
[DEBUG] Dynamically added transition from wildcard40 to wildcard125
[DEBUG] Dynamically added transition from wildcard121 to wildcard125
[DEBUG] Dynamically added transition from wildcard122 to wildcard125
[DEBUG] Dynamically added transition from wildcard120 to wildcard125
[DEBUG] Dynamically added transition from wildcard123 to wildcard125
[DEBUG] Dynamically added transition from wildcard39 to wildcard125
[DEBUG] Dynamically added transition from wildcard59 to wildcard125
[DEBUG] Dynamically added transition from wildcard58 to wildcard125
[DEBUG] Dynamically added transition from middle to wildcard125
[DEBUG] Dynamically added transition from wildcard57 to wildcard125
[DEBUG] Dynamically added transition from wildcard56 to wildcard125
[DEBUG] Dynamically added transition from wildcard55 to wildcard125
[DEBUG] Dynamically added transition from wildcard54 to wildcard125
[DEBUG] Dynamically added transition from wildcard53 to wildcard125
[DEBUG] Dynamically added transition from wildcard52 to wildcard125
[DEBUG] Dynamically added transition from wildcard51 to wildcard125
[DEBUG] Dynamically added transition from wildcard50 to wildcard125
[DEBUG] Dynamically added transition from wildcard69 to wildcard125
[DEBUG] Dynamically added transition from wildcard68 to wildcard125
[DEBUG] Dynamically added transition from wildcard67 to wildcard125
[DEBUG] Dynamically added transition from wildcard66 to wildcard125
[DEBUG] Dynamically added transition from wildcard65 to wildcard125
[DEBUG] Dynamically added transition from wildcard64 to wildcard125
[DEBUG] Dynamically added transition from wildcard63 to wildcard125
[DEBUG] Dynamically added transition from wildcard62 to wildcard125
[DEBUG] Dynamically added transition from wildcard61 to wildcard125
[DEBUG] Dynamically added transition from wildcard60 to wildcard125
[DEBUG] Dynamically added transition from wildcard100 to wildcard125
[DEBUG] Dynamically added transition from wildcard107 to wildcard125
[DEBUG] Dynamically added transition from wildcard108 to wildcard125
[DEBUG] Dynamically added transition from wildcard105 to wildcard125
[DEBUG] Dynamically added transition from wildcard106 to wildcard125
[DEBUG] Dynamically added transition from wildcard103 to wildcard125
[DEBUG] Dynamically added transition from wildcard104 to wildcard125
[DEBUG] Dynamically added transition from wildcard101 to wildcard125
[DEBUG] Dynamically added transition from wildcard102 to wildcard125
[DEBUG] Dynamically added transition from wildcard79 to wildcard125
[DEBUG] Dynamically added transition from wildcard78 to wildcard125
[DEBUG] Dynamically added transition from wildcard77 to wildcard125
[DEBUG] Dynamically added transition from wildcard76 to wildcard125
[DEBUG] Dynamically added transition from wildcard109 to wildcard125
[DEBUG] Dynamically added transition from wildcard75 to wildcard125
[DEBUG] Dynamically added transition from wildcard74 to wildcard125
[DEBUG] Dynamically added transition from wildcard73 to wildcard125
[DEBUG] Dynamically added transition from wildcard72 to wildcard125
[DEBUG] Dynamically added transition from wildcard71 to wildcard125
[DEBUG] Dynamically added transition from wildcard70 to wildcard125
[DEBUG] Dynamically added transition from wildcard110 to wildcard125
[DEBUG] Dynamically added transition from wildcard111 to wildcard125
[DEBUG] Dynamically added transition from wildcard118 to wildcard125
[DEBUG] Dynamically added transition from wildcard119 to wildcard125
[DEBUG] Dynamically added transition from wildcard116 to wildcard125
[DEBUG] Dynamically added transition from wildcard117 to wildcard125
[DEBUG] Dynamically added transition from wildcard114 to wildcard125
[DEBUG] Dynamically added transition from wildcard115 to wildcard125
[DEBUG] Dynamically added transition from wildcard112 to wildcard125
[DEBUG] Dynamically added transition from wildcard113 to wildcard125
[DEBUG] Dynamically added transition from wildcard89 to wildcard125
[DEBUG] Dynamically added transition from wildcard88 to wildcard125
[DEBUG] Dynamically added transition from wildcard87 to wildcard125
[DEBUG] Dynamically added transition from wildcard86 to wildcard125
[DEBUG] Dynamically added transition from wildcard85 to wildcard125
[DEBUG] Dynamically added transition from wildcard84 to wildcard125
[DEBUG] Dynamically added transition from wildcard83 to wildcard125
[DEBUG] Dynamically added transition from wildcard82 to wildcard125
[DEBUG] Dynamically added transition from wildcard81 to wildcard125
[DEBUG] Dynamically added transition from wildcard80 to wildcard125
[DEBUG] Dynamically added transition from wildcard16 to wildcard125
[DEBUG] Dynamically added transition from wildcard15 to wildcard125
[DEBUG] Dynamically added transition from wildcard14 to wildcard125
[DEBUG] Dynamically added transition from wildcard13 to wildcard125
[DEBUG] Dynamically added transition from wildcard12 to wildcard125
[DEBUG] Dynamically added transition from wildcard11 to wildcard125
[DEBUG] Dynamically added transition from wildcard99 to wildcard125
[DEBUG] Dynamically added transition from wildcard10 to wildcard125
[DEBUG] Dynamically added transition from wildcard98 to wildcard125
[DEBUG] Dynamically added transition from wildcard97 to wildcard125
[DEBUG] Dynamically added transition from start to wildcard125
[DEBUG] Dynamically added transition from wildcard96 to wildcard125
[DEBUG] Dynamically added transition from wildcard95 to wildcard125
[DEBUG] Dynamically added transition from wildcard94 to wildcard125
[DEBUG] Dynamically added transition from wildcard93 to wildcard125
[DEBUG] Dynamically added transition from wildcard92 to wildcard125
[DEBUG] Dynamically added transition from wildcard91 to wildcard125
[DEBUG] Dynamically added transition from wildcard90 to wildcard125
[DEBUG] Dynamically added transition from wildcard125 to wildcard27
[DEBUG] Dynamically added transition from wildcard125 to wildcard26
[DEBUG] Dynamically added transition from wildcard125 to wildcard25
[DEBUG] Dynamically added transition from wildcard125 to wildcard24
[DEBUG] Dynamically added transition from wildcard125 to wildcard23
[DEBUG] Dynamically added transition from wildcard125 to wildcard22
[DEBUG] Dynamically added transition from wildcard125 to wildcard1
[DEBUG] Dynamically added transition from wildcard125 to wildcard21
[DEBUG] Dynamically added transition from wildcard125 to wildcard0
[DEBUG] Dynamically added transition from wildcard125 to wildcard20
[DEBUG] Dynamically added transition from wildcard125 to wildcard3
[DEBUG] Dynamically added transition from wildcard125 to wildcard2
[DEBUG] Dynamically added transition from wildcard125 to wildcard5
[DEBUG] Dynamically added transition from wildcard125 to wildcard4
[DEBUG] Dynamically added transition from wildcard125 to wildcard7
[DEBUG] Dynamically added transition from wildcard125 to wildcard6
[DEBUG] Dynamically added transition from wildcard125 to wildcard9
[DEBUG] Dynamically added transition from wildcard125 to wildcard8
[DEBUG] Dynamically added transition from wildcard125 to wildcard19
[DEBUG] Dynamically added transition from wildcard125 to wildcard18
[DEBUG] Dynamically added transition from wildcard125 to wildcard17
[DEBUG] Dynamically added transition from wildcard125 to wildcard38
[DEBUG] Dynamically added transition from wildcard125 to wildcard37
[DEBUG] Dynamically added transition from wildcard125 to wildcard36
[DEBUG] Dynamically added transition from wildcard125 to wildcard35
[DEBUG] Dynamically added transition from wildcard125 to wildcard34
[DEBUG] Dynamically added transition from wildcard125 to wildcard33
[DEBUG] Dynamically added transition from wildcard125 to wildcard32
[DEBUG] Dynamically added transition from wildcard125 to wildcard31
[DEBUG] Dynamically added transition from wildcard125 to wildcard30
[DEBUG] Dynamically added transition from wildcard125 to wildcard29
[DEBUG] Dynamically added transition from wildcard125 to wildcard28
[DEBUG] Dynamically added transition from wildcard125 to wildcard49
[DEBUG] Dynamically added transition from wildcard125 to wildcard48
[DEBUG] Dynamically added transition from wildcard125 to wildcard47
[DEBUG] Dynamically added transition from wildcard125 to wildcard46
[DEBUG] Dynamically added transition from wildcard125 to wildcard45
[DEBUG] Dynamically added transition from wildcard125 to wildcard44
[DEBUG] Dynamically added transition from wildcard125 to wildcard43
[DEBUG] Dynamically added transition from wildcard125 to wildcard42
[DEBUG] Dynamically added transition from wildcard125 to wildcard41
[DEBUG] Dynamically added transition from wildcard125 to wildcard40
[DEBUG] Dynamically added transition from wildcard125 to wildcard121
[DEBUG] Dynamically added transition from wildcard125 to wildcard122
[DEBUG] Dynamically added transition from wildcard125 to wildcard120
[DEBUG] Dynamically added transition from wildcard125 to wildcard125
[DEBUG] Dynamically added transition from wildcard125 to wildcard123
[DEBUG] Dynamically added transition from wildcard125 to wildcard39
[DEBUG] Dynamically added transition from wildcard125 to wildcard124
[DEBUG] Dynamically added transition from wildcard125 to wildcard59
[DEBUG] Dynamically added transition from wildcard125 to wildcard58
[DEBUG] Dynamically added transition from wildcard125 to middle
[DEBUG] Dynamically added transition from wildcard125 to wildcard57
[DEBUG] Dynamically added transition from wildcard125 to wildcard56
[DEBUG] Dynamically added transition from wildcard125 to wildcard55
[DEBUG] Dynamically added transition from wildcard125 to wildcard54
[DEBUG] Dynamically added transition from wildcard125 to wildcard53
[DEBUG] Dynamically added transition from wildcard125 to wildcard52
[DEBUG] Dynamically added transition from wildcard125 to wildcard51
[DEBUG] Dynamically added transition from wildcard125 to wildcard50
[DEBUG] Dynamically added transition from wildcard125 to wildcard69
[DEBUG] Dynamically added transition from wildcard125 to wildcard68
[DEBUG] Dynamically added transition from wildcard125 to wildcard67
[DEBUG] Dynamically added transition from wildcard125 to wildcard66
[DEBUG] Dynamically added transition from wildcard125 to wildcard65
[DEBUG] Dynamically added transition from wildcard125 to wildcard64
[DEBUG] Dynamically added transition from wildcard125 to wildcard63
[DEBUG] Dynamically added transition from wildcard125 to wildcard62
[DEBUG] Dynamically added transition from wildcard125 to wildcard61
[DEBUG] Dynamically added transition from wildcard125 to wildcard60
[DEBUG] Dynamically added transition from wildcard125 to wildcard100
[DEBUG] Dynamically added transition from wildcard125 to wildcard107
[DEBUG] Dynamically added transition from wildcard125 to wildcard108
[DEBUG] Dynamically added transition from wildcard125 to wildcard105
[DEBUG] Dynamically added transition from wildcard125 to wildcard106
[DEBUG] Dynamically added transition from wildcard125 to wildcard103
[DEBUG] Dynamically added transition from wildcard125 to wildcard104
[DEBUG] Dynamically added transition from wildcard125 to wildcard101
[DEBUG] Dynamically added transition from wildcard125 to wildcard102
[DEBUG] Dynamically added transition from wildcard125 to wildcard79
[DEBUG] Dynamically added transition from wildcard125 to wildcard78
[DEBUG] Dynamically added transition from wildcard125 to wildcard77
[DEBUG] Dynamically added transition from wildcard125 to wildcard76
[DEBUG] Dynamically added transition from wildcard125 to wildcard109
[DEBUG] Dynamically added transition from wildcard125 to wildcard75
[DEBUG] Dynamically added transition from wildcard125 to wildcard74
[DEBUG] Dynamically added transition from wildcard125 to wildcard73
[DEBUG] Dynamically added transition from wildcard125 to wildcard72
[DEBUG] Dynamically added transition from wildcard125 to wildcard71
[DEBUG] Dynamically added transition from wildcard125 to wildcard70
[DEBUG] Dynamically added transition from wildcard125 to wildcard110
[DEBUG] Dynamically added transition from wildcard125 to wildcard111
[DEBUG] Dynamically added transition from wildcard125 to wildcard118
[DEBUG] Dynamically added transition from wildcard125 to wildcard119
[DEBUG] Dynamically added transition from wildcard125 to wildcard116
[DEBUG] Dynamically added transition from wildcard125 to wildcard117
[DEBUG] Dynamically added transition from wildcard125 to .*
[DEBUG] Dynamically added transition from wildcard125 to wildcard114
[DEBUG] Dynamically added transition from wildcard125 to wildcard115
[DEBUG] Dynamically added transition from wildcard125 to wildcard112
[DEBUG] Dynamically added transition from wildcard125 to wildcard113
[DEBUG] Dynamically added transition from wildcard125 to wildcard89
[DEBUG] Dynamically added transition from wildcard125 to wildcard88
[DEBUG] Dynamically added transition from wildcard125 to wildcard87
[DEBUG] Dynamically added transition from wildcard125 to wildcard86
[DEBUG] Dynamically added transition from wildcard125 to INITIAL
[DEBUG] Dynamically added transition from wildcard125 to wildcard85
[DEBUG] Dynamically added transition from wildcard125 to wildcard84
[DEBUG] Dynamically added transition from wildcard125 to wildcard83
[DEBUG] Dynamically added transition from wildcard125 to wildcard82
[DEBUG] Dynamically added transition from wildcard125 to wildcard81
[DEBUG] Dynamically added transition from wildcard125 to wildcard80
[DEBUG] Dynamically added transition from wildcard125 to end
[DEBUG] Dynamically added transition from wildcard125 to wildcard16
[DEBUG] Dynamically added transition from wildcard125 to wildcard15
[DEBUG] Dynamically added transition from wildcard125 to wildcard14
[DEBUG] Dynamically added transition from wildcard125 to wildcard13
[DEBUG] Dynamically added transition from wildcard125 to wildcard12
[DEBUG] Dynamically added transition from wildcard125 to wildcard11
[DEBUG] Dynamically added transition from wildcard125 to wildcard99
[DEBUG] Dynamically added transition from wildcard125 to wildcard10
[DEBUG] Dynamically added transition from wildcard125 to wildcard98
[DEBUG] Dynamically added transition from wildcard125 to wildcard97
[DEBUG] Dynamically added transition from wildcard125 to start
[DEBUG] Dynamically added transition from wildcard125 to wildcard96
[DEBUG] Dynamically added transition from wildcard125 to wildcard95
[DEBUG] Dynamically added transition from wildcard125 to wildcard94
[DEBUG] Dynamically added transition from wildcard125 to wildcard93
[DEBUG] Dynamically added transition from wildcard125 to wildcard92
[DEBUG] Dynamically added transition from wildcard125 to wildcard91
[DEBUG] Dynamically added transition from wildcard125 to wildcard90
[INFO] Wildcard transition valid to state: wildcard125
[INFO] Wildcard transition detected from wildcard125 to wildcard126
[DEBUG] Created intermediate state for wildcard transition: wildcard126
[DEBUG] Dynamically added transition from wildcard125 to wildcard126
[DEBUG] Dynamically added transition from wildcard27 to wildcard126
[DEBUG] Dynamically added transition from wildcard26 to wildcard126
[DEBUG] Dynamically added transition from wildcard25 to wildcard126
[DEBUG] Dynamically added transition from wildcard24 to wildcard126
[DEBUG] Dynamically added transition from wildcard23 to wildcard126
[DEBUG] Dynamically added transition from wildcard22 to wildcard126
[DEBUG] Dynamically added transition from wildcard1 to wildcard126
[DEBUG] Dynamically added transition from wildcard21 to wildcard126
[DEBUG] Dynamically added transition from wildcard0 to wildcard126
[DEBUG] Dynamically added transition from wildcard20 to wildcard126
[DEBUG] Dynamically added transition from wildcard3 to wildcard126
[DEBUG] Dynamically added transition from wildcard2 to wildcard126
[DEBUG] Dynamically added transition from wildcard5 to wildcard126
[DEBUG] Dynamically added transition from wildcard4 to wildcard126
[DEBUG] Dynamically added transition from wildcard7 to wildcard126
[DEBUG] Dynamically added transition from wildcard6 to wildcard126
[DEBUG] Dynamically added transition from wildcard9 to wildcard126
[DEBUG] Dynamically added transition from wildcard8 to wildcard126
[DEBUG] Dynamically added transition from wildcard19 to wildcard126
[DEBUG] Dynamically added transition from wildcard18 to wildcard126
[DEBUG] Dynamically added transition from wildcard17 to wildcard126
[DEBUG] Dynamically added transition from wildcard38 to wildcard126
[DEBUG] Dynamically added transition from wildcard37 to wildcard126
[DEBUG] Dynamically added transition from wildcard36 to wildcard126
[DEBUG] Dynamically added transition from wildcard35 to wildcard126
[DEBUG] Dynamically added transition from wildcard34 to wildcard126
[DEBUG] Dynamically added transition from wildcard33 to wildcard126
[DEBUG] Dynamically added transition from wildcard32 to wildcard126
[DEBUG] Dynamically added transition from wildcard31 to wildcard126
[DEBUG] Dynamically added transition from wildcard30 to wildcard126
[DEBUG] Dynamically added transition from wildcard29 to wildcard126
[DEBUG] Dynamically added transition from wildcard28 to wildcard126
[DEBUG] Dynamically added transition from wildcard49 to wildcard126
[DEBUG] Dynamically added transition from wildcard48 to wildcard126
[DEBUG] Dynamically added transition from wildcard47 to wildcard126
[DEBUG] Dynamically added transition from wildcard46 to wildcard126
[DEBUG] Dynamically added transition from wildcard45 to wildcard126
[DEBUG] Dynamically added transition from wildcard44 to wildcard126
[DEBUG] Dynamically added transition from wildcard43 to wildcard126
[DEBUG] Dynamically added transition from wildcard42 to wildcard126
[DEBUG] Dynamically added transition from wildcard41 to wildcard126
[DEBUG] Dynamically added transition from wildcard40 to wildcard126
[DEBUG] Dynamically added transition from wildcard121 to wildcard126
[DEBUG] Dynamically added transition from wildcard122 to wildcard126
[DEBUG] Dynamically added transition from wildcard120 to wildcard126
[DEBUG] Dynamically added transition from wildcard123 to wildcard126
[DEBUG] Dynamically added transition from wildcard39 to wildcard126
[DEBUG] Dynamically added transition from wildcard124 to wildcard126
[DEBUG] Dynamically added transition from wildcard59 to wildcard126
[DEBUG] Dynamically added transition from wildcard58 to wildcard126
[DEBUG] Dynamically added transition from middle to wildcard126
[DEBUG] Dynamically added transition from wildcard57 to wildcard126
[DEBUG] Dynamically added transition from wildcard56 to wildcard126
[DEBUG] Dynamically added transition from wildcard55 to wildcard126
[DEBUG] Dynamically added transition from wildcard54 to wildcard126
[DEBUG] Dynamically added transition from wildcard53 to wildcard126
[DEBUG] Dynamically added transition from wildcard52 to wildcard126
[DEBUG] Dynamically added transition from wildcard51 to wildcard126
[DEBUG] Dynamically added transition from wildcard50 to wildcard126
[DEBUG] Dynamically added transition from wildcard69 to wildcard126
[DEBUG] Dynamically added transition from wildcard68 to wildcard126
[DEBUG] Dynamically added transition from wildcard67 to wildcard126
[DEBUG] Dynamically added transition from wildcard66 to wildcard126
[DEBUG] Dynamically added transition from wildcard65 to wildcard126
[DEBUG] Dynamically added transition from wildcard64 to wildcard126
[DEBUG] Dynamically added transition from wildcard63 to wildcard126
[DEBUG] Dynamically added transition from wildcard62 to wildcard126
[DEBUG] Dynamically added transition from wildcard61 to wildcard126
[DEBUG] Dynamically added transition from wildcard60 to wildcard126
[DEBUG] Dynamically added transition from wildcard100 to wildcard126
[DEBUG] Dynamically added transition from wildcard107 to wildcard126
[DEBUG] Dynamically added transition from wildcard108 to wildcard126
[DEBUG] Dynamically added transition from wildcard105 to wildcard126
[DEBUG] Dynamically added transition from wildcard106 to wildcard126
[DEBUG] Dynamically added transition from wildcard103 to wildcard126
[DEBUG] Dynamically added transition from wildcard104 to wildcard126
[DEBUG] Dynamically added transition from wildcard101 to wildcard126
[DEBUG] Dynamically added transition from wildcard102 to wildcard126
[DEBUG] Dynamically added transition from wildcard79 to wildcard126
[DEBUG] Dynamically added transition from wildcard78 to wildcard126
[DEBUG] Dynamically added transition from wildcard77 to wildcard126
[DEBUG] Dynamically added transition from wildcard76 to wildcard126
[DEBUG] Dynamically added transition from wildcard109 to wildcard126
[DEBUG] Dynamically added transition from wildcard75 to wildcard126
[DEBUG] Dynamically added transition from wildcard74 to wildcard126
[DEBUG] Dynamically added transition from wildcard73 to wildcard126
[DEBUG] Dynamically added transition from wildcard72 to wildcard126
[DEBUG] Dynamically added transition from wildcard71 to wildcard126
[DEBUG] Dynamically added transition from wildcard70 to wildcard126
[DEBUG] Dynamically added transition from wildcard110 to wildcard126
[DEBUG] Dynamically added transition from wildcard111 to wildcard126
[DEBUG] Dynamically added transition from wildcard118 to wildcard126
[DEBUG] Dynamically added transition from wildcard119 to wildcard126
[DEBUG] Dynamically added transition from wildcard116 to wildcard126
[DEBUG] Dynamically added transition from wildcard117 to wildcard126
[DEBUG] Dynamically added transition from wildcard114 to wildcard126
[DEBUG] Dynamically added transition from wildcard115 to wildcard126
[DEBUG] Dynamically added transition from wildcard112 to wildcard126
[DEBUG] Dynamically added transition from wildcard113 to wildcard126
[DEBUG] Dynamically added transition from wildcard89 to wildcard126
[DEBUG] Dynamically added transition from wildcard88 to wildcard126
[DEBUG] Dynamically added transition from wildcard87 to wildcard126
[DEBUG] Dynamically added transition from wildcard86 to wildcard126
[DEBUG] Dynamically added transition from wildcard85 to wildcard126
[DEBUG] Dynamically added transition from wildcard84 to wildcard126
[DEBUG] Dynamically added transition from wildcard83 to wildcard126
[DEBUG] Dynamically added transition from wildcard82 to wildcard126
[DEBUG] Dynamically added transition from wildcard81 to wildcard126
[DEBUG] Dynamically added transition from wildcard80 to wildcard126
[DEBUG] Dynamically added transition from wildcard16 to wildcard126
[DEBUG] Dynamically added transition from wildcard15 to wildcard126
[DEBUG] Dynamically added transition from wildcard14 to wildcard126
[DEBUG] Dynamically added transition from wildcard13 to wildcard126
[DEBUG] Dynamically added transition from wildcard12 to wildcard126
[DEBUG] Dynamically added transition from wildcard11 to wildcard126
[DEBUG] Dynamically added transition from wildcard99 to wildcard126
[DEBUG] Dynamically added transition from wildcard10 to wildcard126
[DEBUG] Dynamically added transition from wildcard98 to wildcard126
[DEBUG] Dynamically added transition from wildcard97 to wildcard126
[DEBUG] Dynamically added transition from start to wildcard126
[DEBUG] Dynamically added transition from wildcard96 to wildcard126
[DEBUG] Dynamically added transition from wildcard95 to wildcard126
[DEBUG] Dynamically added transition from wildcard94 to wildcard126
[DEBUG] Dynamically added transition from wildcard93 to wildcard126
[DEBUG] Dynamically added transition from wildcard92 to wildcard126
[DEBUG] Dynamically added transition from wildcard91 to wildcard126
[DEBUG] Dynamically added transition from wildcard90 to wildcard126
[DEBUG] Dynamically added transition from wildcard126 to wildcard27
[DEBUG] Dynamically added transition from wildcard126 to wildcard26
[DEBUG] Dynamically added transition from wildcard126 to wildcard25
[DEBUG] Dynamically added transition from wildcard126 to wildcard24
[DEBUG] Dynamically added transition from wildcard126 to wildcard23
[DEBUG] Dynamically added transition from wildcard126 to wildcard22
[DEBUG] Dynamically added transition from wildcard126 to wildcard1
[DEBUG] Dynamically added transition from wildcard126 to wildcard21
[DEBUG] Dynamically added transition from wildcard126 to wildcard0
[DEBUG] Dynamically added transition from wildcard126 to wildcard20
[DEBUG] Dynamically added transition from wildcard126 to wildcard3
[DEBUG] Dynamically added transition from wildcard126 to wildcard2
[DEBUG] Dynamically added transition from wildcard126 to wildcard5
[DEBUG] Dynamically added transition from wildcard126 to wildcard4
[DEBUG] Dynamically added transition from wildcard126 to wildcard7
[DEBUG] Dynamically added transition from wildcard126 to wildcard6
[DEBUG] Dynamically added transition from wildcard126 to wildcard9
[DEBUG] Dynamically added transition from wildcard126 to wildcard8
[DEBUG] Dynamically added transition from wildcard126 to wildcard19
[DEBUG] Dynamically added transition from wildcard126 to wildcard18
[DEBUG] Dynamically added transition from wildcard126 to wildcard17
[DEBUG] Dynamically added transition from wildcard126 to wildcard38
[DEBUG] Dynamically added transition from wildcard126 to wildcard37
[DEBUG] Dynamically added transition from wildcard126 to wildcard36
[DEBUG] Dynamically added transition from wildcard126 to wildcard35
[DEBUG] Dynamically added transition from wildcard126 to wildcard34
[DEBUG] Dynamically added transition from wildcard126 to wildcard33
[DEBUG] Dynamically added transition from wildcard126 to wildcard32
[DEBUG] Dynamically added transition from wildcard126 to wildcard31
[DEBUG] Dynamically added transition from wildcard126 to wildcard30
[DEBUG] Dynamically added transition from wildcard126 to wildcard29
[DEBUG] Dynamically added transition from wildcard126 to wildcard28
[DEBUG] Dynamically added transition from wildcard126 to wildcard49
[DEBUG] Dynamically added transition from wildcard126 to wildcard48
[DEBUG] Dynamically added transition from wildcard126 to wildcard47
[DEBUG] Dynamically added transition from wildcard126 to wildcard46
[DEBUG] Dynamically added transition from wildcard126 to wildcard45
[DEBUG] Dynamically added transition from wildcard126 to wildcard44
[DEBUG] Dynamically added transition from wildcard126 to wildcard43
[DEBUG] Dynamically added transition from wildcard126 to wildcard42
[DEBUG] Dynamically added transition from wildcard126 to wildcard41
[DEBUG] Dynamically added transition from wildcard126 to wildcard40
[DEBUG] Dynamically added transition from wildcard126 to wildcard121
[DEBUG] Dynamically added transition from wildcard126 to wildcard122
[DEBUG] Dynamically added transition from wildcard126 to wildcard120
[DEBUG] Dynamically added transition from wildcard126 to wildcard125
[DEBUG] Dynamically added transition from wildcard126 to wildcard126
[DEBUG] Dynamically added transition from wildcard126 to wildcard123
[DEBUG] Dynamically added transition from wildcard126 to wildcard39
[DEBUG] Dynamically added transition from wildcard126 to wildcard124
[DEBUG] Dynamically added transition from wildcard126 to wildcard59
[DEBUG] Dynamically added transition from wildcard126 to wildcard58
[DEBUG] Dynamically added transition from wildcard126 to middle
[DEBUG] Dynamically added transition from wildcard126 to wildcard57
[DEBUG] Dynamically added transition from wildcard126 to wildcard56
[DEBUG] Dynamically added transition from wildcard126 to wildcard55
[DEBUG] Dynamically added transition from wildcard126 to wildcard54
[DEBUG] Dynamically added transition from wildcard126 to wildcard53
[DEBUG] Dynamically added transition from wildcard126 to wildcard52
[DEBUG] Dynamically added transition from wildcard126 to wildcard51
[DEBUG] Dynamically added transition from wildcard126 to wildcard50
[DEBUG] Dynamically added transition from wildcard126 to wildcard69
[DEBUG] Dynamically added transition from wildcard126 to wildcard68
[DEBUG] Dynamically added transition from wildcard126 to wildcard67
[DEBUG] Dynamically added transition from wildcard126 to wildcard66
[DEBUG] Dynamically added transition from wildcard126 to wildcard65
[DEBUG] Dynamically added transition from wildcard126 to wildcard64
[DEBUG] Dynamically added transition from wildcard126 to wildcard63
[DEBUG] Dynamically added transition from wildcard126 to wildcard62
[DEBUG] Dynamically added transition from wildcard126 to wildcard61
[DEBUG] Dynamically added transition from wildcard126 to wildcard60
[DEBUG] Dynamically added transition from wildcard126 to wildcard100
[DEBUG] Dynamically added transition from wildcard126 to wildcard107
[DEBUG] Dynamically added transition from wildcard126 to wildcard108
[DEBUG] Dynamically added transition from wildcard126 to wildcard105
[DEBUG] Dynamically added transition from wildcard126 to wildcard106
[DEBUG] Dynamically added transition from wildcard126 to wildcard103
[DEBUG] Dynamically added transition from wildcard126 to wildcard104
[DEBUG] Dynamically added transition from wildcard126 to wildcard101
[DEBUG] Dynamically added transition from wildcard126 to wildcard102
[DEBUG] Dynamically added transition from wildcard126 to wildcard79
[DEBUG] Dynamically added transition from wildcard126 to wildcard78
[DEBUG] Dynamically added transition from wildcard126 to wildcard77
[DEBUG] Dynamically added transition from wildcard126 to wildcard76
[DEBUG] Dynamically added transition from wildcard126 to wildcard109
[DEBUG] Dynamically added transition from wildcard126 to wildcard75
[DEBUG] Dynamically added transition from wildcard126 to wildcard74
[DEBUG] Dynamically added transition from wildcard126 to wildcard73
[DEBUG] Dynamically added transition from wildcard126 to wildcard72
[DEBUG] Dynamically added transition from wildcard126 to wildcard71
[DEBUG] Dynamically added transition from wildcard126 to wildcard70
[DEBUG] Dynamically added transition from wildcard126 to wildcard110
[DEBUG] Dynamically added transition from wildcard126 to wildcard111
[DEBUG] Dynamically added transition from wildcard126 to wildcard118
[DEBUG] Dynamically added transition from wildcard126 to wildcard119
[DEBUG] Dynamically added transition from wildcard126 to wildcard116
[DEBUG] Dynamically added transition from wildcard126 to wildcard117
[DEBUG] Dynamically added transition from wildcard126 to .*
[DEBUG] Dynamically added transition from wildcard126 to wildcard114
[DEBUG] Dynamically added transition from wildcard126 to wildcard115
[DEBUG] Dynamically added transition from wildcard126 to wildcard112
[DEBUG] Dynamically added transition from wildcard126 to wildcard113
[DEBUG] Dynamically added transition from wildcard126 to wildcard89
[DEBUG] Dynamically added transition from wildcard126 to wildcard88
[DEBUG] Dynamically added transition from wildcard126 to wildcard87
[DEBUG] Dynamically added transition from wildcard126 to wildcard86
[DEBUG] Dynamically added transition from wildcard126 to INITIAL
[DEBUG] Dynamically added transition from wildcard126 to wildcard85
[DEBUG] Dynamically added transition from wildcard126 to wildcard84
[DEBUG] Dynamically added transition from wildcard126 to wildcard83
[DEBUG] Dynamically added transition from wildcard126 to wildcard82
[DEBUG] Dynamically added transition from wildcard126 to wildcard81
[DEBUG] Dynamically added transition from wildcard126 to wildcard80
[DEBUG] Dynamically added transition from wildcard126 to end
[DEBUG] Dynamically added transition from wildcard126 to wildcard16
[DEBUG] Dynamically added transition from wildcard126 to wildcard15
[DEBUG] Dynamically added transition from wildcard126 to wildcard14
[DEBUG] Dynamically added transition from wildcard126 to wildcard13
[DEBUG] Dynamically added transition from wildcard126 to wildcard12
[DEBUG] Dynamically added transition from wildcard126 to wildcard11
[DEBUG] Dynamically added transition from wildcard126 to wildcard99
[DEBUG] Dynamically added transition from wildcard126 to wildcard10
[DEBUG] Dynamically added transition from wildcard126 to wildcard98
[DEBUG] Dynamically added transition from wildcard126 to wildcard97
[DEBUG] Dynamically added transition from wildcard126 to start
[DEBUG] Dynamically added transition from wildcard126 to wildcard96
[DEBUG] Dynamically added transition from wildcard126 to wildcard95
[DEBUG] Dynamically added transition from wildcard126 to wildcard94
[DEBUG] Dynamically added transition from wildcard126 to wildcard93
[DEBUG] Dynamically added transition from wildcard126 to wildcard92
[DEBUG] Dynamically added transition from wildcard126 to wildcard91
[DEBUG] Dynamically added transition from wildcard126 to wildcard90
[INFO] Wildcard transition valid to state: wildcard126
[INFO] Wildcard transition detected from wildcard126 to wildcard127
[DEBUG] Created intermediate state for wildcard transition: wildcard127
[DEBUG] Dynamically added transition from wildcard126 to wildcard127
[DEBUG] Dynamically added transition from wildcard27 to wildcard127
[DEBUG] Dynamically added transition from wildcard26 to wildcard127
[DEBUG] Dynamically added transition from wildcard25 to wildcard127
[DEBUG] Dynamically added transition from wildcard24 to wildcard127
[DEBUG] Dynamically added transition from wildcard23 to wildcard127
[DEBUG] Dynamically added transition from wildcard22 to wildcard127
[DEBUG] Dynamically added transition from wildcard1 to wildcard127
[DEBUG] Dynamically added transition from wildcard21 to wildcard127
[DEBUG] Dynamically added transition from wildcard0 to wildcard127
[DEBUG] Dynamically added transition from wildcard20 to wildcard127
[DEBUG] Dynamically added transition from wildcard3 to wildcard127
[DEBUG] Dynamically added transition from wildcard2 to wildcard127
[DEBUG] Dynamically added transition from wildcard5 to wildcard127
[DEBUG] Dynamically added transition from wildcard4 to wildcard127
[DEBUG] Dynamically added transition from wildcard7 to wildcard127
[DEBUG] Dynamically added transition from wildcard6 to wildcard127
[DEBUG] Dynamically added transition from wildcard9 to wildcard127
[DEBUG] Dynamically added transition from wildcard8 to wildcard127
[DEBUG] Dynamically added transition from wildcard19 to wildcard127
[DEBUG] Dynamically added transition from wildcard18 to wildcard127
[DEBUG] Dynamically added transition from wildcard17 to wildcard127
[DEBUG] Dynamically added transition from wildcard38 to wildcard127
[DEBUG] Dynamically added transition from wildcard37 to wildcard127
[DEBUG] Dynamically added transition from wildcard36 to wildcard127
[DEBUG] Dynamically added transition from wildcard35 to wildcard127
[DEBUG] Dynamically added transition from wildcard34 to wildcard127
[DEBUG] Dynamically added transition from wildcard33 to wildcard127
[DEBUG] Dynamically added transition from wildcard32 to wildcard127
[DEBUG] Dynamically added transition from wildcard31 to wildcard127
[DEBUG] Dynamically added transition from wildcard30 to wildcard127
[DEBUG] Dynamically added transition from wildcard29 to wildcard127
[DEBUG] Dynamically added transition from wildcard28 to wildcard127
[DEBUG] Dynamically added transition from wildcard49 to wildcard127
[DEBUG] Dynamically added transition from wildcard48 to wildcard127
[DEBUG] Dynamically added transition from wildcard47 to wildcard127
[DEBUG] Dynamically added transition from wildcard46 to wildcard127
[DEBUG] Dynamically added transition from wildcard45 to wildcard127
[DEBUG] Dynamically added transition from wildcard44 to wildcard127
[DEBUG] Dynamically added transition from wildcard43 to wildcard127
[DEBUG] Dynamically added transition from wildcard42 to wildcard127
[DEBUG] Dynamically added transition from wildcard41 to wildcard127
[DEBUG] Dynamically added transition from wildcard40 to wildcard127
[DEBUG] Dynamically added transition from wildcard121 to wildcard127
[DEBUG] Dynamically added transition from wildcard122 to wildcard127
[DEBUG] Dynamically added transition from wildcard120 to wildcard127
[DEBUG] Dynamically added transition from wildcard125 to wildcard127
[DEBUG] Dynamically added transition from wildcard123 to wildcard127
[DEBUG] Dynamically added transition from wildcard39 to wildcard127
[DEBUG] Dynamically added transition from wildcard124 to wildcard127
[DEBUG] Dynamically added transition from wildcard59 to wildcard127
[DEBUG] Dynamically added transition from wildcard58 to wildcard127
[DEBUG] Dynamically added transition from middle to wildcard127
[DEBUG] Dynamically added transition from wildcard57 to wildcard127
[DEBUG] Dynamically added transition from wildcard56 to wildcard127
[DEBUG] Dynamically added transition from wildcard55 to wildcard127
[DEBUG] Dynamically added transition from wildcard54 to wildcard127
[DEBUG] Dynamically added transition from wildcard53 to wildcard127
[DEBUG] Dynamically added transition from wildcard52 to wildcard127
[DEBUG] Dynamically added transition from wildcard51 to wildcard127
[DEBUG] Dynamically added transition from wildcard50 to wildcard127
[DEBUG] Dynamically added transition from wildcard69 to wildcard127
[DEBUG] Dynamically added transition from wildcard68 to wildcard127
[DEBUG] Dynamically added transition from wildcard67 to wildcard127
[DEBUG] Dynamically added transition from wildcard66 to wildcard127
[DEBUG] Dynamically added transition from wildcard65 to wildcard127
[DEBUG] Dynamically added transition from wildcard64 to wildcard127
[DEBUG] Dynamically added transition from wildcard63 to wildcard127
[DEBUG] Dynamically added transition from wildcard62 to wildcard127
[DEBUG] Dynamically added transition from wildcard61 to wildcard127
[DEBUG] Dynamically added transition from wildcard60 to wildcard127
[DEBUG] Dynamically added transition from wildcard100 to wildcard127
[DEBUG] Dynamically added transition from wildcard107 to wildcard127
[DEBUG] Dynamically added transition from wildcard108 to wildcard127
[DEBUG] Dynamically added transition from wildcard105 to wildcard127
[DEBUG] Dynamically added transition from wildcard106 to wildcard127
[DEBUG] Dynamically added transition from wildcard103 to wildcard127
[DEBUG] Dynamically added transition from wildcard104 to wildcard127
[DEBUG] Dynamically added transition from wildcard101 to wildcard127
[DEBUG] Dynamically added transition from wildcard102 to wildcard127
[DEBUG] Dynamically added transition from wildcard79 to wildcard127
[DEBUG] Dynamically added transition from wildcard78 to wildcard127
[DEBUG] Dynamically added transition from wildcard77 to wildcard127
[DEBUG] Dynamically added transition from wildcard76 to wildcard127
[DEBUG] Dynamically added transition from wildcard109 to wildcard127
[DEBUG] Dynamically added transition from wildcard75 to wildcard127
[DEBUG] Dynamically added transition from wildcard74 to wildcard127
[DEBUG] Dynamically added transition from wildcard73 to wildcard127
[DEBUG] Dynamically added transition from wildcard72 to wildcard127
[DEBUG] Dynamically added transition from wildcard71 to wildcard127
[DEBUG] Dynamically added transition from wildcard70 to wildcard127
[DEBUG] Dynamically added transition from wildcard110 to wildcard127
[DEBUG] Dynamically added transition from wildcard111 to wildcard127
[DEBUG] Dynamically added transition from wildcard118 to wildcard127
[DEBUG] Dynamically added transition from wildcard119 to wildcard127
[DEBUG] Dynamically added transition from wildcard116 to wildcard127
[DEBUG] Dynamically added transition from wildcard117 to wildcard127
[DEBUG] Dynamically added transition from wildcard114 to wildcard127
[DEBUG] Dynamically added transition from wildcard115 to wildcard127
[DEBUG] Dynamically added transition from wildcard112 to wildcard127
[DEBUG] Dynamically added transition from wildcard113 to wildcard127
[DEBUG] Dynamically added transition from wildcard89 to wildcard127
[DEBUG] Dynamically added transition from wildcard88 to wildcard127
[DEBUG] Dynamically added transition from wildcard87 to wildcard127
[DEBUG] Dynamically added transition from wildcard86 to wildcard127
[DEBUG] Dynamically added transition from wildcard85 to wildcard127
[DEBUG] Dynamically added transition from wildcard84 to wildcard127
[DEBUG] Dynamically added transition from wildcard83 to wildcard127
[DEBUG] Dynamically added transition from wildcard82 to wildcard127
[DEBUG] Dynamically added transition from wildcard81 to wildcard127
[DEBUG] Dynamically added transition from wildcard80 to wildcard127
[DEBUG] Dynamically added transition from wildcard16 to wildcard127
[DEBUG] Dynamically added transition from wildcard15 to wildcard127
[DEBUG] Dynamically added transition from wildcard14 to wildcard127
[DEBUG] Dynamically added transition from wildcard13 to wildcard127
[DEBUG] Dynamically added transition from wildcard12 to wildcard127
[DEBUG] Dynamically added transition from wildcard11 to wildcard127
[DEBUG] Dynamically added transition from wildcard99 to wildcard127
[DEBUG] Dynamically added transition from wildcard10 to wildcard127
[DEBUG] Dynamically added transition from wildcard98 to wildcard127
[DEBUG] Dynamically added transition from wildcard97 to wildcard127
[DEBUG] Dynamically added transition from start to wildcard127
[DEBUG] Dynamically added transition from wildcard96 to wildcard127
[DEBUG] Dynamically added transition from wildcard95 to wildcard127
[DEBUG] Dynamically added transition from wildcard94 to wildcard127
[DEBUG] Dynamically added transition from wildcard93 to wildcard127
[DEBUG] Dynamically added transition from wildcard92 to wildcard127
[DEBUG] Dynamically added transition from wildcard91 to wildcard127
[DEBUG] Dynamically added transition from wildcard90 to wildcard127
[DEBUG] Dynamically added transition from wildcard127 to wildcard27
[DEBUG] Dynamically added transition from wildcard127 to wildcard26
[DEBUG] Dynamically added transition from wildcard127 to wildcard25
[DEBUG] Dynamically added transition from wildcard127 to wildcard24
[DEBUG] Dynamically added transition from wildcard127 to wildcard23
[DEBUG] Dynamically added transition from wildcard127 to wildcard22
[DEBUG] Dynamically added transition from wildcard127 to wildcard1
[DEBUG] Dynamically added transition from wildcard127 to wildcard21
[DEBUG] Dynamically added transition from wildcard127 to wildcard0
[DEBUG] Dynamically added transition from wildcard127 to wildcard20
[DEBUG] Dynamically added transition from wildcard127 to wildcard3
[DEBUG] Dynamically added transition from wildcard127 to wildcard2
[DEBUG] Dynamically added transition from wildcard127 to wildcard5
[DEBUG] Dynamically added transition from wildcard127 to wildcard4
[DEBUG] Dynamically added transition from wildcard127 to wildcard7
[DEBUG] Dynamically added transition from wildcard127 to wildcard6
[DEBUG] Dynamically added transition from wildcard127 to wildcard9
[DEBUG] Dynamically added transition from wildcard127 to wildcard8
[DEBUG] Dynamically added transition from wildcard127 to wildcard19
[DEBUG] Dynamically added transition from wildcard127 to wildcard18
[DEBUG] Dynamically added transition from wildcard127 to wildcard17
[DEBUG] Dynamically added transition from wildcard127 to wildcard38
[DEBUG] Dynamically added transition from wildcard127 to wildcard37
[DEBUG] Dynamically added transition from wildcard127 to wildcard36
[DEBUG] Dynamically added transition from wildcard127 to wildcard35
[DEBUG] Dynamically added transition from wildcard127 to wildcard34
[DEBUG] Dynamically added transition from wildcard127 to wildcard33
[DEBUG] Dynamically added transition from wildcard127 to wildcard32
[DEBUG] Dynamically added transition from wildcard127 to wildcard31
[DEBUG] Dynamically added transition from wildcard127 to wildcard30
[DEBUG] Dynamically added transition from wildcard127 to wildcard29
[DEBUG] Dynamically added transition from wildcard127 to wildcard28
[DEBUG] Dynamically added transition from wildcard127 to wildcard49
[DEBUG] Dynamically added transition from wildcard127 to wildcard48
[DEBUG] Dynamically added transition from wildcard127 to wildcard47
[DEBUG] Dynamically added transition from wildcard127 to wildcard46
[DEBUG] Dynamically added transition from wildcard127 to wildcard45
[DEBUG] Dynamically added transition from wildcard127 to wildcard44
[DEBUG] Dynamically added transition from wildcard127 to wildcard43
[DEBUG] Dynamically added transition from wildcard127 to wildcard42
[DEBUG] Dynamically added transition from wildcard127 to wildcard41
[DEBUG] Dynamically added transition from wildcard127 to wildcard40
[DEBUG] Dynamically added transition from wildcard127 to wildcard121
[DEBUG] Dynamically added transition from wildcard127 to wildcard122
[DEBUG] Dynamically added transition from wildcard127 to wildcard120
[DEBUG] Dynamically added transition from wildcard127 to wildcard127
[DEBUG] Dynamically added transition from wildcard127 to wildcard125
[DEBUG] Dynamically added transition from wildcard127 to wildcard126
[DEBUG] Dynamically added transition from wildcard127 to wildcard123
[DEBUG] Dynamically added transition from wildcard127 to wildcard39
[DEBUG] Dynamically added transition from wildcard127 to wildcard124
[DEBUG] Dynamically added transition from wildcard127 to wildcard59
[DEBUG] Dynamically added transition from wildcard127 to wildcard58
[DEBUG] Dynamically added transition from wildcard127 to middle
[DEBUG] Dynamically added transition from wildcard127 to wildcard57
[DEBUG] Dynamically added transition from wildcard127 to wildcard56
[DEBUG] Dynamically added transition from wildcard127 to wildcard55
[DEBUG] Dynamically added transition from wildcard127 to wildcard54
[DEBUG] Dynamically added transition from wildcard127 to wildcard53
[DEBUG] Dynamically added transition from wildcard127 to wildcard52
[DEBUG] Dynamically added transition from wildcard127 to wildcard51
[DEBUG] Dynamically added transition from wildcard127 to wildcard50
[DEBUG] Dynamically added transition from wildcard127 to wildcard69
[DEBUG] Dynamically added transition from wildcard127 to wildcard68
[DEBUG] Dynamically added transition from wildcard127 to wildcard67
[DEBUG] Dynamically added transition from wildcard127 to wildcard66
[DEBUG] Dynamically added transition from wildcard127 to wildcard65
[DEBUG] Dynamically added transition from wildcard127 to wildcard64
[DEBUG] Dynamically added transition from wildcard127 to wildcard63
[DEBUG] Dynamically added transition from wildcard127 to wildcard62
[DEBUG] Dynamically added transition from wildcard127 to wildcard61
[DEBUG] Dynamically added transition from wildcard127 to wildcard60
[DEBUG] Dynamically added transition from wildcard127 to wildcard100
[DEBUG] Dynamically added transition from wildcard127 to wildcard107
[DEBUG] Dynamically added transition from wildcard127 to wildcard108
[DEBUG] Dynamically added transition from wildcard127 to wildcard105
[DEBUG] Dynamically added transition from wildcard127 to wildcard106
[DEBUG] Dynamically added transition from wildcard127 to wildcard103
[DEBUG] Dynamically added transition from wildcard127 to wildcard104
[DEBUG] Dynamically added transition from wildcard127 to wildcard101
[DEBUG] Dynamically added transition from wildcard127 to wildcard102
[DEBUG] Dynamically added transition from wildcard127 to wildcard79
[DEBUG] Dynamically added transition from wildcard127 to wildcard78
[DEBUG] Dynamically added transition from wildcard127 to wildcard77
[DEBUG] Dynamically added transition from wildcard127 to wildcard76
[DEBUG] Dynamically added transition from wildcard127 to wildcard109
[DEBUG] Dynamically added transition from wildcard127 to wildcard75
[DEBUG] Dynamically added transition from wildcard127 to wildcard74
[DEBUG] Dynamically added transition from wildcard127 to wildcard73
[DEBUG] Dynamically added transition from wildcard127 to wildcard72
[DEBUG] Dynamically added transition from wildcard127 to wildcard71
[DEBUG] Dynamically added transition from wildcard127 to wildcard70
[DEBUG] Dynamically added transition from wildcard127 to wildcard110
[DEBUG] Dynamically added transition from wildcard127 to wildcard111
[DEBUG] Dynamically added transition from wildcard127 to wildcard118
[DEBUG] Dynamically added transition from wildcard127 to wildcard119
[DEBUG] Dynamically added transition from wildcard127 to wildcard116
[DEBUG] Dynamically added transition from wildcard127 to wildcard117
[DEBUG] Dynamically added transition from wildcard127 to .*
[DEBUG] Dynamically added transition from wildcard127 to wildcard114
[DEBUG] Dynamically added transition from wildcard127 to wildcard115
[DEBUG] Dynamically added transition from wildcard127 to wildcard112
[DEBUG] Dynamically added transition from wildcard127 to wildcard113
[DEBUG] Dynamically added transition from wildcard127 to wildcard89
[DEBUG] Dynamically added transition from wildcard127 to wildcard88
[DEBUG] Dynamically added transition from wildcard127 to wildcard87
[DEBUG] Dynamically added transition from wildcard127 to wildcard86
[DEBUG] Dynamically added transition from wildcard127 to INITIAL
[DEBUG] Dynamically added transition from wildcard127 to wildcard85
[DEBUG] Dynamically added transition from wildcard127 to wildcard84
[DEBUG] Dynamically added transition from wildcard127 to wildcard83
[DEBUG] Dynamically added transition from wildcard127 to wildcard82
[DEBUG] Dynamically added transition from wildcard127 to wildcard81
[DEBUG] Dynamically added transition from wildcard127 to wildcard80
[DEBUG] Dynamically added transition from wildcard127 to end
[DEBUG] Dynamically added transition from wildcard127 to wildcard16
[DEBUG] Dynamically added transition from wildcard127 to wildcard15
[DEBUG] Dynamically added transition from wildcard127 to wildcard14
[DEBUG] Dynamically added transition from wildcard127 to wildcard13
[DEBUG] Dynamically added transition from wildcard127 to wildcard12
[DEBUG] Dynamically added transition from wildcard127 to wildcard11
[DEBUG] Dynamically added transition from wildcard127 to wildcard99
[DEBUG] Dynamically added transition from wildcard127 to wildcard10
[DEBUG] Dynamically added transition from wildcard127 to wildcard98
[DEBUG] Dynamically added transition from wildcard127 to wildcard97
[DEBUG] Dynamically added transition from wildcard127 to start
[DEBUG] Dynamically added transition from wildcard127 to wildcard96
[DEBUG] Dynamically added transition from wildcard127 to wildcard95
[DEBUG] Dynamically added transition from wildcard127 to wildcard94
[DEBUG] Dynamically added transition from wildcard127 to wildcard93
[DEBUG] Dynamically added transition from wildcard127 to wildcard92
[DEBUG] Dynamically added transition from wildcard127 to wildcard91
[DEBUG] Dynamically added transition from wildcard127 to wildcard90
[INFO] Wildcard transition valid to state: wildcard127
[INFO] Wildcard transition detected from wildcard127 to wildcard128
[DEBUG] Created intermediate state for wildcard transition: wildcard128
[DEBUG] Dynamically added transition from wildcard127 to wildcard128
[DEBUG] Dynamically added transition from wildcard27 to wildcard128
[DEBUG] Dynamically added transition from wildcard26 to wildcard128
[DEBUG] Dynamically added transition from wildcard25 to wildcard128
[DEBUG] Dynamically added transition from wildcard24 to wildcard128
[DEBUG] Dynamically added transition from wildcard23 to wildcard128
[DEBUG] Dynamically added transition from wildcard22 to wildcard128
[DEBUG] Dynamically added transition from wildcard1 to wildcard128
[DEBUG] Dynamically added transition from wildcard21 to wildcard128
[DEBUG] Dynamically added transition from wildcard0 to wildcard128
[DEBUG] Dynamically added transition from wildcard20 to wildcard128
[DEBUG] Dynamically added transition from wildcard3 to wildcard128
[DEBUG] Dynamically added transition from wildcard2 to wildcard128
[DEBUG] Dynamically added transition from wildcard5 to wildcard128
[DEBUG] Dynamically added transition from wildcard4 to wildcard128
[DEBUG] Dynamically added transition from wildcard7 to wildcard128
[DEBUG] Dynamically added transition from wildcard6 to wildcard128
[DEBUG] Dynamically added transition from wildcard9 to wildcard128
[DEBUG] Dynamically added transition from wildcard8 to wildcard128
[DEBUG] Dynamically added transition from wildcard19 to wildcard128
[DEBUG] Dynamically added transition from wildcard18 to wildcard128
[DEBUG] Dynamically added transition from wildcard17 to wildcard128
[DEBUG] Dynamically added transition from wildcard38 to wildcard128
[DEBUG] Dynamically added transition from wildcard37 to wildcard128
[DEBUG] Dynamically added transition from wildcard36 to wildcard128
[DEBUG] Dynamically added transition from wildcard35 to wildcard128
[DEBUG] Dynamically added transition from wildcard34 to wildcard128
[DEBUG] Dynamically added transition from wildcard33 to wildcard128
[DEBUG] Dynamically added transition from wildcard32 to wildcard128
[DEBUG] Dynamically added transition from wildcard31 to wildcard128
[DEBUG] Dynamically added transition from wildcard30 to wildcard128
[DEBUG] Dynamically added transition from wildcard29 to wildcard128
[DEBUG] Dynamically added transition from wildcard28 to wildcard128
[DEBUG] Dynamically added transition from wildcard49 to wildcard128
[DEBUG] Dynamically added transition from wildcard48 to wildcard128
[DEBUG] Dynamically added transition from wildcard47 to wildcard128
[DEBUG] Dynamically added transition from wildcard46 to wildcard128
[DEBUG] Dynamically added transition from wildcard45 to wildcard128
[DEBUG] Dynamically added transition from wildcard44 to wildcard128
[DEBUG] Dynamically added transition from wildcard43 to wildcard128
[DEBUG] Dynamically added transition from wildcard42 to wildcard128
[DEBUG] Dynamically added transition from wildcard41 to wildcard128
[DEBUG] Dynamically added transition from wildcard40 to wildcard128
[DEBUG] Dynamically added transition from wildcard121 to wildcard128
[DEBUG] Dynamically added transition from wildcard122 to wildcard128
[DEBUG] Dynamically added transition from wildcard120 to wildcard128
[DEBUG] Dynamically added transition from wildcard125 to wildcard128
[DEBUG] Dynamically added transition from wildcard126 to wildcard128
[DEBUG] Dynamically added transition from wildcard123 to wildcard128
[DEBUG] Dynamically added transition from wildcard39 to wildcard128
[DEBUG] Dynamically added transition from wildcard124 to wildcard128
[DEBUG] Dynamically added transition from wildcard59 to wildcard128
[DEBUG] Dynamically added transition from wildcard58 to wildcard128
[DEBUG] Dynamically added transition from middle to wildcard128
[DEBUG] Dynamically added transition from wildcard57 to wildcard128
[DEBUG] Dynamically added transition from wildcard56 to wildcard128
[DEBUG] Dynamically added transition from wildcard55 to wildcard128
[DEBUG] Dynamically added transition from wildcard54 to wildcard128
[DEBUG] Dynamically added transition from wildcard53 to wildcard128
[DEBUG] Dynamically added transition from wildcard52 to wildcard128
[DEBUG] Dynamically added transition from wildcard51 to wildcard128
[DEBUG] Dynamically added transition from wildcard50 to wildcard128
[DEBUG] Dynamically added transition from wildcard69 to wildcard128
[DEBUG] Dynamically added transition from wildcard68 to wildcard128
[DEBUG] Dynamically added transition from wildcard67 to wildcard128
[DEBUG] Dynamically added transition from wildcard66 to wildcard128
[DEBUG] Dynamically added transition from wildcard65 to wildcard128
[DEBUG] Dynamically added transition from wildcard64 to wildcard128
[DEBUG] Dynamically added transition from wildcard63 to wildcard128
[DEBUG] Dynamically added transition from wildcard62 to wildcard128
[DEBUG] Dynamically added transition from wildcard61 to wildcard128
[DEBUG] Dynamically added transition from wildcard60 to wildcard128
[DEBUG] Dynamically added transition from wildcard100 to wildcard128
[DEBUG] Dynamically added transition from wildcard107 to wildcard128
[DEBUG] Dynamically added transition from wildcard108 to wildcard128
[DEBUG] Dynamically added transition from wildcard105 to wildcard128
[DEBUG] Dynamically added transition from wildcard106 to wildcard128
[DEBUG] Dynamically added transition from wildcard103 to wildcard128
[DEBUG] Dynamically added transition from wildcard104 to wildcard128
[DEBUG] Dynamically added transition from wildcard101 to wildcard128
[DEBUG] Dynamically added transition from wildcard102 to wildcard128
[DEBUG] Dynamically added transition from wildcard79 to wildcard128
[DEBUG] Dynamically added transition from wildcard78 to wildcard128
[DEBUG] Dynamically added transition from wildcard77 to wildcard128
[DEBUG] Dynamically added transition from wildcard76 to wildcard128
[DEBUG] Dynamically added transition from wildcard109 to wildcard128
[DEBUG] Dynamically added transition from wildcard75 to wildcard128
[DEBUG] Dynamically added transition from wildcard74 to wildcard128
[DEBUG] Dynamically added transition from wildcard73 to wildcard128
[DEBUG] Dynamically added transition from wildcard72 to wildcard128
[DEBUG] Dynamically added transition from wildcard71 to wildcard128
[DEBUG] Dynamically added transition from wildcard70 to wildcard128
[DEBUG] Dynamically added transition from wildcard110 to wildcard128
[DEBUG] Dynamically added transition from wildcard111 to wildcard128
[DEBUG] Dynamically added transition from wildcard118 to wildcard128
[DEBUG] Dynamically added transition from wildcard119 to wildcard128
[DEBUG] Dynamically added transition from wildcard116 to wildcard128
[DEBUG] Dynamically added transition from wildcard117 to wildcard128
[DEBUG] Dynamically added transition from wildcard114 to wildcard128
[DEBUG] Dynamically added transition from wildcard115 to wildcard128
[DEBUG] Dynamically added transition from wildcard112 to wildcard128
[DEBUG] Dynamically added transition from wildcard113 to wildcard128
[DEBUG] Dynamically added transition from wildcard89 to wildcard128
[DEBUG] Dynamically added transition from wildcard88 to wildcard128
[DEBUG] Dynamically added transition from wildcard87 to wildcard128
[DEBUG] Dynamically added transition from wildcard86 to wildcard128
[DEBUG] Dynamically added transition from wildcard85 to wildcard128
[DEBUG] Dynamically added transition from wildcard84 to wildcard128
[DEBUG] Dynamically added transition from wildcard83 to wildcard128
[DEBUG] Dynamically added transition from wildcard82 to wildcard128
[DEBUG] Dynamically added transition from wildcard81 to wildcard128
[DEBUG] Dynamically added transition from wildcard80 to wildcard128
[DEBUG] Dynamically added transition from wildcard16 to wildcard128
[DEBUG] Dynamically added transition from wildcard15 to wildcard128
[DEBUG] Dynamically added transition from wildcard14 to wildcard128
[DEBUG] Dynamically added transition from wildcard13 to wildcard128
[DEBUG] Dynamically added transition from wildcard12 to wildcard128
[DEBUG] Dynamically added transition from wildcard11 to wildcard128
[DEBUG] Dynamically added transition from wildcard99 to wildcard128
[DEBUG] Dynamically added transition from wildcard10 to wildcard128
[DEBUG] Dynamically added transition from wildcard98 to wildcard128
[DEBUG] Dynamically added transition from wildcard97 to wildcard128
[DEBUG] Dynamically added transition from start to wildcard128
[DEBUG] Dynamically added transition from wildcard96 to wildcard128
[DEBUG] Dynamically added transition from wildcard95 to wildcard128
[DEBUG] Dynamically added transition from wildcard94 to wildcard128
[DEBUG] Dynamically added transition from wildcard93 to wildcard128
[DEBUG] Dynamically added transition from wildcard92 to wildcard128
[DEBUG] Dynamically added transition from wildcard91 to wildcard128
[DEBUG] Dynamically added transition from wildcard90 to wildcard128
[DEBUG] Dynamically added transition from wildcard128 to wildcard27
[DEBUG] Dynamically added transition from wildcard128 to wildcard26
[DEBUG] Dynamically added transition from wildcard128 to wildcard25
[DEBUG] Dynamically added transition from wildcard128 to wildcard24
[DEBUG] Dynamically added transition from wildcard128 to wildcard23
[DEBUG] Dynamically added transition from wildcard128 to wildcard22
[DEBUG] Dynamically added transition from wildcard128 to wildcard1
[DEBUG] Dynamically added transition from wildcard128 to wildcard21
[DEBUG] Dynamically added transition from wildcard128 to wildcard0
[DEBUG] Dynamically added transition from wildcard128 to wildcard20
[DEBUG] Dynamically added transition from wildcard128 to wildcard3
[DEBUG] Dynamically added transition from wildcard128 to wildcard2
[DEBUG] Dynamically added transition from wildcard128 to wildcard5
[DEBUG] Dynamically added transition from wildcard128 to wildcard4
[DEBUG] Dynamically added transition from wildcard128 to wildcard7
[DEBUG] Dynamically added transition from wildcard128 to wildcard6
[DEBUG] Dynamically added transition from wildcard128 to wildcard9
[DEBUG] Dynamically added transition from wildcard128 to wildcard8
[DEBUG] Dynamically added transition from wildcard128 to wildcard19
[DEBUG] Dynamically added transition from wildcard128 to wildcard18
[DEBUG] Dynamically added transition from wildcard128 to wildcard17
[DEBUG] Dynamically added transition from wildcard128 to wildcard38
[DEBUG] Dynamically added transition from wildcard128 to wildcard37
[DEBUG] Dynamically added transition from wildcard128 to wildcard36
[DEBUG] Dynamically added transition from wildcard128 to wildcard35
[DEBUG] Dynamically added transition from wildcard128 to wildcard34
[DEBUG] Dynamically added transition from wildcard128 to wildcard33
[DEBUG] Dynamically added transition from wildcard128 to wildcard32
[DEBUG] Dynamically added transition from wildcard128 to wildcard31
[DEBUG] Dynamically added transition from wildcard128 to wildcard30
[DEBUG] Dynamically added transition from wildcard128 to wildcard29
[DEBUG] Dynamically added transition from wildcard128 to wildcard28
[DEBUG] Dynamically added transition from wildcard128 to wildcard49
[DEBUG] Dynamically added transition from wildcard128 to wildcard48
[DEBUG] Dynamically added transition from wildcard128 to wildcard47
[DEBUG] Dynamically added transition from wildcard128 to wildcard46
[DEBUG] Dynamically added transition from wildcard128 to wildcard45
[DEBUG] Dynamically added transition from wildcard128 to wildcard44
[DEBUG] Dynamically added transition from wildcard128 to wildcard43
[DEBUG] Dynamically added transition from wildcard128 to wildcard42
[DEBUG] Dynamically added transition from wildcard128 to wildcard41
[DEBUG] Dynamically added transition from wildcard128 to wildcard40
[DEBUG] Dynamically added transition from wildcard128 to wildcard121
[DEBUG] Dynamically added transition from wildcard128 to wildcard122
[DEBUG] Dynamically added transition from wildcard128 to wildcard120
[DEBUG] Dynamically added transition from wildcard128 to wildcard127
[DEBUG] Dynamically added transition from wildcard128 to wildcard128
[DEBUG] Dynamically added transition from wildcard128 to wildcard125
[DEBUG] Dynamically added transition from wildcard128 to wildcard126
[DEBUG] Dynamically added transition from wildcard128 to wildcard123
[DEBUG] Dynamically added transition from wildcard128 to wildcard39
[DEBUG] Dynamically added transition from wildcard128 to wildcard124
[DEBUG] Dynamically added transition from wildcard128 to wildcard59
[DEBUG] Dynamically added transition from wildcard128 to wildcard58
[DEBUG] Dynamically added transition from wildcard128 to middle
[DEBUG] Dynamically added transition from wildcard128 to wildcard57
[DEBUG] Dynamically added transition from wildcard128 to wildcard56
[DEBUG] Dynamically added transition from wildcard128 to wildcard55
[DEBUG] Dynamically added transition from wildcard128 to wildcard54
[DEBUG] Dynamically added transition from wildcard128 to wildcard53
[DEBUG] Dynamically added transition from wildcard128 to wildcard52
[DEBUG] Dynamically added transition from wildcard128 to wildcard51
[DEBUG] Dynamically added transition from wildcard128 to wildcard50
[DEBUG] Dynamically added transition from wildcard128 to wildcard69
[DEBUG] Dynamically added transition from wildcard128 to wildcard68
[DEBUG] Dynamically added transition from wildcard128 to wildcard67
[DEBUG] Dynamically added transition from wildcard128 to wildcard66
[DEBUG] Dynamically added transition from wildcard128 to wildcard65
[DEBUG] Dynamically added transition from wildcard128 to wildcard64
[DEBUG] Dynamically added transition from wildcard128 to wildcard63
[DEBUG] Dynamically added transition from wildcard128 to wildcard62
[DEBUG] Dynamically added transition from wildcard128 to wildcard61
[DEBUG] Dynamically added transition from wildcard128 to wildcard60
[DEBUG] Dynamically added transition from wildcard128 to wildcard100
[DEBUG] Dynamically added transition from wildcard128 to wildcard107
[DEBUG] Dynamically added transition from wildcard128 to wildcard108
[DEBUG] Dynamically added transition from wildcard128 to wildcard105
[DEBUG] Dynamically added transition from wildcard128 to wildcard106
[DEBUG] Dynamically added transition from wildcard128 to wildcard103
[DEBUG] Dynamically added transition from wildcard128 to wildcard104
[DEBUG] Dynamically added transition from wildcard128 to wildcard101
[DEBUG] Dynamically added transition from wildcard128 to wildcard102
[DEBUG] Dynamically added transition from wildcard128 to wildcard79
[DEBUG] Dynamically added transition from wildcard128 to wildcard78
[DEBUG] Dynamically added transition from wildcard128 to wildcard77
[DEBUG] Dynamically added transition from wildcard128 to wildcard76
[DEBUG] Dynamically added transition from wildcard128 to wildcard109
[DEBUG] Dynamically added transition from wildcard128 to wildcard75
[DEBUG] Dynamically added transition from wildcard128 to wildcard74
[DEBUG] Dynamically added transition from wildcard128 to wildcard73
[DEBUG] Dynamically added transition from wildcard128 to wildcard72
[DEBUG] Dynamically added transition from wildcard128 to wildcard71
[DEBUG] Dynamically added transition from wildcard128 to wildcard70
[DEBUG] Dynamically added transition from wildcard128 to wildcard110
[DEBUG] Dynamically added transition from wildcard128 to wildcard111
[DEBUG] Dynamically added transition from wildcard128 to wildcard118
[DEBUG] Dynamically added transition from wildcard128 to wildcard119
[DEBUG] Dynamically added transition from wildcard128 to wildcard116
[DEBUG] Dynamically added transition from wildcard128 to wildcard117
[DEBUG] Dynamically added transition from wildcard128 to .*
[DEBUG] Dynamically added transition from wildcard128 to wildcard114
[DEBUG] Dynamically added transition from wildcard128 to wildcard115
[DEBUG] Dynamically added transition from wildcard128 to wildcard112
[DEBUG] Dynamically added transition from wildcard128 to wildcard113
[DEBUG] Dynamically added transition from wildcard128 to wildcard89
[DEBUG] Dynamically added transition from wildcard128 to wildcard88
[DEBUG] Dynamically added transition from wildcard128 to wildcard87
[DEBUG] Dynamically added transition from wildcard128 to wildcard86
[DEBUG] Dynamically added transition from wildcard128 to INITIAL
[DEBUG] Dynamically added transition from wildcard128 to wildcard85
[DEBUG] Dynamically added transition from wildcard128 to wildcard84
[DEBUG] Dynamically added transition from wildcard128 to wildcard83
[DEBUG] Dynamically added transition from wildcard128 to wildcard82
[DEBUG] Dynamically added transition from wildcard128 to wildcard81
[DEBUG] Dynamically added transition from wildcard128 to wildcard80
[DEBUG] Dynamically added transition from wildcard128 to end
[DEBUG] Dynamically added transition from wildcard128 to wildcard16
[DEBUG] Dynamically added transition from wildcard128 to wildcard15
[DEBUG] Dynamically added transition from wildcard128 to wildcard14
[DEBUG] Dynamically added transition from wildcard128 to wildcard13
[DEBUG] Dynamically added transition from wildcard128 to wildcard12
[DEBUG] Dynamically added transition from wildcard128 to wildcard11
[DEBUG] Dynamically added transition from wildcard128 to wildcard99
[DEBUG] Dynamically added transition from wildcard128 to wildcard10
[DEBUG] Dynamically added transition from wildcard128 to wildcard98
[DEBUG] Dynamically added transition from wildcard128 to wildcard97
[DEBUG] Dynamically added transition from wildcard128 to start
[DEBUG] Dynamically added transition from wildcard128 to wildcard96
[DEBUG] Dynamically added transition from wildcard128 to wildcard95
[DEBUG] Dynamically added transition from wildcard128 to wildcard94
[DEBUG] Dynamically added transition from wildcard128 to wildcard93
[DEBUG] Dynamically added transition from wildcard128 to wildcard92
[DEBUG] Dynamically added transition from wildcard128 to wildcard91
[DEBUG] Dynamically added transition from wildcard128 to wildcard90
[INFO] Wildcard transition valid to state: wildcard128
[INFO] Wildcard transition detected from wildcard128 to wildcard129
[DEBUG] Created intermediate state for wildcard transition: wildcard129
[DEBUG] Dynamically added transition from wildcard128 to wildcard129
[DEBUG] Dynamically added transition from wildcard27 to wildcard129
[DEBUG] Dynamically added transition from wildcard26 to wildcard129
[DEBUG] Dynamically added transition from wildcard25 to wildcard129
[DEBUG] Dynamically added transition from wildcard24 to wildcard129
[DEBUG] Dynamically added transition from wildcard23 to wildcard129
[DEBUG] Dynamically added transition from wildcard22 to wildcard129
[DEBUG] Dynamically added transition from wildcard1 to wildcard129
[DEBUG] Dynamically added transition from wildcard21 to wildcard129
[DEBUG] Dynamically added transition from wildcard0 to wildcard129
[DEBUG] Dynamically added transition from wildcard20 to wildcard129
[DEBUG] Dynamically added transition from wildcard3 to wildcard129
[DEBUG] Dynamically added transition from wildcard2 to wildcard129
[DEBUG] Dynamically added transition from wildcard5 to wildcard129
[DEBUG] Dynamically added transition from wildcard4 to wildcard129
[DEBUG] Dynamically added transition from wildcard7 to wildcard129
[DEBUG] Dynamically added transition from wildcard6 to wildcard129
[DEBUG] Dynamically added transition from wildcard9 to wildcard129
[DEBUG] Dynamically added transition from wildcard8 to wildcard129
[DEBUG] Dynamically added transition from wildcard19 to wildcard129
[DEBUG] Dynamically added transition from wildcard18 to wildcard129
[DEBUG] Dynamically added transition from wildcard17 to wildcard129
[DEBUG] Dynamically added transition from wildcard38 to wildcard129
[DEBUG] Dynamically added transition from wildcard37 to wildcard129
[DEBUG] Dynamically added transition from wildcard36 to wildcard129
[DEBUG] Dynamically added transition from wildcard35 to wildcard129
[DEBUG] Dynamically added transition from wildcard34 to wildcard129
[DEBUG] Dynamically added transition from wildcard33 to wildcard129
[DEBUG] Dynamically added transition from wildcard32 to wildcard129
[DEBUG] Dynamically added transition from wildcard31 to wildcard129
[DEBUG] Dynamically added transition from wildcard30 to wildcard129
[DEBUG] Dynamically added transition from wildcard29 to wildcard129
[DEBUG] Dynamically added transition from wildcard28 to wildcard129
[DEBUG] Dynamically added transition from wildcard49 to wildcard129
[DEBUG] Dynamically added transition from wildcard48 to wildcard129
[DEBUG] Dynamically added transition from wildcard47 to wildcard129
[DEBUG] Dynamically added transition from wildcard46 to wildcard129
[DEBUG] Dynamically added transition from wildcard45 to wildcard129
[DEBUG] Dynamically added transition from wildcard44 to wildcard129
[DEBUG] Dynamically added transition from wildcard43 to wildcard129
[DEBUG] Dynamically added transition from wildcard42 to wildcard129
[DEBUG] Dynamically added transition from wildcard41 to wildcard129
[DEBUG] Dynamically added transition from wildcard40 to wildcard129
[DEBUG] Dynamically added transition from wildcard121 to wildcard129
[DEBUG] Dynamically added transition from wildcard122 to wildcard129
[DEBUG] Dynamically added transition from wildcard120 to wildcard129
[DEBUG] Dynamically added transition from wildcard127 to wildcard129
[DEBUG] Dynamically added transition from wildcard125 to wildcard129
[DEBUG] Dynamically added transition from wildcard126 to wildcard129
[DEBUG] Dynamically added transition from wildcard123 to wildcard129
[DEBUG] Dynamically added transition from wildcard39 to wildcard129
[DEBUG] Dynamically added transition from wildcard124 to wildcard129
[DEBUG] Dynamically added transition from wildcard59 to wildcard129
[DEBUG] Dynamically added transition from wildcard58 to wildcard129
[DEBUG] Dynamically added transition from middle to wildcard129
[DEBUG] Dynamically added transition from wildcard57 to wildcard129
[DEBUG] Dynamically added transition from wildcard56 to wildcard129
[DEBUG] Dynamically added transition from wildcard55 to wildcard129
[DEBUG] Dynamically added transition from wildcard54 to wildcard129
[DEBUG] Dynamically added transition from wildcard53 to wildcard129
[DEBUG] Dynamically added transition from wildcard52 to wildcard129
[DEBUG] Dynamically added transition from wildcard51 to wildcard129
[DEBUG] Dynamically added transition from wildcard50 to wildcard129
[DEBUG] Dynamically added transition from wildcard69 to wildcard129
[DEBUG] Dynamically added transition from wildcard68 to wildcard129
[DEBUG] Dynamically added transition from wildcard67 to wildcard129
[DEBUG] Dynamically added transition from wildcard66 to wildcard129
[DEBUG] Dynamically added transition from wildcard65 to wildcard129
[DEBUG] Dynamically added transition from wildcard64 to wildcard129
[DEBUG] Dynamically added transition from wildcard63 to wildcard129
[DEBUG] Dynamically added transition from wildcard62 to wildcard129
[DEBUG] Dynamically added transition from wildcard61 to wildcard129
[DEBUG] Dynamically added transition from wildcard60 to wildcard129
[DEBUG] Dynamically added transition from wildcard100 to wildcard129
[DEBUG] Dynamically added transition from wildcard107 to wildcard129
[DEBUG] Dynamically added transition from wildcard108 to wildcard129
[DEBUG] Dynamically added transition from wildcard105 to wildcard129
[DEBUG] Dynamically added transition from wildcard106 to wildcard129
[DEBUG] Dynamically added transition from wildcard103 to wildcard129
[DEBUG] Dynamically added transition from wildcard104 to wildcard129
[DEBUG] Dynamically added transition from wildcard101 to wildcard129
[DEBUG] Dynamically added transition from wildcard102 to wildcard129
[DEBUG] Dynamically added transition from wildcard79 to wildcard129
[DEBUG] Dynamically added transition from wildcard78 to wildcard129
[DEBUG] Dynamically added transition from wildcard77 to wildcard129
[DEBUG] Dynamically added transition from wildcard76 to wildcard129
[DEBUG] Dynamically added transition from wildcard109 to wildcard129
[DEBUG] Dynamically added transition from wildcard75 to wildcard129
[DEBUG] Dynamically added transition from wildcard74 to wildcard129
[DEBUG] Dynamically added transition from wildcard73 to wildcard129
[DEBUG] Dynamically added transition from wildcard72 to wildcard129
[DEBUG] Dynamically added transition from wildcard71 to wildcard129
[DEBUG] Dynamically added transition from wildcard70 to wildcard129
[DEBUG] Dynamically added transition from wildcard110 to wildcard129
[DEBUG] Dynamically added transition from wildcard111 to wildcard129
[DEBUG] Dynamically added transition from wildcard118 to wildcard129
[DEBUG] Dynamically added transition from wildcard119 to wildcard129
[DEBUG] Dynamically added transition from wildcard116 to wildcard129
[DEBUG] Dynamically added transition from wildcard117 to wildcard129
[DEBUG] Dynamically added transition from wildcard114 to wildcard129
[DEBUG] Dynamically added transition from wildcard115 to wildcard129
[DEBUG] Dynamically added transition from wildcard112 to wildcard129
[DEBUG] Dynamically added transition from wildcard113 to wildcard129
[DEBUG] Dynamically added transition from wildcard89 to wildcard129
[DEBUG] Dynamically added transition from wildcard88 to wildcard129
[DEBUG] Dynamically added transition from wildcard87 to wildcard129
[DEBUG] Dynamically added transition from wildcard86 to wildcard129
[DEBUG] Dynamically added transition from wildcard85 to wildcard129
[DEBUG] Dynamically added transition from wildcard84 to wildcard129
[DEBUG] Dynamically added transition from wildcard83 to wildcard129
[DEBUG] Dynamically added transition from wildcard82 to wildcard129
[DEBUG] Dynamically added transition from wildcard81 to wildcard129
[DEBUG] Dynamically added transition from wildcard80 to wildcard129
[DEBUG] Dynamically added transition from wildcard16 to wildcard129
[DEBUG] Dynamically added transition from wildcard15 to wildcard129
[DEBUG] Dynamically added transition from wildcard14 to wildcard129
[DEBUG] Dynamically added transition from wildcard13 to wildcard129
[DEBUG] Dynamically added transition from wildcard12 to wildcard129
[DEBUG] Dynamically added transition from wildcard11 to wildcard129
[DEBUG] Dynamically added transition from wildcard99 to wildcard129
[DEBUG] Dynamically added transition from wildcard10 to wildcard129
[DEBUG] Dynamically added transition from wildcard98 to wildcard129
[DEBUG] Dynamically added transition from wildcard97 to wildcard129
[DEBUG] Dynamically added transition from start to wildcard129
[DEBUG] Dynamically added transition from wildcard96 to wildcard129
[DEBUG] Dynamically added transition from wildcard95 to wildcard129
[DEBUG] Dynamically added transition from wildcard94 to wildcard129
[DEBUG] Dynamically added transition from wildcard93 to wildcard129
[DEBUG] Dynamically added transition from wildcard92 to wildcard129
[DEBUG] Dynamically added transition from wildcard91 to wildcard129
[DEBUG] Dynamically added transition from wildcard90 to wildcard129
[DEBUG] Dynamically added transition from wildcard129 to wildcard27
[DEBUG] Dynamically added transition from wildcard129 to wildcard26
[DEBUG] Dynamically added transition from wildcard129 to wildcard25
[DEBUG] Dynamically added transition from wildcard129 to wildcard24
[DEBUG] Dynamically added transition from wildcard129 to wildcard23
[DEBUG] Dynamically added transition from wildcard129 to wildcard22
[DEBUG] Dynamically added transition from wildcard129 to wildcard1
[DEBUG] Dynamically added transition from wildcard129 to wildcard21
[DEBUG] Dynamically added transition from wildcard129 to wildcard0
[DEBUG] Dynamically added transition from wildcard129 to wildcard20
[DEBUG] Dynamically added transition from wildcard129 to wildcard3
[DEBUG] Dynamically added transition from wildcard129 to wildcard2
[DEBUG] Dynamically added transition from wildcard129 to wildcard5
[DEBUG] Dynamically added transition from wildcard129 to wildcard4
[DEBUG] Dynamically added transition from wildcard129 to wildcard7
[DEBUG] Dynamically added transition from wildcard129 to wildcard6
[DEBUG] Dynamically added transition from wildcard129 to wildcard9
[DEBUG] Dynamically added transition from wildcard129 to wildcard8
[DEBUG] Dynamically added transition from wildcard129 to wildcard19
[DEBUG] Dynamically added transition from wildcard129 to wildcard18
[DEBUG] Dynamically added transition from wildcard129 to wildcard17
[DEBUG] Dynamically added transition from wildcard129 to wildcard38
[DEBUG] Dynamically added transition from wildcard129 to wildcard37
[DEBUG] Dynamically added transition from wildcard129 to wildcard36
[DEBUG] Dynamically added transition from wildcard129 to wildcard35
[DEBUG] Dynamically added transition from wildcard129 to wildcard34
[DEBUG] Dynamically added transition from wildcard129 to wildcard33
[DEBUG] Dynamically added transition from wildcard129 to wildcard32
[DEBUG] Dynamically added transition from wildcard129 to wildcard31
[DEBUG] Dynamically added transition from wildcard129 to wildcard30
[DEBUG] Dynamically added transition from wildcard129 to wildcard29
[DEBUG] Dynamically added transition from wildcard129 to wildcard28
[DEBUG] Dynamically added transition from wildcard129 to wildcard49
[DEBUG] Dynamically added transition from wildcard129 to wildcard48
[DEBUG] Dynamically added transition from wildcard129 to wildcard47
[DEBUG] Dynamically added transition from wildcard129 to wildcard46
[DEBUG] Dynamically added transition from wildcard129 to wildcard45
[DEBUG] Dynamically added transition from wildcard129 to wildcard44
[DEBUG] Dynamically added transition from wildcard129 to wildcard43
[DEBUG] Dynamically added transition from wildcard129 to wildcard42
[DEBUG] Dynamically added transition from wildcard129 to wildcard41
[DEBUG] Dynamically added transition from wildcard129 to wildcard40
[DEBUG] Dynamically added transition from wildcard129 to wildcard121
[DEBUG] Dynamically added transition from wildcard129 to wildcard122
[DEBUG] Dynamically added transition from wildcard129 to wildcard120
[DEBUG] Dynamically added transition from wildcard129 to wildcard129
[DEBUG] Dynamically added transition from wildcard129 to wildcard127
[DEBUG] Dynamically added transition from wildcard129 to wildcard128
[DEBUG] Dynamically added transition from wildcard129 to wildcard125
[DEBUG] Dynamically added transition from wildcard129 to wildcard126
[DEBUG] Dynamically added transition from wildcard129 to wildcard123
[DEBUG] Dynamically added transition from wildcard129 to wildcard39
[DEBUG] Dynamically added transition from wildcard129 to wildcard124
[DEBUG] Dynamically added transition from wildcard129 to wildcard59
[DEBUG] Dynamically added transition from wildcard129 to wildcard58
[DEBUG] Dynamically added transition from wildcard129 to middle
[DEBUG] Dynamically added transition from wildcard129 to wildcard57
[DEBUG] Dynamically added transition from wildcard129 to wildcard56
[DEBUG] Dynamically added transition from wildcard129 to wildcard55
[DEBUG] Dynamically added transition from wildcard129 to wildcard54
[DEBUG] Dynamically added transition from wildcard129 to wildcard53
[DEBUG] Dynamically added transition from wildcard129 to wildcard52
[DEBUG] Dynamically added transition from wildcard129 to wildcard51
[DEBUG] Dynamically added transition from wildcard129 to wildcard50
[DEBUG] Dynamically added transition from wildcard129 to wildcard69
[DEBUG] Dynamically added transition from wildcard129 to wildcard68
[DEBUG] Dynamically added transition from wildcard129 to wildcard67
[DEBUG] Dynamically added transition from wildcard129 to wildcard66
[DEBUG] Dynamically added transition from wildcard129 to wildcard65
[DEBUG] Dynamically added transition from wildcard129 to wildcard64
[DEBUG] Dynamically added transition from wildcard129 to wildcard63
[DEBUG] Dynamically added transition from wildcard129 to wildcard62
[DEBUG] Dynamically added transition from wildcard129 to wildcard61
[DEBUG] Dynamically added transition from wildcard129 to wildcard60
[DEBUG] Dynamically added transition from wildcard129 to wildcard100
[DEBUG] Dynamically added transition from wildcard129 to wildcard107
[DEBUG] Dynamically added transition from wildcard129 to wildcard108
[DEBUG] Dynamically added transition from wildcard129 to wildcard105
[DEBUG] Dynamically added transition from wildcard129 to wildcard106
[DEBUG] Dynamically added transition from wildcard129 to wildcard103
[DEBUG] Dynamically added transition from wildcard129 to wildcard104
[DEBUG] Dynamically added transition from wildcard129 to wildcard101
[DEBUG] Dynamically added transition from wildcard129 to wildcard102
[DEBUG] Dynamically added transition from wildcard129 to wildcard79
[DEBUG] Dynamically added transition from wildcard129 to wildcard78
[DEBUG] Dynamically added transition from wildcard129 to wildcard77
[DEBUG] Dynamically added transition from wildcard129 to wildcard76
[DEBUG] Dynamically added transition from wildcard129 to wildcard109
[DEBUG] Dynamically added transition from wildcard129 to wildcard75
[DEBUG] Dynamically added transition from wildcard129 to wildcard74
[DEBUG] Dynamically added transition from wildcard129 to wildcard73
[DEBUG] Dynamically added transition from wildcard129 to wildcard72
[DEBUG] Dynamically added transition from wildcard129 to wildcard71
[DEBUG] Dynamically added transition from wildcard129 to wildcard70
[DEBUG] Dynamically added transition from wildcard129 to wildcard110
[DEBUG] Dynamically added transition from wildcard129 to wildcard111
[DEBUG] Dynamically added transition from wildcard129 to wildcard118
[DEBUG] Dynamically added transition from wildcard129 to wildcard119
[DEBUG] Dynamically added transition from wildcard129 to wildcard116
[DEBUG] Dynamically added transition from wildcard129 to wildcard117
[DEBUG] Dynamically added transition from wildcard129 to .*
[DEBUG] Dynamically added transition from wildcard129 to wildcard114
[DEBUG] Dynamically added transition from wildcard129 to wildcard115
[DEBUG] Dynamically added transition from wildcard129 to wildcard112
[DEBUG] Dynamically added transition from wildcard129 to wildcard113
[DEBUG] Dynamically added transition from wildcard129 to wildcard89
[DEBUG] Dynamically added transition from wildcard129 to wildcard88
[DEBUG] Dynamically added transition from wildcard129 to wildcard87
[DEBUG] Dynamically added transition from wildcard129 to wildcard86
[DEBUG] Dynamically added transition from wildcard129 to INITIAL
[DEBUG] Dynamically added transition from wildcard129 to wildcard85
[DEBUG] Dynamically added transition from wildcard129 to wildcard84
[DEBUG] Dynamically added transition from wildcard129 to wildcard83
[DEBUG] Dynamically added transition from wildcard129 to wildcard82
[DEBUG] Dynamically added transition from wildcard129 to wildcard81
[DEBUG] Dynamically added transition from wildcard129 to wildcard80
[DEBUG] Dynamically added transition from wildcard129 to end
[DEBUG] Dynamically added transition from wildcard129 to wildcard16
[DEBUG] Dynamically added transition from wildcard129 to wildcard15
[DEBUG] Dynamically added transition from wildcard129 to wildcard14
[DEBUG] Dynamically added transition from wildcard129 to wildcard13
[DEBUG] Dynamically added transition from wildcard129 to wildcard12
[DEBUG] Dynamically added transition from wildcard129 to wildcard11
[DEBUG] Dynamically added transition from wildcard129 to wildcard99
[DEBUG] Dynamically added transition from wildcard129 to wildcard10
[DEBUG] Dynamically added transition from wildcard129 to wildcard98
[DEBUG] Dynamically added transition from wildcard129 to wildcard97
[DEBUG] Dynamically added transition from wildcard129 to start
[DEBUG] Dynamically added transition from wildcard129 to wildcard96
[DEBUG] Dynamically added transition from wildcard129 to wildcard95
[DEBUG] Dynamically added transition from wildcard129 to wildcard94
[DEBUG] Dynamically added transition from wildcard129 to wildcard93
[DEBUG] Dynamically added transition from wildcard129 to wildcard92
[DEBUG] Dynamically added transition from wildcard129 to wildcard91
[DEBUG] Dynamically added transition from wildcard129 to wildcard90
[INFO] Wildcard transition valid to state: wildcard129
[INFO] Wildcard transition detected from wildcard129 to wildcard130
[DEBUG] Created intermediate state for wildcard transition: wildcard130
[DEBUG] Dynamically added transition from wildcard129 to wildcard130
[DEBUG] Dynamically added transition from wildcard27 to wildcard130
[DEBUG] Dynamically added transition from wildcard26 to wildcard130
[DEBUG] Dynamically added transition from wildcard25 to wildcard130
[DEBUG] Dynamically added transition from wildcard24 to wildcard130
[DEBUG] Dynamically added transition from wildcard23 to wildcard130
[DEBUG] Dynamically added transition from wildcard22 to wildcard130
[DEBUG] Dynamically added transition from wildcard1 to wildcard130
[DEBUG] Dynamically added transition from wildcard21 to wildcard130
[DEBUG] Dynamically added transition from wildcard0 to wildcard130
[DEBUG] Dynamically added transition from wildcard20 to wildcard130
[DEBUG] Dynamically added transition from wildcard3 to wildcard130
[DEBUG] Dynamically added transition from wildcard2 to wildcard130
[DEBUG] Dynamically added transition from wildcard5 to wildcard130
[DEBUG] Dynamically added transition from wildcard4 to wildcard130
[DEBUG] Dynamically added transition from wildcard7 to wildcard130
[DEBUG] Dynamically added transition from wildcard6 to wildcard130
[DEBUG] Dynamically added transition from wildcard9 to wildcard130
[DEBUG] Dynamically added transition from wildcard8 to wildcard130
[DEBUG] Dynamically added transition from wildcard19 to wildcard130
[DEBUG] Dynamically added transition from wildcard18 to wildcard130
[DEBUG] Dynamically added transition from wildcard17 to wildcard130
[DEBUG] Dynamically added transition from wildcard38 to wildcard130
[DEBUG] Dynamically added transition from wildcard37 to wildcard130
[DEBUG] Dynamically added transition from wildcard36 to wildcard130
[DEBUG] Dynamically added transition from wildcard35 to wildcard130
[DEBUG] Dynamically added transition from wildcard34 to wildcard130
[DEBUG] Dynamically added transition from wildcard33 to wildcard130
[DEBUG] Dynamically added transition from wildcard32 to wildcard130
[DEBUG] Dynamically added transition from wildcard31 to wildcard130
[DEBUG] Dynamically added transition from wildcard30 to wildcard130
[DEBUG] Dynamically added transition from wildcard29 to wildcard130
[DEBUG] Dynamically added transition from wildcard28 to wildcard130
[DEBUG] Dynamically added transition from wildcard49 to wildcard130
[DEBUG] Dynamically added transition from wildcard48 to wildcard130
[DEBUG] Dynamically added transition from wildcard47 to wildcard130
[DEBUG] Dynamically added transition from wildcard46 to wildcard130
[DEBUG] Dynamically added transition from wildcard45 to wildcard130
[DEBUG] Dynamically added transition from wildcard44 to wildcard130
[DEBUG] Dynamically added transition from wildcard43 to wildcard130
[DEBUG] Dynamically added transition from wildcard42 to wildcard130
[DEBUG] Dynamically added transition from wildcard41 to wildcard130
[DEBUG] Dynamically added transition from wildcard40 to wildcard130
[DEBUG] Dynamically added transition from wildcard121 to wildcard130
[DEBUG] Dynamically added transition from wildcard122 to wildcard130
[DEBUG] Dynamically added transition from wildcard120 to wildcard130
[DEBUG] Dynamically added transition from wildcard127 to wildcard130
[DEBUG] Dynamically added transition from wildcard128 to wildcard130
[DEBUG] Dynamically added transition from wildcard125 to wildcard130
[DEBUG] Dynamically added transition from wildcard126 to wildcard130
[DEBUG] Dynamically added transition from wildcard123 to wildcard130
[DEBUG] Dynamically added transition from wildcard39 to wildcard130
[DEBUG] Dynamically added transition from wildcard124 to wildcard130
[DEBUG] Dynamically added transition from wildcard59 to wildcard130
[DEBUG] Dynamically added transition from wildcard58 to wildcard130
[DEBUG] Dynamically added transition from middle to wildcard130
[DEBUG] Dynamically added transition from wildcard57 to wildcard130
[DEBUG] Dynamically added transition from wildcard56 to wildcard130
[DEBUG] Dynamically added transition from wildcard55 to wildcard130
[DEBUG] Dynamically added transition from wildcard54 to wildcard130
[DEBUG] Dynamically added transition from wildcard53 to wildcard130
[DEBUG] Dynamically added transition from wildcard52 to wildcard130
[DEBUG] Dynamically added transition from wildcard51 to wildcard130
[DEBUG] Dynamically added transition from wildcard50 to wildcard130
[DEBUG] Dynamically added transition from wildcard69 to wildcard130
[DEBUG] Dynamically added transition from wildcard68 to wildcard130
[DEBUG] Dynamically added transition from wildcard67 to wildcard130
[DEBUG] Dynamically added transition from wildcard66 to wildcard130
[DEBUG] Dynamically added transition from wildcard65 to wildcard130
[DEBUG] Dynamically added transition from wildcard64 to wildcard130
[DEBUG] Dynamically added transition from wildcard63 to wildcard130
[DEBUG] Dynamically added transition from wildcard62 to wildcard130
[DEBUG] Dynamically added transition from wildcard61 to wildcard130
[DEBUG] Dynamically added transition from wildcard60 to wildcard130
[DEBUG] Dynamically added transition from wildcard100 to wildcard130
[DEBUG] Dynamically added transition from wildcard107 to wildcard130
[DEBUG] Dynamically added transition from wildcard108 to wildcard130
[DEBUG] Dynamically added transition from wildcard105 to wildcard130
[DEBUG] Dynamically added transition from wildcard106 to wildcard130
[DEBUG] Dynamically added transition from wildcard103 to wildcard130
[DEBUG] Dynamically added transition from wildcard104 to wildcard130
[DEBUG] Dynamically added transition from wildcard101 to wildcard130
[DEBUG] Dynamically added transition from wildcard102 to wildcard130
[DEBUG] Dynamically added transition from wildcard79 to wildcard130
[DEBUG] Dynamically added transition from wildcard78 to wildcard130
[DEBUG] Dynamically added transition from wildcard77 to wildcard130
[DEBUG] Dynamically added transition from wildcard76 to wildcard130
[DEBUG] Dynamically added transition from wildcard109 to wildcard130
[DEBUG] Dynamically added transition from wildcard75 to wildcard130
[DEBUG] Dynamically added transition from wildcard74 to wildcard130
[DEBUG] Dynamically added transition from wildcard73 to wildcard130
[DEBUG] Dynamically added transition from wildcard72 to wildcard130
[DEBUG] Dynamically added transition from wildcard71 to wildcard130
[DEBUG] Dynamically added transition from wildcard70 to wildcard130
[DEBUG] Dynamically added transition from wildcard110 to wildcard130
[DEBUG] Dynamically added transition from wildcard111 to wildcard130
[DEBUG] Dynamically added transition from wildcard118 to wildcard130
[DEBUG] Dynamically added transition from wildcard119 to wildcard130
[DEBUG] Dynamically added transition from wildcard116 to wildcard130
[DEBUG] Dynamically added transition from wildcard117 to wildcard130
[DEBUG] Dynamically added transition from wildcard114 to wildcard130
[DEBUG] Dynamically added transition from wildcard115 to wildcard130
[DEBUG] Dynamically added transition from wildcard112 to wildcard130
[DEBUG] Dynamically added transition from wildcard113 to wildcard130
[DEBUG] Dynamically added transition from wildcard89 to wildcard130
[DEBUG] Dynamically added transition from wildcard88 to wildcard130
[DEBUG] Dynamically added transition from wildcard87 to wildcard130
[DEBUG] Dynamically added transition from wildcard86 to wildcard130
[DEBUG] Dynamically added transition from wildcard85 to wildcard130
[DEBUG] Dynamically added transition from wildcard84 to wildcard130
[DEBUG] Dynamically added transition from wildcard83 to wildcard130
[DEBUG] Dynamically added transition from wildcard82 to wildcard130
[DEBUG] Dynamically added transition from wildcard81 to wildcard130
[DEBUG] Dynamically added transition from wildcard80 to wildcard130
[DEBUG] Dynamically added transition from wildcard16 to wildcard130
[DEBUG] Dynamically added transition from wildcard15 to wildcard130
[DEBUG] Dynamically added transition from wildcard14 to wildcard130
[DEBUG] Dynamically added transition from wildcard13 to wildcard130
[DEBUG] Dynamically added transition from wildcard12 to wildcard130
[DEBUG] Dynamically added transition from wildcard11 to wildcard130
[DEBUG] Dynamically added transition from wildcard99 to wildcard130
[DEBUG] Dynamically added transition from wildcard10 to wildcard130
[DEBUG] Dynamically added transition from wildcard98 to wildcard130
[DEBUG] Dynamically added transition from wildcard97 to wildcard130
[DEBUG] Dynamically added transition from start to wildcard130
[DEBUG] Dynamically added transition from wildcard96 to wildcard130
[DEBUG] Dynamically added transition from wildcard95 to wildcard130
[DEBUG] Dynamically added transition from wildcard94 to wildcard130
[DEBUG] Dynamically added transition from wildcard93 to wildcard130
[DEBUG] Dynamically added transition from wildcard92 to wildcard130
[DEBUG] Dynamically added transition from wildcard91 to wildcard130
[DEBUG] Dynamically added transition from wildcard90 to wildcard130
[DEBUG] Dynamically added transition from wildcard130 to wildcard27
[DEBUG] Dynamically added transition from wildcard130 to wildcard26
[DEBUG] Dynamically added transition from wildcard130 to wildcard25
[DEBUG] Dynamically added transition from wildcard130 to wildcard24
[DEBUG] Dynamically added transition from wildcard130 to wildcard23
[DEBUG] Dynamically added transition from wildcard130 to wildcard22
[DEBUG] Dynamically added transition from wildcard130 to wildcard1
[DEBUG] Dynamically added transition from wildcard130 to wildcard21
[DEBUG] Dynamically added transition from wildcard130 to wildcard0
[DEBUG] Dynamically added transition from wildcard130 to wildcard20
[DEBUG] Dynamically added transition from wildcard130 to wildcard3
[DEBUG] Dynamically added transition from wildcard130 to wildcard2
[DEBUG] Dynamically added transition from wildcard130 to wildcard5
[DEBUG] Dynamically added transition from wildcard130 to wildcard4
[DEBUG] Dynamically added transition from wildcard130 to wildcard7
[DEBUG] Dynamically added transition from wildcard130 to wildcard6
[DEBUG] Dynamically added transition from wildcard130 to wildcard9
[DEBUG] Dynamically added transition from wildcard130 to wildcard8
[DEBUG] Dynamically added transition from wildcard130 to wildcard19
[DEBUG] Dynamically added transition from wildcard130 to wildcard18
[DEBUG] Dynamically added transition from wildcard130 to wildcard17
[DEBUG] Dynamically added transition from wildcard130 to wildcard38
[DEBUG] Dynamically added transition from wildcard130 to wildcard37
[DEBUG] Dynamically added transition from wildcard130 to wildcard36
[DEBUG] Dynamically added transition from wildcard130 to wildcard35
[DEBUG] Dynamically added transition from wildcard130 to wildcard34
[DEBUG] Dynamically added transition from wildcard130 to wildcard33
[DEBUG] Dynamically added transition from wildcard130 to wildcard32
[DEBUG] Dynamically added transition from wildcard130 to wildcard31
[DEBUG] Dynamically added transition from wildcard130 to wildcard30
[DEBUG] Dynamically added transition from wildcard130 to wildcard29
[DEBUG] Dynamically added transition from wildcard130 to wildcard28
[DEBUG] Dynamically added transition from wildcard130 to wildcard49
[DEBUG] Dynamically added transition from wildcard130 to wildcard48
[DEBUG] Dynamically added transition from wildcard130 to wildcard47
[DEBUG] Dynamically added transition from wildcard130 to wildcard46
[DEBUG] Dynamically added transition from wildcard130 to wildcard45
[DEBUG] Dynamically added transition from wildcard130 to wildcard44
[DEBUG] Dynamically added transition from wildcard130 to wildcard43
[DEBUG] Dynamically added transition from wildcard130 to wildcard42
[DEBUG] Dynamically added transition from wildcard130 to wildcard41
[DEBUG] Dynamically added transition from wildcard130 to wildcard40
[DEBUG] Dynamically added transition from wildcard130 to wildcard121
[DEBUG] Dynamically added transition from wildcard130 to wildcard122
[DEBUG] Dynamically added transition from wildcard130 to wildcard120
[DEBUG] Dynamically added transition from wildcard130 to wildcard129
[DEBUG] Dynamically added transition from wildcard130 to wildcard127
[DEBUG] Dynamically added transition from wildcard130 to wildcard128
[DEBUG] Dynamically added transition from wildcard130 to wildcard125
[DEBUG] Dynamically added transition from wildcard130 to wildcard126
[DEBUG] Dynamically added transition from wildcard130 to wildcard123
[DEBUG] Dynamically added transition from wildcard130 to wildcard39
[DEBUG] Dynamically added transition from wildcard130 to wildcard124
[DEBUG] Dynamically added transition from wildcard130 to wildcard59
[DEBUG] Dynamically added transition from wildcard130 to wildcard58
[DEBUG] Dynamically added transition from wildcard130 to middle
[DEBUG] Dynamically added transition from wildcard130 to wildcard57
[DEBUG] Dynamically added transition from wildcard130 to wildcard56
[DEBUG] Dynamically added transition from wildcard130 to wildcard55
[DEBUG] Dynamically added transition from wildcard130 to wildcard54
[DEBUG] Dynamically added transition from wildcard130 to wildcard53
[DEBUG] Dynamically added transition from wildcard130 to wildcard52
[DEBUG] Dynamically added transition from wildcard130 to wildcard51
[DEBUG] Dynamically added transition from wildcard130 to wildcard50
[DEBUG] Dynamically added transition from wildcard130 to wildcard130
[DEBUG] Dynamically added transition from wildcard130 to wildcard69
[DEBUG] Dynamically added transition from wildcard130 to wildcard68
[DEBUG] Dynamically added transition from wildcard130 to wildcard67
[DEBUG] Dynamically added transition from wildcard130 to wildcard66
[DEBUG] Dynamically added transition from wildcard130 to wildcard65
[DEBUG] Dynamically added transition from wildcard130 to wildcard64
[DEBUG] Dynamically added transition from wildcard130 to wildcard63
[DEBUG] Dynamically added transition from wildcard130 to wildcard62
[DEBUG] Dynamically added transition from wildcard130 to wildcard61
[DEBUG] Dynamically added transition from wildcard130 to wildcard60
[DEBUG] Dynamically added transition from wildcard130 to wildcard100
[DEBUG] Dynamically added transition from wildcard130 to wildcard107
[DEBUG] Dynamically added transition from wildcard130 to wildcard108
[DEBUG] Dynamically added transition from wildcard130 to wildcard105
[DEBUG] Dynamically added transition from wildcard130 to wildcard106
[DEBUG] Dynamically added transition from wildcard130 to wildcard103
[DEBUG] Dynamically added transition from wildcard130 to wildcard104
[DEBUG] Dynamically added transition from wildcard130 to wildcard101
[DEBUG] Dynamically added transition from wildcard130 to wildcard102
[DEBUG] Dynamically added transition from wildcard130 to wildcard79
[DEBUG] Dynamically added transition from wildcard130 to wildcard78
[DEBUG] Dynamically added transition from wildcard130 to wildcard77
[DEBUG] Dynamically added transition from wildcard130 to wildcard76
[DEBUG] Dynamically added transition from wildcard130 to wildcard109
[DEBUG] Dynamically added transition from wildcard130 to wildcard75
[DEBUG] Dynamically added transition from wildcard130 to wildcard74
[DEBUG] Dynamically added transition from wildcard130 to wildcard73
[DEBUG] Dynamically added transition from wildcard130 to wildcard72
[DEBUG] Dynamically added transition from wildcard130 to wildcard71
[DEBUG] Dynamically added transition from wildcard130 to wildcard70
[DEBUG] Dynamically added transition from wildcard130 to wildcard110
[DEBUG] Dynamically added transition from wildcard130 to wildcard111
[DEBUG] Dynamically added transition from wildcard130 to wildcard118
[DEBUG] Dynamically added transition from wildcard130 to wildcard119
[DEBUG] Dynamically added transition from wildcard130 to wildcard116
[DEBUG] Dynamically added transition from wildcard130 to wildcard117
[DEBUG] Dynamically added transition from wildcard130 to .*
[DEBUG] Dynamically added transition from wildcard130 to wildcard114
[DEBUG] Dynamically added transition from wildcard130 to wildcard115
[DEBUG] Dynamically added transition from wildcard130 to wildcard112
[DEBUG] Dynamically added transition from wildcard130 to wildcard113
[DEBUG] Dynamically added transition from wildcard130 to wildcard89
[DEBUG] Dynamically added transition from wildcard130 to wildcard88
[DEBUG] Dynamically added transition from wildcard130 to wildcard87
[DEBUG] Dynamically added transition from wildcard130 to wildcard86
[DEBUG] Dynamically added transition from wildcard130 to INITIAL
[DEBUG] Dynamically added transition from wildcard130 to wildcard85
[DEBUG] Dynamically added transition from wildcard130 to wildcard84
[DEBUG] Dynamically added transition from wildcard130 to wildcard83
[DEBUG] Dynamically added transition from wildcard130 to wildcard82
[DEBUG] Dynamically added transition from wildcard130 to wildcard81
[DEBUG] Dynamically added transition from wildcard130 to wildcard80
[DEBUG] Dynamically added transition from wildcard130 to end
[DEBUG] Dynamically added transition from wildcard130 to wildcard16
[DEBUG] Dynamically added transition from wildcard130 to wildcard15
[DEBUG] Dynamically added transition from wildcard130 to wildcard14
[DEBUG] Dynamically added transition from wildcard130 to wildcard13
[DEBUG] Dynamically added transition from wildcard130 to wildcard12
[DEBUG] Dynamically added transition from wildcard130 to wildcard11
[DEBUG] Dynamically added transition from wildcard130 to wildcard99
[DEBUG] Dynamically added transition from wildcard130 to wildcard10
[DEBUG] Dynamically added transition from wildcard130 to wildcard98
[DEBUG] Dynamically added transition from wildcard130 to wildcard97
[DEBUG] Dynamically added transition from wildcard130 to start
[DEBUG] Dynamically added transition from wildcard130 to wildcard96
[DEBUG] Dynamically added transition from wildcard130 to wildcard95
[DEBUG] Dynamically added transition from wildcard130 to wildcard94
[DEBUG] Dynamically added transition from wildcard130 to wildcard93
[DEBUG] Dynamically added transition from wildcard130 to wildcard92
[DEBUG] Dynamically added transition from wildcard130 to wildcard91
[DEBUG] Dynamically added transition from wildcard130 to wildcard90
[INFO] Wildcard transition valid to state: wildcard130
[INFO] Wildcard transition detected from wildcard130 to wildcard131
[DEBUG] Created intermediate state for wildcard transition: wildcard131
[DEBUG] Dynamically added transition from wildcard130 to wildcard131
[DEBUG] Dynamically added transition from wildcard27 to wildcard131
[DEBUG] Dynamically added transition from wildcard26 to wildcard131
[DEBUG] Dynamically added transition from wildcard25 to wildcard131
[DEBUG] Dynamically added transition from wildcard24 to wildcard131
[DEBUG] Dynamically added transition from wildcard23 to wildcard131
[DEBUG] Dynamically added transition from wildcard22 to wildcard131
[DEBUG] Dynamically added transition from wildcard1 to wildcard131
[DEBUG] Dynamically added transition from wildcard21 to wildcard131
[DEBUG] Dynamically added transition from wildcard0 to wildcard131
[DEBUG] Dynamically added transition from wildcard20 to wildcard131
[DEBUG] Dynamically added transition from wildcard3 to wildcard131
[DEBUG] Dynamically added transition from wildcard2 to wildcard131
[DEBUG] Dynamically added transition from wildcard5 to wildcard131
[DEBUG] Dynamically added transition from wildcard4 to wildcard131
[DEBUG] Dynamically added transition from wildcard7 to wildcard131
[DEBUG] Dynamically added transition from wildcard6 to wildcard131
[DEBUG] Dynamically added transition from wildcard9 to wildcard131
[DEBUG] Dynamically added transition from wildcard8 to wildcard131
[DEBUG] Dynamically added transition from wildcard19 to wildcard131
[DEBUG] Dynamically added transition from wildcard18 to wildcard131
[DEBUG] Dynamically added transition from wildcard17 to wildcard131
[DEBUG] Dynamically added transition from wildcard38 to wildcard131
[DEBUG] Dynamically added transition from wildcard37 to wildcard131
[DEBUG] Dynamically added transition from wildcard36 to wildcard131
[DEBUG] Dynamically added transition from wildcard35 to wildcard131
[DEBUG] Dynamically added transition from wildcard34 to wildcard131
[DEBUG] Dynamically added transition from wildcard33 to wildcard131
[DEBUG] Dynamically added transition from wildcard32 to wildcard131
[DEBUG] Dynamically added transition from wildcard31 to wildcard131
[DEBUG] Dynamically added transition from wildcard30 to wildcard131
[DEBUG] Dynamically added transition from wildcard29 to wildcard131
[DEBUG] Dynamically added transition from wildcard28 to wildcard131
[DEBUG] Dynamically added transition from wildcard49 to wildcard131
[DEBUG] Dynamically added transition from wildcard48 to wildcard131
[DEBUG] Dynamically added transition from wildcard47 to wildcard131
[DEBUG] Dynamically added transition from wildcard46 to wildcard131
[DEBUG] Dynamically added transition from wildcard45 to wildcard131
[DEBUG] Dynamically added transition from wildcard44 to wildcard131
[DEBUG] Dynamically added transition from wildcard43 to wildcard131
[DEBUG] Dynamically added transition from wildcard42 to wildcard131
[DEBUG] Dynamically added transition from wildcard41 to wildcard131
[DEBUG] Dynamically added transition from wildcard40 to wildcard131
[DEBUG] Dynamically added transition from wildcard121 to wildcard131
[DEBUG] Dynamically added transition from wildcard122 to wildcard131
[DEBUG] Dynamically added transition from wildcard120 to wildcard131
[DEBUG] Dynamically added transition from wildcard129 to wildcard131
[DEBUG] Dynamically added transition from wildcard127 to wildcard131
[DEBUG] Dynamically added transition from wildcard128 to wildcard131
[DEBUG] Dynamically added transition from wildcard125 to wildcard131
[DEBUG] Dynamically added transition from wildcard126 to wildcard131
[DEBUG] Dynamically added transition from wildcard123 to wildcard131
[DEBUG] Dynamically added transition from wildcard39 to wildcard131
[DEBUG] Dynamically added transition from wildcard124 to wildcard131
[DEBUG] Dynamically added transition from wildcard59 to wildcard131
[DEBUG] Dynamically added transition from wildcard58 to wildcard131
[DEBUG] Dynamically added transition from middle to wildcard131
[DEBUG] Dynamically added transition from wildcard57 to wildcard131
[DEBUG] Dynamically added transition from wildcard56 to wildcard131
[DEBUG] Dynamically added transition from wildcard55 to wildcard131
[DEBUG] Dynamically added transition from wildcard54 to wildcard131
[DEBUG] Dynamically added transition from wildcard53 to wildcard131
[DEBUG] Dynamically added transition from wildcard52 to wildcard131
[DEBUG] Dynamically added transition from wildcard51 to wildcard131
[DEBUG] Dynamically added transition from wildcard50 to wildcard131
[DEBUG] Dynamically added transition from wildcard69 to wildcard131
[DEBUG] Dynamically added transition from wildcard68 to wildcard131
[DEBUG] Dynamically added transition from wildcard67 to wildcard131
[DEBUG] Dynamically added transition from wildcard66 to wildcard131
[DEBUG] Dynamically added transition from wildcard65 to wildcard131
[DEBUG] Dynamically added transition from wildcard64 to wildcard131
[DEBUG] Dynamically added transition from wildcard63 to wildcard131
[DEBUG] Dynamically added transition from wildcard62 to wildcard131
[DEBUG] Dynamically added transition from wildcard61 to wildcard131
[DEBUG] Dynamically added transition from wildcard60 to wildcard131
[DEBUG] Dynamically added transition from wildcard100 to wildcard131
[DEBUG] Dynamically added transition from wildcard107 to wildcard131
[DEBUG] Dynamically added transition from wildcard108 to wildcard131
[DEBUG] Dynamically added transition from wildcard105 to wildcard131
[DEBUG] Dynamically added transition from wildcard106 to wildcard131
[DEBUG] Dynamically added transition from wildcard103 to wildcard131
[DEBUG] Dynamically added transition from wildcard104 to wildcard131
[DEBUG] Dynamically added transition from wildcard101 to wildcard131
[DEBUG] Dynamically added transition from wildcard102 to wildcard131
[DEBUG] Dynamically added transition from wildcard79 to wildcard131
[DEBUG] Dynamically added transition from wildcard78 to wildcard131
[DEBUG] Dynamically added transition from wildcard77 to wildcard131
[DEBUG] Dynamically added transition from wildcard76 to wildcard131
[DEBUG] Dynamically added transition from wildcard109 to wildcard131
[DEBUG] Dynamically added transition from wildcard75 to wildcard131
[DEBUG] Dynamically added transition from wildcard74 to wildcard131
[DEBUG] Dynamically added transition from wildcard73 to wildcard131
[DEBUG] Dynamically added transition from wildcard72 to wildcard131
[DEBUG] Dynamically added transition from wildcard71 to wildcard131
[DEBUG] Dynamically added transition from wildcard70 to wildcard131
[DEBUG] Dynamically added transition from wildcard110 to wildcard131
[DEBUG] Dynamically added transition from wildcard111 to wildcard131
[DEBUG] Dynamically added transition from wildcard118 to wildcard131
[DEBUG] Dynamically added transition from wildcard119 to wildcard131
[DEBUG] Dynamically added transition from wildcard116 to wildcard131
[DEBUG] Dynamically added transition from wildcard117 to wildcard131
[DEBUG] Dynamically added transition from wildcard114 to wildcard131
[DEBUG] Dynamically added transition from wildcard115 to wildcard131
[DEBUG] Dynamically added transition from wildcard112 to wildcard131
[DEBUG] Dynamically added transition from wildcard113 to wildcard131
[DEBUG] Dynamically added transition from wildcard89 to wildcard131
[DEBUG] Dynamically added transition from wildcard88 to wildcard131
[DEBUG] Dynamically added transition from wildcard87 to wildcard131
[DEBUG] Dynamically added transition from wildcard86 to wildcard131
[DEBUG] Dynamically added transition from wildcard85 to wildcard131
[DEBUG] Dynamically added transition from wildcard84 to wildcard131
[DEBUG] Dynamically added transition from wildcard83 to wildcard131
[DEBUG] Dynamically added transition from wildcard82 to wildcard131
[DEBUG] Dynamically added transition from wildcard81 to wildcard131
[DEBUG] Dynamically added transition from wildcard80 to wildcard131
[DEBUG] Dynamically added transition from wildcard16 to wildcard131
[DEBUG] Dynamically added transition from wildcard15 to wildcard131
[DEBUG] Dynamically added transition from wildcard14 to wildcard131
[DEBUG] Dynamically added transition from wildcard13 to wildcard131
[DEBUG] Dynamically added transition from wildcard12 to wildcard131
[DEBUG] Dynamically added transition from wildcard11 to wildcard131
[DEBUG] Dynamically added transition from wildcard99 to wildcard131
[DEBUG] Dynamically added transition from wildcard10 to wildcard131
[DEBUG] Dynamically added transition from wildcard98 to wildcard131
[DEBUG] Dynamically added transition from wildcard97 to wildcard131
[DEBUG] Dynamically added transition from start to wildcard131
[DEBUG] Dynamically added transition from wildcard96 to wildcard131
[DEBUG] Dynamically added transition from wildcard95 to wildcard131
[DEBUG] Dynamically added transition from wildcard94 to wildcard131
[DEBUG] Dynamically added transition from wildcard93 to wildcard131
[DEBUG] Dynamically added transition from wildcard92 to wildcard131
[DEBUG] Dynamically added transition from wildcard91 to wildcard131
[DEBUG] Dynamically added transition from wildcard90 to wildcard131
[DEBUG] Dynamically added transition from wildcard131 to wildcard27
[DEBUG] Dynamically added transition from wildcard131 to wildcard26
[DEBUG] Dynamically added transition from wildcard131 to wildcard25
[DEBUG] Dynamically added transition from wildcard131 to wildcard24
[DEBUG] Dynamically added transition from wildcard131 to wildcard23
[DEBUG] Dynamically added transition from wildcard131 to wildcard22
[DEBUG] Dynamically added transition from wildcard131 to wildcard1
[DEBUG] Dynamically added transition from wildcard131 to wildcard21
[DEBUG] Dynamically added transition from wildcard131 to wildcard0
[DEBUG] Dynamically added transition from wildcard131 to wildcard20
[DEBUG] Dynamically added transition from wildcard131 to wildcard3
[DEBUG] Dynamically added transition from wildcard131 to wildcard2
[DEBUG] Dynamically added transition from wildcard131 to wildcard5
[DEBUG] Dynamically added transition from wildcard131 to wildcard4
[DEBUG] Dynamically added transition from wildcard131 to wildcard7
[DEBUG] Dynamically added transition from wildcard131 to wildcard6
[DEBUG] Dynamically added transition from wildcard131 to wildcard9
[DEBUG] Dynamically added transition from wildcard131 to wildcard8
[DEBUG] Dynamically added transition from wildcard131 to wildcard19
[DEBUG] Dynamically added transition from wildcard131 to wildcard18
[DEBUG] Dynamically added transition from wildcard131 to wildcard17
[DEBUG] Dynamically added transition from wildcard131 to wildcard38
[DEBUG] Dynamically added transition from wildcard131 to wildcard37
[DEBUG] Dynamically added transition from wildcard131 to wildcard36
[DEBUG] Dynamically added transition from wildcard131 to wildcard35
[DEBUG] Dynamically added transition from wildcard131 to wildcard34
[DEBUG] Dynamically added transition from wildcard131 to wildcard33
[DEBUG] Dynamically added transition from wildcard131 to wildcard32
[DEBUG] Dynamically added transition from wildcard131 to wildcard31
[DEBUG] Dynamically added transition from wildcard131 to wildcard30
[DEBUG] Dynamically added transition from wildcard131 to wildcard29
[DEBUG] Dynamically added transition from wildcard131 to wildcard28
[DEBUG] Dynamically added transition from wildcard131 to wildcard49
[DEBUG] Dynamically added transition from wildcard131 to wildcard48
[DEBUG] Dynamically added transition from wildcard131 to wildcard47
[DEBUG] Dynamically added transition from wildcard131 to wildcard46
[DEBUG] Dynamically added transition from wildcard131 to wildcard45
[DEBUG] Dynamically added transition from wildcard131 to wildcard44
[DEBUG] Dynamically added transition from wildcard131 to wildcard43
[DEBUG] Dynamically added transition from wildcard131 to wildcard42
[DEBUG] Dynamically added transition from wildcard131 to wildcard41
[DEBUG] Dynamically added transition from wildcard131 to wildcard40
[DEBUG] Dynamically added transition from wildcard131 to wildcard121
[DEBUG] Dynamically added transition from wildcard131 to wildcard122
[DEBUG] Dynamically added transition from wildcard131 to wildcard120
[DEBUG] Dynamically added transition from wildcard131 to wildcard129
[DEBUG] Dynamically added transition from wildcard131 to wildcard127
[DEBUG] Dynamically added transition from wildcard131 to wildcard128
[DEBUG] Dynamically added transition from wildcard131 to wildcard125
[DEBUG] Dynamically added transition from wildcard131 to wildcard126
[DEBUG] Dynamically added transition from wildcard131 to wildcard123
[DEBUG] Dynamically added transition from wildcard131 to wildcard39
[DEBUG] Dynamically added transition from wildcard131 to wildcard124
[DEBUG] Dynamically added transition from wildcard131 to wildcard59
[DEBUG] Dynamically added transition from wildcard131 to wildcard58
[DEBUG] Dynamically added transition from wildcard131 to middle
[DEBUG] Dynamically added transition from wildcard131 to wildcard57
[DEBUG] Dynamically added transition from wildcard131 to wildcard56
[DEBUG] Dynamically added transition from wildcard131 to wildcard55
[DEBUG] Dynamically added transition from wildcard131 to wildcard54
[DEBUG] Dynamically added transition from wildcard131 to wildcard53
[DEBUG] Dynamically added transition from wildcard131 to wildcard52
[DEBUG] Dynamically added transition from wildcard131 to wildcard51
[DEBUG] Dynamically added transition from wildcard131 to wildcard50
[DEBUG] Dynamically added transition from wildcard131 to wildcard130
[DEBUG] Dynamically added transition from wildcard131 to wildcard131
[DEBUG] Dynamically added transition from wildcard131 to wildcard69
[DEBUG] Dynamically added transition from wildcard131 to wildcard68
[DEBUG] Dynamically added transition from wildcard131 to wildcard67
[DEBUG] Dynamically added transition from wildcard131 to wildcard66
[DEBUG] Dynamically added transition from wildcard131 to wildcard65
[DEBUG] Dynamically added transition from wildcard131 to wildcard64
[DEBUG] Dynamically added transition from wildcard131 to wildcard63
[DEBUG] Dynamically added transition from wildcard131 to wildcard62
[DEBUG] Dynamically added transition from wildcard131 to wildcard61
[DEBUG] Dynamically added transition from wildcard131 to wildcard60
[DEBUG] Dynamically added transition from wildcard131 to wildcard100
[DEBUG] Dynamically added transition from wildcard131 to wildcard107
[DEBUG] Dynamically added transition from wildcard131 to wildcard108
[DEBUG] Dynamically added transition from wildcard131 to wildcard105
[DEBUG] Dynamically added transition from wildcard131 to wildcard106
[DEBUG] Dynamically added transition from wildcard131 to wildcard103
[DEBUG] Dynamically added transition from wildcard131 to wildcard104
[DEBUG] Dynamically added transition from wildcard131 to wildcard101
[DEBUG] Dynamically added transition from wildcard131 to wildcard102
[DEBUG] Dynamically added transition from wildcard131 to wildcard79
[DEBUG] Dynamically added transition from wildcard131 to wildcard78
[DEBUG] Dynamically added transition from wildcard131 to wildcard77
[DEBUG] Dynamically added transition from wildcard131 to wildcard76
[DEBUG] Dynamically added transition from wildcard131 to wildcard109
[DEBUG] Dynamically added transition from wildcard131 to wildcard75
[DEBUG] Dynamically added transition from wildcard131 to wildcard74
[DEBUG] Dynamically added transition from wildcard131 to wildcard73
[DEBUG] Dynamically added transition from wildcard131 to wildcard72
[DEBUG] Dynamically added transition from wildcard131 to wildcard71
[DEBUG] Dynamically added transition from wildcard131 to wildcard70
[DEBUG] Dynamically added transition from wildcard131 to wildcard110
[DEBUG] Dynamically added transition from wildcard131 to wildcard111
[DEBUG] Dynamically added transition from wildcard131 to wildcard118
[DEBUG] Dynamically added transition from wildcard131 to wildcard119
[DEBUG] Dynamically added transition from wildcard131 to wildcard116
[DEBUG] Dynamically added transition from wildcard131 to wildcard117
[DEBUG] Dynamically added transition from wildcard131 to .*
[DEBUG] Dynamically added transition from wildcard131 to wildcard114
[DEBUG] Dynamically added transition from wildcard131 to wildcard115
[DEBUG] Dynamically added transition from wildcard131 to wildcard112
[DEBUG] Dynamically added transition from wildcard131 to wildcard113
[DEBUG] Dynamically added transition from wildcard131 to wildcard89
[DEBUG] Dynamically added transition from wildcard131 to wildcard88
[DEBUG] Dynamically added transition from wildcard131 to wildcard87
[DEBUG] Dynamically added transition from wildcard131 to wildcard86
[DEBUG] Dynamically added transition from wildcard131 to INITIAL
[DEBUG] Dynamically added transition from wildcard131 to wildcard85
[DEBUG] Dynamically added transition from wildcard131 to wildcard84
[DEBUG] Dynamically added transition from wildcard131 to wildcard83
[DEBUG] Dynamically added transition from wildcard131 to wildcard82
[DEBUG] Dynamically added transition from wildcard131 to wildcard81
[DEBUG] Dynamically added transition from wildcard131 to wildcard80
[DEBUG] Dynamically added transition from wildcard131 to end
[DEBUG] Dynamically added transition from wildcard131 to wildcard16
[DEBUG] Dynamically added transition from wildcard131 to wildcard15
[DEBUG] Dynamically added transition from wildcard131 to wildcard14
[DEBUG] Dynamically added transition from wildcard131 to wildcard13
[DEBUG] Dynamically added transition from wildcard131 to wildcard12
[DEBUG] Dynamically added transition from wildcard131 to wildcard11
[DEBUG] Dynamically added transition from wildcard131 to wildcard99
[DEBUG] Dynamically added transition from wildcard131 to wildcard10
[DEBUG] Dynamically added transition from wildcard131 to wildcard98
[DEBUG] Dynamically added transition from wildcard131 to wildcard97
[DEBUG] Dynamically added transition from wildcard131 to start
[DEBUG] Dynamically added transition from wildcard131 to wildcard96
[DEBUG] Dynamically added transition from wildcard131 to wildcard95
[DEBUG] Dynamically added transition from wildcard131 to wildcard94
[DEBUG] Dynamically added transition from wildcard131 to wildcard93
[DEBUG] Dynamically added transition from wildcard131 to wildcard92
[DEBUG] Dynamically added transition from wildcard131 to wildcard91
[DEBUG] Dynamically added transition from wildcard131 to wildcard90
[INFO] Wildcard transition valid to state: wildcard131
[INFO] Wildcard transition detected from wildcard131 to wildcard132
[DEBUG] Created intermediate state for wildcard transition: wildcard132
[DEBUG] Dynamically added transition from wildcard131 to wildcard132
[DEBUG] Dynamically added transition from wildcard27 to wildcard132
[DEBUG] Dynamically added transition from wildcard26 to wildcard132
[DEBUG] Dynamically added transition from wildcard25 to wildcard132
[DEBUG] Dynamically added transition from wildcard24 to wildcard132
[DEBUG] Dynamically added transition from wildcard23 to wildcard132
[DEBUG] Dynamically added transition from wildcard22 to wildcard132
[DEBUG] Dynamically added transition from wildcard1 to wildcard132
[DEBUG] Dynamically added transition from wildcard21 to wildcard132
[DEBUG] Dynamically added transition from wildcard0 to wildcard132
[DEBUG] Dynamically added transition from wildcard20 to wildcard132
[DEBUG] Dynamically added transition from wildcard3 to wildcard132
[DEBUG] Dynamically added transition from wildcard2 to wildcard132
[DEBUG] Dynamically added transition from wildcard5 to wildcard132
[DEBUG] Dynamically added transition from wildcard4 to wildcard132
[DEBUG] Dynamically added transition from wildcard7 to wildcard132
[DEBUG] Dynamically added transition from wildcard6 to wildcard132
[DEBUG] Dynamically added transition from wildcard9 to wildcard132
[DEBUG] Dynamically added transition from wildcard8 to wildcard132
[DEBUG] Dynamically added transition from wildcard19 to wildcard132
[DEBUG] Dynamically added transition from wildcard18 to wildcard132
[DEBUG] Dynamically added transition from wildcard17 to wildcard132
[DEBUG] Dynamically added transition from wildcard38 to wildcard132
[DEBUG] Dynamically added transition from wildcard37 to wildcard132
[DEBUG] Dynamically added transition from wildcard36 to wildcard132
[DEBUG] Dynamically added transition from wildcard35 to wildcard132
[DEBUG] Dynamically added transition from wildcard34 to wildcard132
[DEBUG] Dynamically added transition from wildcard33 to wildcard132
[DEBUG] Dynamically added transition from wildcard32 to wildcard132
[DEBUG] Dynamically added transition from wildcard31 to wildcard132
[DEBUG] Dynamically added transition from wildcard30 to wildcard132
[DEBUG] Dynamically added transition from wildcard29 to wildcard132
[DEBUG] Dynamically added transition from wildcard28 to wildcard132
[DEBUG] Dynamically added transition from wildcard49 to wildcard132
[DEBUG] Dynamically added transition from wildcard48 to wildcard132
[DEBUG] Dynamically added transition from wildcard47 to wildcard132
[DEBUG] Dynamically added transition from wildcard46 to wildcard132
[DEBUG] Dynamically added transition from wildcard45 to wildcard132
[DEBUG] Dynamically added transition from wildcard44 to wildcard132
[DEBUG] Dynamically added transition from wildcard43 to wildcard132
[DEBUG] Dynamically added transition from wildcard42 to wildcard132
[DEBUG] Dynamically added transition from wildcard41 to wildcard132
[DEBUG] Dynamically added transition from wildcard40 to wildcard132
[DEBUG] Dynamically added transition from wildcard121 to wildcard132
[DEBUG] Dynamically added transition from wildcard122 to wildcard132
[DEBUG] Dynamically added transition from wildcard120 to wildcard132
[DEBUG] Dynamically added transition from wildcard129 to wildcard132
[DEBUG] Dynamically added transition from wildcard127 to wildcard132
[DEBUG] Dynamically added transition from wildcard128 to wildcard132
[DEBUG] Dynamically added transition from wildcard125 to wildcard132
[DEBUG] Dynamically added transition from wildcard126 to wildcard132
[DEBUG] Dynamically added transition from wildcard123 to wildcard132
[DEBUG] Dynamically added transition from wildcard39 to wildcard132
[DEBUG] Dynamically added transition from wildcard124 to wildcard132
[DEBUG] Dynamically added transition from wildcard59 to wildcard132
[DEBUG] Dynamically added transition from wildcard58 to wildcard132
[DEBUG] Dynamically added transition from middle to wildcard132
[DEBUG] Dynamically added transition from wildcard57 to wildcard132
[DEBUG] Dynamically added transition from wildcard56 to wildcard132
[DEBUG] Dynamically added transition from wildcard55 to wildcard132
[DEBUG] Dynamically added transition from wildcard54 to wildcard132
[DEBUG] Dynamically added transition from wildcard53 to wildcard132
[DEBUG] Dynamically added transition from wildcard52 to wildcard132
[DEBUG] Dynamically added transition from wildcard51 to wildcard132
[DEBUG] Dynamically added transition from wildcard50 to wildcard132
[DEBUG] Dynamically added transition from wildcard130 to wildcard132
[DEBUG] Dynamically added transition from wildcard69 to wildcard132
[DEBUG] Dynamically added transition from wildcard68 to wildcard132
[DEBUG] Dynamically added transition from wildcard67 to wildcard132
[DEBUG] Dynamically added transition from wildcard66 to wildcard132
[DEBUG] Dynamically added transition from wildcard65 to wildcard132
[DEBUG] Dynamically added transition from wildcard64 to wildcard132
[DEBUG] Dynamically added transition from wildcard63 to wildcard132
[DEBUG] Dynamically added transition from wildcard62 to wildcard132
[DEBUG] Dynamically added transition from wildcard61 to wildcard132
[DEBUG] Dynamically added transition from wildcard60 to wildcard132
[DEBUG] Dynamically added transition from wildcard100 to wildcard132
[DEBUG] Dynamically added transition from wildcard107 to wildcard132
[DEBUG] Dynamically added transition from wildcard108 to wildcard132
[DEBUG] Dynamically added transition from wildcard105 to wildcard132
[DEBUG] Dynamically added transition from wildcard106 to wildcard132
[DEBUG] Dynamically added transition from wildcard103 to wildcard132
[DEBUG] Dynamically added transition from wildcard104 to wildcard132
[DEBUG] Dynamically added transition from wildcard101 to wildcard132
[DEBUG] Dynamically added transition from wildcard102 to wildcard132
[DEBUG] Dynamically added transition from wildcard79 to wildcard132
[DEBUG] Dynamically added transition from wildcard78 to wildcard132
[DEBUG] Dynamically added transition from wildcard77 to wildcard132
[DEBUG] Dynamically added transition from wildcard76 to wildcard132
[DEBUG] Dynamically added transition from wildcard109 to wildcard132
[DEBUG] Dynamically added transition from wildcard75 to wildcard132
[DEBUG] Dynamically added transition from wildcard74 to wildcard132
[DEBUG] Dynamically added transition from wildcard73 to wildcard132
[DEBUG] Dynamically added transition from wildcard72 to wildcard132
[DEBUG] Dynamically added transition from wildcard71 to wildcard132
[DEBUG] Dynamically added transition from wildcard70 to wildcard132
[DEBUG] Dynamically added transition from wildcard110 to wildcard132
[DEBUG] Dynamically added transition from wildcard111 to wildcard132
[DEBUG] Dynamically added transition from wildcard118 to wildcard132
[DEBUG] Dynamically added transition from wildcard119 to wildcard132
[DEBUG] Dynamically added transition from wildcard116 to wildcard132
[DEBUG] Dynamically added transition from wildcard117 to wildcard132
[DEBUG] Dynamically added transition from wildcard114 to wildcard132
[DEBUG] Dynamically added transition from wildcard115 to wildcard132
[DEBUG] Dynamically added transition from wildcard112 to wildcard132
[DEBUG] Dynamically added transition from wildcard113 to wildcard132
[DEBUG] Dynamically added transition from wildcard89 to wildcard132
[DEBUG] Dynamically added transition from wildcard88 to wildcard132
[DEBUG] Dynamically added transition from wildcard87 to wildcard132
[DEBUG] Dynamically added transition from wildcard86 to wildcard132
[DEBUG] Dynamically added transition from wildcard85 to wildcard132
[DEBUG] Dynamically added transition from wildcard84 to wildcard132
[DEBUG] Dynamically added transition from wildcard83 to wildcard132
[DEBUG] Dynamically added transition from wildcard82 to wildcard132
[DEBUG] Dynamically added transition from wildcard81 to wildcard132
[DEBUG] Dynamically added transition from wildcard80 to wildcard132
[DEBUG] Dynamically added transition from wildcard16 to wildcard132
[DEBUG] Dynamically added transition from wildcard15 to wildcard132
[DEBUG] Dynamically added transition from wildcard14 to wildcard132
[DEBUG] Dynamically added transition from wildcard13 to wildcard132
[DEBUG] Dynamically added transition from wildcard12 to wildcard132
[DEBUG] Dynamically added transition from wildcard11 to wildcard132
[DEBUG] Dynamically added transition from wildcard99 to wildcard132
[DEBUG] Dynamically added transition from wildcard10 to wildcard132
[DEBUG] Dynamically added transition from wildcard98 to wildcard132
[DEBUG] Dynamically added transition from wildcard97 to wildcard132
[DEBUG] Dynamically added transition from start to wildcard132
[DEBUG] Dynamically added transition from wildcard96 to wildcard132
[DEBUG] Dynamically added transition from wildcard95 to wildcard132
[DEBUG] Dynamically added transition from wildcard94 to wildcard132
[DEBUG] Dynamically added transition from wildcard93 to wildcard132
[DEBUG] Dynamically added transition from wildcard92 to wildcard132
[DEBUG] Dynamically added transition from wildcard91 to wildcard132
[DEBUG] Dynamically added transition from wildcard90 to wildcard132
[DEBUG] Dynamically added transition from wildcard132 to wildcard27
[DEBUG] Dynamically added transition from wildcard132 to wildcard26
[DEBUG] Dynamically added transition from wildcard132 to wildcard25
[DEBUG] Dynamically added transition from wildcard132 to wildcard24
[DEBUG] Dynamically added transition from wildcard132 to wildcard23
[DEBUG] Dynamically added transition from wildcard132 to wildcard22
[DEBUG] Dynamically added transition from wildcard132 to wildcard1
[DEBUG] Dynamically added transition from wildcard132 to wildcard21
[DEBUG] Dynamically added transition from wildcard132 to wildcard0
[DEBUG] Dynamically added transition from wildcard132 to wildcard20
[DEBUG] Dynamically added transition from wildcard132 to wildcard3
[DEBUG] Dynamically added transition from wildcard132 to wildcard2
[DEBUG] Dynamically added transition from wildcard132 to wildcard5
[DEBUG] Dynamically added transition from wildcard132 to wildcard4
[DEBUG] Dynamically added transition from wildcard132 to wildcard7
[DEBUG] Dynamically added transition from wildcard132 to wildcard6
[DEBUG] Dynamically added transition from wildcard132 to wildcard9
[DEBUG] Dynamically added transition from wildcard132 to wildcard8
[DEBUG] Dynamically added transition from wildcard132 to wildcard19
[DEBUG] Dynamically added transition from wildcard132 to wildcard18
[DEBUG] Dynamically added transition from wildcard132 to wildcard17
[DEBUG] Dynamically added transition from wildcard132 to wildcard38
[DEBUG] Dynamically added transition from wildcard132 to wildcard37
[DEBUG] Dynamically added transition from wildcard132 to wildcard36
[DEBUG] Dynamically added transition from wildcard132 to wildcard35
[DEBUG] Dynamically added transition from wildcard132 to wildcard34
[DEBUG] Dynamically added transition from wildcard132 to wildcard33
[DEBUG] Dynamically added transition from wildcard132 to wildcard32
[DEBUG] Dynamically added transition from wildcard132 to wildcard31
[DEBUG] Dynamically added transition from wildcard132 to wildcard30
[DEBUG] Dynamically added transition from wildcard132 to wildcard29
[DEBUG] Dynamically added transition from wildcard132 to wildcard28
[DEBUG] Dynamically added transition from wildcard132 to wildcard49
[DEBUG] Dynamically added transition from wildcard132 to wildcard48
[DEBUG] Dynamically added transition from wildcard132 to wildcard47
[DEBUG] Dynamically added transition from wildcard132 to wildcard46
[DEBUG] Dynamically added transition from wildcard132 to wildcard45
[DEBUG] Dynamically added transition from wildcard132 to wildcard44
[DEBUG] Dynamically added transition from wildcard132 to wildcard43
[DEBUG] Dynamically added transition from wildcard132 to wildcard42
[DEBUG] Dynamically added transition from wildcard132 to wildcard41
[DEBUG] Dynamically added transition from wildcard132 to wildcard40
[DEBUG] Dynamically added transition from wildcard132 to wildcard121
[DEBUG] Dynamically added transition from wildcard132 to wildcard122
[DEBUG] Dynamically added transition from wildcard132 to wildcard120
[DEBUG] Dynamically added transition from wildcard132 to wildcard129
[DEBUG] Dynamically added transition from wildcard132 to wildcard127
[DEBUG] Dynamically added transition from wildcard132 to wildcard128
[DEBUG] Dynamically added transition from wildcard132 to wildcard125
[DEBUG] Dynamically added transition from wildcard132 to wildcard126
[DEBUG] Dynamically added transition from wildcard132 to wildcard123
[DEBUG] Dynamically added transition from wildcard132 to wildcard39
[DEBUG] Dynamically added transition from wildcard132 to wildcard124
[DEBUG] Dynamically added transition from wildcard132 to wildcard59
[DEBUG] Dynamically added transition from wildcard132 to wildcard58
[DEBUG] Dynamically added transition from wildcard132 to middle
[DEBUG] Dynamically added transition from wildcard132 to wildcard57
[DEBUG] Dynamically added transition from wildcard132 to wildcard56
[DEBUG] Dynamically added transition from wildcard132 to wildcard55
[DEBUG] Dynamically added transition from wildcard132 to wildcard54
[DEBUG] Dynamically added transition from wildcard132 to wildcard53
[DEBUG] Dynamically added transition from wildcard132 to wildcard52
[DEBUG] Dynamically added transition from wildcard132 to wildcard51
[DEBUG] Dynamically added transition from wildcard132 to wildcard50
[DEBUG] Dynamically added transition from wildcard132 to wildcard132
[DEBUG] Dynamically added transition from wildcard132 to wildcard130
[DEBUG] Dynamically added transition from wildcard132 to wildcard131
[DEBUG] Dynamically added transition from wildcard132 to wildcard69
[DEBUG] Dynamically added transition from wildcard132 to wildcard68
[DEBUG] Dynamically added transition from wildcard132 to wildcard67
[DEBUG] Dynamically added transition from wildcard132 to wildcard66
[DEBUG] Dynamically added transition from wildcard132 to wildcard65
[DEBUG] Dynamically added transition from wildcard132 to wildcard64
[DEBUG] Dynamically added transition from wildcard132 to wildcard63
[DEBUG] Dynamically added transition from wildcard132 to wildcard62
[DEBUG] Dynamically added transition from wildcard132 to wildcard61
[DEBUG] Dynamically added transition from wildcard132 to wildcard60
[DEBUG] Dynamically added transition from wildcard132 to wildcard100
[DEBUG] Dynamically added transition from wildcard132 to wildcard107
[DEBUG] Dynamically added transition from wildcard132 to wildcard108
[DEBUG] Dynamically added transition from wildcard132 to wildcard105
[DEBUG] Dynamically added transition from wildcard132 to wildcard106
[DEBUG] Dynamically added transition from wildcard132 to wildcard103
[DEBUG] Dynamically added transition from wildcard132 to wildcard104
[DEBUG] Dynamically added transition from wildcard132 to wildcard101
[DEBUG] Dynamically added transition from wildcard132 to wildcard102
[DEBUG] Dynamically added transition from wildcard132 to wildcard79
[DEBUG] Dynamically added transition from wildcard132 to wildcard78
[DEBUG] Dynamically added transition from wildcard132 to wildcard77
[DEBUG] Dynamically added transition from wildcard132 to wildcard76
[DEBUG] Dynamically added transition from wildcard132 to wildcard109
[DEBUG] Dynamically added transition from wildcard132 to wildcard75
[DEBUG] Dynamically added transition from wildcard132 to wildcard74
[DEBUG] Dynamically added transition from wildcard132 to wildcard73
[DEBUG] Dynamically added transition from wildcard132 to wildcard72
[DEBUG] Dynamically added transition from wildcard132 to wildcard71
[DEBUG] Dynamically added transition from wildcard132 to wildcard70
[DEBUG] Dynamically added transition from wildcard132 to wildcard110
[DEBUG] Dynamically added transition from wildcard132 to wildcard111
[DEBUG] Dynamically added transition from wildcard132 to wildcard118
[DEBUG] Dynamically added transition from wildcard132 to wildcard119
[DEBUG] Dynamically added transition from wildcard132 to wildcard116
[DEBUG] Dynamically added transition from wildcard132 to wildcard117
[DEBUG] Dynamically added transition from wildcard132 to .*
[DEBUG] Dynamically added transition from wildcard132 to wildcard114
[DEBUG] Dynamically added transition from wildcard132 to wildcard115
[DEBUG] Dynamically added transition from wildcard132 to wildcard112
[DEBUG] Dynamically added transition from wildcard132 to wildcard113
[DEBUG] Dynamically added transition from wildcard132 to wildcard89
[DEBUG] Dynamically added transition from wildcard132 to wildcard88
[DEBUG] Dynamically added transition from wildcard132 to wildcard87
[DEBUG] Dynamically added transition from wildcard132 to wildcard86
[DEBUG] Dynamically added transition from wildcard132 to INITIAL
[DEBUG] Dynamically added transition from wildcard132 to wildcard85
[DEBUG] Dynamically added transition from wildcard132 to wildcard84
[DEBUG] Dynamically added transition from wildcard132 to wildcard83
[DEBUG] Dynamically added transition from wildcard132 to wildcard82
[DEBUG] Dynamically added transition from wildcard132 to wildcard81
[DEBUG] Dynamically added transition from wildcard132 to wildcard80
[DEBUG] Dynamically added transition from wildcard132 to end
[DEBUG] Dynamically added transition from wildcard132 to wildcard16
[DEBUG] Dynamically added transition from wildcard132 to wildcard15
[DEBUG] Dynamically added transition from wildcard132 to wildcard14
[DEBUG] Dynamically added transition from wildcard132 to wildcard13
[DEBUG] Dynamically added transition from wildcard132 to wildcard12
[DEBUG] Dynamically added transition from wildcard132 to wildcard11
[DEBUG] Dynamically added transition from wildcard132 to wildcard99
[DEBUG] Dynamically added transition from wildcard132 to wildcard10
[DEBUG] Dynamically added transition from wildcard132 to wildcard98
[DEBUG] Dynamically added transition from wildcard132 to wildcard97
[DEBUG] Dynamically added transition from wildcard132 to start
[DEBUG] Dynamically added transition from wildcard132 to wildcard96
[DEBUG] Dynamically added transition from wildcard132 to wildcard95
[DEBUG] Dynamically added transition from wildcard132 to wildcard94
[DEBUG] Dynamically added transition from wildcard132 to wildcard93
[DEBUG] Dynamically added transition from wildcard132 to wildcard92
[DEBUG] Dynamically added transition from wildcard132 to wildcard91
[DEBUG] Dynamically added transition from wildcard132 to wildcard90
[INFO] Wildcard transition valid to state: wildcard132
[INFO] Wildcard transition detected from wildcard132 to wildcard133
[DEBUG] Created intermediate state for wildcard transition: wildcard133
[DEBUG] Dynamically added transition from wildcard132 to wildcard133
[DEBUG] Dynamically added transition from wildcard27 to wildcard133
[DEBUG] Dynamically added transition from wildcard26 to wildcard133
[DEBUG] Dynamically added transition from wildcard25 to wildcard133
[DEBUG] Dynamically added transition from wildcard24 to wildcard133
[DEBUG] Dynamically added transition from wildcard23 to wildcard133
[DEBUG] Dynamically added transition from wildcard22 to wildcard133
[DEBUG] Dynamically added transition from wildcard1 to wildcard133
[DEBUG] Dynamically added transition from wildcard21 to wildcard133
[DEBUG] Dynamically added transition from wildcard0 to wildcard133
[DEBUG] Dynamically added transition from wildcard20 to wildcard133
[DEBUG] Dynamically added transition from wildcard3 to wildcard133
[DEBUG] Dynamically added transition from wildcard2 to wildcard133
[DEBUG] Dynamically added transition from wildcard5 to wildcard133
[DEBUG] Dynamically added transition from wildcard4 to wildcard133
[DEBUG] Dynamically added transition from wildcard7 to wildcard133
[DEBUG] Dynamically added transition from wildcard6 to wildcard133
[DEBUG] Dynamically added transition from wildcard9 to wildcard133
[DEBUG] Dynamically added transition from wildcard8 to wildcard133
[DEBUG] Dynamically added transition from wildcard19 to wildcard133
[DEBUG] Dynamically added transition from wildcard18 to wildcard133
[DEBUG] Dynamically added transition from wildcard17 to wildcard133
[DEBUG] Dynamically added transition from wildcard38 to wildcard133
[DEBUG] Dynamically added transition from wildcard37 to wildcard133
[DEBUG] Dynamically added transition from wildcard36 to wildcard133
[DEBUG] Dynamically added transition from wildcard35 to wildcard133
[DEBUG] Dynamically added transition from wildcard34 to wildcard133
[DEBUG] Dynamically added transition from wildcard33 to wildcard133
[DEBUG] Dynamically added transition from wildcard32 to wildcard133
[DEBUG] Dynamically added transition from wildcard31 to wildcard133
[DEBUG] Dynamically added transition from wildcard30 to wildcard133
[DEBUG] Dynamically added transition from wildcard29 to wildcard133
[DEBUG] Dynamically added transition from wildcard28 to wildcard133
[DEBUG] Dynamically added transition from wildcard49 to wildcard133
[DEBUG] Dynamically added transition from wildcard48 to wildcard133
[DEBUG] Dynamically added transition from wildcard47 to wildcard133
[DEBUG] Dynamically added transition from wildcard46 to wildcard133
[DEBUG] Dynamically added transition from wildcard45 to wildcard133
[DEBUG] Dynamically added transition from wildcard44 to wildcard133
[DEBUG] Dynamically added transition from wildcard43 to wildcard133
[DEBUG] Dynamically added transition from wildcard42 to wildcard133
[DEBUG] Dynamically added transition from wildcard41 to wildcard133
[DEBUG] Dynamically added transition from wildcard40 to wildcard133
[DEBUG] Dynamically added transition from wildcard121 to wildcard133
[DEBUG] Dynamically added transition from wildcard122 to wildcard133
[DEBUG] Dynamically added transition from wildcard120 to wildcard133
[DEBUG] Dynamically added transition from wildcard129 to wildcard133
[DEBUG] Dynamically added transition from wildcard127 to wildcard133
[DEBUG] Dynamically added transition from wildcard128 to wildcard133
[DEBUG] Dynamically added transition from wildcard125 to wildcard133
[DEBUG] Dynamically added transition from wildcard126 to wildcard133
[DEBUG] Dynamically added transition from wildcard123 to wildcard133
[DEBUG] Dynamically added transition from wildcard39 to wildcard133
[DEBUG] Dynamically added transition from wildcard124 to wildcard133
[DEBUG] Dynamically added transition from wildcard59 to wildcard133
[DEBUG] Dynamically added transition from wildcard58 to wildcard133
[DEBUG] Dynamically added transition from middle to wildcard133
[DEBUG] Dynamically added transition from wildcard57 to wildcard133
[DEBUG] Dynamically added transition from wildcard56 to wildcard133
[DEBUG] Dynamically added transition from wildcard55 to wildcard133
[DEBUG] Dynamically added transition from wildcard54 to wildcard133
[DEBUG] Dynamically added transition from wildcard53 to wildcard133
[DEBUG] Dynamically added transition from wildcard52 to wildcard133
[DEBUG] Dynamically added transition from wildcard51 to wildcard133
[DEBUG] Dynamically added transition from wildcard50 to wildcard133
[DEBUG] Dynamically added transition from wildcard130 to wildcard133
[DEBUG] Dynamically added transition from wildcard131 to wildcard133
[DEBUG] Dynamically added transition from wildcard69 to wildcard133
[DEBUG] Dynamically added transition from wildcard68 to wildcard133
[DEBUG] Dynamically added transition from wildcard67 to wildcard133
[DEBUG] Dynamically added transition from wildcard66 to wildcard133
[DEBUG] Dynamically added transition from wildcard65 to wildcard133
[DEBUG] Dynamically added transition from wildcard64 to wildcard133
[DEBUG] Dynamically added transition from wildcard63 to wildcard133
[DEBUG] Dynamically added transition from wildcard62 to wildcard133
[DEBUG] Dynamically added transition from wildcard61 to wildcard133
[DEBUG] Dynamically added transition from wildcard60 to wildcard133
[DEBUG] Dynamically added transition from wildcard100 to wildcard133
[DEBUG] Dynamically added transition from wildcard107 to wildcard133
[DEBUG] Dynamically added transition from wildcard108 to wildcard133
[DEBUG] Dynamically added transition from wildcard105 to wildcard133
[DEBUG] Dynamically added transition from wildcard106 to wildcard133
[DEBUG] Dynamically added transition from wildcard103 to wildcard133
[DEBUG] Dynamically added transition from wildcard104 to wildcard133
[DEBUG] Dynamically added transition from wildcard101 to wildcard133
[DEBUG] Dynamically added transition from wildcard102 to wildcard133
[DEBUG] Dynamically added transition from wildcard79 to wildcard133
[DEBUG] Dynamically added transition from wildcard78 to wildcard133
[DEBUG] Dynamically added transition from wildcard77 to wildcard133
[DEBUG] Dynamically added transition from wildcard76 to wildcard133
[DEBUG] Dynamically added transition from wildcard109 to wildcard133
[DEBUG] Dynamically added transition from wildcard75 to wildcard133
[DEBUG] Dynamically added transition from wildcard74 to wildcard133
[DEBUG] Dynamically added transition from wildcard73 to wildcard133
[DEBUG] Dynamically added transition from wildcard72 to wildcard133
[DEBUG] Dynamically added transition from wildcard71 to wildcard133
[DEBUG] Dynamically added transition from wildcard70 to wildcard133
[DEBUG] Dynamically added transition from wildcard110 to wildcard133
[DEBUG] Dynamically added transition from wildcard111 to wildcard133
[DEBUG] Dynamically added transition from wildcard118 to wildcard133
[DEBUG] Dynamically added transition from wildcard119 to wildcard133
[DEBUG] Dynamically added transition from wildcard116 to wildcard133
[DEBUG] Dynamically added transition from wildcard117 to wildcard133
[DEBUG] Dynamically added transition from wildcard114 to wildcard133
[DEBUG] Dynamically added transition from wildcard115 to wildcard133
[DEBUG] Dynamically added transition from wildcard112 to wildcard133
[DEBUG] Dynamically added transition from wildcard113 to wildcard133
[DEBUG] Dynamically added transition from wildcard89 to wildcard133
[DEBUG] Dynamically added transition from wildcard88 to wildcard133
[DEBUG] Dynamically added transition from wildcard87 to wildcard133
[DEBUG] Dynamically added transition from wildcard86 to wildcard133
[DEBUG] Dynamically added transition from wildcard85 to wildcard133
[DEBUG] Dynamically added transition from wildcard84 to wildcard133
[DEBUG] Dynamically added transition from wildcard83 to wildcard133
[DEBUG] Dynamically added transition from wildcard82 to wildcard133
[DEBUG] Dynamically added transition from wildcard81 to wildcard133
[DEBUG] Dynamically added transition from wildcard80 to wildcard133
[DEBUG] Dynamically added transition from wildcard16 to wildcard133
[DEBUG] Dynamically added transition from wildcard15 to wildcard133
[DEBUG] Dynamically added transition from wildcard14 to wildcard133
[DEBUG] Dynamically added transition from wildcard13 to wildcard133
[DEBUG] Dynamically added transition from wildcard12 to wildcard133
[DEBUG] Dynamically added transition from wildcard11 to wildcard133
[DEBUG] Dynamically added transition from wildcard99 to wildcard133
[DEBUG] Dynamically added transition from wildcard10 to wildcard133
[DEBUG] Dynamically added transition from wildcard98 to wildcard133
[DEBUG] Dynamically added transition from wildcard97 to wildcard133
[DEBUG] Dynamically added transition from start to wildcard133
[DEBUG] Dynamically added transition from wildcard96 to wildcard133
[DEBUG] Dynamically added transition from wildcard95 to wildcard133
[DEBUG] Dynamically added transition from wildcard94 to wildcard133
[DEBUG] Dynamically added transition from wildcard93 to wildcard133
[DEBUG] Dynamically added transition from wildcard92 to wildcard133
[DEBUG] Dynamically added transition from wildcard91 to wildcard133
[DEBUG] Dynamically added transition from wildcard90 to wildcard133
[DEBUG] Dynamically added transition from wildcard133 to wildcard27
[DEBUG] Dynamically added transition from wildcard133 to wildcard26
[DEBUG] Dynamically added transition from wildcard133 to wildcard25
[DEBUG] Dynamically added transition from wildcard133 to wildcard24
[DEBUG] Dynamically added transition from wildcard133 to wildcard23
[DEBUG] Dynamically added transition from wildcard133 to wildcard22
[DEBUG] Dynamically added transition from wildcard133 to wildcard1
[DEBUG] Dynamically added transition from wildcard133 to wildcard21
[DEBUG] Dynamically added transition from wildcard133 to wildcard0
[DEBUG] Dynamically added transition from wildcard133 to wildcard20
[DEBUG] Dynamically added transition from wildcard133 to wildcard3
[DEBUG] Dynamically added transition from wildcard133 to wildcard2
[DEBUG] Dynamically added transition from wildcard133 to wildcard5
[DEBUG] Dynamically added transition from wildcard133 to wildcard4
[DEBUG] Dynamically added transition from wildcard133 to wildcard7
[DEBUG] Dynamically added transition from wildcard133 to wildcard6
[DEBUG] Dynamically added transition from wildcard133 to wildcard9
[DEBUG] Dynamically added transition from wildcard133 to wildcard8
[DEBUG] Dynamically added transition from wildcard133 to wildcard19
[DEBUG] Dynamically added transition from wildcard133 to wildcard18
[DEBUG] Dynamically added transition from wildcard133 to wildcard17
[DEBUG] Dynamically added transition from wildcard133 to wildcard38
[DEBUG] Dynamically added transition from wildcard133 to wildcard37
[DEBUG] Dynamically added transition from wildcard133 to wildcard36
[DEBUG] Dynamically added transition from wildcard133 to wildcard35
[DEBUG] Dynamically added transition from wildcard133 to wildcard34
[DEBUG] Dynamically added transition from wildcard133 to wildcard33
[DEBUG] Dynamically added transition from wildcard133 to wildcard32
[DEBUG] Dynamically added transition from wildcard133 to wildcard31
[DEBUG] Dynamically added transition from wildcard133 to wildcard30
[DEBUG] Dynamically added transition from wildcard133 to wildcard29
[DEBUG] Dynamically added transition from wildcard133 to wildcard28
[DEBUG] Dynamically added transition from wildcard133 to wildcard49
[DEBUG] Dynamically added transition from wildcard133 to wildcard48
[DEBUG] Dynamically added transition from wildcard133 to wildcard47
[DEBUG] Dynamically added transition from wildcard133 to wildcard46
[DEBUG] Dynamically added transition from wildcard133 to wildcard45
[DEBUG] Dynamically added transition from wildcard133 to wildcard44
[DEBUG] Dynamically added transition from wildcard133 to wildcard43
[DEBUG] Dynamically added transition from wildcard133 to wildcard42
[DEBUG] Dynamically added transition from wildcard133 to wildcard41
[DEBUG] Dynamically added transition from wildcard133 to wildcard40
[DEBUG] Dynamically added transition from wildcard133 to wildcard121
[DEBUG] Dynamically added transition from wildcard133 to wildcard122
[DEBUG] Dynamically added transition from wildcard133 to wildcard120
[DEBUG] Dynamically added transition from wildcard133 to wildcard129
[DEBUG] Dynamically added transition from wildcard133 to wildcard127
[DEBUG] Dynamically added transition from wildcard133 to wildcard128
[DEBUG] Dynamically added transition from wildcard133 to wildcard125
[DEBUG] Dynamically added transition from wildcard133 to wildcard126
[DEBUG] Dynamically added transition from wildcard133 to wildcard123
[DEBUG] Dynamically added transition from wildcard133 to wildcard39
[DEBUG] Dynamically added transition from wildcard133 to wildcard124
[DEBUG] Dynamically added transition from wildcard133 to wildcard59
[DEBUG] Dynamically added transition from wildcard133 to wildcard58
[DEBUG] Dynamically added transition from wildcard133 to middle
[DEBUG] Dynamically added transition from wildcard133 to wildcard57
[DEBUG] Dynamically added transition from wildcard133 to wildcard56
[DEBUG] Dynamically added transition from wildcard133 to wildcard55
[DEBUG] Dynamically added transition from wildcard133 to wildcard54
[DEBUG] Dynamically added transition from wildcard133 to wildcard53
[DEBUG] Dynamically added transition from wildcard133 to wildcard52
[DEBUG] Dynamically added transition from wildcard133 to wildcard51
[DEBUG] Dynamically added transition from wildcard133 to wildcard50
[DEBUG] Dynamically added transition from wildcard133 to wildcard132
[DEBUG] Dynamically added transition from wildcard133 to wildcard133
[DEBUG] Dynamically added transition from wildcard133 to wildcard130
[DEBUG] Dynamically added transition from wildcard133 to wildcard131
[DEBUG] Dynamically added transition from wildcard133 to wildcard69
[DEBUG] Dynamically added transition from wildcard133 to wildcard68
[DEBUG] Dynamically added transition from wildcard133 to wildcard67
[DEBUG] Dynamically added transition from wildcard133 to wildcard66
[DEBUG] Dynamically added transition from wildcard133 to wildcard65
[DEBUG] Dynamically added transition from wildcard133 to wildcard64
[DEBUG] Dynamically added transition from wildcard133 to wildcard63
[DEBUG] Dynamically added transition from wildcard133 to wildcard62
[DEBUG] Dynamically added transition from wildcard133 to wildcard61
[DEBUG] Dynamically added transition from wildcard133 to wildcard60
[DEBUG] Dynamically added transition from wildcard133 to wildcard100
[DEBUG] Dynamically added transition from wildcard133 to wildcard107
[DEBUG] Dynamically added transition from wildcard133 to wildcard108
[DEBUG] Dynamically added transition from wildcard133 to wildcard105
[DEBUG] Dynamically added transition from wildcard133 to wildcard106
[DEBUG] Dynamically added transition from wildcard133 to wildcard103
[DEBUG] Dynamically added transition from wildcard133 to wildcard104
[DEBUG] Dynamically added transition from wildcard133 to wildcard101
[DEBUG] Dynamically added transition from wildcard133 to wildcard102
[DEBUG] Dynamically added transition from wildcard133 to wildcard79
[DEBUG] Dynamically added transition from wildcard133 to wildcard78
[DEBUG] Dynamically added transition from wildcard133 to wildcard77
[DEBUG] Dynamically added transition from wildcard133 to wildcard76
[DEBUG] Dynamically added transition from wildcard133 to wildcard109
[DEBUG] Dynamically added transition from wildcard133 to wildcard75
[DEBUG] Dynamically added transition from wildcard133 to wildcard74
[DEBUG] Dynamically added transition from wildcard133 to wildcard73
[DEBUG] Dynamically added transition from wildcard133 to wildcard72
[DEBUG] Dynamically added transition from wildcard133 to wildcard71
[DEBUG] Dynamically added transition from wildcard133 to wildcard70
[DEBUG] Dynamically added transition from wildcard133 to wildcard110
[DEBUG] Dynamically added transition from wildcard133 to wildcard111
[DEBUG] Dynamically added transition from wildcard133 to wildcard118
[DEBUG] Dynamically added transition from wildcard133 to wildcard119
[DEBUG] Dynamically added transition from wildcard133 to wildcard116
[DEBUG] Dynamically added transition from wildcard133 to wildcard117
[DEBUG] Dynamically added transition from wildcard133 to .*
[DEBUG] Dynamically added transition from wildcard133 to wildcard114
[DEBUG] Dynamically added transition from wildcard133 to wildcard115
[DEBUG] Dynamically added transition from wildcard133 to wildcard112
[DEBUG] Dynamically added transition from wildcard133 to wildcard113
[DEBUG] Dynamically added transition from wildcard133 to wildcard89
[DEBUG] Dynamically added transition from wildcard133 to wildcard88
[DEBUG] Dynamically added transition from wildcard133 to wildcard87
[DEBUG] Dynamically added transition from wildcard133 to wildcard86
[DEBUG] Dynamically added transition from wildcard133 to INITIAL
[DEBUG] Dynamically added transition from wildcard133 to wildcard85
[DEBUG] Dynamically added transition from wildcard133 to wildcard84
[DEBUG] Dynamically added transition from wildcard133 to wildcard83
[DEBUG] Dynamically added transition from wildcard133 to wildcard82
[DEBUG] Dynamically added transition from wildcard133 to wildcard81
[DEBUG] Dynamically added transition from wildcard133 to wildcard80
[DEBUG] Dynamically added transition from wildcard133 to end
[DEBUG] Dynamically added transition from wildcard133 to wildcard16
[DEBUG] Dynamically added transition from wildcard133 to wildcard15
[DEBUG] Dynamically added transition from wildcard133 to wildcard14
[DEBUG] Dynamically added transition from wildcard133 to wildcard13
[DEBUG] Dynamically added transition from wildcard133 to wildcard12
[DEBUG] Dynamically added transition from wildcard133 to wildcard11
[DEBUG] Dynamically added transition from wildcard133 to wildcard99
[DEBUG] Dynamically added transition from wildcard133 to wildcard10
[DEBUG] Dynamically added transition from wildcard133 to wildcard98
[DEBUG] Dynamically added transition from wildcard133 to wildcard97
[DEBUG] Dynamically added transition from wildcard133 to start
[DEBUG] Dynamically added transition from wildcard133 to wildcard96
[DEBUG] Dynamically added transition from wildcard133 to wildcard95
[DEBUG] Dynamically added transition from wildcard133 to wildcard94
[DEBUG] Dynamically added transition from wildcard133 to wildcard93
[DEBUG] Dynamically added transition from wildcard133 to wildcard92
[DEBUG] Dynamically added transition from wildcard133 to wildcard91
[DEBUG] Dynamically added transition from wildcard133 to wildcard90
[INFO] Wildcard transition valid to state: wildcard133
[INFO] Wildcard transition detected from wildcard133 to wildcard134
[DEBUG] Created intermediate state for wildcard transition: wildcard134
[DEBUG] Dynamically added transition from wildcard133 to wildcard134
[DEBUG] Dynamically added transition from wildcard27 to wildcard134
[DEBUG] Dynamically added transition from wildcard26 to wildcard134
[DEBUG] Dynamically added transition from wildcard25 to wildcard134
[DEBUG] Dynamically added transition from wildcard24 to wildcard134
[DEBUG] Dynamically added transition from wildcard23 to wildcard134
[DEBUG] Dynamically added transition from wildcard22 to wildcard134
[DEBUG] Dynamically added transition from wildcard1 to wildcard134
[DEBUG] Dynamically added transition from wildcard21 to wildcard134
[DEBUG] Dynamically added transition from wildcard0 to wildcard134
[DEBUG] Dynamically added transition from wildcard20 to wildcard134
[DEBUG] Dynamically added transition from wildcard3 to wildcard134
[DEBUG] Dynamically added transition from wildcard2 to wildcard134
[DEBUG] Dynamically added transition from wildcard5 to wildcard134
[DEBUG] Dynamically added transition from wildcard4 to wildcard134
[DEBUG] Dynamically added transition from wildcard7 to wildcard134
[DEBUG] Dynamically added transition from wildcard6 to wildcard134
[DEBUG] Dynamically added transition from wildcard9 to wildcard134
[DEBUG] Dynamically added transition from wildcard8 to wildcard134
[DEBUG] Dynamically added transition from wildcard19 to wildcard134
[DEBUG] Dynamically added transition from wildcard18 to wildcard134
[DEBUG] Dynamically added transition from wildcard17 to wildcard134
[DEBUG] Dynamically added transition from wildcard38 to wildcard134
[DEBUG] Dynamically added transition from wildcard37 to wildcard134
[DEBUG] Dynamically added transition from wildcard36 to wildcard134
[DEBUG] Dynamically added transition from wildcard35 to wildcard134
[DEBUG] Dynamically added transition from wildcard34 to wildcard134
[DEBUG] Dynamically added transition from wildcard33 to wildcard134
[DEBUG] Dynamically added transition from wildcard32 to wildcard134
[DEBUG] Dynamically added transition from wildcard31 to wildcard134
[DEBUG] Dynamically added transition from wildcard30 to wildcard134
[DEBUG] Dynamically added transition from wildcard29 to wildcard134
[DEBUG] Dynamically added transition from wildcard28 to wildcard134
[DEBUG] Dynamically added transition from wildcard49 to wildcard134
[DEBUG] Dynamically added transition from wildcard48 to wildcard134
[DEBUG] Dynamically added transition from wildcard47 to wildcard134
[DEBUG] Dynamically added transition from wildcard46 to wildcard134
[DEBUG] Dynamically added transition from wildcard45 to wildcard134
[DEBUG] Dynamically added transition from wildcard44 to wildcard134
[DEBUG] Dynamically added transition from wildcard43 to wildcard134
[DEBUG] Dynamically added transition from wildcard42 to wildcard134
[DEBUG] Dynamically added transition from wildcard41 to wildcard134
[DEBUG] Dynamically added transition from wildcard40 to wildcard134
[DEBUG] Dynamically added transition from wildcard121 to wildcard134
[DEBUG] Dynamically added transition from wildcard122 to wildcard134
[DEBUG] Dynamically added transition from wildcard120 to wildcard134
[DEBUG] Dynamically added transition from wildcard129 to wildcard134
[DEBUG] Dynamically added transition from wildcard127 to wildcard134
[DEBUG] Dynamically added transition from wildcard128 to wildcard134
[DEBUG] Dynamically added transition from wildcard125 to wildcard134
[DEBUG] Dynamically added transition from wildcard126 to wildcard134
[DEBUG] Dynamically added transition from wildcard123 to wildcard134
[DEBUG] Dynamically added transition from wildcard39 to wildcard134
[DEBUG] Dynamically added transition from wildcard124 to wildcard134
[DEBUG] Dynamically added transition from wildcard59 to wildcard134
[DEBUG] Dynamically added transition from wildcard58 to wildcard134
[DEBUG] Dynamically added transition from middle to wildcard134
[DEBUG] Dynamically added transition from wildcard57 to wildcard134
[DEBUG] Dynamically added transition from wildcard56 to wildcard134
[DEBUG] Dynamically added transition from wildcard55 to wildcard134
[DEBUG] Dynamically added transition from wildcard54 to wildcard134
[DEBUG] Dynamically added transition from wildcard53 to wildcard134
[DEBUG] Dynamically added transition from wildcard52 to wildcard134
[DEBUG] Dynamically added transition from wildcard51 to wildcard134
[DEBUG] Dynamically added transition from wildcard50 to wildcard134
[DEBUG] Dynamically added transition from wildcard132 to wildcard134
[DEBUG] Dynamically added transition from wildcard130 to wildcard134
[DEBUG] Dynamically added transition from wildcard131 to wildcard134
[DEBUG] Dynamically added transition from wildcard69 to wildcard134
[DEBUG] Dynamically added transition from wildcard68 to wildcard134
[DEBUG] Dynamically added transition from wildcard67 to wildcard134
[DEBUG] Dynamically added transition from wildcard66 to wildcard134
[DEBUG] Dynamically added transition from wildcard65 to wildcard134
[DEBUG] Dynamically added transition from wildcard64 to wildcard134
[DEBUG] Dynamically added transition from wildcard63 to wildcard134
[DEBUG] Dynamically added transition from wildcard62 to wildcard134
[DEBUG] Dynamically added transition from wildcard61 to wildcard134
[DEBUG] Dynamically added transition from wildcard60 to wildcard134
[DEBUG] Dynamically added transition from wildcard100 to wildcard134
[DEBUG] Dynamically added transition from wildcard107 to wildcard134
[DEBUG] Dynamically added transition from wildcard108 to wildcard134
[DEBUG] Dynamically added transition from wildcard105 to wildcard134
[DEBUG] Dynamically added transition from wildcard106 to wildcard134
[DEBUG] Dynamically added transition from wildcard103 to wildcard134
[DEBUG] Dynamically added transition from wildcard104 to wildcard134
[DEBUG] Dynamically added transition from wildcard101 to wildcard134
[DEBUG] Dynamically added transition from wildcard102 to wildcard134
[DEBUG] Dynamically added transition from wildcard79 to wildcard134
[DEBUG] Dynamically added transition from wildcard78 to wildcard134
[DEBUG] Dynamically added transition from wildcard77 to wildcard134
[DEBUG] Dynamically added transition from wildcard76 to wildcard134
[DEBUG] Dynamically added transition from wildcard109 to wildcard134
[DEBUG] Dynamically added transition from wildcard75 to wildcard134
[DEBUG] Dynamically added transition from wildcard74 to wildcard134
[DEBUG] Dynamically added transition from wildcard73 to wildcard134
[DEBUG] Dynamically added transition from wildcard72 to wildcard134
[DEBUG] Dynamically added transition from wildcard71 to wildcard134
[DEBUG] Dynamically added transition from wildcard70 to wildcard134
[DEBUG] Dynamically added transition from wildcard110 to wildcard134
[DEBUG] Dynamically added transition from wildcard111 to wildcard134
[DEBUG] Dynamically added transition from wildcard118 to wildcard134
[DEBUG] Dynamically added transition from wildcard119 to wildcard134
[DEBUG] Dynamically added transition from wildcard116 to wildcard134
[DEBUG] Dynamically added transition from wildcard117 to wildcard134
[DEBUG] Dynamically added transition from wildcard114 to wildcard134
[DEBUG] Dynamically added transition from wildcard115 to wildcard134
[DEBUG] Dynamically added transition from wildcard112 to wildcard134
[DEBUG] Dynamically added transition from wildcard113 to wildcard134
[DEBUG] Dynamically added transition from wildcard89 to wildcard134
[DEBUG] Dynamically added transition from wildcard88 to wildcard134
[DEBUG] Dynamically added transition from wildcard87 to wildcard134
[DEBUG] Dynamically added transition from wildcard86 to wildcard134
[DEBUG] Dynamically added transition from wildcard85 to wildcard134
[DEBUG] Dynamically added transition from wildcard84 to wildcard134
[DEBUG] Dynamically added transition from wildcard83 to wildcard134
[DEBUG] Dynamically added transition from wildcard82 to wildcard134
[DEBUG] Dynamically added transition from wildcard81 to wildcard134
[DEBUG] Dynamically added transition from wildcard80 to wildcard134
[DEBUG] Dynamically added transition from wildcard16 to wildcard134
[DEBUG] Dynamically added transition from wildcard15 to wildcard134
[DEBUG] Dynamically added transition from wildcard14 to wildcard134
[DEBUG] Dynamically added transition from wildcard13 to wildcard134
[DEBUG] Dynamically added transition from wildcard12 to wildcard134
[DEBUG] Dynamically added transition from wildcard11 to wildcard134
[DEBUG] Dynamically added transition from wildcard99 to wildcard134
[DEBUG] Dynamically added transition from wildcard10 to wildcard134
[DEBUG] Dynamically added transition from wildcard98 to wildcard134
[DEBUG] Dynamically added transition from wildcard97 to wildcard134
[DEBUG] Dynamically added transition from start to wildcard134
[DEBUG] Dynamically added transition from wildcard96 to wildcard134
[DEBUG] Dynamically added transition from wildcard95 to wildcard134
[DEBUG] Dynamically added transition from wildcard94 to wildcard134
[DEBUG] Dynamically added transition from wildcard93 to wildcard134
[DEBUG] Dynamically added transition from wildcard92 to wildcard134
[DEBUG] Dynamically added transition from wildcard91 to wildcard134
[DEBUG] Dynamically added transition from wildcard90 to wildcard134
[DEBUG] Dynamically added transition from wildcard134 to wildcard27
[DEBUG] Dynamically added transition from wildcard134 to wildcard26
[DEBUG] Dynamically added transition from wildcard134 to wildcard25
[DEBUG] Dynamically added transition from wildcard134 to wildcard24
[DEBUG] Dynamically added transition from wildcard134 to wildcard23
[DEBUG] Dynamically added transition from wildcard134 to wildcard22
[DEBUG] Dynamically added transition from wildcard134 to wildcard1
[DEBUG] Dynamically added transition from wildcard134 to wildcard21
[DEBUG] Dynamically added transition from wildcard134 to wildcard0
[DEBUG] Dynamically added transition from wildcard134 to wildcard20
[DEBUG] Dynamically added transition from wildcard134 to wildcard3
[DEBUG] Dynamically added transition from wildcard134 to wildcard2
[DEBUG] Dynamically added transition from wildcard134 to wildcard5
[DEBUG] Dynamically added transition from wildcard134 to wildcard4
[DEBUG] Dynamically added transition from wildcard134 to wildcard7
[DEBUG] Dynamically added transition from wildcard134 to wildcard6
[DEBUG] Dynamically added transition from wildcard134 to wildcard9
[DEBUG] Dynamically added transition from wildcard134 to wildcard8
[DEBUG] Dynamically added transition from wildcard134 to wildcard19
[DEBUG] Dynamically added transition from wildcard134 to wildcard18
[DEBUG] Dynamically added transition from wildcard134 to wildcard17
[DEBUG] Dynamically added transition from wildcard134 to wildcard38
[DEBUG] Dynamically added transition from wildcard134 to wildcard37
[DEBUG] Dynamically added transition from wildcard134 to wildcard36
[DEBUG] Dynamically added transition from wildcard134 to wildcard35
[DEBUG] Dynamically added transition from wildcard134 to wildcard34
[DEBUG] Dynamically added transition from wildcard134 to wildcard33
[DEBUG] Dynamically added transition from wildcard134 to wildcard32
[DEBUG] Dynamically added transition from wildcard134 to wildcard31
[DEBUG] Dynamically added transition from wildcard134 to wildcard30
[DEBUG] Dynamically added transition from wildcard134 to wildcard29
[DEBUG] Dynamically added transition from wildcard134 to wildcard28
[DEBUG] Dynamically added transition from wildcard134 to wildcard49
[DEBUG] Dynamically added transition from wildcard134 to wildcard48
[DEBUG] Dynamically added transition from wildcard134 to wildcard47
[DEBUG] Dynamically added transition from wildcard134 to wildcard46
[DEBUG] Dynamically added transition from wildcard134 to wildcard45
[DEBUG] Dynamically added transition from wildcard134 to wildcard44
[DEBUG] Dynamically added transition from wildcard134 to wildcard43
[DEBUG] Dynamically added transition from wildcard134 to wildcard42
[DEBUG] Dynamically added transition from wildcard134 to wildcard41
[DEBUG] Dynamically added transition from wildcard134 to wildcard40
[DEBUG] Dynamically added transition from wildcard134 to wildcard121
[DEBUG] Dynamically added transition from wildcard134 to wildcard122
[DEBUG] Dynamically added transition from wildcard134 to wildcard120
[DEBUG] Dynamically added transition from wildcard134 to wildcard129
[DEBUG] Dynamically added transition from wildcard134 to wildcard127
[DEBUG] Dynamically added transition from wildcard134 to wildcard128
[DEBUG] Dynamically added transition from wildcard134 to wildcard125
[DEBUG] Dynamically added transition from wildcard134 to wildcard126
[DEBUG] Dynamically added transition from wildcard134 to wildcard123
[DEBUG] Dynamically added transition from wildcard134 to wildcard39
[DEBUG] Dynamically added transition from wildcard134 to wildcard124
[DEBUG] Dynamically added transition from wildcard134 to wildcard59
[DEBUG] Dynamically added transition from wildcard134 to wildcard58
[DEBUG] Dynamically added transition from wildcard134 to middle
[DEBUG] Dynamically added transition from wildcard134 to wildcard57
[DEBUG] Dynamically added transition from wildcard134 to wildcard56
[DEBUG] Dynamically added transition from wildcard134 to wildcard55
[DEBUG] Dynamically added transition from wildcard134 to wildcard54
[DEBUG] Dynamically added transition from wildcard134 to wildcard53
[DEBUG] Dynamically added transition from wildcard134 to wildcard52
[DEBUG] Dynamically added transition from wildcard134 to wildcard51
[DEBUG] Dynamically added transition from wildcard134 to wildcard50
[DEBUG] Dynamically added transition from wildcard134 to wildcard132
[DEBUG] Dynamically added transition from wildcard134 to wildcard133
[DEBUG] Dynamically added transition from wildcard134 to wildcard130
[DEBUG] Dynamically added transition from wildcard134 to wildcard131
[DEBUG] Dynamically added transition from wildcard134 to wildcard134
[DEBUG] Dynamically added transition from wildcard134 to wildcard69
[DEBUG] Dynamically added transition from wildcard134 to wildcard68
[DEBUG] Dynamically added transition from wildcard134 to wildcard67
[DEBUG] Dynamically added transition from wildcard134 to wildcard66
[DEBUG] Dynamically added transition from wildcard134 to wildcard65
[DEBUG] Dynamically added transition from wildcard134 to wildcard64
[DEBUG] Dynamically added transition from wildcard134 to wildcard63
[DEBUG] Dynamically added transition from wildcard134 to wildcard62
[DEBUG] Dynamically added transition from wildcard134 to wildcard61
[DEBUG] Dynamically added transition from wildcard134 to wildcard60
[DEBUG] Dynamically added transition from wildcard134 to wildcard100
[DEBUG] Dynamically added transition from wildcard134 to wildcard107
[DEBUG] Dynamically added transition from wildcard134 to wildcard108
[DEBUG] Dynamically added transition from wildcard134 to wildcard105
[DEBUG] Dynamically added transition from wildcard134 to wildcard106
[DEBUG] Dynamically added transition from wildcard134 to wildcard103
[DEBUG] Dynamically added transition from wildcard134 to wildcard104
[DEBUG] Dynamically added transition from wildcard134 to wildcard101
[DEBUG] Dynamically added transition from wildcard134 to wildcard102
[DEBUG] Dynamically added transition from wildcard134 to wildcard79
[DEBUG] Dynamically added transition from wildcard134 to wildcard78
[DEBUG] Dynamically added transition from wildcard134 to wildcard77
[DEBUG] Dynamically added transition from wildcard134 to wildcard76
[DEBUG] Dynamically added transition from wildcard134 to wildcard109
[DEBUG] Dynamically added transition from wildcard134 to wildcard75
[DEBUG] Dynamically added transition from wildcard134 to wildcard74
[DEBUG] Dynamically added transition from wildcard134 to wildcard73
[DEBUG] Dynamically added transition from wildcard134 to wildcard72
[DEBUG] Dynamically added transition from wildcard134 to wildcard71
[DEBUG] Dynamically added transition from wildcard134 to wildcard70
[DEBUG] Dynamically added transition from wildcard134 to wildcard110
[DEBUG] Dynamically added transition from wildcard134 to wildcard111
[DEBUG] Dynamically added transition from wildcard134 to wildcard118
[DEBUG] Dynamically added transition from wildcard134 to wildcard119
[DEBUG] Dynamically added transition from wildcard134 to wildcard116
[DEBUG] Dynamically added transition from wildcard134 to wildcard117
[DEBUG] Dynamically added transition from wildcard134 to .*
[DEBUG] Dynamically added transition from wildcard134 to wildcard114
[DEBUG] Dynamically added transition from wildcard134 to wildcard115
[DEBUG] Dynamically added transition from wildcard134 to wildcard112
[DEBUG] Dynamically added transition from wildcard134 to wildcard113
[DEBUG] Dynamically added transition from wildcard134 to wildcard89
[DEBUG] Dynamically added transition from wildcard134 to wildcard88
[DEBUG] Dynamically added transition from wildcard134 to wildcard87
[DEBUG] Dynamically added transition from wildcard134 to wildcard86
[DEBUG] Dynamically added transition from wildcard134 to INITIAL
[DEBUG] Dynamically added transition from wildcard134 to wildcard85
[DEBUG] Dynamically added transition from wildcard134 to wildcard84
[DEBUG] Dynamically added transition from wildcard134 to wildcard83
[DEBUG] Dynamically added transition from wildcard134 to wildcard82
[DEBUG] Dynamically added transition from wildcard134 to wildcard81
[DEBUG] Dynamically added transition from wildcard134 to wildcard80
[DEBUG] Dynamically added transition from wildcard134 to end
[DEBUG] Dynamically added transition from wildcard134 to wildcard16
[DEBUG] Dynamically added transition from wildcard134 to wildcard15
[DEBUG] Dynamically added transition from wildcard134 to wildcard14
[DEBUG] Dynamically added transition from wildcard134 to wildcard13
[DEBUG] Dynamically added transition from wildcard134 to wildcard12
[DEBUG] Dynamically added transition from wildcard134 to wildcard11
[DEBUG] Dynamically added transition from wildcard134 to wildcard99
[DEBUG] Dynamically added transition from wildcard134 to wildcard10
[DEBUG] Dynamically added transition from wildcard134 to wildcard98
[DEBUG] Dynamically added transition from wildcard134 to wildcard97
[DEBUG] Dynamically added transition from wildcard134 to start
[DEBUG] Dynamically added transition from wildcard134 to wildcard96
[DEBUG] Dynamically added transition from wildcard134 to wildcard95
[DEBUG] Dynamically added transition from wildcard134 to wildcard94
[DEBUG] Dynamically added transition from wildcard134 to wildcard93
[DEBUG] Dynamically added transition from wildcard134 to wildcard92
[DEBUG] Dynamically added transition from wildcard134 to wildcard91
[DEBUG] Dynamically added transition from wildcard134 to wildcard90
[INFO] Wildcard transition valid to state: wildcard134
[INFO] Wildcard transition detected from wildcard134 to wildcard135
[DEBUG] Created intermediate state for wildcard transition: wildcard135
[DEBUG] Dynamically added transition from wildcard134 to wildcard135
[DEBUG] Dynamically added transition from wildcard27 to wildcard135
[DEBUG] Dynamically added transition from wildcard26 to wildcard135
[DEBUG] Dynamically added transition from wildcard25 to wildcard135
[DEBUG] Dynamically added transition from wildcard24 to wildcard135
[DEBUG] Dynamically added transition from wildcard23 to wildcard135
[DEBUG] Dynamically added transition from wildcard22 to wildcard135
[DEBUG] Dynamically added transition from wildcard1 to wildcard135
[DEBUG] Dynamically added transition from wildcard21 to wildcard135
[DEBUG] Dynamically added transition from wildcard0 to wildcard135
[DEBUG] Dynamically added transition from wildcard20 to wildcard135
[DEBUG] Dynamically added transition from wildcard3 to wildcard135
[DEBUG] Dynamically added transition from wildcard2 to wildcard135
[DEBUG] Dynamically added transition from wildcard5 to wildcard135
[DEBUG] Dynamically added transition from wildcard4 to wildcard135
[DEBUG] Dynamically added transition from wildcard7 to wildcard135
[DEBUG] Dynamically added transition from wildcard6 to wildcard135
[DEBUG] Dynamically added transition from wildcard9 to wildcard135
[DEBUG] Dynamically added transition from wildcard8 to wildcard135
[DEBUG] Dynamically added transition from wildcard19 to wildcard135
[DEBUG] Dynamically added transition from wildcard18 to wildcard135
[DEBUG] Dynamically added transition from wildcard17 to wildcard135
[DEBUG] Dynamically added transition from wildcard38 to wildcard135
[DEBUG] Dynamically added transition from wildcard37 to wildcard135
[DEBUG] Dynamically added transition from wildcard36 to wildcard135
[DEBUG] Dynamically added transition from wildcard35 to wildcard135
[DEBUG] Dynamically added transition from wildcard34 to wildcard135
[DEBUG] Dynamically added transition from wildcard33 to wildcard135
[DEBUG] Dynamically added transition from wildcard32 to wildcard135
[DEBUG] Dynamically added transition from wildcard31 to wildcard135
[DEBUG] Dynamically added transition from wildcard30 to wildcard135
[DEBUG] Dynamically added transition from wildcard29 to wildcard135
[DEBUG] Dynamically added transition from wildcard28 to wildcard135
[DEBUG] Dynamically added transition from wildcard49 to wildcard135
[DEBUG] Dynamically added transition from wildcard48 to wildcard135
[DEBUG] Dynamically added transition from wildcard47 to wildcard135
[DEBUG] Dynamically added transition from wildcard46 to wildcard135
[DEBUG] Dynamically added transition from wildcard45 to wildcard135
[DEBUG] Dynamically added transition from wildcard44 to wildcard135
[DEBUG] Dynamically added transition from wildcard43 to wildcard135
[DEBUG] Dynamically added transition from wildcard42 to wildcard135
[DEBUG] Dynamically added transition from wildcard41 to wildcard135
[DEBUG] Dynamically added transition from wildcard40 to wildcard135
[DEBUG] Dynamically added transition from wildcard121 to wildcard135
[DEBUG] Dynamically added transition from wildcard122 to wildcard135
[DEBUG] Dynamically added transition from wildcard120 to wildcard135
[DEBUG] Dynamically added transition from wildcard129 to wildcard135
[DEBUG] Dynamically added transition from wildcard127 to wildcard135
[DEBUG] Dynamically added transition from wildcard128 to wildcard135
[DEBUG] Dynamically added transition from wildcard125 to wildcard135
[DEBUG] Dynamically added transition from wildcard126 to wildcard135
[DEBUG] Dynamically added transition from wildcard123 to wildcard135
[DEBUG] Dynamically added transition from wildcard39 to wildcard135
[DEBUG] Dynamically added transition from wildcard124 to wildcard135
[DEBUG] Dynamically added transition from wildcard59 to wildcard135
[DEBUG] Dynamically added transition from wildcard58 to wildcard135
[DEBUG] Dynamically added transition from middle to wildcard135
[DEBUG] Dynamically added transition from wildcard57 to wildcard135
[DEBUG] Dynamically added transition from wildcard56 to wildcard135
[DEBUG] Dynamically added transition from wildcard55 to wildcard135
[DEBUG] Dynamically added transition from wildcard54 to wildcard135
[DEBUG] Dynamically added transition from wildcard53 to wildcard135
[DEBUG] Dynamically added transition from wildcard52 to wildcard135
[DEBUG] Dynamically added transition from wildcard51 to wildcard135
[DEBUG] Dynamically added transition from wildcard50 to wildcard135
[DEBUG] Dynamically added transition from wildcard132 to wildcard135
[DEBUG] Dynamically added transition from wildcard133 to wildcard135
[DEBUG] Dynamically added transition from wildcard130 to wildcard135
[DEBUG] Dynamically added transition from wildcard131 to wildcard135
[DEBUG] Dynamically added transition from wildcard69 to wildcard135
[DEBUG] Dynamically added transition from wildcard68 to wildcard135
[DEBUG] Dynamically added transition from wildcard67 to wildcard135
[DEBUG] Dynamically added transition from wildcard66 to wildcard135
[DEBUG] Dynamically added transition from wildcard65 to wildcard135
[DEBUG] Dynamically added transition from wildcard64 to wildcard135
[DEBUG] Dynamically added transition from wildcard63 to wildcard135
[DEBUG] Dynamically added transition from wildcard62 to wildcard135
[DEBUG] Dynamically added transition from wildcard61 to wildcard135
[DEBUG] Dynamically added transition from wildcard60 to wildcard135
[DEBUG] Dynamically added transition from wildcard100 to wildcard135
[DEBUG] Dynamically added transition from wildcard107 to wildcard135
[DEBUG] Dynamically added transition from wildcard108 to wildcard135
[DEBUG] Dynamically added transition from wildcard105 to wildcard135
[DEBUG] Dynamically added transition from wildcard106 to wildcard135
[DEBUG] Dynamically added transition from wildcard103 to wildcard135
[DEBUG] Dynamically added transition from wildcard104 to wildcard135
[DEBUG] Dynamically added transition from wildcard101 to wildcard135
[DEBUG] Dynamically added transition from wildcard102 to wildcard135
[DEBUG] Dynamically added transition from wildcard79 to wildcard135
[DEBUG] Dynamically added transition from wildcard78 to wildcard135
[DEBUG] Dynamically added transition from wildcard77 to wildcard135
[DEBUG] Dynamically added transition from wildcard76 to wildcard135
[DEBUG] Dynamically added transition from wildcard109 to wildcard135
[DEBUG] Dynamically added transition from wildcard75 to wildcard135
[DEBUG] Dynamically added transition from wildcard74 to wildcard135
[DEBUG] Dynamically added transition from wildcard73 to wildcard135
[DEBUG] Dynamically added transition from wildcard72 to wildcard135
[DEBUG] Dynamically added transition from wildcard71 to wildcard135
[DEBUG] Dynamically added transition from wildcard70 to wildcard135
[DEBUG] Dynamically added transition from wildcard110 to wildcard135
[DEBUG] Dynamically added transition from wildcard111 to wildcard135
[DEBUG] Dynamically added transition from wildcard118 to wildcard135
[DEBUG] Dynamically added transition from wildcard119 to wildcard135
[DEBUG] Dynamically added transition from wildcard116 to wildcard135
[DEBUG] Dynamically added transition from wildcard117 to wildcard135
[DEBUG] Dynamically added transition from wildcard114 to wildcard135
[DEBUG] Dynamically added transition from wildcard115 to wildcard135
[DEBUG] Dynamically added transition from wildcard112 to wildcard135
[DEBUG] Dynamically added transition from wildcard113 to wildcard135
[DEBUG] Dynamically added transition from wildcard89 to wildcard135
[DEBUG] Dynamically added transition from wildcard88 to wildcard135
[DEBUG] Dynamically added transition from wildcard87 to wildcard135
[DEBUG] Dynamically added transition from wildcard86 to wildcard135
[DEBUG] Dynamically added transition from wildcard85 to wildcard135
[DEBUG] Dynamically added transition from wildcard84 to wildcard135
[DEBUG] Dynamically added transition from wildcard83 to wildcard135
[DEBUG] Dynamically added transition from wildcard82 to wildcard135
[DEBUG] Dynamically added transition from wildcard81 to wildcard135
[DEBUG] Dynamically added transition from wildcard80 to wildcard135
[DEBUG] Dynamically added transition from wildcard16 to wildcard135
[DEBUG] Dynamically added transition from wildcard15 to wildcard135
[DEBUG] Dynamically added transition from wildcard14 to wildcard135
[DEBUG] Dynamically added transition from wildcard13 to wildcard135
[DEBUG] Dynamically added transition from wildcard12 to wildcard135
[DEBUG] Dynamically added transition from wildcard11 to wildcard135
[DEBUG] Dynamically added transition from wildcard99 to wildcard135
[DEBUG] Dynamically added transition from wildcard10 to wildcard135
[DEBUG] Dynamically added transition from wildcard98 to wildcard135
[DEBUG] Dynamically added transition from wildcard97 to wildcard135
[DEBUG] Dynamically added transition from start to wildcard135
[DEBUG] Dynamically added transition from wildcard96 to wildcard135
[DEBUG] Dynamically added transition from wildcard95 to wildcard135
[DEBUG] Dynamically added transition from wildcard94 to wildcard135
[DEBUG] Dynamically added transition from wildcard93 to wildcard135
[DEBUG] Dynamically added transition from wildcard92 to wildcard135
[DEBUG] Dynamically added transition from wildcard91 to wildcard135
[DEBUG] Dynamically added transition from wildcard90 to wildcard135
[DEBUG] Dynamically added transition from wildcard135 to wildcard27
[DEBUG] Dynamically added transition from wildcard135 to wildcard26
[DEBUG] Dynamically added transition from wildcard135 to wildcard25
[DEBUG] Dynamically added transition from wildcard135 to wildcard24
[DEBUG] Dynamically added transition from wildcard135 to wildcard23
[DEBUG] Dynamically added transition from wildcard135 to wildcard22
[DEBUG] Dynamically added transition from wildcard135 to wildcard1
[DEBUG] Dynamically added transition from wildcard135 to wildcard21
[DEBUG] Dynamically added transition from wildcard135 to wildcard0
[DEBUG] Dynamically added transition from wildcard135 to wildcard20
[DEBUG] Dynamically added transition from wildcard135 to wildcard3
[DEBUG] Dynamically added transition from wildcard135 to wildcard2
[DEBUG] Dynamically added transition from wildcard135 to wildcard5
[DEBUG] Dynamically added transition from wildcard135 to wildcard4
[DEBUG] Dynamically added transition from wildcard135 to wildcard7
[DEBUG] Dynamically added transition from wildcard135 to wildcard6
[DEBUG] Dynamically added transition from wildcard135 to wildcard9
[DEBUG] Dynamically added transition from wildcard135 to wildcard8
[DEBUG] Dynamically added transition from wildcard135 to wildcard19
[DEBUG] Dynamically added transition from wildcard135 to wildcard18
[DEBUG] Dynamically added transition from wildcard135 to wildcard17
[DEBUG] Dynamically added transition from wildcard135 to wildcard38
[DEBUG] Dynamically added transition from wildcard135 to wildcard37
[DEBUG] Dynamically added transition from wildcard135 to wildcard36
[DEBUG] Dynamically added transition from wildcard135 to wildcard35
[DEBUG] Dynamically added transition from wildcard135 to wildcard34
[DEBUG] Dynamically added transition from wildcard135 to wildcard33
[DEBUG] Dynamically added transition from wildcard135 to wildcard32
[DEBUG] Dynamically added transition from wildcard135 to wildcard31
[DEBUG] Dynamically added transition from wildcard135 to wildcard30
[DEBUG] Dynamically added transition from wildcard135 to wildcard29
[DEBUG] Dynamically added transition from wildcard135 to wildcard28
[DEBUG] Dynamically added transition from wildcard135 to wildcard49
[DEBUG] Dynamically added transition from wildcard135 to wildcard48
[DEBUG] Dynamically added transition from wildcard135 to wildcard47
[DEBUG] Dynamically added transition from wildcard135 to wildcard46
[DEBUG] Dynamically added transition from wildcard135 to wildcard45
[DEBUG] Dynamically added transition from wildcard135 to wildcard44
[DEBUG] Dynamically added transition from wildcard135 to wildcard43
[DEBUG] Dynamically added transition from wildcard135 to wildcard42
[DEBUG] Dynamically added transition from wildcard135 to wildcard41
[DEBUG] Dynamically added transition from wildcard135 to wildcard40
[DEBUG] Dynamically added transition from wildcard135 to wildcard121
[DEBUG] Dynamically added transition from wildcard135 to wildcard122
[DEBUG] Dynamically added transition from wildcard135 to wildcard120
[DEBUG] Dynamically added transition from wildcard135 to wildcard129
[DEBUG] Dynamically added transition from wildcard135 to wildcard127
[DEBUG] Dynamically added transition from wildcard135 to wildcard128
[DEBUG] Dynamically added transition from wildcard135 to wildcard125
[DEBUG] Dynamically added transition from wildcard135 to wildcard126
[DEBUG] Dynamically added transition from wildcard135 to wildcard123
[DEBUG] Dynamically added transition from wildcard135 to wildcard39
[DEBUG] Dynamically added transition from wildcard135 to wildcard124
[DEBUG] Dynamically added transition from wildcard135 to wildcard59
[DEBUG] Dynamically added transition from wildcard135 to wildcard58
[DEBUG] Dynamically added transition from wildcard135 to middle
[DEBUG] Dynamically added transition from wildcard135 to wildcard57
[DEBUG] Dynamically added transition from wildcard135 to wildcard56
[DEBUG] Dynamically added transition from wildcard135 to wildcard55
[DEBUG] Dynamically added transition from wildcard135 to wildcard54
[DEBUG] Dynamically added transition from wildcard135 to wildcard53
[DEBUG] Dynamically added transition from wildcard135 to wildcard52
[DEBUG] Dynamically added transition from wildcard135 to wildcard51
[DEBUG] Dynamically added transition from wildcard135 to wildcard50
[DEBUG] Dynamically added transition from wildcard135 to wildcard132
[DEBUG] Dynamically added transition from wildcard135 to wildcard133
[DEBUG] Dynamically added transition from wildcard135 to wildcard130
[DEBUG] Dynamically added transition from wildcard135 to wildcard131
[DEBUG] Dynamically added transition from wildcard135 to wildcard134
[DEBUG] Dynamically added transition from wildcard135 to wildcard135
[DEBUG] Dynamically added transition from wildcard135 to wildcard69
[DEBUG] Dynamically added transition from wildcard135 to wildcard68
[DEBUG] Dynamically added transition from wildcard135 to wildcard67
[DEBUG] Dynamically added transition from wildcard135 to wildcard66
[DEBUG] Dynamically added transition from wildcard135 to wildcard65
[DEBUG] Dynamically added transition from wildcard135 to wildcard64
[DEBUG] Dynamically added transition from wildcard135 to wildcard63
[DEBUG] Dynamically added transition from wildcard135 to wildcard62
[DEBUG] Dynamically added transition from wildcard135 to wildcard61
[DEBUG] Dynamically added transition from wildcard135 to wildcard60
[DEBUG] Dynamically added transition from wildcard135 to wildcard100
[DEBUG] Dynamically added transition from wildcard135 to wildcard107
[DEBUG] Dynamically added transition from wildcard135 to wildcard108
[DEBUG] Dynamically added transition from wildcard135 to wildcard105
[DEBUG] Dynamically added transition from wildcard135 to wildcard106
[DEBUG] Dynamically added transition from wildcard135 to wildcard103
[DEBUG] Dynamically added transition from wildcard135 to wildcard104
[DEBUG] Dynamically added transition from wildcard135 to wildcard101
[DEBUG] Dynamically added transition from wildcard135 to wildcard102
[DEBUG] Dynamically added transition from wildcard135 to wildcard79
[DEBUG] Dynamically added transition from wildcard135 to wildcard78
[DEBUG] Dynamically added transition from wildcard135 to wildcard77
[DEBUG] Dynamically added transition from wildcard135 to wildcard76
[DEBUG] Dynamically added transition from wildcard135 to wildcard109
[DEBUG] Dynamically added transition from wildcard135 to wildcard75
[DEBUG] Dynamically added transition from wildcard135 to wildcard74
[DEBUG] Dynamically added transition from wildcard135 to wildcard73
[DEBUG] Dynamically added transition from wildcard135 to wildcard72
[DEBUG] Dynamically added transition from wildcard135 to wildcard71
[DEBUG] Dynamically added transition from wildcard135 to wildcard70
[DEBUG] Dynamically added transition from wildcard135 to wildcard110
[DEBUG] Dynamically added transition from wildcard135 to wildcard111
[DEBUG] Dynamically added transition from wildcard135 to wildcard118
[DEBUG] Dynamically added transition from wildcard135 to wildcard119
[DEBUG] Dynamically added transition from wildcard135 to wildcard116
[DEBUG] Dynamically added transition from wildcard135 to wildcard117
[DEBUG] Dynamically added transition from wildcard135 to .*
[DEBUG] Dynamically added transition from wildcard135 to wildcard114
[DEBUG] Dynamically added transition from wildcard135 to wildcard115
[DEBUG] Dynamically added transition from wildcard135 to wildcard112
[DEBUG] Dynamically added transition from wildcard135 to wildcard113
[DEBUG] Dynamically added transition from wildcard135 to wildcard89
[DEBUG] Dynamically added transition from wildcard135 to wildcard88
[DEBUG] Dynamically added transition from wildcard135 to wildcard87
[DEBUG] Dynamically added transition from wildcard135 to wildcard86
[DEBUG] Dynamically added transition from wildcard135 to INITIAL
[DEBUG] Dynamically added transition from wildcard135 to wildcard85
[DEBUG] Dynamically added transition from wildcard135 to wildcard84
[DEBUG] Dynamically added transition from wildcard135 to wildcard83
[DEBUG] Dynamically added transition from wildcard135 to wildcard82
[DEBUG] Dynamically added transition from wildcard135 to wildcard81
[DEBUG] Dynamically added transition from wildcard135 to wildcard80
[DEBUG] Dynamically added transition from wildcard135 to end
[DEBUG] Dynamically added transition from wildcard135 to wildcard16
[DEBUG] Dynamically added transition from wildcard135 to wildcard15
[DEBUG] Dynamically added transition from wildcard135 to wildcard14
[DEBUG] Dynamically added transition from wildcard135 to wildcard13
[DEBUG] Dynamically added transition from wildcard135 to wildcard12
[DEBUG] Dynamically added transition from wildcard135 to wildcard11
[DEBUG] Dynamically added transition from wildcard135 to wildcard99
[DEBUG] Dynamically added transition from wildcard135 to wildcard10
[DEBUG] Dynamically added transition from wildcard135 to wildcard98
[DEBUG] Dynamically added transition from wildcard135 to wildcard97
[DEBUG] Dynamically added transition from wildcard135 to start
[DEBUG] Dynamically added transition from wildcard135 to wildcard96
[DEBUG] Dynamically added transition from wildcard135 to wildcard95
[DEBUG] Dynamically added transition from wildcard135 to wildcard94
[DEBUG] Dynamically added transition from wildcard135 to wildcard93
[DEBUG] Dynamically added transition from wildcard135 to wildcard92
[DEBUG] Dynamically added transition from wildcard135 to wildcard91
[DEBUG] Dynamically added transition from wildcard135 to wildcard90
[INFO] Wildcard transition valid to state: wildcard135
[INFO] Wildcard transition detected from wildcard135 to wildcard136
[DEBUG] Created intermediate state for wildcard transition: wildcard136
[DEBUG] Dynamically added transition from wildcard135 to wildcard136
[DEBUG] Dynamically added transition from wildcard27 to wildcard136
[DEBUG] Dynamically added transition from wildcard26 to wildcard136
[DEBUG] Dynamically added transition from wildcard25 to wildcard136
[DEBUG] Dynamically added transition from wildcard24 to wildcard136
[DEBUG] Dynamically added transition from wildcard23 to wildcard136
[DEBUG] Dynamically added transition from wildcard22 to wildcard136
[DEBUG] Dynamically added transition from wildcard1 to wildcard136
[DEBUG] Dynamically added transition from wildcard21 to wildcard136
[DEBUG] Dynamically added transition from wildcard0 to wildcard136
[DEBUG] Dynamically added transition from wildcard20 to wildcard136
[DEBUG] Dynamically added transition from wildcard3 to wildcard136
[DEBUG] Dynamically added transition from wildcard2 to wildcard136
[DEBUG] Dynamically added transition from wildcard5 to wildcard136
[DEBUG] Dynamically added transition from wildcard4 to wildcard136
[DEBUG] Dynamically added transition from wildcard7 to wildcard136
[DEBUG] Dynamically added transition from wildcard6 to wildcard136
[DEBUG] Dynamically added transition from wildcard9 to wildcard136
[DEBUG] Dynamically added transition from wildcard8 to wildcard136
[DEBUG] Dynamically added transition from wildcard19 to wildcard136
[DEBUG] Dynamically added transition from wildcard18 to wildcard136
[DEBUG] Dynamically added transition from wildcard17 to wildcard136
[DEBUG] Dynamically added transition from wildcard38 to wildcard136
[DEBUG] Dynamically added transition from wildcard37 to wildcard136
[DEBUG] Dynamically added transition from wildcard36 to wildcard136
[DEBUG] Dynamically added transition from wildcard35 to wildcard136
[DEBUG] Dynamically added transition from wildcard34 to wildcard136
[DEBUG] Dynamically added transition from wildcard33 to wildcard136
[DEBUG] Dynamically added transition from wildcard32 to wildcard136
[DEBUG] Dynamically added transition from wildcard31 to wildcard136
[DEBUG] Dynamically added transition from wildcard30 to wildcard136
[DEBUG] Dynamically added transition from wildcard29 to wildcard136
[DEBUG] Dynamically added transition from wildcard28 to wildcard136
[DEBUG] Dynamically added transition from wildcard49 to wildcard136
[DEBUG] Dynamically added transition from wildcard48 to wildcard136
[DEBUG] Dynamically added transition from wildcard47 to wildcard136
[DEBUG] Dynamically added transition from wildcard46 to wildcard136
[DEBUG] Dynamically added transition from wildcard45 to wildcard136
[DEBUG] Dynamically added transition from wildcard44 to wildcard136
[DEBUG] Dynamically added transition from wildcard43 to wildcard136
[DEBUG] Dynamically added transition from wildcard42 to wildcard136
[DEBUG] Dynamically added transition from wildcard41 to wildcard136
[DEBUG] Dynamically added transition from wildcard40 to wildcard136
[DEBUG] Dynamically added transition from wildcard121 to wildcard136
[DEBUG] Dynamically added transition from wildcard122 to wildcard136
[DEBUG] Dynamically added transition from wildcard120 to wildcard136
[DEBUG] Dynamically added transition from wildcard129 to wildcard136
[DEBUG] Dynamically added transition from wildcard127 to wildcard136
[DEBUG] Dynamically added transition from wildcard128 to wildcard136
[DEBUG] Dynamically added transition from wildcard125 to wildcard136
[DEBUG] Dynamically added transition from wildcard126 to wildcard136
[DEBUG] Dynamically added transition from wildcard123 to wildcard136
[DEBUG] Dynamically added transition from wildcard39 to wildcard136
[DEBUG] Dynamically added transition from wildcard124 to wildcard136
[DEBUG] Dynamically added transition from wildcard59 to wildcard136
[DEBUG] Dynamically added transition from wildcard58 to wildcard136
[DEBUG] Dynamically added transition from middle to wildcard136
[DEBUG] Dynamically added transition from wildcard57 to wildcard136
[DEBUG] Dynamically added transition from wildcard56 to wildcard136
[DEBUG] Dynamically added transition from wildcard55 to wildcard136
[DEBUG] Dynamically added transition from wildcard54 to wildcard136
[DEBUG] Dynamically added transition from wildcard53 to wildcard136
[DEBUG] Dynamically added transition from wildcard52 to wildcard136
[DEBUG] Dynamically added transition from wildcard51 to wildcard136
[DEBUG] Dynamically added transition from wildcard50 to wildcard136
[DEBUG] Dynamically added transition from wildcard132 to wildcard136
[DEBUG] Dynamically added transition from wildcard133 to wildcard136
[DEBUG] Dynamically added transition from wildcard130 to wildcard136
[DEBUG] Dynamically added transition from wildcard131 to wildcard136
[DEBUG] Dynamically added transition from wildcard134 to wildcard136
[DEBUG] Dynamically added transition from wildcard69 to wildcard136
[DEBUG] Dynamically added transition from wildcard68 to wildcard136
[DEBUG] Dynamically added transition from wildcard67 to wildcard136
[DEBUG] Dynamically added transition from wildcard66 to wildcard136
[DEBUG] Dynamically added transition from wildcard65 to wildcard136
[DEBUG] Dynamically added transition from wildcard64 to wildcard136
[DEBUG] Dynamically added transition from wildcard63 to wildcard136
[DEBUG] Dynamically added transition from wildcard62 to wildcard136
[DEBUG] Dynamically added transition from wildcard61 to wildcard136
[DEBUG] Dynamically added transition from wildcard60 to wildcard136
[DEBUG] Dynamically added transition from wildcard100 to wildcard136
[DEBUG] Dynamically added transition from wildcard107 to wildcard136
[DEBUG] Dynamically added transition from wildcard108 to wildcard136
[DEBUG] Dynamically added transition from wildcard105 to wildcard136
[DEBUG] Dynamically added transition from wildcard106 to wildcard136
[DEBUG] Dynamically added transition from wildcard103 to wildcard136
[DEBUG] Dynamically added transition from wildcard104 to wildcard136
[DEBUG] Dynamically added transition from wildcard101 to wildcard136
[DEBUG] Dynamically added transition from wildcard102 to wildcard136
[DEBUG] Dynamically added transition from wildcard79 to wildcard136
[DEBUG] Dynamically added transition from wildcard78 to wildcard136
[DEBUG] Dynamically added transition from wildcard77 to wildcard136
[DEBUG] Dynamically added transition from wildcard76 to wildcard136
[DEBUG] Dynamically added transition from wildcard109 to wildcard136
[DEBUG] Dynamically added transition from wildcard75 to wildcard136
[DEBUG] Dynamically added transition from wildcard74 to wildcard136
[DEBUG] Dynamically added transition from wildcard73 to wildcard136
[DEBUG] Dynamically added transition from wildcard72 to wildcard136
[DEBUG] Dynamically added transition from wildcard71 to wildcard136
[DEBUG] Dynamically added transition from wildcard70 to wildcard136
[DEBUG] Dynamically added transition from wildcard110 to wildcard136
[DEBUG] Dynamically added transition from wildcard111 to wildcard136
[DEBUG] Dynamically added transition from wildcard118 to wildcard136
[DEBUG] Dynamically added transition from wildcard119 to wildcard136
[DEBUG] Dynamically added transition from wildcard116 to wildcard136
[DEBUG] Dynamically added transition from wildcard117 to wildcard136
[DEBUG] Dynamically added transition from wildcard114 to wildcard136
[DEBUG] Dynamically added transition from wildcard115 to wildcard136
[DEBUG] Dynamically added transition from wildcard112 to wildcard136
[DEBUG] Dynamically added transition from wildcard113 to wildcard136
[DEBUG] Dynamically added transition from wildcard89 to wildcard136
[DEBUG] Dynamically added transition from wildcard88 to wildcard136
[DEBUG] Dynamically added transition from wildcard87 to wildcard136
[DEBUG] Dynamically added transition from wildcard86 to wildcard136
[DEBUG] Dynamically added transition from wildcard85 to wildcard136
[DEBUG] Dynamically added transition from wildcard84 to wildcard136
[DEBUG] Dynamically added transition from wildcard83 to wildcard136
[DEBUG] Dynamically added transition from wildcard82 to wildcard136
[DEBUG] Dynamically added transition from wildcard81 to wildcard136
[DEBUG] Dynamically added transition from wildcard80 to wildcard136
[DEBUG] Dynamically added transition from wildcard16 to wildcard136
[DEBUG] Dynamically added transition from wildcard15 to wildcard136
[DEBUG] Dynamically added transition from wildcard14 to wildcard136
[DEBUG] Dynamically added transition from wildcard13 to wildcard136
[DEBUG] Dynamically added transition from wildcard12 to wildcard136
[DEBUG] Dynamically added transition from wildcard11 to wildcard136
[DEBUG] Dynamically added transition from wildcard99 to wildcard136
[DEBUG] Dynamically added transition from wildcard10 to wildcard136
[DEBUG] Dynamically added transition from wildcard98 to wildcard136
[DEBUG] Dynamically added transition from wildcard97 to wildcard136
[DEBUG] Dynamically added transition from start to wildcard136
[DEBUG] Dynamically added transition from wildcard96 to wildcard136
[DEBUG] Dynamically added transition from wildcard95 to wildcard136
[DEBUG] Dynamically added transition from wildcard94 to wildcard136
[DEBUG] Dynamically added transition from wildcard93 to wildcard136
[DEBUG] Dynamically added transition from wildcard92 to wildcard136
[DEBUG] Dynamically added transition from wildcard91 to wildcard136
[DEBUG] Dynamically added transition from wildcard90 to wildcard136
[DEBUG] Dynamically added transition from wildcard136 to wildcard27
[DEBUG] Dynamically added transition from wildcard136 to wildcard26
[DEBUG] Dynamically added transition from wildcard136 to wildcard25
[DEBUG] Dynamically added transition from wildcard136 to wildcard24
[DEBUG] Dynamically added transition from wildcard136 to wildcard23
[DEBUG] Dynamically added transition from wildcard136 to wildcard22
[DEBUG] Dynamically added transition from wildcard136 to wildcard1
[DEBUG] Dynamically added transition from wildcard136 to wildcard21
[DEBUG] Dynamically added transition from wildcard136 to wildcard0
[DEBUG] Dynamically added transition from wildcard136 to wildcard20
[DEBUG] Dynamically added transition from wildcard136 to wildcard3
[DEBUG] Dynamically added transition from wildcard136 to wildcard2
[DEBUG] Dynamically added transition from wildcard136 to wildcard5
[DEBUG] Dynamically added transition from wildcard136 to wildcard4
[DEBUG] Dynamically added transition from wildcard136 to wildcard7
[DEBUG] Dynamically added transition from wildcard136 to wildcard6
[DEBUG] Dynamically added transition from wildcard136 to wildcard9
[DEBUG] Dynamically added transition from wildcard136 to wildcard8
[DEBUG] Dynamically added transition from wildcard136 to wildcard19
[DEBUG] Dynamically added transition from wildcard136 to wildcard18
[DEBUG] Dynamically added transition from wildcard136 to wildcard17
[DEBUG] Dynamically added transition from wildcard136 to wildcard38
[DEBUG] Dynamically added transition from wildcard136 to wildcard37
[DEBUG] Dynamically added transition from wildcard136 to wildcard36
[DEBUG] Dynamically added transition from wildcard136 to wildcard35
[DEBUG] Dynamically added transition from wildcard136 to wildcard34
[DEBUG] Dynamically added transition from wildcard136 to wildcard33
[DEBUG] Dynamically added transition from wildcard136 to wildcard32
[DEBUG] Dynamically added transition from wildcard136 to wildcard31
[DEBUG] Dynamically added transition from wildcard136 to wildcard30
[DEBUG] Dynamically added transition from wildcard136 to wildcard29
[DEBUG] Dynamically added transition from wildcard136 to wildcard28
[DEBUG] Dynamically added transition from wildcard136 to wildcard49
[DEBUG] Dynamically added transition from wildcard136 to wildcard48
[DEBUG] Dynamically added transition from wildcard136 to wildcard47
[DEBUG] Dynamically added transition from wildcard136 to wildcard46
[DEBUG] Dynamically added transition from wildcard136 to wildcard45
[DEBUG] Dynamically added transition from wildcard136 to wildcard44
[DEBUG] Dynamically added transition from wildcard136 to wildcard43
[DEBUG] Dynamically added transition from wildcard136 to wildcard42
[DEBUG] Dynamically added transition from wildcard136 to wildcard41
[DEBUG] Dynamically added transition from wildcard136 to wildcard40
[DEBUG] Dynamically added transition from wildcard136 to wildcard121
[DEBUG] Dynamically added transition from wildcard136 to wildcard122
[DEBUG] Dynamically added transition from wildcard136 to wildcard120
[DEBUG] Dynamically added transition from wildcard136 to wildcard129
[DEBUG] Dynamically added transition from wildcard136 to wildcard127
[DEBUG] Dynamically added transition from wildcard136 to wildcard128
[DEBUG] Dynamically added transition from wildcard136 to wildcard125
[DEBUG] Dynamically added transition from wildcard136 to wildcard126
[DEBUG] Dynamically added transition from wildcard136 to wildcard123
[DEBUG] Dynamically added transition from wildcard136 to wildcard39
[DEBUG] Dynamically added transition from wildcard136 to wildcard124
[DEBUG] Dynamically added transition from wildcard136 to wildcard59
[DEBUG] Dynamically added transition from wildcard136 to wildcard58
[DEBUG] Dynamically added transition from wildcard136 to middle
[DEBUG] Dynamically added transition from wildcard136 to wildcard57
[DEBUG] Dynamically added transition from wildcard136 to wildcard56
[DEBUG] Dynamically added transition from wildcard136 to wildcard55
[DEBUG] Dynamically added transition from wildcard136 to wildcard54
[DEBUG] Dynamically added transition from wildcard136 to wildcard53
[DEBUG] Dynamically added transition from wildcard136 to wildcard52
[DEBUG] Dynamically added transition from wildcard136 to wildcard51
[DEBUG] Dynamically added transition from wildcard136 to wildcard50
[DEBUG] Dynamically added transition from wildcard136 to wildcard132
[DEBUG] Dynamically added transition from wildcard136 to wildcard133
[DEBUG] Dynamically added transition from wildcard136 to wildcard130
[DEBUG] Dynamically added transition from wildcard136 to wildcard131
[DEBUG] Dynamically added transition from wildcard136 to wildcard136
[DEBUG] Dynamically added transition from wildcard136 to wildcard134
[DEBUG] Dynamically added transition from wildcard136 to wildcard135
[DEBUG] Dynamically added transition from wildcard136 to wildcard69
[DEBUG] Dynamically added transition from wildcard136 to wildcard68
[DEBUG] Dynamically added transition from wildcard136 to wildcard67
[DEBUG] Dynamically added transition from wildcard136 to wildcard66
[DEBUG] Dynamically added transition from wildcard136 to wildcard65
[DEBUG] Dynamically added transition from wildcard136 to wildcard64
[DEBUG] Dynamically added transition from wildcard136 to wildcard63
[DEBUG] Dynamically added transition from wildcard136 to wildcard62
[DEBUG] Dynamically added transition from wildcard136 to wildcard61
[DEBUG] Dynamically added transition from wildcard136 to wildcard60
[DEBUG] Dynamically added transition from wildcard136 to wildcard100
[DEBUG] Dynamically added transition from wildcard136 to wildcard107
[DEBUG] Dynamically added transition from wildcard136 to wildcard108
[DEBUG] Dynamically added transition from wildcard136 to wildcard105
[DEBUG] Dynamically added transition from wildcard136 to wildcard106
[DEBUG] Dynamically added transition from wildcard136 to wildcard103
[DEBUG] Dynamically added transition from wildcard136 to wildcard104
[DEBUG] Dynamically added transition from wildcard136 to wildcard101
[DEBUG] Dynamically added transition from wildcard136 to wildcard102
[DEBUG] Dynamically added transition from wildcard136 to wildcard79
[DEBUG] Dynamically added transition from wildcard136 to wildcard78
[DEBUG] Dynamically added transition from wildcard136 to wildcard77
[DEBUG] Dynamically added transition from wildcard136 to wildcard76
[DEBUG] Dynamically added transition from wildcard136 to wildcard109
[DEBUG] Dynamically added transition from wildcard136 to wildcard75
[DEBUG] Dynamically added transition from wildcard136 to wildcard74
[DEBUG] Dynamically added transition from wildcard136 to wildcard73
[DEBUG] Dynamically added transition from wildcard136 to wildcard72
[DEBUG] Dynamically added transition from wildcard136 to wildcard71
[DEBUG] Dynamically added transition from wildcard136 to wildcard70
[DEBUG] Dynamically added transition from wildcard136 to wildcard110
[DEBUG] Dynamically added transition from wildcard136 to wildcard111
[DEBUG] Dynamically added transition from wildcard136 to wildcard118
[DEBUG] Dynamically added transition from wildcard136 to wildcard119
[DEBUG] Dynamically added transition from wildcard136 to wildcard116
[DEBUG] Dynamically added transition from wildcard136 to wildcard117
[DEBUG] Dynamically added transition from wildcard136 to .*
[DEBUG] Dynamically added transition from wildcard136 to wildcard114
[DEBUG] Dynamically added transition from wildcard136 to wildcard115
[DEBUG] Dynamically added transition from wildcard136 to wildcard112
[DEBUG] Dynamically added transition from wildcard136 to wildcard113
[DEBUG] Dynamically added transition from wildcard136 to wildcard89
[DEBUG] Dynamically added transition from wildcard136 to wildcard88
[DEBUG] Dynamically added transition from wildcard136 to wildcard87
[DEBUG] Dynamically added transition from wildcard136 to wildcard86
[DEBUG] Dynamically added transition from wildcard136 to INITIAL
[DEBUG] Dynamically added transition from wildcard136 to wildcard85
[DEBUG] Dynamically added transition from wildcard136 to wildcard84
[DEBUG] Dynamically added transition from wildcard136 to wildcard83
[DEBUG] Dynamically added transition from wildcard136 to wildcard82
[DEBUG] Dynamically added transition from wildcard136 to wildcard81
[DEBUG] Dynamically added transition from wildcard136 to wildcard80
[DEBUG] Dynamically added transition from wildcard136 to end
[DEBUG] Dynamically added transition from wildcard136 to wildcard16
[DEBUG] Dynamically added transition from wildcard136 to wildcard15
[DEBUG] Dynamically added transition from wildcard136 to wildcard14
[DEBUG] Dynamically added transition from wildcard136 to wildcard13
[DEBUG] Dynamically added transition from wildcard136 to wildcard12
[DEBUG] Dynamically added transition from wildcard136 to wildcard11
[DEBUG] Dynamically added transition from wildcard136 to wildcard99
[DEBUG] Dynamically added transition from wildcard136 to wildcard10
[DEBUG] Dynamically added transition from wildcard136 to wildcard98
[DEBUG] Dynamically added transition from wildcard136 to wildcard97
[DEBUG] Dynamically added transition from wildcard136 to start
[DEBUG] Dynamically added transition from wildcard136 to wildcard96
[DEBUG] Dynamically added transition from wildcard136 to wildcard95
[DEBUG] Dynamically added transition from wildcard136 to wildcard94
[DEBUG] Dynamically added transition from wildcard136 to wildcard93
[DEBUG] Dynamically added transition from wildcard136 to wildcard92
[DEBUG] Dynamically added transition from wildcard136 to wildcard91
[DEBUG] Dynamically added transition from wildcard136 to wildcard90
[INFO] Wildcard transition valid to state: wildcard136
[INFO] Wildcard transition detected from wildcard136 to wildcard137
[DEBUG] Created intermediate state for wildcard transition: wildcard137
[DEBUG] Dynamically added transition from wildcard136 to wildcard137
[DEBUG] Dynamically added transition from wildcard27 to wildcard137
[DEBUG] Dynamically added transition from wildcard26 to wildcard137
[DEBUG] Dynamically added transition from wildcard25 to wildcard137
[DEBUG] Dynamically added transition from wildcard24 to wildcard137
[DEBUG] Dynamically added transition from wildcard23 to wildcard137
[DEBUG] Dynamically added transition from wildcard22 to wildcard137
[DEBUG] Dynamically added transition from wildcard1 to wildcard137
[DEBUG] Dynamically added transition from wildcard21 to wildcard137
[DEBUG] Dynamically added transition from wildcard0 to wildcard137
[DEBUG] Dynamically added transition from wildcard20 to wildcard137
[DEBUG] Dynamically added transition from wildcard3 to wildcard137
[DEBUG] Dynamically added transition from wildcard2 to wildcard137
[DEBUG] Dynamically added transition from wildcard5 to wildcard137
[DEBUG] Dynamically added transition from wildcard4 to wildcard137
[DEBUG] Dynamically added transition from wildcard7 to wildcard137
[DEBUG] Dynamically added transition from wildcard6 to wildcard137
[DEBUG] Dynamically added transition from wildcard9 to wildcard137
[DEBUG] Dynamically added transition from wildcard8 to wildcard137
[DEBUG] Dynamically added transition from wildcard19 to wildcard137
[DEBUG] Dynamically added transition from wildcard18 to wildcard137
[DEBUG] Dynamically added transition from wildcard17 to wildcard137
[DEBUG] Dynamically added transition from wildcard38 to wildcard137
[DEBUG] Dynamically added transition from wildcard37 to wildcard137
[DEBUG] Dynamically added transition from wildcard36 to wildcard137
[DEBUG] Dynamically added transition from wildcard35 to wildcard137
[DEBUG] Dynamically added transition from wildcard34 to wildcard137
[DEBUG] Dynamically added transition from wildcard33 to wildcard137
[DEBUG] Dynamically added transition from wildcard32 to wildcard137
[DEBUG] Dynamically added transition from wildcard31 to wildcard137
[DEBUG] Dynamically added transition from wildcard30 to wildcard137
[DEBUG] Dynamically added transition from wildcard29 to wildcard137
[DEBUG] Dynamically added transition from wildcard28 to wildcard137
[DEBUG] Dynamically added transition from wildcard49 to wildcard137
[DEBUG] Dynamically added transition from wildcard48 to wildcard137
[DEBUG] Dynamically added transition from wildcard47 to wildcard137
[DEBUG] Dynamically added transition from wildcard46 to wildcard137
[DEBUG] Dynamically added transition from wildcard45 to wildcard137
[DEBUG] Dynamically added transition from wildcard44 to wildcard137
[DEBUG] Dynamically added transition from wildcard43 to wildcard137
[DEBUG] Dynamically added transition from wildcard42 to wildcard137
[DEBUG] Dynamically added transition from wildcard41 to wildcard137
[DEBUG] Dynamically added transition from wildcard40 to wildcard137
[DEBUG] Dynamically added transition from wildcard121 to wildcard137
[DEBUG] Dynamically added transition from wildcard122 to wildcard137
[DEBUG] Dynamically added transition from wildcard120 to wildcard137
[DEBUG] Dynamically added transition from wildcard129 to wildcard137
[DEBUG] Dynamically added transition from wildcard127 to wildcard137
[DEBUG] Dynamically added transition from wildcard128 to wildcard137
[DEBUG] Dynamically added transition from wildcard125 to wildcard137
[DEBUG] Dynamically added transition from wildcard126 to wildcard137
[DEBUG] Dynamically added transition from wildcard123 to wildcard137
[DEBUG] Dynamically added transition from wildcard39 to wildcard137
[DEBUG] Dynamically added transition from wildcard124 to wildcard137
[DEBUG] Dynamically added transition from wildcard59 to wildcard137
[DEBUG] Dynamically added transition from wildcard58 to wildcard137
[DEBUG] Dynamically added transition from middle to wildcard137
[DEBUG] Dynamically added transition from wildcard57 to wildcard137
[DEBUG] Dynamically added transition from wildcard56 to wildcard137
[DEBUG] Dynamically added transition from wildcard55 to wildcard137
[DEBUG] Dynamically added transition from wildcard54 to wildcard137
[DEBUG] Dynamically added transition from wildcard53 to wildcard137
[DEBUG] Dynamically added transition from wildcard52 to wildcard137
[DEBUG] Dynamically added transition from wildcard51 to wildcard137
[DEBUG] Dynamically added transition from wildcard50 to wildcard137
[DEBUG] Dynamically added transition from wildcard132 to wildcard137
[DEBUG] Dynamically added transition from wildcard133 to wildcard137
[DEBUG] Dynamically added transition from wildcard130 to wildcard137
[DEBUG] Dynamically added transition from wildcard131 to wildcard137
[DEBUG] Dynamically added transition from wildcard134 to wildcard137
[DEBUG] Dynamically added transition from wildcard135 to wildcard137
[DEBUG] Dynamically added transition from wildcard69 to wildcard137
[DEBUG] Dynamically added transition from wildcard68 to wildcard137
[DEBUG] Dynamically added transition from wildcard67 to wildcard137
[DEBUG] Dynamically added transition from wildcard66 to wildcard137
[DEBUG] Dynamically added transition from wildcard65 to wildcard137
[DEBUG] Dynamically added transition from wildcard64 to wildcard137
[DEBUG] Dynamically added transition from wildcard63 to wildcard137
[DEBUG] Dynamically added transition from wildcard62 to wildcard137
[DEBUG] Dynamically added transition from wildcard61 to wildcard137
[DEBUG] Dynamically added transition from wildcard60 to wildcard137
[DEBUG] Dynamically added transition from wildcard100 to wildcard137
[DEBUG] Dynamically added transition from wildcard107 to wildcard137
[DEBUG] Dynamically added transition from wildcard108 to wildcard137
[DEBUG] Dynamically added transition from wildcard105 to wildcard137
[DEBUG] Dynamically added transition from wildcard106 to wildcard137
[DEBUG] Dynamically added transition from wildcard103 to wildcard137
[DEBUG] Dynamically added transition from wildcard104 to wildcard137
[DEBUG] Dynamically added transition from wildcard101 to wildcard137
[DEBUG] Dynamically added transition from wildcard102 to wildcard137
[DEBUG] Dynamically added transition from wildcard79 to wildcard137
[DEBUG] Dynamically added transition from wildcard78 to wildcard137
[DEBUG] Dynamically added transition from wildcard77 to wildcard137
[DEBUG] Dynamically added transition from wildcard76 to wildcard137
[DEBUG] Dynamically added transition from wildcard109 to wildcard137
[DEBUG] Dynamically added transition from wildcard75 to wildcard137
[DEBUG] Dynamically added transition from wildcard74 to wildcard137
[DEBUG] Dynamically added transition from wildcard73 to wildcard137
[DEBUG] Dynamically added transition from wildcard72 to wildcard137
[DEBUG] Dynamically added transition from wildcard71 to wildcard137
[DEBUG] Dynamically added transition from wildcard70 to wildcard137
[DEBUG] Dynamically added transition from wildcard110 to wildcard137
[DEBUG] Dynamically added transition from wildcard111 to wildcard137
[DEBUG] Dynamically added transition from wildcard118 to wildcard137
[DEBUG] Dynamically added transition from wildcard119 to wildcard137
[DEBUG] Dynamically added transition from wildcard116 to wildcard137
[DEBUG] Dynamically added transition from wildcard117 to wildcard137
[DEBUG] Dynamically added transition from wildcard114 to wildcard137
[DEBUG] Dynamically added transition from wildcard115 to wildcard137
[DEBUG] Dynamically added transition from wildcard112 to wildcard137
[DEBUG] Dynamically added transition from wildcard113 to wildcard137
[DEBUG] Dynamically added transition from wildcard89 to wildcard137
[DEBUG] Dynamically added transition from wildcard88 to wildcard137
[DEBUG] Dynamically added transition from wildcard87 to wildcard137
[DEBUG] Dynamically added transition from wildcard86 to wildcard137
[DEBUG] Dynamically added transition from wildcard85 to wildcard137
[DEBUG] Dynamically added transition from wildcard84 to wildcard137
[DEBUG] Dynamically added transition from wildcard83 to wildcard137
[DEBUG] Dynamically added transition from wildcard82 to wildcard137
[DEBUG] Dynamically added transition from wildcard81 to wildcard137
[DEBUG] Dynamically added transition from wildcard80 to wildcard137
[DEBUG] Dynamically added transition from wildcard16 to wildcard137
[DEBUG] Dynamically added transition from wildcard15 to wildcard137
[DEBUG] Dynamically added transition from wildcard14 to wildcard137
[DEBUG] Dynamically added transition from wildcard13 to wildcard137
[DEBUG] Dynamically added transition from wildcard12 to wildcard137
[DEBUG] Dynamically added transition from wildcard11 to wildcard137
[DEBUG] Dynamically added transition from wildcard99 to wildcard137
[DEBUG] Dynamically added transition from wildcard10 to wildcard137
[DEBUG] Dynamically added transition from wildcard98 to wildcard137
[DEBUG] Dynamically added transition from wildcard97 to wildcard137
[DEBUG] Dynamically added transition from start to wildcard137
[DEBUG] Dynamically added transition from wildcard96 to wildcard137
[DEBUG] Dynamically added transition from wildcard95 to wildcard137
[DEBUG] Dynamically added transition from wildcard94 to wildcard137
[DEBUG] Dynamically added transition from wildcard93 to wildcard137
[DEBUG] Dynamically added transition from wildcard92 to wildcard137
[DEBUG] Dynamically added transition from wildcard91 to wildcard137
[DEBUG] Dynamically added transition from wildcard90 to wildcard137
[DEBUG] Dynamically added transition from wildcard137 to wildcard27
[DEBUG] Dynamically added transition from wildcard137 to wildcard26
[DEBUG] Dynamically added transition from wildcard137 to wildcard25
[DEBUG] Dynamically added transition from wildcard137 to wildcard24
[DEBUG] Dynamically added transition from wildcard137 to wildcard23
[DEBUG] Dynamically added transition from wildcard137 to wildcard22
[DEBUG] Dynamically added transition from wildcard137 to wildcard1
[DEBUG] Dynamically added transition from wildcard137 to wildcard21
[DEBUG] Dynamically added transition from wildcard137 to wildcard0
[DEBUG] Dynamically added transition from wildcard137 to wildcard20
[DEBUG] Dynamically added transition from wildcard137 to wildcard3
[DEBUG] Dynamically added transition from wildcard137 to wildcard2
[DEBUG] Dynamically added transition from wildcard137 to wildcard5
[DEBUG] Dynamically added transition from wildcard137 to wildcard4
[DEBUG] Dynamically added transition from wildcard137 to wildcard7
[DEBUG] Dynamically added transition from wildcard137 to wildcard6
[DEBUG] Dynamically added transition from wildcard137 to wildcard9
[DEBUG] Dynamically added transition from wildcard137 to wildcard8
[DEBUG] Dynamically added transition from wildcard137 to wildcard19
[DEBUG] Dynamically added transition from wildcard137 to wildcard18
[DEBUG] Dynamically added transition from wildcard137 to wildcard17
[DEBUG] Dynamically added transition from wildcard137 to wildcard38
[DEBUG] Dynamically added transition from wildcard137 to wildcard37
[DEBUG] Dynamically added transition from wildcard137 to wildcard36
[DEBUG] Dynamically added transition from wildcard137 to wildcard35
[DEBUG] Dynamically added transition from wildcard137 to wildcard34
[DEBUG] Dynamically added transition from wildcard137 to wildcard33
[DEBUG] Dynamically added transition from wildcard137 to wildcard32
[DEBUG] Dynamically added transition from wildcard137 to wildcard31
[DEBUG] Dynamically added transition from wildcard137 to wildcard30
[DEBUG] Dynamically added transition from wildcard137 to wildcard29
[DEBUG] Dynamically added transition from wildcard137 to wildcard28
[DEBUG] Dynamically added transition from wildcard137 to wildcard49
[DEBUG] Dynamically added transition from wildcard137 to wildcard48
[DEBUG] Dynamically added transition from wildcard137 to wildcard47
[DEBUG] Dynamically added transition from wildcard137 to wildcard46
[DEBUG] Dynamically added transition from wildcard137 to wildcard45
[DEBUG] Dynamically added transition from wildcard137 to wildcard44
[DEBUG] Dynamically added transition from wildcard137 to wildcard43
[DEBUG] Dynamically added transition from wildcard137 to wildcard42
[DEBUG] Dynamically added transition from wildcard137 to wildcard41
[DEBUG] Dynamically added transition from wildcard137 to wildcard40
[DEBUG] Dynamically added transition from wildcard137 to wildcard121
[DEBUG] Dynamically added transition from wildcard137 to wildcard122
[DEBUG] Dynamically added transition from wildcard137 to wildcard120
[DEBUG] Dynamically added transition from wildcard137 to wildcard129
[DEBUG] Dynamically added transition from wildcard137 to wildcard127
[DEBUG] Dynamically added transition from wildcard137 to wildcard128
[DEBUG] Dynamically added transition from wildcard137 to wildcard125
[DEBUG] Dynamically added transition from wildcard137 to wildcard126
[DEBUG] Dynamically added transition from wildcard137 to wildcard123
[DEBUG] Dynamically added transition from wildcard137 to wildcard39
[DEBUG] Dynamically added transition from wildcard137 to wildcard124
[DEBUG] Dynamically added transition from wildcard137 to wildcard59
[DEBUG] Dynamically added transition from wildcard137 to wildcard58
[DEBUG] Dynamically added transition from wildcard137 to middle
[DEBUG] Dynamically added transition from wildcard137 to wildcard57
[DEBUG] Dynamically added transition from wildcard137 to wildcard56
[DEBUG] Dynamically added transition from wildcard137 to wildcard55
[DEBUG] Dynamically added transition from wildcard137 to wildcard54
[DEBUG] Dynamically added transition from wildcard137 to wildcard53
[DEBUG] Dynamically added transition from wildcard137 to wildcard52
[DEBUG] Dynamically added transition from wildcard137 to wildcard51
[DEBUG] Dynamically added transition from wildcard137 to wildcard50
[DEBUG] Dynamically added transition from wildcard137 to wildcard132
[DEBUG] Dynamically added transition from wildcard137 to wildcard133
[DEBUG] Dynamically added transition from wildcard137 to wildcard130
[DEBUG] Dynamically added transition from wildcard137 to wildcard131
[DEBUG] Dynamically added transition from wildcard137 to wildcard136
[DEBUG] Dynamically added transition from wildcard137 to wildcard137
[DEBUG] Dynamically added transition from wildcard137 to wildcard134
[DEBUG] Dynamically added transition from wildcard137 to wildcard135
[DEBUG] Dynamically added transition from wildcard137 to wildcard69
[DEBUG] Dynamically added transition from wildcard137 to wildcard68
[DEBUG] Dynamically added transition from wildcard137 to wildcard67
[DEBUG] Dynamically added transition from wildcard137 to wildcard66
[DEBUG] Dynamically added transition from wildcard137 to wildcard65
[DEBUG] Dynamically added transition from wildcard137 to wildcard64
[DEBUG] Dynamically added transition from wildcard137 to wildcard63
[DEBUG] Dynamically added transition from wildcard137 to wildcard62
[DEBUG] Dynamically added transition from wildcard137 to wildcard61
[DEBUG] Dynamically added transition from wildcard137 to wildcard60
[DEBUG] Dynamically added transition from wildcard137 to wildcard100
[DEBUG] Dynamically added transition from wildcard137 to wildcard107
[DEBUG] Dynamically added transition from wildcard137 to wildcard108
[DEBUG] Dynamically added transition from wildcard137 to wildcard105
[DEBUG] Dynamically added transition from wildcard137 to wildcard106
[DEBUG] Dynamically added transition from wildcard137 to wildcard103
[DEBUG] Dynamically added transition from wildcard137 to wildcard104
[DEBUG] Dynamically added transition from wildcard137 to wildcard101
[DEBUG] Dynamically added transition from wildcard137 to wildcard102
[DEBUG] Dynamically added transition from wildcard137 to wildcard79
[DEBUG] Dynamically added transition from wildcard137 to wildcard78
[DEBUG] Dynamically added transition from wildcard137 to wildcard77
[DEBUG] Dynamically added transition from wildcard137 to wildcard76
[DEBUG] Dynamically added transition from wildcard137 to wildcard109
[DEBUG] Dynamically added transition from wildcard137 to wildcard75
[DEBUG] Dynamically added transition from wildcard137 to wildcard74
[DEBUG] Dynamically added transition from wildcard137 to wildcard73
[DEBUG] Dynamically added transition from wildcard137 to wildcard72
[DEBUG] Dynamically added transition from wildcard137 to wildcard71
[DEBUG] Dynamically added transition from wildcard137 to wildcard70
[DEBUG] Dynamically added transition from wildcard137 to wildcard110
[DEBUG] Dynamically added transition from wildcard137 to wildcard111
[DEBUG] Dynamically added transition from wildcard137 to wildcard118
[DEBUG] Dynamically added transition from wildcard137 to wildcard119
[DEBUG] Dynamically added transition from wildcard137 to wildcard116
[DEBUG] Dynamically added transition from wildcard137 to wildcard117
[DEBUG] Dynamically added transition from wildcard137 to .*
[DEBUG] Dynamically added transition from wildcard137 to wildcard114
[DEBUG] Dynamically added transition from wildcard137 to wildcard115
[DEBUG] Dynamically added transition from wildcard137 to wildcard112
[DEBUG] Dynamically added transition from wildcard137 to wildcard113
[DEBUG] Dynamically added transition from wildcard137 to wildcard89
[DEBUG] Dynamically added transition from wildcard137 to wildcard88
[DEBUG] Dynamically added transition from wildcard137 to wildcard87
[DEBUG] Dynamically added transition from wildcard137 to wildcard86
[DEBUG] Dynamically added transition from wildcard137 to INITIAL
[DEBUG] Dynamically added transition from wildcard137 to wildcard85
[DEBUG] Dynamically added transition from wildcard137 to wildcard84
[DEBUG] Dynamically added transition from wildcard137 to wildcard83
[DEBUG] Dynamically added transition from wildcard137 to wildcard82
[DEBUG] Dynamically added transition from wildcard137 to wildcard81
[DEBUG] Dynamically added transition from wildcard137 to wildcard80
[DEBUG] Dynamically added transition from wildcard137 to end
[DEBUG] Dynamically added transition from wildcard137 to wildcard16
[DEBUG] Dynamically added transition from wildcard137 to wildcard15
[DEBUG] Dynamically added transition from wildcard137 to wildcard14
[DEBUG] Dynamically added transition from wildcard137 to wildcard13
[DEBUG] Dynamically added transition from wildcard137 to wildcard12
[DEBUG] Dynamically added transition from wildcard137 to wildcard11
[DEBUG] Dynamically added transition from wildcard137 to wildcard99
[DEBUG] Dynamically added transition from wildcard137 to wildcard10
[DEBUG] Dynamically added transition from wildcard137 to wildcard98
[DEBUG] Dynamically added transition from wildcard137 to wildcard97
[DEBUG] Dynamically added transition from wildcard137 to start
[DEBUG] Dynamically added transition from wildcard137 to wildcard96
[DEBUG] Dynamically added transition from wildcard137 to wildcard95
[DEBUG] Dynamically added transition from wildcard137 to wildcard94
[DEBUG] Dynamically added transition from wildcard137 to wildcard93
[DEBUG] Dynamically added transition from wildcard137 to wildcard92
[DEBUG] Dynamically added transition from wildcard137 to wildcard91
[DEBUG] Dynamically added transition from wildcard137 to wildcard90
[INFO] Wildcard transition valid to state: wildcard137
[INFO] Wildcard transition detected from wildcard137 to wildcard138
[DEBUG] Created intermediate state for wildcard transition: wildcard138
[DEBUG] Dynamically added transition from wildcard137 to wildcard138
[DEBUG] Dynamically added transition from wildcard27 to wildcard138
[DEBUG] Dynamically added transition from wildcard26 to wildcard138
[DEBUG] Dynamically added transition from wildcard25 to wildcard138
[DEBUG] Dynamically added transition from wildcard24 to wildcard138
[DEBUG] Dynamically added transition from wildcard23 to wildcard138
[DEBUG] Dynamically added transition from wildcard22 to wildcard138
[DEBUG] Dynamically added transition from wildcard1 to wildcard138
[DEBUG] Dynamically added transition from wildcard21 to wildcard138
[DEBUG] Dynamically added transition from wildcard0 to wildcard138
[DEBUG] Dynamically added transition from wildcard20 to wildcard138
[DEBUG] Dynamically added transition from wildcard3 to wildcard138
[DEBUG] Dynamically added transition from wildcard2 to wildcard138
[DEBUG] Dynamically added transition from wildcard5 to wildcard138
[DEBUG] Dynamically added transition from wildcard4 to wildcard138
[DEBUG] Dynamically added transition from wildcard7 to wildcard138
[DEBUG] Dynamically added transition from wildcard6 to wildcard138
[DEBUG] Dynamically added transition from wildcard9 to wildcard138
[DEBUG] Dynamically added transition from wildcard8 to wildcard138
[DEBUG] Dynamically added transition from wildcard19 to wildcard138
[DEBUG] Dynamically added transition from wildcard18 to wildcard138
[DEBUG] Dynamically added transition from wildcard17 to wildcard138
[DEBUG] Dynamically added transition from wildcard38 to wildcard138
[DEBUG] Dynamically added transition from wildcard37 to wildcard138
[DEBUG] Dynamically added transition from wildcard36 to wildcard138
[DEBUG] Dynamically added transition from wildcard35 to wildcard138
[DEBUG] Dynamically added transition from wildcard34 to wildcard138
[DEBUG] Dynamically added transition from wildcard33 to wildcard138
[DEBUG] Dynamically added transition from wildcard32 to wildcard138
[DEBUG] Dynamically added transition from wildcard31 to wildcard138
[DEBUG] Dynamically added transition from wildcard30 to wildcard138
[DEBUG] Dynamically added transition from wildcard29 to wildcard138
[DEBUG] Dynamically added transition from wildcard28 to wildcard138
[DEBUG] Dynamically added transition from wildcard49 to wildcard138
[DEBUG] Dynamically added transition from wildcard48 to wildcard138
[DEBUG] Dynamically added transition from wildcard47 to wildcard138
[DEBUG] Dynamically added transition from wildcard46 to wildcard138
[DEBUG] Dynamically added transition from wildcard45 to wildcard138
[DEBUG] Dynamically added transition from wildcard44 to wildcard138
[DEBUG] Dynamically added transition from wildcard43 to wildcard138
[DEBUG] Dynamically added transition from wildcard42 to wildcard138
[DEBUG] Dynamically added transition from wildcard41 to wildcard138
[DEBUG] Dynamically added transition from wildcard40 to wildcard138
[DEBUG] Dynamically added transition from wildcard121 to wildcard138
[DEBUG] Dynamically added transition from wildcard122 to wildcard138
[DEBUG] Dynamically added transition from wildcard120 to wildcard138
[DEBUG] Dynamically added transition from wildcard129 to wildcard138
[DEBUG] Dynamically added transition from wildcard127 to wildcard138
[DEBUG] Dynamically added transition from wildcard128 to wildcard138
[DEBUG] Dynamically added transition from wildcard125 to wildcard138
[DEBUG] Dynamically added transition from wildcard126 to wildcard138
[DEBUG] Dynamically added transition from wildcard123 to wildcard138
[DEBUG] Dynamically added transition from wildcard39 to wildcard138
[DEBUG] Dynamically added transition from wildcard124 to wildcard138
[DEBUG] Dynamically added transition from wildcard59 to wildcard138
[DEBUG] Dynamically added transition from wildcard58 to wildcard138
[DEBUG] Dynamically added transition from middle to wildcard138
[DEBUG] Dynamically added transition from wildcard57 to wildcard138
[DEBUG] Dynamically added transition from wildcard56 to wildcard138
[DEBUG] Dynamically added transition from wildcard55 to wildcard138
[DEBUG] Dynamically added transition from wildcard54 to wildcard138
[DEBUG] Dynamically added transition from wildcard53 to wildcard138
[DEBUG] Dynamically added transition from wildcard52 to wildcard138
[DEBUG] Dynamically added transition from wildcard51 to wildcard138
[DEBUG] Dynamically added transition from wildcard50 to wildcard138
[DEBUG] Dynamically added transition from wildcard132 to wildcard138
[DEBUG] Dynamically added transition from wildcard133 to wildcard138
[DEBUG] Dynamically added transition from wildcard130 to wildcard138
[DEBUG] Dynamically added transition from wildcard131 to wildcard138
[DEBUG] Dynamically added transition from wildcard136 to wildcard138
[DEBUG] Dynamically added transition from wildcard134 to wildcard138
[DEBUG] Dynamically added transition from wildcard135 to wildcard138
[DEBUG] Dynamically added transition from wildcard69 to wildcard138
[DEBUG] Dynamically added transition from wildcard68 to wildcard138
[DEBUG] Dynamically added transition from wildcard67 to wildcard138
[DEBUG] Dynamically added transition from wildcard66 to wildcard138
[DEBUG] Dynamically added transition from wildcard65 to wildcard138
[DEBUG] Dynamically added transition from wildcard64 to wildcard138
[DEBUG] Dynamically added transition from wildcard63 to wildcard138
[DEBUG] Dynamically added transition from wildcard62 to wildcard138
[DEBUG] Dynamically added transition from wildcard61 to wildcard138
[DEBUG] Dynamically added transition from wildcard60 to wildcard138
[DEBUG] Dynamically added transition from wildcard100 to wildcard138
[DEBUG] Dynamically added transition from wildcard107 to wildcard138
[DEBUG] Dynamically added transition from wildcard108 to wildcard138
[DEBUG] Dynamically added transition from wildcard105 to wildcard138
[DEBUG] Dynamically added transition from wildcard106 to wildcard138
[DEBUG] Dynamically added transition from wildcard103 to wildcard138
[DEBUG] Dynamically added transition from wildcard104 to wildcard138
[DEBUG] Dynamically added transition from wildcard101 to wildcard138
[DEBUG] Dynamically added transition from wildcard102 to wildcard138
[DEBUG] Dynamically added transition from wildcard79 to wildcard138
[DEBUG] Dynamically added transition from wildcard78 to wildcard138
[DEBUG] Dynamically added transition from wildcard77 to wildcard138
[DEBUG] Dynamically added transition from wildcard76 to wildcard138
[DEBUG] Dynamically added transition from wildcard109 to wildcard138
[DEBUG] Dynamically added transition from wildcard75 to wildcard138
[DEBUG] Dynamically added transition from wildcard74 to wildcard138
[DEBUG] Dynamically added transition from wildcard73 to wildcard138
[DEBUG] Dynamically added transition from wildcard72 to wildcard138
[DEBUG] Dynamically added transition from wildcard71 to wildcard138
[DEBUG] Dynamically added transition from wildcard70 to wildcard138
[DEBUG] Dynamically added transition from wildcard110 to wildcard138
[DEBUG] Dynamically added transition from wildcard111 to wildcard138
[DEBUG] Dynamically added transition from wildcard118 to wildcard138
[DEBUG] Dynamically added transition from wildcard119 to wildcard138
[DEBUG] Dynamically added transition from wildcard116 to wildcard138
[DEBUG] Dynamically added transition from wildcard117 to wildcard138
[DEBUG] Dynamically added transition from wildcard114 to wildcard138
[DEBUG] Dynamically added transition from wildcard115 to wildcard138
[DEBUG] Dynamically added transition from wildcard112 to wildcard138
[DEBUG] Dynamically added transition from wildcard113 to wildcard138
[DEBUG] Dynamically added transition from wildcard89 to wildcard138
[DEBUG] Dynamically added transition from wildcard88 to wildcard138
[DEBUG] Dynamically added transition from wildcard87 to wildcard138
[DEBUG] Dynamically added transition from wildcard86 to wildcard138
[DEBUG] Dynamically added transition from wildcard85 to wildcard138
[DEBUG] Dynamically added transition from wildcard84 to wildcard138
[DEBUG] Dynamically added transition from wildcard83 to wildcard138
[DEBUG] Dynamically added transition from wildcard82 to wildcard138
[DEBUG] Dynamically added transition from wildcard81 to wildcard138
[DEBUG] Dynamically added transition from wildcard80 to wildcard138
[DEBUG] Dynamically added transition from wildcard16 to wildcard138
[DEBUG] Dynamically added transition from wildcard15 to wildcard138
[DEBUG] Dynamically added transition from wildcard14 to wildcard138
[DEBUG] Dynamically added transition from wildcard13 to wildcard138
[DEBUG] Dynamically added transition from wildcard12 to wildcard138
[DEBUG] Dynamically added transition from wildcard11 to wildcard138
[DEBUG] Dynamically added transition from wildcard99 to wildcard138
[DEBUG] Dynamically added transition from wildcard10 to wildcard138
[DEBUG] Dynamically added transition from wildcard98 to wildcard138
[DEBUG] Dynamically added transition from wildcard97 to wildcard138
[DEBUG] Dynamically added transition from start to wildcard138
[DEBUG] Dynamically added transition from wildcard96 to wildcard138
[DEBUG] Dynamically added transition from wildcard95 to wildcard138
[DEBUG] Dynamically added transition from wildcard94 to wildcard138
[DEBUG] Dynamically added transition from wildcard93 to wildcard138
[DEBUG] Dynamically added transition from wildcard92 to wildcard138
[DEBUG] Dynamically added transition from wildcard91 to wildcard138
[DEBUG] Dynamically added transition from wildcard90 to wildcard138
[DEBUG] Dynamically added transition from wildcard138 to wildcard27
[DEBUG] Dynamically added transition from wildcard138 to wildcard26
[DEBUG] Dynamically added transition from wildcard138 to wildcard25
[DEBUG] Dynamically added transition from wildcard138 to wildcard24
[DEBUG] Dynamically added transition from wildcard138 to wildcard23
[DEBUG] Dynamically added transition from wildcard138 to wildcard22
[DEBUG] Dynamically added transition from wildcard138 to wildcard1
[DEBUG] Dynamically added transition from wildcard138 to wildcard21
[DEBUG] Dynamically added transition from wildcard138 to wildcard0
[DEBUG] Dynamically added transition from wildcard138 to wildcard20
[DEBUG] Dynamically added transition from wildcard138 to wildcard3
[DEBUG] Dynamically added transition from wildcard138 to wildcard2
[DEBUG] Dynamically added transition from wildcard138 to wildcard5
[DEBUG] Dynamically added transition from wildcard138 to wildcard4
[DEBUG] Dynamically added transition from wildcard138 to wildcard7
[DEBUG] Dynamically added transition from wildcard138 to wildcard6
[DEBUG] Dynamically added transition from wildcard138 to wildcard9
[DEBUG] Dynamically added transition from wildcard138 to wildcard8
[DEBUG] Dynamically added transition from wildcard138 to wildcard19
[DEBUG] Dynamically added transition from wildcard138 to wildcard18
[DEBUG] Dynamically added transition from wildcard138 to wildcard17
[DEBUG] Dynamically added transition from wildcard138 to wildcard38
[DEBUG] Dynamically added transition from wildcard138 to wildcard37
[DEBUG] Dynamically added transition from wildcard138 to wildcard36
[DEBUG] Dynamically added transition from wildcard138 to wildcard35
[DEBUG] Dynamically added transition from wildcard138 to wildcard34
[DEBUG] Dynamically added transition from wildcard138 to wildcard33
[DEBUG] Dynamically added transition from wildcard138 to wildcard32
[DEBUG] Dynamically added transition from wildcard138 to wildcard31
[DEBUG] Dynamically added transition from wildcard138 to wildcard30
[DEBUG] Dynamically added transition from wildcard138 to wildcard29
[DEBUG] Dynamically added transition from wildcard138 to wildcard28
[DEBUG] Dynamically added transition from wildcard138 to wildcard49
[DEBUG] Dynamically added transition from wildcard138 to wildcard48
[DEBUG] Dynamically added transition from wildcard138 to wildcard47
[DEBUG] Dynamically added transition from wildcard138 to wildcard46
[DEBUG] Dynamically added transition from wildcard138 to wildcard45
[DEBUG] Dynamically added transition from wildcard138 to wildcard44
[DEBUG] Dynamically added transition from wildcard138 to wildcard43
[DEBUG] Dynamically added transition from wildcard138 to wildcard42
[DEBUG] Dynamically added transition from wildcard138 to wildcard41
[DEBUG] Dynamically added transition from wildcard138 to wildcard40
[DEBUG] Dynamically added transition from wildcard138 to wildcard121
[DEBUG] Dynamically added transition from wildcard138 to wildcard122
[DEBUG] Dynamically added transition from wildcard138 to wildcard120
[DEBUG] Dynamically added transition from wildcard138 to wildcard129
[DEBUG] Dynamically added transition from wildcard138 to wildcard127
[DEBUG] Dynamically added transition from wildcard138 to wildcard128
[DEBUG] Dynamically added transition from wildcard138 to wildcard125
[DEBUG] Dynamically added transition from wildcard138 to wildcard126
[DEBUG] Dynamically added transition from wildcard138 to wildcard123
[DEBUG] Dynamically added transition from wildcard138 to wildcard39
[DEBUG] Dynamically added transition from wildcard138 to wildcard124
[DEBUG] Dynamically added transition from wildcard138 to wildcard59
[DEBUG] Dynamically added transition from wildcard138 to wildcard58
[DEBUG] Dynamically added transition from wildcard138 to middle
[DEBUG] Dynamically added transition from wildcard138 to wildcard57
[DEBUG] Dynamically added transition from wildcard138 to wildcard56
[DEBUG] Dynamically added transition from wildcard138 to wildcard55
[DEBUG] Dynamically added transition from wildcard138 to wildcard54
[DEBUG] Dynamically added transition from wildcard138 to wildcard53
[DEBUG] Dynamically added transition from wildcard138 to wildcard52
[DEBUG] Dynamically added transition from wildcard138 to wildcard51
[DEBUG] Dynamically added transition from wildcard138 to wildcard50
[DEBUG] Dynamically added transition from wildcard138 to wildcard132
[DEBUG] Dynamically added transition from wildcard138 to wildcard133
[DEBUG] Dynamically added transition from wildcard138 to wildcard130
[DEBUG] Dynamically added transition from wildcard138 to wildcard131
[DEBUG] Dynamically added transition from wildcard138 to wildcard138
[DEBUG] Dynamically added transition from wildcard138 to wildcard136
[DEBUG] Dynamically added transition from wildcard138 to wildcard137
[DEBUG] Dynamically added transition from wildcard138 to wildcard134
[DEBUG] Dynamically added transition from wildcard138 to wildcard135
[DEBUG] Dynamically added transition from wildcard138 to wildcard69
[DEBUG] Dynamically added transition from wildcard138 to wildcard68
[DEBUG] Dynamically added transition from wildcard138 to wildcard67
[DEBUG] Dynamically added transition from wildcard138 to wildcard66
[DEBUG] Dynamically added transition from wildcard138 to wildcard65
[DEBUG] Dynamically added transition from wildcard138 to wildcard64
[DEBUG] Dynamically added transition from wildcard138 to wildcard63
[DEBUG] Dynamically added transition from wildcard138 to wildcard62
[DEBUG] Dynamically added transition from wildcard138 to wildcard61
[DEBUG] Dynamically added transition from wildcard138 to wildcard60
[DEBUG] Dynamically added transition from wildcard138 to wildcard100
[DEBUG] Dynamically added transition from wildcard138 to wildcard107
[DEBUG] Dynamically added transition from wildcard138 to wildcard108
[DEBUG] Dynamically added transition from wildcard138 to wildcard105
[DEBUG] Dynamically added transition from wildcard138 to wildcard106
[DEBUG] Dynamically added transition from wildcard138 to wildcard103
[DEBUG] Dynamically added transition from wildcard138 to wildcard104
[DEBUG] Dynamically added transition from wildcard138 to wildcard101
[DEBUG] Dynamically added transition from wildcard138 to wildcard102
[DEBUG] Dynamically added transition from wildcard138 to wildcard79
[DEBUG] Dynamically added transition from wildcard138 to wildcard78
[DEBUG] Dynamically added transition from wildcard138 to wildcard77
[DEBUG] Dynamically added transition from wildcard138 to wildcard76
[DEBUG] Dynamically added transition from wildcard138 to wildcard109
[DEBUG] Dynamically added transition from wildcard138 to wildcard75
[DEBUG] Dynamically added transition from wildcard138 to wildcard74
[DEBUG] Dynamically added transition from wildcard138 to wildcard73
[DEBUG] Dynamically added transition from wildcard138 to wildcard72
[DEBUG] Dynamically added transition from wildcard138 to wildcard71
[DEBUG] Dynamically added transition from wildcard138 to wildcard70
[DEBUG] Dynamically added transition from wildcard138 to wildcard110
[DEBUG] Dynamically added transition from wildcard138 to wildcard111
[DEBUG] Dynamically added transition from wildcard138 to wildcard118
[DEBUG] Dynamically added transition from wildcard138 to wildcard119
[DEBUG] Dynamically added transition from wildcard138 to wildcard116
[DEBUG] Dynamically added transition from wildcard138 to wildcard117
[DEBUG] Dynamically added transition from wildcard138 to .*
[DEBUG] Dynamically added transition from wildcard138 to wildcard114
[DEBUG] Dynamically added transition from wildcard138 to wildcard115
[DEBUG] Dynamically added transition from wildcard138 to wildcard112
[DEBUG] Dynamically added transition from wildcard138 to wildcard113
[DEBUG] Dynamically added transition from wildcard138 to wildcard89
[DEBUG] Dynamically added transition from wildcard138 to wildcard88
[DEBUG] Dynamically added transition from wildcard138 to wildcard87
[DEBUG] Dynamically added transition from wildcard138 to wildcard86
[DEBUG] Dynamically added transition from wildcard138 to INITIAL
[DEBUG] Dynamically added transition from wildcard138 to wildcard85
[DEBUG] Dynamically added transition from wildcard138 to wildcard84
[DEBUG] Dynamically added transition from wildcard138 to wildcard83
[DEBUG] Dynamically added transition from wildcard138 to wildcard82
[DEBUG] Dynamically added transition from wildcard138 to wildcard81
[DEBUG] Dynamically added transition from wildcard138 to wildcard80
[DEBUG] Dynamically added transition from wildcard138 to end
[DEBUG] Dynamically added transition from wildcard138 to wildcard16
[DEBUG] Dynamically added transition from wildcard138 to wildcard15
[DEBUG] Dynamically added transition from wildcard138 to wildcard14
[DEBUG] Dynamically added transition from wildcard138 to wildcard13
[DEBUG] Dynamically added transition from wildcard138 to wildcard12
[DEBUG] Dynamically added transition from wildcard138 to wildcard11
[DEBUG] Dynamically added transition from wildcard138 to wildcard99
[DEBUG] Dynamically added transition from wildcard138 to wildcard10
[DEBUG] Dynamically added transition from wildcard138 to wildcard98
[DEBUG] Dynamically added transition from wildcard138 to wildcard97
[DEBUG] Dynamically added transition from wildcard138 to start
[DEBUG] Dynamically added transition from wildcard138 to wildcard96
[DEBUG] Dynamically added transition from wildcard138 to wildcard95
[DEBUG] Dynamically added transition from wildcard138 to wildcard94
[DEBUG] Dynamically added transition from wildcard138 to wildcard93
[DEBUG] Dynamically added transition from wildcard138 to wildcard92
[DEBUG] Dynamically added transition from wildcard138 to wildcard91
[DEBUG] Dynamically added transition from wildcard138 to wildcard90
[INFO] Wildcard transition valid to state: wildcard138
[INFO] Wildcard transition detected from wildcard138 to wildcard139
[DEBUG] Created intermediate state for wildcard transition: wildcard139
[DEBUG] Dynamically added transition from wildcard138 to wildcard139
[DEBUG] Dynamically added transition from wildcard27 to wildcard139
[DEBUG] Dynamically added transition from wildcard26 to wildcard139
[DEBUG] Dynamically added transition from wildcard25 to wildcard139
[DEBUG] Dynamically added transition from wildcard24 to wildcard139
[DEBUG] Dynamically added transition from wildcard23 to wildcard139
[DEBUG] Dynamically added transition from wildcard22 to wildcard139
[DEBUG] Dynamically added transition from wildcard1 to wildcard139
[DEBUG] Dynamically added transition from wildcard21 to wildcard139
[DEBUG] Dynamically added transition from wildcard0 to wildcard139
[DEBUG] Dynamically added transition from wildcard20 to wildcard139
[DEBUG] Dynamically added transition from wildcard3 to wildcard139
[DEBUG] Dynamically added transition from wildcard2 to wildcard139
[DEBUG] Dynamically added transition from wildcard5 to wildcard139
[DEBUG] Dynamically added transition from wildcard4 to wildcard139
[DEBUG] Dynamically added transition from wildcard7 to wildcard139
[DEBUG] Dynamically added transition from wildcard6 to wildcard139
[DEBUG] Dynamically added transition from wildcard9 to wildcard139
[DEBUG] Dynamically added transition from wildcard8 to wildcard139
[DEBUG] Dynamically added transition from wildcard19 to wildcard139
[DEBUG] Dynamically added transition from wildcard18 to wildcard139
[DEBUG] Dynamically added transition from wildcard17 to wildcard139
[DEBUG] Dynamically added transition from wildcard38 to wildcard139
[DEBUG] Dynamically added transition from wildcard37 to wildcard139
[DEBUG] Dynamically added transition from wildcard36 to wildcard139
[DEBUG] Dynamically added transition from wildcard35 to wildcard139
[DEBUG] Dynamically added transition from wildcard34 to wildcard139
[DEBUG] Dynamically added transition from wildcard33 to wildcard139
[DEBUG] Dynamically added transition from wildcard32 to wildcard139
[DEBUG] Dynamically added transition from wildcard31 to wildcard139
[DEBUG] Dynamically added transition from wildcard30 to wildcard139
[DEBUG] Dynamically added transition from wildcard29 to wildcard139
[DEBUG] Dynamically added transition from wildcard28 to wildcard139
[DEBUG] Dynamically added transition from wildcard49 to wildcard139
[DEBUG] Dynamically added transition from wildcard48 to wildcard139
[DEBUG] Dynamically added transition from wildcard47 to wildcard139
[DEBUG] Dynamically added transition from wildcard46 to wildcard139
[DEBUG] Dynamically added transition from wildcard45 to wildcard139
[DEBUG] Dynamically added transition from wildcard44 to wildcard139
[DEBUG] Dynamically added transition from wildcard43 to wildcard139
[DEBUG] Dynamically added transition from wildcard42 to wildcard139
[DEBUG] Dynamically added transition from wildcard41 to wildcard139
[DEBUG] Dynamically added transition from wildcard40 to wildcard139
[DEBUG] Dynamically added transition from wildcard121 to wildcard139
[DEBUG] Dynamically added transition from wildcard122 to wildcard139
[DEBUG] Dynamically added transition from wildcard120 to wildcard139
[DEBUG] Dynamically added transition from wildcard129 to wildcard139
[DEBUG] Dynamically added transition from wildcard127 to wildcard139
[DEBUG] Dynamically added transition from wildcard128 to wildcard139
[DEBUG] Dynamically added transition from wildcard125 to wildcard139
[DEBUG] Dynamically added transition from wildcard126 to wildcard139
[DEBUG] Dynamically added transition from wildcard123 to wildcard139
[DEBUG] Dynamically added transition from wildcard39 to wildcard139
[DEBUG] Dynamically added transition from wildcard124 to wildcard139
[DEBUG] Dynamically added transition from wildcard59 to wildcard139
[DEBUG] Dynamically added transition from wildcard58 to wildcard139
[DEBUG] Dynamically added transition from middle to wildcard139
[DEBUG] Dynamically added transition from wildcard57 to wildcard139
[DEBUG] Dynamically added transition from wildcard56 to wildcard139
[DEBUG] Dynamically added transition from wildcard55 to wildcard139
[DEBUG] Dynamically added transition from wildcard54 to wildcard139
[DEBUG] Dynamically added transition from wildcard53 to wildcard139
[DEBUG] Dynamically added transition from wildcard52 to wildcard139
[DEBUG] Dynamically added transition from wildcard51 to wildcard139
[DEBUG] Dynamically added transition from wildcard50 to wildcard139
[DEBUG] Dynamically added transition from wildcard132 to wildcard139
[DEBUG] Dynamically added transition from wildcard133 to wildcard139
[DEBUG] Dynamically added transition from wildcard130 to wildcard139
[DEBUG] Dynamically added transition from wildcard131 to wildcard139
[DEBUG] Dynamically added transition from wildcard136 to wildcard139
[DEBUG] Dynamically added transition from wildcard137 to wildcard139
[DEBUG] Dynamically added transition from wildcard134 to wildcard139
[DEBUG] Dynamically added transition from wildcard135 to wildcard139
[DEBUG] Dynamically added transition from wildcard69 to wildcard139
[DEBUG] Dynamically added transition from wildcard68 to wildcard139
[DEBUG] Dynamically added transition from wildcard67 to wildcard139
[DEBUG] Dynamically added transition from wildcard66 to wildcard139
[DEBUG] Dynamically added transition from wildcard65 to wildcard139
[DEBUG] Dynamically added transition from wildcard64 to wildcard139
[DEBUG] Dynamically added transition from wildcard63 to wildcard139
[DEBUG] Dynamically added transition from wildcard62 to wildcard139
[DEBUG] Dynamically added transition from wildcard61 to wildcard139
[DEBUG] Dynamically added transition from wildcard60 to wildcard139
[DEBUG] Dynamically added transition from wildcard100 to wildcard139
[DEBUG] Dynamically added transition from wildcard107 to wildcard139
[DEBUG] Dynamically added transition from wildcard108 to wildcard139
[DEBUG] Dynamically added transition from wildcard105 to wildcard139
[DEBUG] Dynamically added transition from wildcard106 to wildcard139
[DEBUG] Dynamically added transition from wildcard103 to wildcard139
[DEBUG] Dynamically added transition from wildcard104 to wildcard139
[DEBUG] Dynamically added transition from wildcard101 to wildcard139
[DEBUG] Dynamically added transition from wildcard102 to wildcard139
[DEBUG] Dynamically added transition from wildcard79 to wildcard139
[DEBUG] Dynamically added transition from wildcard78 to wildcard139
[DEBUG] Dynamically added transition from wildcard77 to wildcard139
[DEBUG] Dynamically added transition from wildcard76 to wildcard139
[DEBUG] Dynamically added transition from wildcard109 to wildcard139
[DEBUG] Dynamically added transition from wildcard75 to wildcard139
[DEBUG] Dynamically added transition from wildcard74 to wildcard139
[DEBUG] Dynamically added transition from wildcard73 to wildcard139
[DEBUG] Dynamically added transition from wildcard72 to wildcard139
[DEBUG] Dynamically added transition from wildcard71 to wildcard139
[DEBUG] Dynamically added transition from wildcard70 to wildcard139
[DEBUG] Dynamically added transition from wildcard110 to wildcard139
[DEBUG] Dynamically added transition from wildcard111 to wildcard139
[DEBUG] Dynamically added transition from wildcard118 to wildcard139
[DEBUG] Dynamically added transition from wildcard119 to wildcard139
[DEBUG] Dynamically added transition from wildcard116 to wildcard139
[DEBUG] Dynamically added transition from wildcard117 to wildcard139
[DEBUG] Dynamically added transition from wildcard114 to wildcard139
[DEBUG] Dynamically added transition from wildcard115 to wildcard139
[DEBUG] Dynamically added transition from wildcard112 to wildcard139
[DEBUG] Dynamically added transition from wildcard113 to wildcard139
[DEBUG] Dynamically added transition from wildcard89 to wildcard139
[DEBUG] Dynamically added transition from wildcard88 to wildcard139
[DEBUG] Dynamically added transition from wildcard87 to wildcard139
[DEBUG] Dynamically added transition from wildcard86 to wildcard139
[DEBUG] Dynamically added transition from wildcard85 to wildcard139
[DEBUG] Dynamically added transition from wildcard84 to wildcard139
[DEBUG] Dynamically added transition from wildcard83 to wildcard139
[DEBUG] Dynamically added transition from wildcard82 to wildcard139
[DEBUG] Dynamically added transition from wildcard81 to wildcard139
[DEBUG] Dynamically added transition from wildcard80 to wildcard139
[DEBUG] Dynamically added transition from wildcard16 to wildcard139
[DEBUG] Dynamically added transition from wildcard15 to wildcard139
[DEBUG] Dynamically added transition from wildcard14 to wildcard139
[DEBUG] Dynamically added transition from wildcard13 to wildcard139
[DEBUG] Dynamically added transition from wildcard12 to wildcard139
[DEBUG] Dynamically added transition from wildcard11 to wildcard139
[DEBUG] Dynamically added transition from wildcard99 to wildcard139
[DEBUG] Dynamically added transition from wildcard10 to wildcard139
[DEBUG] Dynamically added transition from wildcard98 to wildcard139
[DEBUG] Dynamically added transition from wildcard97 to wildcard139
[DEBUG] Dynamically added transition from start to wildcard139
[DEBUG] Dynamically added transition from wildcard96 to wildcard139
[DEBUG] Dynamically added transition from wildcard95 to wildcard139
[DEBUG] Dynamically added transition from wildcard94 to wildcard139
[DEBUG] Dynamically added transition from wildcard93 to wildcard139
[DEBUG] Dynamically added transition from wildcard92 to wildcard139
[DEBUG] Dynamically added transition from wildcard91 to wildcard139
[DEBUG] Dynamically added transition from wildcard90 to wildcard139
[DEBUG] Dynamically added transition from wildcard139 to wildcard27
[DEBUG] Dynamically added transition from wildcard139 to wildcard26
[DEBUG] Dynamically added transition from wildcard139 to wildcard25
[DEBUG] Dynamically added transition from wildcard139 to wildcard24
[DEBUG] Dynamically added transition from wildcard139 to wildcard23
[DEBUG] Dynamically added transition from wildcard139 to wildcard22
[DEBUG] Dynamically added transition from wildcard139 to wildcard1
[DEBUG] Dynamically added transition from wildcard139 to wildcard21
[DEBUG] Dynamically added transition from wildcard139 to wildcard0
[DEBUG] Dynamically added transition from wildcard139 to wildcard20
[DEBUG] Dynamically added transition from wildcard139 to wildcard3
[DEBUG] Dynamically added transition from wildcard139 to wildcard2
[DEBUG] Dynamically added transition from wildcard139 to wildcard5
[DEBUG] Dynamically added transition from wildcard139 to wildcard4
[DEBUG] Dynamically added transition from wildcard139 to wildcard7
[DEBUG] Dynamically added transition from wildcard139 to wildcard6
[DEBUG] Dynamically added transition from wildcard139 to wildcard9
[DEBUG] Dynamically added transition from wildcard139 to wildcard8
[DEBUG] Dynamically added transition from wildcard139 to wildcard19
[DEBUG] Dynamically added transition from wildcard139 to wildcard18
[DEBUG] Dynamically added transition from wildcard139 to wildcard17
[DEBUG] Dynamically added transition from wildcard139 to wildcard38
[DEBUG] Dynamically added transition from wildcard139 to wildcard37
[DEBUG] Dynamically added transition from wildcard139 to wildcard36
[DEBUG] Dynamically added transition from wildcard139 to wildcard35
[DEBUG] Dynamically added transition from wildcard139 to wildcard34
[DEBUG] Dynamically added transition from wildcard139 to wildcard33
[DEBUG] Dynamically added transition from wildcard139 to wildcard32
[DEBUG] Dynamically added transition from wildcard139 to wildcard31
[DEBUG] Dynamically added transition from wildcard139 to wildcard30
[DEBUG] Dynamically added transition from wildcard139 to wildcard29
[DEBUG] Dynamically added transition from wildcard139 to wildcard28
[DEBUG] Dynamically added transition from wildcard139 to wildcard49
[DEBUG] Dynamically added transition from wildcard139 to wildcard48
[DEBUG] Dynamically added transition from wildcard139 to wildcard47
[DEBUG] Dynamically added transition from wildcard139 to wildcard46
[DEBUG] Dynamically added transition from wildcard139 to wildcard45
[DEBUG] Dynamically added transition from wildcard139 to wildcard44
[DEBUG] Dynamically added transition from wildcard139 to wildcard43
[DEBUG] Dynamically added transition from wildcard139 to wildcard42
[DEBUG] Dynamically added transition from wildcard139 to wildcard41
[DEBUG] Dynamically added transition from wildcard139 to wildcard40
[DEBUG] Dynamically added transition from wildcard139 to wildcard121
[DEBUG] Dynamically added transition from wildcard139 to wildcard122
[DEBUG] Dynamically added transition from wildcard139 to wildcard120
[DEBUG] Dynamically added transition from wildcard139 to wildcard129
[DEBUG] Dynamically added transition from wildcard139 to wildcard127
[DEBUG] Dynamically added transition from wildcard139 to wildcard128
[DEBUG] Dynamically added transition from wildcard139 to wildcard125
[DEBUG] Dynamically added transition from wildcard139 to wildcard126
[DEBUG] Dynamically added transition from wildcard139 to wildcard123
[DEBUG] Dynamically added transition from wildcard139 to wildcard39
[DEBUG] Dynamically added transition from wildcard139 to wildcard124
[DEBUG] Dynamically added transition from wildcard139 to wildcard59
[DEBUG] Dynamically added transition from wildcard139 to wildcard58
[DEBUG] Dynamically added transition from wildcard139 to middle
[DEBUG] Dynamically added transition from wildcard139 to wildcard57
[DEBUG] Dynamically added transition from wildcard139 to wildcard56
[DEBUG] Dynamically added transition from wildcard139 to wildcard55
[DEBUG] Dynamically added transition from wildcard139 to wildcard54
[DEBUG] Dynamically added transition from wildcard139 to wildcard53
[DEBUG] Dynamically added transition from wildcard139 to wildcard52
[DEBUG] Dynamically added transition from wildcard139 to wildcard51
[DEBUG] Dynamically added transition from wildcard139 to wildcard50
[DEBUG] Dynamically added transition from wildcard139 to wildcard132
[DEBUG] Dynamically added transition from wildcard139 to wildcard133
[DEBUG] Dynamically added transition from wildcard139 to wildcard130
[DEBUG] Dynamically added transition from wildcard139 to wildcard131
[DEBUG] Dynamically added transition from wildcard139 to wildcard138
[DEBUG] Dynamically added transition from wildcard139 to wildcard139
[DEBUG] Dynamically added transition from wildcard139 to wildcard136
[DEBUG] Dynamically added transition from wildcard139 to wildcard137
[DEBUG] Dynamically added transition from wildcard139 to wildcard134
[DEBUG] Dynamically added transition from wildcard139 to wildcard135
[DEBUG] Dynamically added transition from wildcard139 to wildcard69
[DEBUG] Dynamically added transition from wildcard139 to wildcard68
[DEBUG] Dynamically added transition from wildcard139 to wildcard67
[DEBUG] Dynamically added transition from wildcard139 to wildcard66
[DEBUG] Dynamically added transition from wildcard139 to wildcard65
[DEBUG] Dynamically added transition from wildcard139 to wildcard64
[DEBUG] Dynamically added transition from wildcard139 to wildcard63
[DEBUG] Dynamically added transition from wildcard139 to wildcard62
[DEBUG] Dynamically added transition from wildcard139 to wildcard61
[DEBUG] Dynamically added transition from wildcard139 to wildcard60
[DEBUG] Dynamically added transition from wildcard139 to wildcard100
[DEBUG] Dynamically added transition from wildcard139 to wildcard107
[DEBUG] Dynamically added transition from wildcard139 to wildcard108
[DEBUG] Dynamically added transition from wildcard139 to wildcard105
[DEBUG] Dynamically added transition from wildcard139 to wildcard106
[DEBUG] Dynamically added transition from wildcard139 to wildcard103
[DEBUG] Dynamically added transition from wildcard139 to wildcard104
[DEBUG] Dynamically added transition from wildcard139 to wildcard101
[DEBUG] Dynamically added transition from wildcard139 to wildcard102
[DEBUG] Dynamically added transition from wildcard139 to wildcard79
[DEBUG] Dynamically added transition from wildcard139 to wildcard78
[DEBUG] Dynamically added transition from wildcard139 to wildcard77
[DEBUG] Dynamically added transition from wildcard139 to wildcard76
[DEBUG] Dynamically added transition from wildcard139 to wildcard109
[DEBUG] Dynamically added transition from wildcard139 to wildcard75
[DEBUG] Dynamically added transition from wildcard139 to wildcard74
[DEBUG] Dynamically added transition from wildcard139 to wildcard73
[DEBUG] Dynamically added transition from wildcard139 to wildcard72
[DEBUG] Dynamically added transition from wildcard139 to wildcard71
[DEBUG] Dynamically added transition from wildcard139 to wildcard70
[DEBUG] Dynamically added transition from wildcard139 to wildcard110
[DEBUG] Dynamically added transition from wildcard139 to wildcard111
[DEBUG] Dynamically added transition from wildcard139 to wildcard118
[DEBUG] Dynamically added transition from wildcard139 to wildcard119
[DEBUG] Dynamically added transition from wildcard139 to wildcard116
[DEBUG] Dynamically added transition from wildcard139 to wildcard117
[DEBUG] Dynamically added transition from wildcard139 to .*
[DEBUG] Dynamically added transition from wildcard139 to wildcard114
[DEBUG] Dynamically added transition from wildcard139 to wildcard115
[DEBUG] Dynamically added transition from wildcard139 to wildcard112
[DEBUG] Dynamically added transition from wildcard139 to wildcard113
[DEBUG] Dynamically added transition from wildcard139 to wildcard89
[DEBUG] Dynamically added transition from wildcard139 to wildcard88
[DEBUG] Dynamically added transition from wildcard139 to wildcard87
[DEBUG] Dynamically added transition from wildcard139 to wildcard86
[DEBUG] Dynamically added transition from wildcard139 to INITIAL
[DEBUG] Dynamically added transition from wildcard139 to wildcard85
[DEBUG] Dynamically added transition from wildcard139 to wildcard84
[DEBUG] Dynamically added transition from wildcard139 to wildcard83
[DEBUG] Dynamically added transition from wildcard139 to wildcard82
[DEBUG] Dynamically added transition from wildcard139 to wildcard81
[DEBUG] Dynamically added transition from wildcard139 to wildcard80
[DEBUG] Dynamically added transition from wildcard139 to end
[DEBUG] Dynamically added transition from wildcard139 to wildcard16
[DEBUG] Dynamically added transition from wildcard139 to wildcard15
[DEBUG] Dynamically added transition from wildcard139 to wildcard14
[DEBUG] Dynamically added transition from wildcard139 to wildcard13
[DEBUG] Dynamically added transition from wildcard139 to wildcard12
[DEBUG] Dynamically added transition from wildcard139 to wildcard11
[DEBUG] Dynamically added transition from wildcard139 to wildcard99
[DEBUG] Dynamically added transition from wildcard139 to wildcard10
[DEBUG] Dynamically added transition from wildcard139 to wildcard98
[DEBUG] Dynamically added transition from wildcard139 to wildcard97
[DEBUG] Dynamically added transition from wildcard139 to start
[DEBUG] Dynamically added transition from wildcard139 to wildcard96
[DEBUG] Dynamically added transition from wildcard139 to wildcard95
[DEBUG] Dynamically added transition from wildcard139 to wildcard94
[DEBUG] Dynamically added transition from wildcard139 to wildcard93
[DEBUG] Dynamically added transition from wildcard139 to wildcard92
[DEBUG] Dynamically added transition from wildcard139 to wildcard91
[DEBUG] Dynamically added transition from wildcard139 to wildcard90
[INFO] Wildcard transition valid to state: wildcard139
[INFO] Wildcard transition detected from wildcard139 to wildcard140
[DEBUG] Created intermediate state for wildcard transition: wildcard140
[DEBUG] Dynamically added transition from wildcard139 to wildcard140
[DEBUG] Dynamically added transition from wildcard27 to wildcard140
[DEBUG] Dynamically added transition from wildcard26 to wildcard140
[DEBUG] Dynamically added transition from wildcard25 to wildcard140
[DEBUG] Dynamically added transition from wildcard24 to wildcard140
[DEBUG] Dynamically added transition from wildcard23 to wildcard140
[DEBUG] Dynamically added transition from wildcard22 to wildcard140
[DEBUG] Dynamically added transition from wildcard1 to wildcard140
[DEBUG] Dynamically added transition from wildcard21 to wildcard140
[DEBUG] Dynamically added transition from wildcard0 to wildcard140
[DEBUG] Dynamically added transition from wildcard20 to wildcard140
[DEBUG] Dynamically added transition from wildcard3 to wildcard140
[DEBUG] Dynamically added transition from wildcard2 to wildcard140
[DEBUG] Dynamically added transition from wildcard5 to wildcard140
[DEBUG] Dynamically added transition from wildcard4 to wildcard140
[DEBUG] Dynamically added transition from wildcard7 to wildcard140
[DEBUG] Dynamically added transition from wildcard6 to wildcard140
[DEBUG] Dynamically added transition from wildcard9 to wildcard140
[DEBUG] Dynamically added transition from wildcard8 to wildcard140
[DEBUG] Dynamically added transition from wildcard19 to wildcard140
[DEBUG] Dynamically added transition from wildcard18 to wildcard140
[DEBUG] Dynamically added transition from wildcard17 to wildcard140
[DEBUG] Dynamically added transition from wildcard38 to wildcard140
[DEBUG] Dynamically added transition from wildcard37 to wildcard140
[DEBUG] Dynamically added transition from wildcard36 to wildcard140
[DEBUG] Dynamically added transition from wildcard35 to wildcard140
[DEBUG] Dynamically added transition from wildcard34 to wildcard140
[DEBUG] Dynamically added transition from wildcard33 to wildcard140
[DEBUG] Dynamically added transition from wildcard32 to wildcard140
[DEBUG] Dynamically added transition from wildcard31 to wildcard140
[DEBUG] Dynamically added transition from wildcard30 to wildcard140
[DEBUG] Dynamically added transition from wildcard29 to wildcard140
[DEBUG] Dynamically added transition from wildcard28 to wildcard140
[DEBUG] Dynamically added transition from wildcard49 to wildcard140
[DEBUG] Dynamically added transition from wildcard48 to wildcard140
[DEBUG] Dynamically added transition from wildcard47 to wildcard140
[DEBUG] Dynamically added transition from wildcard46 to wildcard140
[DEBUG] Dynamically added transition from wildcard45 to wildcard140
[DEBUG] Dynamically added transition from wildcard44 to wildcard140
[DEBUG] Dynamically added transition from wildcard43 to wildcard140
[DEBUG] Dynamically added transition from wildcard42 to wildcard140
[DEBUG] Dynamically added transition from wildcard41 to wildcard140
[DEBUG] Dynamically added transition from wildcard40 to wildcard140
[DEBUG] Dynamically added transition from wildcard121 to wildcard140
[DEBUG] Dynamically added transition from wildcard122 to wildcard140
[DEBUG] Dynamically added transition from wildcard120 to wildcard140
[DEBUG] Dynamically added transition from wildcard129 to wildcard140
[DEBUG] Dynamically added transition from wildcard127 to wildcard140
[DEBUG] Dynamically added transition from wildcard128 to wildcard140
[DEBUG] Dynamically added transition from wildcard125 to wildcard140
[DEBUG] Dynamically added transition from wildcard126 to wildcard140
[DEBUG] Dynamically added transition from wildcard123 to wildcard140
[DEBUG] Dynamically added transition from wildcard39 to wildcard140
[DEBUG] Dynamically added transition from wildcard124 to wildcard140
[DEBUG] Dynamically added transition from wildcard59 to wildcard140
[DEBUG] Dynamically added transition from wildcard58 to wildcard140
[DEBUG] Dynamically added transition from middle to wildcard140
[DEBUG] Dynamically added transition from wildcard57 to wildcard140
[DEBUG] Dynamically added transition from wildcard56 to wildcard140
[DEBUG] Dynamically added transition from wildcard55 to wildcard140
[DEBUG] Dynamically added transition from wildcard54 to wildcard140
[DEBUG] Dynamically added transition from wildcard53 to wildcard140
[DEBUG] Dynamically added transition from wildcard52 to wildcard140
[DEBUG] Dynamically added transition from wildcard51 to wildcard140
[DEBUG] Dynamically added transition from wildcard50 to wildcard140
[DEBUG] Dynamically added transition from wildcard132 to wildcard140
[DEBUG] Dynamically added transition from wildcard133 to wildcard140
[DEBUG] Dynamically added transition from wildcard130 to wildcard140
[DEBUG] Dynamically added transition from wildcard131 to wildcard140
[DEBUG] Dynamically added transition from wildcard138 to wildcard140
[DEBUG] Dynamically added transition from wildcard136 to wildcard140
[DEBUG] Dynamically added transition from wildcard137 to wildcard140
[DEBUG] Dynamically added transition from wildcard134 to wildcard140
[DEBUG] Dynamically added transition from wildcard135 to wildcard140
[DEBUG] Dynamically added transition from wildcard69 to wildcard140
[DEBUG] Dynamically added transition from wildcard68 to wildcard140
[DEBUG] Dynamically added transition from wildcard67 to wildcard140
[DEBUG] Dynamically added transition from wildcard66 to wildcard140
[DEBUG] Dynamically added transition from wildcard65 to wildcard140
[DEBUG] Dynamically added transition from wildcard64 to wildcard140
[DEBUG] Dynamically added transition from wildcard63 to wildcard140
[DEBUG] Dynamically added transition from wildcard62 to wildcard140
[DEBUG] Dynamically added transition from wildcard61 to wildcard140
[DEBUG] Dynamically added transition from wildcard60 to wildcard140
[DEBUG] Dynamically added transition from wildcard100 to wildcard140
[DEBUG] Dynamically added transition from wildcard107 to wildcard140
[DEBUG] Dynamically added transition from wildcard108 to wildcard140
[DEBUG] Dynamically added transition from wildcard105 to wildcard140
[DEBUG] Dynamically added transition from wildcard106 to wildcard140
[DEBUG] Dynamically added transition from wildcard103 to wildcard140
[DEBUG] Dynamically added transition from wildcard104 to wildcard140
[DEBUG] Dynamically added transition from wildcard101 to wildcard140
[DEBUG] Dynamically added transition from wildcard102 to wildcard140
[DEBUG] Dynamically added transition from wildcard79 to wildcard140
[DEBUG] Dynamically added transition from wildcard78 to wildcard140
[DEBUG] Dynamically added transition from wildcard77 to wildcard140
[DEBUG] Dynamically added transition from wildcard76 to wildcard140
[DEBUG] Dynamically added transition from wildcard109 to wildcard140
[DEBUG] Dynamically added transition from wildcard75 to wildcard140
[DEBUG] Dynamically added transition from wildcard74 to wildcard140
[DEBUG] Dynamically added transition from wildcard73 to wildcard140
[DEBUG] Dynamically added transition from wildcard72 to wildcard140
[DEBUG] Dynamically added transition from wildcard71 to wildcard140
[DEBUG] Dynamically added transition from wildcard70 to wildcard140
[DEBUG] Dynamically added transition from wildcard110 to wildcard140
[DEBUG] Dynamically added transition from wildcard111 to wildcard140
[DEBUG] Dynamically added transition from wildcard118 to wildcard140
[DEBUG] Dynamically added transition from wildcard119 to wildcard140
[DEBUG] Dynamically added transition from wildcard116 to wildcard140
[DEBUG] Dynamically added transition from wildcard117 to wildcard140
[DEBUG] Dynamically added transition from wildcard114 to wildcard140
[DEBUG] Dynamically added transition from wildcard115 to wildcard140
[DEBUG] Dynamically added transition from wildcard112 to wildcard140
[DEBUG] Dynamically added transition from wildcard113 to wildcard140
[DEBUG] Dynamically added transition from wildcard89 to wildcard140
[DEBUG] Dynamically added transition from wildcard88 to wildcard140
[DEBUG] Dynamically added transition from wildcard87 to wildcard140
[DEBUG] Dynamically added transition from wildcard86 to wildcard140
[DEBUG] Dynamically added transition from wildcard85 to wildcard140
[DEBUG] Dynamically added transition from wildcard84 to wildcard140
[DEBUG] Dynamically added transition from wildcard83 to wildcard140
[DEBUG] Dynamically added transition from wildcard82 to wildcard140
[DEBUG] Dynamically added transition from wildcard81 to wildcard140
[DEBUG] Dynamically added transition from wildcard80 to wildcard140
[DEBUG] Dynamically added transition from wildcard16 to wildcard140
[DEBUG] Dynamically added transition from wildcard15 to wildcard140
[DEBUG] Dynamically added transition from wildcard14 to wildcard140
[DEBUG] Dynamically added transition from wildcard13 to wildcard140
[DEBUG] Dynamically added transition from wildcard12 to wildcard140
[DEBUG] Dynamically added transition from wildcard11 to wildcard140
[DEBUG] Dynamically added transition from wildcard99 to wildcard140
[DEBUG] Dynamically added transition from wildcard10 to wildcard140
[DEBUG] Dynamically added transition from wildcard98 to wildcard140
[DEBUG] Dynamically added transition from wildcard97 to wildcard140
[DEBUG] Dynamically added transition from start to wildcard140
[DEBUG] Dynamically added transition from wildcard96 to wildcard140
[DEBUG] Dynamically added transition from wildcard95 to wildcard140
[DEBUG] Dynamically added transition from wildcard94 to wildcard140
[DEBUG] Dynamically added transition from wildcard93 to wildcard140
[DEBUG] Dynamically added transition from wildcard92 to wildcard140
[DEBUG] Dynamically added transition from wildcard91 to wildcard140
[DEBUG] Dynamically added transition from wildcard90 to wildcard140
[DEBUG] Dynamically added transition from wildcard140 to wildcard27
[DEBUG] Dynamically added transition from wildcard140 to wildcard26
[DEBUG] Dynamically added transition from wildcard140 to wildcard25
[DEBUG] Dynamically added transition from wildcard140 to wildcard24
[DEBUG] Dynamically added transition from wildcard140 to wildcard23
[DEBUG] Dynamically added transition from wildcard140 to wildcard22
[DEBUG] Dynamically added transition from wildcard140 to wildcard1
[DEBUG] Dynamically added transition from wildcard140 to wildcard21
[DEBUG] Dynamically added transition from wildcard140 to wildcard0
[DEBUG] Dynamically added transition from wildcard140 to wildcard20
[DEBUG] Dynamically added transition from wildcard140 to wildcard3
[DEBUG] Dynamically added transition from wildcard140 to wildcard2
[DEBUG] Dynamically added transition from wildcard140 to wildcard5
[DEBUG] Dynamically added transition from wildcard140 to wildcard4
[DEBUG] Dynamically added transition from wildcard140 to wildcard7
[DEBUG] Dynamically added transition from wildcard140 to wildcard6
[DEBUG] Dynamically added transition from wildcard140 to wildcard9
[DEBUG] Dynamically added transition from wildcard140 to wildcard8
[DEBUG] Dynamically added transition from wildcard140 to wildcard140
[DEBUG] Dynamically added transition from wildcard140 to wildcard19
[DEBUG] Dynamically added transition from wildcard140 to wildcard18
[DEBUG] Dynamically added transition from wildcard140 to wildcard17
[DEBUG] Dynamically added transition from wildcard140 to wildcard38
[DEBUG] Dynamically added transition from wildcard140 to wildcard37
[DEBUG] Dynamically added transition from wildcard140 to wildcard36
[DEBUG] Dynamically added transition from wildcard140 to wildcard35
[DEBUG] Dynamically added transition from wildcard140 to wildcard34
[DEBUG] Dynamically added transition from wildcard140 to wildcard33
[DEBUG] Dynamically added transition from wildcard140 to wildcard32
[DEBUG] Dynamically added transition from wildcard140 to wildcard31
[DEBUG] Dynamically added transition from wildcard140 to wildcard30
[DEBUG] Dynamically added transition from wildcard140 to wildcard29
[DEBUG] Dynamically added transition from wildcard140 to wildcard28
[DEBUG] Dynamically added transition from wildcard140 to wildcard49
[DEBUG] Dynamically added transition from wildcard140 to wildcard48
[DEBUG] Dynamically added transition from wildcard140 to wildcard47
[DEBUG] Dynamically added transition from wildcard140 to wildcard46
[DEBUG] Dynamically added transition from wildcard140 to wildcard45
[DEBUG] Dynamically added transition from wildcard140 to wildcard44
[DEBUG] Dynamically added transition from wildcard140 to wildcard43
[DEBUG] Dynamically added transition from wildcard140 to wildcard42
[DEBUG] Dynamically added transition from wildcard140 to wildcard41
[DEBUG] Dynamically added transition from wildcard140 to wildcard40
[DEBUG] Dynamically added transition from wildcard140 to wildcard121
[DEBUG] Dynamically added transition from wildcard140 to wildcard122
[DEBUG] Dynamically added transition from wildcard140 to wildcard120
[DEBUG] Dynamically added transition from wildcard140 to wildcard129
[DEBUG] Dynamically added transition from wildcard140 to wildcard127
[DEBUG] Dynamically added transition from wildcard140 to wildcard128
[DEBUG] Dynamically added transition from wildcard140 to wildcard125
[DEBUG] Dynamically added transition from wildcard140 to wildcard126
[DEBUG] Dynamically added transition from wildcard140 to wildcard123
[DEBUG] Dynamically added transition from wildcard140 to wildcard39
[DEBUG] Dynamically added transition from wildcard140 to wildcard124
[DEBUG] Dynamically added transition from wildcard140 to wildcard59
[DEBUG] Dynamically added transition from wildcard140 to wildcard58
[DEBUG] Dynamically added transition from wildcard140 to middle
[DEBUG] Dynamically added transition from wildcard140 to wildcard57
[DEBUG] Dynamically added transition from wildcard140 to wildcard56
[DEBUG] Dynamically added transition from wildcard140 to wildcard55
[DEBUG] Dynamically added transition from wildcard140 to wildcard54
[DEBUG] Dynamically added transition from wildcard140 to wildcard53
[DEBUG] Dynamically added transition from wildcard140 to wildcard52
[DEBUG] Dynamically added transition from wildcard140 to wildcard51
[DEBUG] Dynamically added transition from wildcard140 to wildcard50
[DEBUG] Dynamically added transition from wildcard140 to wildcard132
[DEBUG] Dynamically added transition from wildcard140 to wildcard133
[DEBUG] Dynamically added transition from wildcard140 to wildcard130
[DEBUG] Dynamically added transition from wildcard140 to wildcard131
[DEBUG] Dynamically added transition from wildcard140 to wildcard138
[DEBUG] Dynamically added transition from wildcard140 to wildcard139
[DEBUG] Dynamically added transition from wildcard140 to wildcard136
[DEBUG] Dynamically added transition from wildcard140 to wildcard137
[DEBUG] Dynamically added transition from wildcard140 to wildcard134
[DEBUG] Dynamically added transition from wildcard140 to wildcard135
[DEBUG] Dynamically added transition from wildcard140 to wildcard69
[DEBUG] Dynamically added transition from wildcard140 to wildcard68
[DEBUG] Dynamically added transition from wildcard140 to wildcard67
[DEBUG] Dynamically added transition from wildcard140 to wildcard66
[DEBUG] Dynamically added transition from wildcard140 to wildcard65
[DEBUG] Dynamically added transition from wildcard140 to wildcard64
[DEBUG] Dynamically added transition from wildcard140 to wildcard63
[DEBUG] Dynamically added transition from wildcard140 to wildcard62
[DEBUG] Dynamically added transition from wildcard140 to wildcard61
[DEBUG] Dynamically added transition from wildcard140 to wildcard60
[DEBUG] Dynamically added transition from wildcard140 to wildcard100
[DEBUG] Dynamically added transition from wildcard140 to wildcard107
[DEBUG] Dynamically added transition from wildcard140 to wildcard108
[DEBUG] Dynamically added transition from wildcard140 to wildcard105
[DEBUG] Dynamically added transition from wildcard140 to wildcard106
[DEBUG] Dynamically added transition from wildcard140 to wildcard103
[DEBUG] Dynamically added transition from wildcard140 to wildcard104
[DEBUG] Dynamically added transition from wildcard140 to wildcard101
[DEBUG] Dynamically added transition from wildcard140 to wildcard102
[DEBUG] Dynamically added transition from wildcard140 to wildcard79
[DEBUG] Dynamically added transition from wildcard140 to wildcard78
[DEBUG] Dynamically added transition from wildcard140 to wildcard77
[DEBUG] Dynamically added transition from wildcard140 to wildcard76
[DEBUG] Dynamically added transition from wildcard140 to wildcard109
[DEBUG] Dynamically added transition from wildcard140 to wildcard75
[DEBUG] Dynamically added transition from wildcard140 to wildcard74
[DEBUG] Dynamically added transition from wildcard140 to wildcard73
[DEBUG] Dynamically added transition from wildcard140 to wildcard72
[DEBUG] Dynamically added transition from wildcard140 to wildcard71
[DEBUG] Dynamically added transition from wildcard140 to wildcard70
[DEBUG] Dynamically added transition from wildcard140 to wildcard110
[DEBUG] Dynamically added transition from wildcard140 to wildcard111
[DEBUG] Dynamically added transition from wildcard140 to wildcard118
[DEBUG] Dynamically added transition from wildcard140 to wildcard119
[DEBUG] Dynamically added transition from wildcard140 to wildcard116
[DEBUG] Dynamically added transition from wildcard140 to wildcard117
[DEBUG] Dynamically added transition from wildcard140 to .*
[DEBUG] Dynamically added transition from wildcard140 to wildcard114
[DEBUG] Dynamically added transition from wildcard140 to wildcard115
[DEBUG] Dynamically added transition from wildcard140 to wildcard112
[DEBUG] Dynamically added transition from wildcard140 to wildcard113
[DEBUG] Dynamically added transition from wildcard140 to wildcard89
[DEBUG] Dynamically added transition from wildcard140 to wildcard88
[DEBUG] Dynamically added transition from wildcard140 to wildcard87
[DEBUG] Dynamically added transition from wildcard140 to wildcard86
[DEBUG] Dynamically added transition from wildcard140 to INITIAL
[DEBUG] Dynamically added transition from wildcard140 to wildcard85
[DEBUG] Dynamically added transition from wildcard140 to wildcard84
[DEBUG] Dynamically added transition from wildcard140 to wildcard83
[DEBUG] Dynamically added transition from wildcard140 to wildcard82
[DEBUG] Dynamically added transition from wildcard140 to wildcard81
[DEBUG] Dynamically added transition from wildcard140 to wildcard80
[DEBUG] Dynamically added transition from wildcard140 to end
[DEBUG] Dynamically added transition from wildcard140 to wildcard16
[DEBUG] Dynamically added transition from wildcard140 to wildcard15
[DEBUG] Dynamically added transition from wildcard140 to wildcard14
[DEBUG] Dynamically added transition from wildcard140 to wildcard13
[DEBUG] Dynamically added transition from wildcard140 to wildcard12
[DEBUG] Dynamically added transition from wildcard140 to wildcard11
[DEBUG] Dynamically added transition from wildcard140 to wildcard99
[DEBUG] Dynamically added transition from wildcard140 to wildcard10
[DEBUG] Dynamically added transition from wildcard140 to wildcard98
[DEBUG] Dynamically added transition from wildcard140 to wildcard97
[DEBUG] Dynamically added transition from wildcard140 to start
[DEBUG] Dynamically added transition from wildcard140 to wildcard96
[DEBUG] Dynamically added transition from wildcard140 to wildcard95
[DEBUG] Dynamically added transition from wildcard140 to wildcard94
[DEBUG] Dynamically added transition from wildcard140 to wildcard93
[DEBUG] Dynamically added transition from wildcard140 to wildcard92
[DEBUG] Dynamically added transition from wildcard140 to wildcard91
[DEBUG] Dynamically added transition from wildcard140 to wildcard90
[INFO] Wildcard transition valid to state: wildcard140
[INFO] Wildcard transition detected from wildcard140 to wildcard141
[DEBUG] Created intermediate state for wildcard transition: wildcard141
[DEBUG] Dynamically added transition from wildcard140 to wildcard141
[DEBUG] Dynamically added transition from wildcard27 to wildcard141
[DEBUG] Dynamically added transition from wildcard26 to wildcard141
[DEBUG] Dynamically added transition from wildcard25 to wildcard141
[DEBUG] Dynamically added transition from wildcard24 to wildcard141
[DEBUG] Dynamically added transition from wildcard23 to wildcard141
[DEBUG] Dynamically added transition from wildcard22 to wildcard141
[DEBUG] Dynamically added transition from wildcard1 to wildcard141
[DEBUG] Dynamically added transition from wildcard21 to wildcard141
[DEBUG] Dynamically added transition from wildcard0 to wildcard141
[DEBUG] Dynamically added transition from wildcard20 to wildcard141
[DEBUG] Dynamically added transition from wildcard3 to wildcard141
[DEBUG] Dynamically added transition from wildcard2 to wildcard141
[DEBUG] Dynamically added transition from wildcard5 to wildcard141
[DEBUG] Dynamically added transition from wildcard4 to wildcard141
[DEBUG] Dynamically added transition from wildcard7 to wildcard141
[DEBUG] Dynamically added transition from wildcard6 to wildcard141
[DEBUG] Dynamically added transition from wildcard9 to wildcard141
[DEBUG] Dynamically added transition from wildcard8 to wildcard141
[DEBUG] Dynamically added transition from wildcard19 to wildcard141
[DEBUG] Dynamically added transition from wildcard18 to wildcard141
[DEBUG] Dynamically added transition from wildcard17 to wildcard141
[DEBUG] Dynamically added transition from wildcard38 to wildcard141
[DEBUG] Dynamically added transition from wildcard37 to wildcard141
[DEBUG] Dynamically added transition from wildcard36 to wildcard141
[DEBUG] Dynamically added transition from wildcard35 to wildcard141
[DEBUG] Dynamically added transition from wildcard34 to wildcard141
[DEBUG] Dynamically added transition from wildcard33 to wildcard141
[DEBUG] Dynamically added transition from wildcard32 to wildcard141
[DEBUG] Dynamically added transition from wildcard31 to wildcard141
[DEBUG] Dynamically added transition from wildcard30 to wildcard141
[DEBUG] Dynamically added transition from wildcard29 to wildcard141
[DEBUG] Dynamically added transition from wildcard28 to wildcard141
[DEBUG] Dynamically added transition from wildcard49 to wildcard141
[DEBUG] Dynamically added transition from wildcard48 to wildcard141
[DEBUG] Dynamically added transition from wildcard47 to wildcard141
[DEBUG] Dynamically added transition from wildcard46 to wildcard141
[DEBUG] Dynamically added transition from wildcard45 to wildcard141
[DEBUG] Dynamically added transition from wildcard44 to wildcard141
[DEBUG] Dynamically added transition from wildcard43 to wildcard141
[DEBUG] Dynamically added transition from wildcard42 to wildcard141
[DEBUG] Dynamically added transition from wildcard41 to wildcard141
[DEBUG] Dynamically added transition from wildcard40 to wildcard141
[DEBUG] Dynamically added transition from wildcard121 to wildcard141
[DEBUG] Dynamically added transition from wildcard122 to wildcard141
[DEBUG] Dynamically added transition from wildcard120 to wildcard141
[DEBUG] Dynamically added transition from wildcard129 to wildcard141
[DEBUG] Dynamically added transition from wildcard127 to wildcard141
[DEBUG] Dynamically added transition from wildcard128 to wildcard141
[DEBUG] Dynamically added transition from wildcard125 to wildcard141
[DEBUG] Dynamically added transition from wildcard126 to wildcard141
[DEBUG] Dynamically added transition from wildcard123 to wildcard141
[DEBUG] Dynamically added transition from wildcard39 to wildcard141
[DEBUG] Dynamically added transition from wildcard124 to wildcard141
[DEBUG] Dynamically added transition from wildcard59 to wildcard141
[DEBUG] Dynamically added transition from wildcard58 to wildcard141
[DEBUG] Dynamically added transition from middle to wildcard141
[DEBUG] Dynamically added transition from wildcard57 to wildcard141
[DEBUG] Dynamically added transition from wildcard56 to wildcard141
[DEBUG] Dynamically added transition from wildcard55 to wildcard141
[DEBUG] Dynamically added transition from wildcard54 to wildcard141
[DEBUG] Dynamically added transition from wildcard53 to wildcard141
[DEBUG] Dynamically added transition from wildcard52 to wildcard141
[DEBUG] Dynamically added transition from wildcard51 to wildcard141
[DEBUG] Dynamically added transition from wildcard50 to wildcard141
[DEBUG] Dynamically added transition from wildcard132 to wildcard141
[DEBUG] Dynamically added transition from wildcard133 to wildcard141
[DEBUG] Dynamically added transition from wildcard130 to wildcard141
[DEBUG] Dynamically added transition from wildcard131 to wildcard141
[DEBUG] Dynamically added transition from wildcard138 to wildcard141
[DEBUG] Dynamically added transition from wildcard139 to wildcard141
[DEBUG] Dynamically added transition from wildcard136 to wildcard141
[DEBUG] Dynamically added transition from wildcard137 to wildcard141
[DEBUG] Dynamically added transition from wildcard134 to wildcard141
[DEBUG] Dynamically added transition from wildcard135 to wildcard141
[DEBUG] Dynamically added transition from wildcard69 to wildcard141
[DEBUG] Dynamically added transition from wildcard68 to wildcard141
[DEBUG] Dynamically added transition from wildcard67 to wildcard141
[DEBUG] Dynamically added transition from wildcard66 to wildcard141
[DEBUG] Dynamically added transition from wildcard65 to wildcard141
[DEBUG] Dynamically added transition from wildcard64 to wildcard141
[DEBUG] Dynamically added transition from wildcard63 to wildcard141
[DEBUG] Dynamically added transition from wildcard62 to wildcard141
[DEBUG] Dynamically added transition from wildcard61 to wildcard141
[DEBUG] Dynamically added transition from wildcard60 to wildcard141
[DEBUG] Dynamically added transition from wildcard100 to wildcard141
[DEBUG] Dynamically added transition from wildcard107 to wildcard141
[DEBUG] Dynamically added transition from wildcard108 to wildcard141
[DEBUG] Dynamically added transition from wildcard105 to wildcard141
[DEBUG] Dynamically added transition from wildcard106 to wildcard141
[DEBUG] Dynamically added transition from wildcard103 to wildcard141
[DEBUG] Dynamically added transition from wildcard104 to wildcard141
[DEBUG] Dynamically added transition from wildcard101 to wildcard141
[DEBUG] Dynamically added transition from wildcard102 to wildcard141
[DEBUG] Dynamically added transition from wildcard79 to wildcard141
[DEBUG] Dynamically added transition from wildcard78 to wildcard141
[DEBUG] Dynamically added transition from wildcard77 to wildcard141
[DEBUG] Dynamically added transition from wildcard76 to wildcard141
[DEBUG] Dynamically added transition from wildcard109 to wildcard141
[DEBUG] Dynamically added transition from wildcard75 to wildcard141
[DEBUG] Dynamically added transition from wildcard74 to wildcard141
[DEBUG] Dynamically added transition from wildcard73 to wildcard141
[DEBUG] Dynamically added transition from wildcard72 to wildcard141
[DEBUG] Dynamically added transition from wildcard71 to wildcard141
[DEBUG] Dynamically added transition from wildcard70 to wildcard141
[DEBUG] Dynamically added transition from wildcard110 to wildcard141
[DEBUG] Dynamically added transition from wildcard111 to wildcard141
[DEBUG] Dynamically added transition from wildcard118 to wildcard141
[DEBUG] Dynamically added transition from wildcard119 to wildcard141
[DEBUG] Dynamically added transition from wildcard116 to wildcard141
[DEBUG] Dynamically added transition from wildcard117 to wildcard141
[DEBUG] Dynamically added transition from wildcard114 to wildcard141
[DEBUG] Dynamically added transition from wildcard115 to wildcard141
[DEBUG] Dynamically added transition from wildcard112 to wildcard141
[DEBUG] Dynamically added transition from wildcard113 to wildcard141
[DEBUG] Dynamically added transition from wildcard89 to wildcard141
[DEBUG] Dynamically added transition from wildcard88 to wildcard141
[DEBUG] Dynamically added transition from wildcard87 to wildcard141
[DEBUG] Dynamically added transition from wildcard86 to wildcard141
[DEBUG] Dynamically added transition from wildcard85 to wildcard141
[DEBUG] Dynamically added transition from wildcard84 to wildcard141
[DEBUG] Dynamically added transition from wildcard83 to wildcard141
[DEBUG] Dynamically added transition from wildcard82 to wildcard141
[DEBUG] Dynamically added transition from wildcard81 to wildcard141
[DEBUG] Dynamically added transition from wildcard80 to wildcard141
[DEBUG] Dynamically added transition from wildcard16 to wildcard141
[DEBUG] Dynamically added transition from wildcard15 to wildcard141
[DEBUG] Dynamically added transition from wildcard14 to wildcard141
[DEBUG] Dynamically added transition from wildcard13 to wildcard141
[DEBUG] Dynamically added transition from wildcard12 to wildcard141
[DEBUG] Dynamically added transition from wildcard11 to wildcard141
[DEBUG] Dynamically added transition from wildcard99 to wildcard141
[DEBUG] Dynamically added transition from wildcard10 to wildcard141
[DEBUG] Dynamically added transition from wildcard98 to wildcard141
[DEBUG] Dynamically added transition from wildcard97 to wildcard141
[DEBUG] Dynamically added transition from start to wildcard141
[DEBUG] Dynamically added transition from wildcard96 to wildcard141
[DEBUG] Dynamically added transition from wildcard95 to wildcard141
[DEBUG] Dynamically added transition from wildcard94 to wildcard141
[DEBUG] Dynamically added transition from wildcard93 to wildcard141
[DEBUG] Dynamically added transition from wildcard92 to wildcard141
[DEBUG] Dynamically added transition from wildcard91 to wildcard141
[DEBUG] Dynamically added transition from wildcard90 to wildcard141
[DEBUG] Dynamically added transition from wildcard141 to wildcard27
[DEBUG] Dynamically added transition from wildcard141 to wildcard26
[DEBUG] Dynamically added transition from wildcard141 to wildcard25
[DEBUG] Dynamically added transition from wildcard141 to wildcard24
[DEBUG] Dynamically added transition from wildcard141 to wildcard23
[DEBUG] Dynamically added transition from wildcard141 to wildcard22
[DEBUG] Dynamically added transition from wildcard141 to wildcard1
[DEBUG] Dynamically added transition from wildcard141 to wildcard21
[DEBUG] Dynamically added transition from wildcard141 to wildcard0
[DEBUG] Dynamically added transition from wildcard141 to wildcard20
[DEBUG] Dynamically added transition from wildcard141 to wildcard3
[DEBUG] Dynamically added transition from wildcard141 to wildcard2
[DEBUG] Dynamically added transition from wildcard141 to wildcard5
[DEBUG] Dynamically added transition from wildcard141 to wildcard4
[DEBUG] Dynamically added transition from wildcard141 to wildcard7
[DEBUG] Dynamically added transition from wildcard141 to wildcard6
[DEBUG] Dynamically added transition from wildcard141 to wildcard9
[DEBUG] Dynamically added transition from wildcard141 to wildcard8
[DEBUG] Dynamically added transition from wildcard141 to wildcard141
[DEBUG] Dynamically added transition from wildcard141 to wildcard140
[DEBUG] Dynamically added transition from wildcard141 to wildcard19
[DEBUG] Dynamically added transition from wildcard141 to wildcard18
[DEBUG] Dynamically added transition from wildcard141 to wildcard17
[DEBUG] Dynamically added transition from wildcard141 to wildcard38
[DEBUG] Dynamically added transition from wildcard141 to wildcard37
[DEBUG] Dynamically added transition from wildcard141 to wildcard36
[DEBUG] Dynamically added transition from wildcard141 to wildcard35
[DEBUG] Dynamically added transition from wildcard141 to wildcard34
[DEBUG] Dynamically added transition from wildcard141 to wildcard33
[DEBUG] Dynamically added transition from wildcard141 to wildcard32
[DEBUG] Dynamically added transition from wildcard141 to wildcard31
[DEBUG] Dynamically added transition from wildcard141 to wildcard30
[DEBUG] Dynamically added transition from wildcard141 to wildcard29
[DEBUG] Dynamically added transition from wildcard141 to wildcard28
[DEBUG] Dynamically added transition from wildcard141 to wildcard49
[DEBUG] Dynamically added transition from wildcard141 to wildcard48
[DEBUG] Dynamically added transition from wildcard141 to wildcard47
[DEBUG] Dynamically added transition from wildcard141 to wildcard46
[DEBUG] Dynamically added transition from wildcard141 to wildcard45
[DEBUG] Dynamically added transition from wildcard141 to wildcard44
[DEBUG] Dynamically added transition from wildcard141 to wildcard43
[DEBUG] Dynamically added transition from wildcard141 to wildcard42
[DEBUG] Dynamically added transition from wildcard141 to wildcard41
[DEBUG] Dynamically added transition from wildcard141 to wildcard40
[DEBUG] Dynamically added transition from wildcard141 to wildcard121
[DEBUG] Dynamically added transition from wildcard141 to wildcard122
[DEBUG] Dynamically added transition from wildcard141 to wildcard120
[DEBUG] Dynamically added transition from wildcard141 to wildcard129
[DEBUG] Dynamically added transition from wildcard141 to wildcard127
[DEBUG] Dynamically added transition from wildcard141 to wildcard128
[DEBUG] Dynamically added transition from wildcard141 to wildcard125
[DEBUG] Dynamically added transition from wildcard141 to wildcard126
[DEBUG] Dynamically added transition from wildcard141 to wildcard123
[DEBUG] Dynamically added transition from wildcard141 to wildcard39
[DEBUG] Dynamically added transition from wildcard141 to wildcard124
[DEBUG] Dynamically added transition from wildcard141 to wildcard59
[DEBUG] Dynamically added transition from wildcard141 to wildcard58
[DEBUG] Dynamically added transition from wildcard141 to middle
[DEBUG] Dynamically added transition from wildcard141 to wildcard57
[DEBUG] Dynamically added transition from wildcard141 to wildcard56
[DEBUG] Dynamically added transition from wildcard141 to wildcard55
[DEBUG] Dynamically added transition from wildcard141 to wildcard54
[DEBUG] Dynamically added transition from wildcard141 to wildcard53
[DEBUG] Dynamically added transition from wildcard141 to wildcard52
[DEBUG] Dynamically added transition from wildcard141 to wildcard51
[DEBUG] Dynamically added transition from wildcard141 to wildcard50
[DEBUG] Dynamically added transition from wildcard141 to wildcard132
[DEBUG] Dynamically added transition from wildcard141 to wildcard133
[DEBUG] Dynamically added transition from wildcard141 to wildcard130
[DEBUG] Dynamically added transition from wildcard141 to wildcard131
[DEBUG] Dynamically added transition from wildcard141 to wildcard138
[DEBUG] Dynamically added transition from wildcard141 to wildcard139
[DEBUG] Dynamically added transition from wildcard141 to wildcard136
[DEBUG] Dynamically added transition from wildcard141 to wildcard137
[DEBUG] Dynamically added transition from wildcard141 to wildcard134
[DEBUG] Dynamically added transition from wildcard141 to wildcard135
[DEBUG] Dynamically added transition from wildcard141 to wildcard69
[DEBUG] Dynamically added transition from wildcard141 to wildcard68
[DEBUG] Dynamically added transition from wildcard141 to wildcard67
[DEBUG] Dynamically added transition from wildcard141 to wildcard66
[DEBUG] Dynamically added transition from wildcard141 to wildcard65
[DEBUG] Dynamically added transition from wildcard141 to wildcard64
[DEBUG] Dynamically added transition from wildcard141 to wildcard63
[DEBUG] Dynamically added transition from wildcard141 to wildcard62
[DEBUG] Dynamically added transition from wildcard141 to wildcard61
[DEBUG] Dynamically added transition from wildcard141 to wildcard60
[DEBUG] Dynamically added transition from wildcard141 to wildcard100
[DEBUG] Dynamically added transition from wildcard141 to wildcard107
[DEBUG] Dynamically added transition from wildcard141 to wildcard108
[DEBUG] Dynamically added transition from wildcard141 to wildcard105
[DEBUG] Dynamically added transition from wildcard141 to wildcard106
[DEBUG] Dynamically added transition from wildcard141 to wildcard103
[DEBUG] Dynamically added transition from wildcard141 to wildcard104
[DEBUG] Dynamically added transition from wildcard141 to wildcard101
[DEBUG] Dynamically added transition from wildcard141 to wildcard102
[DEBUG] Dynamically added transition from wildcard141 to wildcard79
[DEBUG] Dynamically added transition from wildcard141 to wildcard78
[DEBUG] Dynamically added transition from wildcard141 to wildcard77
[DEBUG] Dynamically added transition from wildcard141 to wildcard76
[DEBUG] Dynamically added transition from wildcard141 to wildcard109
[DEBUG] Dynamically added transition from wildcard141 to wildcard75
[DEBUG] Dynamically added transition from wildcard141 to wildcard74
[DEBUG] Dynamically added transition from wildcard141 to wildcard73
[DEBUG] Dynamically added transition from wildcard141 to wildcard72
[DEBUG] Dynamically added transition from wildcard141 to wildcard71
[DEBUG] Dynamically added transition from wildcard141 to wildcard70
[DEBUG] Dynamically added transition from wildcard141 to wildcard110
[DEBUG] Dynamically added transition from wildcard141 to wildcard111
[DEBUG] Dynamically added transition from wildcard141 to wildcard118
[DEBUG] Dynamically added transition from wildcard141 to wildcard119
[DEBUG] Dynamically added transition from wildcard141 to wildcard116
[DEBUG] Dynamically added transition from wildcard141 to wildcard117
[DEBUG] Dynamically added transition from wildcard141 to .*
[DEBUG] Dynamically added transition from wildcard141 to wildcard114
[DEBUG] Dynamically added transition from wildcard141 to wildcard115
[DEBUG] Dynamically added transition from wildcard141 to wildcard112
[DEBUG] Dynamically added transition from wildcard141 to wildcard113
[DEBUG] Dynamically added transition from wildcard141 to wildcard89
[DEBUG] Dynamically added transition from wildcard141 to wildcard88
[DEBUG] Dynamically added transition from wildcard141 to wildcard87
[DEBUG] Dynamically added transition from wildcard141 to wildcard86
[DEBUG] Dynamically added transition from wildcard141 to INITIAL
[DEBUG] Dynamically added transition from wildcard141 to wildcard85
[DEBUG] Dynamically added transition from wildcard141 to wildcard84
[DEBUG] Dynamically added transition from wildcard141 to wildcard83
[DEBUG] Dynamically added transition from wildcard141 to wildcard82
[DEBUG] Dynamically added transition from wildcard141 to wildcard81
[DEBUG] Dynamically added transition from wildcard141 to wildcard80
[DEBUG] Dynamically added transition from wildcard141 to end
[DEBUG] Dynamically added transition from wildcard141 to wildcard16
[DEBUG] Dynamically added transition from wildcard141 to wildcard15
[DEBUG] Dynamically added transition from wildcard141 to wildcard14
[DEBUG] Dynamically added transition from wildcard141 to wildcard13
[DEBUG] Dynamically added transition from wildcard141 to wildcard12
[DEBUG] Dynamically added transition from wildcard141 to wildcard11
[DEBUG] Dynamically added transition from wildcard141 to wildcard99
[DEBUG] Dynamically added transition from wildcard141 to wildcard10
[DEBUG] Dynamically added transition from wildcard141 to wildcard98
[DEBUG] Dynamically added transition from wildcard141 to wildcard97
[DEBUG] Dynamically added transition from wildcard141 to start
[DEBUG] Dynamically added transition from wildcard141 to wildcard96
[DEBUG] Dynamically added transition from wildcard141 to wildcard95
[DEBUG] Dynamically added transition from wildcard141 to wildcard94
[DEBUG] Dynamically added transition from wildcard141 to wildcard93
[DEBUG] Dynamically added transition from wildcard141 to wildcard92
[DEBUG] Dynamically added transition from wildcard141 to wildcard91
[DEBUG] Dynamically added transition from wildcard141 to wildcard90
[INFO] Wildcard transition valid to state: wildcard141
[INFO] Wildcard transition detected from wildcard141 to wildcard142
[DEBUG] Created intermediate state for wildcard transition: wildcard142
[DEBUG] Dynamically added transition from wildcard141 to wildcard142
[DEBUG] Dynamically added transition from wildcard27 to wildcard142
[DEBUG] Dynamically added transition from wildcard26 to wildcard142
[DEBUG] Dynamically added transition from wildcard25 to wildcard142
[DEBUG] Dynamically added transition from wildcard24 to wildcard142
[DEBUG] Dynamically added transition from wildcard23 to wildcard142
[DEBUG] Dynamically added transition from wildcard22 to wildcard142
[DEBUG] Dynamically added transition from wildcard1 to wildcard142
[DEBUG] Dynamically added transition from wildcard21 to wildcard142
[DEBUG] Dynamically added transition from wildcard0 to wildcard142
[DEBUG] Dynamically added transition from wildcard20 to wildcard142
[DEBUG] Dynamically added transition from wildcard3 to wildcard142
[DEBUG] Dynamically added transition from wildcard2 to wildcard142
[DEBUG] Dynamically added transition from wildcard5 to wildcard142
[DEBUG] Dynamically added transition from wildcard4 to wildcard142
[DEBUG] Dynamically added transition from wildcard7 to wildcard142
[DEBUG] Dynamically added transition from wildcard6 to wildcard142
[DEBUG] Dynamically added transition from wildcard9 to wildcard142
[DEBUG] Dynamically added transition from wildcard8 to wildcard142
[DEBUG] Dynamically added transition from wildcard140 to wildcard142
[DEBUG] Dynamically added transition from wildcard19 to wildcard142
[DEBUG] Dynamically added transition from wildcard18 to wildcard142
[DEBUG] Dynamically added transition from wildcard17 to wildcard142
[DEBUG] Dynamically added transition from wildcard38 to wildcard142
[DEBUG] Dynamically added transition from wildcard37 to wildcard142
[DEBUG] Dynamically added transition from wildcard36 to wildcard142
[DEBUG] Dynamically added transition from wildcard35 to wildcard142
[DEBUG] Dynamically added transition from wildcard34 to wildcard142
[DEBUG] Dynamically added transition from wildcard33 to wildcard142
[DEBUG] Dynamically added transition from wildcard32 to wildcard142
[DEBUG] Dynamically added transition from wildcard31 to wildcard142
[DEBUG] Dynamically added transition from wildcard30 to wildcard142
[DEBUG] Dynamically added transition from wildcard29 to wildcard142
[DEBUG] Dynamically added transition from wildcard28 to wildcard142
[DEBUG] Dynamically added transition from wildcard49 to wildcard142
[DEBUG] Dynamically added transition from wildcard48 to wildcard142
[DEBUG] Dynamically added transition from wildcard47 to wildcard142
[DEBUG] Dynamically added transition from wildcard46 to wildcard142
[DEBUG] Dynamically added transition from wildcard45 to wildcard142
[DEBUG] Dynamically added transition from wildcard44 to wildcard142
[DEBUG] Dynamically added transition from wildcard43 to wildcard142
[DEBUG] Dynamically added transition from wildcard42 to wildcard142
[DEBUG] Dynamically added transition from wildcard41 to wildcard142
[DEBUG] Dynamically added transition from wildcard40 to wildcard142
[DEBUG] Dynamically added transition from wildcard121 to wildcard142
[DEBUG] Dynamically added transition from wildcard122 to wildcard142
[DEBUG] Dynamically added transition from wildcard120 to wildcard142
[DEBUG] Dynamically added transition from wildcard129 to wildcard142
[DEBUG] Dynamically added transition from wildcard127 to wildcard142
[DEBUG] Dynamically added transition from wildcard128 to wildcard142
[DEBUG] Dynamically added transition from wildcard125 to wildcard142
[DEBUG] Dynamically added transition from wildcard126 to wildcard142
[DEBUG] Dynamically added transition from wildcard123 to wildcard142
[DEBUG] Dynamically added transition from wildcard39 to wildcard142
[DEBUG] Dynamically added transition from wildcard124 to wildcard142
[DEBUG] Dynamically added transition from wildcard59 to wildcard142
[DEBUG] Dynamically added transition from wildcard58 to wildcard142
[DEBUG] Dynamically added transition from middle to wildcard142
[DEBUG] Dynamically added transition from wildcard57 to wildcard142
[DEBUG] Dynamically added transition from wildcard56 to wildcard142
[DEBUG] Dynamically added transition from wildcard55 to wildcard142
[DEBUG] Dynamically added transition from wildcard54 to wildcard142
[DEBUG] Dynamically added transition from wildcard53 to wildcard142
[DEBUG] Dynamically added transition from wildcard52 to wildcard142
[DEBUG] Dynamically added transition from wildcard51 to wildcard142
[DEBUG] Dynamically added transition from wildcard50 to wildcard142
[DEBUG] Dynamically added transition from wildcard132 to wildcard142
[DEBUG] Dynamically added transition from wildcard133 to wildcard142
[DEBUG] Dynamically added transition from wildcard130 to wildcard142
[DEBUG] Dynamically added transition from wildcard131 to wildcard142
[DEBUG] Dynamically added transition from wildcard138 to wildcard142
[DEBUG] Dynamically added transition from wildcard139 to wildcard142
[DEBUG] Dynamically added transition from wildcard136 to wildcard142
[DEBUG] Dynamically added transition from wildcard137 to wildcard142
[DEBUG] Dynamically added transition from wildcard134 to wildcard142
[DEBUG] Dynamically added transition from wildcard135 to wildcard142
[DEBUG] Dynamically added transition from wildcard69 to wildcard142
[DEBUG] Dynamically added transition from wildcard68 to wildcard142
[DEBUG] Dynamically added transition from wildcard67 to wildcard142
[DEBUG] Dynamically added transition from wildcard66 to wildcard142
[DEBUG] Dynamically added transition from wildcard65 to wildcard142
[DEBUG] Dynamically added transition from wildcard64 to wildcard142
[DEBUG] Dynamically added transition from wildcard63 to wildcard142
[DEBUG] Dynamically added transition from wildcard62 to wildcard142
[DEBUG] Dynamically added transition from wildcard61 to wildcard142
[DEBUG] Dynamically added transition from wildcard60 to wildcard142
[DEBUG] Dynamically added transition from wildcard100 to wildcard142
[DEBUG] Dynamically added transition from wildcard107 to wildcard142
[DEBUG] Dynamically added transition from wildcard108 to wildcard142
[DEBUG] Dynamically added transition from wildcard105 to wildcard142
[DEBUG] Dynamically added transition from wildcard106 to wildcard142
[DEBUG] Dynamically added transition from wildcard103 to wildcard142
[DEBUG] Dynamically added transition from wildcard104 to wildcard142
[DEBUG] Dynamically added transition from wildcard101 to wildcard142
[DEBUG] Dynamically added transition from wildcard102 to wildcard142
[DEBUG] Dynamically added transition from wildcard79 to wildcard142
[DEBUG] Dynamically added transition from wildcard78 to wildcard142
[DEBUG] Dynamically added transition from wildcard77 to wildcard142
[DEBUG] Dynamically added transition from wildcard76 to wildcard142
[DEBUG] Dynamically added transition from wildcard109 to wildcard142
[DEBUG] Dynamically added transition from wildcard75 to wildcard142
[DEBUG] Dynamically added transition from wildcard74 to wildcard142
[DEBUG] Dynamically added transition from wildcard73 to wildcard142
[DEBUG] Dynamically added transition from wildcard72 to wildcard142
[DEBUG] Dynamically added transition from wildcard71 to wildcard142
[DEBUG] Dynamically added transition from wildcard70 to wildcard142
[DEBUG] Dynamically added transition from wildcard110 to wildcard142
[DEBUG] Dynamically added transition from wildcard111 to wildcard142
[DEBUG] Dynamically added transition from wildcard118 to wildcard142
[DEBUG] Dynamically added transition from wildcard119 to wildcard142
[DEBUG] Dynamically added transition from wildcard116 to wildcard142
[DEBUG] Dynamically added transition from wildcard117 to wildcard142
[DEBUG] Dynamically added transition from wildcard114 to wildcard142
[DEBUG] Dynamically added transition from wildcard115 to wildcard142
[DEBUG] Dynamically added transition from wildcard112 to wildcard142
[DEBUG] Dynamically added transition from wildcard113 to wildcard142
[DEBUG] Dynamically added transition from wildcard89 to wildcard142
[DEBUG] Dynamically added transition from wildcard88 to wildcard142
[DEBUG] Dynamically added transition from wildcard87 to wildcard142
[DEBUG] Dynamically added transition from wildcard86 to wildcard142
[DEBUG] Dynamically added transition from wildcard85 to wildcard142
[DEBUG] Dynamically added transition from wildcard84 to wildcard142
[DEBUG] Dynamically added transition from wildcard83 to wildcard142
[DEBUG] Dynamically added transition from wildcard82 to wildcard142
[DEBUG] Dynamically added transition from wildcard81 to wildcard142
[DEBUG] Dynamically added transition from wildcard80 to wildcard142
[DEBUG] Dynamically added transition from wildcard16 to wildcard142
[DEBUG] Dynamically added transition from wildcard15 to wildcard142
[DEBUG] Dynamically added transition from wildcard14 to wildcard142
[DEBUG] Dynamically added transition from wildcard13 to wildcard142
[DEBUG] Dynamically added transition from wildcard12 to wildcard142
[DEBUG] Dynamically added transition from wildcard11 to wildcard142
[DEBUG] Dynamically added transition from wildcard99 to wildcard142
[DEBUG] Dynamically added transition from wildcard10 to wildcard142
[DEBUG] Dynamically added transition from wildcard98 to wildcard142
[DEBUG] Dynamically added transition from wildcard97 to wildcard142
[DEBUG] Dynamically added transition from start to wildcard142
[DEBUG] Dynamically added transition from wildcard96 to wildcard142
[DEBUG] Dynamically added transition from wildcard95 to wildcard142
[DEBUG] Dynamically added transition from wildcard94 to wildcard142
[DEBUG] Dynamically added transition from wildcard93 to wildcard142
[DEBUG] Dynamically added transition from wildcard92 to wildcard142
[DEBUG] Dynamically added transition from wildcard91 to wildcard142
[DEBUG] Dynamically added transition from wildcard90 to wildcard142
[DEBUG] Dynamically added transition from wildcard142 to wildcard27
[DEBUG] Dynamically added transition from wildcard142 to wildcard26
[DEBUG] Dynamically added transition from wildcard142 to wildcard25
[DEBUG] Dynamically added transition from wildcard142 to wildcard24
[DEBUG] Dynamically added transition from wildcard142 to wildcard23
[DEBUG] Dynamically added transition from wildcard142 to wildcard22
[DEBUG] Dynamically added transition from wildcard142 to wildcard1
[DEBUG] Dynamically added transition from wildcard142 to wildcard21
[DEBUG] Dynamically added transition from wildcard142 to wildcard0
[DEBUG] Dynamically added transition from wildcard142 to wildcard20
[DEBUG] Dynamically added transition from wildcard142 to wildcard3
[DEBUG] Dynamically added transition from wildcard142 to wildcard2
[DEBUG] Dynamically added transition from wildcard142 to wildcard5
[DEBUG] Dynamically added transition from wildcard142 to wildcard4
[DEBUG] Dynamically added transition from wildcard142 to wildcard7
[DEBUG] Dynamically added transition from wildcard142 to wildcard6
[DEBUG] Dynamically added transition from wildcard142 to wildcard9
[DEBUG] Dynamically added transition from wildcard142 to wildcard8
[DEBUG] Dynamically added transition from wildcard142 to wildcard141
[DEBUG] Dynamically added transition from wildcard142 to wildcard142
[DEBUG] Dynamically added transition from wildcard142 to wildcard140
[DEBUG] Dynamically added transition from wildcard142 to wildcard19
[DEBUG] Dynamically added transition from wildcard142 to wildcard18
[DEBUG] Dynamically added transition from wildcard142 to wildcard17
[DEBUG] Dynamically added transition from wildcard142 to wildcard38
[DEBUG] Dynamically added transition from wildcard142 to wildcard37
[DEBUG] Dynamically added transition from wildcard142 to wildcard36
[DEBUG] Dynamically added transition from wildcard142 to wildcard35
[DEBUG] Dynamically added transition from wildcard142 to wildcard34
[DEBUG] Dynamically added transition from wildcard142 to wildcard33
[DEBUG] Dynamically added transition from wildcard142 to wildcard32
[DEBUG] Dynamically added transition from wildcard142 to wildcard31
[DEBUG] Dynamically added transition from wildcard142 to wildcard30
[DEBUG] Dynamically added transition from wildcard142 to wildcard29
[DEBUG] Dynamically added transition from wildcard142 to wildcard28
[DEBUG] Dynamically added transition from wildcard142 to wildcard49
[DEBUG] Dynamically added transition from wildcard142 to wildcard48
[DEBUG] Dynamically added transition from wildcard142 to wildcard47
[DEBUG] Dynamically added transition from wildcard142 to wildcard46
[DEBUG] Dynamically added transition from wildcard142 to wildcard45
[DEBUG] Dynamically added transition from wildcard142 to wildcard44
[DEBUG] Dynamically added transition from wildcard142 to wildcard43
[DEBUG] Dynamically added transition from wildcard142 to wildcard42
[DEBUG] Dynamically added transition from wildcard142 to wildcard41
[DEBUG] Dynamically added transition from wildcard142 to wildcard40
[DEBUG] Dynamically added transition from wildcard142 to wildcard121
[DEBUG] Dynamically added transition from wildcard142 to wildcard122
[DEBUG] Dynamically added transition from wildcard142 to wildcard120
[DEBUG] Dynamically added transition from wildcard142 to wildcard129
[DEBUG] Dynamically added transition from wildcard142 to wildcard127
[DEBUG] Dynamically added transition from wildcard142 to wildcard128
[DEBUG] Dynamically added transition from wildcard142 to wildcard125
[DEBUG] Dynamically added transition from wildcard142 to wildcard126
[DEBUG] Dynamically added transition from wildcard142 to wildcard123
[DEBUG] Dynamically added transition from wildcard142 to wildcard39
[DEBUG] Dynamically added transition from wildcard142 to wildcard124
[DEBUG] Dynamically added transition from wildcard142 to wildcard59
[DEBUG] Dynamically added transition from wildcard142 to wildcard58
[DEBUG] Dynamically added transition from wildcard142 to middle
[DEBUG] Dynamically added transition from wildcard142 to wildcard57
[DEBUG] Dynamically added transition from wildcard142 to wildcard56
[DEBUG] Dynamically added transition from wildcard142 to wildcard55
[DEBUG] Dynamically added transition from wildcard142 to wildcard54
[DEBUG] Dynamically added transition from wildcard142 to wildcard53
[DEBUG] Dynamically added transition from wildcard142 to wildcard52
[DEBUG] Dynamically added transition from wildcard142 to wildcard51
[DEBUG] Dynamically added transition from wildcard142 to wildcard50
[DEBUG] Dynamically added transition from wildcard142 to wildcard132
[DEBUG] Dynamically added transition from wildcard142 to wildcard133
[DEBUG] Dynamically added transition from wildcard142 to wildcard130
[DEBUG] Dynamically added transition from wildcard142 to wildcard131
[DEBUG] Dynamically added transition from wildcard142 to wildcard138
[DEBUG] Dynamically added transition from wildcard142 to wildcard139
[DEBUG] Dynamically added transition from wildcard142 to wildcard136
[DEBUG] Dynamically added transition from wildcard142 to wildcard137
[DEBUG] Dynamically added transition from wildcard142 to wildcard134
[DEBUG] Dynamically added transition from wildcard142 to wildcard135
[DEBUG] Dynamically added transition from wildcard142 to wildcard69
[DEBUG] Dynamically added transition from wildcard142 to wildcard68
[DEBUG] Dynamically added transition from wildcard142 to wildcard67
[DEBUG] Dynamically added transition from wildcard142 to wildcard66
[DEBUG] Dynamically added transition from wildcard142 to wildcard65
[DEBUG] Dynamically added transition from wildcard142 to wildcard64
[DEBUG] Dynamically added transition from wildcard142 to wildcard63
[DEBUG] Dynamically added transition from wildcard142 to wildcard62
[DEBUG] Dynamically added transition from wildcard142 to wildcard61
[DEBUG] Dynamically added transition from wildcard142 to wildcard60
[DEBUG] Dynamically added transition from wildcard142 to wildcard100
[DEBUG] Dynamically added transition from wildcard142 to wildcard107
[DEBUG] Dynamically added transition from wildcard142 to wildcard108
[DEBUG] Dynamically added transition from wildcard142 to wildcard105
[DEBUG] Dynamically added transition from wildcard142 to wildcard106
[DEBUG] Dynamically added transition from wildcard142 to wildcard103
[DEBUG] Dynamically added transition from wildcard142 to wildcard104
[DEBUG] Dynamically added transition from wildcard142 to wildcard101
[DEBUG] Dynamically added transition from wildcard142 to wildcard102
[DEBUG] Dynamically added transition from wildcard142 to wildcard79
[DEBUG] Dynamically added transition from wildcard142 to wildcard78
[DEBUG] Dynamically added transition from wildcard142 to wildcard77
[DEBUG] Dynamically added transition from wildcard142 to wildcard76
[DEBUG] Dynamically added transition from wildcard142 to wildcard109
[DEBUG] Dynamically added transition from wildcard142 to wildcard75
[DEBUG] Dynamically added transition from wildcard142 to wildcard74
[DEBUG] Dynamically added transition from wildcard142 to wildcard73
[DEBUG] Dynamically added transition from wildcard142 to wildcard72
[DEBUG] Dynamically added transition from wildcard142 to wildcard71
[DEBUG] Dynamically added transition from wildcard142 to wildcard70
[DEBUG] Dynamically added transition from wildcard142 to wildcard110
[DEBUG] Dynamically added transition from wildcard142 to wildcard111
[DEBUG] Dynamically added transition from wildcard142 to wildcard118
[DEBUG] Dynamically added transition from wildcard142 to wildcard119
[DEBUG] Dynamically added transition from wildcard142 to wildcard116
[DEBUG] Dynamically added transition from wildcard142 to wildcard117
[DEBUG] Dynamically added transition from wildcard142 to .*
[DEBUG] Dynamically added transition from wildcard142 to wildcard114
[DEBUG] Dynamically added transition from wildcard142 to wildcard115
[DEBUG] Dynamically added transition from wildcard142 to wildcard112
[DEBUG] Dynamically added transition from wildcard142 to wildcard113
[DEBUG] Dynamically added transition from wildcard142 to wildcard89
[DEBUG] Dynamically added transition from wildcard142 to wildcard88
[DEBUG] Dynamically added transition from wildcard142 to wildcard87
[DEBUG] Dynamically added transition from wildcard142 to wildcard86
[DEBUG] Dynamically added transition from wildcard142 to INITIAL
[DEBUG] Dynamically added transition from wildcard142 to wildcard85
[DEBUG] Dynamically added transition from wildcard142 to wildcard84
[DEBUG] Dynamically added transition from wildcard142 to wildcard83
[DEBUG] Dynamically added transition from wildcard142 to wildcard82
[DEBUG] Dynamically added transition from wildcard142 to wildcard81
[DEBUG] Dynamically added transition from wildcard142 to wildcard80
[DEBUG] Dynamically added transition from wildcard142 to end
[DEBUG] Dynamically added transition from wildcard142 to wildcard16
[DEBUG] Dynamically added transition from wildcard142 to wildcard15
[DEBUG] Dynamically added transition from wildcard142 to wildcard14
[DEBUG] Dynamically added transition from wildcard142 to wildcard13
[DEBUG] Dynamically added transition from wildcard142 to wildcard12
[DEBUG] Dynamically added transition from wildcard142 to wildcard11
[DEBUG] Dynamically added transition from wildcard142 to wildcard99
[DEBUG] Dynamically added transition from wildcard142 to wildcard10
[DEBUG] Dynamically added transition from wildcard142 to wildcard98
[DEBUG] Dynamically added transition from wildcard142 to wildcard97
[DEBUG] Dynamically added transition from wildcard142 to start
[DEBUG] Dynamically added transition from wildcard142 to wildcard96
[DEBUG] Dynamically added transition from wildcard142 to wildcard95
[DEBUG] Dynamically added transition from wildcard142 to wildcard94
[DEBUG] Dynamically added transition from wildcard142 to wildcard93
[DEBUG] Dynamically added transition from wildcard142 to wildcard92
[DEBUG] Dynamically added transition from wildcard142 to wildcard91
[DEBUG] Dynamically added transition from wildcard142 to wildcard90
[INFO] Wildcard transition valid to state: wildcard142
[INFO] Wildcard transition detected from wildcard142 to wildcard143
[DEBUG] Created intermediate state for wildcard transition: wildcard143
[DEBUG] Dynamically added transition from wildcard142 to wildcard143
[DEBUG] Dynamically added transition from wildcard27 to wildcard143
[DEBUG] Dynamically added transition from wildcard26 to wildcard143
[DEBUG] Dynamically added transition from wildcard25 to wildcard143
[DEBUG] Dynamically added transition from wildcard24 to wildcard143
[DEBUG] Dynamically added transition from wildcard23 to wildcard143
[DEBUG] Dynamically added transition from wildcard22 to wildcard143
[DEBUG] Dynamically added transition from wildcard1 to wildcard143
[DEBUG] Dynamically added transition from wildcard21 to wildcard143
[DEBUG] Dynamically added transition from wildcard0 to wildcard143
[DEBUG] Dynamically added transition from wildcard20 to wildcard143
[DEBUG] Dynamically added transition from wildcard3 to wildcard143
[DEBUG] Dynamically added transition from wildcard2 to wildcard143
[DEBUG] Dynamically added transition from wildcard5 to wildcard143
[DEBUG] Dynamically added transition from wildcard4 to wildcard143
[DEBUG] Dynamically added transition from wildcard7 to wildcard143
[DEBUG] Dynamically added transition from wildcard6 to wildcard143
[DEBUG] Dynamically added transition from wildcard9 to wildcard143
[DEBUG] Dynamically added transition from wildcard8 to wildcard143
[DEBUG] Dynamically added transition from wildcard141 to wildcard143
[DEBUG] Dynamically added transition from wildcard140 to wildcard143
[DEBUG] Dynamically added transition from wildcard19 to wildcard143
[DEBUG] Dynamically added transition from wildcard18 to wildcard143
[DEBUG] Dynamically added transition from wildcard17 to wildcard143
[DEBUG] Dynamically added transition from wildcard38 to wildcard143
[DEBUG] Dynamically added transition from wildcard37 to wildcard143
[DEBUG] Dynamically added transition from wildcard36 to wildcard143
[DEBUG] Dynamically added transition from wildcard35 to wildcard143
[DEBUG] Dynamically added transition from wildcard34 to wildcard143
[DEBUG] Dynamically added transition from wildcard33 to wildcard143
[DEBUG] Dynamically added transition from wildcard32 to wildcard143
[DEBUG] Dynamically added transition from wildcard31 to wildcard143
[DEBUG] Dynamically added transition from wildcard30 to wildcard143
[DEBUG] Dynamically added transition from wildcard29 to wildcard143
[DEBUG] Dynamically added transition from wildcard28 to wildcard143
[DEBUG] Dynamically added transition from wildcard49 to wildcard143
[DEBUG] Dynamically added transition from wildcard48 to wildcard143
[DEBUG] Dynamically added transition from wildcard47 to wildcard143
[DEBUG] Dynamically added transition from wildcard46 to wildcard143
[DEBUG] Dynamically added transition from wildcard45 to wildcard143
[DEBUG] Dynamically added transition from wildcard44 to wildcard143
[DEBUG] Dynamically added transition from wildcard43 to wildcard143
[DEBUG] Dynamically added transition from wildcard42 to wildcard143
[DEBUG] Dynamically added transition from wildcard41 to wildcard143
[DEBUG] Dynamically added transition from wildcard40 to wildcard143
[DEBUG] Dynamically added transition from wildcard121 to wildcard143
[DEBUG] Dynamically added transition from wildcard122 to wildcard143
[DEBUG] Dynamically added transition from wildcard120 to wildcard143
[DEBUG] Dynamically added transition from wildcard129 to wildcard143
[DEBUG] Dynamically added transition from wildcard127 to wildcard143
[DEBUG] Dynamically added transition from wildcard128 to wildcard143
[DEBUG] Dynamically added transition from wildcard125 to wildcard143
[DEBUG] Dynamically added transition from wildcard126 to wildcard143
[DEBUG] Dynamically added transition from wildcard123 to wildcard143
[DEBUG] Dynamically added transition from wildcard39 to wildcard143
[DEBUG] Dynamically added transition from wildcard124 to wildcard143
[DEBUG] Dynamically added transition from wildcard59 to wildcard143
[DEBUG] Dynamically added transition from wildcard58 to wildcard143
[DEBUG] Dynamically added transition from middle to wildcard143
[DEBUG] Dynamically added transition from wildcard57 to wildcard143
[DEBUG] Dynamically added transition from wildcard56 to wildcard143
[DEBUG] Dynamically added transition from wildcard55 to wildcard143
[DEBUG] Dynamically added transition from wildcard54 to wildcard143
[DEBUG] Dynamically added transition from wildcard53 to wildcard143
[DEBUG] Dynamically added transition from wildcard52 to wildcard143
[DEBUG] Dynamically added transition from wildcard51 to wildcard143
[DEBUG] Dynamically added transition from wildcard50 to wildcard143
[DEBUG] Dynamically added transition from wildcard132 to wildcard143
[DEBUG] Dynamically added transition from wildcard133 to wildcard143
[DEBUG] Dynamically added transition from wildcard130 to wildcard143
[DEBUG] Dynamically added transition from wildcard131 to wildcard143
[DEBUG] Dynamically added transition from wildcard138 to wildcard143
[DEBUG] Dynamically added transition from wildcard139 to wildcard143
[DEBUG] Dynamically added transition from wildcard136 to wildcard143
[DEBUG] Dynamically added transition from wildcard137 to wildcard143
[DEBUG] Dynamically added transition from wildcard134 to wildcard143
[DEBUG] Dynamically added transition from wildcard135 to wildcard143
[DEBUG] Dynamically added transition from wildcard69 to wildcard143
[DEBUG] Dynamically added transition from wildcard68 to wildcard143
[DEBUG] Dynamically added transition from wildcard67 to wildcard143
[DEBUG] Dynamically added transition from wildcard66 to wildcard143
[DEBUG] Dynamically added transition from wildcard65 to wildcard143
[DEBUG] Dynamically added transition from wildcard64 to wildcard143
[DEBUG] Dynamically added transition from wildcard63 to wildcard143
[DEBUG] Dynamically added transition from wildcard62 to wildcard143
[DEBUG] Dynamically added transition from wildcard61 to wildcard143
[DEBUG] Dynamically added transition from wildcard60 to wildcard143
[DEBUG] Dynamically added transition from wildcard100 to wildcard143
[DEBUG] Dynamically added transition from wildcard107 to wildcard143
[DEBUG] Dynamically added transition from wildcard108 to wildcard143
[DEBUG] Dynamically added transition from wildcard105 to wildcard143
[DEBUG] Dynamically added transition from wildcard106 to wildcard143
[DEBUG] Dynamically added transition from wildcard103 to wildcard143
[DEBUG] Dynamically added transition from wildcard104 to wildcard143
[DEBUG] Dynamically added transition from wildcard101 to wildcard143
[DEBUG] Dynamically added transition from wildcard102 to wildcard143
[DEBUG] Dynamically added transition from wildcard79 to wildcard143
[DEBUG] Dynamically added transition from wildcard78 to wildcard143
[DEBUG] Dynamically added transition from wildcard77 to wildcard143
[DEBUG] Dynamically added transition from wildcard76 to wildcard143
[DEBUG] Dynamically added transition from wildcard109 to wildcard143
[DEBUG] Dynamically added transition from wildcard75 to wildcard143
[DEBUG] Dynamically added transition from wildcard74 to wildcard143
[DEBUG] Dynamically added transition from wildcard73 to wildcard143
[DEBUG] Dynamically added transition from wildcard72 to wildcard143
[DEBUG] Dynamically added transition from wildcard71 to wildcard143
[DEBUG] Dynamically added transition from wildcard70 to wildcard143
[DEBUG] Dynamically added transition from wildcard110 to wildcard143
[DEBUG] Dynamically added transition from wildcard111 to wildcard143
[DEBUG] Dynamically added transition from wildcard118 to wildcard143
[DEBUG] Dynamically added transition from wildcard119 to wildcard143
[DEBUG] Dynamically added transition from wildcard116 to wildcard143
[DEBUG] Dynamically added transition from wildcard117 to wildcard143
[DEBUG] Dynamically added transition from wildcard114 to wildcard143
[DEBUG] Dynamically added transition from wildcard115 to wildcard143
[DEBUG] Dynamically added transition from wildcard112 to wildcard143
[DEBUG] Dynamically added transition from wildcard113 to wildcard143
[DEBUG] Dynamically added transition from wildcard89 to wildcard143
[DEBUG] Dynamically added transition from wildcard88 to wildcard143
[DEBUG] Dynamically added transition from wildcard87 to wildcard143
[DEBUG] Dynamically added transition from wildcard86 to wildcard143
[DEBUG] Dynamically added transition from wildcard85 to wildcard143
[DEBUG] Dynamically added transition from wildcard84 to wildcard143
[DEBUG] Dynamically added transition from wildcard83 to wildcard143
[DEBUG] Dynamically added transition from wildcard82 to wildcard143
[DEBUG] Dynamically added transition from wildcard81 to wildcard143
[DEBUG] Dynamically added transition from wildcard80 to wildcard143
[DEBUG] Dynamically added transition from wildcard16 to wildcard143
[DEBUG] Dynamically added transition from wildcard15 to wildcard143
[DEBUG] Dynamically added transition from wildcard14 to wildcard143
[DEBUG] Dynamically added transition from wildcard13 to wildcard143
[DEBUG] Dynamically added transition from wildcard12 to wildcard143
[DEBUG] Dynamically added transition from wildcard11 to wildcard143
[DEBUG] Dynamically added transition from wildcard99 to wildcard143
[DEBUG] Dynamically added transition from wildcard10 to wildcard143
[DEBUG] Dynamically added transition from wildcard98 to wildcard143
[DEBUG] Dynamically added transition from wildcard97 to wildcard143
[DEBUG] Dynamically added transition from start to wildcard143
[DEBUG] Dynamically added transition from wildcard96 to wildcard143
[DEBUG] Dynamically added transition from wildcard95 to wildcard143
[DEBUG] Dynamically added transition from wildcard94 to wildcard143
[DEBUG] Dynamically added transition from wildcard93 to wildcard143
[DEBUG] Dynamically added transition from wildcard92 to wildcard143
[DEBUG] Dynamically added transition from wildcard91 to wildcard143
[DEBUG] Dynamically added transition from wildcard90 to wildcard143
[DEBUG] Dynamically added transition from wildcard143 to wildcard27
[DEBUG] Dynamically added transition from wildcard143 to wildcard26
[DEBUG] Dynamically added transition from wildcard143 to wildcard25
[DEBUG] Dynamically added transition from wildcard143 to wildcard24
[DEBUG] Dynamically added transition from wildcard143 to wildcard23
[DEBUG] Dynamically added transition from wildcard143 to wildcard22
[DEBUG] Dynamically added transition from wildcard143 to wildcard1
[DEBUG] Dynamically added transition from wildcard143 to wildcard21
[DEBUG] Dynamically added transition from wildcard143 to wildcard0
[DEBUG] Dynamically added transition from wildcard143 to wildcard20
[DEBUG] Dynamically added transition from wildcard143 to wildcard3
[DEBUG] Dynamically added transition from wildcard143 to wildcard2
[DEBUG] Dynamically added transition from wildcard143 to wildcard5
[DEBUG] Dynamically added transition from wildcard143 to wildcard4
[DEBUG] Dynamically added transition from wildcard143 to wildcard7
[DEBUG] Dynamically added transition from wildcard143 to wildcard6
[DEBUG] Dynamically added transition from wildcard143 to wildcard9
[DEBUG] Dynamically added transition from wildcard143 to wildcard8
[DEBUG] Dynamically added transition from wildcard143 to wildcard143
[DEBUG] Dynamically added transition from wildcard143 to wildcard141
[DEBUG] Dynamically added transition from wildcard143 to wildcard142
[DEBUG] Dynamically added transition from wildcard143 to wildcard140
[DEBUG] Dynamically added transition from wildcard143 to wildcard19
[DEBUG] Dynamically added transition from wildcard143 to wildcard18
[DEBUG] Dynamically added transition from wildcard143 to wildcard17
[DEBUG] Dynamically added transition from wildcard143 to wildcard38
[DEBUG] Dynamically added transition from wildcard143 to wildcard37
[DEBUG] Dynamically added transition from wildcard143 to wildcard36
[DEBUG] Dynamically added transition from wildcard143 to wildcard35
[DEBUG] Dynamically added transition from wildcard143 to wildcard34
[DEBUG] Dynamically added transition from wildcard143 to wildcard33
[DEBUG] Dynamically added transition from wildcard143 to wildcard32
[DEBUG] Dynamically added transition from wildcard143 to wildcard31
[DEBUG] Dynamically added transition from wildcard143 to wildcard30
[DEBUG] Dynamically added transition from wildcard143 to wildcard29
[DEBUG] Dynamically added transition from wildcard143 to wildcard28
[DEBUG] Dynamically added transition from wildcard143 to wildcard49
[DEBUG] Dynamically added transition from wildcard143 to wildcard48
[DEBUG] Dynamically added transition from wildcard143 to wildcard47
[DEBUG] Dynamically added transition from wildcard143 to wildcard46
[DEBUG] Dynamically added transition from wildcard143 to wildcard45
[DEBUG] Dynamically added transition from wildcard143 to wildcard44
[DEBUG] Dynamically added transition from wildcard143 to wildcard43
[DEBUG] Dynamically added transition from wildcard143 to wildcard42
[DEBUG] Dynamically added transition from wildcard143 to wildcard41
[DEBUG] Dynamically added transition from wildcard143 to wildcard40
[DEBUG] Dynamically added transition from wildcard143 to wildcard121
[DEBUG] Dynamically added transition from wildcard143 to wildcard122
[DEBUG] Dynamically added transition from wildcard143 to wildcard120
[DEBUG] Dynamically added transition from wildcard143 to wildcard129
[DEBUG] Dynamically added transition from wildcard143 to wildcard127
[DEBUG] Dynamically added transition from wildcard143 to wildcard128
[DEBUG] Dynamically added transition from wildcard143 to wildcard125
[DEBUG] Dynamically added transition from wildcard143 to wildcard126
[DEBUG] Dynamically added transition from wildcard143 to wildcard123
[DEBUG] Dynamically added transition from wildcard143 to wildcard39
[DEBUG] Dynamically added transition from wildcard143 to wildcard124
[DEBUG] Dynamically added transition from wildcard143 to wildcard59
[DEBUG] Dynamically added transition from wildcard143 to wildcard58
[DEBUG] Dynamically added transition from wildcard143 to middle
[DEBUG] Dynamically added transition from wildcard143 to wildcard57
[DEBUG] Dynamically added transition from wildcard143 to wildcard56
[DEBUG] Dynamically added transition from wildcard143 to wildcard55
[DEBUG] Dynamically added transition from wildcard143 to wildcard54
[DEBUG] Dynamically added transition from wildcard143 to wildcard53
[DEBUG] Dynamically added transition from wildcard143 to wildcard52
[DEBUG] Dynamically added transition from wildcard143 to wildcard51
[DEBUG] Dynamically added transition from wildcard143 to wildcard50
[DEBUG] Dynamically added transition from wildcard143 to wildcard132
[DEBUG] Dynamically added transition from wildcard143 to wildcard133
[DEBUG] Dynamically added transition from wildcard143 to wildcard130
[DEBUG] Dynamically added transition from wildcard143 to wildcard131
[DEBUG] Dynamically added transition from wildcard143 to wildcard138
[DEBUG] Dynamically added transition from wildcard143 to wildcard139
[DEBUG] Dynamically added transition from wildcard143 to wildcard136
[DEBUG] Dynamically added transition from wildcard143 to wildcard137
[DEBUG] Dynamically added transition from wildcard143 to wildcard134
[DEBUG] Dynamically added transition from wildcard143 to wildcard135
[DEBUG] Dynamically added transition from wildcard143 to wildcard69
[DEBUG] Dynamically added transition from wildcard143 to wildcard68
[DEBUG] Dynamically added transition from wildcard143 to wildcard67
[DEBUG] Dynamically added transition from wildcard143 to wildcard66
[DEBUG] Dynamically added transition from wildcard143 to wildcard65
[DEBUG] Dynamically added transition from wildcard143 to wildcard64
[DEBUG] Dynamically added transition from wildcard143 to wildcard63
[DEBUG] Dynamically added transition from wildcard143 to wildcard62
[DEBUG] Dynamically added transition from wildcard143 to wildcard61
[DEBUG] Dynamically added transition from wildcard143 to wildcard60
[DEBUG] Dynamically added transition from wildcard143 to wildcard100
[DEBUG] Dynamically added transition from wildcard143 to wildcard107
[DEBUG] Dynamically added transition from wildcard143 to wildcard108
[DEBUG] Dynamically added transition from wildcard143 to wildcard105
[DEBUG] Dynamically added transition from wildcard143 to wildcard106
[DEBUG] Dynamically added transition from wildcard143 to wildcard103
[DEBUG] Dynamically added transition from wildcard143 to wildcard104
[DEBUG] Dynamically added transition from wildcard143 to wildcard101
[DEBUG] Dynamically added transition from wildcard143 to wildcard102
[DEBUG] Dynamically added transition from wildcard143 to wildcard79
[DEBUG] Dynamically added transition from wildcard143 to wildcard78
[DEBUG] Dynamically added transition from wildcard143 to wildcard77
[DEBUG] Dynamically added transition from wildcard143 to wildcard76
[DEBUG] Dynamically added transition from wildcard143 to wildcard109
[DEBUG] Dynamically added transition from wildcard143 to wildcard75
[DEBUG] Dynamically added transition from wildcard143 to wildcard74
[DEBUG] Dynamically added transition from wildcard143 to wildcard73
[DEBUG] Dynamically added transition from wildcard143 to wildcard72
[DEBUG] Dynamically added transition from wildcard143 to wildcard71
[DEBUG] Dynamically added transition from wildcard143 to wildcard70
[DEBUG] Dynamically added transition from wildcard143 to wildcard110
[DEBUG] Dynamically added transition from wildcard143 to wildcard111
[DEBUG] Dynamically added transition from wildcard143 to wildcard118
[DEBUG] Dynamically added transition from wildcard143 to wildcard119
[DEBUG] Dynamically added transition from wildcard143 to wildcard116
[DEBUG] Dynamically added transition from wildcard143 to wildcard117
[DEBUG] Dynamically added transition from wildcard143 to .*
[DEBUG] Dynamically added transition from wildcard143 to wildcard114
[DEBUG] Dynamically added transition from wildcard143 to wildcard115
[DEBUG] Dynamically added transition from wildcard143 to wildcard112
[DEBUG] Dynamically added transition from wildcard143 to wildcard113
[DEBUG] Dynamically added transition from wildcard143 to wildcard89
[DEBUG] Dynamically added transition from wildcard143 to wildcard88
[DEBUG] Dynamically added transition from wildcard143 to wildcard87
[DEBUG] Dynamically added transition from wildcard143 to wildcard86
[DEBUG] Dynamically added transition from wildcard143 to INITIAL
[DEBUG] Dynamically added transition from wildcard143 to wildcard85
[DEBUG] Dynamically added transition from wildcard143 to wildcard84
[DEBUG] Dynamically added transition from wildcard143 to wildcard83
[DEBUG] Dynamically added transition from wildcard143 to wildcard82
[DEBUG] Dynamically added transition from wildcard143 to wildcard81
[DEBUG] Dynamically added transition from wildcard143 to wildcard80
[DEBUG] Dynamically added transition from wildcard143 to end
[DEBUG] Dynamically added transition from wildcard143 to wildcard16
[DEBUG] Dynamically added transition from wildcard143 to wildcard15
[DEBUG] Dynamically added transition from wildcard143 to wildcard14
[DEBUG] Dynamically added transition from wildcard143 to wildcard13
[DEBUG] Dynamically added transition from wildcard143 to wildcard12
[DEBUG] Dynamically added transition from wildcard143 to wildcard11
[DEBUG] Dynamically added transition from wildcard143 to wildcard99
[DEBUG] Dynamically added transition from wildcard143 to wildcard10
[DEBUG] Dynamically added transition from wildcard143 to wildcard98
[DEBUG] Dynamically added transition from wildcard143 to wildcard97
[DEBUG] Dynamically added transition from wildcard143 to start
[DEBUG] Dynamically added transition from wildcard143 to wildcard96
[DEBUG] Dynamically added transition from wildcard143 to wildcard95
[DEBUG] Dynamically added transition from wildcard143 to wildcard94
[DEBUG] Dynamically added transition from wildcard143 to wildcard93
[DEBUG] Dynamically added transition from wildcard143 to wildcard92
[DEBUG] Dynamically added transition from wildcard143 to wildcard91
[DEBUG] Dynamically added transition from wildcard143 to wildcard90
[INFO] Wildcard transition valid to state: wildcard143
[INFO] Wildcard transition detected from wildcard143 to wildcard144
[DEBUG] Created intermediate state for wildcard transition: wildcard144
[DEBUG] Dynamically added transition from wildcard143 to wildcard144
[DEBUG] Dynamically added transition from wildcard27 to wildcard144
[DEBUG] Dynamically added transition from wildcard26 to wildcard144
[DEBUG] Dynamically added transition from wildcard25 to wildcard144
[DEBUG] Dynamically added transition from wildcard24 to wildcard144
[DEBUG] Dynamically added transition from wildcard23 to wildcard144
[DEBUG] Dynamically added transition from wildcard22 to wildcard144
[DEBUG] Dynamically added transition from wildcard1 to wildcard144
[DEBUG] Dynamically added transition from wildcard21 to wildcard144
[DEBUG] Dynamically added transition from wildcard0 to wildcard144
[DEBUG] Dynamically added transition from wildcard20 to wildcard144
[DEBUG] Dynamically added transition from wildcard3 to wildcard144
[DEBUG] Dynamically added transition from wildcard2 to wildcard144
[DEBUG] Dynamically added transition from wildcard5 to wildcard144
[DEBUG] Dynamically added transition from wildcard4 to wildcard144
[DEBUG] Dynamically added transition from wildcard7 to wildcard144
[DEBUG] Dynamically added transition from wildcard6 to wildcard144
[DEBUG] Dynamically added transition from wildcard9 to wildcard144
[DEBUG] Dynamically added transition from wildcard8 to wildcard144
[DEBUG] Dynamically added transition from wildcard141 to wildcard144
[DEBUG] Dynamically added transition from wildcard142 to wildcard144
[DEBUG] Dynamically added transition from wildcard140 to wildcard144
[DEBUG] Dynamically added transition from wildcard19 to wildcard144
[DEBUG] Dynamically added transition from wildcard18 to wildcard144
[DEBUG] Dynamically added transition from wildcard17 to wildcard144
[DEBUG] Dynamically added transition from wildcard38 to wildcard144
[DEBUG] Dynamically added transition from wildcard37 to wildcard144
[DEBUG] Dynamically added transition from wildcard36 to wildcard144
[DEBUG] Dynamically added transition from wildcard35 to wildcard144
[DEBUG] Dynamically added transition from wildcard34 to wildcard144
[DEBUG] Dynamically added transition from wildcard33 to wildcard144
[DEBUG] Dynamically added transition from wildcard32 to wildcard144
[DEBUG] Dynamically added transition from wildcard31 to wildcard144
[DEBUG] Dynamically added transition from wildcard30 to wildcard144
[DEBUG] Dynamically added transition from wildcard29 to wildcard144
[DEBUG] Dynamically added transition from wildcard28 to wildcard144
[DEBUG] Dynamically added transition from wildcard49 to wildcard144
[DEBUG] Dynamically added transition from wildcard48 to wildcard144
[DEBUG] Dynamically added transition from wildcard47 to wildcard144
[DEBUG] Dynamically added transition from wildcard46 to wildcard144
[DEBUG] Dynamically added transition from wildcard45 to wildcard144
[DEBUG] Dynamically added transition from wildcard44 to wildcard144
[DEBUG] Dynamically added transition from wildcard43 to wildcard144
[DEBUG] Dynamically added transition from wildcard42 to wildcard144
[DEBUG] Dynamically added transition from wildcard41 to wildcard144
[DEBUG] Dynamically added transition from wildcard40 to wildcard144
[DEBUG] Dynamically added transition from wildcard121 to wildcard144
[DEBUG] Dynamically added transition from wildcard122 to wildcard144
[DEBUG] Dynamically added transition from wildcard120 to wildcard144
[DEBUG] Dynamically added transition from wildcard129 to wildcard144
[DEBUG] Dynamically added transition from wildcard127 to wildcard144
[DEBUG] Dynamically added transition from wildcard128 to wildcard144
[DEBUG] Dynamically added transition from wildcard125 to wildcard144
[DEBUG] Dynamically added transition from wildcard126 to wildcard144
[DEBUG] Dynamically added transition from wildcard123 to wildcard144
[DEBUG] Dynamically added transition from wildcard39 to wildcard144
[DEBUG] Dynamically added transition from wildcard124 to wildcard144
[DEBUG] Dynamically added transition from wildcard59 to wildcard144
[DEBUG] Dynamically added transition from wildcard58 to wildcard144
[DEBUG] Dynamically added transition from middle to wildcard144
[DEBUG] Dynamically added transition from wildcard57 to wildcard144
[DEBUG] Dynamically added transition from wildcard56 to wildcard144
[DEBUG] Dynamically added transition from wildcard55 to wildcard144
[DEBUG] Dynamically added transition from wildcard54 to wildcard144
[DEBUG] Dynamically added transition from wildcard53 to wildcard144
[DEBUG] Dynamically added transition from wildcard52 to wildcard144
[DEBUG] Dynamically added transition from wildcard51 to wildcard144
[DEBUG] Dynamically added transition from wildcard50 to wildcard144
[DEBUG] Dynamically added transition from wildcard132 to wildcard144
[DEBUG] Dynamically added transition from wildcard133 to wildcard144
[DEBUG] Dynamically added transition from wildcard130 to wildcard144
[DEBUG] Dynamically added transition from wildcard131 to wildcard144
[DEBUG] Dynamically added transition from wildcard138 to wildcard144
[DEBUG] Dynamically added transition from wildcard139 to wildcard144
[DEBUG] Dynamically added transition from wildcard136 to wildcard144
[DEBUG] Dynamically added transition from wildcard137 to wildcard144
[DEBUG] Dynamically added transition from wildcard134 to wildcard144
[DEBUG] Dynamically added transition from wildcard135 to wildcard144
[DEBUG] Dynamically added transition from wildcard69 to wildcard144
[DEBUG] Dynamically added transition from wildcard68 to wildcard144
[DEBUG] Dynamically added transition from wildcard67 to wildcard144
[DEBUG] Dynamically added transition from wildcard66 to wildcard144
[DEBUG] Dynamically added transition from wildcard65 to wildcard144
[DEBUG] Dynamically added transition from wildcard64 to wildcard144
[DEBUG] Dynamically added transition from wildcard63 to wildcard144
[DEBUG] Dynamically added transition from wildcard62 to wildcard144
[DEBUG] Dynamically added transition from wildcard61 to wildcard144
[DEBUG] Dynamically added transition from wildcard60 to wildcard144
[DEBUG] Dynamically added transition from wildcard100 to wildcard144
[DEBUG] Dynamically added transition from wildcard107 to wildcard144
[DEBUG] Dynamically added transition from wildcard108 to wildcard144
[DEBUG] Dynamically added transition from wildcard105 to wildcard144
[DEBUG] Dynamically added transition from wildcard106 to wildcard144
[DEBUG] Dynamically added transition from wildcard103 to wildcard144
[DEBUG] Dynamically added transition from wildcard104 to wildcard144
[DEBUG] Dynamically added transition from wildcard101 to wildcard144
[DEBUG] Dynamically added transition from wildcard102 to wildcard144
[DEBUG] Dynamically added transition from wildcard79 to wildcard144
[DEBUG] Dynamically added transition from wildcard78 to wildcard144
[DEBUG] Dynamically added transition from wildcard77 to wildcard144
[DEBUG] Dynamically added transition from wildcard76 to wildcard144
[DEBUG] Dynamically added transition from wildcard109 to wildcard144
[DEBUG] Dynamically added transition from wildcard75 to wildcard144
[DEBUG] Dynamically added transition from wildcard74 to wildcard144
[DEBUG] Dynamically added transition from wildcard73 to wildcard144
[DEBUG] Dynamically added transition from wildcard72 to wildcard144
[DEBUG] Dynamically added transition from wildcard71 to wildcard144
[DEBUG] Dynamically added transition from wildcard70 to wildcard144
[DEBUG] Dynamically added transition from wildcard110 to wildcard144
[DEBUG] Dynamically added transition from wildcard111 to wildcard144
[DEBUG] Dynamically added transition from wildcard118 to wildcard144
[DEBUG] Dynamically added transition from wildcard119 to wildcard144
[DEBUG] Dynamically added transition from wildcard116 to wildcard144
[DEBUG] Dynamically added transition from wildcard117 to wildcard144
[DEBUG] Dynamically added transition from wildcard114 to wildcard144
[DEBUG] Dynamically added transition from wildcard115 to wildcard144
[DEBUG] Dynamically added transition from wildcard112 to wildcard144
[DEBUG] Dynamically added transition from wildcard113 to wildcard144
[DEBUG] Dynamically added transition from wildcard89 to wildcard144
[DEBUG] Dynamically added transition from wildcard88 to wildcard144
[DEBUG] Dynamically added transition from wildcard87 to wildcard144
[DEBUG] Dynamically added transition from wildcard86 to wildcard144
[DEBUG] Dynamically added transition from wildcard85 to wildcard144
[DEBUG] Dynamically added transition from wildcard84 to wildcard144
[DEBUG] Dynamically added transition from wildcard83 to wildcard144
[DEBUG] Dynamically added transition from wildcard82 to wildcard144
[DEBUG] Dynamically added transition from wildcard81 to wildcard144
[DEBUG] Dynamically added transition from wildcard80 to wildcard144
[DEBUG] Dynamically added transition from wildcard16 to wildcard144
[DEBUG] Dynamically added transition from wildcard15 to wildcard144
[DEBUG] Dynamically added transition from wildcard14 to wildcard144
[DEBUG] Dynamically added transition from wildcard13 to wildcard144
[DEBUG] Dynamically added transition from wildcard12 to wildcard144
[DEBUG] Dynamically added transition from wildcard11 to wildcard144
[DEBUG] Dynamically added transition from wildcard99 to wildcard144
[DEBUG] Dynamically added transition from wildcard10 to wildcard144
[DEBUG] Dynamically added transition from wildcard98 to wildcard144
[DEBUG] Dynamically added transition from wildcard97 to wildcard144
[DEBUG] Dynamically added transition from start to wildcard144
[DEBUG] Dynamically added transition from wildcard96 to wildcard144
[DEBUG] Dynamically added transition from wildcard95 to wildcard144
[DEBUG] Dynamically added transition from wildcard94 to wildcard144
[DEBUG] Dynamically added transition from wildcard93 to wildcard144
[DEBUG] Dynamically added transition from wildcard92 to wildcard144
[DEBUG] Dynamically added transition from wildcard91 to wildcard144
[DEBUG] Dynamically added transition from wildcard90 to wildcard144
[DEBUG] Dynamically added transition from wildcard144 to wildcard27
[DEBUG] Dynamically added transition from wildcard144 to wildcard26
[DEBUG] Dynamically added transition from wildcard144 to wildcard25
[DEBUG] Dynamically added transition from wildcard144 to wildcard24
[DEBUG] Dynamically added transition from wildcard144 to wildcard23
[DEBUG] Dynamically added transition from wildcard144 to wildcard22
[DEBUG] Dynamically added transition from wildcard144 to wildcard1
[DEBUG] Dynamically added transition from wildcard144 to wildcard21
[DEBUG] Dynamically added transition from wildcard144 to wildcard0
[DEBUG] Dynamically added transition from wildcard144 to wildcard20
[DEBUG] Dynamically added transition from wildcard144 to wildcard3
[DEBUG] Dynamically added transition from wildcard144 to wildcard2
[DEBUG] Dynamically added transition from wildcard144 to wildcard5
[DEBUG] Dynamically added transition from wildcard144 to wildcard4
[DEBUG] Dynamically added transition from wildcard144 to wildcard7
[DEBUG] Dynamically added transition from wildcard144 to wildcard6
[DEBUG] Dynamically added transition from wildcard144 to wildcard9
[DEBUG] Dynamically added transition from wildcard144 to wildcard8
[DEBUG] Dynamically added transition from wildcard144 to wildcard143
[DEBUG] Dynamically added transition from wildcard144 to wildcard144
[DEBUG] Dynamically added transition from wildcard144 to wildcard141
[DEBUG] Dynamically added transition from wildcard144 to wildcard142
[DEBUG] Dynamically added transition from wildcard144 to wildcard140
[DEBUG] Dynamically added transition from wildcard144 to wildcard19
[DEBUG] Dynamically added transition from wildcard144 to wildcard18
[DEBUG] Dynamically added transition from wildcard144 to wildcard17
[DEBUG] Dynamically added transition from wildcard144 to wildcard38
[DEBUG] Dynamically added transition from wildcard144 to wildcard37
[DEBUG] Dynamically added transition from wildcard144 to wildcard36
[DEBUG] Dynamically added transition from wildcard144 to wildcard35
[DEBUG] Dynamically added transition from wildcard144 to wildcard34
[DEBUG] Dynamically added transition from wildcard144 to wildcard33
[DEBUG] Dynamically added transition from wildcard144 to wildcard32
[DEBUG] Dynamically added transition from wildcard144 to wildcard31
[DEBUG] Dynamically added transition from wildcard144 to wildcard30
[DEBUG] Dynamically added transition from wildcard144 to wildcard29
[DEBUG] Dynamically added transition from wildcard144 to wildcard28
[DEBUG] Dynamically added transition from wildcard144 to wildcard49
[DEBUG] Dynamically added transition from wildcard144 to wildcard48
[DEBUG] Dynamically added transition from wildcard144 to wildcard47
[DEBUG] Dynamically added transition from wildcard144 to wildcard46
[DEBUG] Dynamically added transition from wildcard144 to wildcard45
[DEBUG] Dynamically added transition from wildcard144 to wildcard44
[DEBUG] Dynamically added transition from wildcard144 to wildcard43
[DEBUG] Dynamically added transition from wildcard144 to wildcard42
[DEBUG] Dynamically added transition from wildcard144 to wildcard41
[DEBUG] Dynamically added transition from wildcard144 to wildcard40
[DEBUG] Dynamically added transition from wildcard144 to wildcard121
[DEBUG] Dynamically added transition from wildcard144 to wildcard122
[DEBUG] Dynamically added transition from wildcard144 to wildcard120
[DEBUG] Dynamically added transition from wildcard144 to wildcard129
[DEBUG] Dynamically added transition from wildcard144 to wildcard127
[DEBUG] Dynamically added transition from wildcard144 to wildcard128
[DEBUG] Dynamically added transition from wildcard144 to wildcard125
[DEBUG] Dynamically added transition from wildcard144 to wildcard126
[DEBUG] Dynamically added transition from wildcard144 to wildcard123
[DEBUG] Dynamically added transition from wildcard144 to wildcard39
[DEBUG] Dynamically added transition from wildcard144 to wildcard124
[DEBUG] Dynamically added transition from wildcard144 to wildcard59
[DEBUG] Dynamically added transition from wildcard144 to wildcard58
[DEBUG] Dynamically added transition from wildcard144 to middle
[DEBUG] Dynamically added transition from wildcard144 to wildcard57
[DEBUG] Dynamically added transition from wildcard144 to wildcard56
[DEBUG] Dynamically added transition from wildcard144 to wildcard55
[DEBUG] Dynamically added transition from wildcard144 to wildcard54
[DEBUG] Dynamically added transition from wildcard144 to wildcard53
[DEBUG] Dynamically added transition from wildcard144 to wildcard52
[DEBUG] Dynamically added transition from wildcard144 to wildcard51
[DEBUG] Dynamically added transition from wildcard144 to wildcard50
[DEBUG] Dynamically added transition from wildcard144 to wildcard132
[DEBUG] Dynamically added transition from wildcard144 to wildcard133
[DEBUG] Dynamically added transition from wildcard144 to wildcard130
[DEBUG] Dynamically added transition from wildcard144 to wildcard131
[DEBUG] Dynamically added transition from wildcard144 to wildcard138
[DEBUG] Dynamically added transition from wildcard144 to wildcard139
[DEBUG] Dynamically added transition from wildcard144 to wildcard136
[DEBUG] Dynamically added transition from wildcard144 to wildcard137
[DEBUG] Dynamically added transition from wildcard144 to wildcard134
[DEBUG] Dynamically added transition from wildcard144 to wildcard135
[DEBUG] Dynamically added transition from wildcard144 to wildcard69
[DEBUG] Dynamically added transition from wildcard144 to wildcard68
[DEBUG] Dynamically added transition from wildcard144 to wildcard67
[DEBUG] Dynamically added transition from wildcard144 to wildcard66
[DEBUG] Dynamically added transition from wildcard144 to wildcard65
[DEBUG] Dynamically added transition from wildcard144 to wildcard64
[DEBUG] Dynamically added transition from wildcard144 to wildcard63
[DEBUG] Dynamically added transition from wildcard144 to wildcard62
[DEBUG] Dynamically added transition from wildcard144 to wildcard61
[DEBUG] Dynamically added transition from wildcard144 to wildcard60
[DEBUG] Dynamically added transition from wildcard144 to wildcard100
[DEBUG] Dynamically added transition from wildcard144 to wildcard107
[DEBUG] Dynamically added transition from wildcard144 to wildcard108
[DEBUG] Dynamically added transition from wildcard144 to wildcard105
[DEBUG] Dynamically added transition from wildcard144 to wildcard106
[DEBUG] Dynamically added transition from wildcard144 to wildcard103
[DEBUG] Dynamically added transition from wildcard144 to wildcard104
[DEBUG] Dynamically added transition from wildcard144 to wildcard101
[DEBUG] Dynamically added transition from wildcard144 to wildcard102
[DEBUG] Dynamically added transition from wildcard144 to wildcard79
[DEBUG] Dynamically added transition from wildcard144 to wildcard78
[DEBUG] Dynamically added transition from wildcard144 to wildcard77
[DEBUG] Dynamically added transition from wildcard144 to wildcard76
[DEBUG] Dynamically added transition from wildcard144 to wildcard109
[DEBUG] Dynamically added transition from wildcard144 to wildcard75
[DEBUG] Dynamically added transition from wildcard144 to wildcard74
[DEBUG] Dynamically added transition from wildcard144 to wildcard73
[DEBUG] Dynamically added transition from wildcard144 to wildcard72
[DEBUG] Dynamically added transition from wildcard144 to wildcard71
[DEBUG] Dynamically added transition from wildcard144 to wildcard70
[DEBUG] Dynamically added transition from wildcard144 to wildcard110
[DEBUG] Dynamically added transition from wildcard144 to wildcard111
[DEBUG] Dynamically added transition from wildcard144 to wildcard118
[DEBUG] Dynamically added transition from wildcard144 to wildcard119
[DEBUG] Dynamically added transition from wildcard144 to wildcard116
[DEBUG] Dynamically added transition from wildcard144 to wildcard117
[DEBUG] Dynamically added transition from wildcard144 to .*
[DEBUG] Dynamically added transition from wildcard144 to wildcard114
[DEBUG] Dynamically added transition from wildcard144 to wildcard115
[DEBUG] Dynamically added transition from wildcard144 to wildcard112
[DEBUG] Dynamically added transition from wildcard144 to wildcard113
[DEBUG] Dynamically added transition from wildcard144 to wildcard89
[DEBUG] Dynamically added transition from wildcard144 to wildcard88
[DEBUG] Dynamically added transition from wildcard144 to wildcard87
[DEBUG] Dynamically added transition from wildcard144 to wildcard86
[DEBUG] Dynamically added transition from wildcard144 to INITIAL
[DEBUG] Dynamically added transition from wildcard144 to wildcard85
[DEBUG] Dynamically added transition from wildcard144 to wildcard84
[DEBUG] Dynamically added transition from wildcard144 to wildcard83
[DEBUG] Dynamically added transition from wildcard144 to wildcard82
[DEBUG] Dynamically added transition from wildcard144 to wildcard81
[DEBUG] Dynamically added transition from wildcard144 to wildcard80
[DEBUG] Dynamically added transition from wildcard144 to end
[DEBUG] Dynamically added transition from wildcard144 to wildcard16
[DEBUG] Dynamically added transition from wildcard144 to wildcard15
[DEBUG] Dynamically added transition from wildcard144 to wildcard14
[DEBUG] Dynamically added transition from wildcard144 to wildcard13
[DEBUG] Dynamically added transition from wildcard144 to wildcard12
[DEBUG] Dynamically added transition from wildcard144 to wildcard11
[DEBUG] Dynamically added transition from wildcard144 to wildcard99
[DEBUG] Dynamically added transition from wildcard144 to wildcard10
[DEBUG] Dynamically added transition from wildcard144 to wildcard98
[DEBUG] Dynamically added transition from wildcard144 to wildcard97
[DEBUG] Dynamically added transition from wildcard144 to start
[DEBUG] Dynamically added transition from wildcard144 to wildcard96
[DEBUG] Dynamically added transition from wildcard144 to wildcard95
[DEBUG] Dynamically added transition from wildcard144 to wildcard94
[DEBUG] Dynamically added transition from wildcard144 to wildcard93
[DEBUG] Dynamically added transition from wildcard144 to wildcard92
[DEBUG] Dynamically added transition from wildcard144 to wildcard91
[DEBUG] Dynamically added transition from wildcard144 to wildcard90
[INFO] Wildcard transition valid to state: wildcard144
[INFO] Wildcard transition detected from wildcard144 to wildcard145
[DEBUG] Created intermediate state for wildcard transition: wildcard145
[DEBUG] Dynamically added transition from wildcard144 to wildcard145
[DEBUG] Dynamically added transition from wildcard27 to wildcard145
[DEBUG] Dynamically added transition from wildcard26 to wildcard145
[DEBUG] Dynamically added transition from wildcard25 to wildcard145
[DEBUG] Dynamically added transition from wildcard24 to wildcard145
[DEBUG] Dynamically added transition from wildcard23 to wildcard145
[DEBUG] Dynamically added transition from wildcard22 to wildcard145
[DEBUG] Dynamically added transition from wildcard1 to wildcard145
[DEBUG] Dynamically added transition from wildcard21 to wildcard145
[DEBUG] Dynamically added transition from wildcard0 to wildcard145
[DEBUG] Dynamically added transition from wildcard20 to wildcard145
[DEBUG] Dynamically added transition from wildcard3 to wildcard145
[DEBUG] Dynamically added transition from wildcard2 to wildcard145
[DEBUG] Dynamically added transition from wildcard5 to wildcard145
[DEBUG] Dynamically added transition from wildcard4 to wildcard145
[DEBUG] Dynamically added transition from wildcard7 to wildcard145
[DEBUG] Dynamically added transition from wildcard6 to wildcard145
[DEBUG] Dynamically added transition from wildcard9 to wildcard145
[DEBUG] Dynamically added transition from wildcard8 to wildcard145
[DEBUG] Dynamically added transition from wildcard143 to wildcard145
[DEBUG] Dynamically added transition from wildcard141 to wildcard145
[DEBUG] Dynamically added transition from wildcard142 to wildcard145
[DEBUG] Dynamically added transition from wildcard140 to wildcard145
[DEBUG] Dynamically added transition from wildcard19 to wildcard145
[DEBUG] Dynamically added transition from wildcard18 to wildcard145
[DEBUG] Dynamically added transition from wildcard17 to wildcard145
[DEBUG] Dynamically added transition from wildcard38 to wildcard145
[DEBUG] Dynamically added transition from wildcard37 to wildcard145
[DEBUG] Dynamically added transition from wildcard36 to wildcard145
[DEBUG] Dynamically added transition from wildcard35 to wildcard145
[DEBUG] Dynamically added transition from wildcard34 to wildcard145
[DEBUG] Dynamically added transition from wildcard33 to wildcard145
[DEBUG] Dynamically added transition from wildcard32 to wildcard145
[DEBUG] Dynamically added transition from wildcard31 to wildcard145
[DEBUG] Dynamically added transition from wildcard30 to wildcard145
[DEBUG] Dynamically added transition from wildcard29 to wildcard145
[DEBUG] Dynamically added transition from wildcard28 to wildcard145
[DEBUG] Dynamically added transition from wildcard49 to wildcard145
[DEBUG] Dynamically added transition from wildcard48 to wildcard145
[DEBUG] Dynamically added transition from wildcard47 to wildcard145
[DEBUG] Dynamically added transition from wildcard46 to wildcard145
[DEBUG] Dynamically added transition from wildcard45 to wildcard145
[DEBUG] Dynamically added transition from wildcard44 to wildcard145
[DEBUG] Dynamically added transition from wildcard43 to wildcard145
[DEBUG] Dynamically added transition from wildcard42 to wildcard145
[DEBUG] Dynamically added transition from wildcard41 to wildcard145
[DEBUG] Dynamically added transition from wildcard40 to wildcard145
[DEBUG] Dynamically added transition from wildcard121 to wildcard145
[DEBUG] Dynamically added transition from wildcard122 to wildcard145
[DEBUG] Dynamically added transition from wildcard120 to wildcard145
[DEBUG] Dynamically added transition from wildcard129 to wildcard145
[DEBUG] Dynamically added transition from wildcard127 to wildcard145
[DEBUG] Dynamically added transition from wildcard128 to wildcard145
[DEBUG] Dynamically added transition from wildcard125 to wildcard145
[DEBUG] Dynamically added transition from wildcard126 to wildcard145
[DEBUG] Dynamically added transition from wildcard123 to wildcard145
[DEBUG] Dynamically added transition from wildcard39 to wildcard145
[DEBUG] Dynamically added transition from wildcard124 to wildcard145
[DEBUG] Dynamically added transition from wildcard59 to wildcard145
[DEBUG] Dynamically added transition from wildcard58 to wildcard145
[DEBUG] Dynamically added transition from middle to wildcard145
[DEBUG] Dynamically added transition from wildcard57 to wildcard145
[DEBUG] Dynamically added transition from wildcard56 to wildcard145
[DEBUG] Dynamically added transition from wildcard55 to wildcard145
[DEBUG] Dynamically added transition from wildcard54 to wildcard145
[DEBUG] Dynamically added transition from wildcard53 to wildcard145
[DEBUG] Dynamically added transition from wildcard52 to wildcard145
[DEBUG] Dynamically added transition from wildcard51 to wildcard145
[DEBUG] Dynamically added transition from wildcard50 to wildcard145
[DEBUG] Dynamically added transition from wildcard132 to wildcard145
[DEBUG] Dynamically added transition from wildcard133 to wildcard145
[DEBUG] Dynamically added transition from wildcard130 to wildcard145
[DEBUG] Dynamically added transition from wildcard131 to wildcard145
[DEBUG] Dynamically added transition from wildcard138 to wildcard145
[DEBUG] Dynamically added transition from wildcard139 to wildcard145
[DEBUG] Dynamically added transition from wildcard136 to wildcard145
[DEBUG] Dynamically added transition from wildcard137 to wildcard145
[DEBUG] Dynamically added transition from wildcard134 to wildcard145
[DEBUG] Dynamically added transition from wildcard135 to wildcard145
[DEBUG] Dynamically added transition from wildcard69 to wildcard145
[DEBUG] Dynamically added transition from wildcard68 to wildcard145
[DEBUG] Dynamically added transition from wildcard67 to wildcard145
[DEBUG] Dynamically added transition from wildcard66 to wildcard145
[DEBUG] Dynamically added transition from wildcard65 to wildcard145
[DEBUG] Dynamically added transition from wildcard64 to wildcard145
[DEBUG] Dynamically added transition from wildcard63 to wildcard145
[DEBUG] Dynamically added transition from wildcard62 to wildcard145
[DEBUG] Dynamically added transition from wildcard61 to wildcard145
[DEBUG] Dynamically added transition from wildcard60 to wildcard145
[DEBUG] Dynamically added transition from wildcard100 to wildcard145
[DEBUG] Dynamically added transition from wildcard107 to wildcard145
[DEBUG] Dynamically added transition from wildcard108 to wildcard145
[DEBUG] Dynamically added transition from wildcard105 to wildcard145
[DEBUG] Dynamically added transition from wildcard106 to wildcard145
[DEBUG] Dynamically added transition from wildcard103 to wildcard145
[DEBUG] Dynamically added transition from wildcard104 to wildcard145
[DEBUG] Dynamically added transition from wildcard101 to wildcard145
[DEBUG] Dynamically added transition from wildcard102 to wildcard145
[DEBUG] Dynamically added transition from wildcard79 to wildcard145
[DEBUG] Dynamically added transition from wildcard78 to wildcard145
[DEBUG] Dynamically added transition from wildcard77 to wildcard145
[DEBUG] Dynamically added transition from wildcard76 to wildcard145
[DEBUG] Dynamically added transition from wildcard109 to wildcard145
[DEBUG] Dynamically added transition from wildcard75 to wildcard145
[DEBUG] Dynamically added transition from wildcard74 to wildcard145
[DEBUG] Dynamically added transition from wildcard73 to wildcard145
[DEBUG] Dynamically added transition from wildcard72 to wildcard145
[DEBUG] Dynamically added transition from wildcard71 to wildcard145
[DEBUG] Dynamically added transition from wildcard70 to wildcard145
[DEBUG] Dynamically added transition from wildcard110 to wildcard145
[DEBUG] Dynamically added transition from wildcard111 to wildcard145
[DEBUG] Dynamically added transition from wildcard118 to wildcard145
[DEBUG] Dynamically added transition from wildcard119 to wildcard145
[DEBUG] Dynamically added transition from wildcard116 to wildcard145
[DEBUG] Dynamically added transition from wildcard117 to wildcard145
[DEBUG] Dynamically added transition from wildcard114 to wildcard145
[DEBUG] Dynamically added transition from wildcard115 to wildcard145
[DEBUG] Dynamically added transition from wildcard112 to wildcard145
[DEBUG] Dynamically added transition from wildcard113 to wildcard145
[DEBUG] Dynamically added transition from wildcard89 to wildcard145
[DEBUG] Dynamically added transition from wildcard88 to wildcard145
[DEBUG] Dynamically added transition from wildcard87 to wildcard145
[DEBUG] Dynamically added transition from wildcard86 to wildcard145
[DEBUG] Dynamically added transition from wildcard85 to wildcard145
[DEBUG] Dynamically added transition from wildcard84 to wildcard145
[DEBUG] Dynamically added transition from wildcard83 to wildcard145
[DEBUG] Dynamically added transition from wildcard82 to wildcard145
[DEBUG] Dynamically added transition from wildcard81 to wildcard145
[DEBUG] Dynamically added transition from wildcard80 to wildcard145
[DEBUG] Dynamically added transition from wildcard16 to wildcard145
[DEBUG] Dynamically added transition from wildcard15 to wildcard145
[DEBUG] Dynamically added transition from wildcard14 to wildcard145
[DEBUG] Dynamically added transition from wildcard13 to wildcard145
[DEBUG] Dynamically added transition from wildcard12 to wildcard145
[DEBUG] Dynamically added transition from wildcard11 to wildcard145
[DEBUG] Dynamically added transition from wildcard99 to wildcard145
[DEBUG] Dynamically added transition from wildcard10 to wildcard145
[DEBUG] Dynamically added transition from wildcard98 to wildcard145
[DEBUG] Dynamically added transition from wildcard97 to wildcard145
[DEBUG] Dynamically added transition from start to wildcard145
[DEBUG] Dynamically added transition from wildcard96 to wildcard145
[DEBUG] Dynamically added transition from wildcard95 to wildcard145
[DEBUG] Dynamically added transition from wildcard94 to wildcard145
[DEBUG] Dynamically added transition from wildcard93 to wildcard145
[DEBUG] Dynamically added transition from wildcard92 to wildcard145
[DEBUG] Dynamically added transition from wildcard91 to wildcard145
[DEBUG] Dynamically added transition from wildcard90 to wildcard145
[DEBUG] Dynamically added transition from wildcard145 to wildcard27
[DEBUG] Dynamically added transition from wildcard145 to wildcard26
[DEBUG] Dynamically added transition from wildcard145 to wildcard25
[DEBUG] Dynamically added transition from wildcard145 to wildcard24
[DEBUG] Dynamically added transition from wildcard145 to wildcard23
[DEBUG] Dynamically added transition from wildcard145 to wildcard22
[DEBUG] Dynamically added transition from wildcard145 to wildcard1
[DEBUG] Dynamically added transition from wildcard145 to wildcard21
[DEBUG] Dynamically added transition from wildcard145 to wildcard0
[DEBUG] Dynamically added transition from wildcard145 to wildcard20
[DEBUG] Dynamically added transition from wildcard145 to wildcard3
[DEBUG] Dynamically added transition from wildcard145 to wildcard2
[DEBUG] Dynamically added transition from wildcard145 to wildcard5
[DEBUG] Dynamically added transition from wildcard145 to wildcard4
[DEBUG] Dynamically added transition from wildcard145 to wildcard7
[DEBUG] Dynamically added transition from wildcard145 to wildcard6
[DEBUG] Dynamically added transition from wildcard145 to wildcard9
[DEBUG] Dynamically added transition from wildcard145 to wildcard8
[DEBUG] Dynamically added transition from wildcard145 to wildcard143
[DEBUG] Dynamically added transition from wildcard145 to wildcard144
[DEBUG] Dynamically added transition from wildcard145 to wildcard141
[DEBUG] Dynamically added transition from wildcard145 to wildcard142
[DEBUG] Dynamically added transition from wildcard145 to wildcard140
[DEBUG] Dynamically added transition from wildcard145 to wildcard19
[DEBUG] Dynamically added transition from wildcard145 to wildcard18
[DEBUG] Dynamically added transition from wildcard145 to wildcard145
[DEBUG] Dynamically added transition from wildcard145 to wildcard17
[DEBUG] Dynamically added transition from wildcard145 to wildcard38
[DEBUG] Dynamically added transition from wildcard145 to wildcard37
[DEBUG] Dynamically added transition from wildcard145 to wildcard36
[DEBUG] Dynamically added transition from wildcard145 to wildcard35
[DEBUG] Dynamically added transition from wildcard145 to wildcard34
[DEBUG] Dynamically added transition from wildcard145 to wildcard33
[DEBUG] Dynamically added transition from wildcard145 to wildcard32
[DEBUG] Dynamically added transition from wildcard145 to wildcard31
[DEBUG] Dynamically added transition from wildcard145 to wildcard30
[DEBUG] Dynamically added transition from wildcard145 to wildcard29
[DEBUG] Dynamically added transition from wildcard145 to wildcard28
[DEBUG] Dynamically added transition from wildcard145 to wildcard49
[DEBUG] Dynamically added transition from wildcard145 to wildcard48
[DEBUG] Dynamically added transition from wildcard145 to wildcard47
[DEBUG] Dynamically added transition from wildcard145 to wildcard46
[DEBUG] Dynamically added transition from wildcard145 to wildcard45
[DEBUG] Dynamically added transition from wildcard145 to wildcard44
[DEBUG] Dynamically added transition from wildcard145 to wildcard43
[DEBUG] Dynamically added transition from wildcard145 to wildcard42
[DEBUG] Dynamically added transition from wildcard145 to wildcard41
[DEBUG] Dynamically added transition from wildcard145 to wildcard40
[DEBUG] Dynamically added transition from wildcard145 to wildcard121
[DEBUG] Dynamically added transition from wildcard145 to wildcard122
[DEBUG] Dynamically added transition from wildcard145 to wildcard120
[DEBUG] Dynamically added transition from wildcard145 to wildcard129
[DEBUG] Dynamically added transition from wildcard145 to wildcard127
[DEBUG] Dynamically added transition from wildcard145 to wildcard128
[DEBUG] Dynamically added transition from wildcard145 to wildcard125
[DEBUG] Dynamically added transition from wildcard145 to wildcard126
[DEBUG] Dynamically added transition from wildcard145 to wildcard123
[DEBUG] Dynamically added transition from wildcard145 to wildcard39
[DEBUG] Dynamically added transition from wildcard145 to wildcard124
[DEBUG] Dynamically added transition from wildcard145 to wildcard59
[DEBUG] Dynamically added transition from wildcard145 to wildcard58
[DEBUG] Dynamically added transition from wildcard145 to middle
[DEBUG] Dynamically added transition from wildcard145 to wildcard57
[DEBUG] Dynamically added transition from wildcard145 to wildcard56
[DEBUG] Dynamically added transition from wildcard145 to wildcard55
[DEBUG] Dynamically added transition from wildcard145 to wildcard54
[DEBUG] Dynamically added transition from wildcard145 to wildcard53
[DEBUG] Dynamically added transition from wildcard145 to wildcard52
[DEBUG] Dynamically added transition from wildcard145 to wildcard51
[DEBUG] Dynamically added transition from wildcard145 to wildcard50
[DEBUG] Dynamically added transition from wildcard145 to wildcard132
[DEBUG] Dynamically added transition from wildcard145 to wildcard133
[DEBUG] Dynamically added transition from wildcard145 to wildcard130
[DEBUG] Dynamically added transition from wildcard145 to wildcard131
[DEBUG] Dynamically added transition from wildcard145 to wildcard138
[DEBUG] Dynamically added transition from wildcard145 to wildcard139
[DEBUG] Dynamically added transition from wildcard145 to wildcard136
[DEBUG] Dynamically added transition from wildcard145 to wildcard137
[DEBUG] Dynamically added transition from wildcard145 to wildcard134
[DEBUG] Dynamically added transition from wildcard145 to wildcard135
[DEBUG] Dynamically added transition from wildcard145 to wildcard69
[DEBUG] Dynamically added transition from wildcard145 to wildcard68
[DEBUG] Dynamically added transition from wildcard145 to wildcard67
[DEBUG] Dynamically added transition from wildcard145 to wildcard66
[DEBUG] Dynamically added transition from wildcard145 to wildcard65
[DEBUG] Dynamically added transition from wildcard145 to wildcard64
[DEBUG] Dynamically added transition from wildcard145 to wildcard63
[DEBUG] Dynamically added transition from wildcard145 to wildcard62
[DEBUG] Dynamically added transition from wildcard145 to wildcard61
[DEBUG] Dynamically added transition from wildcard145 to wildcard60
[DEBUG] Dynamically added transition from wildcard145 to wildcard100
[DEBUG] Dynamically added transition from wildcard145 to wildcard107
[DEBUG] Dynamically added transition from wildcard145 to wildcard108
[DEBUG] Dynamically added transition from wildcard145 to wildcard105
[DEBUG] Dynamically added transition from wildcard145 to wildcard106
[DEBUG] Dynamically added transition from wildcard145 to wildcard103
[DEBUG] Dynamically added transition from wildcard145 to wildcard104
[DEBUG] Dynamically added transition from wildcard145 to wildcard101
[DEBUG] Dynamically added transition from wildcard145 to wildcard102
[DEBUG] Dynamically added transition from wildcard145 to wildcard79
[DEBUG] Dynamically added transition from wildcard145 to wildcard78
[DEBUG] Dynamically added transition from wildcard145 to wildcard77
[DEBUG] Dynamically added transition from wildcard145 to wildcard76
[DEBUG] Dynamically added transition from wildcard145 to wildcard109
[DEBUG] Dynamically added transition from wildcard145 to wildcard75
[DEBUG] Dynamically added transition from wildcard145 to wildcard74
[DEBUG] Dynamically added transition from wildcard145 to wildcard73
[DEBUG] Dynamically added transition from wildcard145 to wildcard72
[DEBUG] Dynamically added transition from wildcard145 to wildcard71
[DEBUG] Dynamically added transition from wildcard145 to wildcard70
[DEBUG] Dynamically added transition from wildcard145 to wildcard110
[DEBUG] Dynamically added transition from wildcard145 to wildcard111
[DEBUG] Dynamically added transition from wildcard145 to wildcard118
[DEBUG] Dynamically added transition from wildcard145 to wildcard119
[DEBUG] Dynamically added transition from wildcard145 to wildcard116
[DEBUG] Dynamically added transition from wildcard145 to wildcard117
[DEBUG] Dynamically added transition from wildcard145 to .*
[DEBUG] Dynamically added transition from wildcard145 to wildcard114
[DEBUG] Dynamically added transition from wildcard145 to wildcard115
[DEBUG] Dynamically added transition from wildcard145 to wildcard112
[DEBUG] Dynamically added transition from wildcard145 to wildcard113
[DEBUG] Dynamically added transition from wildcard145 to wildcard89
[DEBUG] Dynamically added transition from wildcard145 to wildcard88
[DEBUG] Dynamically added transition from wildcard145 to wildcard87
[DEBUG] Dynamically added transition from wildcard145 to wildcard86
[DEBUG] Dynamically added transition from wildcard145 to INITIAL
[DEBUG] Dynamically added transition from wildcard145 to wildcard85
[DEBUG] Dynamically added transition from wildcard145 to wildcard84
[DEBUG] Dynamically added transition from wildcard145 to wildcard83
[DEBUG] Dynamically added transition from wildcard145 to wildcard82
[DEBUG] Dynamically added transition from wildcard145 to wildcard81
[DEBUG] Dynamically added transition from wildcard145 to wildcard80
[DEBUG] Dynamically added transition from wildcard145 to end
[DEBUG] Dynamically added transition from wildcard145 to wildcard16
[DEBUG] Dynamically added transition from wildcard145 to wildcard15
[DEBUG] Dynamically added transition from wildcard145 to wildcard14
[DEBUG] Dynamically added transition from wildcard145 to wildcard13
[DEBUG] Dynamically added transition from wildcard145 to wildcard12
[DEBUG] Dynamically added transition from wildcard145 to wildcard11
[DEBUG] Dynamically added transition from wildcard145 to wildcard99
[DEBUG] Dynamically added transition from wildcard145 to wildcard10
[DEBUG] Dynamically added transition from wildcard145 to wildcard98
[DEBUG] Dynamically added transition from wildcard145 to wildcard97
[DEBUG] Dynamically added transition from wildcard145 to start
[DEBUG] Dynamically added transition from wildcard145 to wildcard96
[DEBUG] Dynamically added transition from wildcard145 to wildcard95
[DEBUG] Dynamically added transition from wildcard145 to wildcard94
[DEBUG] Dynamically added transition from wildcard145 to wildcard93
[DEBUG] Dynamically added transition from wildcard145 to wildcard92
[DEBUG] Dynamically added transition from wildcard145 to wildcard91
[DEBUG] Dynamically added transition from wildcard145 to wildcard90
[INFO] Wildcard transition valid to state: wildcard145
[INFO] Wildcard transition detected from wildcard145 to wildcard146
[DEBUG] Created intermediate state for wildcard transition: wildcard146
[DEBUG] Dynamically added transition from wildcard145 to wildcard146
[DEBUG] Dynamically added transition from wildcard27 to wildcard146
[DEBUG] Dynamically added transition from wildcard26 to wildcard146
[DEBUG] Dynamically added transition from wildcard25 to wildcard146
[DEBUG] Dynamically added transition from wildcard24 to wildcard146
[DEBUG] Dynamically added transition from wildcard23 to wildcard146
[DEBUG] Dynamically added transition from wildcard22 to wildcard146
[DEBUG] Dynamically added transition from wildcard1 to wildcard146
[DEBUG] Dynamically added transition from wildcard21 to wildcard146
[DEBUG] Dynamically added transition from wildcard0 to wildcard146
[DEBUG] Dynamically added transition from wildcard20 to wildcard146
[DEBUG] Dynamically added transition from wildcard3 to wildcard146
[DEBUG] Dynamically added transition from wildcard2 to wildcard146
[DEBUG] Dynamically added transition from wildcard5 to wildcard146
[DEBUG] Dynamically added transition from wildcard4 to wildcard146
[DEBUG] Dynamically added transition from wildcard7 to wildcard146
[DEBUG] Dynamically added transition from wildcard6 to wildcard146
[DEBUG] Dynamically added transition from wildcard9 to wildcard146
[DEBUG] Dynamically added transition from wildcard8 to wildcard146
[DEBUG] Dynamically added transition from wildcard143 to wildcard146
[DEBUG] Dynamically added transition from wildcard144 to wildcard146
[DEBUG] Dynamically added transition from wildcard141 to wildcard146
[DEBUG] Dynamically added transition from wildcard142 to wildcard146
[DEBUG] Dynamically added transition from wildcard140 to wildcard146
[DEBUG] Dynamically added transition from wildcard19 to wildcard146
[DEBUG] Dynamically added transition from wildcard18 to wildcard146
[DEBUG] Dynamically added transition from wildcard17 to wildcard146
[DEBUG] Dynamically added transition from wildcard38 to wildcard146
[DEBUG] Dynamically added transition from wildcard37 to wildcard146
[DEBUG] Dynamically added transition from wildcard36 to wildcard146
[DEBUG] Dynamically added transition from wildcard35 to wildcard146
[DEBUG] Dynamically added transition from wildcard34 to wildcard146
[DEBUG] Dynamically added transition from wildcard33 to wildcard146
[DEBUG] Dynamically added transition from wildcard32 to wildcard146
[DEBUG] Dynamically added transition from wildcard31 to wildcard146
[DEBUG] Dynamically added transition from wildcard30 to wildcard146
[DEBUG] Dynamically added transition from wildcard29 to wildcard146
[DEBUG] Dynamically added transition from wildcard28 to wildcard146
[DEBUG] Dynamically added transition from wildcard49 to wildcard146
[DEBUG] Dynamically added transition from wildcard48 to wildcard146
[DEBUG] Dynamically added transition from wildcard47 to wildcard146
[DEBUG] Dynamically added transition from wildcard46 to wildcard146
[DEBUG] Dynamically added transition from wildcard45 to wildcard146
[DEBUG] Dynamically added transition from wildcard44 to wildcard146
[DEBUG] Dynamically added transition from wildcard43 to wildcard146
[DEBUG] Dynamically added transition from wildcard42 to wildcard146
[DEBUG] Dynamically added transition from wildcard41 to wildcard146
[DEBUG] Dynamically added transition from wildcard40 to wildcard146
[DEBUG] Dynamically added transition from wildcard121 to wildcard146
[DEBUG] Dynamically added transition from wildcard122 to wildcard146
[DEBUG] Dynamically added transition from wildcard120 to wildcard146
[DEBUG] Dynamically added transition from wildcard129 to wildcard146
[DEBUG] Dynamically added transition from wildcard127 to wildcard146
[DEBUG] Dynamically added transition from wildcard128 to wildcard146
[DEBUG] Dynamically added transition from wildcard125 to wildcard146
[DEBUG] Dynamically added transition from wildcard126 to wildcard146
[DEBUG] Dynamically added transition from wildcard123 to wildcard146
[DEBUG] Dynamically added transition from wildcard39 to wildcard146
[DEBUG] Dynamically added transition from wildcard124 to wildcard146
[DEBUG] Dynamically added transition from wildcard59 to wildcard146
[DEBUG] Dynamically added transition from wildcard58 to wildcard146
[DEBUG] Dynamically added transition from middle to wildcard146
[DEBUG] Dynamically added transition from wildcard57 to wildcard146
[DEBUG] Dynamically added transition from wildcard56 to wildcard146
[DEBUG] Dynamically added transition from wildcard55 to wildcard146
[DEBUG] Dynamically added transition from wildcard54 to wildcard146
[DEBUG] Dynamically added transition from wildcard53 to wildcard146
[DEBUG] Dynamically added transition from wildcard52 to wildcard146
[DEBUG] Dynamically added transition from wildcard51 to wildcard146
[DEBUG] Dynamically added transition from wildcard50 to wildcard146
[DEBUG] Dynamically added transition from wildcard132 to wildcard146
[DEBUG] Dynamically added transition from wildcard133 to wildcard146
[DEBUG] Dynamically added transition from wildcard130 to wildcard146
[DEBUG] Dynamically added transition from wildcard131 to wildcard146
[DEBUG] Dynamically added transition from wildcard138 to wildcard146
[DEBUG] Dynamically added transition from wildcard139 to wildcard146
[DEBUG] Dynamically added transition from wildcard136 to wildcard146
[DEBUG] Dynamically added transition from wildcard137 to wildcard146
[DEBUG] Dynamically added transition from wildcard134 to wildcard146
[DEBUG] Dynamically added transition from wildcard135 to wildcard146
[DEBUG] Dynamically added transition from wildcard69 to wildcard146
[DEBUG] Dynamically added transition from wildcard68 to wildcard146
[DEBUG] Dynamically added transition from wildcard67 to wildcard146
[DEBUG] Dynamically added transition from wildcard66 to wildcard146
[DEBUG] Dynamically added transition from wildcard65 to wildcard146
[DEBUG] Dynamically added transition from wildcard64 to wildcard146
[DEBUG] Dynamically added transition from wildcard63 to wildcard146
[DEBUG] Dynamically added transition from wildcard62 to wildcard146
[DEBUG] Dynamically added transition from wildcard61 to wildcard146
[DEBUG] Dynamically added transition from wildcard60 to wildcard146
[DEBUG] Dynamically added transition from wildcard100 to wildcard146
[DEBUG] Dynamically added transition from wildcard107 to wildcard146
[DEBUG] Dynamically added transition from wildcard108 to wildcard146
[DEBUG] Dynamically added transition from wildcard105 to wildcard146
[DEBUG] Dynamically added transition from wildcard106 to wildcard146
[DEBUG] Dynamically added transition from wildcard103 to wildcard146
[DEBUG] Dynamically added transition from wildcard104 to wildcard146
[DEBUG] Dynamically added transition from wildcard101 to wildcard146
[DEBUG] Dynamically added transition from wildcard102 to wildcard146
[DEBUG] Dynamically added transition from wildcard79 to wildcard146
[DEBUG] Dynamically added transition from wildcard78 to wildcard146
[DEBUG] Dynamically added transition from wildcard77 to wildcard146
[DEBUG] Dynamically added transition from wildcard76 to wildcard146
[DEBUG] Dynamically added transition from wildcard109 to wildcard146
[DEBUG] Dynamically added transition from wildcard75 to wildcard146
[DEBUG] Dynamically added transition from wildcard74 to wildcard146
[DEBUG] Dynamically added transition from wildcard73 to wildcard146
[DEBUG] Dynamically added transition from wildcard72 to wildcard146
[DEBUG] Dynamically added transition from wildcard71 to wildcard146
[DEBUG] Dynamically added transition from wildcard70 to wildcard146
[DEBUG] Dynamically added transition from wildcard110 to wildcard146
[DEBUG] Dynamically added transition from wildcard111 to wildcard146
[DEBUG] Dynamically added transition from wildcard118 to wildcard146
[DEBUG] Dynamically added transition from wildcard119 to wildcard146
[DEBUG] Dynamically added transition from wildcard116 to wildcard146
[DEBUG] Dynamically added transition from wildcard117 to wildcard146
[DEBUG] Dynamically added transition from wildcard114 to wildcard146
[DEBUG] Dynamically added transition from wildcard115 to wildcard146
[DEBUG] Dynamically added transition from wildcard112 to wildcard146
[DEBUG] Dynamically added transition from wildcard113 to wildcard146
[DEBUG] Dynamically added transition from wildcard89 to wildcard146
[DEBUG] Dynamically added transition from wildcard88 to wildcard146
[DEBUG] Dynamically added transition from wildcard87 to wildcard146
[DEBUG] Dynamically added transition from wildcard86 to wildcard146
[DEBUG] Dynamically added transition from wildcard85 to wildcard146
[DEBUG] Dynamically added transition from wildcard84 to wildcard146
[DEBUG] Dynamically added transition from wildcard83 to wildcard146
[DEBUG] Dynamically added transition from wildcard82 to wildcard146
[DEBUG] Dynamically added transition from wildcard81 to wildcard146
[DEBUG] Dynamically added transition from wildcard80 to wildcard146
[DEBUG] Dynamically added transition from wildcard16 to wildcard146
[DEBUG] Dynamically added transition from wildcard15 to wildcard146
[DEBUG] Dynamically added transition from wildcard14 to wildcard146
[DEBUG] Dynamically added transition from wildcard13 to wildcard146
[DEBUG] Dynamically added transition from wildcard12 to wildcard146
[DEBUG] Dynamically added transition from wildcard11 to wildcard146
[DEBUG] Dynamically added transition from wildcard99 to wildcard146
[DEBUG] Dynamically added transition from wildcard10 to wildcard146
[DEBUG] Dynamically added transition from wildcard98 to wildcard146
[DEBUG] Dynamically added transition from wildcard97 to wildcard146
[DEBUG] Dynamically added transition from start to wildcard146
[DEBUG] Dynamically added transition from wildcard96 to wildcard146
[DEBUG] Dynamically added transition from wildcard95 to wildcard146
[DEBUG] Dynamically added transition from wildcard94 to wildcard146
[DEBUG] Dynamically added transition from wildcard93 to wildcard146
[DEBUG] Dynamically added transition from wildcard92 to wildcard146
[DEBUG] Dynamically added transition from wildcard91 to wildcard146
[DEBUG] Dynamically added transition from wildcard90 to wildcard146
[DEBUG] Dynamically added transition from wildcard146 to wildcard27
[DEBUG] Dynamically added transition from wildcard146 to wildcard26
[DEBUG] Dynamically added transition from wildcard146 to wildcard25
[DEBUG] Dynamically added transition from wildcard146 to wildcard24
[DEBUG] Dynamically added transition from wildcard146 to wildcard23
[DEBUG] Dynamically added transition from wildcard146 to wildcard22
[DEBUG] Dynamically added transition from wildcard146 to wildcard1
[DEBUG] Dynamically added transition from wildcard146 to wildcard21
[DEBUG] Dynamically added transition from wildcard146 to wildcard0
[DEBUG] Dynamically added transition from wildcard146 to wildcard20
[DEBUG] Dynamically added transition from wildcard146 to wildcard3
[DEBUG] Dynamically added transition from wildcard146 to wildcard2
[DEBUG] Dynamically added transition from wildcard146 to wildcard5
[DEBUG] Dynamically added transition from wildcard146 to wildcard4
[DEBUG] Dynamically added transition from wildcard146 to wildcard7
[DEBUG] Dynamically added transition from wildcard146 to wildcard6
[DEBUG] Dynamically added transition from wildcard146 to wildcard9
[DEBUG] Dynamically added transition from wildcard146 to wildcard8
[DEBUG] Dynamically added transition from wildcard146 to wildcard143
[DEBUG] Dynamically added transition from wildcard146 to wildcard144
[DEBUG] Dynamically added transition from wildcard146 to wildcard141
[DEBUG] Dynamically added transition from wildcard146 to wildcard142
[DEBUG] Dynamically added transition from wildcard146 to wildcard140
[DEBUG] Dynamically added transition from wildcard146 to wildcard19
[DEBUG] Dynamically added transition from wildcard146 to wildcard18
[DEBUG] Dynamically added transition from wildcard146 to wildcard145
[DEBUG] Dynamically added transition from wildcard146 to wildcard17
[DEBUG] Dynamically added transition from wildcard146 to wildcard146
[DEBUG] Dynamically added transition from wildcard146 to wildcard38
[DEBUG] Dynamically added transition from wildcard146 to wildcard37
[DEBUG] Dynamically added transition from wildcard146 to wildcard36
[DEBUG] Dynamically added transition from wildcard146 to wildcard35
[DEBUG] Dynamically added transition from wildcard146 to wildcard34
[DEBUG] Dynamically added transition from wildcard146 to wildcard33
[DEBUG] Dynamically added transition from wildcard146 to wildcard32
[DEBUG] Dynamically added transition from wildcard146 to wildcard31
[DEBUG] Dynamically added transition from wildcard146 to wildcard30
[DEBUG] Dynamically added transition from wildcard146 to wildcard29
[DEBUG] Dynamically added transition from wildcard146 to wildcard28
[DEBUG] Dynamically added transition from wildcard146 to wildcard49
[DEBUG] Dynamically added transition from wildcard146 to wildcard48
[DEBUG] Dynamically added transition from wildcard146 to wildcard47
[DEBUG] Dynamically added transition from wildcard146 to wildcard46
[DEBUG] Dynamically added transition from wildcard146 to wildcard45
[DEBUG] Dynamically added transition from wildcard146 to wildcard44
[DEBUG] Dynamically added transition from wildcard146 to wildcard43
[DEBUG] Dynamically added transition from wildcard146 to wildcard42
[DEBUG] Dynamically added transition from wildcard146 to wildcard41
[DEBUG] Dynamically added transition from wildcard146 to wildcard40
[DEBUG] Dynamically added transition from wildcard146 to wildcard121
[DEBUG] Dynamically added transition from wildcard146 to wildcard122
[DEBUG] Dynamically added transition from wildcard146 to wildcard120
[DEBUG] Dynamically added transition from wildcard146 to wildcard129
[DEBUG] Dynamically added transition from wildcard146 to wildcard127
[DEBUG] Dynamically added transition from wildcard146 to wildcard128
[DEBUG] Dynamically added transition from wildcard146 to wildcard125
[DEBUG] Dynamically added transition from wildcard146 to wildcard126
[DEBUG] Dynamically added transition from wildcard146 to wildcard123
[DEBUG] Dynamically added transition from wildcard146 to wildcard39
[DEBUG] Dynamically added transition from wildcard146 to wildcard124
[DEBUG] Dynamically added transition from wildcard146 to wildcard59
[DEBUG] Dynamically added transition from wildcard146 to wildcard58
[DEBUG] Dynamically added transition from wildcard146 to middle
[DEBUG] Dynamically added transition from wildcard146 to wildcard57
[DEBUG] Dynamically added transition from wildcard146 to wildcard56
[DEBUG] Dynamically added transition from wildcard146 to wildcard55
[DEBUG] Dynamically added transition from wildcard146 to wildcard54
[DEBUG] Dynamically added transition from wildcard146 to wildcard53
[DEBUG] Dynamically added transition from wildcard146 to wildcard52
[DEBUG] Dynamically added transition from wildcard146 to wildcard51
[DEBUG] Dynamically added transition from wildcard146 to wildcard50
[DEBUG] Dynamically added transition from wildcard146 to wildcard132
[DEBUG] Dynamically added transition from wildcard146 to wildcard133
[DEBUG] Dynamically added transition from wildcard146 to wildcard130
[DEBUG] Dynamically added transition from wildcard146 to wildcard131
[DEBUG] Dynamically added transition from wildcard146 to wildcard138
[DEBUG] Dynamically added transition from wildcard146 to wildcard139
[DEBUG] Dynamically added transition from wildcard146 to wildcard136
[DEBUG] Dynamically added transition from wildcard146 to wildcard137
[DEBUG] Dynamically added transition from wildcard146 to wildcard134
[DEBUG] Dynamically added transition from wildcard146 to wildcard135
[DEBUG] Dynamically added transition from wildcard146 to wildcard69
[DEBUG] Dynamically added transition from wildcard146 to wildcard68
[DEBUG] Dynamically added transition from wildcard146 to wildcard67
[DEBUG] Dynamically added transition from wildcard146 to wildcard66
[DEBUG] Dynamically added transition from wildcard146 to wildcard65
[DEBUG] Dynamically added transition from wildcard146 to wildcard64
[DEBUG] Dynamically added transition from wildcard146 to wildcard63
[DEBUG] Dynamically added transition from wildcard146 to wildcard62
[DEBUG] Dynamically added transition from wildcard146 to wildcard61
[DEBUG] Dynamically added transition from wildcard146 to wildcard60
[DEBUG] Dynamically added transition from wildcard146 to wildcard100
[DEBUG] Dynamically added transition from wildcard146 to wildcard107
[DEBUG] Dynamically added transition from wildcard146 to wildcard108
[DEBUG] Dynamically added transition from wildcard146 to wildcard105
[DEBUG] Dynamically added transition from wildcard146 to wildcard106
[DEBUG] Dynamically added transition from wildcard146 to wildcard103
[DEBUG] Dynamically added transition from wildcard146 to wildcard104
[DEBUG] Dynamically added transition from wildcard146 to wildcard101
[DEBUG] Dynamically added transition from wildcard146 to wildcard102
[DEBUG] Dynamically added transition from wildcard146 to wildcard79
[DEBUG] Dynamically added transition from wildcard146 to wildcard78
[DEBUG] Dynamically added transition from wildcard146 to wildcard77
[DEBUG] Dynamically added transition from wildcard146 to wildcard76
[DEBUG] Dynamically added transition from wildcard146 to wildcard109
[DEBUG] Dynamically added transition from wildcard146 to wildcard75
[DEBUG] Dynamically added transition from wildcard146 to wildcard74
[DEBUG] Dynamically added transition from wildcard146 to wildcard73
[DEBUG] Dynamically added transition from wildcard146 to wildcard72
[DEBUG] Dynamically added transition from wildcard146 to wildcard71
[DEBUG] Dynamically added transition from wildcard146 to wildcard70
[DEBUG] Dynamically added transition from wildcard146 to wildcard110
[DEBUG] Dynamically added transition from wildcard146 to wildcard111
[DEBUG] Dynamically added transition from wildcard146 to wildcard118
[DEBUG] Dynamically added transition from wildcard146 to wildcard119
[DEBUG] Dynamically added transition from wildcard146 to wildcard116
[DEBUG] Dynamically added transition from wildcard146 to wildcard117
[DEBUG] Dynamically added transition from wildcard146 to .*
[DEBUG] Dynamically added transition from wildcard146 to wildcard114
[DEBUG] Dynamically added transition from wildcard146 to wildcard115
[DEBUG] Dynamically added transition from wildcard146 to wildcard112
[DEBUG] Dynamically added transition from wildcard146 to wildcard113
[DEBUG] Dynamically added transition from wildcard146 to wildcard89
[DEBUG] Dynamically added transition from wildcard146 to wildcard88
[DEBUG] Dynamically added transition from wildcard146 to wildcard87
[DEBUG] Dynamically added transition from wildcard146 to wildcard86
[DEBUG] Dynamically added transition from wildcard146 to INITIAL
[DEBUG] Dynamically added transition from wildcard146 to wildcard85
[DEBUG] Dynamically added transition from wildcard146 to wildcard84
[DEBUG] Dynamically added transition from wildcard146 to wildcard83
[DEBUG] Dynamically added transition from wildcard146 to wildcard82
[DEBUG] Dynamically added transition from wildcard146 to wildcard81
[DEBUG] Dynamically added transition from wildcard146 to wildcard80
[DEBUG] Dynamically added transition from wildcard146 to end
[DEBUG] Dynamically added transition from wildcard146 to wildcard16
[DEBUG] Dynamically added transition from wildcard146 to wildcard15
[DEBUG] Dynamically added transition from wildcard146 to wildcard14
[DEBUG] Dynamically added transition from wildcard146 to wildcard13
[DEBUG] Dynamically added transition from wildcard146 to wildcard12
[DEBUG] Dynamically added transition from wildcard146 to wildcard11
[DEBUG] Dynamically added transition from wildcard146 to wildcard99
[DEBUG] Dynamically added transition from wildcard146 to wildcard10
[DEBUG] Dynamically added transition from wildcard146 to wildcard98
[DEBUG] Dynamically added transition from wildcard146 to wildcard97
[DEBUG] Dynamically added transition from wildcard146 to start
[DEBUG] Dynamically added transition from wildcard146 to wildcard96
[DEBUG] Dynamically added transition from wildcard146 to wildcard95
[DEBUG] Dynamically added transition from wildcard146 to wildcard94
[DEBUG] Dynamically added transition from wildcard146 to wildcard93
[DEBUG] Dynamically added transition from wildcard146 to wildcard92
[DEBUG] Dynamically added transition from wildcard146 to wildcard91
[DEBUG] Dynamically added transition from wildcard146 to wildcard90
[INFO] Wildcard transition valid to state: wildcard146
[INFO] Wildcard transition detected from wildcard146 to wildcard147
[DEBUG] Created intermediate state for wildcard transition: wildcard147
[DEBUG] Dynamically added transition from wildcard146 to wildcard147
[DEBUG] Dynamically added transition from wildcard27 to wildcard147
[DEBUG] Dynamically added transition from wildcard26 to wildcard147
[DEBUG] Dynamically added transition from wildcard25 to wildcard147
[DEBUG] Dynamically added transition from wildcard24 to wildcard147
[DEBUG] Dynamically added transition from wildcard23 to wildcard147
[DEBUG] Dynamically added transition from wildcard22 to wildcard147
[DEBUG] Dynamically added transition from wildcard1 to wildcard147
[DEBUG] Dynamically added transition from wildcard21 to wildcard147
[DEBUG] Dynamically added transition from wildcard0 to wildcard147
[DEBUG] Dynamically added transition from wildcard20 to wildcard147
[DEBUG] Dynamically added transition from wildcard3 to wildcard147
[DEBUG] Dynamically added transition from wildcard2 to wildcard147
[DEBUG] Dynamically added transition from wildcard5 to wildcard147
[DEBUG] Dynamically added transition from wildcard4 to wildcard147
[DEBUG] Dynamically added transition from wildcard7 to wildcard147
[DEBUG] Dynamically added transition from wildcard6 to wildcard147
[DEBUG] Dynamically added transition from wildcard9 to wildcard147
[DEBUG] Dynamically added transition from wildcard8 to wildcard147
[DEBUG] Dynamically added transition from wildcard143 to wildcard147
[DEBUG] Dynamically added transition from wildcard144 to wildcard147
[DEBUG] Dynamically added transition from wildcard141 to wildcard147
[DEBUG] Dynamically added transition from wildcard142 to wildcard147
[DEBUG] Dynamically added transition from wildcard140 to wildcard147
[DEBUG] Dynamically added transition from wildcard19 to wildcard147
[DEBUG] Dynamically added transition from wildcard18 to wildcard147
[DEBUG] Dynamically added transition from wildcard145 to wildcard147
[DEBUG] Dynamically added transition from wildcard17 to wildcard147
[DEBUG] Dynamically added transition from wildcard38 to wildcard147
[DEBUG] Dynamically added transition from wildcard37 to wildcard147
[DEBUG] Dynamically added transition from wildcard36 to wildcard147
[DEBUG] Dynamically added transition from wildcard35 to wildcard147
[DEBUG] Dynamically added transition from wildcard34 to wildcard147
[DEBUG] Dynamically added transition from wildcard33 to wildcard147
[DEBUG] Dynamically added transition from wildcard32 to wildcard147
[DEBUG] Dynamically added transition from wildcard31 to wildcard147
[DEBUG] Dynamically added transition from wildcard30 to wildcard147
[DEBUG] Dynamically added transition from wildcard29 to wildcard147
[DEBUG] Dynamically added transition from wildcard28 to wildcard147
[DEBUG] Dynamically added transition from wildcard49 to wildcard147
[DEBUG] Dynamically added transition from wildcard48 to wildcard147
[DEBUG] Dynamically added transition from wildcard47 to wildcard147
[DEBUG] Dynamically added transition from wildcard46 to wildcard147
[DEBUG] Dynamically added transition from wildcard45 to wildcard147
[DEBUG] Dynamically added transition from wildcard44 to wildcard147
[DEBUG] Dynamically added transition from wildcard43 to wildcard147
[DEBUG] Dynamically added transition from wildcard42 to wildcard147
[DEBUG] Dynamically added transition from wildcard41 to wildcard147
[DEBUG] Dynamically added transition from wildcard40 to wildcard147
[DEBUG] Dynamically added transition from wildcard121 to wildcard147
[DEBUG] Dynamically added transition from wildcard122 to wildcard147
[DEBUG] Dynamically added transition from wildcard120 to wildcard147
[DEBUG] Dynamically added transition from wildcard129 to wildcard147
[DEBUG] Dynamically added transition from wildcard127 to wildcard147
[DEBUG] Dynamically added transition from wildcard128 to wildcard147
[DEBUG] Dynamically added transition from wildcard125 to wildcard147
[DEBUG] Dynamically added transition from wildcard126 to wildcard147
[DEBUG] Dynamically added transition from wildcard123 to wildcard147
[DEBUG] Dynamically added transition from wildcard39 to wildcard147
[DEBUG] Dynamically added transition from wildcard124 to wildcard147
[DEBUG] Dynamically added transition from wildcard59 to wildcard147
[DEBUG] Dynamically added transition from wildcard58 to wildcard147
[DEBUG] Dynamically added transition from middle to wildcard147
[DEBUG] Dynamically added transition from wildcard57 to wildcard147
[DEBUG] Dynamically added transition from wildcard56 to wildcard147
[DEBUG] Dynamically added transition from wildcard55 to wildcard147
[DEBUG] Dynamically added transition from wildcard54 to wildcard147
[DEBUG] Dynamically added transition from wildcard53 to wildcard147
[DEBUG] Dynamically added transition from wildcard52 to wildcard147
[DEBUG] Dynamically added transition from wildcard51 to wildcard147
[DEBUG] Dynamically added transition from wildcard50 to wildcard147
[DEBUG] Dynamically added transition from wildcard132 to wildcard147
[DEBUG] Dynamically added transition from wildcard133 to wildcard147
[DEBUG] Dynamically added transition from wildcard130 to wildcard147
[DEBUG] Dynamically added transition from wildcard131 to wildcard147
[DEBUG] Dynamically added transition from wildcard138 to wildcard147
[DEBUG] Dynamically added transition from wildcard139 to wildcard147
[DEBUG] Dynamically added transition from wildcard136 to wildcard147
[DEBUG] Dynamically added transition from wildcard137 to wildcard147
[DEBUG] Dynamically added transition from wildcard134 to wildcard147
[DEBUG] Dynamically added transition from wildcard135 to wildcard147
[DEBUG] Dynamically added transition from wildcard69 to wildcard147
[DEBUG] Dynamically added transition from wildcard68 to wildcard147
[DEBUG] Dynamically added transition from wildcard67 to wildcard147
[DEBUG] Dynamically added transition from wildcard66 to wildcard147
[DEBUG] Dynamically added transition from wildcard65 to wildcard147
[DEBUG] Dynamically added transition from wildcard64 to wildcard147
[DEBUG] Dynamically added transition from wildcard63 to wildcard147
[DEBUG] Dynamically added transition from wildcard62 to wildcard147
[DEBUG] Dynamically added transition from wildcard61 to wildcard147
[DEBUG] Dynamically added transition from wildcard60 to wildcard147
[DEBUG] Dynamically added transition from wildcard100 to wildcard147
[DEBUG] Dynamically added transition from wildcard107 to wildcard147
[DEBUG] Dynamically added transition from wildcard108 to wildcard147
[DEBUG] Dynamically added transition from wildcard105 to wildcard147
[DEBUG] Dynamically added transition from wildcard106 to wildcard147
[DEBUG] Dynamically added transition from wildcard103 to wildcard147
[DEBUG] Dynamically added transition from wildcard104 to wildcard147
[DEBUG] Dynamically added transition from wildcard101 to wildcard147
[DEBUG] Dynamically added transition from wildcard102 to wildcard147
[DEBUG] Dynamically added transition from wildcard79 to wildcard147
[DEBUG] Dynamically added transition from wildcard78 to wildcard147
[DEBUG] Dynamically added transition from wildcard77 to wildcard147
[DEBUG] Dynamically added transition from wildcard76 to wildcard147
[DEBUG] Dynamically added transition from wildcard109 to wildcard147
[DEBUG] Dynamically added transition from wildcard75 to wildcard147
[DEBUG] Dynamically added transition from wildcard74 to wildcard147
[DEBUG] Dynamically added transition from wildcard73 to wildcard147
[DEBUG] Dynamically added transition from wildcard72 to wildcard147
[DEBUG] Dynamically added transition from wildcard71 to wildcard147
[DEBUG] Dynamically added transition from wildcard70 to wildcard147
[DEBUG] Dynamically added transition from wildcard110 to wildcard147
[DEBUG] Dynamically added transition from wildcard111 to wildcard147
[DEBUG] Dynamically added transition from wildcard118 to wildcard147
[DEBUG] Dynamically added transition from wildcard119 to wildcard147
[DEBUG] Dynamically added transition from wildcard116 to wildcard147
[DEBUG] Dynamically added transition from wildcard117 to wildcard147
[DEBUG] Dynamically added transition from wildcard114 to wildcard147
[DEBUG] Dynamically added transition from wildcard115 to wildcard147
[DEBUG] Dynamically added transition from wildcard112 to wildcard147
[DEBUG] Dynamically added transition from wildcard113 to wildcard147
[DEBUG] Dynamically added transition from wildcard89 to wildcard147
[DEBUG] Dynamically added transition from wildcard88 to wildcard147
[DEBUG] Dynamically added transition from wildcard87 to wildcard147
[DEBUG] Dynamically added transition from wildcard86 to wildcard147
[DEBUG] Dynamically added transition from wildcard85 to wildcard147
[DEBUG] Dynamically added transition from wildcard84 to wildcard147
[DEBUG] Dynamically added transition from wildcard83 to wildcard147
[DEBUG] Dynamically added transition from wildcard82 to wildcard147
[DEBUG] Dynamically added transition from wildcard81 to wildcard147
[DEBUG] Dynamically added transition from wildcard80 to wildcard147
[DEBUG] Dynamically added transition from wildcard16 to wildcard147
[DEBUG] Dynamically added transition from wildcard15 to wildcard147
[DEBUG] Dynamically added transition from wildcard14 to wildcard147
[DEBUG] Dynamically added transition from wildcard13 to wildcard147
[DEBUG] Dynamically added transition from wildcard12 to wildcard147
[DEBUG] Dynamically added transition from wildcard11 to wildcard147
[DEBUG] Dynamically added transition from wildcard99 to wildcard147
[DEBUG] Dynamically added transition from wildcard10 to wildcard147
[DEBUG] Dynamically added transition from wildcard98 to wildcard147
[DEBUG] Dynamically added transition from wildcard97 to wildcard147
[DEBUG] Dynamically added transition from start to wildcard147
[DEBUG] Dynamically added transition from wildcard96 to wildcard147
[DEBUG] Dynamically added transition from wildcard95 to wildcard147
[DEBUG] Dynamically added transition from wildcard94 to wildcard147
[DEBUG] Dynamically added transition from wildcard93 to wildcard147
[DEBUG] Dynamically added transition from wildcard92 to wildcard147
[DEBUG] Dynamically added transition from wildcard91 to wildcard147
[DEBUG] Dynamically added transition from wildcard90 to wildcard147
[DEBUG] Dynamically added transition from wildcard147 to wildcard27
[DEBUG] Dynamically added transition from wildcard147 to wildcard26
[DEBUG] Dynamically added transition from wildcard147 to wildcard25
[DEBUG] Dynamically added transition from wildcard147 to wildcard24
[DEBUG] Dynamically added transition from wildcard147 to wildcard23
[DEBUG] Dynamically added transition from wildcard147 to wildcard22
[DEBUG] Dynamically added transition from wildcard147 to wildcard1
[DEBUG] Dynamically added transition from wildcard147 to wildcard21
[DEBUG] Dynamically added transition from wildcard147 to wildcard0
[DEBUG] Dynamically added transition from wildcard147 to wildcard20
[DEBUG] Dynamically added transition from wildcard147 to wildcard3
[DEBUG] Dynamically added transition from wildcard147 to wildcard2
[DEBUG] Dynamically added transition from wildcard147 to wildcard5
[DEBUG] Dynamically added transition from wildcard147 to wildcard4
[DEBUG] Dynamically added transition from wildcard147 to wildcard7
[DEBUG] Dynamically added transition from wildcard147 to wildcard6
[DEBUG] Dynamically added transition from wildcard147 to wildcard9
[DEBUG] Dynamically added transition from wildcard147 to wildcard8
[DEBUG] Dynamically added transition from wildcard147 to wildcard143
[DEBUG] Dynamically added transition from wildcard147 to wildcard144
[DEBUG] Dynamically added transition from wildcard147 to wildcard141
[DEBUG] Dynamically added transition from wildcard147 to wildcard142
[DEBUG] Dynamically added transition from wildcard147 to wildcard140
[DEBUG] Dynamically added transition from wildcard147 to wildcard147
[DEBUG] Dynamically added transition from wildcard147 to wildcard19
[DEBUG] Dynamically added transition from wildcard147 to wildcard18
[DEBUG] Dynamically added transition from wildcard147 to wildcard145
[DEBUG] Dynamically added transition from wildcard147 to wildcard17
[DEBUG] Dynamically added transition from wildcard147 to wildcard146
[DEBUG] Dynamically added transition from wildcard147 to wildcard38
[DEBUG] Dynamically added transition from wildcard147 to wildcard37
[DEBUG] Dynamically added transition from wildcard147 to wildcard36
[DEBUG] Dynamically added transition from wildcard147 to wildcard35
[DEBUG] Dynamically added transition from wildcard147 to wildcard34
[DEBUG] Dynamically added transition from wildcard147 to wildcard33
[DEBUG] Dynamically added transition from wildcard147 to wildcard32
[DEBUG] Dynamically added transition from wildcard147 to wildcard31
[DEBUG] Dynamically added transition from wildcard147 to wildcard30
[DEBUG] Dynamically added transition from wildcard147 to wildcard29
[DEBUG] Dynamically added transition from wildcard147 to wildcard28
[DEBUG] Dynamically added transition from wildcard147 to wildcard49
[DEBUG] Dynamically added transition from wildcard147 to wildcard48
[DEBUG] Dynamically added transition from wildcard147 to wildcard47
[DEBUG] Dynamically added transition from wildcard147 to wildcard46
[DEBUG] Dynamically added transition from wildcard147 to wildcard45
[DEBUG] Dynamically added transition from wildcard147 to wildcard44
[DEBUG] Dynamically added transition from wildcard147 to wildcard43
[DEBUG] Dynamically added transition from wildcard147 to wildcard42
[DEBUG] Dynamically added transition from wildcard147 to wildcard41
[DEBUG] Dynamically added transition from wildcard147 to wildcard40
[DEBUG] Dynamically added transition from wildcard147 to wildcard121
[DEBUG] Dynamically added transition from wildcard147 to wildcard122
[DEBUG] Dynamically added transition from wildcard147 to wildcard120
[DEBUG] Dynamically added transition from wildcard147 to wildcard129
[DEBUG] Dynamically added transition from wildcard147 to wildcard127
[DEBUG] Dynamically added transition from wildcard147 to wildcard128
[DEBUG] Dynamically added transition from wildcard147 to wildcard125
[DEBUG] Dynamically added transition from wildcard147 to wildcard126
[DEBUG] Dynamically added transition from wildcard147 to wildcard123
[DEBUG] Dynamically added transition from wildcard147 to wildcard39
[DEBUG] Dynamically added transition from wildcard147 to wildcard124
[DEBUG] Dynamically added transition from wildcard147 to wildcard59
[DEBUG] Dynamically added transition from wildcard147 to wildcard58
[DEBUG] Dynamically added transition from wildcard147 to middle
[DEBUG] Dynamically added transition from wildcard147 to wildcard57
[DEBUG] Dynamically added transition from wildcard147 to wildcard56
[DEBUG] Dynamically added transition from wildcard147 to wildcard55
[DEBUG] Dynamically added transition from wildcard147 to wildcard54
[DEBUG] Dynamically added transition from wildcard147 to wildcard53
[DEBUG] Dynamically added transition from wildcard147 to wildcard52
[DEBUG] Dynamically added transition from wildcard147 to wildcard51
[DEBUG] Dynamically added transition from wildcard147 to wildcard50
[DEBUG] Dynamically added transition from wildcard147 to wildcard132
[DEBUG] Dynamically added transition from wildcard147 to wildcard133
[DEBUG] Dynamically added transition from wildcard147 to wildcard130
[DEBUG] Dynamically added transition from wildcard147 to wildcard131
[DEBUG] Dynamically added transition from wildcard147 to wildcard138
[DEBUG] Dynamically added transition from wildcard147 to wildcard139
[DEBUG] Dynamically added transition from wildcard147 to wildcard136
[DEBUG] Dynamically added transition from wildcard147 to wildcard137
[DEBUG] Dynamically added transition from wildcard147 to wildcard134
[DEBUG] Dynamically added transition from wildcard147 to wildcard135
[DEBUG] Dynamically added transition from wildcard147 to wildcard69
[DEBUG] Dynamically added transition from wildcard147 to wildcard68
[DEBUG] Dynamically added transition from wildcard147 to wildcard67
[DEBUG] Dynamically added transition from wildcard147 to wildcard66
[DEBUG] Dynamically added transition from wildcard147 to wildcard65
[DEBUG] Dynamically added transition from wildcard147 to wildcard64
[DEBUG] Dynamically added transition from wildcard147 to wildcard63
[DEBUG] Dynamically added transition from wildcard147 to wildcard62
[DEBUG] Dynamically added transition from wildcard147 to wildcard61
[DEBUG] Dynamically added transition from wildcard147 to wildcard60
[DEBUG] Dynamically added transition from wildcard147 to wildcard100
[DEBUG] Dynamically added transition from wildcard147 to wildcard107
[DEBUG] Dynamically added transition from wildcard147 to wildcard108
[DEBUG] Dynamically added transition from wildcard147 to wildcard105
[DEBUG] Dynamically added transition from wildcard147 to wildcard106
[DEBUG] Dynamically added transition from wildcard147 to wildcard103
[DEBUG] Dynamically added transition from wildcard147 to wildcard104
[DEBUG] Dynamically added transition from wildcard147 to wildcard101
[DEBUG] Dynamically added transition from wildcard147 to wildcard102
[DEBUG] Dynamically added transition from wildcard147 to wildcard79
[DEBUG] Dynamically added transition from wildcard147 to wildcard78
[DEBUG] Dynamically added transition from wildcard147 to wildcard77
[DEBUG] Dynamically added transition from wildcard147 to wildcard76
[DEBUG] Dynamically added transition from wildcard147 to wildcard109
[DEBUG] Dynamically added transition from wildcard147 to wildcard75
[DEBUG] Dynamically added transition from wildcard147 to wildcard74
[DEBUG] Dynamically added transition from wildcard147 to wildcard73
[DEBUG] Dynamically added transition from wildcard147 to wildcard72
[DEBUG] Dynamically added transition from wildcard147 to wildcard71
[DEBUG] Dynamically added transition from wildcard147 to wildcard70
[DEBUG] Dynamically added transition from wildcard147 to wildcard110
[DEBUG] Dynamically added transition from wildcard147 to wildcard111
[DEBUG] Dynamically added transition from wildcard147 to wildcard118
[DEBUG] Dynamically added transition from wildcard147 to wildcard119
[DEBUG] Dynamically added transition from wildcard147 to wildcard116
[DEBUG] Dynamically added transition from wildcard147 to wildcard117
[DEBUG] Dynamically added transition from wildcard147 to .*
[DEBUG] Dynamically added transition from wildcard147 to wildcard114
[DEBUG] Dynamically added transition from wildcard147 to wildcard115
[DEBUG] Dynamically added transition from wildcard147 to wildcard112
[DEBUG] Dynamically added transition from wildcard147 to wildcard113
[DEBUG] Dynamically added transition from wildcard147 to wildcard89
[DEBUG] Dynamically added transition from wildcard147 to wildcard88
[DEBUG] Dynamically added transition from wildcard147 to wildcard87
[DEBUG] Dynamically added transition from wildcard147 to wildcard86
[DEBUG] Dynamically added transition from wildcard147 to INITIAL
[DEBUG] Dynamically added transition from wildcard147 to wildcard85
[DEBUG] Dynamically added transition from wildcard147 to wildcard84
[DEBUG] Dynamically added transition from wildcard147 to wildcard83
[DEBUG] Dynamically added transition from wildcard147 to wildcard82
[DEBUG] Dynamically added transition from wildcard147 to wildcard81
[DEBUG] Dynamically added transition from wildcard147 to wildcard80
[DEBUG] Dynamically added transition from wildcard147 to end
[DEBUG] Dynamically added transition from wildcard147 to wildcard16
[DEBUG] Dynamically added transition from wildcard147 to wildcard15
[DEBUG] Dynamically added transition from wildcard147 to wildcard14
[DEBUG] Dynamically added transition from wildcard147 to wildcard13
[DEBUG] Dynamically added transition from wildcard147 to wildcard12
[DEBUG] Dynamically added transition from wildcard147 to wildcard11
[DEBUG] Dynamically added transition from wildcard147 to wildcard99
[DEBUG] Dynamically added transition from wildcard147 to wildcard10
[DEBUG] Dynamically added transition from wildcard147 to wildcard98
[DEBUG] Dynamically added transition from wildcard147 to wildcard97
[DEBUG] Dynamically added transition from wildcard147 to start
[DEBUG] Dynamically added transition from wildcard147 to wildcard96
[DEBUG] Dynamically added transition from wildcard147 to wildcard95
[DEBUG] Dynamically added transition from wildcard147 to wildcard94
[DEBUG] Dynamically added transition from wildcard147 to wildcard93
[DEBUG] Dynamically added transition from wildcard147 to wildcard92
[DEBUG] Dynamically added transition from wildcard147 to wildcard91
[DEBUG] Dynamically added transition from wildcard147 to wildcard90
[INFO] Wildcard transition valid to state: wildcard147
[INFO] Wildcard transition detected from wildcard147 to wildcard148
[DEBUG] Created intermediate state for wildcard transition: wildcard148
[DEBUG] Dynamically added transition from wildcard147 to wildcard148
[DEBUG] Dynamically added transition from wildcard27 to wildcard148
[DEBUG] Dynamically added transition from wildcard26 to wildcard148
[DEBUG] Dynamically added transition from wildcard25 to wildcard148
[DEBUG] Dynamically added transition from wildcard24 to wildcard148
[DEBUG] Dynamically added transition from wildcard23 to wildcard148
[DEBUG] Dynamically added transition from wildcard22 to wildcard148
[DEBUG] Dynamically added transition from wildcard1 to wildcard148
[DEBUG] Dynamically added transition from wildcard21 to wildcard148
[DEBUG] Dynamically added transition from wildcard0 to wildcard148
[DEBUG] Dynamically added transition from wildcard20 to wildcard148
[DEBUG] Dynamically added transition from wildcard3 to wildcard148
[DEBUG] Dynamically added transition from wildcard2 to wildcard148
[DEBUG] Dynamically added transition from wildcard5 to wildcard148
[DEBUG] Dynamically added transition from wildcard4 to wildcard148
[DEBUG] Dynamically added transition from wildcard7 to wildcard148
[DEBUG] Dynamically added transition from wildcard6 to wildcard148
[DEBUG] Dynamically added transition from wildcard9 to wildcard148
[DEBUG] Dynamically added transition from wildcard8 to wildcard148
[DEBUG] Dynamically added transition from wildcard143 to wildcard148
[DEBUG] Dynamically added transition from wildcard144 to wildcard148
[DEBUG] Dynamically added transition from wildcard141 to wildcard148
[DEBUG] Dynamically added transition from wildcard142 to wildcard148
[DEBUG] Dynamically added transition from wildcard140 to wildcard148
[DEBUG] Dynamically added transition from wildcard19 to wildcard148
[DEBUG] Dynamically added transition from wildcard18 to wildcard148
[DEBUG] Dynamically added transition from wildcard145 to wildcard148
[DEBUG] Dynamically added transition from wildcard17 to wildcard148
[DEBUG] Dynamically added transition from wildcard146 to wildcard148
[DEBUG] Dynamically added transition from wildcard38 to wildcard148
[DEBUG] Dynamically added transition from wildcard37 to wildcard148
[DEBUG] Dynamically added transition from wildcard36 to wildcard148
[DEBUG] Dynamically added transition from wildcard35 to wildcard148
[DEBUG] Dynamically added transition from wildcard34 to wildcard148
[DEBUG] Dynamically added transition from wildcard33 to wildcard148
[DEBUG] Dynamically added transition from wildcard32 to wildcard148
[DEBUG] Dynamically added transition from wildcard31 to wildcard148
[DEBUG] Dynamically added transition from wildcard30 to wildcard148
[DEBUG] Dynamically added transition from wildcard29 to wildcard148
[DEBUG] Dynamically added transition from wildcard28 to wildcard148
[DEBUG] Dynamically added transition from wildcard49 to wildcard148
[DEBUG] Dynamically added transition from wildcard48 to wildcard148
[DEBUG] Dynamically added transition from wildcard47 to wildcard148
[DEBUG] Dynamically added transition from wildcard46 to wildcard148
[DEBUG] Dynamically added transition from wildcard45 to wildcard148
[DEBUG] Dynamically added transition from wildcard44 to wildcard148
[DEBUG] Dynamically added transition from wildcard43 to wildcard148
[DEBUG] Dynamically added transition from wildcard42 to wildcard148
[DEBUG] Dynamically added transition from wildcard41 to wildcard148
[DEBUG] Dynamically added transition from wildcard40 to wildcard148
[DEBUG] Dynamically added transition from wildcard121 to wildcard148
[DEBUG] Dynamically added transition from wildcard122 to wildcard148
[DEBUG] Dynamically added transition from wildcard120 to wildcard148
[DEBUG] Dynamically added transition from wildcard129 to wildcard148
[DEBUG] Dynamically added transition from wildcard127 to wildcard148
[DEBUG] Dynamically added transition from wildcard128 to wildcard148
[DEBUG] Dynamically added transition from wildcard125 to wildcard148
[DEBUG] Dynamically added transition from wildcard126 to wildcard148
[DEBUG] Dynamically added transition from wildcard123 to wildcard148
[DEBUG] Dynamically added transition from wildcard39 to wildcard148
[DEBUG] Dynamically added transition from wildcard124 to wildcard148
[DEBUG] Dynamically added transition from wildcard59 to wildcard148
[DEBUG] Dynamically added transition from wildcard58 to wildcard148
[DEBUG] Dynamically added transition from middle to wildcard148
[DEBUG] Dynamically added transition from wildcard57 to wildcard148
[DEBUG] Dynamically added transition from wildcard56 to wildcard148
[DEBUG] Dynamically added transition from wildcard55 to wildcard148
[DEBUG] Dynamically added transition from wildcard54 to wildcard148
[DEBUG] Dynamically added transition from wildcard53 to wildcard148
[DEBUG] Dynamically added transition from wildcard52 to wildcard148
[DEBUG] Dynamically added transition from wildcard51 to wildcard148
[DEBUG] Dynamically added transition from wildcard50 to wildcard148
[DEBUG] Dynamically added transition from wildcard132 to wildcard148
[DEBUG] Dynamically added transition from wildcard133 to wildcard148
[DEBUG] Dynamically added transition from wildcard130 to wildcard148
[DEBUG] Dynamically added transition from wildcard131 to wildcard148
[DEBUG] Dynamically added transition from wildcard138 to wildcard148
[DEBUG] Dynamically added transition from wildcard139 to wildcard148
[DEBUG] Dynamically added transition from wildcard136 to wildcard148
[DEBUG] Dynamically added transition from wildcard137 to wildcard148
[DEBUG] Dynamically added transition from wildcard134 to wildcard148
[DEBUG] Dynamically added transition from wildcard135 to wildcard148
[DEBUG] Dynamically added transition from wildcard69 to wildcard148
[DEBUG] Dynamically added transition from wildcard68 to wildcard148
[DEBUG] Dynamically added transition from wildcard67 to wildcard148
[DEBUG] Dynamically added transition from wildcard66 to wildcard148
[DEBUG] Dynamically added transition from wildcard65 to wildcard148
[DEBUG] Dynamically added transition from wildcard64 to wildcard148
[DEBUG] Dynamically added transition from wildcard63 to wildcard148
[DEBUG] Dynamically added transition from wildcard62 to wildcard148
[DEBUG] Dynamically added transition from wildcard61 to wildcard148
[DEBUG] Dynamically added transition from wildcard60 to wildcard148
[DEBUG] Dynamically added transition from wildcard100 to wildcard148
[DEBUG] Dynamically added transition from wildcard107 to wildcard148
[DEBUG] Dynamically added transition from wildcard108 to wildcard148
[DEBUG] Dynamically added transition from wildcard105 to wildcard148
[DEBUG] Dynamically added transition from wildcard106 to wildcard148
[DEBUG] Dynamically added transition from wildcard103 to wildcard148
[DEBUG] Dynamically added transition from wildcard104 to wildcard148
[DEBUG] Dynamically added transition from wildcard101 to wildcard148
[DEBUG] Dynamically added transition from wildcard102 to wildcard148
[DEBUG] Dynamically added transition from wildcard79 to wildcard148
[DEBUG] Dynamically added transition from wildcard78 to wildcard148
[DEBUG] Dynamically added transition from wildcard77 to wildcard148
[DEBUG] Dynamically added transition from wildcard76 to wildcard148
[DEBUG] Dynamically added transition from wildcard109 to wildcard148
[DEBUG] Dynamically added transition from wildcard75 to wildcard148
[DEBUG] Dynamically added transition from wildcard74 to wildcard148
[DEBUG] Dynamically added transition from wildcard73 to wildcard148
[DEBUG] Dynamically added transition from wildcard72 to wildcard148
[DEBUG] Dynamically added transition from wildcard71 to wildcard148
[DEBUG] Dynamically added transition from wildcard70 to wildcard148
[DEBUG] Dynamically added transition from wildcard110 to wildcard148
[DEBUG] Dynamically added transition from wildcard111 to wildcard148
[DEBUG] Dynamically added transition from wildcard118 to wildcard148
[DEBUG] Dynamically added transition from wildcard119 to wildcard148
[DEBUG] Dynamically added transition from wildcard116 to wildcard148
[DEBUG] Dynamically added transition from wildcard117 to wildcard148
[DEBUG] Dynamically added transition from wildcard114 to wildcard148
[DEBUG] Dynamically added transition from wildcard115 to wildcard148
[DEBUG] Dynamically added transition from wildcard112 to wildcard148
[DEBUG] Dynamically added transition from wildcard113 to wildcard148
[DEBUG] Dynamically added transition from wildcard89 to wildcard148
[DEBUG] Dynamically added transition from wildcard88 to wildcard148
[DEBUG] Dynamically added transition from wildcard87 to wildcard148
[DEBUG] Dynamically added transition from wildcard86 to wildcard148
[DEBUG] Dynamically added transition from wildcard85 to wildcard148
[DEBUG] Dynamically added transition from wildcard84 to wildcard148
[DEBUG] Dynamically added transition from wildcard83 to wildcard148
[DEBUG] Dynamically added transition from wildcard82 to wildcard148
[DEBUG] Dynamically added transition from wildcard81 to wildcard148
[DEBUG] Dynamically added transition from wildcard80 to wildcard148
[DEBUG] Dynamically added transition from wildcard16 to wildcard148
[DEBUG] Dynamically added transition from wildcard15 to wildcard148
[DEBUG] Dynamically added transition from wildcard14 to wildcard148
[DEBUG] Dynamically added transition from wildcard13 to wildcard148
[DEBUG] Dynamically added transition from wildcard12 to wildcard148
[DEBUG] Dynamically added transition from wildcard11 to wildcard148
[DEBUG] Dynamically added transition from wildcard99 to wildcard148
[DEBUG] Dynamically added transition from wildcard10 to wildcard148
[DEBUG] Dynamically added transition from wildcard98 to wildcard148
[DEBUG] Dynamically added transition from wildcard97 to wildcard148
[DEBUG] Dynamically added transition from start to wildcard148
[DEBUG] Dynamically added transition from wildcard96 to wildcard148
[DEBUG] Dynamically added transition from wildcard95 to wildcard148
[DEBUG] Dynamically added transition from wildcard94 to wildcard148
[DEBUG] Dynamically added transition from wildcard93 to wildcard148
[DEBUG] Dynamically added transition from wildcard92 to wildcard148
[DEBUG] Dynamically added transition from wildcard91 to wildcard148
[DEBUG] Dynamically added transition from wildcard90 to wildcard148
[DEBUG] Dynamically added transition from wildcard148 to wildcard27
[DEBUG] Dynamically added transition from wildcard148 to wildcard26
[DEBUG] Dynamically added transition from wildcard148 to wildcard25
[DEBUG] Dynamically added transition from wildcard148 to wildcard24
[DEBUG] Dynamically added transition from wildcard148 to wildcard23
[DEBUG] Dynamically added transition from wildcard148 to wildcard22
[DEBUG] Dynamically added transition from wildcard148 to wildcard1
[DEBUG] Dynamically added transition from wildcard148 to wildcard21
[DEBUG] Dynamically added transition from wildcard148 to wildcard0
[DEBUG] Dynamically added transition from wildcard148 to wildcard20
[DEBUG] Dynamically added transition from wildcard148 to wildcard3
[DEBUG] Dynamically added transition from wildcard148 to wildcard2
[DEBUG] Dynamically added transition from wildcard148 to wildcard5
[DEBUG] Dynamically added transition from wildcard148 to wildcard4
[DEBUG] Dynamically added transition from wildcard148 to wildcard7
[DEBUG] Dynamically added transition from wildcard148 to wildcard6
[DEBUG] Dynamically added transition from wildcard148 to wildcard9
[DEBUG] Dynamically added transition from wildcard148 to wildcard8
[DEBUG] Dynamically added transition from wildcard148 to wildcard143
[DEBUG] Dynamically added transition from wildcard148 to wildcard144
[DEBUG] Dynamically added transition from wildcard148 to wildcard141
[DEBUG] Dynamically added transition from wildcard148 to wildcard142
[DEBUG] Dynamically added transition from wildcard148 to wildcard140
[DEBUG] Dynamically added transition from wildcard148 to wildcard147
[DEBUG] Dynamically added transition from wildcard148 to wildcard19
[DEBUG] Dynamically added transition from wildcard148 to wildcard148
[DEBUG] Dynamically added transition from wildcard148 to wildcard18
[DEBUG] Dynamically added transition from wildcard148 to wildcard145
[DEBUG] Dynamically added transition from wildcard148 to wildcard17
[DEBUG] Dynamically added transition from wildcard148 to wildcard146
[DEBUG] Dynamically added transition from wildcard148 to wildcard38
[DEBUG] Dynamically added transition from wildcard148 to wildcard37
[DEBUG] Dynamically added transition from wildcard148 to wildcard36
[DEBUG] Dynamically added transition from wildcard148 to wildcard35
[DEBUG] Dynamically added transition from wildcard148 to wildcard34
[DEBUG] Dynamically added transition from wildcard148 to wildcard33
[DEBUG] Dynamically added transition from wildcard148 to wildcard32
[DEBUG] Dynamically added transition from wildcard148 to wildcard31
[DEBUG] Dynamically added transition from wildcard148 to wildcard30
[DEBUG] Dynamically added transition from wildcard148 to wildcard29
[DEBUG] Dynamically added transition from wildcard148 to wildcard28
[DEBUG] Dynamically added transition from wildcard148 to wildcard49
[DEBUG] Dynamically added transition from wildcard148 to wildcard48
[DEBUG] Dynamically added transition from wildcard148 to wildcard47
[DEBUG] Dynamically added transition from wildcard148 to wildcard46
[DEBUG] Dynamically added transition from wildcard148 to wildcard45
[DEBUG] Dynamically added transition from wildcard148 to wildcard44
[DEBUG] Dynamically added transition from wildcard148 to wildcard43
[DEBUG] Dynamically added transition from wildcard148 to wildcard42
[DEBUG] Dynamically added transition from wildcard148 to wildcard41
[DEBUG] Dynamically added transition from wildcard148 to wildcard40
[DEBUG] Dynamically added transition from wildcard148 to wildcard121
[DEBUG] Dynamically added transition from wildcard148 to wildcard122
[DEBUG] Dynamically added transition from wildcard148 to wildcard120
[DEBUG] Dynamically added transition from wildcard148 to wildcard129
[DEBUG] Dynamically added transition from wildcard148 to wildcard127
[DEBUG] Dynamically added transition from wildcard148 to wildcard128
[DEBUG] Dynamically added transition from wildcard148 to wildcard125
[DEBUG] Dynamically added transition from wildcard148 to wildcard126
[DEBUG] Dynamically added transition from wildcard148 to wildcard123
[DEBUG] Dynamically added transition from wildcard148 to wildcard39
[DEBUG] Dynamically added transition from wildcard148 to wildcard124
[DEBUG] Dynamically added transition from wildcard148 to wildcard59
[DEBUG] Dynamically added transition from wildcard148 to wildcard58
[DEBUG] Dynamically added transition from wildcard148 to middle
[DEBUG] Dynamically added transition from wildcard148 to wildcard57
[DEBUG] Dynamically added transition from wildcard148 to wildcard56
[DEBUG] Dynamically added transition from wildcard148 to wildcard55
[DEBUG] Dynamically added transition from wildcard148 to wildcard54
[DEBUG] Dynamically added transition from wildcard148 to wildcard53
[DEBUG] Dynamically added transition from wildcard148 to wildcard52
[DEBUG] Dynamically added transition from wildcard148 to wildcard51
[DEBUG] Dynamically added transition from wildcard148 to wildcard50
[DEBUG] Dynamically added transition from wildcard148 to wildcard132
[DEBUG] Dynamically added transition from wildcard148 to wildcard133
[DEBUG] Dynamically added transition from wildcard148 to wildcard130
[DEBUG] Dynamically added transition from wildcard148 to wildcard131
[DEBUG] Dynamically added transition from wildcard148 to wildcard138
[DEBUG] Dynamically added transition from wildcard148 to wildcard139
[DEBUG] Dynamically added transition from wildcard148 to wildcard136
[DEBUG] Dynamically added transition from wildcard148 to wildcard137
[DEBUG] Dynamically added transition from wildcard148 to wildcard134
[DEBUG] Dynamically added transition from wildcard148 to wildcard135
[DEBUG] Dynamically added transition from wildcard148 to wildcard69
[DEBUG] Dynamically added transition from wildcard148 to wildcard68
[DEBUG] Dynamically added transition from wildcard148 to wildcard67
[DEBUG] Dynamically added transition from wildcard148 to wildcard66
[DEBUG] Dynamically added transition from wildcard148 to wildcard65
[DEBUG] Dynamically added transition from wildcard148 to wildcard64
[DEBUG] Dynamically added transition from wildcard148 to wildcard63
[DEBUG] Dynamically added transition from wildcard148 to wildcard62
[DEBUG] Dynamically added transition from wildcard148 to wildcard61
[DEBUG] Dynamically added transition from wildcard148 to wildcard60
[DEBUG] Dynamically added transition from wildcard148 to wildcard100
[DEBUG] Dynamically added transition from wildcard148 to wildcard107
[DEBUG] Dynamically added transition from wildcard148 to wildcard108
[DEBUG] Dynamically added transition from wildcard148 to wildcard105
[DEBUG] Dynamically added transition from wildcard148 to wildcard106
[DEBUG] Dynamically added transition from wildcard148 to wildcard103
[DEBUG] Dynamically added transition from wildcard148 to wildcard104
[DEBUG] Dynamically added transition from wildcard148 to wildcard101
[DEBUG] Dynamically added transition from wildcard148 to wildcard102
[DEBUG] Dynamically added transition from wildcard148 to wildcard79
[DEBUG] Dynamically added transition from wildcard148 to wildcard78
[DEBUG] Dynamically added transition from wildcard148 to wildcard77
[DEBUG] Dynamically added transition from wildcard148 to wildcard76
[DEBUG] Dynamically added transition from wildcard148 to wildcard109
[DEBUG] Dynamically added transition from wildcard148 to wildcard75
[DEBUG] Dynamically added transition from wildcard148 to wildcard74
[DEBUG] Dynamically added transition from wildcard148 to wildcard73
[DEBUG] Dynamically added transition from wildcard148 to wildcard72
[DEBUG] Dynamically added transition from wildcard148 to wildcard71
[DEBUG] Dynamically added transition from wildcard148 to wildcard70
[DEBUG] Dynamically added transition from wildcard148 to wildcard110
[DEBUG] Dynamically added transition from wildcard148 to wildcard111
[DEBUG] Dynamically added transition from wildcard148 to wildcard118
[DEBUG] Dynamically added transition from wildcard148 to wildcard119
[DEBUG] Dynamically added transition from wildcard148 to wildcard116
[DEBUG] Dynamically added transition from wildcard148 to wildcard117
[DEBUG] Dynamically added transition from wildcard148 to .*
[DEBUG] Dynamically added transition from wildcard148 to wildcard114
[DEBUG] Dynamically added transition from wildcard148 to wildcard115
[DEBUG] Dynamically added transition from wildcard148 to wildcard112
[DEBUG] Dynamically added transition from wildcard148 to wildcard113
[DEBUG] Dynamically added transition from wildcard148 to wildcard89
[DEBUG] Dynamically added transition from wildcard148 to wildcard88
[DEBUG] Dynamically added transition from wildcard148 to wildcard87
[DEBUG] Dynamically added transition from wildcard148 to wildcard86
[DEBUG] Dynamically added transition from wildcard148 to INITIAL
[DEBUG] Dynamically added transition from wildcard148 to wildcard85
[DEBUG] Dynamically added transition from wildcard148 to wildcard84
[DEBUG] Dynamically added transition from wildcard148 to wildcard83
[DEBUG] Dynamically added transition from wildcard148 to wildcard82
[DEBUG] Dynamically added transition from wildcard148 to wildcard81
[DEBUG] Dynamically added transition from wildcard148 to wildcard80
[DEBUG] Dynamically added transition from wildcard148 to end
[DEBUG] Dynamically added transition from wildcard148 to wildcard16
[DEBUG] Dynamically added transition from wildcard148 to wildcard15
[DEBUG] Dynamically added transition from wildcard148 to wildcard14
[DEBUG] Dynamically added transition from wildcard148 to wildcard13
[DEBUG] Dynamically added transition from wildcard148 to wildcard12
[DEBUG] Dynamically added transition from wildcard148 to wildcard11
[DEBUG] Dynamically added transition from wildcard148 to wildcard99
[DEBUG] Dynamically added transition from wildcard148 to wildcard10
[DEBUG] Dynamically added transition from wildcard148 to wildcard98
[DEBUG] Dynamically added transition from wildcard148 to wildcard97
[DEBUG] Dynamically added transition from wildcard148 to start
[DEBUG] Dynamically added transition from wildcard148 to wildcard96
[DEBUG] Dynamically added transition from wildcard148 to wildcard95
[DEBUG] Dynamically added transition from wildcard148 to wildcard94
[DEBUG] Dynamically added transition from wildcard148 to wildcard93
[DEBUG] Dynamically added transition from wildcard148 to wildcard92
[DEBUG] Dynamically added transition from wildcard148 to wildcard91
[DEBUG] Dynamically added transition from wildcard148 to wildcard90
[INFO] Wildcard transition valid to state: wildcard148
[INFO] Wildcard transition detected from wildcard148 to wildcard149
[DEBUG] Created intermediate state for wildcard transition: wildcard149
[DEBUG] Dynamically added transition from wildcard148 to wildcard149
[DEBUG] Dynamically added transition from wildcard27 to wildcard149
[DEBUG] Dynamically added transition from wildcard26 to wildcard149
[DEBUG] Dynamically added transition from wildcard25 to wildcard149
[DEBUG] Dynamically added transition from wildcard24 to wildcard149
[DEBUG] Dynamically added transition from wildcard23 to wildcard149
[DEBUG] Dynamically added transition from wildcard22 to wildcard149
[DEBUG] Dynamically added transition from wildcard1 to wildcard149
[DEBUG] Dynamically added transition from wildcard21 to wildcard149
[DEBUG] Dynamically added transition from wildcard0 to wildcard149
[DEBUG] Dynamically added transition from wildcard20 to wildcard149
[DEBUG] Dynamically added transition from wildcard3 to wildcard149
[DEBUG] Dynamically added transition from wildcard2 to wildcard149
[DEBUG] Dynamically added transition from wildcard5 to wildcard149
[DEBUG] Dynamically added transition from wildcard4 to wildcard149
[DEBUG] Dynamically added transition from wildcard7 to wildcard149
[DEBUG] Dynamically added transition from wildcard6 to wildcard149
[DEBUG] Dynamically added transition from wildcard9 to wildcard149
[DEBUG] Dynamically added transition from wildcard8 to wildcard149
[DEBUG] Dynamically added transition from wildcard143 to wildcard149
[DEBUG] Dynamically added transition from wildcard144 to wildcard149
[DEBUG] Dynamically added transition from wildcard141 to wildcard149
[DEBUG] Dynamically added transition from wildcard142 to wildcard149
[DEBUG] Dynamically added transition from wildcard140 to wildcard149
[DEBUG] Dynamically added transition from wildcard147 to wildcard149
[DEBUG] Dynamically added transition from wildcard19 to wildcard149
[DEBUG] Dynamically added transition from wildcard18 to wildcard149
[DEBUG] Dynamically added transition from wildcard145 to wildcard149
[DEBUG] Dynamically added transition from wildcard17 to wildcard149
[DEBUG] Dynamically added transition from wildcard146 to wildcard149
[DEBUG] Dynamically added transition from wildcard38 to wildcard149
[DEBUG] Dynamically added transition from wildcard37 to wildcard149
[DEBUG] Dynamically added transition from wildcard36 to wildcard149
[DEBUG] Dynamically added transition from wildcard35 to wildcard149
[DEBUG] Dynamically added transition from wildcard34 to wildcard149
[DEBUG] Dynamically added transition from wildcard33 to wildcard149
[DEBUG] Dynamically added transition from wildcard32 to wildcard149
[DEBUG] Dynamically added transition from wildcard31 to wildcard149
[DEBUG] Dynamically added transition from wildcard30 to wildcard149
[DEBUG] Dynamically added transition from wildcard29 to wildcard149
[DEBUG] Dynamically added transition from wildcard28 to wildcard149
[DEBUG] Dynamically added transition from wildcard49 to wildcard149
[DEBUG] Dynamically added transition from wildcard48 to wildcard149
[DEBUG] Dynamically added transition from wildcard47 to wildcard149
[DEBUG] Dynamically added transition from wildcard46 to wildcard149
[DEBUG] Dynamically added transition from wildcard45 to wildcard149
[DEBUG] Dynamically added transition from wildcard44 to wildcard149
[DEBUG] Dynamically added transition from wildcard43 to wildcard149
[DEBUG] Dynamically added transition from wildcard42 to wildcard149
[DEBUG] Dynamically added transition from wildcard41 to wildcard149
[DEBUG] Dynamically added transition from wildcard40 to wildcard149
[DEBUG] Dynamically added transition from wildcard121 to wildcard149
[DEBUG] Dynamically added transition from wildcard122 to wildcard149
[DEBUG] Dynamically added transition from wildcard120 to wildcard149
[DEBUG] Dynamically added transition from wildcard129 to wildcard149
[DEBUG] Dynamically added transition from wildcard127 to wildcard149
[DEBUG] Dynamically added transition from wildcard128 to wildcard149
[DEBUG] Dynamically added transition from wildcard125 to wildcard149
[DEBUG] Dynamically added transition from wildcard126 to wildcard149
[DEBUG] Dynamically added transition from wildcard123 to wildcard149
[DEBUG] Dynamically added transition from wildcard39 to wildcard149
[DEBUG] Dynamically added transition from wildcard124 to wildcard149
[DEBUG] Dynamically added transition from wildcard59 to wildcard149
[DEBUG] Dynamically added transition from wildcard58 to wildcard149
[DEBUG] Dynamically added transition from middle to wildcard149
[DEBUG] Dynamically added transition from wildcard57 to wildcard149
[DEBUG] Dynamically added transition from wildcard56 to wildcard149
[DEBUG] Dynamically added transition from wildcard55 to wildcard149
[DEBUG] Dynamically added transition from wildcard54 to wildcard149
[DEBUG] Dynamically added transition from wildcard53 to wildcard149
[DEBUG] Dynamically added transition from wildcard52 to wildcard149
[DEBUG] Dynamically added transition from wildcard51 to wildcard149
[DEBUG] Dynamically added transition from wildcard50 to wildcard149
[DEBUG] Dynamically added transition from wildcard132 to wildcard149
[DEBUG] Dynamically added transition from wildcard133 to wildcard149
[DEBUG] Dynamically added transition from wildcard130 to wildcard149
[DEBUG] Dynamically added transition from wildcard131 to wildcard149
[DEBUG] Dynamically added transition from wildcard138 to wildcard149
[DEBUG] Dynamically added transition from wildcard139 to wildcard149
[DEBUG] Dynamically added transition from wildcard136 to wildcard149
[DEBUG] Dynamically added transition from wildcard137 to wildcard149
[DEBUG] Dynamically added transition from wildcard134 to wildcard149
[DEBUG] Dynamically added transition from wildcard135 to wildcard149
[DEBUG] Dynamically added transition from wildcard69 to wildcard149
[DEBUG] Dynamically added transition from wildcard68 to wildcard149
[DEBUG] Dynamically added transition from wildcard67 to wildcard149
[DEBUG] Dynamically added transition from wildcard66 to wildcard149
[DEBUG] Dynamically added transition from wildcard65 to wildcard149
[DEBUG] Dynamically added transition from wildcard64 to wildcard149
[DEBUG] Dynamically added transition from wildcard63 to wildcard149
[DEBUG] Dynamically added transition from wildcard62 to wildcard149
[DEBUG] Dynamically added transition from wildcard61 to wildcard149
[DEBUG] Dynamically added transition from wildcard60 to wildcard149
[DEBUG] Dynamically added transition from wildcard100 to wildcard149
[DEBUG] Dynamically added transition from wildcard107 to wildcard149
[DEBUG] Dynamically added transition from wildcard108 to wildcard149
[DEBUG] Dynamically added transition from wildcard105 to wildcard149
[DEBUG] Dynamically added transition from wildcard106 to wildcard149
[DEBUG] Dynamically added transition from wildcard103 to wildcard149
[DEBUG] Dynamically added transition from wildcard104 to wildcard149
[DEBUG] Dynamically added transition from wildcard101 to wildcard149
[DEBUG] Dynamically added transition from wildcard102 to wildcard149
[DEBUG] Dynamically added transition from wildcard79 to wildcard149
[DEBUG] Dynamically added transition from wildcard78 to wildcard149
[DEBUG] Dynamically added transition from wildcard77 to wildcard149
[DEBUG] Dynamically added transition from wildcard76 to wildcard149
[DEBUG] Dynamically added transition from wildcard109 to wildcard149
[DEBUG] Dynamically added transition from wildcard75 to wildcard149
[DEBUG] Dynamically added transition from wildcard74 to wildcard149
[DEBUG] Dynamically added transition from wildcard73 to wildcard149
[DEBUG] Dynamically added transition from wildcard72 to wildcard149
[DEBUG] Dynamically added transition from wildcard71 to wildcard149
[DEBUG] Dynamically added transition from wildcard70 to wildcard149
[DEBUG] Dynamically added transition from wildcard110 to wildcard149
[DEBUG] Dynamically added transition from wildcard111 to wildcard149
[DEBUG] Dynamically added transition from wildcard118 to wildcard149
[DEBUG] Dynamically added transition from wildcard119 to wildcard149
[DEBUG] Dynamically added transition from wildcard116 to wildcard149
[DEBUG] Dynamically added transition from wildcard117 to wildcard149
[DEBUG] Dynamically added transition from wildcard114 to wildcard149
[DEBUG] Dynamically added transition from wildcard115 to wildcard149
[DEBUG] Dynamically added transition from wildcard112 to wildcard149
[DEBUG] Dynamically added transition from wildcard113 to wildcard149
[DEBUG] Dynamically added transition from wildcard89 to wildcard149
[DEBUG] Dynamically added transition from wildcard88 to wildcard149
[DEBUG] Dynamically added transition from wildcard87 to wildcard149
[DEBUG] Dynamically added transition from wildcard86 to wildcard149
[DEBUG] Dynamically added transition from wildcard85 to wildcard149
[DEBUG] Dynamically added transition from wildcard84 to wildcard149
[DEBUG] Dynamically added transition from wildcard83 to wildcard149
[DEBUG] Dynamically added transition from wildcard82 to wildcard149
[DEBUG] Dynamically added transition from wildcard81 to wildcard149
[DEBUG] Dynamically added transition from wildcard80 to wildcard149
[DEBUG] Dynamically added transition from wildcard16 to wildcard149
[DEBUG] Dynamically added transition from wildcard15 to wildcard149
[DEBUG] Dynamically added transition from wildcard14 to wildcard149
[DEBUG] Dynamically added transition from wildcard13 to wildcard149
[DEBUG] Dynamically added transition from wildcard12 to wildcard149
[DEBUG] Dynamically added transition from wildcard11 to wildcard149
[DEBUG] Dynamically added transition from wildcard99 to wildcard149
[DEBUG] Dynamically added transition from wildcard10 to wildcard149
[DEBUG] Dynamically added transition from wildcard98 to wildcard149
[DEBUG] Dynamically added transition from wildcard97 to wildcard149
[DEBUG] Dynamically added transition from start to wildcard149
[DEBUG] Dynamically added transition from wildcard96 to wildcard149
[DEBUG] Dynamically added transition from wildcard95 to wildcard149
[DEBUG] Dynamically added transition from wildcard94 to wildcard149
[DEBUG] Dynamically added transition from wildcard93 to wildcard149
[DEBUG] Dynamically added transition from wildcard92 to wildcard149
[DEBUG] Dynamically added transition from wildcard91 to wildcard149
[DEBUG] Dynamically added transition from wildcard90 to wildcard149
[DEBUG] Dynamically added transition from wildcard149 to wildcard27
[DEBUG] Dynamically added transition from wildcard149 to wildcard26
[DEBUG] Dynamically added transition from wildcard149 to wildcard25
[DEBUG] Dynamically added transition from wildcard149 to wildcard24
[DEBUG] Dynamically added transition from wildcard149 to wildcard23
[DEBUG] Dynamically added transition from wildcard149 to wildcard22
[DEBUG] Dynamically added transition from wildcard149 to wildcard1
[DEBUG] Dynamically added transition from wildcard149 to wildcard21
[DEBUG] Dynamically added transition from wildcard149 to wildcard0
[DEBUG] Dynamically added transition from wildcard149 to wildcard20
[DEBUG] Dynamically added transition from wildcard149 to wildcard3
[DEBUG] Dynamically added transition from wildcard149 to wildcard2
[DEBUG] Dynamically added transition from wildcard149 to wildcard5
[DEBUG] Dynamically added transition from wildcard149 to wildcard4
[DEBUG] Dynamically added transition from wildcard149 to wildcard7
[DEBUG] Dynamically added transition from wildcard149 to wildcard6
[DEBUG] Dynamically added transition from wildcard149 to wildcard9
[DEBUG] Dynamically added transition from wildcard149 to wildcard8
[DEBUG] Dynamically added transition from wildcard149 to wildcard143
[DEBUG] Dynamically added transition from wildcard149 to wildcard144
[DEBUG] Dynamically added transition from wildcard149 to wildcard141
[DEBUG] Dynamically added transition from wildcard149 to wildcard142
[DEBUG] Dynamically added transition from wildcard149 to wildcard140
[DEBUG] Dynamically added transition from wildcard149 to wildcard149
[DEBUG] Dynamically added transition from wildcard149 to wildcard147
[DEBUG] Dynamically added transition from wildcard149 to wildcard19
[DEBUG] Dynamically added transition from wildcard149 to wildcard148
[DEBUG] Dynamically added transition from wildcard149 to wildcard18
[DEBUG] Dynamically added transition from wildcard149 to wildcard145
[DEBUG] Dynamically added transition from wildcard149 to wildcard17
[DEBUG] Dynamically added transition from wildcard149 to wildcard146
[DEBUG] Dynamically added transition from wildcard149 to wildcard38
[DEBUG] Dynamically added transition from wildcard149 to wildcard37
[DEBUG] Dynamically added transition from wildcard149 to wildcard36
[DEBUG] Dynamically added transition from wildcard149 to wildcard35
[DEBUG] Dynamically added transition from wildcard149 to wildcard34
[DEBUG] Dynamically added transition from wildcard149 to wildcard33
[DEBUG] Dynamically added transition from wildcard149 to wildcard32
[DEBUG] Dynamically added transition from wildcard149 to wildcard31
[DEBUG] Dynamically added transition from wildcard149 to wildcard30
[DEBUG] Dynamically added transition from wildcard149 to wildcard29
[DEBUG] Dynamically added transition from wildcard149 to wildcard28
[DEBUG] Dynamically added transition from wildcard149 to wildcard49
[DEBUG] Dynamically added transition from wildcard149 to wildcard48
[DEBUG] Dynamically added transition from wildcard149 to wildcard47
[DEBUG] Dynamically added transition from wildcard149 to wildcard46
[DEBUG] Dynamically added transition from wildcard149 to wildcard45
[DEBUG] Dynamically added transition from wildcard149 to wildcard44
[DEBUG] Dynamically added transition from wildcard149 to wildcard43
[DEBUG] Dynamically added transition from wildcard149 to wildcard42
[DEBUG] Dynamically added transition from wildcard149 to wildcard41
[DEBUG] Dynamically added transition from wildcard149 to wildcard40
[DEBUG] Dynamically added transition from wildcard149 to wildcard121
[DEBUG] Dynamically added transition from wildcard149 to wildcard122
[DEBUG] Dynamically added transition from wildcard149 to wildcard120
[DEBUG] Dynamically added transition from wildcard149 to wildcard129
[DEBUG] Dynamically added transition from wildcard149 to wildcard127
[DEBUG] Dynamically added transition from wildcard149 to wildcard128
[DEBUG] Dynamically added transition from wildcard149 to wildcard125
[DEBUG] Dynamically added transition from wildcard149 to wildcard126
[DEBUG] Dynamically added transition from wildcard149 to wildcard123
[DEBUG] Dynamically added transition from wildcard149 to wildcard39
[DEBUG] Dynamically added transition from wildcard149 to wildcard124
[DEBUG] Dynamically added transition from wildcard149 to wildcard59
[DEBUG] Dynamically added transition from wildcard149 to wildcard58
[DEBUG] Dynamically added transition from wildcard149 to middle
[DEBUG] Dynamically added transition from wildcard149 to wildcard57
[DEBUG] Dynamically added transition from wildcard149 to wildcard56
[DEBUG] Dynamically added transition from wildcard149 to wildcard55
[DEBUG] Dynamically added transition from wildcard149 to wildcard54
[DEBUG] Dynamically added transition from wildcard149 to wildcard53
[DEBUG] Dynamically added transition from wildcard149 to wildcard52
[DEBUG] Dynamically added transition from wildcard149 to wildcard51
[DEBUG] Dynamically added transition from wildcard149 to wildcard50
[DEBUG] Dynamically added transition from wildcard149 to wildcard132
[DEBUG] Dynamically added transition from wildcard149 to wildcard133
[DEBUG] Dynamically added transition from wildcard149 to wildcard130
[DEBUG] Dynamically added transition from wildcard149 to wildcard131
[DEBUG] Dynamically added transition from wildcard149 to wildcard138
[DEBUG] Dynamically added transition from wildcard149 to wildcard139
[DEBUG] Dynamically added transition from wildcard149 to wildcard136
[DEBUG] Dynamically added transition from wildcard149 to wildcard137
[DEBUG] Dynamically added transition from wildcard149 to wildcard134
[DEBUG] Dynamically added transition from wildcard149 to wildcard135
[DEBUG] Dynamically added transition from wildcard149 to wildcard69
[DEBUG] Dynamically added transition from wildcard149 to wildcard68
[DEBUG] Dynamically added transition from wildcard149 to wildcard67
[DEBUG] Dynamically added transition from wildcard149 to wildcard66
[DEBUG] Dynamically added transition from wildcard149 to wildcard65
[DEBUG] Dynamically added transition from wildcard149 to wildcard64
[DEBUG] Dynamically added transition from wildcard149 to wildcard63
[DEBUG] Dynamically added transition from wildcard149 to wildcard62
[DEBUG] Dynamically added transition from wildcard149 to wildcard61
[DEBUG] Dynamically added transition from wildcard149 to wildcard60
[DEBUG] Dynamically added transition from wildcard149 to wildcard100
[DEBUG] Dynamically added transition from wildcard149 to wildcard107
[DEBUG] Dynamically added transition from wildcard149 to wildcard108
[DEBUG] Dynamically added transition from wildcard149 to wildcard105
[DEBUG] Dynamically added transition from wildcard149 to wildcard106
[DEBUG] Dynamically added transition from wildcard149 to wildcard103
[DEBUG] Dynamically added transition from wildcard149 to wildcard104
[DEBUG] Dynamically added transition from wildcard149 to wildcard101
[DEBUG] Dynamically added transition from wildcard149 to wildcard102
[DEBUG] Dynamically added transition from wildcard149 to wildcard79
[DEBUG] Dynamically added transition from wildcard149 to wildcard78
[DEBUG] Dynamically added transition from wildcard149 to wildcard77
[DEBUG] Dynamically added transition from wildcard149 to wildcard76
[DEBUG] Dynamically added transition from wildcard149 to wildcard109
[DEBUG] Dynamically added transition from wildcard149 to wildcard75
[DEBUG] Dynamically added transition from wildcard149 to wildcard74
[DEBUG] Dynamically added transition from wildcard149 to wildcard73
[DEBUG] Dynamically added transition from wildcard149 to wildcard72
[DEBUG] Dynamically added transition from wildcard149 to wildcard71
[DEBUG] Dynamically added transition from wildcard149 to wildcard70
[DEBUG] Dynamically added transition from wildcard149 to wildcard110
[DEBUG] Dynamically added transition from wildcard149 to wildcard111
[DEBUG] Dynamically added transition from wildcard149 to wildcard118
[DEBUG] Dynamically added transition from wildcard149 to wildcard119
[DEBUG] Dynamically added transition from wildcard149 to wildcard116
[DEBUG] Dynamically added transition from wildcard149 to wildcard117
[DEBUG] Dynamically added transition from wildcard149 to .*
[DEBUG] Dynamically added transition from wildcard149 to wildcard114
[DEBUG] Dynamically added transition from wildcard149 to wildcard115
[DEBUG] Dynamically added transition from wildcard149 to wildcard112
[DEBUG] Dynamically added transition from wildcard149 to wildcard113
[DEBUG] Dynamically added transition from wildcard149 to wildcard89
[DEBUG] Dynamically added transition from wildcard149 to wildcard88
[DEBUG] Dynamically added transition from wildcard149 to wildcard87
[DEBUG] Dynamically added transition from wildcard149 to wildcard86
[DEBUG] Dynamically added transition from wildcard149 to INITIAL
[DEBUG] Dynamically added transition from wildcard149 to wildcard85
[DEBUG] Dynamically added transition from wildcard149 to wildcard84
[DEBUG] Dynamically added transition from wildcard149 to wildcard83
[DEBUG] Dynamically added transition from wildcard149 to wildcard82
[DEBUG] Dynamically added transition from wildcard149 to wildcard81
[DEBUG] Dynamically added transition from wildcard149 to wildcard80
[DEBUG] Dynamically added transition from wildcard149 to end
[DEBUG] Dynamically added transition from wildcard149 to wildcard16
[DEBUG] Dynamically added transition from wildcard149 to wildcard15
[DEBUG] Dynamically added transition from wildcard149 to wildcard14
[DEBUG] Dynamically added transition from wildcard149 to wildcard13
[DEBUG] Dynamically added transition from wildcard149 to wildcard12
[DEBUG] Dynamically added transition from wildcard149 to wildcard11
[DEBUG] Dynamically added transition from wildcard149 to wildcard99
[DEBUG] Dynamically added transition from wildcard149 to wildcard10
[DEBUG] Dynamically added transition from wildcard149 to wildcard98
[DEBUG] Dynamically added transition from wildcard149 to wildcard97
[DEBUG] Dynamically added transition from wildcard149 to start
[DEBUG] Dynamically added transition from wildcard149 to wildcard96
[DEBUG] Dynamically added transition from wildcard149 to wildcard95
[DEBUG] Dynamically added transition from wildcard149 to wildcard94
[DEBUG] Dynamically added transition from wildcard149 to wildcard93
[DEBUG] Dynamically added transition from wildcard149 to wildcard92
[DEBUG] Dynamically added transition from wildcard149 to wildcard91
[DEBUG] Dynamically added transition from wildcard149 to wildcard90
[INFO] Wildcard transition valid to state: wildcard149
[INFO] Wildcard transition detected from wildcard149 to wildcard150
[DEBUG] Created intermediate state for wildcard transition: wildcard150
[DEBUG] Dynamically added transition from wildcard149 to wildcard150
[DEBUG] Dynamically added transition from wildcard27 to wildcard150
[DEBUG] Dynamically added transition from wildcard26 to wildcard150
[DEBUG] Dynamically added transition from wildcard25 to wildcard150
[DEBUG] Dynamically added transition from wildcard24 to wildcard150
[DEBUG] Dynamically added transition from wildcard23 to wildcard150
[DEBUG] Dynamically added transition from wildcard22 to wildcard150
[DEBUG] Dynamically added transition from wildcard1 to wildcard150
[DEBUG] Dynamically added transition from wildcard21 to wildcard150
[DEBUG] Dynamically added transition from wildcard0 to wildcard150
[DEBUG] Dynamically added transition from wildcard20 to wildcard150
[DEBUG] Dynamically added transition from wildcard3 to wildcard150
[DEBUG] Dynamically added transition from wildcard2 to wildcard150
[DEBUG] Dynamically added transition from wildcard5 to wildcard150
[DEBUG] Dynamically added transition from wildcard4 to wildcard150
[DEBUG] Dynamically added transition from wildcard7 to wildcard150
[DEBUG] Dynamically added transition from wildcard6 to wildcard150
[DEBUG] Dynamically added transition from wildcard9 to wildcard150
[DEBUG] Dynamically added transition from wildcard8 to wildcard150
[DEBUG] Dynamically added transition from wildcard143 to wildcard150
[DEBUG] Dynamically added transition from wildcard144 to wildcard150
[DEBUG] Dynamically added transition from wildcard141 to wildcard150
[DEBUG] Dynamically added transition from wildcard142 to wildcard150
[DEBUG] Dynamically added transition from wildcard140 to wildcard150
[DEBUG] Dynamically added transition from wildcard147 to wildcard150
[DEBUG] Dynamically added transition from wildcard19 to wildcard150
[DEBUG] Dynamically added transition from wildcard148 to wildcard150
[DEBUG] Dynamically added transition from wildcard18 to wildcard150
[DEBUG] Dynamically added transition from wildcard145 to wildcard150
[DEBUG] Dynamically added transition from wildcard17 to wildcard150
[DEBUG] Dynamically added transition from wildcard146 to wildcard150
[DEBUG] Dynamically added transition from wildcard38 to wildcard150
[DEBUG] Dynamically added transition from wildcard37 to wildcard150
[DEBUG] Dynamically added transition from wildcard36 to wildcard150
[DEBUG] Dynamically added transition from wildcard35 to wildcard150
[DEBUG] Dynamically added transition from wildcard34 to wildcard150
[DEBUG] Dynamically added transition from wildcard33 to wildcard150
[DEBUG] Dynamically added transition from wildcard32 to wildcard150
[DEBUG] Dynamically added transition from wildcard31 to wildcard150
[DEBUG] Dynamically added transition from wildcard30 to wildcard150
[DEBUG] Dynamically added transition from wildcard29 to wildcard150
[DEBUG] Dynamically added transition from wildcard28 to wildcard150
[DEBUG] Dynamically added transition from wildcard49 to wildcard150
[DEBUG] Dynamically added transition from wildcard48 to wildcard150
[DEBUG] Dynamically added transition from wildcard47 to wildcard150
[DEBUG] Dynamically added transition from wildcard46 to wildcard150
[DEBUG] Dynamically added transition from wildcard45 to wildcard150
[DEBUG] Dynamically added transition from wildcard44 to wildcard150
[DEBUG] Dynamically added transition from wildcard43 to wildcard150
[DEBUG] Dynamically added transition from wildcard42 to wildcard150
[DEBUG] Dynamically added transition from wildcard41 to wildcard150
[DEBUG] Dynamically added transition from wildcard40 to wildcard150
[DEBUG] Dynamically added transition from wildcard121 to wildcard150
[DEBUG] Dynamically added transition from wildcard122 to wildcard150
[DEBUG] Dynamically added transition from wildcard120 to wildcard150
[DEBUG] Dynamically added transition from wildcard129 to wildcard150
[DEBUG] Dynamically added transition from wildcard127 to wildcard150
[DEBUG] Dynamically added transition from wildcard128 to wildcard150
[DEBUG] Dynamically added transition from wildcard125 to wildcard150
[DEBUG] Dynamically added transition from wildcard126 to wildcard150
[DEBUG] Dynamically added transition from wildcard123 to wildcard150
[DEBUG] Dynamically added transition from wildcard39 to wildcard150
[DEBUG] Dynamically added transition from wildcard124 to wildcard150
[DEBUG] Dynamically added transition from wildcard59 to wildcard150
[DEBUG] Dynamically added transition from wildcard58 to wildcard150
[DEBUG] Dynamically added transition from middle to wildcard150
[DEBUG] Dynamically added transition from wildcard57 to wildcard150
[DEBUG] Dynamically added transition from wildcard56 to wildcard150
[DEBUG] Dynamically added transition from wildcard55 to wildcard150
[DEBUG] Dynamically added transition from wildcard54 to wildcard150
[DEBUG] Dynamically added transition from wildcard53 to wildcard150
[DEBUG] Dynamically added transition from wildcard52 to wildcard150
[DEBUG] Dynamically added transition from wildcard51 to wildcard150
[DEBUG] Dynamically added transition from wildcard50 to wildcard150
[DEBUG] Dynamically added transition from wildcard132 to wildcard150
[DEBUG] Dynamically added transition from wildcard133 to wildcard150
[DEBUG] Dynamically added transition from wildcard130 to wildcard150
[DEBUG] Dynamically added transition from wildcard131 to wildcard150
[DEBUG] Dynamically added transition from wildcard138 to wildcard150
[DEBUG] Dynamically added transition from wildcard139 to wildcard150
[DEBUG] Dynamically added transition from wildcard136 to wildcard150
[DEBUG] Dynamically added transition from wildcard137 to wildcard150
[DEBUG] Dynamically added transition from wildcard134 to wildcard150
[DEBUG] Dynamically added transition from wildcard135 to wildcard150
[DEBUG] Dynamically added transition from wildcard69 to wildcard150
[DEBUG] Dynamically added transition from wildcard68 to wildcard150
[DEBUG] Dynamically added transition from wildcard67 to wildcard150
[DEBUG] Dynamically added transition from wildcard66 to wildcard150
[DEBUG] Dynamically added transition from wildcard65 to wildcard150
[DEBUG] Dynamically added transition from wildcard64 to wildcard150
[DEBUG] Dynamically added transition from wildcard63 to wildcard150
[DEBUG] Dynamically added transition from wildcard62 to wildcard150
[DEBUG] Dynamically added transition from wildcard61 to wildcard150
[DEBUG] Dynamically added transition from wildcard60 to wildcard150
[DEBUG] Dynamically added transition from wildcard100 to wildcard150
[DEBUG] Dynamically added transition from wildcard107 to wildcard150
[DEBUG] Dynamically added transition from wildcard108 to wildcard150
[DEBUG] Dynamically added transition from wildcard105 to wildcard150
[DEBUG] Dynamically added transition from wildcard106 to wildcard150
[DEBUG] Dynamically added transition from wildcard103 to wildcard150
[DEBUG] Dynamically added transition from wildcard104 to wildcard150
[DEBUG] Dynamically added transition from wildcard101 to wildcard150
[DEBUG] Dynamically added transition from wildcard102 to wildcard150
[DEBUG] Dynamically added transition from wildcard79 to wildcard150
[DEBUG] Dynamically added transition from wildcard78 to wildcard150
[DEBUG] Dynamically added transition from wildcard77 to wildcard150
[DEBUG] Dynamically added transition from wildcard76 to wildcard150
[DEBUG] Dynamically added transition from wildcard109 to wildcard150
[DEBUG] Dynamically added transition from wildcard75 to wildcard150
[DEBUG] Dynamically added transition from wildcard74 to wildcard150
[DEBUG] Dynamically added transition from wildcard73 to wildcard150
[DEBUG] Dynamically added transition from wildcard72 to wildcard150
[DEBUG] Dynamically added transition from wildcard71 to wildcard150
[DEBUG] Dynamically added transition from wildcard70 to wildcard150
[DEBUG] Dynamically added transition from wildcard110 to wildcard150
[DEBUG] Dynamically added transition from wildcard111 to wildcard150
[DEBUG] Dynamically added transition from wildcard118 to wildcard150
[DEBUG] Dynamically added transition from wildcard119 to wildcard150
[DEBUG] Dynamically added transition from wildcard116 to wildcard150
[DEBUG] Dynamically added transition from wildcard117 to wildcard150
[DEBUG] Dynamically added transition from wildcard114 to wildcard150
[DEBUG] Dynamically added transition from wildcard115 to wildcard150
[DEBUG] Dynamically added transition from wildcard112 to wildcard150
[DEBUG] Dynamically added transition from wildcard113 to wildcard150
[DEBUG] Dynamically added transition from wildcard89 to wildcard150
[DEBUG] Dynamically added transition from wildcard88 to wildcard150
[DEBUG] Dynamically added transition from wildcard87 to wildcard150
[DEBUG] Dynamically added transition from wildcard86 to wildcard150
[DEBUG] Dynamically added transition from wildcard85 to wildcard150
[DEBUG] Dynamically added transition from wildcard84 to wildcard150
[DEBUG] Dynamically added transition from wildcard83 to wildcard150
[DEBUG] Dynamically added transition from wildcard82 to wildcard150
[DEBUG] Dynamically added transition from wildcard81 to wildcard150
[DEBUG] Dynamically added transition from wildcard80 to wildcard150
[DEBUG] Dynamically added transition from wildcard16 to wildcard150
[DEBUG] Dynamically added transition from wildcard15 to wildcard150
[DEBUG] Dynamically added transition from wildcard14 to wildcard150
[DEBUG] Dynamically added transition from wildcard13 to wildcard150
[DEBUG] Dynamically added transition from wildcard12 to wildcard150
[DEBUG] Dynamically added transition from wildcard11 to wildcard150
[DEBUG] Dynamically added transition from wildcard99 to wildcard150
[DEBUG] Dynamically added transition from wildcard10 to wildcard150
[DEBUG] Dynamically added transition from wildcard98 to wildcard150
[DEBUG] Dynamically added transition from wildcard97 to wildcard150
[DEBUG] Dynamically added transition from start to wildcard150
[DEBUG] Dynamically added transition from wildcard96 to wildcard150
[DEBUG] Dynamically added transition from wildcard95 to wildcard150
[DEBUG] Dynamically added transition from wildcard94 to wildcard150
[DEBUG] Dynamically added transition from wildcard93 to wildcard150
[DEBUG] Dynamically added transition from wildcard92 to wildcard150
[DEBUG] Dynamically added transition from wildcard91 to wildcard150
[DEBUG] Dynamically added transition from wildcard90 to wildcard150
[DEBUG] Dynamically added transition from wildcard150 to wildcard27
[DEBUG] Dynamically added transition from wildcard150 to wildcard26
[DEBUG] Dynamically added transition from wildcard150 to wildcard25
[DEBUG] Dynamically added transition from wildcard150 to wildcard24
[DEBUG] Dynamically added transition from wildcard150 to wildcard23
[DEBUG] Dynamically added transition from wildcard150 to wildcard22
[DEBUG] Dynamically added transition from wildcard150 to wildcard1
[DEBUG] Dynamically added transition from wildcard150 to wildcard21
[DEBUG] Dynamically added transition from wildcard150 to wildcard0
[DEBUG] Dynamically added transition from wildcard150 to wildcard20
[DEBUG] Dynamically added transition from wildcard150 to wildcard3
[DEBUG] Dynamically added transition from wildcard150 to wildcard2
[DEBUG] Dynamically added transition from wildcard150 to wildcard5
[DEBUG] Dynamically added transition from wildcard150 to wildcard4
[DEBUG] Dynamically added transition from wildcard150 to wildcard7
[DEBUG] Dynamically added transition from wildcard150 to wildcard6
[DEBUG] Dynamically added transition from wildcard150 to wildcard9
[DEBUG] Dynamically added transition from wildcard150 to wildcard8
[DEBUG] Dynamically added transition from wildcard150 to wildcard143
[DEBUG] Dynamically added transition from wildcard150 to wildcard144
[DEBUG] Dynamically added transition from wildcard150 to wildcard141
[DEBUG] Dynamically added transition from wildcard150 to wildcard142
[DEBUG] Dynamically added transition from wildcard150 to wildcard140
[DEBUG] Dynamically added transition from wildcard150 to wildcard149
[DEBUG] Dynamically added transition from wildcard150 to wildcard147
[DEBUG] Dynamically added transition from wildcard150 to wildcard19
[DEBUG] Dynamically added transition from wildcard150 to wildcard148
[DEBUG] Dynamically added transition from wildcard150 to wildcard18
[DEBUG] Dynamically added transition from wildcard150 to wildcard145
[DEBUG] Dynamically added transition from wildcard150 to wildcard17
[DEBUG] Dynamically added transition from wildcard150 to wildcard146
[DEBUG] Dynamically added transition from wildcard150 to wildcard38
[DEBUG] Dynamically added transition from wildcard150 to wildcard37
[DEBUG] Dynamically added transition from wildcard150 to wildcard36
[DEBUG] Dynamically added transition from wildcard150 to wildcard35
[DEBUG] Dynamically added transition from wildcard150 to wildcard34
[DEBUG] Dynamically added transition from wildcard150 to wildcard33
[DEBUG] Dynamically added transition from wildcard150 to wildcard32
[DEBUG] Dynamically added transition from wildcard150 to wildcard31
[DEBUG] Dynamically added transition from wildcard150 to wildcard30
[DEBUG] Dynamically added transition from wildcard150 to wildcard150
[DEBUG] Dynamically added transition from wildcard150 to wildcard29
[DEBUG] Dynamically added transition from wildcard150 to wildcard28
[DEBUG] Dynamically added transition from wildcard150 to wildcard49
[DEBUG] Dynamically added transition from wildcard150 to wildcard48
[DEBUG] Dynamically added transition from wildcard150 to wildcard47
[DEBUG] Dynamically added transition from wildcard150 to wildcard46
[DEBUG] Dynamically added transition from wildcard150 to wildcard45
[DEBUG] Dynamically added transition from wildcard150 to wildcard44
[DEBUG] Dynamically added transition from wildcard150 to wildcard43
[DEBUG] Dynamically added transition from wildcard150 to wildcard42
[DEBUG] Dynamically added transition from wildcard150 to wildcard41
[DEBUG] Dynamically added transition from wildcard150 to wildcard40
[DEBUG] Dynamically added transition from wildcard150 to wildcard121
[DEBUG] Dynamically added transition from wildcard150 to wildcard122
[DEBUG] Dynamically added transition from wildcard150 to wildcard120
[DEBUG] Dynamically added transition from wildcard150 to wildcard129
[DEBUG] Dynamically added transition from wildcard150 to wildcard127
[DEBUG] Dynamically added transition from wildcard150 to wildcard128
[DEBUG] Dynamically added transition from wildcard150 to wildcard125
[DEBUG] Dynamically added transition from wildcard150 to wildcard126
[DEBUG] Dynamically added transition from wildcard150 to wildcard123
[DEBUG] Dynamically added transition from wildcard150 to wildcard39
[DEBUG] Dynamically added transition from wildcard150 to wildcard124
[DEBUG] Dynamically added transition from wildcard150 to wildcard59
[DEBUG] Dynamically added transition from wildcard150 to wildcard58
[DEBUG] Dynamically added transition from wildcard150 to middle
[DEBUG] Dynamically added transition from wildcard150 to wildcard57
[DEBUG] Dynamically added transition from wildcard150 to wildcard56
[DEBUG] Dynamically added transition from wildcard150 to wildcard55
[DEBUG] Dynamically added transition from wildcard150 to wildcard54
[DEBUG] Dynamically added transition from wildcard150 to wildcard53
[DEBUG] Dynamically added transition from wildcard150 to wildcard52
[DEBUG] Dynamically added transition from wildcard150 to wildcard51
[DEBUG] Dynamically added transition from wildcard150 to wildcard50
[DEBUG] Dynamically added transition from wildcard150 to wildcard132
[DEBUG] Dynamically added transition from wildcard150 to wildcard133
[DEBUG] Dynamically added transition from wildcard150 to wildcard130
[DEBUG] Dynamically added transition from wildcard150 to wildcard131
[DEBUG] Dynamically added transition from wildcard150 to wildcard138
[DEBUG] Dynamically added transition from wildcard150 to wildcard139
[DEBUG] Dynamically added transition from wildcard150 to wildcard136
[DEBUG] Dynamically added transition from wildcard150 to wildcard137
[DEBUG] Dynamically added transition from wildcard150 to wildcard134
[DEBUG] Dynamically added transition from wildcard150 to wildcard135
[DEBUG] Dynamically added transition from wildcard150 to wildcard69
[DEBUG] Dynamically added transition from wildcard150 to wildcard68
[DEBUG] Dynamically added transition from wildcard150 to wildcard67
[DEBUG] Dynamically added transition from wildcard150 to wildcard66
[DEBUG] Dynamically added transition from wildcard150 to wildcard65
[DEBUG] Dynamically added transition from wildcard150 to wildcard64
[DEBUG] Dynamically added transition from wildcard150 to wildcard63
[DEBUG] Dynamically added transition from wildcard150 to wildcard62
[DEBUG] Dynamically added transition from wildcard150 to wildcard61
[DEBUG] Dynamically added transition from wildcard150 to wildcard60
[DEBUG] Dynamically added transition from wildcard150 to wildcard100
[DEBUG] Dynamically added transition from wildcard150 to wildcard107
[DEBUG] Dynamically added transition from wildcard150 to wildcard108
[DEBUG] Dynamically added transition from wildcard150 to wildcard105
[DEBUG] Dynamically added transition from wildcard150 to wildcard106
[DEBUG] Dynamically added transition from wildcard150 to wildcard103
[DEBUG] Dynamically added transition from wildcard150 to wildcard104
[DEBUG] Dynamically added transition from wildcard150 to wildcard101
[DEBUG] Dynamically added transition from wildcard150 to wildcard102
[DEBUG] Dynamically added transition from wildcard150 to wildcard79
[DEBUG] Dynamically added transition from wildcard150 to wildcard78
[DEBUG] Dynamically added transition from wildcard150 to wildcard77
[DEBUG] Dynamically added transition from wildcard150 to wildcard76
[DEBUG] Dynamically added transition from wildcard150 to wildcard109
[DEBUG] Dynamically added transition from wildcard150 to wildcard75
[DEBUG] Dynamically added transition from wildcard150 to wildcard74
[DEBUG] Dynamically added transition from wildcard150 to wildcard73
[DEBUG] Dynamically added transition from wildcard150 to wildcard72
[DEBUG] Dynamically added transition from wildcard150 to wildcard71
[DEBUG] Dynamically added transition from wildcard150 to wildcard70
[DEBUG] Dynamically added transition from wildcard150 to wildcard110
[DEBUG] Dynamically added transition from wildcard150 to wildcard111
[DEBUG] Dynamically added transition from wildcard150 to wildcard118
[DEBUG] Dynamically added transition from wildcard150 to wildcard119
[DEBUG] Dynamically added transition from wildcard150 to wildcard116
[DEBUG] Dynamically added transition from wildcard150 to wildcard117
[DEBUG] Dynamically added transition from wildcard150 to .*
[DEBUG] Dynamically added transition from wildcard150 to wildcard114
[DEBUG] Dynamically added transition from wildcard150 to wildcard115
[DEBUG] Dynamically added transition from wildcard150 to wildcard112
[DEBUG] Dynamically added transition from wildcard150 to wildcard113
[DEBUG] Dynamically added transition from wildcard150 to wildcard89
[DEBUG] Dynamically added transition from wildcard150 to wildcard88
[DEBUG] Dynamically added transition from wildcard150 to wildcard87
[DEBUG] Dynamically added transition from wildcard150 to wildcard86
[DEBUG] Dynamically added transition from wildcard150 to INITIAL
[DEBUG] Dynamically added transition from wildcard150 to wildcard85
[DEBUG] Dynamically added transition from wildcard150 to wildcard84
[DEBUG] Dynamically added transition from wildcard150 to wildcard83
[DEBUG] Dynamically added transition from wildcard150 to wildcard82
[DEBUG] Dynamically added transition from wildcard150 to wildcard81
[DEBUG] Dynamically added transition from wildcard150 to wildcard80
[DEBUG] Dynamically added transition from wildcard150 to end
[DEBUG] Dynamically added transition from wildcard150 to wildcard16
[DEBUG] Dynamically added transition from wildcard150 to wildcard15
[DEBUG] Dynamically added transition from wildcard150 to wildcard14
[DEBUG] Dynamically added transition from wildcard150 to wildcard13
[DEBUG] Dynamically added transition from wildcard150 to wildcard12
[DEBUG] Dynamically added transition from wildcard150 to wildcard11
[DEBUG] Dynamically added transition from wildcard150 to wildcard99
[DEBUG] Dynamically added transition from wildcard150 to wildcard10
[DEBUG] Dynamically added transition from wildcard150 to wildcard98
[DEBUG] Dynamically added transition from wildcard150 to wildcard97
[DEBUG] Dynamically added transition from wildcard150 to start
[DEBUG] Dynamically added transition from wildcard150 to wildcard96
[DEBUG] Dynamically added transition from wildcard150 to wildcard95
[DEBUG] Dynamically added transition from wildcard150 to wildcard94
[DEBUG] Dynamically added transition from wildcard150 to wildcard93
[DEBUG] Dynamically added transition from wildcard150 to wildcard92
[DEBUG] Dynamically added transition from wildcard150 to wildcard91
[DEBUG] Dynamically added transition from wildcard150 to wildcard90
[INFO] Wildcard transition valid to state: wildcard150
[INFO] Wildcard transition detected from wildcard150 to wildcard151
[DEBUG] Created intermediate state for wildcard transition: wildcard151
[DEBUG] Dynamically added transition from wildcard150 to wildcard151
[DEBUG] Dynamically added transition from wildcard27 to wildcard151
[DEBUG] Dynamically added transition from wildcard26 to wildcard151
[DEBUG] Dynamically added transition from wildcard25 to wildcard151
[DEBUG] Dynamically added transition from wildcard24 to wildcard151
[DEBUG] Dynamically added transition from wildcard23 to wildcard151
[DEBUG] Dynamically added transition from wildcard22 to wildcard151
[DEBUG] Dynamically added transition from wildcard1 to wildcard151
[DEBUG] Dynamically added transition from wildcard21 to wildcard151
[DEBUG] Dynamically added transition from wildcard0 to wildcard151
[DEBUG] Dynamically added transition from wildcard20 to wildcard151
[DEBUG] Dynamically added transition from wildcard3 to wildcard151
[DEBUG] Dynamically added transition from wildcard2 to wildcard151
[DEBUG] Dynamically added transition from wildcard5 to wildcard151
[DEBUG] Dynamically added transition from wildcard4 to wildcard151
[DEBUG] Dynamically added transition from wildcard7 to wildcard151
[DEBUG] Dynamically added transition from wildcard6 to wildcard151
[DEBUG] Dynamically added transition from wildcard9 to wildcard151
[DEBUG] Dynamically added transition from wildcard8 to wildcard151
[DEBUG] Dynamically added transition from wildcard143 to wildcard151
[DEBUG] Dynamically added transition from wildcard144 to wildcard151
[DEBUG] Dynamically added transition from wildcard141 to wildcard151
[DEBUG] Dynamically added transition from wildcard142 to wildcard151
[DEBUG] Dynamically added transition from wildcard140 to wildcard151
[DEBUG] Dynamically added transition from wildcard149 to wildcard151
[DEBUG] Dynamically added transition from wildcard147 to wildcard151
[DEBUG] Dynamically added transition from wildcard19 to wildcard151
[DEBUG] Dynamically added transition from wildcard148 to wildcard151
[DEBUG] Dynamically added transition from wildcard18 to wildcard151
[DEBUG] Dynamically added transition from wildcard145 to wildcard151
[DEBUG] Dynamically added transition from wildcard17 to wildcard151
[DEBUG] Dynamically added transition from wildcard146 to wildcard151
[DEBUG] Dynamically added transition from wildcard38 to wildcard151
[DEBUG] Dynamically added transition from wildcard37 to wildcard151
[DEBUG] Dynamically added transition from wildcard36 to wildcard151
[DEBUG] Dynamically added transition from wildcard35 to wildcard151
[DEBUG] Dynamically added transition from wildcard34 to wildcard151
[DEBUG] Dynamically added transition from wildcard33 to wildcard151
[DEBUG] Dynamically added transition from wildcard32 to wildcard151
[DEBUG] Dynamically added transition from wildcard31 to wildcard151
[DEBUG] Dynamically added transition from wildcard30 to wildcard151
[DEBUG] Dynamically added transition from wildcard29 to wildcard151
[DEBUG] Dynamically added transition from wildcard28 to wildcard151
[DEBUG] Dynamically added transition from wildcard49 to wildcard151
[DEBUG] Dynamically added transition from wildcard48 to wildcard151
[DEBUG] Dynamically added transition from wildcard47 to wildcard151
[DEBUG] Dynamically added transition from wildcard46 to wildcard151
[DEBUG] Dynamically added transition from wildcard45 to wildcard151
[DEBUG] Dynamically added transition from wildcard44 to wildcard151
[DEBUG] Dynamically added transition from wildcard43 to wildcard151
[DEBUG] Dynamically added transition from wildcard42 to wildcard151
[DEBUG] Dynamically added transition from wildcard41 to wildcard151
[DEBUG] Dynamically added transition from wildcard40 to wildcard151
[DEBUG] Dynamically added transition from wildcard121 to wildcard151
[DEBUG] Dynamically added transition from wildcard122 to wildcard151
[DEBUG] Dynamically added transition from wildcard120 to wildcard151
[DEBUG] Dynamically added transition from wildcard129 to wildcard151
[DEBUG] Dynamically added transition from wildcard127 to wildcard151
[DEBUG] Dynamically added transition from wildcard128 to wildcard151
[DEBUG] Dynamically added transition from wildcard125 to wildcard151
[DEBUG] Dynamically added transition from wildcard126 to wildcard151
[DEBUG] Dynamically added transition from wildcard123 to wildcard151
[DEBUG] Dynamically added transition from wildcard39 to wildcard151
[DEBUG] Dynamically added transition from wildcard124 to wildcard151
[DEBUG] Dynamically added transition from wildcard59 to wildcard151
[DEBUG] Dynamically added transition from wildcard58 to wildcard151
[DEBUG] Dynamically added transition from middle to wildcard151
[DEBUG] Dynamically added transition from wildcard57 to wildcard151
[DEBUG] Dynamically added transition from wildcard56 to wildcard151
[DEBUG] Dynamically added transition from wildcard55 to wildcard151
[DEBUG] Dynamically added transition from wildcard54 to wildcard151
[DEBUG] Dynamically added transition from wildcard53 to wildcard151
[DEBUG] Dynamically added transition from wildcard52 to wildcard151
[DEBUG] Dynamically added transition from wildcard51 to wildcard151
[DEBUG] Dynamically added transition from wildcard50 to wildcard151
[DEBUG] Dynamically added transition from wildcard132 to wildcard151
[DEBUG] Dynamically added transition from wildcard133 to wildcard151
[DEBUG] Dynamically added transition from wildcard130 to wildcard151
[DEBUG] Dynamically added transition from wildcard131 to wildcard151
[DEBUG] Dynamically added transition from wildcard138 to wildcard151
[DEBUG] Dynamically added transition from wildcard139 to wildcard151
[DEBUG] Dynamically added transition from wildcard136 to wildcard151
[DEBUG] Dynamically added transition from wildcard137 to wildcard151
[DEBUG] Dynamically added transition from wildcard134 to wildcard151
[DEBUG] Dynamically added transition from wildcard135 to wildcard151
[DEBUG] Dynamically added transition from wildcard69 to wildcard151
[DEBUG] Dynamically added transition from wildcard68 to wildcard151
[DEBUG] Dynamically added transition from wildcard67 to wildcard151
[DEBUG] Dynamically added transition from wildcard66 to wildcard151
[DEBUG] Dynamically added transition from wildcard65 to wildcard151
[DEBUG] Dynamically added transition from wildcard64 to wildcard151
[DEBUG] Dynamically added transition from wildcard63 to wildcard151
[DEBUG] Dynamically added transition from wildcard62 to wildcard151
[DEBUG] Dynamically added transition from wildcard61 to wildcard151
[DEBUG] Dynamically added transition from wildcard60 to wildcard151
[DEBUG] Dynamically added transition from wildcard100 to wildcard151
[DEBUG] Dynamically added transition from wildcard107 to wildcard151
[DEBUG] Dynamically added transition from wildcard108 to wildcard151
[DEBUG] Dynamically added transition from wildcard105 to wildcard151
[DEBUG] Dynamically added transition from wildcard106 to wildcard151
[DEBUG] Dynamically added transition from wildcard103 to wildcard151
[DEBUG] Dynamically added transition from wildcard104 to wildcard151
[DEBUG] Dynamically added transition from wildcard101 to wildcard151
[DEBUG] Dynamically added transition from wildcard102 to wildcard151
[DEBUG] Dynamically added transition from wildcard79 to wildcard151
[DEBUG] Dynamically added transition from wildcard78 to wildcard151
[DEBUG] Dynamically added transition from wildcard77 to wildcard151
[DEBUG] Dynamically added transition from wildcard76 to wildcard151
[DEBUG] Dynamically added transition from wildcard109 to wildcard151
[DEBUG] Dynamically added transition from wildcard75 to wildcard151
[DEBUG] Dynamically added transition from wildcard74 to wildcard151
[DEBUG] Dynamically added transition from wildcard73 to wildcard151
[DEBUG] Dynamically added transition from wildcard72 to wildcard151
[DEBUG] Dynamically added transition from wildcard71 to wildcard151
[DEBUG] Dynamically added transition from wildcard70 to wildcard151
[DEBUG] Dynamically added transition from wildcard110 to wildcard151
[DEBUG] Dynamically added transition from wildcard111 to wildcard151
[DEBUG] Dynamically added transition from wildcard118 to wildcard151
[DEBUG] Dynamically added transition from wildcard119 to wildcard151
[DEBUG] Dynamically added transition from wildcard116 to wildcard151
[DEBUG] Dynamically added transition from wildcard117 to wildcard151
[DEBUG] Dynamically added transition from wildcard114 to wildcard151
[DEBUG] Dynamically added transition from wildcard115 to wildcard151
[DEBUG] Dynamically added transition from wildcard112 to wildcard151
[DEBUG] Dynamically added transition from wildcard113 to wildcard151
[DEBUG] Dynamically added transition from wildcard89 to wildcard151
[DEBUG] Dynamically added transition from wildcard88 to wildcard151
[DEBUG] Dynamically added transition from wildcard87 to wildcard151
[DEBUG] Dynamically added transition from wildcard86 to wildcard151
[DEBUG] Dynamically added transition from wildcard85 to wildcard151
[DEBUG] Dynamically added transition from wildcard84 to wildcard151
[DEBUG] Dynamically added transition from wildcard83 to wildcard151
[DEBUG] Dynamically added transition from wildcard82 to wildcard151
[DEBUG] Dynamically added transition from wildcard81 to wildcard151
[DEBUG] Dynamically added transition from wildcard80 to wildcard151
[DEBUG] Dynamically added transition from wildcard16 to wildcard151
[DEBUG] Dynamically added transition from wildcard15 to wildcard151
[DEBUG] Dynamically added transition from wildcard14 to wildcard151
[DEBUG] Dynamically added transition from wildcard13 to wildcard151
[DEBUG] Dynamically added transition from wildcard12 to wildcard151
[DEBUG] Dynamically added transition from wildcard11 to wildcard151
[DEBUG] Dynamically added transition from wildcard99 to wildcard151
[DEBUG] Dynamically added transition from wildcard10 to wildcard151
[DEBUG] Dynamically added transition from wildcard98 to wildcard151
[DEBUG] Dynamically added transition from wildcard97 to wildcard151
[DEBUG] Dynamically added transition from start to wildcard151
[DEBUG] Dynamically added transition from wildcard96 to wildcard151
[DEBUG] Dynamically added transition from wildcard95 to wildcard151
[DEBUG] Dynamically added transition from wildcard94 to wildcard151
[DEBUG] Dynamically added transition from wildcard93 to wildcard151
[DEBUG] Dynamically added transition from wildcard92 to wildcard151
[DEBUG] Dynamically added transition from wildcard91 to wildcard151
[DEBUG] Dynamically added transition from wildcard90 to wildcard151
[DEBUG] Dynamically added transition from wildcard151 to wildcard27
[DEBUG] Dynamically added transition from wildcard151 to wildcard26
[DEBUG] Dynamically added transition from wildcard151 to wildcard25
[DEBUG] Dynamically added transition from wildcard151 to wildcard24
[DEBUG] Dynamically added transition from wildcard151 to wildcard23
[DEBUG] Dynamically added transition from wildcard151 to wildcard22
[DEBUG] Dynamically added transition from wildcard151 to wildcard1
[DEBUG] Dynamically added transition from wildcard151 to wildcard21
[DEBUG] Dynamically added transition from wildcard151 to wildcard0
[DEBUG] Dynamically added transition from wildcard151 to wildcard20
[DEBUG] Dynamically added transition from wildcard151 to wildcard3
[DEBUG] Dynamically added transition from wildcard151 to wildcard2
[DEBUG] Dynamically added transition from wildcard151 to wildcard5
[DEBUG] Dynamically added transition from wildcard151 to wildcard4
[DEBUG] Dynamically added transition from wildcard151 to wildcard7
[DEBUG] Dynamically added transition from wildcard151 to wildcard6
[DEBUG] Dynamically added transition from wildcard151 to wildcard9
[DEBUG] Dynamically added transition from wildcard151 to wildcard8
[DEBUG] Dynamically added transition from wildcard151 to wildcard143
[DEBUG] Dynamically added transition from wildcard151 to wildcard144
[DEBUG] Dynamically added transition from wildcard151 to wildcard141
[DEBUG] Dynamically added transition from wildcard151 to wildcard142
[DEBUG] Dynamically added transition from wildcard151 to wildcard140
[DEBUG] Dynamically added transition from wildcard151 to wildcard149
[DEBUG] Dynamically added transition from wildcard151 to wildcard147
[DEBUG] Dynamically added transition from wildcard151 to wildcard19
[DEBUG] Dynamically added transition from wildcard151 to wildcard148
[DEBUG] Dynamically added transition from wildcard151 to wildcard18
[DEBUG] Dynamically added transition from wildcard151 to wildcard145
[DEBUG] Dynamically added transition from wildcard151 to wildcard17
[DEBUG] Dynamically added transition from wildcard151 to wildcard146
[DEBUG] Dynamically added transition from wildcard151 to wildcard38
[DEBUG] Dynamically added transition from wildcard151 to wildcard37
[DEBUG] Dynamically added transition from wildcard151 to wildcard36
[DEBUG] Dynamically added transition from wildcard151 to wildcard35
[DEBUG] Dynamically added transition from wildcard151 to wildcard34
[DEBUG] Dynamically added transition from wildcard151 to wildcard33
[DEBUG] Dynamically added transition from wildcard151 to wildcard32
[DEBUG] Dynamically added transition from wildcard151 to wildcard31
[DEBUG] Dynamically added transition from wildcard151 to wildcard30
[DEBUG] Dynamically added transition from wildcard151 to wildcard150
[DEBUG] Dynamically added transition from wildcard151 to wildcard151
[DEBUG] Dynamically added transition from wildcard151 to wildcard29
[DEBUG] Dynamically added transition from wildcard151 to wildcard28
[DEBUG] Dynamically added transition from wildcard151 to wildcard49
[DEBUG] Dynamically added transition from wildcard151 to wildcard48
[DEBUG] Dynamically added transition from wildcard151 to wildcard47
[DEBUG] Dynamically added transition from wildcard151 to wildcard46
[DEBUG] Dynamically added transition from wildcard151 to wildcard45
[DEBUG] Dynamically added transition from wildcard151 to wildcard44
[DEBUG] Dynamically added transition from wildcard151 to wildcard43
[DEBUG] Dynamically added transition from wildcard151 to wildcard42
[DEBUG] Dynamically added transition from wildcard151 to wildcard41
[DEBUG] Dynamically added transition from wildcard151 to wildcard40
[DEBUG] Dynamically added transition from wildcard151 to wildcard121
[DEBUG] Dynamically added transition from wildcard151 to wildcard122
[DEBUG] Dynamically added transition from wildcard151 to wildcard120
[DEBUG] Dynamically added transition from wildcard151 to wildcard129
[DEBUG] Dynamically added transition from wildcard151 to wildcard127
[DEBUG] Dynamically added transition from wildcard151 to wildcard128
[DEBUG] Dynamically added transition from wildcard151 to wildcard125
[DEBUG] Dynamically added transition from wildcard151 to wildcard126
[DEBUG] Dynamically added transition from wildcard151 to wildcard123
[DEBUG] Dynamically added transition from wildcard151 to wildcard39
[DEBUG] Dynamically added transition from wildcard151 to wildcard124
[DEBUG] Dynamically added transition from wildcard151 to wildcard59
[DEBUG] Dynamically added transition from wildcard151 to wildcard58
[DEBUG] Dynamically added transition from wildcard151 to middle
[DEBUG] Dynamically added transition from wildcard151 to wildcard57
[DEBUG] Dynamically added transition from wildcard151 to wildcard56
[DEBUG] Dynamically added transition from wildcard151 to wildcard55
[DEBUG] Dynamically added transition from wildcard151 to wildcard54
[DEBUG] Dynamically added transition from wildcard151 to wildcard53
[DEBUG] Dynamically added transition from wildcard151 to wildcard52
[DEBUG] Dynamically added transition from wildcard151 to wildcard51
[DEBUG] Dynamically added transition from wildcard151 to wildcard50
[DEBUG] Dynamically added transition from wildcard151 to wildcard132
[DEBUG] Dynamically added transition from wildcard151 to wildcard133
[DEBUG] Dynamically added transition from wildcard151 to wildcard130
[DEBUG] Dynamically added transition from wildcard151 to wildcard131
[DEBUG] Dynamically added transition from wildcard151 to wildcard138
[DEBUG] Dynamically added transition from wildcard151 to wildcard139
[DEBUG] Dynamically added transition from wildcard151 to wildcard136
[DEBUG] Dynamically added transition from wildcard151 to wildcard137
[DEBUG] Dynamically added transition from wildcard151 to wildcard134
[DEBUG] Dynamically added transition from wildcard151 to wildcard135
[DEBUG] Dynamically added transition from wildcard151 to wildcard69
[DEBUG] Dynamically added transition from wildcard151 to wildcard68
[DEBUG] Dynamically added transition from wildcard151 to wildcard67
[DEBUG] Dynamically added transition from wildcard151 to wildcard66
[DEBUG] Dynamically added transition from wildcard151 to wildcard65
[DEBUG] Dynamically added transition from wildcard151 to wildcard64
[DEBUG] Dynamically added transition from wildcard151 to wildcard63
[DEBUG] Dynamically added transition from wildcard151 to wildcard62
[DEBUG] Dynamically added transition from wildcard151 to wildcard61
[DEBUG] Dynamically added transition from wildcard151 to wildcard60
[DEBUG] Dynamically added transition from wildcard151 to wildcard100
[DEBUG] Dynamically added transition from wildcard151 to wildcard107
[DEBUG] Dynamically added transition from wildcard151 to wildcard108
[DEBUG] Dynamically added transition from wildcard151 to wildcard105
[DEBUG] Dynamically added transition from wildcard151 to wildcard106
[DEBUG] Dynamically added transition from wildcard151 to wildcard103
[DEBUG] Dynamically added transition from wildcard151 to wildcard104
[DEBUG] Dynamically added transition from wildcard151 to wildcard101
[DEBUG] Dynamically added transition from wildcard151 to wildcard102
[DEBUG] Dynamically added transition from wildcard151 to wildcard79
[DEBUG] Dynamically added transition from wildcard151 to wildcard78
[DEBUG] Dynamically added transition from wildcard151 to wildcard77
[DEBUG] Dynamically added transition from wildcard151 to wildcard76
[DEBUG] Dynamically added transition from wildcard151 to wildcard109
[DEBUG] Dynamically added transition from wildcard151 to wildcard75
[DEBUG] Dynamically added transition from wildcard151 to wildcard74
[DEBUG] Dynamically added transition from wildcard151 to wildcard73
[DEBUG] Dynamically added transition from wildcard151 to wildcard72
[DEBUG] Dynamically added transition from wildcard151 to wildcard71
[DEBUG] Dynamically added transition from wildcard151 to wildcard70
[DEBUG] Dynamically added transition from wildcard151 to wildcard110
[DEBUG] Dynamically added transition from wildcard151 to wildcard111
[DEBUG] Dynamically added transition from wildcard151 to wildcard118
[DEBUG] Dynamically added transition from wildcard151 to wildcard119
[DEBUG] Dynamically added transition from wildcard151 to wildcard116
[DEBUG] Dynamically added transition from wildcard151 to wildcard117
[DEBUG] Dynamically added transition from wildcard151 to .*
[DEBUG] Dynamically added transition from wildcard151 to wildcard114
[DEBUG] Dynamically added transition from wildcard151 to wildcard115
[DEBUG] Dynamically added transition from wildcard151 to wildcard112
[DEBUG] Dynamically added transition from wildcard151 to wildcard113
[DEBUG] Dynamically added transition from wildcard151 to wildcard89
[DEBUG] Dynamically added transition from wildcard151 to wildcard88
[DEBUG] Dynamically added transition from wildcard151 to wildcard87
[DEBUG] Dynamically added transition from wildcard151 to wildcard86
[DEBUG] Dynamically added transition from wildcard151 to INITIAL
[DEBUG] Dynamically added transition from wildcard151 to wildcard85
[DEBUG] Dynamically added transition from wildcard151 to wildcard84
[DEBUG] Dynamically added transition from wildcard151 to wildcard83
[DEBUG] Dynamically added transition from wildcard151 to wildcard82
[DEBUG] Dynamically added transition from wildcard151 to wildcard81
[DEBUG] Dynamically added transition from wildcard151 to wildcard80
[DEBUG] Dynamically added transition from wildcard151 to end
[DEBUG] Dynamically added transition from wildcard151 to wildcard16
[DEBUG] Dynamically added transition from wildcard151 to wildcard15
[DEBUG] Dynamically added transition from wildcard151 to wildcard14
[DEBUG] Dynamically added transition from wildcard151 to wildcard13
[DEBUG] Dynamically added transition from wildcard151 to wildcard12
[DEBUG] Dynamically added transition from wildcard151 to wildcard11
[DEBUG] Dynamically added transition from wildcard151 to wildcard99
[DEBUG] Dynamically added transition from wildcard151 to wildcard10
[DEBUG] Dynamically added transition from wildcard151 to wildcard98
[DEBUG] Dynamically added transition from wildcard151 to wildcard97
[DEBUG] Dynamically added transition from wildcard151 to start
[DEBUG] Dynamically added transition from wildcard151 to wildcard96
[DEBUG] Dynamically added transition from wildcard151 to wildcard95
[DEBUG] Dynamically added transition from wildcard151 to wildcard94
[DEBUG] Dynamically added transition from wildcard151 to wildcard93
[DEBUG] Dynamically added transition from wildcard151 to wildcard92
[DEBUG] Dynamically added transition from wildcard151 to wildcard91
[DEBUG] Dynamically added transition from wildcard151 to wildcard90
[INFO] Wildcard transition valid to state: wildcard151
[INFO] Wildcard transition detected from wildcard151 to wildcard152
[DEBUG] Created intermediate state for wildcard transition: wildcard152
[DEBUG] Dynamically added transition from wildcard151 to wildcard152
[DEBUG] Dynamically added transition from wildcard27 to wildcard152
[DEBUG] Dynamically added transition from wildcard26 to wildcard152
[DEBUG] Dynamically added transition from wildcard25 to wildcard152
[DEBUG] Dynamically added transition from wildcard24 to wildcard152
[DEBUG] Dynamically added transition from wildcard23 to wildcard152
[DEBUG] Dynamically added transition from wildcard22 to wildcard152
[DEBUG] Dynamically added transition from wildcard1 to wildcard152
[DEBUG] Dynamically added transition from wildcard21 to wildcard152
[DEBUG] Dynamically added transition from wildcard0 to wildcard152
[DEBUG] Dynamically added transition from wildcard20 to wildcard152
[DEBUG] Dynamically added transition from wildcard3 to wildcard152
[DEBUG] Dynamically added transition from wildcard2 to wildcard152
[DEBUG] Dynamically added transition from wildcard5 to wildcard152
[DEBUG] Dynamically added transition from wildcard4 to wildcard152
[DEBUG] Dynamically added transition from wildcard7 to wildcard152
[DEBUG] Dynamically added transition from wildcard6 to wildcard152
[DEBUG] Dynamically added transition from wildcard9 to wildcard152
[DEBUG] Dynamically added transition from wildcard8 to wildcard152
[DEBUG] Dynamically added transition from wildcard143 to wildcard152
[DEBUG] Dynamically added transition from wildcard144 to wildcard152
[DEBUG] Dynamically added transition from wildcard141 to wildcard152
[DEBUG] Dynamically added transition from wildcard142 to wildcard152
[DEBUG] Dynamically added transition from wildcard140 to wildcard152
[DEBUG] Dynamically added transition from wildcard149 to wildcard152
[DEBUG] Dynamically added transition from wildcard147 to wildcard152
[DEBUG] Dynamically added transition from wildcard19 to wildcard152
[DEBUG] Dynamically added transition from wildcard148 to wildcard152
[DEBUG] Dynamically added transition from wildcard18 to wildcard152
[DEBUG] Dynamically added transition from wildcard145 to wildcard152
[DEBUG] Dynamically added transition from wildcard17 to wildcard152
[DEBUG] Dynamically added transition from wildcard146 to wildcard152
[DEBUG] Dynamically added transition from wildcard38 to wildcard152
[DEBUG] Dynamically added transition from wildcard37 to wildcard152
[DEBUG] Dynamically added transition from wildcard36 to wildcard152
[DEBUG] Dynamically added transition from wildcard35 to wildcard152
[DEBUG] Dynamically added transition from wildcard34 to wildcard152
[DEBUG] Dynamically added transition from wildcard33 to wildcard152
[DEBUG] Dynamically added transition from wildcard32 to wildcard152
[DEBUG] Dynamically added transition from wildcard31 to wildcard152
[DEBUG] Dynamically added transition from wildcard30 to wildcard152
[DEBUG] Dynamically added transition from wildcard150 to wildcard152
[DEBUG] Dynamically added transition from wildcard29 to wildcard152
[DEBUG] Dynamically added transition from wildcard28 to wildcard152
[DEBUG] Dynamically added transition from wildcard49 to wildcard152
[DEBUG] Dynamically added transition from wildcard48 to wildcard152
[DEBUG] Dynamically added transition from wildcard47 to wildcard152
[DEBUG] Dynamically added transition from wildcard46 to wildcard152
[DEBUG] Dynamically added transition from wildcard45 to wildcard152
[DEBUG] Dynamically added transition from wildcard44 to wildcard152
[DEBUG] Dynamically added transition from wildcard43 to wildcard152
[DEBUG] Dynamically added transition from wildcard42 to wildcard152
[DEBUG] Dynamically added transition from wildcard41 to wildcard152
[DEBUG] Dynamically added transition from wildcard40 to wildcard152
[DEBUG] Dynamically added transition from wildcard121 to wildcard152
[DEBUG] Dynamically added transition from wildcard122 to wildcard152
[DEBUG] Dynamically added transition from wildcard120 to wildcard152
[DEBUG] Dynamically added transition from wildcard129 to wildcard152
[DEBUG] Dynamically added transition from wildcard127 to wildcard152
[DEBUG] Dynamically added transition from wildcard128 to wildcard152
[DEBUG] Dynamically added transition from wildcard125 to wildcard152
[DEBUG] Dynamically added transition from wildcard126 to wildcard152
[DEBUG] Dynamically added transition from wildcard123 to wildcard152
[DEBUG] Dynamically added transition from wildcard39 to wildcard152
[DEBUG] Dynamically added transition from wildcard124 to wildcard152
[DEBUG] Dynamically added transition from wildcard59 to wildcard152
[DEBUG] Dynamically added transition from wildcard58 to wildcard152
[DEBUG] Dynamically added transition from middle to wildcard152
[DEBUG] Dynamically added transition from wildcard57 to wildcard152
[DEBUG] Dynamically added transition from wildcard56 to wildcard152
[DEBUG] Dynamically added transition from wildcard55 to wildcard152
[DEBUG] Dynamically added transition from wildcard54 to wildcard152
[DEBUG] Dynamically added transition from wildcard53 to wildcard152
[DEBUG] Dynamically added transition from wildcard52 to wildcard152
[DEBUG] Dynamically added transition from wildcard51 to wildcard152
[DEBUG] Dynamically added transition from wildcard50 to wildcard152
[DEBUG] Dynamically added transition from wildcard132 to wildcard152
[DEBUG] Dynamically added transition from wildcard133 to wildcard152
[DEBUG] Dynamically added transition from wildcard130 to wildcard152
[DEBUG] Dynamically added transition from wildcard131 to wildcard152
[DEBUG] Dynamically added transition from wildcard138 to wildcard152
[DEBUG] Dynamically added transition from wildcard139 to wildcard152
[DEBUG] Dynamically added transition from wildcard136 to wildcard152
[DEBUG] Dynamically added transition from wildcard137 to wildcard152
[DEBUG] Dynamically added transition from wildcard134 to wildcard152
[DEBUG] Dynamically added transition from wildcard135 to wildcard152
[DEBUG] Dynamically added transition from wildcard69 to wildcard152
[DEBUG] Dynamically added transition from wildcard68 to wildcard152
[DEBUG] Dynamically added transition from wildcard67 to wildcard152
[DEBUG] Dynamically added transition from wildcard66 to wildcard152
[DEBUG] Dynamically added transition from wildcard65 to wildcard152
[DEBUG] Dynamically added transition from wildcard64 to wildcard152
[DEBUG] Dynamically added transition from wildcard63 to wildcard152
[DEBUG] Dynamically added transition from wildcard62 to wildcard152
[DEBUG] Dynamically added transition from wildcard61 to wildcard152
[DEBUG] Dynamically added transition from wildcard60 to wildcard152
[DEBUG] Dynamically added transition from wildcard100 to wildcard152
[DEBUG] Dynamically added transition from wildcard107 to wildcard152
[DEBUG] Dynamically added transition from wildcard108 to wildcard152
[DEBUG] Dynamically added transition from wildcard105 to wildcard152
[DEBUG] Dynamically added transition from wildcard106 to wildcard152
[DEBUG] Dynamically added transition from wildcard103 to wildcard152
[DEBUG] Dynamically added transition from wildcard104 to wildcard152
[DEBUG] Dynamically added transition from wildcard101 to wildcard152
[DEBUG] Dynamically added transition from wildcard102 to wildcard152
[DEBUG] Dynamically added transition from wildcard79 to wildcard152
[DEBUG] Dynamically added transition from wildcard78 to wildcard152
[DEBUG] Dynamically added transition from wildcard77 to wildcard152
[DEBUG] Dynamically added transition from wildcard76 to wildcard152
[DEBUG] Dynamically added transition from wildcard109 to wildcard152
[DEBUG] Dynamically added transition from wildcard75 to wildcard152
[DEBUG] Dynamically added transition from wildcard74 to wildcard152
[DEBUG] Dynamically added transition from wildcard73 to wildcard152
[DEBUG] Dynamically added transition from wildcard72 to wildcard152
[DEBUG] Dynamically added transition from wildcard71 to wildcard152
[DEBUG] Dynamically added transition from wildcard70 to wildcard152
[DEBUG] Dynamically added transition from wildcard110 to wildcard152
[DEBUG] Dynamically added transition from wildcard111 to wildcard152
[DEBUG] Dynamically added transition from wildcard118 to wildcard152
[DEBUG] Dynamically added transition from wildcard119 to wildcard152
[DEBUG] Dynamically added transition from wildcard116 to wildcard152
[DEBUG] Dynamically added transition from wildcard117 to wildcard152
[DEBUG] Dynamically added transition from wildcard114 to wildcard152
[DEBUG] Dynamically added transition from wildcard115 to wildcard152
[DEBUG] Dynamically added transition from wildcard112 to wildcard152
[DEBUG] Dynamically added transition from wildcard113 to wildcard152
[DEBUG] Dynamically added transition from wildcard89 to wildcard152
[DEBUG] Dynamically added transition from wildcard88 to wildcard152
[DEBUG] Dynamically added transition from wildcard87 to wildcard152
[DEBUG] Dynamically added transition from wildcard86 to wildcard152
[DEBUG] Dynamically added transition from wildcard85 to wildcard152
[DEBUG] Dynamically added transition from wildcard84 to wildcard152
[DEBUG] Dynamically added transition from wildcard83 to wildcard152
[DEBUG] Dynamically added transition from wildcard82 to wildcard152
[DEBUG] Dynamically added transition from wildcard81 to wildcard152
[DEBUG] Dynamically added transition from wildcard80 to wildcard152
[DEBUG] Dynamically added transition from wildcard16 to wildcard152
[DEBUG] Dynamically added transition from wildcard15 to wildcard152
[DEBUG] Dynamically added transition from wildcard14 to wildcard152
[DEBUG] Dynamically added transition from wildcard13 to wildcard152
[DEBUG] Dynamically added transition from wildcard12 to wildcard152
[DEBUG] Dynamically added transition from wildcard11 to wildcard152
[DEBUG] Dynamically added transition from wildcard99 to wildcard152
[DEBUG] Dynamically added transition from wildcard10 to wildcard152
[DEBUG] Dynamically added transition from wildcard98 to wildcard152
[DEBUG] Dynamically added transition from wildcard97 to wildcard152
[DEBUG] Dynamically added transition from start to wildcard152
[DEBUG] Dynamically added transition from wildcard96 to wildcard152
[DEBUG] Dynamically added transition from wildcard95 to wildcard152
[DEBUG] Dynamically added transition from wildcard94 to wildcard152
[DEBUG] Dynamically added transition from wildcard93 to wildcard152
[DEBUG] Dynamically added transition from wildcard92 to wildcard152
[DEBUG] Dynamically added transition from wildcard91 to wildcard152
[DEBUG] Dynamically added transition from wildcard90 to wildcard152
[DEBUG] Dynamically added transition from wildcard152 to wildcard27
[DEBUG] Dynamically added transition from wildcard152 to wildcard26
[DEBUG] Dynamically added transition from wildcard152 to wildcard25
[DEBUG] Dynamically added transition from wildcard152 to wildcard24
[DEBUG] Dynamically added transition from wildcard152 to wildcard23
[DEBUG] Dynamically added transition from wildcard152 to wildcard22
[DEBUG] Dynamically added transition from wildcard152 to wildcard1
[DEBUG] Dynamically added transition from wildcard152 to wildcard21
[DEBUG] Dynamically added transition from wildcard152 to wildcard0
[DEBUG] Dynamically added transition from wildcard152 to wildcard20
[DEBUG] Dynamically added transition from wildcard152 to wildcard3
[DEBUG] Dynamically added transition from wildcard152 to wildcard2
[DEBUG] Dynamically added transition from wildcard152 to wildcard5
[DEBUG] Dynamically added transition from wildcard152 to wildcard4
[DEBUG] Dynamically added transition from wildcard152 to wildcard7
[DEBUG] Dynamically added transition from wildcard152 to wildcard6
[DEBUG] Dynamically added transition from wildcard152 to wildcard9
[DEBUG] Dynamically added transition from wildcard152 to wildcard8
[DEBUG] Dynamically added transition from wildcard152 to wildcard143
[DEBUG] Dynamically added transition from wildcard152 to wildcard144
[DEBUG] Dynamically added transition from wildcard152 to wildcard141
[DEBUG] Dynamically added transition from wildcard152 to wildcard142
[DEBUG] Dynamically added transition from wildcard152 to wildcard140
[DEBUG] Dynamically added transition from wildcard152 to wildcard149
[DEBUG] Dynamically added transition from wildcard152 to wildcard147
[DEBUG] Dynamically added transition from wildcard152 to wildcard19
[DEBUG] Dynamically added transition from wildcard152 to wildcard148
[DEBUG] Dynamically added transition from wildcard152 to wildcard18
[DEBUG] Dynamically added transition from wildcard152 to wildcard145
[DEBUG] Dynamically added transition from wildcard152 to wildcard17
[DEBUG] Dynamically added transition from wildcard152 to wildcard146
[DEBUG] Dynamically added transition from wildcard152 to wildcard38
[DEBUG] Dynamically added transition from wildcard152 to wildcard37
[DEBUG] Dynamically added transition from wildcard152 to wildcard36
[DEBUG] Dynamically added transition from wildcard152 to wildcard35
[DEBUG] Dynamically added transition from wildcard152 to wildcard34
[DEBUG] Dynamically added transition from wildcard152 to wildcard33
[DEBUG] Dynamically added transition from wildcard152 to wildcard32
[DEBUG] Dynamically added transition from wildcard152 to wildcard31
[DEBUG] Dynamically added transition from wildcard152 to wildcard30
[DEBUG] Dynamically added transition from wildcard152 to wildcard152
[DEBUG] Dynamically added transition from wildcard152 to wildcard150
[DEBUG] Dynamically added transition from wildcard152 to wildcard151
[DEBUG] Dynamically added transition from wildcard152 to wildcard29
[DEBUG] Dynamically added transition from wildcard152 to wildcard28
[DEBUG] Dynamically added transition from wildcard152 to wildcard49
[DEBUG] Dynamically added transition from wildcard152 to wildcard48
[DEBUG] Dynamically added transition from wildcard152 to wildcard47
[DEBUG] Dynamically added transition from wildcard152 to wildcard46
[DEBUG] Dynamically added transition from wildcard152 to wildcard45
[DEBUG] Dynamically added transition from wildcard152 to wildcard44
[DEBUG] Dynamically added transition from wildcard152 to wildcard43
[DEBUG] Dynamically added transition from wildcard152 to wildcard42
[DEBUG] Dynamically added transition from wildcard152 to wildcard41
[DEBUG] Dynamically added transition from wildcard152 to wildcard40
[DEBUG] Dynamically added transition from wildcard152 to wildcard121
[DEBUG] Dynamically added transition from wildcard152 to wildcard122
[DEBUG] Dynamically added transition from wildcard152 to wildcard120
[DEBUG] Dynamically added transition from wildcard152 to wildcard129
[DEBUG] Dynamically added transition from wildcard152 to wildcard127
[DEBUG] Dynamically added transition from wildcard152 to wildcard128
[DEBUG] Dynamically added transition from wildcard152 to wildcard125
[DEBUG] Dynamically added transition from wildcard152 to wildcard126
[DEBUG] Dynamically added transition from wildcard152 to wildcard123
[DEBUG] Dynamically added transition from wildcard152 to wildcard39
[DEBUG] Dynamically added transition from wildcard152 to wildcard124
[DEBUG] Dynamically added transition from wildcard152 to wildcard59
[DEBUG] Dynamically added transition from wildcard152 to wildcard58
[DEBUG] Dynamically added transition from wildcard152 to middle
[DEBUG] Dynamically added transition from wildcard152 to wildcard57
[DEBUG] Dynamically added transition from wildcard152 to wildcard56
[DEBUG] Dynamically added transition from wildcard152 to wildcard55
[DEBUG] Dynamically added transition from wildcard152 to wildcard54
[DEBUG] Dynamically added transition from wildcard152 to wildcard53
[DEBUG] Dynamically added transition from wildcard152 to wildcard52
[DEBUG] Dynamically added transition from wildcard152 to wildcard51
[DEBUG] Dynamically added transition from wildcard152 to wildcard50
[DEBUG] Dynamically added transition from wildcard152 to wildcard132
[DEBUG] Dynamically added transition from wildcard152 to wildcard133
[DEBUG] Dynamically added transition from wildcard152 to wildcard130
[DEBUG] Dynamically added transition from wildcard152 to wildcard131
[DEBUG] Dynamically added transition from wildcard152 to wildcard138
[DEBUG] Dynamically added transition from wildcard152 to wildcard139
[DEBUG] Dynamically added transition from wildcard152 to wildcard136
[DEBUG] Dynamically added transition from wildcard152 to wildcard137
[DEBUG] Dynamically added transition from wildcard152 to wildcard134
[DEBUG] Dynamically added transition from wildcard152 to wildcard135
[DEBUG] Dynamically added transition from wildcard152 to wildcard69
[DEBUG] Dynamically added transition from wildcard152 to wildcard68
[DEBUG] Dynamically added transition from wildcard152 to wildcard67
[DEBUG] Dynamically added transition from wildcard152 to wildcard66
[DEBUG] Dynamically added transition from wildcard152 to wildcard65
[DEBUG] Dynamically added transition from wildcard152 to wildcard64
[DEBUG] Dynamically added transition from wildcard152 to wildcard63
[DEBUG] Dynamically added transition from wildcard152 to wildcard62
[DEBUG] Dynamically added transition from wildcard152 to wildcard61
[DEBUG] Dynamically added transition from wildcard152 to wildcard60
[DEBUG] Dynamically added transition from wildcard152 to wildcard100
[DEBUG] Dynamically added transition from wildcard152 to wildcard107
[DEBUG] Dynamically added transition from wildcard152 to wildcard108
[DEBUG] Dynamically added transition from wildcard152 to wildcard105
[DEBUG] Dynamically added transition from wildcard152 to wildcard106
[DEBUG] Dynamically added transition from wildcard152 to wildcard103
[DEBUG] Dynamically added transition from wildcard152 to wildcard104
[DEBUG] Dynamically added transition from wildcard152 to wildcard101
[DEBUG] Dynamically added transition from wildcard152 to wildcard102
[DEBUG] Dynamically added transition from wildcard152 to wildcard79
[DEBUG] Dynamically added transition from wildcard152 to wildcard78
[DEBUG] Dynamically added transition from wildcard152 to wildcard77
[DEBUG] Dynamically added transition from wildcard152 to wildcard76
[DEBUG] Dynamically added transition from wildcard152 to wildcard109
[DEBUG] Dynamically added transition from wildcard152 to wildcard75
[DEBUG] Dynamically added transition from wildcard152 to wildcard74
[DEBUG] Dynamically added transition from wildcard152 to wildcard73
[DEBUG] Dynamically added transition from wildcard152 to wildcard72
[DEBUG] Dynamically added transition from wildcard152 to wildcard71
[DEBUG] Dynamically added transition from wildcard152 to wildcard70
[DEBUG] Dynamically added transition from wildcard152 to wildcard110
[DEBUG] Dynamically added transition from wildcard152 to wildcard111
[DEBUG] Dynamically added transition from wildcard152 to wildcard118
[DEBUG] Dynamically added transition from wildcard152 to wildcard119
[DEBUG] Dynamically added transition from wildcard152 to wildcard116
[DEBUG] Dynamically added transition from wildcard152 to wildcard117
[DEBUG] Dynamically added transition from wildcard152 to .*
[DEBUG] Dynamically added transition from wildcard152 to wildcard114
[DEBUG] Dynamically added transition from wildcard152 to wildcard115
[DEBUG] Dynamically added transition from wildcard152 to wildcard112
[DEBUG] Dynamically added transition from wildcard152 to wildcard113
[DEBUG] Dynamically added transition from wildcard152 to wildcard89
[DEBUG] Dynamically added transition from wildcard152 to wildcard88
[DEBUG] Dynamically added transition from wildcard152 to wildcard87
[DEBUG] Dynamically added transition from wildcard152 to wildcard86
[DEBUG] Dynamically added transition from wildcard152 to INITIAL
[DEBUG] Dynamically added transition from wildcard152 to wildcard85
[DEBUG] Dynamically added transition from wildcard152 to wildcard84
[DEBUG] Dynamically added transition from wildcard152 to wildcard83
[DEBUG] Dynamically added transition from wildcard152 to wildcard82
[DEBUG] Dynamically added transition from wildcard152 to wildcard81
[DEBUG] Dynamically added transition from wildcard152 to wildcard80
[DEBUG] Dynamically added transition from wildcard152 to end
[DEBUG] Dynamically added transition from wildcard152 to wildcard16
[DEBUG] Dynamically added transition from wildcard152 to wildcard15
[DEBUG] Dynamically added transition from wildcard152 to wildcard14
[DEBUG] Dynamically added transition from wildcard152 to wildcard13
[DEBUG] Dynamically added transition from wildcard152 to wildcard12
[DEBUG] Dynamically added transition from wildcard152 to wildcard11
[DEBUG] Dynamically added transition from wildcard152 to wildcard99
[DEBUG] Dynamically added transition from wildcard152 to wildcard10
[DEBUG] Dynamically added transition from wildcard152 to wildcard98
[DEBUG] Dynamically added transition from wildcard152 to wildcard97
[DEBUG] Dynamically added transition from wildcard152 to start
[DEBUG] Dynamically added transition from wildcard152 to wildcard96
[DEBUG] Dynamically added transition from wildcard152 to wildcard95
[DEBUG] Dynamically added transition from wildcard152 to wildcard94
[DEBUG] Dynamically added transition from wildcard152 to wildcard93
[DEBUG] Dynamically added transition from wildcard152 to wildcard92
[DEBUG] Dynamically added transition from wildcard152 to wildcard91
[DEBUG] Dynamically added transition from wildcard152 to wildcard90
[INFO] Wildcard transition valid to state: wildcard152
[INFO] Wildcard transition detected from wildcard152 to wildcard153
[DEBUG] Created intermediate state for wildcard transition: wildcard153
[DEBUG] Dynamically added transition from wildcard152 to wildcard153
[DEBUG] Dynamically added transition from wildcard27 to wildcard153
[DEBUG] Dynamically added transition from wildcard26 to wildcard153
[DEBUG] Dynamically added transition from wildcard25 to wildcard153
[DEBUG] Dynamically added transition from wildcard24 to wildcard153
[DEBUG] Dynamically added transition from wildcard23 to wildcard153
[DEBUG] Dynamically added transition from wildcard22 to wildcard153
[DEBUG] Dynamically added transition from wildcard1 to wildcard153
[DEBUG] Dynamically added transition from wildcard21 to wildcard153
[DEBUG] Dynamically added transition from wildcard0 to wildcard153
[DEBUG] Dynamically added transition from wildcard20 to wildcard153
[DEBUG] Dynamically added transition from wildcard3 to wildcard153
[DEBUG] Dynamically added transition from wildcard2 to wildcard153
[DEBUG] Dynamically added transition from wildcard5 to wildcard153
[DEBUG] Dynamically added transition from wildcard4 to wildcard153
[DEBUG] Dynamically added transition from wildcard7 to wildcard153
[DEBUG] Dynamically added transition from wildcard6 to wildcard153
[DEBUG] Dynamically added transition from wildcard9 to wildcard153
[DEBUG] Dynamically added transition from wildcard8 to wildcard153
[DEBUG] Dynamically added transition from wildcard143 to wildcard153
[DEBUG] Dynamically added transition from wildcard144 to wildcard153
[DEBUG] Dynamically added transition from wildcard141 to wildcard153
[DEBUG] Dynamically added transition from wildcard142 to wildcard153
[DEBUG] Dynamically added transition from wildcard140 to wildcard153
[DEBUG] Dynamically added transition from wildcard149 to wildcard153
[DEBUG] Dynamically added transition from wildcard147 to wildcard153
[DEBUG] Dynamically added transition from wildcard19 to wildcard153
[DEBUG] Dynamically added transition from wildcard148 to wildcard153
[DEBUG] Dynamically added transition from wildcard18 to wildcard153
[DEBUG] Dynamically added transition from wildcard145 to wildcard153
[DEBUG] Dynamically added transition from wildcard17 to wildcard153
[DEBUG] Dynamically added transition from wildcard146 to wildcard153
[DEBUG] Dynamically added transition from wildcard38 to wildcard153
[DEBUG] Dynamically added transition from wildcard37 to wildcard153
[DEBUG] Dynamically added transition from wildcard36 to wildcard153
[DEBUG] Dynamically added transition from wildcard35 to wildcard153
[DEBUG] Dynamically added transition from wildcard34 to wildcard153
[DEBUG] Dynamically added transition from wildcard33 to wildcard153
[DEBUG] Dynamically added transition from wildcard32 to wildcard153
[DEBUG] Dynamically added transition from wildcard31 to wildcard153
[DEBUG] Dynamically added transition from wildcard30 to wildcard153
[DEBUG] Dynamically added transition from wildcard150 to wildcard153
[DEBUG] Dynamically added transition from wildcard151 to wildcard153
[DEBUG] Dynamically added transition from wildcard29 to wildcard153
[DEBUG] Dynamically added transition from wildcard28 to wildcard153
[DEBUG] Dynamically added transition from wildcard49 to wildcard153
[DEBUG] Dynamically added transition from wildcard48 to wildcard153
[DEBUG] Dynamically added transition from wildcard47 to wildcard153
[DEBUG] Dynamically added transition from wildcard46 to wildcard153
[DEBUG] Dynamically added transition from wildcard45 to wildcard153
[DEBUG] Dynamically added transition from wildcard44 to wildcard153
[DEBUG] Dynamically added transition from wildcard43 to wildcard153
[DEBUG] Dynamically added transition from wildcard42 to wildcard153
[DEBUG] Dynamically added transition from wildcard41 to wildcard153
[DEBUG] Dynamically added transition from wildcard40 to wildcard153
[DEBUG] Dynamically added transition from wildcard121 to wildcard153
[DEBUG] Dynamically added transition from wildcard122 to wildcard153
[DEBUG] Dynamically added transition from wildcard120 to wildcard153
[DEBUG] Dynamically added transition from wildcard129 to wildcard153
[DEBUG] Dynamically added transition from wildcard127 to wildcard153
[DEBUG] Dynamically added transition from wildcard128 to wildcard153
[DEBUG] Dynamically added transition from wildcard125 to wildcard153
[DEBUG] Dynamically added transition from wildcard126 to wildcard153
[DEBUG] Dynamically added transition from wildcard123 to wildcard153
[DEBUG] Dynamically added transition from wildcard39 to wildcard153
[DEBUG] Dynamically added transition from wildcard124 to wildcard153
[DEBUG] Dynamically added transition from wildcard59 to wildcard153
[DEBUG] Dynamically added transition from wildcard58 to wildcard153
[DEBUG] Dynamically added transition from middle to wildcard153
[DEBUG] Dynamically added transition from wildcard57 to wildcard153
[DEBUG] Dynamically added transition from wildcard56 to wildcard153
[DEBUG] Dynamically added transition from wildcard55 to wildcard153
[DEBUG] Dynamically added transition from wildcard54 to wildcard153
[DEBUG] Dynamically added transition from wildcard53 to wildcard153
[DEBUG] Dynamically added transition from wildcard52 to wildcard153
[DEBUG] Dynamically added transition from wildcard51 to wildcard153
[DEBUG] Dynamically added transition from wildcard50 to wildcard153
[DEBUG] Dynamically added transition from wildcard132 to wildcard153
[DEBUG] Dynamically added transition from wildcard133 to wildcard153
[DEBUG] Dynamically added transition from wildcard130 to wildcard153
[DEBUG] Dynamically added transition from wildcard131 to wildcard153
[DEBUG] Dynamically added transition from wildcard138 to wildcard153
[DEBUG] Dynamically added transition from wildcard139 to wildcard153
[DEBUG] Dynamically added transition from wildcard136 to wildcard153
[DEBUG] Dynamically added transition from wildcard137 to wildcard153
[DEBUG] Dynamically added transition from wildcard134 to wildcard153
[DEBUG] Dynamically added transition from wildcard135 to wildcard153
[DEBUG] Dynamically added transition from wildcard69 to wildcard153
[DEBUG] Dynamically added transition from wildcard68 to wildcard153
[DEBUG] Dynamically added transition from wildcard67 to wildcard153
[DEBUG] Dynamically added transition from wildcard66 to wildcard153
[DEBUG] Dynamically added transition from wildcard65 to wildcard153
[DEBUG] Dynamically added transition from wildcard64 to wildcard153
[DEBUG] Dynamically added transition from wildcard63 to wildcard153
[DEBUG] Dynamically added transition from wildcard62 to wildcard153
[DEBUG] Dynamically added transition from wildcard61 to wildcard153
[DEBUG] Dynamically added transition from wildcard60 to wildcard153
[DEBUG] Dynamically added transition from wildcard100 to wildcard153
[DEBUG] Dynamically added transition from wildcard107 to wildcard153
[DEBUG] Dynamically added transition from wildcard108 to wildcard153
[DEBUG] Dynamically added transition from wildcard105 to wildcard153
[DEBUG] Dynamically added transition from wildcard106 to wildcard153
[DEBUG] Dynamically added transition from wildcard103 to wildcard153
[DEBUG] Dynamically added transition from wildcard104 to wildcard153
[DEBUG] Dynamically added transition from wildcard101 to wildcard153
[DEBUG] Dynamically added transition from wildcard102 to wildcard153
[DEBUG] Dynamically added transition from wildcard79 to wildcard153
[DEBUG] Dynamically added transition from wildcard78 to wildcard153
[DEBUG] Dynamically added transition from wildcard77 to wildcard153
[DEBUG] Dynamically added transition from wildcard76 to wildcard153
[DEBUG] Dynamically added transition from wildcard109 to wildcard153
[DEBUG] Dynamically added transition from wildcard75 to wildcard153
[DEBUG] Dynamically added transition from wildcard74 to wildcard153
[DEBUG] Dynamically added transition from wildcard73 to wildcard153
[DEBUG] Dynamically added transition from wildcard72 to wildcard153
[DEBUG] Dynamically added transition from wildcard71 to wildcard153
[DEBUG] Dynamically added transition from wildcard70 to wildcard153
[DEBUG] Dynamically added transition from wildcard110 to wildcard153
[DEBUG] Dynamically added transition from wildcard111 to wildcard153
[DEBUG] Dynamically added transition from wildcard118 to wildcard153
[DEBUG] Dynamically added transition from wildcard119 to wildcard153
[DEBUG] Dynamically added transition from wildcard116 to wildcard153
[DEBUG] Dynamically added transition from wildcard117 to wildcard153
[DEBUG] Dynamically added transition from wildcard114 to wildcard153
[DEBUG] Dynamically added transition from wildcard115 to wildcard153
[DEBUG] Dynamically added transition from wildcard112 to wildcard153
[DEBUG] Dynamically added transition from wildcard113 to wildcard153
[DEBUG] Dynamically added transition from wildcard89 to wildcard153
[DEBUG] Dynamically added transition from wildcard88 to wildcard153
[DEBUG] Dynamically added transition from wildcard87 to wildcard153
[DEBUG] Dynamically added transition from wildcard86 to wildcard153
[DEBUG] Dynamically added transition from wildcard85 to wildcard153
[DEBUG] Dynamically added transition from wildcard84 to wildcard153
[DEBUG] Dynamically added transition from wildcard83 to wildcard153
[DEBUG] Dynamically added transition from wildcard82 to wildcard153
[DEBUG] Dynamically added transition from wildcard81 to wildcard153
[DEBUG] Dynamically added transition from wildcard80 to wildcard153
[DEBUG] Dynamically added transition from wildcard16 to wildcard153
[DEBUG] Dynamically added transition from wildcard15 to wildcard153
[DEBUG] Dynamically added transition from wildcard14 to wildcard153
[DEBUG] Dynamically added transition from wildcard13 to wildcard153
[DEBUG] Dynamically added transition from wildcard12 to wildcard153
[DEBUG] Dynamically added transition from wildcard11 to wildcard153
[DEBUG] Dynamically added transition from wildcard99 to wildcard153
[DEBUG] Dynamically added transition from wildcard10 to wildcard153
[DEBUG] Dynamically added transition from wildcard98 to wildcard153
[DEBUG] Dynamically added transition from wildcard97 to wildcard153
[DEBUG] Dynamically added transition from start to wildcard153
[DEBUG] Dynamically added transition from wildcard96 to wildcard153
[DEBUG] Dynamically added transition from wildcard95 to wildcard153
[DEBUG] Dynamically added transition from wildcard94 to wildcard153
[DEBUG] Dynamically added transition from wildcard93 to wildcard153
[DEBUG] Dynamically added transition from wildcard92 to wildcard153
[DEBUG] Dynamically added transition from wildcard91 to wildcard153
[DEBUG] Dynamically added transition from wildcard90 to wildcard153
[DEBUG] Dynamically added transition from wildcard153 to wildcard27
[DEBUG] Dynamically added transition from wildcard153 to wildcard26
[DEBUG] Dynamically added transition from wildcard153 to wildcard25
[DEBUG] Dynamically added transition from wildcard153 to wildcard24
[DEBUG] Dynamically added transition from wildcard153 to wildcard23
[DEBUG] Dynamically added transition from wildcard153 to wildcard22
[DEBUG] Dynamically added transition from wildcard153 to wildcard1
[DEBUG] Dynamically added transition from wildcard153 to wildcard21
[DEBUG] Dynamically added transition from wildcard153 to wildcard0
[DEBUG] Dynamically added transition from wildcard153 to wildcard20
[DEBUG] Dynamically added transition from wildcard153 to wildcard3
[DEBUG] Dynamically added transition from wildcard153 to wildcard2
[DEBUG] Dynamically added transition from wildcard153 to wildcard5
[DEBUG] Dynamically added transition from wildcard153 to wildcard4
[DEBUG] Dynamically added transition from wildcard153 to wildcard7
[DEBUG] Dynamically added transition from wildcard153 to wildcard6
[DEBUG] Dynamically added transition from wildcard153 to wildcard9
[DEBUG] Dynamically added transition from wildcard153 to wildcard8
[DEBUG] Dynamically added transition from wildcard153 to wildcard143
[DEBUG] Dynamically added transition from wildcard153 to wildcard144
[DEBUG] Dynamically added transition from wildcard153 to wildcard141
[DEBUG] Dynamically added transition from wildcard153 to wildcard142
[DEBUG] Dynamically added transition from wildcard153 to wildcard140
[DEBUG] Dynamically added transition from wildcard153 to wildcard149
[DEBUG] Dynamically added transition from wildcard153 to wildcard147
[DEBUG] Dynamically added transition from wildcard153 to wildcard19
[DEBUG] Dynamically added transition from wildcard153 to wildcard148
[DEBUG] Dynamically added transition from wildcard153 to wildcard18
[DEBUG] Dynamically added transition from wildcard153 to wildcard145
[DEBUG] Dynamically added transition from wildcard153 to wildcard17
[DEBUG] Dynamically added transition from wildcard153 to wildcard146
[DEBUG] Dynamically added transition from wildcard153 to wildcard38
[DEBUG] Dynamically added transition from wildcard153 to wildcard37
[DEBUG] Dynamically added transition from wildcard153 to wildcard36
[DEBUG] Dynamically added transition from wildcard153 to wildcard35
[DEBUG] Dynamically added transition from wildcard153 to wildcard34
[DEBUG] Dynamically added transition from wildcard153 to wildcard33
[DEBUG] Dynamically added transition from wildcard153 to wildcard32
[DEBUG] Dynamically added transition from wildcard153 to wildcard31
[DEBUG] Dynamically added transition from wildcard153 to wildcard30
[DEBUG] Dynamically added transition from wildcard153 to wildcard152
[DEBUG] Dynamically added transition from wildcard153 to wildcard153
[DEBUG] Dynamically added transition from wildcard153 to wildcard150
[DEBUG] Dynamically added transition from wildcard153 to wildcard151
[DEBUG] Dynamically added transition from wildcard153 to wildcard29
[DEBUG] Dynamically added transition from wildcard153 to wildcard28
[DEBUG] Dynamically added transition from wildcard153 to wildcard49
[DEBUG] Dynamically added transition from wildcard153 to wildcard48
[DEBUG] Dynamically added transition from wildcard153 to wildcard47
[DEBUG] Dynamically added transition from wildcard153 to wildcard46
[DEBUG] Dynamically added transition from wildcard153 to wildcard45
[DEBUG] Dynamically added transition from wildcard153 to wildcard44
[DEBUG] Dynamically added transition from wildcard153 to wildcard43
[DEBUG] Dynamically added transition from wildcard153 to wildcard42
[DEBUG] Dynamically added transition from wildcard153 to wildcard41
[DEBUG] Dynamically added transition from wildcard153 to wildcard40
[DEBUG] Dynamically added transition from wildcard153 to wildcard121
[DEBUG] Dynamically added transition from wildcard153 to wildcard122
[DEBUG] Dynamically added transition from wildcard153 to wildcard120
[DEBUG] Dynamically added transition from wildcard153 to wildcard129
[DEBUG] Dynamically added transition from wildcard153 to wildcard127
[DEBUG] Dynamically added transition from wildcard153 to wildcard128
[DEBUG] Dynamically added transition from wildcard153 to wildcard125
[DEBUG] Dynamically added transition from wildcard153 to wildcard126
[DEBUG] Dynamically added transition from wildcard153 to wildcard123
[DEBUG] Dynamically added transition from wildcard153 to wildcard39
[DEBUG] Dynamically added transition from wildcard153 to wildcard124
[DEBUG] Dynamically added transition from wildcard153 to wildcard59
[DEBUG] Dynamically added transition from wildcard153 to wildcard58
[DEBUG] Dynamically added transition from wildcard153 to middle
[DEBUG] Dynamically added transition from wildcard153 to wildcard57
[DEBUG] Dynamically added transition from wildcard153 to wildcard56
[DEBUG] Dynamically added transition from wildcard153 to wildcard55
[DEBUG] Dynamically added transition from wildcard153 to wildcard54
[DEBUG] Dynamically added transition from wildcard153 to wildcard53
[DEBUG] Dynamically added transition from wildcard153 to wildcard52
[DEBUG] Dynamically added transition from wildcard153 to wildcard51
[DEBUG] Dynamically added transition from wildcard153 to wildcard50
[DEBUG] Dynamically added transition from wildcard153 to wildcard132
[DEBUG] Dynamically added transition from wildcard153 to wildcard133
[DEBUG] Dynamically added transition from wildcard153 to wildcard130
[DEBUG] Dynamically added transition from wildcard153 to wildcard131
[DEBUG] Dynamically added transition from wildcard153 to wildcard138
[DEBUG] Dynamically added transition from wildcard153 to wildcard139
[DEBUG] Dynamically added transition from wildcard153 to wildcard136
[DEBUG] Dynamically added transition from wildcard153 to wildcard137
[DEBUG] Dynamically added transition from wildcard153 to wildcard134
[DEBUG] Dynamically added transition from wildcard153 to wildcard135
[DEBUG] Dynamically added transition from wildcard153 to wildcard69
[DEBUG] Dynamically added transition from wildcard153 to wildcard68
[DEBUG] Dynamically added transition from wildcard153 to wildcard67
[DEBUG] Dynamically added transition from wildcard153 to wildcard66
[DEBUG] Dynamically added transition from wildcard153 to wildcard65
[DEBUG] Dynamically added transition from wildcard153 to wildcard64
[DEBUG] Dynamically added transition from wildcard153 to wildcard63
[DEBUG] Dynamically added transition from wildcard153 to wildcard62
[DEBUG] Dynamically added transition from wildcard153 to wildcard61
[DEBUG] Dynamically added transition from wildcard153 to wildcard60
[DEBUG] Dynamically added transition from wildcard153 to wildcard100
[DEBUG] Dynamically added transition from wildcard153 to wildcard107
[DEBUG] Dynamically added transition from wildcard153 to wildcard108
[DEBUG] Dynamically added transition from wildcard153 to wildcard105
[DEBUG] Dynamically added transition from wildcard153 to wildcard106
[DEBUG] Dynamically added transition from wildcard153 to wildcard103
[DEBUG] Dynamically added transition from wildcard153 to wildcard104
[DEBUG] Dynamically added transition from wildcard153 to wildcard101
[DEBUG] Dynamically added transition from wildcard153 to wildcard102
[DEBUG] Dynamically added transition from wildcard153 to wildcard79
[DEBUG] Dynamically added transition from wildcard153 to wildcard78
[DEBUG] Dynamically added transition from wildcard153 to wildcard77
[DEBUG] Dynamically added transition from wildcard153 to wildcard76
[DEBUG] Dynamically added transition from wildcard153 to wildcard109
[DEBUG] Dynamically added transition from wildcard153 to wildcard75
[DEBUG] Dynamically added transition from wildcard153 to wildcard74
[DEBUG] Dynamically added transition from wildcard153 to wildcard73
[DEBUG] Dynamically added transition from wildcard153 to wildcard72
[DEBUG] Dynamically added transition from wildcard153 to wildcard71
[DEBUG] Dynamically added transition from wildcard153 to wildcard70
[DEBUG] Dynamically added transition from wildcard153 to wildcard110
[DEBUG] Dynamically added transition from wildcard153 to wildcard111
[DEBUG] Dynamically added transition from wildcard153 to wildcard118
[DEBUG] Dynamically added transition from wildcard153 to wildcard119
[DEBUG] Dynamically added transition from wildcard153 to wildcard116
[DEBUG] Dynamically added transition from wildcard153 to wildcard117
[DEBUG] Dynamically added transition from wildcard153 to .*
[DEBUG] Dynamically added transition from wildcard153 to wildcard114
[DEBUG] Dynamically added transition from wildcard153 to wildcard115
[DEBUG] Dynamically added transition from wildcard153 to wildcard112
[DEBUG] Dynamically added transition from wildcard153 to wildcard113
[DEBUG] Dynamically added transition from wildcard153 to wildcard89
[DEBUG] Dynamically added transition from wildcard153 to wildcard88
[DEBUG] Dynamically added transition from wildcard153 to wildcard87
[DEBUG] Dynamically added transition from wildcard153 to wildcard86
[DEBUG] Dynamically added transition from wildcard153 to INITIAL
[DEBUG] Dynamically added transition from wildcard153 to wildcard85
[DEBUG] Dynamically added transition from wildcard153 to wildcard84
[DEBUG] Dynamically added transition from wildcard153 to wildcard83
[DEBUG] Dynamically added transition from wildcard153 to wildcard82
[DEBUG] Dynamically added transition from wildcard153 to wildcard81
[DEBUG] Dynamically added transition from wildcard153 to wildcard80
[DEBUG] Dynamically added transition from wildcard153 to end
[DEBUG] Dynamically added transition from wildcard153 to wildcard16
[DEBUG] Dynamically added transition from wildcard153 to wildcard15
[DEBUG] Dynamically added transition from wildcard153 to wildcard14
[DEBUG] Dynamically added transition from wildcard153 to wildcard13
[DEBUG] Dynamically added transition from wildcard153 to wildcard12
[DEBUG] Dynamically added transition from wildcard153 to wildcard11
[DEBUG] Dynamically added transition from wildcard153 to wildcard99
[DEBUG] Dynamically added transition from wildcard153 to wildcard10
[DEBUG] Dynamically added transition from wildcard153 to wildcard98
[DEBUG] Dynamically added transition from wildcard153 to wildcard97
[DEBUG] Dynamically added transition from wildcard153 to start
[DEBUG] Dynamically added transition from wildcard153 to wildcard96
[DEBUG] Dynamically added transition from wildcard153 to wildcard95
[DEBUG] Dynamically added transition from wildcard153 to wildcard94
[DEBUG] Dynamically added transition from wildcard153 to wildcard93
[DEBUG] Dynamically added transition from wildcard153 to wildcard92
[DEBUG] Dynamically added transition from wildcard153 to wildcard91
[DEBUG] Dynamically added transition from wildcard153 to wildcard90
[INFO] Wildcard transition valid to state: wildcard153
[INFO] Wildcard transition detected from wildcard153 to wildcard154
[DEBUG] Created intermediate state for wildcard transition: wildcard154
[DEBUG] Dynamically added transition from wildcard153 to wildcard154
[DEBUG] Dynamically added transition from wildcard27 to wildcard154
[DEBUG] Dynamically added transition from wildcard26 to wildcard154
[DEBUG] Dynamically added transition from wildcard25 to wildcard154
[DEBUG] Dynamically added transition from wildcard24 to wildcard154
[DEBUG] Dynamically added transition from wildcard23 to wildcard154
[DEBUG] Dynamically added transition from wildcard22 to wildcard154
[DEBUG] Dynamically added transition from wildcard1 to wildcard154
[DEBUG] Dynamically added transition from wildcard21 to wildcard154
[DEBUG] Dynamically added transition from wildcard0 to wildcard154
[DEBUG] Dynamically added transition from wildcard20 to wildcard154
[DEBUG] Dynamically added transition from wildcard3 to wildcard154
[DEBUG] Dynamically added transition from wildcard2 to wildcard154
[DEBUG] Dynamically added transition from wildcard5 to wildcard154
[DEBUG] Dynamically added transition from wildcard4 to wildcard154
[DEBUG] Dynamically added transition from wildcard7 to wildcard154
[DEBUG] Dynamically added transition from wildcard6 to wildcard154
[DEBUG] Dynamically added transition from wildcard9 to wildcard154
[DEBUG] Dynamically added transition from wildcard8 to wildcard154
[DEBUG] Dynamically added transition from wildcard143 to wildcard154
[DEBUG] Dynamically added transition from wildcard144 to wildcard154
[DEBUG] Dynamically added transition from wildcard141 to wildcard154
[DEBUG] Dynamically added transition from wildcard142 to wildcard154
[DEBUG] Dynamically added transition from wildcard140 to wildcard154
[DEBUG] Dynamically added transition from wildcard149 to wildcard154
[DEBUG] Dynamically added transition from wildcard147 to wildcard154
[DEBUG] Dynamically added transition from wildcard19 to wildcard154
[DEBUG] Dynamically added transition from wildcard148 to wildcard154
[DEBUG] Dynamically added transition from wildcard18 to wildcard154
[DEBUG] Dynamically added transition from wildcard145 to wildcard154
[DEBUG] Dynamically added transition from wildcard17 to wildcard154
[DEBUG] Dynamically added transition from wildcard146 to wildcard154
[DEBUG] Dynamically added transition from wildcard38 to wildcard154
[DEBUG] Dynamically added transition from wildcard37 to wildcard154
[DEBUG] Dynamically added transition from wildcard36 to wildcard154
[DEBUG] Dynamically added transition from wildcard35 to wildcard154
[DEBUG] Dynamically added transition from wildcard34 to wildcard154
[DEBUG] Dynamically added transition from wildcard33 to wildcard154
[DEBUG] Dynamically added transition from wildcard32 to wildcard154
[DEBUG] Dynamically added transition from wildcard31 to wildcard154
[DEBUG] Dynamically added transition from wildcard30 to wildcard154
[DEBUG] Dynamically added transition from wildcard152 to wildcard154
[DEBUG] Dynamically added transition from wildcard150 to wildcard154
[DEBUG] Dynamically added transition from wildcard151 to wildcard154
[DEBUG] Dynamically added transition from wildcard29 to wildcard154
[DEBUG] Dynamically added transition from wildcard28 to wildcard154
[DEBUG] Dynamically added transition from wildcard49 to wildcard154
[DEBUG] Dynamically added transition from wildcard48 to wildcard154
[DEBUG] Dynamically added transition from wildcard47 to wildcard154
[DEBUG] Dynamically added transition from wildcard46 to wildcard154
[DEBUG] Dynamically added transition from wildcard45 to wildcard154
[DEBUG] Dynamically added transition from wildcard44 to wildcard154
[DEBUG] Dynamically added transition from wildcard43 to wildcard154
[DEBUG] Dynamically added transition from wildcard42 to wildcard154
[DEBUG] Dynamically added transition from wildcard41 to wildcard154
[DEBUG] Dynamically added transition from wildcard40 to wildcard154
[DEBUG] Dynamically added transition from wildcard121 to wildcard154
[DEBUG] Dynamically added transition from wildcard122 to wildcard154
[DEBUG] Dynamically added transition from wildcard120 to wildcard154
[DEBUG] Dynamically added transition from wildcard129 to wildcard154
[DEBUG] Dynamically added transition from wildcard127 to wildcard154
[DEBUG] Dynamically added transition from wildcard128 to wildcard154
[DEBUG] Dynamically added transition from wildcard125 to wildcard154
[DEBUG] Dynamically added transition from wildcard126 to wildcard154
[DEBUG] Dynamically added transition from wildcard123 to wildcard154
[DEBUG] Dynamically added transition from wildcard39 to wildcard154
[DEBUG] Dynamically added transition from wildcard124 to wildcard154
[DEBUG] Dynamically added transition from wildcard59 to wildcard154
[DEBUG] Dynamically added transition from wildcard58 to wildcard154
[DEBUG] Dynamically added transition from middle to wildcard154
[DEBUG] Dynamically added transition from wildcard57 to wildcard154
[DEBUG] Dynamically added transition from wildcard56 to wildcard154
[DEBUG] Dynamically added transition from wildcard55 to wildcard154
[DEBUG] Dynamically added transition from wildcard54 to wildcard154
[DEBUG] Dynamically added transition from wildcard53 to wildcard154
[DEBUG] Dynamically added transition from wildcard52 to wildcard154
[DEBUG] Dynamically added transition from wildcard51 to wildcard154
[DEBUG] Dynamically added transition from wildcard50 to wildcard154
[DEBUG] Dynamically added transition from wildcard132 to wildcard154
[DEBUG] Dynamically added transition from wildcard133 to wildcard154
[DEBUG] Dynamically added transition from wildcard130 to wildcard154
[DEBUG] Dynamically added transition from wildcard131 to wildcard154
[DEBUG] Dynamically added transition from wildcard138 to wildcard154
[DEBUG] Dynamically added transition from wildcard139 to wildcard154
[DEBUG] Dynamically added transition from wildcard136 to wildcard154
[DEBUG] Dynamically added transition from wildcard137 to wildcard154
[DEBUG] Dynamically added transition from wildcard134 to wildcard154
[DEBUG] Dynamically added transition from wildcard135 to wildcard154
[DEBUG] Dynamically added transition from wildcard69 to wildcard154
[DEBUG] Dynamically added transition from wildcard68 to wildcard154
[DEBUG] Dynamically added transition from wildcard67 to wildcard154
[DEBUG] Dynamically added transition from wildcard66 to wildcard154
[DEBUG] Dynamically added transition from wildcard65 to wildcard154
[DEBUG] Dynamically added transition from wildcard64 to wildcard154
[DEBUG] Dynamically added transition from wildcard63 to wildcard154
[DEBUG] Dynamically added transition from wildcard62 to wildcard154
[DEBUG] Dynamically added transition from wildcard61 to wildcard154
[DEBUG] Dynamically added transition from wildcard60 to wildcard154
[DEBUG] Dynamically added transition from wildcard100 to wildcard154
[DEBUG] Dynamically added transition from wildcard107 to wildcard154
[DEBUG] Dynamically added transition from wildcard108 to wildcard154
[DEBUG] Dynamically added transition from wildcard105 to wildcard154
[DEBUG] Dynamically added transition from wildcard106 to wildcard154
[DEBUG] Dynamically added transition from wildcard103 to wildcard154
[DEBUG] Dynamically added transition from wildcard104 to wildcard154
[DEBUG] Dynamically added transition from wildcard101 to wildcard154
[DEBUG] Dynamically added transition from wildcard102 to wildcard154
[DEBUG] Dynamically added transition from wildcard79 to wildcard154
[DEBUG] Dynamically added transition from wildcard78 to wildcard154
[DEBUG] Dynamically added transition from wildcard77 to wildcard154
[DEBUG] Dynamically added transition from wildcard76 to wildcard154
[DEBUG] Dynamically added transition from wildcard109 to wildcard154
[DEBUG] Dynamically added transition from wildcard75 to wildcard154
[DEBUG] Dynamically added transition from wildcard74 to wildcard154
[DEBUG] Dynamically added transition from wildcard73 to wildcard154
[DEBUG] Dynamically added transition from wildcard72 to wildcard154
[DEBUG] Dynamically added transition from wildcard71 to wildcard154
[DEBUG] Dynamically added transition from wildcard70 to wildcard154
[DEBUG] Dynamically added transition from wildcard110 to wildcard154
[DEBUG] Dynamically added transition from wildcard111 to wildcard154
[DEBUG] Dynamically added transition from wildcard118 to wildcard154
[DEBUG] Dynamically added transition from wildcard119 to wildcard154
[DEBUG] Dynamically added transition from wildcard116 to wildcard154
[DEBUG] Dynamically added transition from wildcard117 to wildcard154
[DEBUG] Dynamically added transition from wildcard114 to wildcard154
[DEBUG] Dynamically added transition from wildcard115 to wildcard154
[DEBUG] Dynamically added transition from wildcard112 to wildcard154
[DEBUG] Dynamically added transition from wildcard113 to wildcard154
[DEBUG] Dynamically added transition from wildcard89 to wildcard154
[DEBUG] Dynamically added transition from wildcard88 to wildcard154
[DEBUG] Dynamically added transition from wildcard87 to wildcard154
[DEBUG] Dynamically added transition from wildcard86 to wildcard154
[DEBUG] Dynamically added transition from wildcard85 to wildcard154
[DEBUG] Dynamically added transition from wildcard84 to wildcard154
[DEBUG] Dynamically added transition from wildcard83 to wildcard154
[DEBUG] Dynamically added transition from wildcard82 to wildcard154
[DEBUG] Dynamically added transition from wildcard81 to wildcard154
[DEBUG] Dynamically added transition from wildcard80 to wildcard154
[DEBUG] Dynamically added transition from wildcard16 to wildcard154
[DEBUG] Dynamically added transition from wildcard15 to wildcard154
[DEBUG] Dynamically added transition from wildcard14 to wildcard154
[DEBUG] Dynamically added transition from wildcard13 to wildcard154
[DEBUG] Dynamically added transition from wildcard12 to wildcard154
[DEBUG] Dynamically added transition from wildcard11 to wildcard154
[DEBUG] Dynamically added transition from wildcard99 to wildcard154
[DEBUG] Dynamically added transition from wildcard10 to wildcard154
[DEBUG] Dynamically added transition from wildcard98 to wildcard154
[DEBUG] Dynamically added transition from wildcard97 to wildcard154
[DEBUG] Dynamically added transition from start to wildcard154
[DEBUG] Dynamically added transition from wildcard96 to wildcard154
[DEBUG] Dynamically added transition from wildcard95 to wildcard154
[DEBUG] Dynamically added transition from wildcard94 to wildcard154
[DEBUG] Dynamically added transition from wildcard93 to wildcard154
[DEBUG] Dynamically added transition from wildcard92 to wildcard154
[DEBUG] Dynamically added transition from wildcard91 to wildcard154
[DEBUG] Dynamically added transition from wildcard90 to wildcard154
[DEBUG] Dynamically added transition from wildcard154 to wildcard27
[DEBUG] Dynamically added transition from wildcard154 to wildcard26
[DEBUG] Dynamically added transition from wildcard154 to wildcard25
[DEBUG] Dynamically added transition from wildcard154 to wildcard24
[DEBUG] Dynamically added transition from wildcard154 to wildcard23
[DEBUG] Dynamically added transition from wildcard154 to wildcard22
[DEBUG] Dynamically added transition from wildcard154 to wildcard1
[DEBUG] Dynamically added transition from wildcard154 to wildcard21
[DEBUG] Dynamically added transition from wildcard154 to wildcard0
[DEBUG] Dynamically added transition from wildcard154 to wildcard20
[DEBUG] Dynamically added transition from wildcard154 to wildcard3
[DEBUG] Dynamically added transition from wildcard154 to wildcard2
[DEBUG] Dynamically added transition from wildcard154 to wildcard5
[DEBUG] Dynamically added transition from wildcard154 to wildcard4
[DEBUG] Dynamically added transition from wildcard154 to wildcard7
[DEBUG] Dynamically added transition from wildcard154 to wildcard6
[DEBUG] Dynamically added transition from wildcard154 to wildcard9
[DEBUG] Dynamically added transition from wildcard154 to wildcard8
[DEBUG] Dynamically added transition from wildcard154 to wildcard143
[DEBUG] Dynamically added transition from wildcard154 to wildcard144
[DEBUG] Dynamically added transition from wildcard154 to wildcard141
[DEBUG] Dynamically added transition from wildcard154 to wildcard142
[DEBUG] Dynamically added transition from wildcard154 to wildcard140
[DEBUG] Dynamically added transition from wildcard154 to wildcard149
[DEBUG] Dynamically added transition from wildcard154 to wildcard147
[DEBUG] Dynamically added transition from wildcard154 to wildcard19
[DEBUG] Dynamically added transition from wildcard154 to wildcard148
[DEBUG] Dynamically added transition from wildcard154 to wildcard18
[DEBUG] Dynamically added transition from wildcard154 to wildcard145
[DEBUG] Dynamically added transition from wildcard154 to wildcard17
[DEBUG] Dynamically added transition from wildcard154 to wildcard146
[DEBUG] Dynamically added transition from wildcard154 to wildcard38
[DEBUG] Dynamically added transition from wildcard154 to wildcard37
[DEBUG] Dynamically added transition from wildcard154 to wildcard36
[DEBUG] Dynamically added transition from wildcard154 to wildcard35
[DEBUG] Dynamically added transition from wildcard154 to wildcard34
[DEBUG] Dynamically added transition from wildcard154 to wildcard33
[DEBUG] Dynamically added transition from wildcard154 to wildcard32
[DEBUG] Dynamically added transition from wildcard154 to wildcard31
[DEBUG] Dynamically added transition from wildcard154 to wildcard30
[DEBUG] Dynamically added transition from wildcard154 to wildcard154
[DEBUG] Dynamically added transition from wildcard154 to wildcard152
[DEBUG] Dynamically added transition from wildcard154 to wildcard153
[DEBUG] Dynamically added transition from wildcard154 to wildcard150
[DEBUG] Dynamically added transition from wildcard154 to wildcard151
[DEBUG] Dynamically added transition from wildcard154 to wildcard29
[DEBUG] Dynamically added transition from wildcard154 to wildcard28
[DEBUG] Dynamically added transition from wildcard154 to wildcard49
[DEBUG] Dynamically added transition from wildcard154 to wildcard48
[DEBUG] Dynamically added transition from wildcard154 to wildcard47
[DEBUG] Dynamically added transition from wildcard154 to wildcard46
[DEBUG] Dynamically added transition from wildcard154 to wildcard45
[DEBUG] Dynamically added transition from wildcard154 to wildcard44
[DEBUG] Dynamically added transition from wildcard154 to wildcard43
[DEBUG] Dynamically added transition from wildcard154 to wildcard42
[DEBUG] Dynamically added transition from wildcard154 to wildcard41
[DEBUG] Dynamically added transition from wildcard154 to wildcard40
[DEBUG] Dynamically added transition from wildcard154 to wildcard121
[DEBUG] Dynamically added transition from wildcard154 to wildcard122
[DEBUG] Dynamically added transition from wildcard154 to wildcard120
[DEBUG] Dynamically added transition from wildcard154 to wildcard129
[DEBUG] Dynamically added transition from wildcard154 to wildcard127
[DEBUG] Dynamically added transition from wildcard154 to wildcard128
[DEBUG] Dynamically added transition from wildcard154 to wildcard125
[DEBUG] Dynamically added transition from wildcard154 to wildcard126
[DEBUG] Dynamically added transition from wildcard154 to wildcard123
[DEBUG] Dynamically added transition from wildcard154 to wildcard39
[DEBUG] Dynamically added transition from wildcard154 to wildcard124
[DEBUG] Dynamically added transition from wildcard154 to wildcard59
[DEBUG] Dynamically added transition from wildcard154 to wildcard58
[DEBUG] Dynamically added transition from wildcard154 to middle
[DEBUG] Dynamically added transition from wildcard154 to wildcard57
[DEBUG] Dynamically added transition from wildcard154 to wildcard56
[DEBUG] Dynamically added transition from wildcard154 to wildcard55
[DEBUG] Dynamically added transition from wildcard154 to wildcard54
[DEBUG] Dynamically added transition from wildcard154 to wildcard53
[DEBUG] Dynamically added transition from wildcard154 to wildcard52
[DEBUG] Dynamically added transition from wildcard154 to wildcard51
[DEBUG] Dynamically added transition from wildcard154 to wildcard50
[DEBUG] Dynamically added transition from wildcard154 to wildcard132
[DEBUG] Dynamically added transition from wildcard154 to wildcard133
[DEBUG] Dynamically added transition from wildcard154 to wildcard130
[DEBUG] Dynamically added transition from wildcard154 to wildcard131
[DEBUG] Dynamically added transition from wildcard154 to wildcard138
[DEBUG] Dynamically added transition from wildcard154 to wildcard139
[DEBUG] Dynamically added transition from wildcard154 to wildcard136
[DEBUG] Dynamically added transition from wildcard154 to wildcard137
[DEBUG] Dynamically added transition from wildcard154 to wildcard134
[DEBUG] Dynamically added transition from wildcard154 to wildcard135
[DEBUG] Dynamically added transition from wildcard154 to wildcard69
[DEBUG] Dynamically added transition from wildcard154 to wildcard68
[DEBUG] Dynamically added transition from wildcard154 to wildcard67
[DEBUG] Dynamically added transition from wildcard154 to wildcard66
[DEBUG] Dynamically added transition from wildcard154 to wildcard65
[DEBUG] Dynamically added transition from wildcard154 to wildcard64
[DEBUG] Dynamically added transition from wildcard154 to wildcard63
[DEBUG] Dynamically added transition from wildcard154 to wildcard62
[DEBUG] Dynamically added transition from wildcard154 to wildcard61
[DEBUG] Dynamically added transition from wildcard154 to wildcard60
[DEBUG] Dynamically added transition from wildcard154 to wildcard100
[DEBUG] Dynamically added transition from wildcard154 to wildcard107
[DEBUG] Dynamically added transition from wildcard154 to wildcard108
[DEBUG] Dynamically added transition from wildcard154 to wildcard105
[DEBUG] Dynamically added transition from wildcard154 to wildcard106
[DEBUG] Dynamically added transition from wildcard154 to wildcard103
[DEBUG] Dynamically added transition from wildcard154 to wildcard104
[DEBUG] Dynamically added transition from wildcard154 to wildcard101
[DEBUG] Dynamically added transition from wildcard154 to wildcard102
[DEBUG] Dynamically added transition from wildcard154 to wildcard79
[DEBUG] Dynamically added transition from wildcard154 to wildcard78
[DEBUG] Dynamically added transition from wildcard154 to wildcard77
[DEBUG] Dynamically added transition from wildcard154 to wildcard76
[DEBUG] Dynamically added transition from wildcard154 to wildcard109
[DEBUG] Dynamically added transition from wildcard154 to wildcard75
[DEBUG] Dynamically added transition from wildcard154 to wildcard74
[DEBUG] Dynamically added transition from wildcard154 to wildcard73
[DEBUG] Dynamically added transition from wildcard154 to wildcard72
[DEBUG] Dynamically added transition from wildcard154 to wildcard71
[DEBUG] Dynamically added transition from wildcard154 to wildcard70
[DEBUG] Dynamically added transition from wildcard154 to wildcard110
[DEBUG] Dynamically added transition from wildcard154 to wildcard111
[DEBUG] Dynamically added transition from wildcard154 to wildcard118
[DEBUG] Dynamically added transition from wildcard154 to wildcard119
[DEBUG] Dynamically added transition from wildcard154 to wildcard116
[DEBUG] Dynamically added transition from wildcard154 to wildcard117
[DEBUG] Dynamically added transition from wildcard154 to .*
[DEBUG] Dynamically added transition from wildcard154 to wildcard114
[DEBUG] Dynamically added transition from wildcard154 to wildcard115
[DEBUG] Dynamically added transition from wildcard154 to wildcard112
[DEBUG] Dynamically added transition from wildcard154 to wildcard113
[DEBUG] Dynamically added transition from wildcard154 to wildcard89
[DEBUG] Dynamically added transition from wildcard154 to wildcard88
[DEBUG] Dynamically added transition from wildcard154 to wildcard87
[DEBUG] Dynamically added transition from wildcard154 to wildcard86
[DEBUG] Dynamically added transition from wildcard154 to INITIAL
[DEBUG] Dynamically added transition from wildcard154 to wildcard85
[DEBUG] Dynamically added transition from wildcard154 to wildcard84
[DEBUG] Dynamically added transition from wildcard154 to wildcard83
[DEBUG] Dynamically added transition from wildcard154 to wildcard82
[DEBUG] Dynamically added transition from wildcard154 to wildcard81
[DEBUG] Dynamically added transition from wildcard154 to wildcard80
[DEBUG] Dynamically added transition from wildcard154 to end
[DEBUG] Dynamically added transition from wildcard154 to wildcard16
[DEBUG] Dynamically added transition from wildcard154 to wildcard15
[DEBUG] Dynamically added transition from wildcard154 to wildcard14
[DEBUG] Dynamically added transition from wildcard154 to wildcard13
[DEBUG] Dynamically added transition from wildcard154 to wildcard12
[DEBUG] Dynamically added transition from wildcard154 to wildcard11
[DEBUG] Dynamically added transition from wildcard154 to wildcard99
[DEBUG] Dynamically added transition from wildcard154 to wildcard10
[DEBUG] Dynamically added transition from wildcard154 to wildcard98
[DEBUG] Dynamically added transition from wildcard154 to wildcard97
[DEBUG] Dynamically added transition from wildcard154 to start
[DEBUG] Dynamically added transition from wildcard154 to wildcard96
[DEBUG] Dynamically added transition from wildcard154 to wildcard95
[DEBUG] Dynamically added transition from wildcard154 to wildcard94
[DEBUG] Dynamically added transition from wildcard154 to wildcard93
[DEBUG] Dynamically added transition from wildcard154 to wildcard92
[DEBUG] Dynamically added transition from wildcard154 to wildcard91
[DEBUG] Dynamically added transition from wildcard154 to wildcard90
[INFO] Wildcard transition valid to state: wildcard154
[INFO] Wildcard transition detected from wildcard154 to wildcard155
[DEBUG] Created intermediate state for wildcard transition: wildcard155
[DEBUG] Dynamically added transition from wildcard154 to wildcard155
[DEBUG] Dynamically added transition from wildcard27 to wildcard155
[DEBUG] Dynamically added transition from wildcard26 to wildcard155
[DEBUG] Dynamically added transition from wildcard25 to wildcard155
[DEBUG] Dynamically added transition from wildcard24 to wildcard155
[DEBUG] Dynamically added transition from wildcard23 to wildcard155
[DEBUG] Dynamically added transition from wildcard22 to wildcard155
[DEBUG] Dynamically added transition from wildcard1 to wildcard155
[DEBUG] Dynamically added transition from wildcard21 to wildcard155
[DEBUG] Dynamically added transition from wildcard0 to wildcard155
[DEBUG] Dynamically added transition from wildcard20 to wildcard155
[DEBUG] Dynamically added transition from wildcard3 to wildcard155
[DEBUG] Dynamically added transition from wildcard2 to wildcard155
[DEBUG] Dynamically added transition from wildcard5 to wildcard155
[DEBUG] Dynamically added transition from wildcard4 to wildcard155
[DEBUG] Dynamically added transition from wildcard7 to wildcard155
[DEBUG] Dynamically added transition from wildcard6 to wildcard155
[DEBUG] Dynamically added transition from wildcard9 to wildcard155
[DEBUG] Dynamically added transition from wildcard8 to wildcard155
[DEBUG] Dynamically added transition from wildcard143 to wildcard155
[DEBUG] Dynamically added transition from wildcard144 to wildcard155
[DEBUG] Dynamically added transition from wildcard141 to wildcard155
[DEBUG] Dynamically added transition from wildcard142 to wildcard155
[DEBUG] Dynamically added transition from wildcard140 to wildcard155
[DEBUG] Dynamically added transition from wildcard149 to wildcard155
[DEBUG] Dynamically added transition from wildcard147 to wildcard155
[DEBUG] Dynamically added transition from wildcard19 to wildcard155
[DEBUG] Dynamically added transition from wildcard148 to wildcard155
[DEBUG] Dynamically added transition from wildcard18 to wildcard155
[DEBUG] Dynamically added transition from wildcard145 to wildcard155
[DEBUG] Dynamically added transition from wildcard17 to wildcard155
[DEBUG] Dynamically added transition from wildcard146 to wildcard155
[DEBUG] Dynamically added transition from wildcard38 to wildcard155
[DEBUG] Dynamically added transition from wildcard37 to wildcard155
[DEBUG] Dynamically added transition from wildcard36 to wildcard155
[DEBUG] Dynamically added transition from wildcard35 to wildcard155
[DEBUG] Dynamically added transition from wildcard34 to wildcard155
[DEBUG] Dynamically added transition from wildcard33 to wildcard155
[DEBUG] Dynamically added transition from wildcard32 to wildcard155
[DEBUG] Dynamically added transition from wildcard31 to wildcard155
[DEBUG] Dynamically added transition from wildcard30 to wildcard155
[DEBUG] Dynamically added transition from wildcard152 to wildcard155
[DEBUG] Dynamically added transition from wildcard153 to wildcard155
[DEBUG] Dynamically added transition from wildcard150 to wildcard155
[DEBUG] Dynamically added transition from wildcard151 to wildcard155
[DEBUG] Dynamically added transition from wildcard29 to wildcard155
[DEBUG] Dynamically added transition from wildcard28 to wildcard155
[DEBUG] Dynamically added transition from wildcard49 to wildcard155
[DEBUG] Dynamically added transition from wildcard48 to wildcard155
[DEBUG] Dynamically added transition from wildcard47 to wildcard155
[DEBUG] Dynamically added transition from wildcard46 to wildcard155
[DEBUG] Dynamically added transition from wildcard45 to wildcard155
[DEBUG] Dynamically added transition from wildcard44 to wildcard155
[DEBUG] Dynamically added transition from wildcard43 to wildcard155
[DEBUG] Dynamically added transition from wildcard42 to wildcard155
[DEBUG] Dynamically added transition from wildcard41 to wildcard155
[DEBUG] Dynamically added transition from wildcard40 to wildcard155
[DEBUG] Dynamically added transition from wildcard121 to wildcard155
[DEBUG] Dynamically added transition from wildcard122 to wildcard155
[DEBUG] Dynamically added transition from wildcard120 to wildcard155
[DEBUG] Dynamically added transition from wildcard129 to wildcard155
[DEBUG] Dynamically added transition from wildcard127 to wildcard155
[DEBUG] Dynamically added transition from wildcard128 to wildcard155
[DEBUG] Dynamically added transition from wildcard125 to wildcard155
[DEBUG] Dynamically added transition from wildcard126 to wildcard155
[DEBUG] Dynamically added transition from wildcard123 to wildcard155
[DEBUG] Dynamically added transition from wildcard39 to wildcard155
[DEBUG] Dynamically added transition from wildcard124 to wildcard155
[DEBUG] Dynamically added transition from wildcard59 to wildcard155
[DEBUG] Dynamically added transition from wildcard58 to wildcard155
[DEBUG] Dynamically added transition from middle to wildcard155
[DEBUG] Dynamically added transition from wildcard57 to wildcard155
[DEBUG] Dynamically added transition from wildcard56 to wildcard155
[DEBUG] Dynamically added transition from wildcard55 to wildcard155
[DEBUG] Dynamically added transition from wildcard54 to wildcard155
[DEBUG] Dynamically added transition from wildcard53 to wildcard155
[DEBUG] Dynamically added transition from wildcard52 to wildcard155
[DEBUG] Dynamically added transition from wildcard51 to wildcard155
[DEBUG] Dynamically added transition from wildcard50 to wildcard155
[DEBUG] Dynamically added transition from wildcard132 to wildcard155
[DEBUG] Dynamically added transition from wildcard133 to wildcard155
[DEBUG] Dynamically added transition from wildcard130 to wildcard155
[DEBUG] Dynamically added transition from wildcard131 to wildcard155
[DEBUG] Dynamically added transition from wildcard138 to wildcard155
[DEBUG] Dynamically added transition from wildcard139 to wildcard155
[DEBUG] Dynamically added transition from wildcard136 to wildcard155
[DEBUG] Dynamically added transition from wildcard137 to wildcard155
[DEBUG] Dynamically added transition from wildcard134 to wildcard155
[DEBUG] Dynamically added transition from wildcard135 to wildcard155
[DEBUG] Dynamically added transition from wildcard69 to wildcard155
[DEBUG] Dynamically added transition from wildcard68 to wildcard155
[DEBUG] Dynamically added transition from wildcard67 to wildcard155
[DEBUG] Dynamically added transition from wildcard66 to wildcard155
[DEBUG] Dynamically added transition from wildcard65 to wildcard155
[DEBUG] Dynamically added transition from wildcard64 to wildcard155
[DEBUG] Dynamically added transition from wildcard63 to wildcard155
[DEBUG] Dynamically added transition from wildcard62 to wildcard155
[DEBUG] Dynamically added transition from wildcard61 to wildcard155
[DEBUG] Dynamically added transition from wildcard60 to wildcard155
[DEBUG] Dynamically added transition from wildcard100 to wildcard155
[DEBUG] Dynamically added transition from wildcard107 to wildcard155
[DEBUG] Dynamically added transition from wildcard108 to wildcard155
[DEBUG] Dynamically added transition from wildcard105 to wildcard155
[DEBUG] Dynamically added transition from wildcard106 to wildcard155
[DEBUG] Dynamically added transition from wildcard103 to wildcard155
[DEBUG] Dynamically added transition from wildcard104 to wildcard155
[DEBUG] Dynamically added transition from wildcard101 to wildcard155
[DEBUG] Dynamically added transition from wildcard102 to wildcard155
[DEBUG] Dynamically added transition from wildcard79 to wildcard155
[DEBUG] Dynamically added transition from wildcard78 to wildcard155
[DEBUG] Dynamically added transition from wildcard77 to wildcard155
[DEBUG] Dynamically added transition from wildcard76 to wildcard155
[DEBUG] Dynamically added transition from wildcard109 to wildcard155
[DEBUG] Dynamically added transition from wildcard75 to wildcard155
[DEBUG] Dynamically added transition from wildcard74 to wildcard155
[DEBUG] Dynamically added transition from wildcard73 to wildcard155
[DEBUG] Dynamically added transition from wildcard72 to wildcard155
[DEBUG] Dynamically added transition from wildcard71 to wildcard155
[DEBUG] Dynamically added transition from wildcard70 to wildcard155
[DEBUG] Dynamically added transition from wildcard110 to wildcard155
[DEBUG] Dynamically added transition from wildcard111 to wildcard155
[DEBUG] Dynamically added transition from wildcard118 to wildcard155
[DEBUG] Dynamically added transition from wildcard119 to wildcard155
[DEBUG] Dynamically added transition from wildcard116 to wildcard155
[DEBUG] Dynamically added transition from wildcard117 to wildcard155
[DEBUG] Dynamically added transition from wildcard114 to wildcard155
[DEBUG] Dynamically added transition from wildcard115 to wildcard155
[DEBUG] Dynamically added transition from wildcard112 to wildcard155
[DEBUG] Dynamically added transition from wildcard113 to wildcard155
[DEBUG] Dynamically added transition from wildcard89 to wildcard155
[DEBUG] Dynamically added transition from wildcard88 to wildcard155
[DEBUG] Dynamically added transition from wildcard87 to wildcard155
[DEBUG] Dynamically added transition from wildcard86 to wildcard155
[DEBUG] Dynamically added transition from wildcard85 to wildcard155
[DEBUG] Dynamically added transition from wildcard84 to wildcard155
[DEBUG] Dynamically added transition from wildcard83 to wildcard155
[DEBUG] Dynamically added transition from wildcard82 to wildcard155
[DEBUG] Dynamically added transition from wildcard81 to wildcard155
[DEBUG] Dynamically added transition from wildcard80 to wildcard155
[DEBUG] Dynamically added transition from wildcard16 to wildcard155
[DEBUG] Dynamically added transition from wildcard15 to wildcard155
[DEBUG] Dynamically added transition from wildcard14 to wildcard155
[DEBUG] Dynamically added transition from wildcard13 to wildcard155
[DEBUG] Dynamically added transition from wildcard12 to wildcard155
[DEBUG] Dynamically added transition from wildcard11 to wildcard155
[DEBUG] Dynamically added transition from wildcard99 to wildcard155
[DEBUG] Dynamically added transition from wildcard10 to wildcard155
[DEBUG] Dynamically added transition from wildcard98 to wildcard155
[DEBUG] Dynamically added transition from wildcard97 to wildcard155
[DEBUG] Dynamically added transition from start to wildcard155
[DEBUG] Dynamically added transition from wildcard96 to wildcard155
[DEBUG] Dynamically added transition from wildcard95 to wildcard155
[DEBUG] Dynamically added transition from wildcard94 to wildcard155
[DEBUG] Dynamically added transition from wildcard93 to wildcard155
[DEBUG] Dynamically added transition from wildcard92 to wildcard155
[DEBUG] Dynamically added transition from wildcard91 to wildcard155
[DEBUG] Dynamically added transition from wildcard90 to wildcard155
[DEBUG] Dynamically added transition from wildcard155 to wildcard27
[DEBUG] Dynamically added transition from wildcard155 to wildcard26
[DEBUG] Dynamically added transition from wildcard155 to wildcard25
[DEBUG] Dynamically added transition from wildcard155 to wildcard24
[DEBUG] Dynamically added transition from wildcard155 to wildcard23
[DEBUG] Dynamically added transition from wildcard155 to wildcard22
[DEBUG] Dynamically added transition from wildcard155 to wildcard1
[DEBUG] Dynamically added transition from wildcard155 to wildcard21
[DEBUG] Dynamically added transition from wildcard155 to wildcard0
[DEBUG] Dynamically added transition from wildcard155 to wildcard20
[DEBUG] Dynamically added transition from wildcard155 to wildcard3
[DEBUG] Dynamically added transition from wildcard155 to wildcard2
[DEBUG] Dynamically added transition from wildcard155 to wildcard5
[DEBUG] Dynamically added transition from wildcard155 to wildcard4
[DEBUG] Dynamically added transition from wildcard155 to wildcard7
[DEBUG] Dynamically added transition from wildcard155 to wildcard6
[DEBUG] Dynamically added transition from wildcard155 to wildcard9
[DEBUG] Dynamically added transition from wildcard155 to wildcard8
[DEBUG] Dynamically added transition from wildcard155 to wildcard143
[DEBUG] Dynamically added transition from wildcard155 to wildcard144
[DEBUG] Dynamically added transition from wildcard155 to wildcard141
[DEBUG] Dynamically added transition from wildcard155 to wildcard142
[DEBUG] Dynamically added transition from wildcard155 to wildcard140
[DEBUG] Dynamically added transition from wildcard155 to wildcard149
[DEBUG] Dynamically added transition from wildcard155 to wildcard147
[DEBUG] Dynamically added transition from wildcard155 to wildcard19
[DEBUG] Dynamically added transition from wildcard155 to wildcard148
[DEBUG] Dynamically added transition from wildcard155 to wildcard18
[DEBUG] Dynamically added transition from wildcard155 to wildcard145
[DEBUG] Dynamically added transition from wildcard155 to wildcard17
[DEBUG] Dynamically added transition from wildcard155 to wildcard146
[DEBUG] Dynamically added transition from wildcard155 to wildcard38
[DEBUG] Dynamically added transition from wildcard155 to wildcard37
[DEBUG] Dynamically added transition from wildcard155 to wildcard36
[DEBUG] Dynamically added transition from wildcard155 to wildcard35
[DEBUG] Dynamically added transition from wildcard155 to wildcard34
[DEBUG] Dynamically added transition from wildcard155 to wildcard33
[DEBUG] Dynamically added transition from wildcard155 to wildcard32
[DEBUG] Dynamically added transition from wildcard155 to wildcard31
[DEBUG] Dynamically added transition from wildcard155 to wildcard30
[DEBUG] Dynamically added transition from wildcard155 to wildcard154
[DEBUG] Dynamically added transition from wildcard155 to wildcard155
[DEBUG] Dynamically added transition from wildcard155 to wildcard152
[DEBUG] Dynamically added transition from wildcard155 to wildcard153
[DEBUG] Dynamically added transition from wildcard155 to wildcard150
[DEBUG] Dynamically added transition from wildcard155 to wildcard151
[DEBUG] Dynamically added transition from wildcard155 to wildcard29
[DEBUG] Dynamically added transition from wildcard155 to wildcard28
[DEBUG] Dynamically added transition from wildcard155 to wildcard49
[DEBUG] Dynamically added transition from wildcard155 to wildcard48
[DEBUG] Dynamically added transition from wildcard155 to wildcard47
[DEBUG] Dynamically added transition from wildcard155 to wildcard46
[DEBUG] Dynamically added transition from wildcard155 to wildcard45
[DEBUG] Dynamically added transition from wildcard155 to wildcard44
[DEBUG] Dynamically added transition from wildcard155 to wildcard43
[DEBUG] Dynamically added transition from wildcard155 to wildcard42
[DEBUG] Dynamically added transition from wildcard155 to wildcard41
[DEBUG] Dynamically added transition from wildcard155 to wildcard40
[DEBUG] Dynamically added transition from wildcard155 to wildcard121
[DEBUG] Dynamically added transition from wildcard155 to wildcard122
[DEBUG] Dynamically added transition from wildcard155 to wildcard120
[DEBUG] Dynamically added transition from wildcard155 to wildcard129
[DEBUG] Dynamically added transition from wildcard155 to wildcard127
[DEBUG] Dynamically added transition from wildcard155 to wildcard128
[DEBUG] Dynamically added transition from wildcard155 to wildcard125
[DEBUG] Dynamically added transition from wildcard155 to wildcard126
[DEBUG] Dynamically added transition from wildcard155 to wildcard123
[DEBUG] Dynamically added transition from wildcard155 to wildcard39
[DEBUG] Dynamically added transition from wildcard155 to wildcard124
[DEBUG] Dynamically added transition from wildcard155 to wildcard59
[DEBUG] Dynamically added transition from wildcard155 to wildcard58
[DEBUG] Dynamically added transition from wildcard155 to middle
[DEBUG] Dynamically added transition from wildcard155 to wildcard57
[DEBUG] Dynamically added transition from wildcard155 to wildcard56
[DEBUG] Dynamically added transition from wildcard155 to wildcard55
[DEBUG] Dynamically added transition from wildcard155 to wildcard54
[DEBUG] Dynamically added transition from wildcard155 to wildcard53
[DEBUG] Dynamically added transition from wildcard155 to wildcard52
[DEBUG] Dynamically added transition from wildcard155 to wildcard51
[DEBUG] Dynamically added transition from wildcard155 to wildcard50
[DEBUG] Dynamically added transition from wildcard155 to wildcard132
[DEBUG] Dynamically added transition from wildcard155 to wildcard133
[DEBUG] Dynamically added transition from wildcard155 to wildcard130
[DEBUG] Dynamically added transition from wildcard155 to wildcard131
[DEBUG] Dynamically added transition from wildcard155 to wildcard138
[DEBUG] Dynamically added transition from wildcard155 to wildcard139
[DEBUG] Dynamically added transition from wildcard155 to wildcard136
[DEBUG] Dynamically added transition from wildcard155 to wildcard137
[DEBUG] Dynamically added transition from wildcard155 to wildcard134
[DEBUG] Dynamically added transition from wildcard155 to wildcard135
[DEBUG] Dynamically added transition from wildcard155 to wildcard69
[DEBUG] Dynamically added transition from wildcard155 to wildcard68
[DEBUG] Dynamically added transition from wildcard155 to wildcard67
[DEBUG] Dynamically added transition from wildcard155 to wildcard66
[DEBUG] Dynamically added transition from wildcard155 to wildcard65
[DEBUG] Dynamically added transition from wildcard155 to wildcard64
[DEBUG] Dynamically added transition from wildcard155 to wildcard63
[DEBUG] Dynamically added transition from wildcard155 to wildcard62
[DEBUG] Dynamically added transition from wildcard155 to wildcard61
[DEBUG] Dynamically added transition from wildcard155 to wildcard60
[DEBUG] Dynamically added transition from wildcard155 to wildcard100
[DEBUG] Dynamically added transition from wildcard155 to wildcard107
[DEBUG] Dynamically added transition from wildcard155 to wildcard108
[DEBUG] Dynamically added transition from wildcard155 to wildcard105
[DEBUG] Dynamically added transition from wildcard155 to wildcard106
[DEBUG] Dynamically added transition from wildcard155 to wildcard103
[DEBUG] Dynamically added transition from wildcard155 to wildcard104
[DEBUG] Dynamically added transition from wildcard155 to wildcard101
[DEBUG] Dynamically added transition from wildcard155 to wildcard102
[DEBUG] Dynamically added transition from wildcard155 to wildcard79
[DEBUG] Dynamically added transition from wildcard155 to wildcard78
[DEBUG] Dynamically added transition from wildcard155 to wildcard77
[DEBUG] Dynamically added transition from wildcard155 to wildcard76
[DEBUG] Dynamically added transition from wildcard155 to wildcard109
[DEBUG] Dynamically added transition from wildcard155 to wildcard75
[DEBUG] Dynamically added transition from wildcard155 to wildcard74
[DEBUG] Dynamically added transition from wildcard155 to wildcard73
[DEBUG] Dynamically added transition from wildcard155 to wildcard72
[DEBUG] Dynamically added transition from wildcard155 to wildcard71
[DEBUG] Dynamically added transition from wildcard155 to wildcard70
[DEBUG] Dynamically added transition from wildcard155 to wildcard110
[DEBUG] Dynamically added transition from wildcard155 to wildcard111
[DEBUG] Dynamically added transition from wildcard155 to wildcard118
[DEBUG] Dynamically added transition from wildcard155 to wildcard119
[DEBUG] Dynamically added transition from wildcard155 to wildcard116
[DEBUG] Dynamically added transition from wildcard155 to wildcard117
[DEBUG] Dynamically added transition from wildcard155 to .*
[DEBUG] Dynamically added transition from wildcard155 to wildcard114
[DEBUG] Dynamically added transition from wildcard155 to wildcard115
[DEBUG] Dynamically added transition from wildcard155 to wildcard112
[DEBUG] Dynamically added transition from wildcard155 to wildcard113
[DEBUG] Dynamically added transition from wildcard155 to wildcard89
[DEBUG] Dynamically added transition from wildcard155 to wildcard88
[DEBUG] Dynamically added transition from wildcard155 to wildcard87
[DEBUG] Dynamically added transition from wildcard155 to wildcard86
[DEBUG] Dynamically added transition from wildcard155 to INITIAL
[DEBUG] Dynamically added transition from wildcard155 to wildcard85
[DEBUG] Dynamically added transition from wildcard155 to wildcard84
[DEBUG] Dynamically added transition from wildcard155 to wildcard83
[DEBUG] Dynamically added transition from wildcard155 to wildcard82
[DEBUG] Dynamically added transition from wildcard155 to wildcard81
[DEBUG] Dynamically added transition from wildcard155 to wildcard80
[DEBUG] Dynamically added transition from wildcard155 to end
[DEBUG] Dynamically added transition from wildcard155 to wildcard16
[DEBUG] Dynamically added transition from wildcard155 to wildcard15
[DEBUG] Dynamically added transition from wildcard155 to wildcard14
[DEBUG] Dynamically added transition from wildcard155 to wildcard13
[DEBUG] Dynamically added transition from wildcard155 to wildcard12
[DEBUG] Dynamically added transition from wildcard155 to wildcard11
[DEBUG] Dynamically added transition from wildcard155 to wildcard99
[DEBUG] Dynamically added transition from wildcard155 to wildcard10
[DEBUG] Dynamically added transition from wildcard155 to wildcard98
[DEBUG] Dynamically added transition from wildcard155 to wildcard97
[DEBUG] Dynamically added transition from wildcard155 to start
[DEBUG] Dynamically added transition from wildcard155 to wildcard96
[DEBUG] Dynamically added transition from wildcard155 to wildcard95
[DEBUG] Dynamically added transition from wildcard155 to wildcard94
[DEBUG] Dynamically added transition from wildcard155 to wildcard93
[DEBUG] Dynamically added transition from wildcard155 to wildcard92
[DEBUG] Dynamically added transition from wildcard155 to wildcard91
[DEBUG] Dynamically added transition from wildcard155 to wildcard90
[INFO] Wildcard transition valid to state: wildcard155
[INFO] Wildcard transition detected from wildcard155 to wildcard156
[DEBUG] Created intermediate state for wildcard transition: wildcard156
[DEBUG] Dynamically added transition from wildcard155 to wildcard156
[DEBUG] Dynamically added transition from wildcard27 to wildcard156
[DEBUG] Dynamically added transition from wildcard26 to wildcard156
[DEBUG] Dynamically added transition from wildcard25 to wildcard156
[DEBUG] Dynamically added transition from wildcard24 to wildcard156
[DEBUG] Dynamically added transition from wildcard23 to wildcard156
[DEBUG] Dynamically added transition from wildcard22 to wildcard156
[DEBUG] Dynamically added transition from wildcard1 to wildcard156
[DEBUG] Dynamically added transition from wildcard21 to wildcard156
[DEBUG] Dynamically added transition from wildcard0 to wildcard156
[DEBUG] Dynamically added transition from wildcard20 to wildcard156
[DEBUG] Dynamically added transition from wildcard3 to wildcard156
[DEBUG] Dynamically added transition from wildcard2 to wildcard156
[DEBUG] Dynamically added transition from wildcard5 to wildcard156
[DEBUG] Dynamically added transition from wildcard4 to wildcard156
[DEBUG] Dynamically added transition from wildcard7 to wildcard156
[DEBUG] Dynamically added transition from wildcard6 to wildcard156
[DEBUG] Dynamically added transition from wildcard9 to wildcard156
[DEBUG] Dynamically added transition from wildcard8 to wildcard156
[DEBUG] Dynamically added transition from wildcard143 to wildcard156
[DEBUG] Dynamically added transition from wildcard144 to wildcard156
[DEBUG] Dynamically added transition from wildcard141 to wildcard156
[DEBUG] Dynamically added transition from wildcard142 to wildcard156
[DEBUG] Dynamically added transition from wildcard140 to wildcard156
[DEBUG] Dynamically added transition from wildcard149 to wildcard156
[DEBUG] Dynamically added transition from wildcard147 to wildcard156
[DEBUG] Dynamically added transition from wildcard19 to wildcard156
[DEBUG] Dynamically added transition from wildcard148 to wildcard156
[DEBUG] Dynamically added transition from wildcard18 to wildcard156
[DEBUG] Dynamically added transition from wildcard145 to wildcard156
[DEBUG] Dynamically added transition from wildcard17 to wildcard156
[DEBUG] Dynamically added transition from wildcard146 to wildcard156
[DEBUG] Dynamically added transition from wildcard38 to wildcard156
[DEBUG] Dynamically added transition from wildcard37 to wildcard156
[DEBUG] Dynamically added transition from wildcard36 to wildcard156
[DEBUG] Dynamically added transition from wildcard35 to wildcard156
[DEBUG] Dynamically added transition from wildcard34 to wildcard156
[DEBUG] Dynamically added transition from wildcard33 to wildcard156
[DEBUG] Dynamically added transition from wildcard32 to wildcard156
[DEBUG] Dynamically added transition from wildcard31 to wildcard156
[DEBUG] Dynamically added transition from wildcard30 to wildcard156
[DEBUG] Dynamically added transition from wildcard154 to wildcard156
[DEBUG] Dynamically added transition from wildcard152 to wildcard156
[DEBUG] Dynamically added transition from wildcard153 to wildcard156
[DEBUG] Dynamically added transition from wildcard150 to wildcard156
[DEBUG] Dynamically added transition from wildcard151 to wildcard156
[DEBUG] Dynamically added transition from wildcard29 to wildcard156
[DEBUG] Dynamically added transition from wildcard28 to wildcard156
[DEBUG] Dynamically added transition from wildcard49 to wildcard156
[DEBUG] Dynamically added transition from wildcard48 to wildcard156
[DEBUG] Dynamically added transition from wildcard47 to wildcard156
[DEBUG] Dynamically added transition from wildcard46 to wildcard156
[DEBUG] Dynamically added transition from wildcard45 to wildcard156
[DEBUG] Dynamically added transition from wildcard44 to wildcard156
[DEBUG] Dynamically added transition from wildcard43 to wildcard156
[DEBUG] Dynamically added transition from wildcard42 to wildcard156
[DEBUG] Dynamically added transition from wildcard41 to wildcard156
[DEBUG] Dynamically added transition from wildcard40 to wildcard156
[DEBUG] Dynamically added transition from wildcard121 to wildcard156
[DEBUG] Dynamically added transition from wildcard122 to wildcard156
[DEBUG] Dynamically added transition from wildcard120 to wildcard156
[DEBUG] Dynamically added transition from wildcard129 to wildcard156
[DEBUG] Dynamically added transition from wildcard127 to wildcard156
[DEBUG] Dynamically added transition from wildcard128 to wildcard156
[DEBUG] Dynamically added transition from wildcard125 to wildcard156
[DEBUG] Dynamically added transition from wildcard126 to wildcard156
[DEBUG] Dynamically added transition from wildcard123 to wildcard156
[DEBUG] Dynamically added transition from wildcard39 to wildcard156
[DEBUG] Dynamically added transition from wildcard124 to wildcard156
[DEBUG] Dynamically added transition from wildcard59 to wildcard156
[DEBUG] Dynamically added transition from wildcard58 to wildcard156
[DEBUG] Dynamically added transition from middle to wildcard156
[DEBUG] Dynamically added transition from wildcard57 to wildcard156
[DEBUG] Dynamically added transition from wildcard56 to wildcard156
[DEBUG] Dynamically added transition from wildcard55 to wildcard156
[DEBUG] Dynamically added transition from wildcard54 to wildcard156
[DEBUG] Dynamically added transition from wildcard53 to wildcard156
[DEBUG] Dynamically added transition from wildcard52 to wildcard156
[DEBUG] Dynamically added transition from wildcard51 to wildcard156
[DEBUG] Dynamically added transition from wildcard50 to wildcard156
[DEBUG] Dynamically added transition from wildcard132 to wildcard156
[DEBUG] Dynamically added transition from wildcard133 to wildcard156
[DEBUG] Dynamically added transition from wildcard130 to wildcard156
[DEBUG] Dynamically added transition from wildcard131 to wildcard156
[DEBUG] Dynamically added transition from wildcard138 to wildcard156
[DEBUG] Dynamically added transition from wildcard139 to wildcard156
[DEBUG] Dynamically added transition from wildcard136 to wildcard156
[DEBUG] Dynamically added transition from wildcard137 to wildcard156
[DEBUG] Dynamically added transition from wildcard134 to wildcard156
[DEBUG] Dynamically added transition from wildcard135 to wildcard156
[DEBUG] Dynamically added transition from wildcard69 to wildcard156
[DEBUG] Dynamically added transition from wildcard68 to wildcard156
[DEBUG] Dynamically added transition from wildcard67 to wildcard156
[DEBUG] Dynamically added transition from wildcard66 to wildcard156
[DEBUG] Dynamically added transition from wildcard65 to wildcard156
[DEBUG] Dynamically added transition from wildcard64 to wildcard156
[DEBUG] Dynamically added transition from wildcard63 to wildcard156
[DEBUG] Dynamically added transition from wildcard62 to wildcard156
[DEBUG] Dynamically added transition from wildcard61 to wildcard156
[DEBUG] Dynamically added transition from wildcard60 to wildcard156
[DEBUG] Dynamically added transition from wildcard100 to wildcard156
[DEBUG] Dynamically added transition from wildcard107 to wildcard156
[DEBUG] Dynamically added transition from wildcard108 to wildcard156
[DEBUG] Dynamically added transition from wildcard105 to wildcard156
[DEBUG] Dynamically added transition from wildcard106 to wildcard156
[DEBUG] Dynamically added transition from wildcard103 to wildcard156
[DEBUG] Dynamically added transition from wildcard104 to wildcard156
[DEBUG] Dynamically added transition from wildcard101 to wildcard156
[DEBUG] Dynamically added transition from wildcard102 to wildcard156
[DEBUG] Dynamically added transition from wildcard79 to wildcard156
[DEBUG] Dynamically added transition from wildcard78 to wildcard156
[DEBUG] Dynamically added transition from wildcard77 to wildcard156
[DEBUG] Dynamically added transition from wildcard76 to wildcard156
[DEBUG] Dynamically added transition from wildcard109 to wildcard156
[DEBUG] Dynamically added transition from wildcard75 to wildcard156
[DEBUG] Dynamically added transition from wildcard74 to wildcard156
[DEBUG] Dynamically added transition from wildcard73 to wildcard156
[DEBUG] Dynamically added transition from wildcard72 to wildcard156
[DEBUG] Dynamically added transition from wildcard71 to wildcard156
[DEBUG] Dynamically added transition from wildcard70 to wildcard156
[DEBUG] Dynamically added transition from wildcard110 to wildcard156
[DEBUG] Dynamically added transition from wildcard111 to wildcard156
[DEBUG] Dynamically added transition from wildcard118 to wildcard156
[DEBUG] Dynamically added transition from wildcard119 to wildcard156
[DEBUG] Dynamically added transition from wildcard116 to wildcard156
[DEBUG] Dynamically added transition from wildcard117 to wildcard156
[DEBUG] Dynamically added transition from wildcard114 to wildcard156
[DEBUG] Dynamically added transition from wildcard115 to wildcard156
[DEBUG] Dynamically added transition from wildcard112 to wildcard156
[DEBUG] Dynamically added transition from wildcard113 to wildcard156
[DEBUG] Dynamically added transition from wildcard89 to wildcard156
[DEBUG] Dynamically added transition from wildcard88 to wildcard156
[DEBUG] Dynamically added transition from wildcard87 to wildcard156
[DEBUG] Dynamically added transition from wildcard86 to wildcard156
[DEBUG] Dynamically added transition from wildcard85 to wildcard156
[DEBUG] Dynamically added transition from wildcard84 to wildcard156
[DEBUG] Dynamically added transition from wildcard83 to wildcard156
[DEBUG] Dynamically added transition from wildcard82 to wildcard156
[DEBUG] Dynamically added transition from wildcard81 to wildcard156
[DEBUG] Dynamically added transition from wildcard80 to wildcard156
[DEBUG] Dynamically added transition from wildcard16 to wildcard156
[DEBUG] Dynamically added transition from wildcard15 to wildcard156
[DEBUG] Dynamically added transition from wildcard14 to wildcard156
[DEBUG] Dynamically added transition from wildcard13 to wildcard156
[DEBUG] Dynamically added transition from wildcard12 to wildcard156
[DEBUG] Dynamically added transition from wildcard11 to wildcard156
[DEBUG] Dynamically added transition from wildcard99 to wildcard156
[DEBUG] Dynamically added transition from wildcard10 to wildcard156
[DEBUG] Dynamically added transition from wildcard98 to wildcard156
[DEBUG] Dynamically added transition from wildcard97 to wildcard156
[DEBUG] Dynamically added transition from start to wildcard156
[DEBUG] Dynamically added transition from wildcard96 to wildcard156
[DEBUG] Dynamically added transition from wildcard95 to wildcard156
[DEBUG] Dynamically added transition from wildcard94 to wildcard156
[DEBUG] Dynamically added transition from wildcard93 to wildcard156
[DEBUG] Dynamically added transition from wildcard92 to wildcard156
[DEBUG] Dynamically added transition from wildcard91 to wildcard156
[DEBUG] Dynamically added transition from wildcard90 to wildcard156
[DEBUG] Dynamically added transition from wildcard156 to wildcard27
[DEBUG] Dynamically added transition from wildcard156 to wildcard26
[DEBUG] Dynamically added transition from wildcard156 to wildcard25
[DEBUG] Dynamically added transition from wildcard156 to wildcard24
[DEBUG] Dynamically added transition from wildcard156 to wildcard23
[DEBUG] Dynamically added transition from wildcard156 to wildcard22
[DEBUG] Dynamically added transition from wildcard156 to wildcard1
[DEBUG] Dynamically added transition from wildcard156 to wildcard21
[DEBUG] Dynamically added transition from wildcard156 to wildcard0
[DEBUG] Dynamically added transition from wildcard156 to wildcard20
[DEBUG] Dynamically added transition from wildcard156 to wildcard3
[DEBUG] Dynamically added transition from wildcard156 to wildcard2
[DEBUG] Dynamically added transition from wildcard156 to wildcard5
[DEBUG] Dynamically added transition from wildcard156 to wildcard4
[DEBUG] Dynamically added transition from wildcard156 to wildcard7
[DEBUG] Dynamically added transition from wildcard156 to wildcard6
[DEBUG] Dynamically added transition from wildcard156 to wildcard9
[DEBUG] Dynamically added transition from wildcard156 to wildcard8
[DEBUG] Dynamically added transition from wildcard156 to wildcard143
[DEBUG] Dynamically added transition from wildcard156 to wildcard144
[DEBUG] Dynamically added transition from wildcard156 to wildcard141
[DEBUG] Dynamically added transition from wildcard156 to wildcard142
[DEBUG] Dynamically added transition from wildcard156 to wildcard140
[DEBUG] Dynamically added transition from wildcard156 to wildcard149
[DEBUG] Dynamically added transition from wildcard156 to wildcard147
[DEBUG] Dynamically added transition from wildcard156 to wildcard19
[DEBUG] Dynamically added transition from wildcard156 to wildcard148
[DEBUG] Dynamically added transition from wildcard156 to wildcard18
[DEBUG] Dynamically added transition from wildcard156 to wildcard145
[DEBUG] Dynamically added transition from wildcard156 to wildcard17
[DEBUG] Dynamically added transition from wildcard156 to wildcard146
[DEBUG] Dynamically added transition from wildcard156 to wildcard38
[DEBUG] Dynamically added transition from wildcard156 to wildcard37
[DEBUG] Dynamically added transition from wildcard156 to wildcard36
[DEBUG] Dynamically added transition from wildcard156 to wildcard35
[DEBUG] Dynamically added transition from wildcard156 to wildcard34
[DEBUG] Dynamically added transition from wildcard156 to wildcard33
[DEBUG] Dynamically added transition from wildcard156 to wildcard32
[DEBUG] Dynamically added transition from wildcard156 to wildcard31
[DEBUG] Dynamically added transition from wildcard156 to wildcard30
[DEBUG] Dynamically added transition from wildcard156 to wildcard154
[DEBUG] Dynamically added transition from wildcard156 to wildcard155
[DEBUG] Dynamically added transition from wildcard156 to wildcard152
[DEBUG] Dynamically added transition from wildcard156 to wildcard153
[DEBUG] Dynamically added transition from wildcard156 to wildcard150
[DEBUG] Dynamically added transition from wildcard156 to wildcard151
[DEBUG] Dynamically added transition from wildcard156 to wildcard29
[DEBUG] Dynamically added transition from wildcard156 to wildcard156
[DEBUG] Dynamically added transition from wildcard156 to wildcard28
[DEBUG] Dynamically added transition from wildcard156 to wildcard49
[DEBUG] Dynamically added transition from wildcard156 to wildcard48
[DEBUG] Dynamically added transition from wildcard156 to wildcard47
[DEBUG] Dynamically added transition from wildcard156 to wildcard46
[DEBUG] Dynamically added transition from wildcard156 to wildcard45
[DEBUG] Dynamically added transition from wildcard156 to wildcard44
[DEBUG] Dynamically added transition from wildcard156 to wildcard43
[DEBUG] Dynamically added transition from wildcard156 to wildcard42
[DEBUG] Dynamically added transition from wildcard156 to wildcard41
[DEBUG] Dynamically added transition from wildcard156 to wildcard40
[DEBUG] Dynamically added transition from wildcard156 to wildcard121
[DEBUG] Dynamically added transition from wildcard156 to wildcard122
[DEBUG] Dynamically added transition from wildcard156 to wildcard120
[DEBUG] Dynamically added transition from wildcard156 to wildcard129
[DEBUG] Dynamically added transition from wildcard156 to wildcard127
[DEBUG] Dynamically added transition from wildcard156 to wildcard128
[DEBUG] Dynamically added transition from wildcard156 to wildcard125
[DEBUG] Dynamically added transition from wildcard156 to wildcard126
[DEBUG] Dynamically added transition from wildcard156 to wildcard123
[DEBUG] Dynamically added transition from wildcard156 to wildcard39
[DEBUG] Dynamically added transition from wildcard156 to wildcard124
[DEBUG] Dynamically added transition from wildcard156 to wildcard59
[DEBUG] Dynamically added transition from wildcard156 to wildcard58
[DEBUG] Dynamically added transition from wildcard156 to middle
[DEBUG] Dynamically added transition from wildcard156 to wildcard57
[DEBUG] Dynamically added transition from wildcard156 to wildcard56
[DEBUG] Dynamically added transition from wildcard156 to wildcard55
[DEBUG] Dynamically added transition from wildcard156 to wildcard54
[DEBUG] Dynamically added transition from wildcard156 to wildcard53
[DEBUG] Dynamically added transition from wildcard156 to wildcard52
[DEBUG] Dynamically added transition from wildcard156 to wildcard51
[DEBUG] Dynamically added transition from wildcard156 to wildcard50
[DEBUG] Dynamically added transition from wildcard156 to wildcard132
[DEBUG] Dynamically added transition from wildcard156 to wildcard133
[DEBUG] Dynamically added transition from wildcard156 to wildcard130
[DEBUG] Dynamically added transition from wildcard156 to wildcard131
[DEBUG] Dynamically added transition from wildcard156 to wildcard138
[DEBUG] Dynamically added transition from wildcard156 to wildcard139
[DEBUG] Dynamically added transition from wildcard156 to wildcard136
[DEBUG] Dynamically added transition from wildcard156 to wildcard137
[DEBUG] Dynamically added transition from wildcard156 to wildcard134
[DEBUG] Dynamically added transition from wildcard156 to wildcard135
[DEBUG] Dynamically added transition from wildcard156 to wildcard69
[DEBUG] Dynamically added transition from wildcard156 to wildcard68
[DEBUG] Dynamically added transition from wildcard156 to wildcard67
[DEBUG] Dynamically added transition from wildcard156 to wildcard66
[DEBUG] Dynamically added transition from wildcard156 to wildcard65
[DEBUG] Dynamically added transition from wildcard156 to wildcard64
[DEBUG] Dynamically added transition from wildcard156 to wildcard63
[DEBUG] Dynamically added transition from wildcard156 to wildcard62
[DEBUG] Dynamically added transition from wildcard156 to wildcard61
[DEBUG] Dynamically added transition from wildcard156 to wildcard60
[DEBUG] Dynamically added transition from wildcard156 to wildcard100
[DEBUG] Dynamically added transition from wildcard156 to wildcard107
[DEBUG] Dynamically added transition from wildcard156 to wildcard108
[DEBUG] Dynamically added transition from wildcard156 to wildcard105
[DEBUG] Dynamically added transition from wildcard156 to wildcard106
[DEBUG] Dynamically added transition from wildcard156 to wildcard103
[DEBUG] Dynamically added transition from wildcard156 to wildcard104
[DEBUG] Dynamically added transition from wildcard156 to wildcard101
[DEBUG] Dynamically added transition from wildcard156 to wildcard102
[DEBUG] Dynamically added transition from wildcard156 to wildcard79
[DEBUG] Dynamically added transition from wildcard156 to wildcard78
[DEBUG] Dynamically added transition from wildcard156 to wildcard77
[DEBUG] Dynamically added transition from wildcard156 to wildcard76
[DEBUG] Dynamically added transition from wildcard156 to wildcard109
[DEBUG] Dynamically added transition from wildcard156 to wildcard75
[DEBUG] Dynamically added transition from wildcard156 to wildcard74
[DEBUG] Dynamically added transition from wildcard156 to wildcard73
[DEBUG] Dynamically added transition from wildcard156 to wildcard72
[DEBUG] Dynamically added transition from wildcard156 to wildcard71
[DEBUG] Dynamically added transition from wildcard156 to wildcard70
[DEBUG] Dynamically added transition from wildcard156 to wildcard110
[DEBUG] Dynamically added transition from wildcard156 to wildcard111
[DEBUG] Dynamically added transition from wildcard156 to wildcard118
[DEBUG] Dynamically added transition from wildcard156 to wildcard119
[DEBUG] Dynamically added transition from wildcard156 to wildcard116
[DEBUG] Dynamically added transition from wildcard156 to wildcard117
[DEBUG] Dynamically added transition from wildcard156 to .*
[DEBUG] Dynamically added transition from wildcard156 to wildcard114
[DEBUG] Dynamically added transition from wildcard156 to wildcard115
[DEBUG] Dynamically added transition from wildcard156 to wildcard112
[DEBUG] Dynamically added transition from wildcard156 to wildcard113
[DEBUG] Dynamically added transition from wildcard156 to wildcard89
[DEBUG] Dynamically added transition from wildcard156 to wildcard88
[DEBUG] Dynamically added transition from wildcard156 to wildcard87
[DEBUG] Dynamically added transition from wildcard156 to wildcard86
[DEBUG] Dynamically added transition from wildcard156 to INITIAL
[DEBUG] Dynamically added transition from wildcard156 to wildcard85
[DEBUG] Dynamically added transition from wildcard156 to wildcard84
[DEBUG] Dynamically added transition from wildcard156 to wildcard83
[DEBUG] Dynamically added transition from wildcard156 to wildcard82
[DEBUG] Dynamically added transition from wildcard156 to wildcard81
[DEBUG] Dynamically added transition from wildcard156 to wildcard80
[DEBUG] Dynamically added transition from wildcard156 to end
[DEBUG] Dynamically added transition from wildcard156 to wildcard16
[DEBUG] Dynamically added transition from wildcard156 to wildcard15
[DEBUG] Dynamically added transition from wildcard156 to wildcard14
[DEBUG] Dynamically added transition from wildcard156 to wildcard13
[DEBUG] Dynamically added transition from wildcard156 to wildcard12
[DEBUG] Dynamically added transition from wildcard156 to wildcard11
[DEBUG] Dynamically added transition from wildcard156 to wildcard99
[DEBUG] Dynamically added transition from wildcard156 to wildcard10
[DEBUG] Dynamically added transition from wildcard156 to wildcard98
[DEBUG] Dynamically added transition from wildcard156 to wildcard97
[DEBUG] Dynamically added transition from wildcard156 to start
[DEBUG] Dynamically added transition from wildcard156 to wildcard96
[DEBUG] Dynamically added transition from wildcard156 to wildcard95
[DEBUG] Dynamically added transition from wildcard156 to wildcard94
[DEBUG] Dynamically added transition from wildcard156 to wildcard93
[DEBUG] Dynamically added transition from wildcard156 to wildcard92
[DEBUG] Dynamically added transition from wildcard156 to wildcard91
[DEBUG] Dynamically added transition from wildcard156 to wildcard90
[INFO] Wildcard transition valid to state: wildcard156
[INFO] Wildcard transition detected from wildcard156 to wildcard157
[DEBUG] Created intermediate state for wildcard transition: wildcard157
[DEBUG] Dynamically added transition from wildcard156 to wildcard157
[DEBUG] Dynamically added transition from wildcard27 to wildcard157
[DEBUG] Dynamically added transition from wildcard26 to wildcard157
[DEBUG] Dynamically added transition from wildcard25 to wildcard157
[DEBUG] Dynamically added transition from wildcard24 to wildcard157
[DEBUG] Dynamically added transition from wildcard23 to wildcard157
[DEBUG] Dynamically added transition from wildcard22 to wildcard157
[DEBUG] Dynamically added transition from wildcard1 to wildcard157
[DEBUG] Dynamically added transition from wildcard21 to wildcard157
[DEBUG] Dynamically added transition from wildcard0 to wildcard157
[DEBUG] Dynamically added transition from wildcard20 to wildcard157
[DEBUG] Dynamically added transition from wildcard3 to wildcard157
[DEBUG] Dynamically added transition from wildcard2 to wildcard157
[DEBUG] Dynamically added transition from wildcard5 to wildcard157
[DEBUG] Dynamically added transition from wildcard4 to wildcard157
[DEBUG] Dynamically added transition from wildcard7 to wildcard157
[DEBUG] Dynamically added transition from wildcard6 to wildcard157
[DEBUG] Dynamically added transition from wildcard9 to wildcard157
[DEBUG] Dynamically added transition from wildcard8 to wildcard157
[DEBUG] Dynamically added transition from wildcard143 to wildcard157
[DEBUG] Dynamically added transition from wildcard144 to wildcard157
[DEBUG] Dynamically added transition from wildcard141 to wildcard157
[DEBUG] Dynamically added transition from wildcard142 to wildcard157
[DEBUG] Dynamically added transition from wildcard140 to wildcard157
[DEBUG] Dynamically added transition from wildcard149 to wildcard157
[DEBUG] Dynamically added transition from wildcard147 to wildcard157
[DEBUG] Dynamically added transition from wildcard19 to wildcard157
[DEBUG] Dynamically added transition from wildcard148 to wildcard157
[DEBUG] Dynamically added transition from wildcard18 to wildcard157
[DEBUG] Dynamically added transition from wildcard145 to wildcard157
[DEBUG] Dynamically added transition from wildcard17 to wildcard157
[DEBUG] Dynamically added transition from wildcard146 to wildcard157
[DEBUG] Dynamically added transition from wildcard38 to wildcard157
[DEBUG] Dynamically added transition from wildcard37 to wildcard157
[DEBUG] Dynamically added transition from wildcard36 to wildcard157
[DEBUG] Dynamically added transition from wildcard35 to wildcard157
[DEBUG] Dynamically added transition from wildcard34 to wildcard157
[DEBUG] Dynamically added transition from wildcard33 to wildcard157
[DEBUG] Dynamically added transition from wildcard32 to wildcard157
[DEBUG] Dynamically added transition from wildcard31 to wildcard157
[DEBUG] Dynamically added transition from wildcard30 to wildcard157
[DEBUG] Dynamically added transition from wildcard154 to wildcard157
[DEBUG] Dynamically added transition from wildcard155 to wildcard157
[DEBUG] Dynamically added transition from wildcard152 to wildcard157
[DEBUG] Dynamically added transition from wildcard153 to wildcard157
[DEBUG] Dynamically added transition from wildcard150 to wildcard157
[DEBUG] Dynamically added transition from wildcard151 to wildcard157
[DEBUG] Dynamically added transition from wildcard29 to wildcard157
[DEBUG] Dynamically added transition from wildcard28 to wildcard157
[DEBUG] Dynamically added transition from wildcard49 to wildcard157
[DEBUG] Dynamically added transition from wildcard48 to wildcard157
[DEBUG] Dynamically added transition from wildcard47 to wildcard157
[DEBUG] Dynamically added transition from wildcard46 to wildcard157
[DEBUG] Dynamically added transition from wildcard45 to wildcard157
[DEBUG] Dynamically added transition from wildcard44 to wildcard157
[DEBUG] Dynamically added transition from wildcard43 to wildcard157
[DEBUG] Dynamically added transition from wildcard42 to wildcard157
[DEBUG] Dynamically added transition from wildcard41 to wildcard157
[DEBUG] Dynamically added transition from wildcard40 to wildcard157
[DEBUG] Dynamically added transition from wildcard121 to wildcard157
[DEBUG] Dynamically added transition from wildcard122 to wildcard157
[DEBUG] Dynamically added transition from wildcard120 to wildcard157
[DEBUG] Dynamically added transition from wildcard129 to wildcard157
[DEBUG] Dynamically added transition from wildcard127 to wildcard157
[DEBUG] Dynamically added transition from wildcard128 to wildcard157
[DEBUG] Dynamically added transition from wildcard125 to wildcard157
[DEBUG] Dynamically added transition from wildcard126 to wildcard157
[DEBUG] Dynamically added transition from wildcard123 to wildcard157
[DEBUG] Dynamically added transition from wildcard39 to wildcard157
[DEBUG] Dynamically added transition from wildcard124 to wildcard157
[DEBUG] Dynamically added transition from wildcard59 to wildcard157
[DEBUG] Dynamically added transition from wildcard58 to wildcard157
[DEBUG] Dynamically added transition from middle to wildcard157
[DEBUG] Dynamically added transition from wildcard57 to wildcard157
[DEBUG] Dynamically added transition from wildcard56 to wildcard157
[DEBUG] Dynamically added transition from wildcard55 to wildcard157
[DEBUG] Dynamically added transition from wildcard54 to wildcard157
[DEBUG] Dynamically added transition from wildcard53 to wildcard157
[DEBUG] Dynamically added transition from wildcard52 to wildcard157
[DEBUG] Dynamically added transition from wildcard51 to wildcard157
[DEBUG] Dynamically added transition from wildcard50 to wildcard157
[DEBUG] Dynamically added transition from wildcard132 to wildcard157
[DEBUG] Dynamically added transition from wildcard133 to wildcard157
[DEBUG] Dynamically added transition from wildcard130 to wildcard157
[DEBUG] Dynamically added transition from wildcard131 to wildcard157
[DEBUG] Dynamically added transition from wildcard138 to wildcard157
[DEBUG] Dynamically added transition from wildcard139 to wildcard157
[DEBUG] Dynamically added transition from wildcard136 to wildcard157
[DEBUG] Dynamically added transition from wildcard137 to wildcard157
[DEBUG] Dynamically added transition from wildcard134 to wildcard157
[DEBUG] Dynamically added transition from wildcard135 to wildcard157
[DEBUG] Dynamically added transition from wildcard69 to wildcard157
[DEBUG] Dynamically added transition from wildcard68 to wildcard157
[DEBUG] Dynamically added transition from wildcard67 to wildcard157
[DEBUG] Dynamically added transition from wildcard66 to wildcard157
[DEBUG] Dynamically added transition from wildcard65 to wildcard157
[DEBUG] Dynamically added transition from wildcard64 to wildcard157
[DEBUG] Dynamically added transition from wildcard63 to wildcard157
[DEBUG] Dynamically added transition from wildcard62 to wildcard157
[DEBUG] Dynamically added transition from wildcard61 to wildcard157
[DEBUG] Dynamically added transition from wildcard60 to wildcard157
[DEBUG] Dynamically added transition from wildcard100 to wildcard157
[DEBUG] Dynamically added transition from wildcard107 to wildcard157
[DEBUG] Dynamically added transition from wildcard108 to wildcard157
[DEBUG] Dynamically added transition from wildcard105 to wildcard157
[DEBUG] Dynamically added transition from wildcard106 to wildcard157
[DEBUG] Dynamically added transition from wildcard103 to wildcard157
[DEBUG] Dynamically added transition from wildcard104 to wildcard157
[DEBUG] Dynamically added transition from wildcard101 to wildcard157
[DEBUG] Dynamically added transition from wildcard102 to wildcard157
[DEBUG] Dynamically added transition from wildcard79 to wildcard157
[DEBUG] Dynamically added transition from wildcard78 to wildcard157
[DEBUG] Dynamically added transition from wildcard77 to wildcard157
[DEBUG] Dynamically added transition from wildcard76 to wildcard157
[DEBUG] Dynamically added transition from wildcard109 to wildcard157
[DEBUG] Dynamically added transition from wildcard75 to wildcard157
[DEBUG] Dynamically added transition from wildcard74 to wildcard157
[DEBUG] Dynamically added transition from wildcard73 to wildcard157
[DEBUG] Dynamically added transition from wildcard72 to wildcard157
[DEBUG] Dynamically added transition from wildcard71 to wildcard157
[DEBUG] Dynamically added transition from wildcard70 to wildcard157
[DEBUG] Dynamically added transition from wildcard110 to wildcard157
[DEBUG] Dynamically added transition from wildcard111 to wildcard157
[DEBUG] Dynamically added transition from wildcard118 to wildcard157
[DEBUG] Dynamically added transition from wildcard119 to wildcard157
[DEBUG] Dynamically added transition from wildcard116 to wildcard157
[DEBUG] Dynamically added transition from wildcard117 to wildcard157
[DEBUG] Dynamically added transition from wildcard114 to wildcard157
[DEBUG] Dynamically added transition from wildcard115 to wildcard157
[DEBUG] Dynamically added transition from wildcard112 to wildcard157
[DEBUG] Dynamically added transition from wildcard113 to wildcard157
[DEBUG] Dynamically added transition from wildcard89 to wildcard157
[DEBUG] Dynamically added transition from wildcard88 to wildcard157
[DEBUG] Dynamically added transition from wildcard87 to wildcard157
[DEBUG] Dynamically added transition from wildcard86 to wildcard157
[DEBUG] Dynamically added transition from wildcard85 to wildcard157
[DEBUG] Dynamically added transition from wildcard84 to wildcard157
[DEBUG] Dynamically added transition from wildcard83 to wildcard157
[DEBUG] Dynamically added transition from wildcard82 to wildcard157
[DEBUG] Dynamically added transition from wildcard81 to wildcard157
[DEBUG] Dynamically added transition from wildcard80 to wildcard157
[DEBUG] Dynamically added transition from wildcard16 to wildcard157
[DEBUG] Dynamically added transition from wildcard15 to wildcard157
[DEBUG] Dynamically added transition from wildcard14 to wildcard157
[DEBUG] Dynamically added transition from wildcard13 to wildcard157
[DEBUG] Dynamically added transition from wildcard12 to wildcard157
[DEBUG] Dynamically added transition from wildcard11 to wildcard157
[DEBUG] Dynamically added transition from wildcard99 to wildcard157
[DEBUG] Dynamically added transition from wildcard10 to wildcard157
[DEBUG] Dynamically added transition from wildcard98 to wildcard157
[DEBUG] Dynamically added transition from wildcard97 to wildcard157
[DEBUG] Dynamically added transition from start to wildcard157
[DEBUG] Dynamically added transition from wildcard96 to wildcard157
[DEBUG] Dynamically added transition from wildcard95 to wildcard157
[DEBUG] Dynamically added transition from wildcard94 to wildcard157
[DEBUG] Dynamically added transition from wildcard93 to wildcard157
[DEBUG] Dynamically added transition from wildcard92 to wildcard157
[DEBUG] Dynamically added transition from wildcard91 to wildcard157
[DEBUG] Dynamically added transition from wildcard90 to wildcard157
[DEBUG] Dynamically added transition from wildcard157 to wildcard27
[DEBUG] Dynamically added transition from wildcard157 to wildcard26
[DEBUG] Dynamically added transition from wildcard157 to wildcard25
[DEBUG] Dynamically added transition from wildcard157 to wildcard24
[DEBUG] Dynamically added transition from wildcard157 to wildcard23
[DEBUG] Dynamically added transition from wildcard157 to wildcard22
[DEBUG] Dynamically added transition from wildcard157 to wildcard1
[DEBUG] Dynamically added transition from wildcard157 to wildcard21
[DEBUG] Dynamically added transition from wildcard157 to wildcard0
[DEBUG] Dynamically added transition from wildcard157 to wildcard20
[DEBUG] Dynamically added transition from wildcard157 to wildcard3
[DEBUG] Dynamically added transition from wildcard157 to wildcard2
[DEBUG] Dynamically added transition from wildcard157 to wildcard5
[DEBUG] Dynamically added transition from wildcard157 to wildcard4
[DEBUG] Dynamically added transition from wildcard157 to wildcard7
[DEBUG] Dynamically added transition from wildcard157 to wildcard6
[DEBUG] Dynamically added transition from wildcard157 to wildcard9
[DEBUG] Dynamically added transition from wildcard157 to wildcard8
[DEBUG] Dynamically added transition from wildcard157 to wildcard143
[DEBUG] Dynamically added transition from wildcard157 to wildcard144
[DEBUG] Dynamically added transition from wildcard157 to wildcard141
[DEBUG] Dynamically added transition from wildcard157 to wildcard142
[DEBUG] Dynamically added transition from wildcard157 to wildcard140
[DEBUG] Dynamically added transition from wildcard157 to wildcard149
[DEBUG] Dynamically added transition from wildcard157 to wildcard147
[DEBUG] Dynamically added transition from wildcard157 to wildcard19
[DEBUG] Dynamically added transition from wildcard157 to wildcard148
[DEBUG] Dynamically added transition from wildcard157 to wildcard18
[DEBUG] Dynamically added transition from wildcard157 to wildcard145
[DEBUG] Dynamically added transition from wildcard157 to wildcard17
[DEBUG] Dynamically added transition from wildcard157 to wildcard146
[DEBUG] Dynamically added transition from wildcard157 to wildcard38
[DEBUG] Dynamically added transition from wildcard157 to wildcard37
[DEBUG] Dynamically added transition from wildcard157 to wildcard36
[DEBUG] Dynamically added transition from wildcard157 to wildcard35
[DEBUG] Dynamically added transition from wildcard157 to wildcard34
[DEBUG] Dynamically added transition from wildcard157 to wildcard33
[DEBUG] Dynamically added transition from wildcard157 to wildcard32
[DEBUG] Dynamically added transition from wildcard157 to wildcard31
[DEBUG] Dynamically added transition from wildcard157 to wildcard30
[DEBUG] Dynamically added transition from wildcard157 to wildcard154
[DEBUG] Dynamically added transition from wildcard157 to wildcard155
[DEBUG] Dynamically added transition from wildcard157 to wildcard152
[DEBUG] Dynamically added transition from wildcard157 to wildcard153
[DEBUG] Dynamically added transition from wildcard157 to wildcard150
[DEBUG] Dynamically added transition from wildcard157 to wildcard151
[DEBUG] Dynamically added transition from wildcard157 to wildcard29
[DEBUG] Dynamically added transition from wildcard157 to wildcard156
[DEBUG] Dynamically added transition from wildcard157 to wildcard28
[DEBUG] Dynamically added transition from wildcard157 to wildcard157
[DEBUG] Dynamically added transition from wildcard157 to wildcard49
[DEBUG] Dynamically added transition from wildcard157 to wildcard48
[DEBUG] Dynamically added transition from wildcard157 to wildcard47
[DEBUG] Dynamically added transition from wildcard157 to wildcard46
[DEBUG] Dynamically added transition from wildcard157 to wildcard45
[DEBUG] Dynamically added transition from wildcard157 to wildcard44
[DEBUG] Dynamically added transition from wildcard157 to wildcard43
[DEBUG] Dynamically added transition from wildcard157 to wildcard42
[DEBUG] Dynamically added transition from wildcard157 to wildcard41
[DEBUG] Dynamically added transition from wildcard157 to wildcard40
[DEBUG] Dynamically added transition from wildcard157 to wildcard121
[DEBUG] Dynamically added transition from wildcard157 to wildcard122
[DEBUG] Dynamically added transition from wildcard157 to wildcard120
[DEBUG] Dynamically added transition from wildcard157 to wildcard129
[DEBUG] Dynamically added transition from wildcard157 to wildcard127
[DEBUG] Dynamically added transition from wildcard157 to wildcard128
[DEBUG] Dynamically added transition from wildcard157 to wildcard125
[DEBUG] Dynamically added transition from wildcard157 to wildcard126
[DEBUG] Dynamically added transition from wildcard157 to wildcard123
[DEBUG] Dynamically added transition from wildcard157 to wildcard39
[DEBUG] Dynamically added transition from wildcard157 to wildcard124
[DEBUG] Dynamically added transition from wildcard157 to wildcard59
[DEBUG] Dynamically added transition from wildcard157 to wildcard58
[DEBUG] Dynamically added transition from wildcard157 to middle
[DEBUG] Dynamically added transition from wildcard157 to wildcard57
[DEBUG] Dynamically added transition from wildcard157 to wildcard56
[DEBUG] Dynamically added transition from wildcard157 to wildcard55
[DEBUG] Dynamically added transition from wildcard157 to wildcard54
[DEBUG] Dynamically added transition from wildcard157 to wildcard53
[DEBUG] Dynamically added transition from wildcard157 to wildcard52
[DEBUG] Dynamically added transition from wildcard157 to wildcard51
[DEBUG] Dynamically added transition from wildcard157 to wildcard50
[DEBUG] Dynamically added transition from wildcard157 to wildcard132
[DEBUG] Dynamically added transition from wildcard157 to wildcard133
[DEBUG] Dynamically added transition from wildcard157 to wildcard130
[DEBUG] Dynamically added transition from wildcard157 to wildcard131
[DEBUG] Dynamically added transition from wildcard157 to wildcard138
[DEBUG] Dynamically added transition from wildcard157 to wildcard139
[DEBUG] Dynamically added transition from wildcard157 to wildcard136
[DEBUG] Dynamically added transition from wildcard157 to wildcard137
[DEBUG] Dynamically added transition from wildcard157 to wildcard134
[DEBUG] Dynamically added transition from wildcard157 to wildcard135
[DEBUG] Dynamically added transition from wildcard157 to wildcard69
[DEBUG] Dynamically added transition from wildcard157 to wildcard68
[DEBUG] Dynamically added transition from wildcard157 to wildcard67
[DEBUG] Dynamically added transition from wildcard157 to wildcard66
[DEBUG] Dynamically added transition from wildcard157 to wildcard65
[DEBUG] Dynamically added transition from wildcard157 to wildcard64
[DEBUG] Dynamically added transition from wildcard157 to wildcard63
[DEBUG] Dynamically added transition from wildcard157 to wildcard62
[DEBUG] Dynamically added transition from wildcard157 to wildcard61
[DEBUG] Dynamically added transition from wildcard157 to wildcard60
[DEBUG] Dynamically added transition from wildcard157 to wildcard100
[DEBUG] Dynamically added transition from wildcard157 to wildcard107
[DEBUG] Dynamically added transition from wildcard157 to wildcard108
[DEBUG] Dynamically added transition from wildcard157 to wildcard105
[DEBUG] Dynamically added transition from wildcard157 to wildcard106
[DEBUG] Dynamically added transition from wildcard157 to wildcard103
[DEBUG] Dynamically added transition from wildcard157 to wildcard104
[DEBUG] Dynamically added transition from wildcard157 to wildcard101
[DEBUG] Dynamically added transition from wildcard157 to wildcard102
[DEBUG] Dynamically added transition from wildcard157 to wildcard79
[DEBUG] Dynamically added transition from wildcard157 to wildcard78
[DEBUG] Dynamically added transition from wildcard157 to wildcard77
[DEBUG] Dynamically added transition from wildcard157 to wildcard76
[DEBUG] Dynamically added transition from wildcard157 to wildcard109
[DEBUG] Dynamically added transition from wildcard157 to wildcard75
[DEBUG] Dynamically added transition from wildcard157 to wildcard74
[DEBUG] Dynamically added transition from wildcard157 to wildcard73
[DEBUG] Dynamically added transition from wildcard157 to wildcard72
[DEBUG] Dynamically added transition from wildcard157 to wildcard71
[DEBUG] Dynamically added transition from wildcard157 to wildcard70
[DEBUG] Dynamically added transition from wildcard157 to wildcard110
[DEBUG] Dynamically added transition from wildcard157 to wildcard111
[DEBUG] Dynamically added transition from wildcard157 to wildcard118
[DEBUG] Dynamically added transition from wildcard157 to wildcard119
[DEBUG] Dynamically added transition from wildcard157 to wildcard116
[DEBUG] Dynamically added transition from wildcard157 to wildcard117
[DEBUG] Dynamically added transition from wildcard157 to .*
[DEBUG] Dynamically added transition from wildcard157 to wildcard114
[DEBUG] Dynamically added transition from wildcard157 to wildcard115
[DEBUG] Dynamically added transition from wildcard157 to wildcard112
[DEBUG] Dynamically added transition from wildcard157 to wildcard113
[DEBUG] Dynamically added transition from wildcard157 to wildcard89
[DEBUG] Dynamically added transition from wildcard157 to wildcard88
[DEBUG] Dynamically added transition from wildcard157 to wildcard87
[DEBUG] Dynamically added transition from wildcard157 to wildcard86
[DEBUG] Dynamically added transition from wildcard157 to INITIAL
[DEBUG] Dynamically added transition from wildcard157 to wildcard85
[DEBUG] Dynamically added transition from wildcard157 to wildcard84
[DEBUG] Dynamically added transition from wildcard157 to wildcard83
[DEBUG] Dynamically added transition from wildcard157 to wildcard82
[DEBUG] Dynamically added transition from wildcard157 to wildcard81
[DEBUG] Dynamically added transition from wildcard157 to wildcard80
[DEBUG] Dynamically added transition from wildcard157 to end
[DEBUG] Dynamically added transition from wildcard157 to wildcard16
[DEBUG] Dynamically added transition from wildcard157 to wildcard15
[DEBUG] Dynamically added transition from wildcard157 to wildcard14
[DEBUG] Dynamically added transition from wildcard157 to wildcard13
[DEBUG] Dynamically added transition from wildcard157 to wildcard12
[DEBUG] Dynamically added transition from wildcard157 to wildcard11
[DEBUG] Dynamically added transition from wildcard157 to wildcard99
[DEBUG] Dynamically added transition from wildcard157 to wildcard10
[DEBUG] Dynamically added transition from wildcard157 to wildcard98
[DEBUG] Dynamically added transition from wildcard157 to wildcard97
[DEBUG] Dynamically added transition from wildcard157 to start
[DEBUG] Dynamically added transition from wildcard157 to wildcard96
[DEBUG] Dynamically added transition from wildcard157 to wildcard95
[DEBUG] Dynamically added transition from wildcard157 to wildcard94
[DEBUG] Dynamically added transition from wildcard157 to wildcard93
[DEBUG] Dynamically added transition from wildcard157 to wildcard92
[DEBUG] Dynamically added transition from wildcard157 to wildcard91
[DEBUG] Dynamically added transition from wildcard157 to wildcard90
[INFO] Wildcard transition valid to state: wildcard157
[INFO] Wildcard transition detected from wildcard157 to wildcard158
[DEBUG] Created intermediate state for wildcard transition: wildcard158
[DEBUG] Dynamically added transition from wildcard157 to wildcard158
[DEBUG] Dynamically added transition from wildcard27 to wildcard158
[DEBUG] Dynamically added transition from wildcard26 to wildcard158
[DEBUG] Dynamically added transition from wildcard25 to wildcard158
[DEBUG] Dynamically added transition from wildcard24 to wildcard158
[DEBUG] Dynamically added transition from wildcard23 to wildcard158
[DEBUG] Dynamically added transition from wildcard22 to wildcard158
[DEBUG] Dynamically added transition from wildcard1 to wildcard158
[DEBUG] Dynamically added transition from wildcard21 to wildcard158
[DEBUG] Dynamically added transition from wildcard0 to wildcard158
[DEBUG] Dynamically added transition from wildcard20 to wildcard158
[DEBUG] Dynamically added transition from wildcard3 to wildcard158
[DEBUG] Dynamically added transition from wildcard2 to wildcard158
[DEBUG] Dynamically added transition from wildcard5 to wildcard158
[DEBUG] Dynamically added transition from wildcard4 to wildcard158
[DEBUG] Dynamically added transition from wildcard7 to wildcard158
[DEBUG] Dynamically added transition from wildcard6 to wildcard158
[DEBUG] Dynamically added transition from wildcard9 to wildcard158
[DEBUG] Dynamically added transition from wildcard8 to wildcard158
[DEBUG] Dynamically added transition from wildcard143 to wildcard158
[DEBUG] Dynamically added transition from wildcard144 to wildcard158
[DEBUG] Dynamically added transition from wildcard141 to wildcard158
[DEBUG] Dynamically added transition from wildcard142 to wildcard158
[DEBUG] Dynamically added transition from wildcard140 to wildcard158
[DEBUG] Dynamically added transition from wildcard149 to wildcard158
[DEBUG] Dynamically added transition from wildcard147 to wildcard158
[DEBUG] Dynamically added transition from wildcard19 to wildcard158
[DEBUG] Dynamically added transition from wildcard148 to wildcard158
[DEBUG] Dynamically added transition from wildcard18 to wildcard158
[DEBUG] Dynamically added transition from wildcard145 to wildcard158
[DEBUG] Dynamically added transition from wildcard17 to wildcard158
[DEBUG] Dynamically added transition from wildcard146 to wildcard158
[DEBUG] Dynamically added transition from wildcard38 to wildcard158
[DEBUG] Dynamically added transition from wildcard37 to wildcard158
[DEBUG] Dynamically added transition from wildcard36 to wildcard158
[DEBUG] Dynamically added transition from wildcard35 to wildcard158
[DEBUG] Dynamically added transition from wildcard34 to wildcard158
[DEBUG] Dynamically added transition from wildcard33 to wildcard158
[DEBUG] Dynamically added transition from wildcard32 to wildcard158
[DEBUG] Dynamically added transition from wildcard31 to wildcard158
[DEBUG] Dynamically added transition from wildcard30 to wildcard158
[DEBUG] Dynamically added transition from wildcard154 to wildcard158
[DEBUG] Dynamically added transition from wildcard155 to wildcard158
[DEBUG] Dynamically added transition from wildcard152 to wildcard158
[DEBUG] Dynamically added transition from wildcard153 to wildcard158
[DEBUG] Dynamically added transition from wildcard150 to wildcard158
[DEBUG] Dynamically added transition from wildcard151 to wildcard158
[DEBUG] Dynamically added transition from wildcard29 to wildcard158
[DEBUG] Dynamically added transition from wildcard156 to wildcard158
[DEBUG] Dynamically added transition from wildcard28 to wildcard158
[DEBUG] Dynamically added transition from wildcard49 to wildcard158
[DEBUG] Dynamically added transition from wildcard48 to wildcard158
[DEBUG] Dynamically added transition from wildcard47 to wildcard158
[DEBUG] Dynamically added transition from wildcard46 to wildcard158
[DEBUG] Dynamically added transition from wildcard45 to wildcard158
[DEBUG] Dynamically added transition from wildcard44 to wildcard158
[DEBUG] Dynamically added transition from wildcard43 to wildcard158
[DEBUG] Dynamically added transition from wildcard42 to wildcard158
[DEBUG] Dynamically added transition from wildcard41 to wildcard158
[DEBUG] Dynamically added transition from wildcard40 to wildcard158
[DEBUG] Dynamically added transition from wildcard121 to wildcard158
[DEBUG] Dynamically added transition from wildcard122 to wildcard158
[DEBUG] Dynamically added transition from wildcard120 to wildcard158
[DEBUG] Dynamically added transition from wildcard129 to wildcard158
[DEBUG] Dynamically added transition from wildcard127 to wildcard158
[DEBUG] Dynamically added transition from wildcard128 to wildcard158
[DEBUG] Dynamically added transition from wildcard125 to wildcard158
[DEBUG] Dynamically added transition from wildcard126 to wildcard158
[DEBUG] Dynamically added transition from wildcard123 to wildcard158
[DEBUG] Dynamically added transition from wildcard39 to wildcard158
[DEBUG] Dynamically added transition from wildcard124 to wildcard158
[DEBUG] Dynamically added transition from wildcard59 to wildcard158
[DEBUG] Dynamically added transition from wildcard58 to wildcard158
[DEBUG] Dynamically added transition from middle to wildcard158
[DEBUG] Dynamically added transition from wildcard57 to wildcard158
[DEBUG] Dynamically added transition from wildcard56 to wildcard158
[DEBUG] Dynamically added transition from wildcard55 to wildcard158
[DEBUG] Dynamically added transition from wildcard54 to wildcard158
[DEBUG] Dynamically added transition from wildcard53 to wildcard158
[DEBUG] Dynamically added transition from wildcard52 to wildcard158
[DEBUG] Dynamically added transition from wildcard51 to wildcard158
[DEBUG] Dynamically added transition from wildcard50 to wildcard158
[DEBUG] Dynamically added transition from wildcard132 to wildcard158
[DEBUG] Dynamically added transition from wildcard133 to wildcard158
[DEBUG] Dynamically added transition from wildcard130 to wildcard158
[DEBUG] Dynamically added transition from wildcard131 to wildcard158
[DEBUG] Dynamically added transition from wildcard138 to wildcard158
[DEBUG] Dynamically added transition from wildcard139 to wildcard158
[DEBUG] Dynamically added transition from wildcard136 to wildcard158
[DEBUG] Dynamically added transition from wildcard137 to wildcard158
[DEBUG] Dynamically added transition from wildcard134 to wildcard158
[DEBUG] Dynamically added transition from wildcard135 to wildcard158
[DEBUG] Dynamically added transition from wildcard69 to wildcard158
[DEBUG] Dynamically added transition from wildcard68 to wildcard158
[DEBUG] Dynamically added transition from wildcard67 to wildcard158
[DEBUG] Dynamically added transition from wildcard66 to wildcard158
[DEBUG] Dynamically added transition from wildcard65 to wildcard158
[DEBUG] Dynamically added transition from wildcard64 to wildcard158
[DEBUG] Dynamically added transition from wildcard63 to wildcard158
[DEBUG] Dynamically added transition from wildcard62 to wildcard158
[DEBUG] Dynamically added transition from wildcard61 to wildcard158
[DEBUG] Dynamically added transition from wildcard60 to wildcard158
[DEBUG] Dynamically added transition from wildcard100 to wildcard158
[DEBUG] Dynamically added transition from wildcard107 to wildcard158
[DEBUG] Dynamically added transition from wildcard108 to wildcard158
[DEBUG] Dynamically added transition from wildcard105 to wildcard158
[DEBUG] Dynamically added transition from wildcard106 to wildcard158
[DEBUG] Dynamically added transition from wildcard103 to wildcard158
[DEBUG] Dynamically added transition from wildcard104 to wildcard158
[DEBUG] Dynamically added transition from wildcard101 to wildcard158
[DEBUG] Dynamically added transition from wildcard102 to wildcard158
[DEBUG] Dynamically added transition from wildcard79 to wildcard158
[DEBUG] Dynamically added transition from wildcard78 to wildcard158
[DEBUG] Dynamically added transition from wildcard77 to wildcard158
[DEBUG] Dynamically added transition from wildcard76 to wildcard158
[DEBUG] Dynamically added transition from wildcard109 to wildcard158
[DEBUG] Dynamically added transition from wildcard75 to wildcard158
[DEBUG] Dynamically added transition from wildcard74 to wildcard158
[DEBUG] Dynamically added transition from wildcard73 to wildcard158
[DEBUG] Dynamically added transition from wildcard72 to wildcard158
[DEBUG] Dynamically added transition from wildcard71 to wildcard158
[DEBUG] Dynamically added transition from wildcard70 to wildcard158
[DEBUG] Dynamically added transition from wildcard110 to wildcard158
[DEBUG] Dynamically added transition from wildcard111 to wildcard158
[DEBUG] Dynamically added transition from wildcard118 to wildcard158
[DEBUG] Dynamically added transition from wildcard119 to wildcard158
[DEBUG] Dynamically added transition from wildcard116 to wildcard158
[DEBUG] Dynamically added transition from wildcard117 to wildcard158
[DEBUG] Dynamically added transition from wildcard114 to wildcard158
[DEBUG] Dynamically added transition from wildcard115 to wildcard158
[DEBUG] Dynamically added transition from wildcard112 to wildcard158
[DEBUG] Dynamically added transition from wildcard113 to wildcard158
[DEBUG] Dynamically added transition from wildcard89 to wildcard158
[DEBUG] Dynamically added transition from wildcard88 to wildcard158
[DEBUG] Dynamically added transition from wildcard87 to wildcard158
[DEBUG] Dynamically added transition from wildcard86 to wildcard158
[DEBUG] Dynamically added transition from wildcard85 to wildcard158
[DEBUG] Dynamically added transition from wildcard84 to wildcard158
[DEBUG] Dynamically added transition from wildcard83 to wildcard158
[DEBUG] Dynamically added transition from wildcard82 to wildcard158
[DEBUG] Dynamically added transition from wildcard81 to wildcard158
[DEBUG] Dynamically added transition from wildcard80 to wildcard158
[DEBUG] Dynamically added transition from wildcard16 to wildcard158
[DEBUG] Dynamically added transition from wildcard15 to wildcard158
[DEBUG] Dynamically added transition from wildcard14 to wildcard158
[DEBUG] Dynamically added transition from wildcard13 to wildcard158
[DEBUG] Dynamically added transition from wildcard12 to wildcard158
[DEBUG] Dynamically added transition from wildcard11 to wildcard158
[DEBUG] Dynamically added transition from wildcard99 to wildcard158
[DEBUG] Dynamically added transition from wildcard10 to wildcard158
[DEBUG] Dynamically added transition from wildcard98 to wildcard158
[DEBUG] Dynamically added transition from wildcard97 to wildcard158
[DEBUG] Dynamically added transition from start to wildcard158
[DEBUG] Dynamically added transition from wildcard96 to wildcard158
[DEBUG] Dynamically added transition from wildcard95 to wildcard158
[DEBUG] Dynamically added transition from wildcard94 to wildcard158
[DEBUG] Dynamically added transition from wildcard93 to wildcard158
[DEBUG] Dynamically added transition from wildcard92 to wildcard158
[DEBUG] Dynamically added transition from wildcard91 to wildcard158
[DEBUG] Dynamically added transition from wildcard90 to wildcard158
[DEBUG] Dynamically added transition from wildcard158 to wildcard27
[DEBUG] Dynamically added transition from wildcard158 to wildcard26
[DEBUG] Dynamically added transition from wildcard158 to wildcard25
[DEBUG] Dynamically added transition from wildcard158 to wildcard24
[DEBUG] Dynamically added transition from wildcard158 to wildcard23
[DEBUG] Dynamically added transition from wildcard158 to wildcard22
[DEBUG] Dynamically added transition from wildcard158 to wildcard1
[DEBUG] Dynamically added transition from wildcard158 to wildcard21
[DEBUG] Dynamically added transition from wildcard158 to wildcard0
[DEBUG] Dynamically added transition from wildcard158 to wildcard20
[DEBUG] Dynamically added transition from wildcard158 to wildcard3
[DEBUG] Dynamically added transition from wildcard158 to wildcard2
[DEBUG] Dynamically added transition from wildcard158 to wildcard5
[DEBUG] Dynamically added transition from wildcard158 to wildcard4
[DEBUG] Dynamically added transition from wildcard158 to wildcard7
[DEBUG] Dynamically added transition from wildcard158 to wildcard6
[DEBUG] Dynamically added transition from wildcard158 to wildcard9
[DEBUG] Dynamically added transition from wildcard158 to wildcard8
[DEBUG] Dynamically added transition from wildcard158 to wildcard143
[DEBUG] Dynamically added transition from wildcard158 to wildcard144
[DEBUG] Dynamically added transition from wildcard158 to wildcard141
[DEBUG] Dynamically added transition from wildcard158 to wildcard142
[DEBUG] Dynamically added transition from wildcard158 to wildcard140
[DEBUG] Dynamically added transition from wildcard158 to wildcard149
[DEBUG] Dynamically added transition from wildcard158 to wildcard147
[DEBUG] Dynamically added transition from wildcard158 to wildcard19
[DEBUG] Dynamically added transition from wildcard158 to wildcard148
[DEBUG] Dynamically added transition from wildcard158 to wildcard18
[DEBUG] Dynamically added transition from wildcard158 to wildcard145
[DEBUG] Dynamically added transition from wildcard158 to wildcard17
[DEBUG] Dynamically added transition from wildcard158 to wildcard146
[DEBUG] Dynamically added transition from wildcard158 to wildcard38
[DEBUG] Dynamically added transition from wildcard158 to wildcard37
[DEBUG] Dynamically added transition from wildcard158 to wildcard36
[DEBUG] Dynamically added transition from wildcard158 to wildcard35
[DEBUG] Dynamically added transition from wildcard158 to wildcard34
[DEBUG] Dynamically added transition from wildcard158 to wildcard33
[DEBUG] Dynamically added transition from wildcard158 to wildcard32
[DEBUG] Dynamically added transition from wildcard158 to wildcard31
[DEBUG] Dynamically added transition from wildcard158 to wildcard30
[DEBUG] Dynamically added transition from wildcard158 to wildcard154
[DEBUG] Dynamically added transition from wildcard158 to wildcard155
[DEBUG] Dynamically added transition from wildcard158 to wildcard152
[DEBUG] Dynamically added transition from wildcard158 to wildcard153
[DEBUG] Dynamically added transition from wildcard158 to wildcard150
[DEBUG] Dynamically added transition from wildcard158 to wildcard151
[DEBUG] Dynamically added transition from wildcard158 to wildcard158
[DEBUG] Dynamically added transition from wildcard158 to wildcard29
[DEBUG] Dynamically added transition from wildcard158 to wildcard156
[DEBUG] Dynamically added transition from wildcard158 to wildcard28
[DEBUG] Dynamically added transition from wildcard158 to wildcard157
[DEBUG] Dynamically added transition from wildcard158 to wildcard49
[DEBUG] Dynamically added transition from wildcard158 to wildcard48
[DEBUG] Dynamically added transition from wildcard158 to wildcard47
[DEBUG] Dynamically added transition from wildcard158 to wildcard46
[DEBUG] Dynamically added transition from wildcard158 to wildcard45
[DEBUG] Dynamically added transition from wildcard158 to wildcard44
[DEBUG] Dynamically added transition from wildcard158 to wildcard43
[DEBUG] Dynamically added transition from wildcard158 to wildcard42
[DEBUG] Dynamically added transition from wildcard158 to wildcard41
[DEBUG] Dynamically added transition from wildcard158 to wildcard40
[DEBUG] Dynamically added transition from wildcard158 to wildcard121
[DEBUG] Dynamically added transition from wildcard158 to wildcard122
[DEBUG] Dynamically added transition from wildcard158 to wildcard120
[DEBUG] Dynamically added transition from wildcard158 to wildcard129
[DEBUG] Dynamically added transition from wildcard158 to wildcard127
[DEBUG] Dynamically added transition from wildcard158 to wildcard128
[DEBUG] Dynamically added transition from wildcard158 to wildcard125
[DEBUG] Dynamically added transition from wildcard158 to wildcard126
[DEBUG] Dynamically added transition from wildcard158 to wildcard123
[DEBUG] Dynamically added transition from wildcard158 to wildcard39
[DEBUG] Dynamically added transition from wildcard158 to wildcard124
[DEBUG] Dynamically added transition from wildcard158 to wildcard59
[DEBUG] Dynamically added transition from wildcard158 to wildcard58
[DEBUG] Dynamically added transition from wildcard158 to middle
[DEBUG] Dynamically added transition from wildcard158 to wildcard57
[DEBUG] Dynamically added transition from wildcard158 to wildcard56
[DEBUG] Dynamically added transition from wildcard158 to wildcard55
[DEBUG] Dynamically added transition from wildcard158 to wildcard54
[DEBUG] Dynamically added transition from wildcard158 to wildcard53
[DEBUG] Dynamically added transition from wildcard158 to wildcard52
[DEBUG] Dynamically added transition from wildcard158 to wildcard51
[DEBUG] Dynamically added transition from wildcard158 to wildcard50
[DEBUG] Dynamically added transition from wildcard158 to wildcard132
[DEBUG] Dynamically added transition from wildcard158 to wildcard133
[DEBUG] Dynamically added transition from wildcard158 to wildcard130
[DEBUG] Dynamically added transition from wildcard158 to wildcard131
[DEBUG] Dynamically added transition from wildcard158 to wildcard138
[DEBUG] Dynamically added transition from wildcard158 to wildcard139
[DEBUG] Dynamically added transition from wildcard158 to wildcard136
[DEBUG] Dynamically added transition from wildcard158 to wildcard137
[DEBUG] Dynamically added transition from wildcard158 to wildcard134
[DEBUG] Dynamically added transition from wildcard158 to wildcard135
[DEBUG] Dynamically added transition from wildcard158 to wildcard69
[DEBUG] Dynamically added transition from wildcard158 to wildcard68
[DEBUG] Dynamically added transition from wildcard158 to wildcard67
[DEBUG] Dynamically added transition from wildcard158 to wildcard66
[DEBUG] Dynamically added transition from wildcard158 to wildcard65
[DEBUG] Dynamically added transition from wildcard158 to wildcard64
[DEBUG] Dynamically added transition from wildcard158 to wildcard63
[DEBUG] Dynamically added transition from wildcard158 to wildcard62
[DEBUG] Dynamically added transition from wildcard158 to wildcard61
[DEBUG] Dynamically added transition from wildcard158 to wildcard60
[DEBUG] Dynamically added transition from wildcard158 to wildcard100
[DEBUG] Dynamically added transition from wildcard158 to wildcard107
[DEBUG] Dynamically added transition from wildcard158 to wildcard108
[DEBUG] Dynamically added transition from wildcard158 to wildcard105
[DEBUG] Dynamically added transition from wildcard158 to wildcard106
[DEBUG] Dynamically added transition from wildcard158 to wildcard103
[DEBUG] Dynamically added transition from wildcard158 to wildcard104
[DEBUG] Dynamically added transition from wildcard158 to wildcard101
[DEBUG] Dynamically added transition from wildcard158 to wildcard102
[DEBUG] Dynamically added transition from wildcard158 to wildcard79
[DEBUG] Dynamically added transition from wildcard158 to wildcard78
[DEBUG] Dynamically added transition from wildcard158 to wildcard77
[DEBUG] Dynamically added transition from wildcard158 to wildcard76
[DEBUG] Dynamically added transition from wildcard158 to wildcard109
[DEBUG] Dynamically added transition from wildcard158 to wildcard75
[DEBUG] Dynamically added transition from wildcard158 to wildcard74
[DEBUG] Dynamically added transition from wildcard158 to wildcard73
[DEBUG] Dynamically added transition from wildcard158 to wildcard72
[DEBUG] Dynamically added transition from wildcard158 to wildcard71
[DEBUG] Dynamically added transition from wildcard158 to wildcard70
[DEBUG] Dynamically added transition from wildcard158 to wildcard110
[DEBUG] Dynamically added transition from wildcard158 to wildcard111
[DEBUG] Dynamically added transition from wildcard158 to wildcard118
[DEBUG] Dynamically added transition from wildcard158 to wildcard119
[DEBUG] Dynamically added transition from wildcard158 to wildcard116
[DEBUG] Dynamically added transition from wildcard158 to wildcard117
[DEBUG] Dynamically added transition from wildcard158 to .*
[DEBUG] Dynamically added transition from wildcard158 to wildcard114
[DEBUG] Dynamically added transition from wildcard158 to wildcard115
[DEBUG] Dynamically added transition from wildcard158 to wildcard112
[DEBUG] Dynamically added transition from wildcard158 to wildcard113
[DEBUG] Dynamically added transition from wildcard158 to wildcard89
[DEBUG] Dynamically added transition from wildcard158 to wildcard88
[DEBUG] Dynamically added transition from wildcard158 to wildcard87
[DEBUG] Dynamically added transition from wildcard158 to wildcard86
[DEBUG] Dynamically added transition from wildcard158 to INITIAL
[DEBUG] Dynamically added transition from wildcard158 to wildcard85
[DEBUG] Dynamically added transition from wildcard158 to wildcard84
[DEBUG] Dynamically added transition from wildcard158 to wildcard83
[DEBUG] Dynamically added transition from wildcard158 to wildcard82
[DEBUG] Dynamically added transition from wildcard158 to wildcard81
[DEBUG] Dynamically added transition from wildcard158 to wildcard80
[DEBUG] Dynamically added transition from wildcard158 to end
[DEBUG] Dynamically added transition from wildcard158 to wildcard16
[DEBUG] Dynamically added transition from wildcard158 to wildcard15
[DEBUG] Dynamically added transition from wildcard158 to wildcard14
[DEBUG] Dynamically added transition from wildcard158 to wildcard13
[DEBUG] Dynamically added transition from wildcard158 to wildcard12
[DEBUG] Dynamically added transition from wildcard158 to wildcard11
[DEBUG] Dynamically added transition from wildcard158 to wildcard99
[DEBUG] Dynamically added transition from wildcard158 to wildcard10
[DEBUG] Dynamically added transition from wildcard158 to wildcard98
[DEBUG] Dynamically added transition from wildcard158 to wildcard97
[DEBUG] Dynamically added transition from wildcard158 to start
[DEBUG] Dynamically added transition from wildcard158 to wildcard96
[DEBUG] Dynamically added transition from wildcard158 to wildcard95
[DEBUG] Dynamically added transition from wildcard158 to wildcard94
[DEBUG] Dynamically added transition from wildcard158 to wildcard93
[DEBUG] Dynamically added transition from wildcard158 to wildcard92
[DEBUG] Dynamically added transition from wildcard158 to wildcard91
[DEBUG] Dynamically added transition from wildcard158 to wildcard90
[INFO] Wildcard transition valid to state: wildcard158
[INFO] Wildcard transition detected from wildcard158 to wildcard159
[DEBUG] Created intermediate state for wildcard transition: wildcard159
[DEBUG] Dynamically added transition from wildcard158 to wildcard159
[DEBUG] Dynamically added transition from wildcard27 to wildcard159
[DEBUG] Dynamically added transition from wildcard26 to wildcard159
[DEBUG] Dynamically added transition from wildcard25 to wildcard159
[DEBUG] Dynamically added transition from wildcard24 to wildcard159
[DEBUG] Dynamically added transition from wildcard23 to wildcard159
[DEBUG] Dynamically added transition from wildcard22 to wildcard159
[DEBUG] Dynamically added transition from wildcard1 to wildcard159
[DEBUG] Dynamically added transition from wildcard21 to wildcard159
[DEBUG] Dynamically added transition from wildcard0 to wildcard159
[DEBUG] Dynamically added transition from wildcard20 to wildcard159
[DEBUG] Dynamically added transition from wildcard3 to wildcard159
[DEBUG] Dynamically added transition from wildcard2 to wildcard159
[DEBUG] Dynamically added transition from wildcard5 to wildcard159
[DEBUG] Dynamically added transition from wildcard4 to wildcard159
[DEBUG] Dynamically added transition from wildcard7 to wildcard159
[DEBUG] Dynamically added transition from wildcard6 to wildcard159
[DEBUG] Dynamically added transition from wildcard9 to wildcard159
[DEBUG] Dynamically added transition from wildcard8 to wildcard159
[DEBUG] Dynamically added transition from wildcard143 to wildcard159
[DEBUG] Dynamically added transition from wildcard144 to wildcard159
[DEBUG] Dynamically added transition from wildcard141 to wildcard159
[DEBUG] Dynamically added transition from wildcard142 to wildcard159
[DEBUG] Dynamically added transition from wildcard140 to wildcard159
[DEBUG] Dynamically added transition from wildcard149 to wildcard159
[DEBUG] Dynamically added transition from wildcard147 to wildcard159
[DEBUG] Dynamically added transition from wildcard19 to wildcard159
[DEBUG] Dynamically added transition from wildcard148 to wildcard159
[DEBUG] Dynamically added transition from wildcard18 to wildcard159
[DEBUG] Dynamically added transition from wildcard145 to wildcard159
[DEBUG] Dynamically added transition from wildcard17 to wildcard159
[DEBUG] Dynamically added transition from wildcard146 to wildcard159
[DEBUG] Dynamically added transition from wildcard38 to wildcard159
[DEBUG] Dynamically added transition from wildcard37 to wildcard159
[DEBUG] Dynamically added transition from wildcard36 to wildcard159
[DEBUG] Dynamically added transition from wildcard35 to wildcard159
[DEBUG] Dynamically added transition from wildcard34 to wildcard159
[DEBUG] Dynamically added transition from wildcard33 to wildcard159
[DEBUG] Dynamically added transition from wildcard32 to wildcard159
[DEBUG] Dynamically added transition from wildcard31 to wildcard159
[DEBUG] Dynamically added transition from wildcard30 to wildcard159
[DEBUG] Dynamically added transition from wildcard154 to wildcard159
[DEBUG] Dynamically added transition from wildcard155 to wildcard159
[DEBUG] Dynamically added transition from wildcard152 to wildcard159
[DEBUG] Dynamically added transition from wildcard153 to wildcard159
[DEBUG] Dynamically added transition from wildcard150 to wildcard159
[DEBUG] Dynamically added transition from wildcard151 to wildcard159
[DEBUG] Dynamically added transition from wildcard29 to wildcard159
[DEBUG] Dynamically added transition from wildcard156 to wildcard159
[DEBUG] Dynamically added transition from wildcard28 to wildcard159
[DEBUG] Dynamically added transition from wildcard157 to wildcard159
[DEBUG] Dynamically added transition from wildcard49 to wildcard159
[DEBUG] Dynamically added transition from wildcard48 to wildcard159
[DEBUG] Dynamically added transition from wildcard47 to wildcard159
[DEBUG] Dynamically added transition from wildcard46 to wildcard159
[DEBUG] Dynamically added transition from wildcard45 to wildcard159
[DEBUG] Dynamically added transition from wildcard44 to wildcard159
[DEBUG] Dynamically added transition from wildcard43 to wildcard159
[DEBUG] Dynamically added transition from wildcard42 to wildcard159
[DEBUG] Dynamically added transition from wildcard41 to wildcard159
[DEBUG] Dynamically added transition from wildcard40 to wildcard159
[DEBUG] Dynamically added transition from wildcard121 to wildcard159
[DEBUG] Dynamically added transition from wildcard122 to wildcard159
[DEBUG] Dynamically added transition from wildcard120 to wildcard159
[DEBUG] Dynamically added transition from wildcard129 to wildcard159
[DEBUG] Dynamically added transition from wildcard127 to wildcard159
[DEBUG] Dynamically added transition from wildcard128 to wildcard159
[DEBUG] Dynamically added transition from wildcard125 to wildcard159
[DEBUG] Dynamically added transition from wildcard126 to wildcard159
[DEBUG] Dynamically added transition from wildcard123 to wildcard159
[DEBUG] Dynamically added transition from wildcard39 to wildcard159
[DEBUG] Dynamically added transition from wildcard124 to wildcard159
[DEBUG] Dynamically added transition from wildcard59 to wildcard159
[DEBUG] Dynamically added transition from wildcard58 to wildcard159
[DEBUG] Dynamically added transition from middle to wildcard159
[DEBUG] Dynamically added transition from wildcard57 to wildcard159
[DEBUG] Dynamically added transition from wildcard56 to wildcard159
[DEBUG] Dynamically added transition from wildcard55 to wildcard159
[DEBUG] Dynamically added transition from wildcard54 to wildcard159
[DEBUG] Dynamically added transition from wildcard53 to wildcard159
[DEBUG] Dynamically added transition from wildcard52 to wildcard159
[DEBUG] Dynamically added transition from wildcard51 to wildcard159
[DEBUG] Dynamically added transition from wildcard50 to wildcard159
[DEBUG] Dynamically added transition from wildcard132 to wildcard159
[DEBUG] Dynamically added transition from wildcard133 to wildcard159
[DEBUG] Dynamically added transition from wildcard130 to wildcard159
[DEBUG] Dynamically added transition from wildcard131 to wildcard159
[DEBUG] Dynamically added transition from wildcard138 to wildcard159
[DEBUG] Dynamically added transition from wildcard139 to wildcard159
[DEBUG] Dynamically added transition from wildcard136 to wildcard159
[DEBUG] Dynamically added transition from wildcard137 to wildcard159
[DEBUG] Dynamically added transition from wildcard134 to wildcard159
[DEBUG] Dynamically added transition from wildcard135 to wildcard159
[DEBUG] Dynamically added transition from wildcard69 to wildcard159
[DEBUG] Dynamically added transition from wildcard68 to wildcard159
[DEBUG] Dynamically added transition from wildcard67 to wildcard159
[DEBUG] Dynamically added transition from wildcard66 to wildcard159
[DEBUG] Dynamically added transition from wildcard65 to wildcard159
[DEBUG] Dynamically added transition from wildcard64 to wildcard159
[DEBUG] Dynamically added transition from wildcard63 to wildcard159
[DEBUG] Dynamically added transition from wildcard62 to wildcard159
[DEBUG] Dynamically added transition from wildcard61 to wildcard159
[DEBUG] Dynamically added transition from wildcard60 to wildcard159
[DEBUG] Dynamically added transition from wildcard100 to wildcard159
[DEBUG] Dynamically added transition from wildcard107 to wildcard159
[DEBUG] Dynamically added transition from wildcard108 to wildcard159
[DEBUG] Dynamically added transition from wildcard105 to wildcard159
[DEBUG] Dynamically added transition from wildcard106 to wildcard159
[DEBUG] Dynamically added transition from wildcard103 to wildcard159
[DEBUG] Dynamically added transition from wildcard104 to wildcard159
[DEBUG] Dynamically added transition from wildcard101 to wildcard159
[DEBUG] Dynamically added transition from wildcard102 to wildcard159
[DEBUG] Dynamically added transition from wildcard79 to wildcard159
[DEBUG] Dynamically added transition from wildcard78 to wildcard159
[DEBUG] Dynamically added transition from wildcard77 to wildcard159
[DEBUG] Dynamically added transition from wildcard76 to wildcard159
[DEBUG] Dynamically added transition from wildcard109 to wildcard159
[DEBUG] Dynamically added transition from wildcard75 to wildcard159
[DEBUG] Dynamically added transition from wildcard74 to wildcard159
[DEBUG] Dynamically added transition from wildcard73 to wildcard159
[DEBUG] Dynamically added transition from wildcard72 to wildcard159
[DEBUG] Dynamically added transition from wildcard71 to wildcard159
[DEBUG] Dynamically added transition from wildcard70 to wildcard159
[DEBUG] Dynamically added transition from wildcard110 to wildcard159
[DEBUG] Dynamically added transition from wildcard111 to wildcard159
[DEBUG] Dynamically added transition from wildcard118 to wildcard159
[DEBUG] Dynamically added transition from wildcard119 to wildcard159
[DEBUG] Dynamically added transition from wildcard116 to wildcard159
[DEBUG] Dynamically added transition from wildcard117 to wildcard159
[DEBUG] Dynamically added transition from wildcard114 to wildcard159
[DEBUG] Dynamically added transition from wildcard115 to wildcard159
[DEBUG] Dynamically added transition from wildcard112 to wildcard159
[DEBUG] Dynamically added transition from wildcard113 to wildcard159
[DEBUG] Dynamically added transition from wildcard89 to wildcard159
[DEBUG] Dynamically added transition from wildcard88 to wildcard159
[DEBUG] Dynamically added transition from wildcard87 to wildcard159
[DEBUG] Dynamically added transition from wildcard86 to wildcard159
[DEBUG] Dynamically added transition from wildcard85 to wildcard159
[DEBUG] Dynamically added transition from wildcard84 to wildcard159
[DEBUG] Dynamically added transition from wildcard83 to wildcard159
[DEBUG] Dynamically added transition from wildcard82 to wildcard159
[DEBUG] Dynamically added transition from wildcard81 to wildcard159
[DEBUG] Dynamically added transition from wildcard80 to wildcard159
[DEBUG] Dynamically added transition from wildcard16 to wildcard159
[DEBUG] Dynamically added transition from wildcard15 to wildcard159
[DEBUG] Dynamically added transition from wildcard14 to wildcard159
[DEBUG] Dynamically added transition from wildcard13 to wildcard159
[DEBUG] Dynamically added transition from wildcard12 to wildcard159
[DEBUG] Dynamically added transition from wildcard11 to wildcard159
[DEBUG] Dynamically added transition from wildcard99 to wildcard159
[DEBUG] Dynamically added transition from wildcard10 to wildcard159
[DEBUG] Dynamically added transition from wildcard98 to wildcard159
[DEBUG] Dynamically added transition from wildcard97 to wildcard159
[DEBUG] Dynamically added transition from start to wildcard159
[DEBUG] Dynamically added transition from wildcard96 to wildcard159
[DEBUG] Dynamically added transition from wildcard95 to wildcard159
[DEBUG] Dynamically added transition from wildcard94 to wildcard159
[DEBUG] Dynamically added transition from wildcard93 to wildcard159
[DEBUG] Dynamically added transition from wildcard92 to wildcard159
[DEBUG] Dynamically added transition from wildcard91 to wildcard159
[DEBUG] Dynamically added transition from wildcard90 to wildcard159
[DEBUG] Dynamically added transition from wildcard159 to wildcard27
[DEBUG] Dynamically added transition from wildcard159 to wildcard26
[DEBUG] Dynamically added transition from wildcard159 to wildcard25
[DEBUG] Dynamically added transition from wildcard159 to wildcard24
[DEBUG] Dynamically added transition from wildcard159 to wildcard23
[DEBUG] Dynamically added transition from wildcard159 to wildcard22
[DEBUG] Dynamically added transition from wildcard159 to wildcard1
[DEBUG] Dynamically added transition from wildcard159 to wildcard21
[DEBUG] Dynamically added transition from wildcard159 to wildcard0
[DEBUG] Dynamically added transition from wildcard159 to wildcard20
[DEBUG] Dynamically added transition from wildcard159 to wildcard3
[DEBUG] Dynamically added transition from wildcard159 to wildcard2
[DEBUG] Dynamically added transition from wildcard159 to wildcard5
[DEBUG] Dynamically added transition from wildcard159 to wildcard4
[DEBUG] Dynamically added transition from wildcard159 to wildcard7
[DEBUG] Dynamically added transition from wildcard159 to wildcard6
[DEBUG] Dynamically added transition from wildcard159 to wildcard9
[DEBUG] Dynamically added transition from wildcard159 to wildcard8
[DEBUG] Dynamically added transition from wildcard159 to wildcard143
[DEBUG] Dynamically added transition from wildcard159 to wildcard144
[DEBUG] Dynamically added transition from wildcard159 to wildcard141
[DEBUG] Dynamically added transition from wildcard159 to wildcard142
[DEBUG] Dynamically added transition from wildcard159 to wildcard140
[DEBUG] Dynamically added transition from wildcard159 to wildcard149
[DEBUG] Dynamically added transition from wildcard159 to wildcard147
[DEBUG] Dynamically added transition from wildcard159 to wildcard19
[DEBUG] Dynamically added transition from wildcard159 to wildcard148
[DEBUG] Dynamically added transition from wildcard159 to wildcard18
[DEBUG] Dynamically added transition from wildcard159 to wildcard145
[DEBUG] Dynamically added transition from wildcard159 to wildcard17
[DEBUG] Dynamically added transition from wildcard159 to wildcard146
[DEBUG] Dynamically added transition from wildcard159 to wildcard38
[DEBUG] Dynamically added transition from wildcard159 to wildcard37
[DEBUG] Dynamically added transition from wildcard159 to wildcard36
[DEBUG] Dynamically added transition from wildcard159 to wildcard35
[DEBUG] Dynamically added transition from wildcard159 to wildcard34
[DEBUG] Dynamically added transition from wildcard159 to wildcard33
[DEBUG] Dynamically added transition from wildcard159 to wildcard32
[DEBUG] Dynamically added transition from wildcard159 to wildcard31
[DEBUG] Dynamically added transition from wildcard159 to wildcard30
[DEBUG] Dynamically added transition from wildcard159 to wildcard154
[DEBUG] Dynamically added transition from wildcard159 to wildcard155
[DEBUG] Dynamically added transition from wildcard159 to wildcard152
[DEBUG] Dynamically added transition from wildcard159 to wildcard153
[DEBUG] Dynamically added transition from wildcard159 to wildcard150
[DEBUG] Dynamically added transition from wildcard159 to wildcard151
[DEBUG] Dynamically added transition from wildcard159 to wildcard158
[DEBUG] Dynamically added transition from wildcard159 to wildcard159
[DEBUG] Dynamically added transition from wildcard159 to wildcard29
[DEBUG] Dynamically added transition from wildcard159 to wildcard156
[DEBUG] Dynamically added transition from wildcard159 to wildcard28
[DEBUG] Dynamically added transition from wildcard159 to wildcard157
[DEBUG] Dynamically added transition from wildcard159 to wildcard49
[DEBUG] Dynamically added transition from wildcard159 to wildcard48
[DEBUG] Dynamically added transition from wildcard159 to wildcard47
[DEBUG] Dynamically added transition from wildcard159 to wildcard46
[DEBUG] Dynamically added transition from wildcard159 to wildcard45
[DEBUG] Dynamically added transition from wildcard159 to wildcard44
[DEBUG] Dynamically added transition from wildcard159 to wildcard43
[DEBUG] Dynamically added transition from wildcard159 to wildcard42
[DEBUG] Dynamically added transition from wildcard159 to wildcard41
[DEBUG] Dynamically added transition from wildcard159 to wildcard40
[DEBUG] Dynamically added transition from wildcard159 to wildcard121
[DEBUG] Dynamically added transition from wildcard159 to wildcard122
[DEBUG] Dynamically added transition from wildcard159 to wildcard120
[DEBUG] Dynamically added transition from wildcard159 to wildcard129
[DEBUG] Dynamically added transition from wildcard159 to wildcard127
[DEBUG] Dynamically added transition from wildcard159 to wildcard128
[DEBUG] Dynamically added transition from wildcard159 to wildcard125
[DEBUG] Dynamically added transition from wildcard159 to wildcard126
[DEBUG] Dynamically added transition from wildcard159 to wildcard123
[DEBUG] Dynamically added transition from wildcard159 to wildcard39
[DEBUG] Dynamically added transition from wildcard159 to wildcard124
[DEBUG] Dynamically added transition from wildcard159 to wildcard59
[DEBUG] Dynamically added transition from wildcard159 to wildcard58
[DEBUG] Dynamically added transition from wildcard159 to middle
[DEBUG] Dynamically added transition from wildcard159 to wildcard57
[DEBUG] Dynamically added transition from wildcard159 to wildcard56
[DEBUG] Dynamically added transition from wildcard159 to wildcard55
[DEBUG] Dynamically added transition from wildcard159 to wildcard54
[DEBUG] Dynamically added transition from wildcard159 to wildcard53
[DEBUG] Dynamically added transition from wildcard159 to wildcard52
[DEBUG] Dynamically added transition from wildcard159 to wildcard51
[DEBUG] Dynamically added transition from wildcard159 to wildcard50
[DEBUG] Dynamically added transition from wildcard159 to wildcard132
[DEBUG] Dynamically added transition from wildcard159 to wildcard133
[DEBUG] Dynamically added transition from wildcard159 to wildcard130
[DEBUG] Dynamically added transition from wildcard159 to wildcard131
[DEBUG] Dynamically added transition from wildcard159 to wildcard138
[DEBUG] Dynamically added transition from wildcard159 to wildcard139
[DEBUG] Dynamically added transition from wildcard159 to wildcard136
[DEBUG] Dynamically added transition from wildcard159 to wildcard137
[DEBUG] Dynamically added transition from wildcard159 to wildcard134
[DEBUG] Dynamically added transition from wildcard159 to wildcard135
[DEBUG] Dynamically added transition from wildcard159 to wildcard69
[DEBUG] Dynamically added transition from wildcard159 to wildcard68
[DEBUG] Dynamically added transition from wildcard159 to wildcard67
[DEBUG] Dynamically added transition from wildcard159 to wildcard66
[DEBUG] Dynamically added transition from wildcard159 to wildcard65
[DEBUG] Dynamically added transition from wildcard159 to wildcard64
[DEBUG] Dynamically added transition from wildcard159 to wildcard63
[DEBUG] Dynamically added transition from wildcard159 to wildcard62
[DEBUG] Dynamically added transition from wildcard159 to wildcard61
[DEBUG] Dynamically added transition from wildcard159 to wildcard60
[DEBUG] Dynamically added transition from wildcard159 to wildcard100
[DEBUG] Dynamically added transition from wildcard159 to wildcard107
[DEBUG] Dynamically added transition from wildcard159 to wildcard108
[DEBUG] Dynamically added transition from wildcard159 to wildcard105
[DEBUG] Dynamically added transition from wildcard159 to wildcard106
[DEBUG] Dynamically added transition from wildcard159 to wildcard103
[DEBUG] Dynamically added transition from wildcard159 to wildcard104
[DEBUG] Dynamically added transition from wildcard159 to wildcard101
[DEBUG] Dynamically added transition from wildcard159 to wildcard102
[DEBUG] Dynamically added transition from wildcard159 to wildcard79
[DEBUG] Dynamically added transition from wildcard159 to wildcard78
[DEBUG] Dynamically added transition from wildcard159 to wildcard77
[DEBUG] Dynamically added transition from wildcard159 to wildcard76
[DEBUG] Dynamically added transition from wildcard159 to wildcard109
[DEBUG] Dynamically added transition from wildcard159 to wildcard75
[DEBUG] Dynamically added transition from wildcard159 to wildcard74
[DEBUG] Dynamically added transition from wildcard159 to wildcard73
[DEBUG] Dynamically added transition from wildcard159 to wildcard72
[DEBUG] Dynamically added transition from wildcard159 to wildcard71
[DEBUG] Dynamically added transition from wildcard159 to wildcard70
[DEBUG] Dynamically added transition from wildcard159 to wildcard110
[DEBUG] Dynamically added transition from wildcard159 to wildcard111
[DEBUG] Dynamically added transition from wildcard159 to wildcard118
[DEBUG] Dynamically added transition from wildcard159 to wildcard119
[DEBUG] Dynamically added transition from wildcard159 to wildcard116
[DEBUG] Dynamically added transition from wildcard159 to wildcard117
[DEBUG] Dynamically added transition from wildcard159 to .*
[DEBUG] Dynamically added transition from wildcard159 to wildcard114
[DEBUG] Dynamically added transition from wildcard159 to wildcard115
[DEBUG] Dynamically added transition from wildcard159 to wildcard112
[DEBUG] Dynamically added transition from wildcard159 to wildcard113
[DEBUG] Dynamically added transition from wildcard159 to wildcard89
[DEBUG] Dynamically added transition from wildcard159 to wildcard88
[DEBUG] Dynamically added transition from wildcard159 to wildcard87
[DEBUG] Dynamically added transition from wildcard159 to wildcard86
[DEBUG] Dynamically added transition from wildcard159 to INITIAL
[DEBUG] Dynamically added transition from wildcard159 to wildcard85
[DEBUG] Dynamically added transition from wildcard159 to wildcard84
[DEBUG] Dynamically added transition from wildcard159 to wildcard83
[DEBUG] Dynamically added transition from wildcard159 to wildcard82
[DEBUG] Dynamically added transition from wildcard159 to wildcard81
[DEBUG] Dynamically added transition from wildcard159 to wildcard80
[DEBUG] Dynamically added transition from wildcard159 to end
[DEBUG] Dynamically added transition from wildcard159 to wildcard16
[DEBUG] Dynamically added transition from wildcard159 to wildcard15
[DEBUG] Dynamically added transition from wildcard159 to wildcard14
[DEBUG] Dynamically added transition from wildcard159 to wildcard13
[DEBUG] Dynamically added transition from wildcard159 to wildcard12
[DEBUG] Dynamically added transition from wildcard159 to wildcard11
[DEBUG] Dynamically added transition from wildcard159 to wildcard99
[DEBUG] Dynamically added transition from wildcard159 to wildcard10
[DEBUG] Dynamically added transition from wildcard159 to wildcard98
[DEBUG] Dynamically added transition from wildcard159 to wildcard97
[DEBUG] Dynamically added transition from wildcard159 to start
[DEBUG] Dynamically added transition from wildcard159 to wildcard96
[DEBUG] Dynamically added transition from wildcard159 to wildcard95
[DEBUG] Dynamically added transition from wildcard159 to wildcard94
[DEBUG] Dynamically added transition from wildcard159 to wildcard93
[DEBUG] Dynamically added transition from wildcard159 to wildcard92
[DEBUG] Dynamically added transition from wildcard159 to wildcard91
[DEBUG] Dynamically added transition from wildcard159 to wildcard90
[INFO] Wildcard transition valid to state: wildcard159
[INFO] Wildcard transition detected from wildcard159 to wildcard160
[DEBUG] Created intermediate state for wildcard transition: wildcard160
[DEBUG] Dynamically added transition from wildcard159 to wildcard160
[DEBUG] Dynamically added transition from wildcard27 to wildcard160
[DEBUG] Dynamically added transition from wildcard26 to wildcard160
[DEBUG] Dynamically added transition from wildcard25 to wildcard160
[DEBUG] Dynamically added transition from wildcard24 to wildcard160
[DEBUG] Dynamically added transition from wildcard23 to wildcard160
[DEBUG] Dynamically added transition from wildcard22 to wildcard160
[DEBUG] Dynamically added transition from wildcard1 to wildcard160
[DEBUG] Dynamically added transition from wildcard21 to wildcard160
[DEBUG] Dynamically added transition from wildcard0 to wildcard160
[DEBUG] Dynamically added transition from wildcard20 to wildcard160
[DEBUG] Dynamically added transition from wildcard3 to wildcard160
[DEBUG] Dynamically added transition from wildcard2 to wildcard160
[DEBUG] Dynamically added transition from wildcard5 to wildcard160
[DEBUG] Dynamically added transition from wildcard4 to wildcard160
[DEBUG] Dynamically added transition from wildcard7 to wildcard160
[DEBUG] Dynamically added transition from wildcard6 to wildcard160
[DEBUG] Dynamically added transition from wildcard9 to wildcard160
[DEBUG] Dynamically added transition from wildcard8 to wildcard160
[DEBUG] Dynamically added transition from wildcard143 to wildcard160
[DEBUG] Dynamically added transition from wildcard144 to wildcard160
[DEBUG] Dynamically added transition from wildcard141 to wildcard160
[DEBUG] Dynamically added transition from wildcard142 to wildcard160
[DEBUG] Dynamically added transition from wildcard140 to wildcard160
[DEBUG] Dynamically added transition from wildcard149 to wildcard160
[DEBUG] Dynamically added transition from wildcard147 to wildcard160
[DEBUG] Dynamically added transition from wildcard19 to wildcard160
[DEBUG] Dynamically added transition from wildcard148 to wildcard160
[DEBUG] Dynamically added transition from wildcard18 to wildcard160
[DEBUG] Dynamically added transition from wildcard145 to wildcard160
[DEBUG] Dynamically added transition from wildcard17 to wildcard160
[DEBUG] Dynamically added transition from wildcard146 to wildcard160
[DEBUG] Dynamically added transition from wildcard38 to wildcard160
[DEBUG] Dynamically added transition from wildcard37 to wildcard160
[DEBUG] Dynamically added transition from wildcard36 to wildcard160
[DEBUG] Dynamically added transition from wildcard35 to wildcard160
[DEBUG] Dynamically added transition from wildcard34 to wildcard160
[DEBUG] Dynamically added transition from wildcard33 to wildcard160
[DEBUG] Dynamically added transition from wildcard32 to wildcard160
[DEBUG] Dynamically added transition from wildcard31 to wildcard160
[DEBUG] Dynamically added transition from wildcard30 to wildcard160
[DEBUG] Dynamically added transition from wildcard154 to wildcard160
[DEBUG] Dynamically added transition from wildcard155 to wildcard160
[DEBUG] Dynamically added transition from wildcard152 to wildcard160
[DEBUG] Dynamically added transition from wildcard153 to wildcard160
[DEBUG] Dynamically added transition from wildcard150 to wildcard160
[DEBUG] Dynamically added transition from wildcard151 to wildcard160
[DEBUG] Dynamically added transition from wildcard158 to wildcard160
[DEBUG] Dynamically added transition from wildcard29 to wildcard160
[DEBUG] Dynamically added transition from wildcard156 to wildcard160
[DEBUG] Dynamically added transition from wildcard28 to wildcard160
[DEBUG] Dynamically added transition from wildcard157 to wildcard160
[DEBUG] Dynamically added transition from wildcard49 to wildcard160
[DEBUG] Dynamically added transition from wildcard48 to wildcard160
[DEBUG] Dynamically added transition from wildcard47 to wildcard160
[DEBUG] Dynamically added transition from wildcard46 to wildcard160
[DEBUG] Dynamically added transition from wildcard45 to wildcard160
[DEBUG] Dynamically added transition from wildcard44 to wildcard160
[DEBUG] Dynamically added transition from wildcard43 to wildcard160
[DEBUG] Dynamically added transition from wildcard42 to wildcard160
[DEBUG] Dynamically added transition from wildcard41 to wildcard160
[DEBUG] Dynamically added transition from wildcard40 to wildcard160
[DEBUG] Dynamically added transition from wildcard121 to wildcard160
[DEBUG] Dynamically added transition from wildcard122 to wildcard160
[DEBUG] Dynamically added transition from wildcard120 to wildcard160
[DEBUG] Dynamically added transition from wildcard129 to wildcard160
[DEBUG] Dynamically added transition from wildcard127 to wildcard160
[DEBUG] Dynamically added transition from wildcard128 to wildcard160
[DEBUG] Dynamically added transition from wildcard125 to wildcard160
[DEBUG] Dynamically added transition from wildcard126 to wildcard160
[DEBUG] Dynamically added transition from wildcard123 to wildcard160
[DEBUG] Dynamically added transition from wildcard39 to wildcard160
[DEBUG] Dynamically added transition from wildcard124 to wildcard160
[DEBUG] Dynamically added transition from wildcard59 to wildcard160
[DEBUG] Dynamically added transition from wildcard58 to wildcard160
[DEBUG] Dynamically added transition from middle to wildcard160
[DEBUG] Dynamically added transition from wildcard57 to wildcard160
[DEBUG] Dynamically added transition from wildcard56 to wildcard160
[DEBUG] Dynamically added transition from wildcard55 to wildcard160
[DEBUG] Dynamically added transition from wildcard54 to wildcard160
[DEBUG] Dynamically added transition from wildcard53 to wildcard160
[DEBUG] Dynamically added transition from wildcard52 to wildcard160
[DEBUG] Dynamically added transition from wildcard51 to wildcard160
[DEBUG] Dynamically added transition from wildcard50 to wildcard160
[DEBUG] Dynamically added transition from wildcard132 to wildcard160
[DEBUG] Dynamically added transition from wildcard133 to wildcard160
[DEBUG] Dynamically added transition from wildcard130 to wildcard160
[DEBUG] Dynamically added transition from wildcard131 to wildcard160
[DEBUG] Dynamically added transition from wildcard138 to wildcard160
[DEBUG] Dynamically added transition from wildcard139 to wildcard160
[DEBUG] Dynamically added transition from wildcard136 to wildcard160
[DEBUG] Dynamically added transition from wildcard137 to wildcard160
[DEBUG] Dynamically added transition from wildcard134 to wildcard160
[DEBUG] Dynamically added transition from wildcard135 to wildcard160
[DEBUG] Dynamically added transition from wildcard69 to wildcard160
[DEBUG] Dynamically added transition from wildcard68 to wildcard160
[DEBUG] Dynamically added transition from wildcard67 to wildcard160
[DEBUG] Dynamically added transition from wildcard66 to wildcard160
[DEBUG] Dynamically added transition from wildcard65 to wildcard160
[DEBUG] Dynamically added transition from wildcard64 to wildcard160
[DEBUG] Dynamically added transition from wildcard63 to wildcard160
[DEBUG] Dynamically added transition from wildcard62 to wildcard160
[DEBUG] Dynamically added transition from wildcard61 to wildcard160
[DEBUG] Dynamically added transition from wildcard60 to wildcard160
[DEBUG] Dynamically added transition from wildcard100 to wildcard160
[DEBUG] Dynamically added transition from wildcard107 to wildcard160
[DEBUG] Dynamically added transition from wildcard108 to wildcard160
[DEBUG] Dynamically added transition from wildcard105 to wildcard160
[DEBUG] Dynamically added transition from wildcard106 to wildcard160
[DEBUG] Dynamically added transition from wildcard103 to wildcard160
[DEBUG] Dynamically added transition from wildcard104 to wildcard160
[DEBUG] Dynamically added transition from wildcard101 to wildcard160
[DEBUG] Dynamically added transition from wildcard102 to wildcard160
[DEBUG] Dynamically added transition from wildcard79 to wildcard160
[DEBUG] Dynamically added transition from wildcard78 to wildcard160
[DEBUG] Dynamically added transition from wildcard77 to wildcard160
[DEBUG] Dynamically added transition from wildcard76 to wildcard160
[DEBUG] Dynamically added transition from wildcard109 to wildcard160
[DEBUG] Dynamically added transition from wildcard75 to wildcard160
[DEBUG] Dynamically added transition from wildcard74 to wildcard160
[DEBUG] Dynamically added transition from wildcard73 to wildcard160
[DEBUG] Dynamically added transition from wildcard72 to wildcard160
[DEBUG] Dynamically added transition from wildcard71 to wildcard160
[DEBUG] Dynamically added transition from wildcard70 to wildcard160
[DEBUG] Dynamically added transition from wildcard110 to wildcard160
[DEBUG] Dynamically added transition from wildcard111 to wildcard160
[DEBUG] Dynamically added transition from wildcard118 to wildcard160
[DEBUG] Dynamically added transition from wildcard119 to wildcard160
[DEBUG] Dynamically added transition from wildcard116 to wildcard160
[DEBUG] Dynamically added transition from wildcard117 to wildcard160
[DEBUG] Dynamically added transition from wildcard114 to wildcard160
[DEBUG] Dynamically added transition from wildcard115 to wildcard160
[DEBUG] Dynamically added transition from wildcard112 to wildcard160
[DEBUG] Dynamically added transition from wildcard113 to wildcard160
[DEBUG] Dynamically added transition from wildcard89 to wildcard160
[DEBUG] Dynamically added transition from wildcard88 to wildcard160
[DEBUG] Dynamically added transition from wildcard87 to wildcard160
[DEBUG] Dynamically added transition from wildcard86 to wildcard160
[DEBUG] Dynamically added transition from wildcard85 to wildcard160
[DEBUG] Dynamically added transition from wildcard84 to wildcard160
[DEBUG] Dynamically added transition from wildcard83 to wildcard160
[DEBUG] Dynamically added transition from wildcard82 to wildcard160
[DEBUG] Dynamically added transition from wildcard81 to wildcard160
[DEBUG] Dynamically added transition from wildcard80 to wildcard160
[DEBUG] Dynamically added transition from wildcard16 to wildcard160
[DEBUG] Dynamically added transition from wildcard15 to wildcard160
[DEBUG] Dynamically added transition from wildcard14 to wildcard160
[DEBUG] Dynamically added transition from wildcard13 to wildcard160
[DEBUG] Dynamically added transition from wildcard12 to wildcard160
[DEBUG] Dynamically added transition from wildcard11 to wildcard160
[DEBUG] Dynamically added transition from wildcard99 to wildcard160
[DEBUG] Dynamically added transition from wildcard10 to wildcard160
[DEBUG] Dynamically added transition from wildcard98 to wildcard160
[DEBUG] Dynamically added transition from wildcard97 to wildcard160
[DEBUG] Dynamically added transition from start to wildcard160
[DEBUG] Dynamically added transition from wildcard96 to wildcard160
[DEBUG] Dynamically added transition from wildcard95 to wildcard160
[DEBUG] Dynamically added transition from wildcard94 to wildcard160
[DEBUG] Dynamically added transition from wildcard93 to wildcard160
[DEBUG] Dynamically added transition from wildcard92 to wildcard160
[DEBUG] Dynamically added transition from wildcard91 to wildcard160
[DEBUG] Dynamically added transition from wildcard90 to wildcard160
[DEBUG] Dynamically added transition from wildcard160 to wildcard27
[DEBUG] Dynamically added transition from wildcard160 to wildcard26
[DEBUG] Dynamically added transition from wildcard160 to wildcard25
[DEBUG] Dynamically added transition from wildcard160 to wildcard24
[DEBUG] Dynamically added transition from wildcard160 to wildcard23
[DEBUG] Dynamically added transition from wildcard160 to wildcard22
[DEBUG] Dynamically added transition from wildcard160 to wildcard1
[DEBUG] Dynamically added transition from wildcard160 to wildcard21
[DEBUG] Dynamically added transition from wildcard160 to wildcard0
[DEBUG] Dynamically added transition from wildcard160 to wildcard20
[DEBUG] Dynamically added transition from wildcard160 to wildcard3
[DEBUG] Dynamically added transition from wildcard160 to wildcard2
[DEBUG] Dynamically added transition from wildcard160 to wildcard5
[DEBUG] Dynamically added transition from wildcard160 to wildcard4
[DEBUG] Dynamically added transition from wildcard160 to wildcard7
[DEBUG] Dynamically added transition from wildcard160 to wildcard6
[DEBUG] Dynamically added transition from wildcard160 to wildcard9
[DEBUG] Dynamically added transition from wildcard160 to wildcard8
[DEBUG] Dynamically added transition from wildcard160 to wildcard143
[DEBUG] Dynamically added transition from wildcard160 to wildcard144
[DEBUG] Dynamically added transition from wildcard160 to wildcard141
[DEBUG] Dynamically added transition from wildcard160 to wildcard142
[DEBUG] Dynamically added transition from wildcard160 to wildcard140
[DEBUG] Dynamically added transition from wildcard160 to wildcard149
[DEBUG] Dynamically added transition from wildcard160 to wildcard147
[DEBUG] Dynamically added transition from wildcard160 to wildcard19
[DEBUG] Dynamically added transition from wildcard160 to wildcard148
[DEBUG] Dynamically added transition from wildcard160 to wildcard18
[DEBUG] Dynamically added transition from wildcard160 to wildcard145
[DEBUG] Dynamically added transition from wildcard160 to wildcard17
[DEBUG] Dynamically added transition from wildcard160 to wildcard146
[DEBUG] Dynamically added transition from wildcard160 to wildcard38
[DEBUG] Dynamically added transition from wildcard160 to wildcard37
[DEBUG] Dynamically added transition from wildcard160 to wildcard36
[DEBUG] Dynamically added transition from wildcard160 to wildcard35
[DEBUG] Dynamically added transition from wildcard160 to wildcard34
[DEBUG] Dynamically added transition from wildcard160 to wildcard33
[DEBUG] Dynamically added transition from wildcard160 to wildcard32
[DEBUG] Dynamically added transition from wildcard160 to wildcard31
[DEBUG] Dynamically added transition from wildcard160 to wildcard30
[DEBUG] Dynamically added transition from wildcard160 to wildcard154
[DEBUG] Dynamically added transition from wildcard160 to wildcard155
[DEBUG] Dynamically added transition from wildcard160 to wildcard152
[DEBUG] Dynamically added transition from wildcard160 to wildcard153
[DEBUG] Dynamically added transition from wildcard160 to wildcard150
[DEBUG] Dynamically added transition from wildcard160 to wildcard151
[DEBUG] Dynamically added transition from wildcard160 to wildcard158
[DEBUG] Dynamically added transition from wildcard160 to wildcard159
[DEBUG] Dynamically added transition from wildcard160 to wildcard29
[DEBUG] Dynamically added transition from wildcard160 to wildcard156
[DEBUG] Dynamically added transition from wildcard160 to wildcard28
[DEBUG] Dynamically added transition from wildcard160 to wildcard157
[DEBUG] Dynamically added transition from wildcard160 to wildcard49
[DEBUG] Dynamically added transition from wildcard160 to wildcard48
[DEBUG] Dynamically added transition from wildcard160 to wildcard47
[DEBUG] Dynamically added transition from wildcard160 to wildcard46
[DEBUG] Dynamically added transition from wildcard160 to wildcard45
[DEBUG] Dynamically added transition from wildcard160 to wildcard44
[DEBUG] Dynamically added transition from wildcard160 to wildcard43
[DEBUG] Dynamically added transition from wildcard160 to wildcard42
[DEBUG] Dynamically added transition from wildcard160 to wildcard41
[DEBUG] Dynamically added transition from wildcard160 to wildcard40
[DEBUG] Dynamically added transition from wildcard160 to wildcard121
[DEBUG] Dynamically added transition from wildcard160 to wildcard122
[DEBUG] Dynamically added transition from wildcard160 to wildcard120
[DEBUG] Dynamically added transition from wildcard160 to wildcard129
[DEBUG] Dynamically added transition from wildcard160 to wildcard127
[DEBUG] Dynamically added transition from wildcard160 to wildcard128
[DEBUG] Dynamically added transition from wildcard160 to wildcard125
[DEBUG] Dynamically added transition from wildcard160 to wildcard126
[DEBUG] Dynamically added transition from wildcard160 to wildcard123
[DEBUG] Dynamically added transition from wildcard160 to wildcard39
[DEBUG] Dynamically added transition from wildcard160 to wildcard124
[DEBUG] Dynamically added transition from wildcard160 to wildcard59
[DEBUG] Dynamically added transition from wildcard160 to wildcard58
[DEBUG] Dynamically added transition from wildcard160 to middle
[DEBUG] Dynamically added transition from wildcard160 to wildcard57
[DEBUG] Dynamically added transition from wildcard160 to wildcard56
[DEBUG] Dynamically added transition from wildcard160 to wildcard55
[DEBUG] Dynamically added transition from wildcard160 to wildcard54
[DEBUG] Dynamically added transition from wildcard160 to wildcard53
[DEBUG] Dynamically added transition from wildcard160 to wildcard52
[DEBUG] Dynamically added transition from wildcard160 to wildcard51
[DEBUG] Dynamically added transition from wildcard160 to wildcard50
[DEBUG] Dynamically added transition from wildcard160 to wildcard132
[DEBUG] Dynamically added transition from wildcard160 to wildcard133
[DEBUG] Dynamically added transition from wildcard160 to wildcard130
[DEBUG] Dynamically added transition from wildcard160 to wildcard131
[DEBUG] Dynamically added transition from wildcard160 to wildcard138
[DEBUG] Dynamically added transition from wildcard160 to wildcard139
[DEBUG] Dynamically added transition from wildcard160 to wildcard136
[DEBUG] Dynamically added transition from wildcard160 to wildcard137
[DEBUG] Dynamically added transition from wildcard160 to wildcard134
[DEBUG] Dynamically added transition from wildcard160 to wildcard135
[DEBUG] Dynamically added transition from wildcard160 to wildcard69
[DEBUG] Dynamically added transition from wildcard160 to wildcard68
[DEBUG] Dynamically added transition from wildcard160 to wildcard67
[DEBUG] Dynamically added transition from wildcard160 to wildcard66
[DEBUG] Dynamically added transition from wildcard160 to wildcard65
[DEBUG] Dynamically added transition from wildcard160 to wildcard64
[DEBUG] Dynamically added transition from wildcard160 to wildcard63
[DEBUG] Dynamically added transition from wildcard160 to wildcard62
[DEBUG] Dynamically added transition from wildcard160 to wildcard61
[DEBUG] Dynamically added transition from wildcard160 to wildcard60
[DEBUG] Dynamically added transition from wildcard160 to wildcard100
[DEBUG] Dynamically added transition from wildcard160 to wildcard107
[DEBUG] Dynamically added transition from wildcard160 to wildcard108
[DEBUG] Dynamically added transition from wildcard160 to wildcard105
[DEBUG] Dynamically added transition from wildcard160 to wildcard106
[DEBUG] Dynamically added transition from wildcard160 to wildcard103
[DEBUG] Dynamically added transition from wildcard160 to wildcard104
[DEBUG] Dynamically added transition from wildcard160 to wildcard101
[DEBUG] Dynamically added transition from wildcard160 to wildcard102
[DEBUG] Dynamically added transition from wildcard160 to wildcard79
[DEBUG] Dynamically added transition from wildcard160 to wildcard78
[DEBUG] Dynamically added transition from wildcard160 to wildcard77
[DEBUG] Dynamically added transition from wildcard160 to wildcard76
[DEBUG] Dynamically added transition from wildcard160 to wildcard109
[DEBUG] Dynamically added transition from wildcard160 to wildcard75
[DEBUG] Dynamically added transition from wildcard160 to wildcard74
[DEBUG] Dynamically added transition from wildcard160 to wildcard73
[DEBUG] Dynamically added transition from wildcard160 to wildcard72
[DEBUG] Dynamically added transition from wildcard160 to wildcard71
[DEBUG] Dynamically added transition from wildcard160 to wildcard70
[DEBUG] Dynamically added transition from wildcard160 to wildcard110
[DEBUG] Dynamically added transition from wildcard160 to wildcard111
[DEBUG] Dynamically added transition from wildcard160 to wildcard118
[DEBUG] Dynamically added transition from wildcard160 to wildcard119
[DEBUG] Dynamically added transition from wildcard160 to wildcard116
[DEBUG] Dynamically added transition from wildcard160 to wildcard117
[DEBUG] Dynamically added transition from wildcard160 to .*
[DEBUG] Dynamically added transition from wildcard160 to wildcard114
[DEBUG] Dynamically added transition from wildcard160 to wildcard115
[DEBUG] Dynamically added transition from wildcard160 to wildcard112
[DEBUG] Dynamically added transition from wildcard160 to wildcard113
[DEBUG] Dynamically added transition from wildcard160 to wildcard89
[DEBUG] Dynamically added transition from wildcard160 to wildcard88
[DEBUG] Dynamically added transition from wildcard160 to wildcard87
[DEBUG] Dynamically added transition from wildcard160 to wildcard86
[DEBUG] Dynamically added transition from wildcard160 to INITIAL
[DEBUG] Dynamically added transition from wildcard160 to wildcard85
[DEBUG] Dynamically added transition from wildcard160 to wildcard84
[DEBUG] Dynamically added transition from wildcard160 to wildcard83
[DEBUG] Dynamically added transition from wildcard160 to wildcard82
[DEBUG] Dynamically added transition from wildcard160 to wildcard81
[DEBUG] Dynamically added transition from wildcard160 to wildcard80
[DEBUG] Dynamically added transition from wildcard160 to wildcard160
[DEBUG] Dynamically added transition from wildcard160 to end
[DEBUG] Dynamically added transition from wildcard160 to wildcard16
[DEBUG] Dynamically added transition from wildcard160 to wildcard15
[DEBUG] Dynamically added transition from wildcard160 to wildcard14
[DEBUG] Dynamically added transition from wildcard160 to wildcard13
[DEBUG] Dynamically added transition from wildcard160 to wildcard12
[DEBUG] Dynamically added transition from wildcard160 to wildcard11
[DEBUG] Dynamically added transition from wildcard160 to wildcard99
[DEBUG] Dynamically added transition from wildcard160 to wildcard10
[DEBUG] Dynamically added transition from wildcard160 to wildcard98
[DEBUG] Dynamically added transition from wildcard160 to wildcard97
[DEBUG] Dynamically added transition from wildcard160 to start
[DEBUG] Dynamically added transition from wildcard160 to wildcard96
[DEBUG] Dynamically added transition from wildcard160 to wildcard95
[DEBUG] Dynamically added transition from wildcard160 to wildcard94
[DEBUG] Dynamically added transition from wildcard160 to wildcard93
[DEBUG] Dynamically added transition from wildcard160 to wildcard92
[DEBUG] Dynamically added transition from wildcard160 to wildcard91
[DEBUG] Dynamically added transition from wildcard160 to wildcard90
[INFO] Wildcard transition valid to state: wildcard160
[INFO] Wildcard transition detected from wildcard160 to wildcard161
[DEBUG] Created intermediate state for wildcard transition: wildcard161
[DEBUG] Dynamically added transition from wildcard160 to wildcard161
[DEBUG] Dynamically added transition from wildcard27 to wildcard161
[DEBUG] Dynamically added transition from wildcard26 to wildcard161
[DEBUG] Dynamically added transition from wildcard25 to wildcard161
[DEBUG] Dynamically added transition from wildcard24 to wildcard161
[DEBUG] Dynamically added transition from wildcard23 to wildcard161
[DEBUG] Dynamically added transition from wildcard22 to wildcard161
[DEBUG] Dynamically added transition from wildcard1 to wildcard161
[DEBUG] Dynamically added transition from wildcard21 to wildcard161
[DEBUG] Dynamically added transition from wildcard0 to wildcard161
[DEBUG] Dynamically added transition from wildcard20 to wildcard161
[DEBUG] Dynamically added transition from wildcard3 to wildcard161
[DEBUG] Dynamically added transition from wildcard2 to wildcard161
[DEBUG] Dynamically added transition from wildcard5 to wildcard161
[DEBUG] Dynamically added transition from wildcard4 to wildcard161
[DEBUG] Dynamically added transition from wildcard7 to wildcard161
[DEBUG] Dynamically added transition from wildcard6 to wildcard161
[DEBUG] Dynamically added transition from wildcard9 to wildcard161
[DEBUG] Dynamically added transition from wildcard8 to wildcard161
[DEBUG] Dynamically added transition from wildcard143 to wildcard161
[DEBUG] Dynamically added transition from wildcard144 to wildcard161
[DEBUG] Dynamically added transition from wildcard141 to wildcard161
[DEBUG] Dynamically added transition from wildcard142 to wildcard161
[DEBUG] Dynamically added transition from wildcard140 to wildcard161
[DEBUG] Dynamically added transition from wildcard149 to wildcard161
[DEBUG] Dynamically added transition from wildcard147 to wildcard161
[DEBUG] Dynamically added transition from wildcard19 to wildcard161
[DEBUG] Dynamically added transition from wildcard148 to wildcard161
[DEBUG] Dynamically added transition from wildcard18 to wildcard161
[DEBUG] Dynamically added transition from wildcard145 to wildcard161
[DEBUG] Dynamically added transition from wildcard17 to wildcard161
[DEBUG] Dynamically added transition from wildcard146 to wildcard161
[DEBUG] Dynamically added transition from wildcard38 to wildcard161
[DEBUG] Dynamically added transition from wildcard37 to wildcard161
[DEBUG] Dynamically added transition from wildcard36 to wildcard161
[DEBUG] Dynamically added transition from wildcard35 to wildcard161
[DEBUG] Dynamically added transition from wildcard34 to wildcard161
[DEBUG] Dynamically added transition from wildcard33 to wildcard161
[DEBUG] Dynamically added transition from wildcard32 to wildcard161
[DEBUG] Dynamically added transition from wildcard31 to wildcard161
[DEBUG] Dynamically added transition from wildcard30 to wildcard161
[DEBUG] Dynamically added transition from wildcard154 to wildcard161
[DEBUG] Dynamically added transition from wildcard155 to wildcard161
[DEBUG] Dynamically added transition from wildcard152 to wildcard161
[DEBUG] Dynamically added transition from wildcard153 to wildcard161
[DEBUG] Dynamically added transition from wildcard150 to wildcard161
[DEBUG] Dynamically added transition from wildcard151 to wildcard161
[DEBUG] Dynamically added transition from wildcard158 to wildcard161
[DEBUG] Dynamically added transition from wildcard159 to wildcard161
[DEBUG] Dynamically added transition from wildcard29 to wildcard161
[DEBUG] Dynamically added transition from wildcard156 to wildcard161
[DEBUG] Dynamically added transition from wildcard28 to wildcard161
[DEBUG] Dynamically added transition from wildcard157 to wildcard161
[DEBUG] Dynamically added transition from wildcard49 to wildcard161
[DEBUG] Dynamically added transition from wildcard48 to wildcard161
[DEBUG] Dynamically added transition from wildcard47 to wildcard161
[DEBUG] Dynamically added transition from wildcard46 to wildcard161
[DEBUG] Dynamically added transition from wildcard45 to wildcard161
[DEBUG] Dynamically added transition from wildcard44 to wildcard161
[DEBUG] Dynamically added transition from wildcard43 to wildcard161
[DEBUG] Dynamically added transition from wildcard42 to wildcard161
[DEBUG] Dynamically added transition from wildcard41 to wildcard161
[DEBUG] Dynamically added transition from wildcard40 to wildcard161
[DEBUG] Dynamically added transition from wildcard121 to wildcard161
[DEBUG] Dynamically added transition from wildcard122 to wildcard161
[DEBUG] Dynamically added transition from wildcard120 to wildcard161
[DEBUG] Dynamically added transition from wildcard129 to wildcard161
[DEBUG] Dynamically added transition from wildcard127 to wildcard161
[DEBUG] Dynamically added transition from wildcard128 to wildcard161
[DEBUG] Dynamically added transition from wildcard125 to wildcard161
[DEBUG] Dynamically added transition from wildcard126 to wildcard161
[DEBUG] Dynamically added transition from wildcard123 to wildcard161
[DEBUG] Dynamically added transition from wildcard39 to wildcard161
[DEBUG] Dynamically added transition from wildcard124 to wildcard161
[DEBUG] Dynamically added transition from wildcard59 to wildcard161
[DEBUG] Dynamically added transition from wildcard58 to wildcard161
[DEBUG] Dynamically added transition from middle to wildcard161
[DEBUG] Dynamically added transition from wildcard57 to wildcard161
[DEBUG] Dynamically added transition from wildcard56 to wildcard161
[DEBUG] Dynamically added transition from wildcard55 to wildcard161
[DEBUG] Dynamically added transition from wildcard54 to wildcard161
[DEBUG] Dynamically added transition from wildcard53 to wildcard161
[DEBUG] Dynamically added transition from wildcard52 to wildcard161
[DEBUG] Dynamically added transition from wildcard51 to wildcard161
[DEBUG] Dynamically added transition from wildcard50 to wildcard161
[DEBUG] Dynamically added transition from wildcard132 to wildcard161
[DEBUG] Dynamically added transition from wildcard133 to wildcard161
[DEBUG] Dynamically added transition from wildcard130 to wildcard161
[DEBUG] Dynamically added transition from wildcard131 to wildcard161
[DEBUG] Dynamically added transition from wildcard138 to wildcard161
[DEBUG] Dynamically added transition from wildcard139 to wildcard161
[DEBUG] Dynamically added transition from wildcard136 to wildcard161
[DEBUG] Dynamically added transition from wildcard137 to wildcard161
[DEBUG] Dynamically added transition from wildcard134 to wildcard161
[DEBUG] Dynamically added transition from wildcard135 to wildcard161
[DEBUG] Dynamically added transition from wildcard69 to wildcard161
[DEBUG] Dynamically added transition from wildcard68 to wildcard161
[DEBUG] Dynamically added transition from wildcard67 to wildcard161
[DEBUG] Dynamically added transition from wildcard66 to wildcard161
[DEBUG] Dynamically added transition from wildcard65 to wildcard161
[DEBUG] Dynamically added transition from wildcard64 to wildcard161
[DEBUG] Dynamically added transition from wildcard63 to wildcard161
[DEBUG] Dynamically added transition from wildcard62 to wildcard161
[DEBUG] Dynamically added transition from wildcard61 to wildcard161
[DEBUG] Dynamically added transition from wildcard60 to wildcard161
[DEBUG] Dynamically added transition from wildcard100 to wildcard161
[DEBUG] Dynamically added transition from wildcard107 to wildcard161
[DEBUG] Dynamically added transition from wildcard108 to wildcard161
[DEBUG] Dynamically added transition from wildcard105 to wildcard161
[DEBUG] Dynamically added transition from wildcard106 to wildcard161
[DEBUG] Dynamically added transition from wildcard103 to wildcard161
[DEBUG] Dynamically added transition from wildcard104 to wildcard161
[DEBUG] Dynamically added transition from wildcard101 to wildcard161
[DEBUG] Dynamically added transition from wildcard102 to wildcard161
[DEBUG] Dynamically added transition from wildcard79 to wildcard161
[DEBUG] Dynamically added transition from wildcard78 to wildcard161
[DEBUG] Dynamically added transition from wildcard77 to wildcard161
[DEBUG] Dynamically added transition from wildcard76 to wildcard161
[DEBUG] Dynamically added transition from wildcard109 to wildcard161
[DEBUG] Dynamically added transition from wildcard75 to wildcard161
[DEBUG] Dynamically added transition from wildcard74 to wildcard161
[DEBUG] Dynamically added transition from wildcard73 to wildcard161
[DEBUG] Dynamically added transition from wildcard72 to wildcard161
[DEBUG] Dynamically added transition from wildcard71 to wildcard161
[DEBUG] Dynamically added transition from wildcard70 to wildcard161
[DEBUG] Dynamically added transition from wildcard110 to wildcard161
[DEBUG] Dynamically added transition from wildcard111 to wildcard161
[DEBUG] Dynamically added transition from wildcard118 to wildcard161
[DEBUG] Dynamically added transition from wildcard119 to wildcard161
[DEBUG] Dynamically added transition from wildcard116 to wildcard161
[DEBUG] Dynamically added transition from wildcard117 to wildcard161
[DEBUG] Dynamically added transition from wildcard114 to wildcard161
[DEBUG] Dynamically added transition from wildcard115 to wildcard161
[DEBUG] Dynamically added transition from wildcard112 to wildcard161
[DEBUG] Dynamically added transition from wildcard113 to wildcard161
[DEBUG] Dynamically added transition from wildcard89 to wildcard161
[DEBUG] Dynamically added transition from wildcard88 to wildcard161
[DEBUG] Dynamically added transition from wildcard87 to wildcard161
[DEBUG] Dynamically added transition from wildcard86 to wildcard161
[DEBUG] Dynamically added transition from wildcard85 to wildcard161
[DEBUG] Dynamically added transition from wildcard84 to wildcard161
[DEBUG] Dynamically added transition from wildcard83 to wildcard161
[DEBUG] Dynamically added transition from wildcard82 to wildcard161
[DEBUG] Dynamically added transition from wildcard81 to wildcard161
[DEBUG] Dynamically added transition from wildcard80 to wildcard161
[DEBUG] Dynamically added transition from wildcard16 to wildcard161
[DEBUG] Dynamically added transition from wildcard15 to wildcard161
[DEBUG] Dynamically added transition from wildcard14 to wildcard161
[DEBUG] Dynamically added transition from wildcard13 to wildcard161
[DEBUG] Dynamically added transition from wildcard12 to wildcard161
[DEBUG] Dynamically added transition from wildcard11 to wildcard161
[DEBUG] Dynamically added transition from wildcard99 to wildcard161
[DEBUG] Dynamically added transition from wildcard10 to wildcard161
[DEBUG] Dynamically added transition from wildcard98 to wildcard161
[DEBUG] Dynamically added transition from wildcard97 to wildcard161
[DEBUG] Dynamically added transition from start to wildcard161
[DEBUG] Dynamically added transition from wildcard96 to wildcard161
[DEBUG] Dynamically added transition from wildcard95 to wildcard161
[DEBUG] Dynamically added transition from wildcard94 to wildcard161
[DEBUG] Dynamically added transition from wildcard93 to wildcard161
[DEBUG] Dynamically added transition from wildcard92 to wildcard161
[DEBUG] Dynamically added transition from wildcard91 to wildcard161
[DEBUG] Dynamically added transition from wildcard90 to wildcard161
[DEBUG] Dynamically added transition from wildcard161 to wildcard27
[DEBUG] Dynamically added transition from wildcard161 to wildcard26
[DEBUG] Dynamically added transition from wildcard161 to wildcard25
[DEBUG] Dynamically added transition from wildcard161 to wildcard24
[DEBUG] Dynamically added transition from wildcard161 to wildcard23
[DEBUG] Dynamically added transition from wildcard161 to wildcard22
[DEBUG] Dynamically added transition from wildcard161 to wildcard1
[DEBUG] Dynamically added transition from wildcard161 to wildcard21
[DEBUG] Dynamically added transition from wildcard161 to wildcard0
[DEBUG] Dynamically added transition from wildcard161 to wildcard20
[DEBUG] Dynamically added transition from wildcard161 to wildcard3
[DEBUG] Dynamically added transition from wildcard161 to wildcard2
[DEBUG] Dynamically added transition from wildcard161 to wildcard5
[DEBUG] Dynamically added transition from wildcard161 to wildcard4
[DEBUG] Dynamically added transition from wildcard161 to wildcard7
[DEBUG] Dynamically added transition from wildcard161 to wildcard6
[DEBUG] Dynamically added transition from wildcard161 to wildcard9
[DEBUG] Dynamically added transition from wildcard161 to wildcard8
[DEBUG] Dynamically added transition from wildcard161 to wildcard143
[DEBUG] Dynamically added transition from wildcard161 to wildcard144
[DEBUG] Dynamically added transition from wildcard161 to wildcard141
[DEBUG] Dynamically added transition from wildcard161 to wildcard142
[DEBUG] Dynamically added transition from wildcard161 to wildcard140
[DEBUG] Dynamically added transition from wildcard161 to wildcard149
[DEBUG] Dynamically added transition from wildcard161 to wildcard147
[DEBUG] Dynamically added transition from wildcard161 to wildcard19
[DEBUG] Dynamically added transition from wildcard161 to wildcard148
[DEBUG] Dynamically added transition from wildcard161 to wildcard18
[DEBUG] Dynamically added transition from wildcard161 to wildcard145
[DEBUG] Dynamically added transition from wildcard161 to wildcard17
[DEBUG] Dynamically added transition from wildcard161 to wildcard146
[DEBUG] Dynamically added transition from wildcard161 to wildcard38
[DEBUG] Dynamically added transition from wildcard161 to wildcard37
[DEBUG] Dynamically added transition from wildcard161 to wildcard36
[DEBUG] Dynamically added transition from wildcard161 to wildcard35
[DEBUG] Dynamically added transition from wildcard161 to wildcard34
[DEBUG] Dynamically added transition from wildcard161 to wildcard33
[DEBUG] Dynamically added transition from wildcard161 to wildcard32
[DEBUG] Dynamically added transition from wildcard161 to wildcard31
[DEBUG] Dynamically added transition from wildcard161 to wildcard30
[DEBUG] Dynamically added transition from wildcard161 to wildcard154
[DEBUG] Dynamically added transition from wildcard161 to wildcard155
[DEBUG] Dynamically added transition from wildcard161 to wildcard152
[DEBUG] Dynamically added transition from wildcard161 to wildcard153
[DEBUG] Dynamically added transition from wildcard161 to wildcard150
[DEBUG] Dynamically added transition from wildcard161 to wildcard151
[DEBUG] Dynamically added transition from wildcard161 to wildcard158
[DEBUG] Dynamically added transition from wildcard161 to wildcard159
[DEBUG] Dynamically added transition from wildcard161 to wildcard29
[DEBUG] Dynamically added transition from wildcard161 to wildcard156
[DEBUG] Dynamically added transition from wildcard161 to wildcard28
[DEBUG] Dynamically added transition from wildcard161 to wildcard157
[DEBUG] Dynamically added transition from wildcard161 to wildcard49
[DEBUG] Dynamically added transition from wildcard161 to wildcard48
[DEBUG] Dynamically added transition from wildcard161 to wildcard47
[DEBUG] Dynamically added transition from wildcard161 to wildcard46
[DEBUG] Dynamically added transition from wildcard161 to wildcard45
[DEBUG] Dynamically added transition from wildcard161 to wildcard44
[DEBUG] Dynamically added transition from wildcard161 to wildcard43
[DEBUG] Dynamically added transition from wildcard161 to wildcard42
[DEBUG] Dynamically added transition from wildcard161 to wildcard41
[DEBUG] Dynamically added transition from wildcard161 to wildcard40
[DEBUG] Dynamically added transition from wildcard161 to wildcard121
[DEBUG] Dynamically added transition from wildcard161 to wildcard122
[DEBUG] Dynamically added transition from wildcard161 to wildcard120
[DEBUG] Dynamically added transition from wildcard161 to wildcard129
[DEBUG] Dynamically added transition from wildcard161 to wildcard127
[DEBUG] Dynamically added transition from wildcard161 to wildcard128
[DEBUG] Dynamically added transition from wildcard161 to wildcard125
[DEBUG] Dynamically added transition from wildcard161 to wildcard126
[DEBUG] Dynamically added transition from wildcard161 to wildcard123
[DEBUG] Dynamically added transition from wildcard161 to wildcard39
[DEBUG] Dynamically added transition from wildcard161 to wildcard124
[DEBUG] Dynamically added transition from wildcard161 to wildcard59
[DEBUG] Dynamically added transition from wildcard161 to wildcard58
[DEBUG] Dynamically added transition from wildcard161 to middle
[DEBUG] Dynamically added transition from wildcard161 to wildcard57
[DEBUG] Dynamically added transition from wildcard161 to wildcard56
[DEBUG] Dynamically added transition from wildcard161 to wildcard55
[DEBUG] Dynamically added transition from wildcard161 to wildcard54
[DEBUG] Dynamically added transition from wildcard161 to wildcard53
[DEBUG] Dynamically added transition from wildcard161 to wildcard52
[DEBUG] Dynamically added transition from wildcard161 to wildcard51
[DEBUG] Dynamically added transition from wildcard161 to wildcard50
[DEBUG] Dynamically added transition from wildcard161 to wildcard132
[DEBUG] Dynamically added transition from wildcard161 to wildcard133
[DEBUG] Dynamically added transition from wildcard161 to wildcard130
[DEBUG] Dynamically added transition from wildcard161 to wildcard131
[DEBUG] Dynamically added transition from wildcard161 to wildcard138
[DEBUG] Dynamically added transition from wildcard161 to wildcard139
[DEBUG] Dynamically added transition from wildcard161 to wildcard136
[DEBUG] Dynamically added transition from wildcard161 to wildcard137
[DEBUG] Dynamically added transition from wildcard161 to wildcard134
[DEBUG] Dynamically added transition from wildcard161 to wildcard135
[DEBUG] Dynamically added transition from wildcard161 to wildcard69
[DEBUG] Dynamically added transition from wildcard161 to wildcard68
[DEBUG] Dynamically added transition from wildcard161 to wildcard67
[DEBUG] Dynamically added transition from wildcard161 to wildcard66
[DEBUG] Dynamically added transition from wildcard161 to wildcard65
[DEBUG] Dynamically added transition from wildcard161 to wildcard64
[DEBUG] Dynamically added transition from wildcard161 to wildcard63
[DEBUG] Dynamically added transition from wildcard161 to wildcard62
[DEBUG] Dynamically added transition from wildcard161 to wildcard61
[DEBUG] Dynamically added transition from wildcard161 to wildcard60
[DEBUG] Dynamically added transition from wildcard161 to wildcard100
[DEBUG] Dynamically added transition from wildcard161 to wildcard107
[DEBUG] Dynamically added transition from wildcard161 to wildcard108
[DEBUG] Dynamically added transition from wildcard161 to wildcard105
[DEBUG] Dynamically added transition from wildcard161 to wildcard106
[DEBUG] Dynamically added transition from wildcard161 to wildcard103
[DEBUG] Dynamically added transition from wildcard161 to wildcard104
[DEBUG] Dynamically added transition from wildcard161 to wildcard101
[DEBUG] Dynamically added transition from wildcard161 to wildcard102
[DEBUG] Dynamically added transition from wildcard161 to wildcard79
[DEBUG] Dynamically added transition from wildcard161 to wildcard78
[DEBUG] Dynamically added transition from wildcard161 to wildcard77
[DEBUG] Dynamically added transition from wildcard161 to wildcard76
[DEBUG] Dynamically added transition from wildcard161 to wildcard109
[DEBUG] Dynamically added transition from wildcard161 to wildcard75
[DEBUG] Dynamically added transition from wildcard161 to wildcard74
[DEBUG] Dynamically added transition from wildcard161 to wildcard73
[DEBUG] Dynamically added transition from wildcard161 to wildcard72
[DEBUG] Dynamically added transition from wildcard161 to wildcard71
[DEBUG] Dynamically added transition from wildcard161 to wildcard70
[DEBUG] Dynamically added transition from wildcard161 to wildcard110
[DEBUG] Dynamically added transition from wildcard161 to wildcard111
[DEBUG] Dynamically added transition from wildcard161 to wildcard118
[DEBUG] Dynamically added transition from wildcard161 to wildcard119
[DEBUG] Dynamically added transition from wildcard161 to wildcard116
[DEBUG] Dynamically added transition from wildcard161 to wildcard117
[DEBUG] Dynamically added transition from wildcard161 to .*
[DEBUG] Dynamically added transition from wildcard161 to wildcard114
[DEBUG] Dynamically added transition from wildcard161 to wildcard115
[DEBUG] Dynamically added transition from wildcard161 to wildcard112
[DEBUG] Dynamically added transition from wildcard161 to wildcard113
[DEBUG] Dynamically added transition from wildcard161 to wildcard89
[DEBUG] Dynamically added transition from wildcard161 to wildcard88
[DEBUG] Dynamically added transition from wildcard161 to wildcard87
[DEBUG] Dynamically added transition from wildcard161 to wildcard86
[DEBUG] Dynamically added transition from wildcard161 to INITIAL
[DEBUG] Dynamically added transition from wildcard161 to wildcard85
[DEBUG] Dynamically added transition from wildcard161 to wildcard84
[DEBUG] Dynamically added transition from wildcard161 to wildcard83
[DEBUG] Dynamically added transition from wildcard161 to wildcard82
[DEBUG] Dynamically added transition from wildcard161 to wildcard81
[DEBUG] Dynamically added transition from wildcard161 to wildcard80
[DEBUG] Dynamically added transition from wildcard161 to wildcard161
[DEBUG] Dynamically added transition from wildcard161 to wildcard160
[DEBUG] Dynamically added transition from wildcard161 to end
[DEBUG] Dynamically added transition from wildcard161 to wildcard16
[DEBUG] Dynamically added transition from wildcard161 to wildcard15
[DEBUG] Dynamically added transition from wildcard161 to wildcard14
[DEBUG] Dynamically added transition from wildcard161 to wildcard13
[DEBUG] Dynamically added transition from wildcard161 to wildcard12
[DEBUG] Dynamically added transition from wildcard161 to wildcard11
[DEBUG] Dynamically added transition from wildcard161 to wildcard99
[DEBUG] Dynamically added transition from wildcard161 to wildcard10
[DEBUG] Dynamically added transition from wildcard161 to wildcard98
[DEBUG] Dynamically added transition from wildcard161 to wildcard97
[DEBUG] Dynamically added transition from wildcard161 to start
[DEBUG] Dynamically added transition from wildcard161 to wildcard96
[DEBUG] Dynamically added transition from wildcard161 to wildcard95
[DEBUG] Dynamically added transition from wildcard161 to wildcard94
[DEBUG] Dynamically added transition from wildcard161 to wildcard93
[DEBUG] Dynamically added transition from wildcard161 to wildcard92
[DEBUG] Dynamically added transition from wildcard161 to wildcard91
[DEBUG] Dynamically added transition from wildcard161 to wildcard90
[INFO] Wildcard transition valid to state: wildcard161
[INFO] Wildcard transition detected from wildcard161 to wildcard162
[DEBUG] Created intermediate state for wildcard transition: wildcard162
[DEBUG] Dynamically added transition from wildcard161 to wildcard162
[DEBUG] Dynamically added transition from wildcard27 to wildcard162
[DEBUG] Dynamically added transition from wildcard26 to wildcard162
[DEBUG] Dynamically added transition from wildcard25 to wildcard162
[DEBUG] Dynamically added transition from wildcard24 to wildcard162
[DEBUG] Dynamically added transition from wildcard23 to wildcard162
[DEBUG] Dynamically added transition from wildcard22 to wildcard162
[DEBUG] Dynamically added transition from wildcard1 to wildcard162
[DEBUG] Dynamically added transition from wildcard21 to wildcard162
[DEBUG] Dynamically added transition from wildcard0 to wildcard162
[DEBUG] Dynamically added transition from wildcard20 to wildcard162
[DEBUG] Dynamically added transition from wildcard3 to wildcard162
[DEBUG] Dynamically added transition from wildcard2 to wildcard162
[DEBUG] Dynamically added transition from wildcard5 to wildcard162
[DEBUG] Dynamically added transition from wildcard4 to wildcard162
[DEBUG] Dynamically added transition from wildcard7 to wildcard162
[DEBUG] Dynamically added transition from wildcard6 to wildcard162
[DEBUG] Dynamically added transition from wildcard9 to wildcard162
[DEBUG] Dynamically added transition from wildcard8 to wildcard162
[DEBUG] Dynamically added transition from wildcard143 to wildcard162
[DEBUG] Dynamically added transition from wildcard144 to wildcard162
[DEBUG] Dynamically added transition from wildcard141 to wildcard162
[DEBUG] Dynamically added transition from wildcard142 to wildcard162
[DEBUG] Dynamically added transition from wildcard140 to wildcard162
[DEBUG] Dynamically added transition from wildcard149 to wildcard162
[DEBUG] Dynamically added transition from wildcard147 to wildcard162
[DEBUG] Dynamically added transition from wildcard19 to wildcard162
[DEBUG] Dynamically added transition from wildcard148 to wildcard162
[DEBUG] Dynamically added transition from wildcard18 to wildcard162
[DEBUG] Dynamically added transition from wildcard145 to wildcard162
[DEBUG] Dynamically added transition from wildcard17 to wildcard162
[DEBUG] Dynamically added transition from wildcard146 to wildcard162
[DEBUG] Dynamically added transition from wildcard38 to wildcard162
[DEBUG] Dynamically added transition from wildcard37 to wildcard162
[DEBUG] Dynamically added transition from wildcard36 to wildcard162
[DEBUG] Dynamically added transition from wildcard35 to wildcard162
[DEBUG] Dynamically added transition from wildcard34 to wildcard162
[DEBUG] Dynamically added transition from wildcard33 to wildcard162
[DEBUG] Dynamically added transition from wildcard32 to wildcard162
[DEBUG] Dynamically added transition from wildcard31 to wildcard162
[DEBUG] Dynamically added transition from wildcard30 to wildcard162
[DEBUG] Dynamically added transition from wildcard154 to wildcard162
[DEBUG] Dynamically added transition from wildcard155 to wildcard162
[DEBUG] Dynamically added transition from wildcard152 to wildcard162
[DEBUG] Dynamically added transition from wildcard153 to wildcard162
[DEBUG] Dynamically added transition from wildcard150 to wildcard162
[DEBUG] Dynamically added transition from wildcard151 to wildcard162
[DEBUG] Dynamically added transition from wildcard158 to wildcard162
[DEBUG] Dynamically added transition from wildcard159 to wildcard162
[DEBUG] Dynamically added transition from wildcard29 to wildcard162
[DEBUG] Dynamically added transition from wildcard156 to wildcard162
[DEBUG] Dynamically added transition from wildcard28 to wildcard162
[DEBUG] Dynamically added transition from wildcard157 to wildcard162
[DEBUG] Dynamically added transition from wildcard49 to wildcard162
[DEBUG] Dynamically added transition from wildcard48 to wildcard162
[DEBUG] Dynamically added transition from wildcard47 to wildcard162
[DEBUG] Dynamically added transition from wildcard46 to wildcard162
[DEBUG] Dynamically added transition from wildcard45 to wildcard162
[DEBUG] Dynamically added transition from wildcard44 to wildcard162
[DEBUG] Dynamically added transition from wildcard43 to wildcard162
[DEBUG] Dynamically added transition from wildcard42 to wildcard162
[DEBUG] Dynamically added transition from wildcard41 to wildcard162
[DEBUG] Dynamically added transition from wildcard40 to wildcard162
[DEBUG] Dynamically added transition from wildcard121 to wildcard162
[DEBUG] Dynamically added transition from wildcard122 to wildcard162
[DEBUG] Dynamically added transition from wildcard120 to wildcard162
[DEBUG] Dynamically added transition from wildcard129 to wildcard162
[DEBUG] Dynamically added transition from wildcard127 to wildcard162
[DEBUG] Dynamically added transition from wildcard128 to wildcard162
[DEBUG] Dynamically added transition from wildcard125 to wildcard162
[DEBUG] Dynamically added transition from wildcard126 to wildcard162
[DEBUG] Dynamically added transition from wildcard123 to wildcard162
[DEBUG] Dynamically added transition from wildcard39 to wildcard162
[DEBUG] Dynamically added transition from wildcard124 to wildcard162
[DEBUG] Dynamically added transition from wildcard59 to wildcard162
[DEBUG] Dynamically added transition from wildcard58 to wildcard162
[DEBUG] Dynamically added transition from middle to wildcard162
[DEBUG] Dynamically added transition from wildcard57 to wildcard162
[DEBUG] Dynamically added transition from wildcard56 to wildcard162
[DEBUG] Dynamically added transition from wildcard55 to wildcard162
[DEBUG] Dynamically added transition from wildcard54 to wildcard162
[DEBUG] Dynamically added transition from wildcard53 to wildcard162
[DEBUG] Dynamically added transition from wildcard52 to wildcard162
[DEBUG] Dynamically added transition from wildcard51 to wildcard162
[DEBUG] Dynamically added transition from wildcard50 to wildcard162
[DEBUG] Dynamically added transition from wildcard132 to wildcard162
[DEBUG] Dynamically added transition from wildcard133 to wildcard162
[DEBUG] Dynamically added transition from wildcard130 to wildcard162
[DEBUG] Dynamically added transition from wildcard131 to wildcard162
[DEBUG] Dynamically added transition from wildcard138 to wildcard162
[DEBUG] Dynamically added transition from wildcard139 to wildcard162
[DEBUG] Dynamically added transition from wildcard136 to wildcard162
[DEBUG] Dynamically added transition from wildcard137 to wildcard162
[DEBUG] Dynamically added transition from wildcard134 to wildcard162
[DEBUG] Dynamically added transition from wildcard135 to wildcard162
[DEBUG] Dynamically added transition from wildcard69 to wildcard162
[DEBUG] Dynamically added transition from wildcard68 to wildcard162
[DEBUG] Dynamically added transition from wildcard67 to wildcard162
[DEBUG] Dynamically added transition from wildcard66 to wildcard162
[DEBUG] Dynamically added transition from wildcard65 to wildcard162
[DEBUG] Dynamically added transition from wildcard64 to wildcard162
[DEBUG] Dynamically added transition from wildcard63 to wildcard162
[DEBUG] Dynamically added transition from wildcard62 to wildcard162
[DEBUG] Dynamically added transition from wildcard61 to wildcard162
[DEBUG] Dynamically added transition from wildcard60 to wildcard162
[DEBUG] Dynamically added transition from wildcard100 to wildcard162
[DEBUG] Dynamically added transition from wildcard107 to wildcard162
[DEBUG] Dynamically added transition from wildcard108 to wildcard162
[DEBUG] Dynamically added transition from wildcard105 to wildcard162
[DEBUG] Dynamically added transition from wildcard106 to wildcard162
[DEBUG] Dynamically added transition from wildcard103 to wildcard162
[DEBUG] Dynamically added transition from wildcard104 to wildcard162
[DEBUG] Dynamically added transition from wildcard101 to wildcard162
[DEBUG] Dynamically added transition from wildcard102 to wildcard162
[DEBUG] Dynamically added transition from wildcard79 to wildcard162
[DEBUG] Dynamically added transition from wildcard78 to wildcard162
[DEBUG] Dynamically added transition from wildcard77 to wildcard162
[DEBUG] Dynamically added transition from wildcard76 to wildcard162
[DEBUG] Dynamically added transition from wildcard109 to wildcard162
[DEBUG] Dynamically added transition from wildcard75 to wildcard162
[DEBUG] Dynamically added transition from wildcard74 to wildcard162
[DEBUG] Dynamically added transition from wildcard73 to wildcard162
[DEBUG] Dynamically added transition from wildcard72 to wildcard162
[DEBUG] Dynamically added transition from wildcard71 to wildcard162
[DEBUG] Dynamically added transition from wildcard70 to wildcard162
[DEBUG] Dynamically added transition from wildcard110 to wildcard162
[DEBUG] Dynamically added transition from wildcard111 to wildcard162
[DEBUG] Dynamically added transition from wildcard118 to wildcard162
[DEBUG] Dynamically added transition from wildcard119 to wildcard162
[DEBUG] Dynamically added transition from wildcard116 to wildcard162
[DEBUG] Dynamically added transition from wildcard117 to wildcard162
[DEBUG] Dynamically added transition from wildcard114 to wildcard162
[DEBUG] Dynamically added transition from wildcard115 to wildcard162
[DEBUG] Dynamically added transition from wildcard112 to wildcard162
[DEBUG] Dynamically added transition from wildcard113 to wildcard162
[DEBUG] Dynamically added transition from wildcard89 to wildcard162
[DEBUG] Dynamically added transition from wildcard88 to wildcard162
[DEBUG] Dynamically added transition from wildcard87 to wildcard162
[DEBUG] Dynamically added transition from wildcard86 to wildcard162
[DEBUG] Dynamically added transition from wildcard85 to wildcard162
[DEBUG] Dynamically added transition from wildcard84 to wildcard162
[DEBUG] Dynamically added transition from wildcard83 to wildcard162
[DEBUG] Dynamically added transition from wildcard82 to wildcard162
[DEBUG] Dynamically added transition from wildcard81 to wildcard162
[DEBUG] Dynamically added transition from wildcard80 to wildcard162
[DEBUG] Dynamically added transition from wildcard160 to wildcard162
[DEBUG] Dynamically added transition from wildcard16 to wildcard162
[DEBUG] Dynamically added transition from wildcard15 to wildcard162
[DEBUG] Dynamically added transition from wildcard14 to wildcard162
[DEBUG] Dynamically added transition from wildcard13 to wildcard162
[DEBUG] Dynamically added transition from wildcard12 to wildcard162
[DEBUG] Dynamically added transition from wildcard11 to wildcard162
[DEBUG] Dynamically added transition from wildcard99 to wildcard162
[DEBUG] Dynamically added transition from wildcard10 to wildcard162
[DEBUG] Dynamically added transition from wildcard98 to wildcard162
[DEBUG] Dynamically added transition from wildcard97 to wildcard162
[DEBUG] Dynamically added transition from start to wildcard162
[DEBUG] Dynamically added transition from wildcard96 to wildcard162
[DEBUG] Dynamically added transition from wildcard95 to wildcard162
[DEBUG] Dynamically added transition from wildcard94 to wildcard162
[DEBUG] Dynamically added transition from wildcard93 to wildcard162
[DEBUG] Dynamically added transition from wildcard92 to wildcard162
[DEBUG] Dynamically added transition from wildcard91 to wildcard162
[DEBUG] Dynamically added transition from wildcard90 to wildcard162
[DEBUG] Dynamically added transition from wildcard162 to wildcard27
[DEBUG] Dynamically added transition from wildcard162 to wildcard26
[DEBUG] Dynamically added transition from wildcard162 to wildcard25
[DEBUG] Dynamically added transition from wildcard162 to wildcard24
[DEBUG] Dynamically added transition from wildcard162 to wildcard23
[DEBUG] Dynamically added transition from wildcard162 to wildcard22
[DEBUG] Dynamically added transition from wildcard162 to wildcard1
[DEBUG] Dynamically added transition from wildcard162 to wildcard21
[DEBUG] Dynamically added transition from wildcard162 to wildcard0
[DEBUG] Dynamically added transition from wildcard162 to wildcard20
[DEBUG] Dynamically added transition from wildcard162 to wildcard3
[DEBUG] Dynamically added transition from wildcard162 to wildcard2
[DEBUG] Dynamically added transition from wildcard162 to wildcard5
[DEBUG] Dynamically added transition from wildcard162 to wildcard4
[DEBUG] Dynamically added transition from wildcard162 to wildcard7
[DEBUG] Dynamically added transition from wildcard162 to wildcard6
[DEBUG] Dynamically added transition from wildcard162 to wildcard9
[DEBUG] Dynamically added transition from wildcard162 to wildcard8
[DEBUG] Dynamically added transition from wildcard162 to wildcard143
[DEBUG] Dynamically added transition from wildcard162 to wildcard144
[DEBUG] Dynamically added transition from wildcard162 to wildcard141
[DEBUG] Dynamically added transition from wildcard162 to wildcard142
[DEBUG] Dynamically added transition from wildcard162 to wildcard140
[DEBUG] Dynamically added transition from wildcard162 to wildcard149
[DEBUG] Dynamically added transition from wildcard162 to wildcard147
[DEBUG] Dynamically added transition from wildcard162 to wildcard19
[DEBUG] Dynamically added transition from wildcard162 to wildcard148
[DEBUG] Dynamically added transition from wildcard162 to wildcard18
[DEBUG] Dynamically added transition from wildcard162 to wildcard145
[DEBUG] Dynamically added transition from wildcard162 to wildcard17
[DEBUG] Dynamically added transition from wildcard162 to wildcard146
[DEBUG] Dynamically added transition from wildcard162 to wildcard38
[DEBUG] Dynamically added transition from wildcard162 to wildcard37
[DEBUG] Dynamically added transition from wildcard162 to wildcard36
[DEBUG] Dynamically added transition from wildcard162 to wildcard35
[DEBUG] Dynamically added transition from wildcard162 to wildcard34
[DEBUG] Dynamically added transition from wildcard162 to wildcard33
[DEBUG] Dynamically added transition from wildcard162 to wildcard32
[DEBUG] Dynamically added transition from wildcard162 to wildcard31
[DEBUG] Dynamically added transition from wildcard162 to wildcard30
[DEBUG] Dynamically added transition from wildcard162 to wildcard154
[DEBUG] Dynamically added transition from wildcard162 to wildcard155
[DEBUG] Dynamically added transition from wildcard162 to wildcard152
[DEBUG] Dynamically added transition from wildcard162 to wildcard153
[DEBUG] Dynamically added transition from wildcard162 to wildcard150
[DEBUG] Dynamically added transition from wildcard162 to wildcard151
[DEBUG] Dynamically added transition from wildcard162 to wildcard158
[DEBUG] Dynamically added transition from wildcard162 to wildcard159
[DEBUG] Dynamically added transition from wildcard162 to wildcard29
[DEBUG] Dynamically added transition from wildcard162 to wildcard156
[DEBUG] Dynamically added transition from wildcard162 to wildcard28
[DEBUG] Dynamically added transition from wildcard162 to wildcard157
[DEBUG] Dynamically added transition from wildcard162 to wildcard49
[DEBUG] Dynamically added transition from wildcard162 to wildcard48
[DEBUG] Dynamically added transition from wildcard162 to wildcard47
[DEBUG] Dynamically added transition from wildcard162 to wildcard46
[DEBUG] Dynamically added transition from wildcard162 to wildcard45
[DEBUG] Dynamically added transition from wildcard162 to wildcard44
[DEBUG] Dynamically added transition from wildcard162 to wildcard43
[DEBUG] Dynamically added transition from wildcard162 to wildcard42
[DEBUG] Dynamically added transition from wildcard162 to wildcard41
[DEBUG] Dynamically added transition from wildcard162 to wildcard40
[DEBUG] Dynamically added transition from wildcard162 to wildcard121
[DEBUG] Dynamically added transition from wildcard162 to wildcard122
[DEBUG] Dynamically added transition from wildcard162 to wildcard120
[DEBUG] Dynamically added transition from wildcard162 to wildcard129
[DEBUG] Dynamically added transition from wildcard162 to wildcard127
[DEBUG] Dynamically added transition from wildcard162 to wildcard128
[DEBUG] Dynamically added transition from wildcard162 to wildcard125
[DEBUG] Dynamically added transition from wildcard162 to wildcard126
[DEBUG] Dynamically added transition from wildcard162 to wildcard123
[DEBUG] Dynamically added transition from wildcard162 to wildcard39
[DEBUG] Dynamically added transition from wildcard162 to wildcard124
[DEBUG] Dynamically added transition from wildcard162 to wildcard59
[DEBUG] Dynamically added transition from wildcard162 to wildcard58
[DEBUG] Dynamically added transition from wildcard162 to middle
[DEBUG] Dynamically added transition from wildcard162 to wildcard57
[DEBUG] Dynamically added transition from wildcard162 to wildcard56
[DEBUG] Dynamically added transition from wildcard162 to wildcard55
[DEBUG] Dynamically added transition from wildcard162 to wildcard54
[DEBUG] Dynamically added transition from wildcard162 to wildcard53
[DEBUG] Dynamically added transition from wildcard162 to wildcard52
[DEBUG] Dynamically added transition from wildcard162 to wildcard51
[DEBUG] Dynamically added transition from wildcard162 to wildcard50
[DEBUG] Dynamically added transition from wildcard162 to wildcard132
[DEBUG] Dynamically added transition from wildcard162 to wildcard133
[DEBUG] Dynamically added transition from wildcard162 to wildcard130
[DEBUG] Dynamically added transition from wildcard162 to wildcard131
[DEBUG] Dynamically added transition from wildcard162 to wildcard138
[DEBUG] Dynamically added transition from wildcard162 to wildcard139
[DEBUG] Dynamically added transition from wildcard162 to wildcard136
[DEBUG] Dynamically added transition from wildcard162 to wildcard137
[DEBUG] Dynamically added transition from wildcard162 to wildcard134
[DEBUG] Dynamically added transition from wildcard162 to wildcard135
[DEBUG] Dynamically added transition from wildcard162 to wildcard69
[DEBUG] Dynamically added transition from wildcard162 to wildcard68
[DEBUG] Dynamically added transition from wildcard162 to wildcard67
[DEBUG] Dynamically added transition from wildcard162 to wildcard66
[DEBUG] Dynamically added transition from wildcard162 to wildcard65
[DEBUG] Dynamically added transition from wildcard162 to wildcard64
[DEBUG] Dynamically added transition from wildcard162 to wildcard63
[DEBUG] Dynamically added transition from wildcard162 to wildcard62
[DEBUG] Dynamically added transition from wildcard162 to wildcard61
[DEBUG] Dynamically added transition from wildcard162 to wildcard60
[DEBUG] Dynamically added transition from wildcard162 to wildcard100
[DEBUG] Dynamically added transition from wildcard162 to wildcard107
[DEBUG] Dynamically added transition from wildcard162 to wildcard108
[DEBUG] Dynamically added transition from wildcard162 to wildcard105
[DEBUG] Dynamically added transition from wildcard162 to wildcard106
[DEBUG] Dynamically added transition from wildcard162 to wildcard103
[DEBUG] Dynamically added transition from wildcard162 to wildcard104
[DEBUG] Dynamically added transition from wildcard162 to wildcard101
[DEBUG] Dynamically added transition from wildcard162 to wildcard102
[DEBUG] Dynamically added transition from wildcard162 to wildcard79
[DEBUG] Dynamically added transition from wildcard162 to wildcard78
[DEBUG] Dynamically added transition from wildcard162 to wildcard77
[DEBUG] Dynamically added transition from wildcard162 to wildcard76
[DEBUG] Dynamically added transition from wildcard162 to wildcard109
[DEBUG] Dynamically added transition from wildcard162 to wildcard75
[DEBUG] Dynamically added transition from wildcard162 to wildcard74
[DEBUG] Dynamically added transition from wildcard162 to wildcard73
[DEBUG] Dynamically added transition from wildcard162 to wildcard72
[DEBUG] Dynamically added transition from wildcard162 to wildcard71
[DEBUG] Dynamically added transition from wildcard162 to wildcard70
[DEBUG] Dynamically added transition from wildcard162 to wildcard110
[DEBUG] Dynamically added transition from wildcard162 to wildcard111
[DEBUG] Dynamically added transition from wildcard162 to wildcard118
[DEBUG] Dynamically added transition from wildcard162 to wildcard119
[DEBUG] Dynamically added transition from wildcard162 to wildcard116
[DEBUG] Dynamically added transition from wildcard162 to wildcard117
[DEBUG] Dynamically added transition from wildcard162 to .*
[DEBUG] Dynamically added transition from wildcard162 to wildcard114
[DEBUG] Dynamically added transition from wildcard162 to wildcard115
[DEBUG] Dynamically added transition from wildcard162 to wildcard112
[DEBUG] Dynamically added transition from wildcard162 to wildcard113
[DEBUG] Dynamically added transition from wildcard162 to wildcard89
[DEBUG] Dynamically added transition from wildcard162 to wildcard88
[DEBUG] Dynamically added transition from wildcard162 to wildcard87
[DEBUG] Dynamically added transition from wildcard162 to wildcard86
[DEBUG] Dynamically added transition from wildcard162 to INITIAL
[DEBUG] Dynamically added transition from wildcard162 to wildcard85
[DEBUG] Dynamically added transition from wildcard162 to wildcard84
[DEBUG] Dynamically added transition from wildcard162 to wildcard83
[DEBUG] Dynamically added transition from wildcard162 to wildcard82
[DEBUG] Dynamically added transition from wildcard162 to wildcard81
[DEBUG] Dynamically added transition from wildcard162 to wildcard80
[DEBUG] Dynamically added transition from wildcard162 to wildcard161
[DEBUG] Dynamically added transition from wildcard162 to wildcard162
[DEBUG] Dynamically added transition from wildcard162 to wildcard160
[DEBUG] Dynamically added transition from wildcard162 to end
[DEBUG] Dynamically added transition from wildcard162 to wildcard16
[DEBUG] Dynamically added transition from wildcard162 to wildcard15
[DEBUG] Dynamically added transition from wildcard162 to wildcard14
[DEBUG] Dynamically added transition from wildcard162 to wildcard13
[DEBUG] Dynamically added transition from wildcard162 to wildcard12
[DEBUG] Dynamically added transition from wildcard162 to wildcard11
[DEBUG] Dynamically added transition from wildcard162 to wildcard99
[DEBUG] Dynamically added transition from wildcard162 to wildcard10
[DEBUG] Dynamically added transition from wildcard162 to wildcard98
[DEBUG] Dynamically added transition from wildcard162 to wildcard97
[DEBUG] Dynamically added transition from wildcard162 to start
[DEBUG] Dynamically added transition from wildcard162 to wildcard96
[DEBUG] Dynamically added transition from wildcard162 to wildcard95
[DEBUG] Dynamically added transition from wildcard162 to wildcard94
[DEBUG] Dynamically added transition from wildcard162 to wildcard93
[DEBUG] Dynamically added transition from wildcard162 to wildcard92
[DEBUG] Dynamically added transition from wildcard162 to wildcard91
[DEBUG] Dynamically added transition from wildcard162 to wildcard90
[INFO] Wildcard transition valid to state: wildcard162
[INFO] Wildcard transition detected from wildcard162 to wildcard163
[DEBUG] Created intermediate state for wildcard transition: wildcard163
[DEBUG] Dynamically added transition from wildcard162 to wildcard163
[DEBUG] Dynamically added transition from wildcard27 to wildcard163
[DEBUG] Dynamically added transition from wildcard26 to wildcard163
[DEBUG] Dynamically added transition from wildcard25 to wildcard163
[DEBUG] Dynamically added transition from wildcard24 to wildcard163
[DEBUG] Dynamically added transition from wildcard23 to wildcard163
[DEBUG] Dynamically added transition from wildcard22 to wildcard163
[DEBUG] Dynamically added transition from wildcard1 to wildcard163
[DEBUG] Dynamically added transition from wildcard21 to wildcard163
[DEBUG] Dynamically added transition from wildcard0 to wildcard163
[DEBUG] Dynamically added transition from wildcard20 to wildcard163
[DEBUG] Dynamically added transition from wildcard3 to wildcard163
[DEBUG] Dynamically added transition from wildcard2 to wildcard163
[DEBUG] Dynamically added transition from wildcard5 to wildcard163
[DEBUG] Dynamically added transition from wildcard4 to wildcard163
[DEBUG] Dynamically added transition from wildcard7 to wildcard163
[DEBUG] Dynamically added transition from wildcard6 to wildcard163
[DEBUG] Dynamically added transition from wildcard9 to wildcard163
[DEBUG] Dynamically added transition from wildcard8 to wildcard163
[DEBUG] Dynamically added transition from wildcard143 to wildcard163
[DEBUG] Dynamically added transition from wildcard144 to wildcard163
[DEBUG] Dynamically added transition from wildcard141 to wildcard163
[DEBUG] Dynamically added transition from wildcard142 to wildcard163
[DEBUG] Dynamically added transition from wildcard140 to wildcard163
[DEBUG] Dynamically added transition from wildcard149 to wildcard163
[DEBUG] Dynamically added transition from wildcard147 to wildcard163
[DEBUG] Dynamically added transition from wildcard19 to wildcard163
[DEBUG] Dynamically added transition from wildcard148 to wildcard163
[DEBUG] Dynamically added transition from wildcard18 to wildcard163
[DEBUG] Dynamically added transition from wildcard145 to wildcard163
[DEBUG] Dynamically added transition from wildcard17 to wildcard163
[DEBUG] Dynamically added transition from wildcard146 to wildcard163
[DEBUG] Dynamically added transition from wildcard38 to wildcard163
[DEBUG] Dynamically added transition from wildcard37 to wildcard163
[DEBUG] Dynamically added transition from wildcard36 to wildcard163
[DEBUG] Dynamically added transition from wildcard35 to wildcard163
[DEBUG] Dynamically added transition from wildcard34 to wildcard163
[DEBUG] Dynamically added transition from wildcard33 to wildcard163
[DEBUG] Dynamically added transition from wildcard32 to wildcard163
[DEBUG] Dynamically added transition from wildcard31 to wildcard163
[DEBUG] Dynamically added transition from wildcard30 to wildcard163
[DEBUG] Dynamically added transition from wildcard154 to wildcard163
[DEBUG] Dynamically added transition from wildcard155 to wildcard163
[DEBUG] Dynamically added transition from wildcard152 to wildcard163
[DEBUG] Dynamically added transition from wildcard153 to wildcard163
[DEBUG] Dynamically added transition from wildcard150 to wildcard163
[DEBUG] Dynamically added transition from wildcard151 to wildcard163
[DEBUG] Dynamically added transition from wildcard158 to wildcard163
[DEBUG] Dynamically added transition from wildcard159 to wildcard163
[DEBUG] Dynamically added transition from wildcard29 to wildcard163
[DEBUG] Dynamically added transition from wildcard156 to wildcard163
[DEBUG] Dynamically added transition from wildcard28 to wildcard163
[DEBUG] Dynamically added transition from wildcard157 to wildcard163
[DEBUG] Dynamically added transition from wildcard49 to wildcard163
[DEBUG] Dynamically added transition from wildcard48 to wildcard163
[DEBUG] Dynamically added transition from wildcard47 to wildcard163
[DEBUG] Dynamically added transition from wildcard46 to wildcard163
[DEBUG] Dynamically added transition from wildcard45 to wildcard163
[DEBUG] Dynamically added transition from wildcard44 to wildcard163
[DEBUG] Dynamically added transition from wildcard43 to wildcard163
[DEBUG] Dynamically added transition from wildcard42 to wildcard163
[DEBUG] Dynamically added transition from wildcard41 to wildcard163
[DEBUG] Dynamically added transition from wildcard40 to wildcard163
[DEBUG] Dynamically added transition from wildcard121 to wildcard163
[DEBUG] Dynamically added transition from wildcard122 to wildcard163
[DEBUG] Dynamically added transition from wildcard120 to wildcard163
[DEBUG] Dynamically added transition from wildcard129 to wildcard163
[DEBUG] Dynamically added transition from wildcard127 to wildcard163
[DEBUG] Dynamically added transition from wildcard128 to wildcard163
[DEBUG] Dynamically added transition from wildcard125 to wildcard163
[DEBUG] Dynamically added transition from wildcard126 to wildcard163
[DEBUG] Dynamically added transition from wildcard123 to wildcard163
[DEBUG] Dynamically added transition from wildcard39 to wildcard163
[DEBUG] Dynamically added transition from wildcard124 to wildcard163
[DEBUG] Dynamically added transition from wildcard59 to wildcard163
[DEBUG] Dynamically added transition from wildcard58 to wildcard163
[DEBUG] Dynamically added transition from middle to wildcard163
[DEBUG] Dynamically added transition from wildcard57 to wildcard163
[DEBUG] Dynamically added transition from wildcard56 to wildcard163
[DEBUG] Dynamically added transition from wildcard55 to wildcard163
[DEBUG] Dynamically added transition from wildcard54 to wildcard163
[DEBUG] Dynamically added transition from wildcard53 to wildcard163
[DEBUG] Dynamically added transition from wildcard52 to wildcard163
[DEBUG] Dynamically added transition from wildcard51 to wildcard163
[DEBUG] Dynamically added transition from wildcard50 to wildcard163
[DEBUG] Dynamically added transition from wildcard132 to wildcard163
[DEBUG] Dynamically added transition from wildcard133 to wildcard163
[DEBUG] Dynamically added transition from wildcard130 to wildcard163
[DEBUG] Dynamically added transition from wildcard131 to wildcard163
[DEBUG] Dynamically added transition from wildcard138 to wildcard163
[DEBUG] Dynamically added transition from wildcard139 to wildcard163
[DEBUG] Dynamically added transition from wildcard136 to wildcard163
[DEBUG] Dynamically added transition from wildcard137 to wildcard163
[DEBUG] Dynamically added transition from wildcard134 to wildcard163
[DEBUG] Dynamically added transition from wildcard135 to wildcard163
[DEBUG] Dynamically added transition from wildcard69 to wildcard163
[DEBUG] Dynamically added transition from wildcard68 to wildcard163
[DEBUG] Dynamically added transition from wildcard67 to wildcard163
[DEBUG] Dynamically added transition from wildcard66 to wildcard163
[DEBUG] Dynamically added transition from wildcard65 to wildcard163
[DEBUG] Dynamically added transition from wildcard64 to wildcard163
[DEBUG] Dynamically added transition from wildcard63 to wildcard163
[DEBUG] Dynamically added transition from wildcard62 to wildcard163
[DEBUG] Dynamically added transition from wildcard61 to wildcard163
[DEBUG] Dynamically added transition from wildcard60 to wildcard163
[DEBUG] Dynamically added transition from wildcard100 to wildcard163
[DEBUG] Dynamically added transition from wildcard107 to wildcard163
[DEBUG] Dynamically added transition from wildcard108 to wildcard163
[DEBUG] Dynamically added transition from wildcard105 to wildcard163
[DEBUG] Dynamically added transition from wildcard106 to wildcard163
[DEBUG] Dynamically added transition from wildcard103 to wildcard163
[DEBUG] Dynamically added transition from wildcard104 to wildcard163
[DEBUG] Dynamically added transition from wildcard101 to wildcard163
[DEBUG] Dynamically added transition from wildcard102 to wildcard163
[DEBUG] Dynamically added transition from wildcard79 to wildcard163
[DEBUG] Dynamically added transition from wildcard78 to wildcard163
[DEBUG] Dynamically added transition from wildcard77 to wildcard163
[DEBUG] Dynamically added transition from wildcard76 to wildcard163
[DEBUG] Dynamically added transition from wildcard109 to wildcard163
[DEBUG] Dynamically added transition from wildcard75 to wildcard163
[DEBUG] Dynamically added transition from wildcard74 to wildcard163
[DEBUG] Dynamically added transition from wildcard73 to wildcard163
[DEBUG] Dynamically added transition from wildcard72 to wildcard163
[DEBUG] Dynamically added transition from wildcard71 to wildcard163
[DEBUG] Dynamically added transition from wildcard70 to wildcard163
[DEBUG] Dynamically added transition from wildcard110 to wildcard163
[DEBUG] Dynamically added transition from wildcard111 to wildcard163
[DEBUG] Dynamically added transition from wildcard118 to wildcard163
[DEBUG] Dynamically added transition from wildcard119 to wildcard163
[DEBUG] Dynamically added transition from wildcard116 to wildcard163
[DEBUG] Dynamically added transition from wildcard117 to wildcard163
[DEBUG] Dynamically added transition from wildcard114 to wildcard163
[DEBUG] Dynamically added transition from wildcard115 to wildcard163
[DEBUG] Dynamically added transition from wildcard112 to wildcard163
[DEBUG] Dynamically added transition from wildcard113 to wildcard163
[DEBUG] Dynamically added transition from wildcard89 to wildcard163
[DEBUG] Dynamically added transition from wildcard88 to wildcard163
[DEBUG] Dynamically added transition from wildcard87 to wildcard163
[DEBUG] Dynamically added transition from wildcard86 to wildcard163
[DEBUG] Dynamically added transition from wildcard85 to wildcard163
[DEBUG] Dynamically added transition from wildcard84 to wildcard163
[DEBUG] Dynamically added transition from wildcard83 to wildcard163
[DEBUG] Dynamically added transition from wildcard82 to wildcard163
[DEBUG] Dynamically added transition from wildcard81 to wildcard163
[DEBUG] Dynamically added transition from wildcard80 to wildcard163
[DEBUG] Dynamically added transition from wildcard161 to wildcard163
[DEBUG] Dynamically added transition from wildcard160 to wildcard163
[DEBUG] Dynamically added transition from wildcard16 to wildcard163
[DEBUG] Dynamically added transition from wildcard15 to wildcard163
[DEBUG] Dynamically added transition from wildcard14 to wildcard163
[DEBUG] Dynamically added transition from wildcard13 to wildcard163
[DEBUG] Dynamically added transition from wildcard12 to wildcard163
[DEBUG] Dynamically added transition from wildcard11 to wildcard163
[DEBUG] Dynamically added transition from wildcard99 to wildcard163
[DEBUG] Dynamically added transition from wildcard10 to wildcard163
[DEBUG] Dynamically added transition from wildcard98 to wildcard163
[DEBUG] Dynamically added transition from wildcard97 to wildcard163
[DEBUG] Dynamically added transition from start to wildcard163
[DEBUG] Dynamically added transition from wildcard96 to wildcard163
[DEBUG] Dynamically added transition from wildcard95 to wildcard163
[DEBUG] Dynamically added transition from wildcard94 to wildcard163
[DEBUG] Dynamically added transition from wildcard93 to wildcard163
[DEBUG] Dynamically added transition from wildcard92 to wildcard163
[DEBUG] Dynamically added transition from wildcard91 to wildcard163
[DEBUG] Dynamically added transition from wildcard90 to wildcard163
[DEBUG] Dynamically added transition from wildcard163 to wildcard27
[DEBUG] Dynamically added transition from wildcard163 to wildcard26
[DEBUG] Dynamically added transition from wildcard163 to wildcard25
[DEBUG] Dynamically added transition from wildcard163 to wildcard24
[DEBUG] Dynamically added transition from wildcard163 to wildcard23
[DEBUG] Dynamically added transition from wildcard163 to wildcard22
[DEBUG] Dynamically added transition from wildcard163 to wildcard1
[DEBUG] Dynamically added transition from wildcard163 to wildcard21
[DEBUG] Dynamically added transition from wildcard163 to wildcard0
[DEBUG] Dynamically added transition from wildcard163 to wildcard20
[DEBUG] Dynamically added transition from wildcard163 to wildcard3
[DEBUG] Dynamically added transition from wildcard163 to wildcard2
[DEBUG] Dynamically added transition from wildcard163 to wildcard5
[DEBUG] Dynamically added transition from wildcard163 to wildcard4
[DEBUG] Dynamically added transition from wildcard163 to wildcard7
[DEBUG] Dynamically added transition from wildcard163 to wildcard6
[DEBUG] Dynamically added transition from wildcard163 to wildcard9
[DEBUG] Dynamically added transition from wildcard163 to wildcard8
[DEBUG] Dynamically added transition from wildcard163 to wildcard143
[DEBUG] Dynamically added transition from wildcard163 to wildcard144
[DEBUG] Dynamically added transition from wildcard163 to wildcard141
[DEBUG] Dynamically added transition from wildcard163 to wildcard142
[DEBUG] Dynamically added transition from wildcard163 to wildcard140
[DEBUG] Dynamically added transition from wildcard163 to wildcard149
[DEBUG] Dynamically added transition from wildcard163 to wildcard147
[DEBUG] Dynamically added transition from wildcard163 to wildcard19
[DEBUG] Dynamically added transition from wildcard163 to wildcard148
[DEBUG] Dynamically added transition from wildcard163 to wildcard18
[DEBUG] Dynamically added transition from wildcard163 to wildcard145
[DEBUG] Dynamically added transition from wildcard163 to wildcard17
[DEBUG] Dynamically added transition from wildcard163 to wildcard146
[DEBUG] Dynamically added transition from wildcard163 to wildcard38
[DEBUG] Dynamically added transition from wildcard163 to wildcard37
[DEBUG] Dynamically added transition from wildcard163 to wildcard36
[DEBUG] Dynamically added transition from wildcard163 to wildcard35
[DEBUG] Dynamically added transition from wildcard163 to wildcard34
[DEBUG] Dynamically added transition from wildcard163 to wildcard33
[DEBUG] Dynamically added transition from wildcard163 to wildcard32
[DEBUG] Dynamically added transition from wildcard163 to wildcard31
[DEBUG] Dynamically added transition from wildcard163 to wildcard30
[DEBUG] Dynamically added transition from wildcard163 to wildcard154
[DEBUG] Dynamically added transition from wildcard163 to wildcard155
[DEBUG] Dynamically added transition from wildcard163 to wildcard152
[DEBUG] Dynamically added transition from wildcard163 to wildcard153
[DEBUG] Dynamically added transition from wildcard163 to wildcard150
[DEBUG] Dynamically added transition from wildcard163 to wildcard151
[DEBUG] Dynamically added transition from wildcard163 to wildcard158
[DEBUG] Dynamically added transition from wildcard163 to wildcard159
[DEBUG] Dynamically added transition from wildcard163 to wildcard29
[DEBUG] Dynamically added transition from wildcard163 to wildcard156
[DEBUG] Dynamically added transition from wildcard163 to wildcard28
[DEBUG] Dynamically added transition from wildcard163 to wildcard157
[DEBUG] Dynamically added transition from wildcard163 to wildcard49
[DEBUG] Dynamically added transition from wildcard163 to wildcard48
[DEBUG] Dynamically added transition from wildcard163 to wildcard47
[DEBUG] Dynamically added transition from wildcard163 to wildcard46
[DEBUG] Dynamically added transition from wildcard163 to wildcard45
[DEBUG] Dynamically added transition from wildcard163 to wildcard44
[DEBUG] Dynamically added transition from wildcard163 to wildcard43
[DEBUG] Dynamically added transition from wildcard163 to wildcard42
[DEBUG] Dynamically added transition from wildcard163 to wildcard41
[DEBUG] Dynamically added transition from wildcard163 to wildcard40
[DEBUG] Dynamically added transition from wildcard163 to wildcard121
[DEBUG] Dynamically added transition from wildcard163 to wildcard122
[DEBUG] Dynamically added transition from wildcard163 to wildcard120
[DEBUG] Dynamically added transition from wildcard163 to wildcard129
[DEBUG] Dynamically added transition from wildcard163 to wildcard127
[DEBUG] Dynamically added transition from wildcard163 to wildcard128
[DEBUG] Dynamically added transition from wildcard163 to wildcard125
[DEBUG] Dynamically added transition from wildcard163 to wildcard126
[DEBUG] Dynamically added transition from wildcard163 to wildcard123
[DEBUG] Dynamically added transition from wildcard163 to wildcard39
[DEBUG] Dynamically added transition from wildcard163 to wildcard124
[DEBUG] Dynamically added transition from wildcard163 to wildcard59
[DEBUG] Dynamically added transition from wildcard163 to wildcard58
[DEBUG] Dynamically added transition from wildcard163 to middle
[DEBUG] Dynamically added transition from wildcard163 to wildcard57
[DEBUG] Dynamically added transition from wildcard163 to wildcard56
[DEBUG] Dynamically added transition from wildcard163 to wildcard55
[DEBUG] Dynamically added transition from wildcard163 to wildcard54
[DEBUG] Dynamically added transition from wildcard163 to wildcard53
[DEBUG] Dynamically added transition from wildcard163 to wildcard52
[DEBUG] Dynamically added transition from wildcard163 to wildcard51
[DEBUG] Dynamically added transition from wildcard163 to wildcard50
[DEBUG] Dynamically added transition from wildcard163 to wildcard132
[DEBUG] Dynamically added transition from wildcard163 to wildcard133
[DEBUG] Dynamically added transition from wildcard163 to wildcard130
[DEBUG] Dynamically added transition from wildcard163 to wildcard131
[DEBUG] Dynamically added transition from wildcard163 to wildcard138
[DEBUG] Dynamically added transition from wildcard163 to wildcard139
[DEBUG] Dynamically added transition from wildcard163 to wildcard136
[DEBUG] Dynamically added transition from wildcard163 to wildcard137
[DEBUG] Dynamically added transition from wildcard163 to wildcard134
[DEBUG] Dynamically added transition from wildcard163 to wildcard135
[DEBUG] Dynamically added transition from wildcard163 to wildcard69
[DEBUG] Dynamically added transition from wildcard163 to wildcard68
[DEBUG] Dynamically added transition from wildcard163 to wildcard67
[DEBUG] Dynamically added transition from wildcard163 to wildcard66
[DEBUG] Dynamically added transition from wildcard163 to wildcard65
[DEBUG] Dynamically added transition from wildcard163 to wildcard64
[DEBUG] Dynamically added transition from wildcard163 to wildcard63
[DEBUG] Dynamically added transition from wildcard163 to wildcard62
[DEBUG] Dynamically added transition from wildcard163 to wildcard61
[DEBUG] Dynamically added transition from wildcard163 to wildcard60
[DEBUG] Dynamically added transition from wildcard163 to wildcard100
[DEBUG] Dynamically added transition from wildcard163 to wildcard107
[DEBUG] Dynamically added transition from wildcard163 to wildcard108
[DEBUG] Dynamically added transition from wildcard163 to wildcard105
[DEBUG] Dynamically added transition from wildcard163 to wildcard106
[DEBUG] Dynamically added transition from wildcard163 to wildcard103
[DEBUG] Dynamically added transition from wildcard163 to wildcard104
[DEBUG] Dynamically added transition from wildcard163 to wildcard101
[DEBUG] Dynamically added transition from wildcard163 to wildcard102
[DEBUG] Dynamically added transition from wildcard163 to wildcard79
[DEBUG] Dynamically added transition from wildcard163 to wildcard78
[DEBUG] Dynamically added transition from wildcard163 to wildcard77
[DEBUG] Dynamically added transition from wildcard163 to wildcard76
[DEBUG] Dynamically added transition from wildcard163 to wildcard109
[DEBUG] Dynamically added transition from wildcard163 to wildcard75
[DEBUG] Dynamically added transition from wildcard163 to wildcard74
[DEBUG] Dynamically added transition from wildcard163 to wildcard73
[DEBUG] Dynamically added transition from wildcard163 to wildcard72
[DEBUG] Dynamically added transition from wildcard163 to wildcard71
[DEBUG] Dynamically added transition from wildcard163 to wildcard70
[DEBUG] Dynamically added transition from wildcard163 to wildcard110
[DEBUG] Dynamically added transition from wildcard163 to wildcard111
[DEBUG] Dynamically added transition from wildcard163 to wildcard118
[DEBUG] Dynamically added transition from wildcard163 to wildcard119
[DEBUG] Dynamically added transition from wildcard163 to wildcard116
[DEBUG] Dynamically added transition from wildcard163 to wildcard117
[DEBUG] Dynamically added transition from wildcard163 to .*
[DEBUG] Dynamically added transition from wildcard163 to wildcard114
[DEBUG] Dynamically added transition from wildcard163 to wildcard115
[DEBUG] Dynamically added transition from wildcard163 to wildcard112
[DEBUG] Dynamically added transition from wildcard163 to wildcard113
[DEBUG] Dynamically added transition from wildcard163 to wildcard89
[DEBUG] Dynamically added transition from wildcard163 to wildcard88
[DEBUG] Dynamically added transition from wildcard163 to wildcard87
[DEBUG] Dynamically added transition from wildcard163 to wildcard86
[DEBUG] Dynamically added transition from wildcard163 to INITIAL
[DEBUG] Dynamically added transition from wildcard163 to wildcard85
[DEBUG] Dynamically added transition from wildcard163 to wildcard84
[DEBUG] Dynamically added transition from wildcard163 to wildcard83
[DEBUG] Dynamically added transition from wildcard163 to wildcard82
[DEBUG] Dynamically added transition from wildcard163 to wildcard81
[DEBUG] Dynamically added transition from wildcard163 to wildcard80
[DEBUG] Dynamically added transition from wildcard163 to wildcard163
[DEBUG] Dynamically added transition from wildcard163 to wildcard161
[DEBUG] Dynamically added transition from wildcard163 to wildcard162
[DEBUG] Dynamically added transition from wildcard163 to wildcard160
[DEBUG] Dynamically added transition from wildcard163 to end
[DEBUG] Dynamically added transition from wildcard163 to wildcard16
[DEBUG] Dynamically added transition from wildcard163 to wildcard15
[DEBUG] Dynamically added transition from wildcard163 to wildcard14
[DEBUG] Dynamically added transition from wildcard163 to wildcard13
[DEBUG] Dynamically added transition from wildcard163 to wildcard12
[DEBUG] Dynamically added transition from wildcard163 to wildcard11
[DEBUG] Dynamically added transition from wildcard163 to wildcard99
[DEBUG] Dynamically added transition from wildcard163 to wildcard10
[DEBUG] Dynamically added transition from wildcard163 to wildcard98
[DEBUG] Dynamically added transition from wildcard163 to wildcard97
[DEBUG] Dynamically added transition from wildcard163 to start
[DEBUG] Dynamically added transition from wildcard163 to wildcard96
[DEBUG] Dynamically added transition from wildcard163 to wildcard95
[DEBUG] Dynamically added transition from wildcard163 to wildcard94
[DEBUG] Dynamically added transition from wildcard163 to wildcard93
[DEBUG] Dynamically added transition from wildcard163 to wildcard92
[DEBUG] Dynamically added transition from wildcard163 to wildcard91
[DEBUG] Dynamically added transition from wildcard163 to wildcard90
[INFO] Wildcard transition valid to state: wildcard163
[INFO] Wildcard transition detected from wildcard163 to wildcard164
[DEBUG] Created intermediate state for wildcard transition: wildcard164
[DEBUG] Dynamically added transition from wildcard163 to wildcard164
[DEBUG] Dynamically added transition from wildcard27 to wildcard164
[DEBUG] Dynamically added transition from wildcard26 to wildcard164
[DEBUG] Dynamically added transition from wildcard25 to wildcard164
[DEBUG] Dynamically added transition from wildcard24 to wildcard164
[DEBUG] Dynamically added transition from wildcard23 to wildcard164
[DEBUG] Dynamically added transition from wildcard22 to wildcard164
[DEBUG] Dynamically added transition from wildcard1 to wildcard164
[DEBUG] Dynamically added transition from wildcard21 to wildcard164
[DEBUG] Dynamically added transition from wildcard0 to wildcard164
[DEBUG] Dynamically added transition from wildcard20 to wildcard164
[DEBUG] Dynamically added transition from wildcard3 to wildcard164
[DEBUG] Dynamically added transition from wildcard2 to wildcard164
[DEBUG] Dynamically added transition from wildcard5 to wildcard164
[DEBUG] Dynamically added transition from wildcard4 to wildcard164
[DEBUG] Dynamically added transition from wildcard7 to wildcard164
[DEBUG] Dynamically added transition from wildcard6 to wildcard164
[DEBUG] Dynamically added transition from wildcard9 to wildcard164
[DEBUG] Dynamically added transition from wildcard8 to wildcard164
[DEBUG] Dynamically added transition from wildcard143 to wildcard164
[DEBUG] Dynamically added transition from wildcard144 to wildcard164
[DEBUG] Dynamically added transition from wildcard141 to wildcard164
[DEBUG] Dynamically added transition from wildcard142 to wildcard164
[DEBUG] Dynamically added transition from wildcard140 to wildcard164
[DEBUG] Dynamically added transition from wildcard149 to wildcard164
[DEBUG] Dynamically added transition from wildcard147 to wildcard164
[DEBUG] Dynamically added transition from wildcard19 to wildcard164
[DEBUG] Dynamically added transition from wildcard148 to wildcard164
[DEBUG] Dynamically added transition from wildcard18 to wildcard164
[DEBUG] Dynamically added transition from wildcard145 to wildcard164
[DEBUG] Dynamically added transition from wildcard17 to wildcard164
[DEBUG] Dynamically added transition from wildcard146 to wildcard164
[DEBUG] Dynamically added transition from wildcard38 to wildcard164
[DEBUG] Dynamically added transition from wildcard37 to wildcard164
[DEBUG] Dynamically added transition from wildcard36 to wildcard164
[DEBUG] Dynamically added transition from wildcard35 to wildcard164
[DEBUG] Dynamically added transition from wildcard34 to wildcard164
[DEBUG] Dynamically added transition from wildcard33 to wildcard164
[DEBUG] Dynamically added transition from wildcard32 to wildcard164
[DEBUG] Dynamically added transition from wildcard31 to wildcard164
[DEBUG] Dynamically added transition from wildcard30 to wildcard164
[DEBUG] Dynamically added transition from wildcard154 to wildcard164
[DEBUG] Dynamically added transition from wildcard155 to wildcard164
[DEBUG] Dynamically added transition from wildcard152 to wildcard164
[DEBUG] Dynamically added transition from wildcard153 to wildcard164
[DEBUG] Dynamically added transition from wildcard150 to wildcard164
[DEBUG] Dynamically added transition from wildcard151 to wildcard164
[DEBUG] Dynamically added transition from wildcard158 to wildcard164
[DEBUG] Dynamically added transition from wildcard159 to wildcard164
[DEBUG] Dynamically added transition from wildcard29 to wildcard164
[DEBUG] Dynamically added transition from wildcard156 to wildcard164
[DEBUG] Dynamically added transition from wildcard28 to wildcard164
[DEBUG] Dynamically added transition from wildcard157 to wildcard164
[DEBUG] Dynamically added transition from wildcard49 to wildcard164
[DEBUG] Dynamically added transition from wildcard48 to wildcard164
[DEBUG] Dynamically added transition from wildcard47 to wildcard164
[DEBUG] Dynamically added transition from wildcard46 to wildcard164
[DEBUG] Dynamically added transition from wildcard45 to wildcard164
[DEBUG] Dynamically added transition from wildcard44 to wildcard164
[DEBUG] Dynamically added transition from wildcard43 to wildcard164
[DEBUG] Dynamically added transition from wildcard42 to wildcard164
[DEBUG] Dynamically added transition from wildcard41 to wildcard164
[DEBUG] Dynamically added transition from wildcard40 to wildcard164
[DEBUG] Dynamically added transition from wildcard121 to wildcard164
[DEBUG] Dynamically added transition from wildcard122 to wildcard164
[DEBUG] Dynamically added transition from wildcard120 to wildcard164
[DEBUG] Dynamically added transition from wildcard129 to wildcard164
[DEBUG] Dynamically added transition from wildcard127 to wildcard164
[DEBUG] Dynamically added transition from wildcard128 to wildcard164
[DEBUG] Dynamically added transition from wildcard125 to wildcard164
[DEBUG] Dynamically added transition from wildcard126 to wildcard164
[DEBUG] Dynamically added transition from wildcard123 to wildcard164
[DEBUG] Dynamically added transition from wildcard39 to wildcard164
[DEBUG] Dynamically added transition from wildcard124 to wildcard164
[DEBUG] Dynamically added transition from wildcard59 to wildcard164
[DEBUG] Dynamically added transition from wildcard58 to wildcard164
[DEBUG] Dynamically added transition from middle to wildcard164
[DEBUG] Dynamically added transition from wildcard57 to wildcard164
[DEBUG] Dynamically added transition from wildcard56 to wildcard164
[DEBUG] Dynamically added transition from wildcard55 to wildcard164
[DEBUG] Dynamically added transition from wildcard54 to wildcard164
[DEBUG] Dynamically added transition from wildcard53 to wildcard164
[DEBUG] Dynamically added transition from wildcard52 to wildcard164
[DEBUG] Dynamically added transition from wildcard51 to wildcard164
[DEBUG] Dynamically added transition from wildcard50 to wildcard164
[DEBUG] Dynamically added transition from wildcard132 to wildcard164
[DEBUG] Dynamically added transition from wildcard133 to wildcard164
[DEBUG] Dynamically added transition from wildcard130 to wildcard164
[DEBUG] Dynamically added transition from wildcard131 to wildcard164
[DEBUG] Dynamically added transition from wildcard138 to wildcard164
[DEBUG] Dynamically added transition from wildcard139 to wildcard164
[DEBUG] Dynamically added transition from wildcard136 to wildcard164
[DEBUG] Dynamically added transition from wildcard137 to wildcard164
[DEBUG] Dynamically added transition from wildcard134 to wildcard164
[DEBUG] Dynamically added transition from wildcard135 to wildcard164
[DEBUG] Dynamically added transition from wildcard69 to wildcard164
[DEBUG] Dynamically added transition from wildcard68 to wildcard164
[DEBUG] Dynamically added transition from wildcard67 to wildcard164
[DEBUG] Dynamically added transition from wildcard66 to wildcard164
[DEBUG] Dynamically added transition from wildcard65 to wildcard164
[DEBUG] Dynamically added transition from wildcard64 to wildcard164
[DEBUG] Dynamically added transition from wildcard63 to wildcard164
[DEBUG] Dynamically added transition from wildcard62 to wildcard164
[DEBUG] Dynamically added transition from wildcard61 to wildcard164
[DEBUG] Dynamically added transition from wildcard60 to wildcard164
[DEBUG] Dynamically added transition from wildcard100 to wildcard164
[DEBUG] Dynamically added transition from wildcard107 to wildcard164
[DEBUG] Dynamically added transition from wildcard108 to wildcard164
[DEBUG] Dynamically added transition from wildcard105 to wildcard164
[DEBUG] Dynamically added transition from wildcard106 to wildcard164
[DEBUG] Dynamically added transition from wildcard103 to wildcard164
[DEBUG] Dynamically added transition from wildcard104 to wildcard164
[DEBUG] Dynamically added transition from wildcard101 to wildcard164
[DEBUG] Dynamically added transition from wildcard102 to wildcard164
[DEBUG] Dynamically added transition from wildcard79 to wildcard164
[DEBUG] Dynamically added transition from wildcard78 to wildcard164
[DEBUG] Dynamically added transition from wildcard77 to wildcard164
[DEBUG] Dynamically added transition from wildcard76 to wildcard164
[DEBUG] Dynamically added transition from wildcard109 to wildcard164
[DEBUG] Dynamically added transition from wildcard75 to wildcard164
[DEBUG] Dynamically added transition from wildcard74 to wildcard164
[DEBUG] Dynamically added transition from wildcard73 to wildcard164
[DEBUG] Dynamically added transition from wildcard72 to wildcard164
[DEBUG] Dynamically added transition from wildcard71 to wildcard164
[DEBUG] Dynamically added transition from wildcard70 to wildcard164
[DEBUG] Dynamically added transition from wildcard110 to wildcard164
[DEBUG] Dynamically added transition from wildcard111 to wildcard164
[DEBUG] Dynamically added transition from wildcard118 to wildcard164
[DEBUG] Dynamically added transition from wildcard119 to wildcard164
[DEBUG] Dynamically added transition from wildcard116 to wildcard164
[DEBUG] Dynamically added transition from wildcard117 to wildcard164
[DEBUG] Dynamically added transition from wildcard114 to wildcard164
[DEBUG] Dynamically added transition from wildcard115 to wildcard164
[DEBUG] Dynamically added transition from wildcard112 to wildcard164
[DEBUG] Dynamically added transition from wildcard113 to wildcard164
[DEBUG] Dynamically added transition from wildcard89 to wildcard164
[DEBUG] Dynamically added transition from wildcard88 to wildcard164
[DEBUG] Dynamically added transition from wildcard87 to wildcard164
[DEBUG] Dynamically added transition from wildcard86 to wildcard164
[DEBUG] Dynamically added transition from wildcard85 to wildcard164
[DEBUG] Dynamically added transition from wildcard84 to wildcard164
[DEBUG] Dynamically added transition from wildcard83 to wildcard164
[DEBUG] Dynamically added transition from wildcard82 to wildcard164
[DEBUG] Dynamically added transition from wildcard81 to wildcard164
[DEBUG] Dynamically added transition from wildcard80 to wildcard164
[DEBUG] Dynamically added transition from wildcard161 to wildcard164
[DEBUG] Dynamically added transition from wildcard162 to wildcard164
[DEBUG] Dynamically added transition from wildcard160 to wildcard164
[DEBUG] Dynamically added transition from wildcard16 to wildcard164
[DEBUG] Dynamically added transition from wildcard15 to wildcard164
[DEBUG] Dynamically added transition from wildcard14 to wildcard164
[DEBUG] Dynamically added transition from wildcard13 to wildcard164
[DEBUG] Dynamically added transition from wildcard12 to wildcard164
[DEBUG] Dynamically added transition from wildcard11 to wildcard164
[DEBUG] Dynamically added transition from wildcard99 to wildcard164
[DEBUG] Dynamically added transition from wildcard10 to wildcard164
[DEBUG] Dynamically added transition from wildcard98 to wildcard164
[DEBUG] Dynamically added transition from wildcard97 to wildcard164
[DEBUG] Dynamically added transition from start to wildcard164
[DEBUG] Dynamically added transition from wildcard96 to wildcard164
[DEBUG] Dynamically added transition from wildcard95 to wildcard164
[DEBUG] Dynamically added transition from wildcard94 to wildcard164
[DEBUG] Dynamically added transition from wildcard93 to wildcard164
[DEBUG] Dynamically added transition from wildcard92 to wildcard164
[DEBUG] Dynamically added transition from wildcard91 to wildcard164
[DEBUG] Dynamically added transition from wildcard90 to wildcard164
[DEBUG] Dynamically added transition from wildcard164 to wildcard27
[DEBUG] Dynamically added transition from wildcard164 to wildcard26
[DEBUG] Dynamically added transition from wildcard164 to wildcard25
[DEBUG] Dynamically added transition from wildcard164 to wildcard24
[DEBUG] Dynamically added transition from wildcard164 to wildcard23
[DEBUG] Dynamically added transition from wildcard164 to wildcard22
[DEBUG] Dynamically added transition from wildcard164 to wildcard1
[DEBUG] Dynamically added transition from wildcard164 to wildcard21
[DEBUG] Dynamically added transition from wildcard164 to wildcard0
[DEBUG] Dynamically added transition from wildcard164 to wildcard20
[DEBUG] Dynamically added transition from wildcard164 to wildcard3
[DEBUG] Dynamically added transition from wildcard164 to wildcard2
[DEBUG] Dynamically added transition from wildcard164 to wildcard5
[DEBUG] Dynamically added transition from wildcard164 to wildcard4
[DEBUG] Dynamically added transition from wildcard164 to wildcard7
[DEBUG] Dynamically added transition from wildcard164 to wildcard6
[DEBUG] Dynamically added transition from wildcard164 to wildcard9
[DEBUG] Dynamically added transition from wildcard164 to wildcard8
[DEBUG] Dynamically added transition from wildcard164 to wildcard143
[DEBUG] Dynamically added transition from wildcard164 to wildcard144
[DEBUG] Dynamically added transition from wildcard164 to wildcard141
[DEBUG] Dynamically added transition from wildcard164 to wildcard142
[DEBUG] Dynamically added transition from wildcard164 to wildcard140
[DEBUG] Dynamically added transition from wildcard164 to wildcard149
[DEBUG] Dynamically added transition from wildcard164 to wildcard147
[DEBUG] Dynamically added transition from wildcard164 to wildcard19
[DEBUG] Dynamically added transition from wildcard164 to wildcard148
[DEBUG] Dynamically added transition from wildcard164 to wildcard18
[DEBUG] Dynamically added transition from wildcard164 to wildcard145
[DEBUG] Dynamically added transition from wildcard164 to wildcard17
[DEBUG] Dynamically added transition from wildcard164 to wildcard146
[DEBUG] Dynamically added transition from wildcard164 to wildcard38
[DEBUG] Dynamically added transition from wildcard164 to wildcard37
[DEBUG] Dynamically added transition from wildcard164 to wildcard36
[DEBUG] Dynamically added transition from wildcard164 to wildcard35
[DEBUG] Dynamically added transition from wildcard164 to wildcard34
[DEBUG] Dynamically added transition from wildcard164 to wildcard33
[DEBUG] Dynamically added transition from wildcard164 to wildcard32
[DEBUG] Dynamically added transition from wildcard164 to wildcard31
[DEBUG] Dynamically added transition from wildcard164 to wildcard30
[DEBUG] Dynamically added transition from wildcard164 to wildcard154
[DEBUG] Dynamically added transition from wildcard164 to wildcard155
[DEBUG] Dynamically added transition from wildcard164 to wildcard152
[DEBUG] Dynamically added transition from wildcard164 to wildcard153
[DEBUG] Dynamically added transition from wildcard164 to wildcard150
[DEBUG] Dynamically added transition from wildcard164 to wildcard151
[DEBUG] Dynamically added transition from wildcard164 to wildcard158
[DEBUG] Dynamically added transition from wildcard164 to wildcard159
[DEBUG] Dynamically added transition from wildcard164 to wildcard29
[DEBUG] Dynamically added transition from wildcard164 to wildcard156
[DEBUG] Dynamically added transition from wildcard164 to wildcard28
[DEBUG] Dynamically added transition from wildcard164 to wildcard157
[DEBUG] Dynamically added transition from wildcard164 to wildcard49
[DEBUG] Dynamically added transition from wildcard164 to wildcard48
[DEBUG] Dynamically added transition from wildcard164 to wildcard47
[DEBUG] Dynamically added transition from wildcard164 to wildcard46
[DEBUG] Dynamically added transition from wildcard164 to wildcard45
[DEBUG] Dynamically added transition from wildcard164 to wildcard44
[DEBUG] Dynamically added transition from wildcard164 to wildcard43
[DEBUG] Dynamically added transition from wildcard164 to wildcard42
[DEBUG] Dynamically added transition from wildcard164 to wildcard41
[DEBUG] Dynamically added transition from wildcard164 to wildcard40
[DEBUG] Dynamically added transition from wildcard164 to wildcard121
[DEBUG] Dynamically added transition from wildcard164 to wildcard122
[DEBUG] Dynamically added transition from wildcard164 to wildcard120
[DEBUG] Dynamically added transition from wildcard164 to wildcard129
[DEBUG] Dynamically added transition from wildcard164 to wildcard127
[DEBUG] Dynamically added transition from wildcard164 to wildcard128
[DEBUG] Dynamically added transition from wildcard164 to wildcard125
[DEBUG] Dynamically added transition from wildcard164 to wildcard126
[DEBUG] Dynamically added transition from wildcard164 to wildcard123
[DEBUG] Dynamically added transition from wildcard164 to wildcard39
[DEBUG] Dynamically added transition from wildcard164 to wildcard124
[DEBUG] Dynamically added transition from wildcard164 to wildcard59
[DEBUG] Dynamically added transition from wildcard164 to wildcard58
[DEBUG] Dynamically added transition from wildcard164 to middle
[DEBUG] Dynamically added transition from wildcard164 to wildcard57
[DEBUG] Dynamically added transition from wildcard164 to wildcard56
[DEBUG] Dynamically added transition from wildcard164 to wildcard55
[DEBUG] Dynamically added transition from wildcard164 to wildcard54
[DEBUG] Dynamically added transition from wildcard164 to wildcard53
[DEBUG] Dynamically added transition from wildcard164 to wildcard52
[DEBUG] Dynamically added transition from wildcard164 to wildcard51
[DEBUG] Dynamically added transition from wildcard164 to wildcard50
[DEBUG] Dynamically added transition from wildcard164 to wildcard132
[DEBUG] Dynamically added transition from wildcard164 to wildcard133
[DEBUG] Dynamically added transition from wildcard164 to wildcard130
[DEBUG] Dynamically added transition from wildcard164 to wildcard131
[DEBUG] Dynamically added transition from wildcard164 to wildcard138
[DEBUG] Dynamically added transition from wildcard164 to wildcard139
[DEBUG] Dynamically added transition from wildcard164 to wildcard136
[DEBUG] Dynamically added transition from wildcard164 to wildcard137
[DEBUG] Dynamically added transition from wildcard164 to wildcard134
[DEBUG] Dynamically added transition from wildcard164 to wildcard135
[DEBUG] Dynamically added transition from wildcard164 to wildcard69
[DEBUG] Dynamically added transition from wildcard164 to wildcard68
[DEBUG] Dynamically added transition from wildcard164 to wildcard67
[DEBUG] Dynamically added transition from wildcard164 to wildcard66
[DEBUG] Dynamically added transition from wildcard164 to wildcard65
[DEBUG] Dynamically added transition from wildcard164 to wildcard64
[DEBUG] Dynamically added transition from wildcard164 to wildcard63
[DEBUG] Dynamically added transition from wildcard164 to wildcard62
[DEBUG] Dynamically added transition from wildcard164 to wildcard61
[DEBUG] Dynamically added transition from wildcard164 to wildcard60
[DEBUG] Dynamically added transition from wildcard164 to wildcard100
[DEBUG] Dynamically added transition from wildcard164 to wildcard107
[DEBUG] Dynamically added transition from wildcard164 to wildcard108
[DEBUG] Dynamically added transition from wildcard164 to wildcard105
[DEBUG] Dynamically added transition from wildcard164 to wildcard106
[DEBUG] Dynamically added transition from wildcard164 to wildcard103
[DEBUG] Dynamically added transition from wildcard164 to wildcard104
[DEBUG] Dynamically added transition from wildcard164 to wildcard101
[DEBUG] Dynamically added transition from wildcard164 to wildcard102
[DEBUG] Dynamically added transition from wildcard164 to wildcard79
[DEBUG] Dynamically added transition from wildcard164 to wildcard78
[DEBUG] Dynamically added transition from wildcard164 to wildcard77
[DEBUG] Dynamically added transition from wildcard164 to wildcard76
[DEBUG] Dynamically added transition from wildcard164 to wildcard109
[DEBUG] Dynamically added transition from wildcard164 to wildcard75
[DEBUG] Dynamically added transition from wildcard164 to wildcard74
[DEBUG] Dynamically added transition from wildcard164 to wildcard73
[DEBUG] Dynamically added transition from wildcard164 to wildcard72
[DEBUG] Dynamically added transition from wildcard164 to wildcard71
[DEBUG] Dynamically added transition from wildcard164 to wildcard70
[DEBUG] Dynamically added transition from wildcard164 to wildcard110
[DEBUG] Dynamically added transition from wildcard164 to wildcard111
[DEBUG] Dynamically added transition from wildcard164 to wildcard118
[DEBUG] Dynamically added transition from wildcard164 to wildcard119
[DEBUG] Dynamically added transition from wildcard164 to wildcard116
[DEBUG] Dynamically added transition from wildcard164 to wildcard117
[DEBUG] Dynamically added transition from wildcard164 to .*
[DEBUG] Dynamically added transition from wildcard164 to wildcard114
[DEBUG] Dynamically added transition from wildcard164 to wildcard115
[DEBUG] Dynamically added transition from wildcard164 to wildcard112
[DEBUG] Dynamically added transition from wildcard164 to wildcard113
[DEBUG] Dynamically added transition from wildcard164 to wildcard89
[DEBUG] Dynamically added transition from wildcard164 to wildcard88
[DEBUG] Dynamically added transition from wildcard164 to wildcard87
[DEBUG] Dynamically added transition from wildcard164 to wildcard86
[DEBUG] Dynamically added transition from wildcard164 to INITIAL
[DEBUG] Dynamically added transition from wildcard164 to wildcard85
[DEBUG] Dynamically added transition from wildcard164 to wildcard84
[DEBUG] Dynamically added transition from wildcard164 to wildcard83
[DEBUG] Dynamically added transition from wildcard164 to wildcard82
[DEBUG] Dynamically added transition from wildcard164 to wildcard81
[DEBUG] Dynamically added transition from wildcard164 to wildcard80
[DEBUG] Dynamically added transition from wildcard164 to wildcard163
[DEBUG] Dynamically added transition from wildcard164 to wildcard164
[DEBUG] Dynamically added transition from wildcard164 to wildcard161
[DEBUG] Dynamically added transition from wildcard164 to wildcard162
[DEBUG] Dynamically added transition from wildcard164 to wildcard160
[DEBUG] Dynamically added transition from wildcard164 to end
[DEBUG] Dynamically added transition from wildcard164 to wildcard16
[DEBUG] Dynamically added transition from wildcard164 to wildcard15
[DEBUG] Dynamically added transition from wildcard164 to wildcard14
[DEBUG] Dynamically added transition from wildcard164 to wildcard13
[DEBUG] Dynamically added transition from wildcard164 to wildcard12
[DEBUG] Dynamically added transition from wildcard164 to wildcard11
[DEBUG] Dynamically added transition from wildcard164 to wildcard99
[DEBUG] Dynamically added transition from wildcard164 to wildcard10
[DEBUG] Dynamically added transition from wildcard164 to wildcard98
[DEBUG] Dynamically added transition from wildcard164 to wildcard97
[DEBUG] Dynamically added transition from wildcard164 to start
[DEBUG] Dynamically added transition from wildcard164 to wildcard96
[DEBUG] Dynamically added transition from wildcard164 to wildcard95
[DEBUG] Dynamically added transition from wildcard164 to wildcard94
[DEBUG] Dynamically added transition from wildcard164 to wildcard93
[DEBUG] Dynamically added transition from wildcard164 to wildcard92
[DEBUG] Dynamically added transition from wildcard164 to wildcard91
[DEBUG] Dynamically added transition from wildcard164 to wildcard90
[INFO] Wildcard transition valid to state: wildcard164
[INFO] Wildcard transition detected from wildcard164 to wildcard165
[DEBUG] Created intermediate state for wildcard transition: wildcard165
[DEBUG] Dynamically added transition from wildcard164 to wildcard165
[DEBUG] Dynamically added transition from wildcard27 to wildcard165
[DEBUG] Dynamically added transition from wildcard26 to wildcard165
[DEBUG] Dynamically added transition from wildcard25 to wildcard165
[DEBUG] Dynamically added transition from wildcard24 to wildcard165
[DEBUG] Dynamically added transition from wildcard23 to wildcard165
[DEBUG] Dynamically added transition from wildcard22 to wildcard165
[DEBUG] Dynamically added transition from wildcard1 to wildcard165
[DEBUG] Dynamically added transition from wildcard21 to wildcard165
[DEBUG] Dynamically added transition from wildcard0 to wildcard165
[DEBUG] Dynamically added transition from wildcard20 to wildcard165
[DEBUG] Dynamically added transition from wildcard3 to wildcard165
[DEBUG] Dynamically added transition from wildcard2 to wildcard165
[DEBUG] Dynamically added transition from wildcard5 to wildcard165
[DEBUG] Dynamically added transition from wildcard4 to wildcard165
[DEBUG] Dynamically added transition from wildcard7 to wildcard165
[DEBUG] Dynamically added transition from wildcard6 to wildcard165
[DEBUG] Dynamically added transition from wildcard9 to wildcard165
[DEBUG] Dynamically added transition from wildcard8 to wildcard165
[DEBUG] Dynamically added transition from wildcard143 to wildcard165
[DEBUG] Dynamically added transition from wildcard144 to wildcard165
[DEBUG] Dynamically added transition from wildcard141 to wildcard165
[DEBUG] Dynamically added transition from wildcard142 to wildcard165
[DEBUG] Dynamically added transition from wildcard140 to wildcard165
[DEBUG] Dynamically added transition from wildcard149 to wildcard165
[DEBUG] Dynamically added transition from wildcard147 to wildcard165
[DEBUG] Dynamically added transition from wildcard19 to wildcard165
[DEBUG] Dynamically added transition from wildcard148 to wildcard165
[DEBUG] Dynamically added transition from wildcard18 to wildcard165
[DEBUG] Dynamically added transition from wildcard145 to wildcard165
[DEBUG] Dynamically added transition from wildcard17 to wildcard165
[DEBUG] Dynamically added transition from wildcard146 to wildcard165
[DEBUG] Dynamically added transition from wildcard38 to wildcard165
[DEBUG] Dynamically added transition from wildcard37 to wildcard165
[DEBUG] Dynamically added transition from wildcard36 to wildcard165
[DEBUG] Dynamically added transition from wildcard35 to wildcard165
[DEBUG] Dynamically added transition from wildcard34 to wildcard165
[DEBUG] Dynamically added transition from wildcard33 to wildcard165
[DEBUG] Dynamically added transition from wildcard32 to wildcard165
[DEBUG] Dynamically added transition from wildcard31 to wildcard165
[DEBUG] Dynamically added transition from wildcard30 to wildcard165
[DEBUG] Dynamically added transition from wildcard154 to wildcard165
[DEBUG] Dynamically added transition from wildcard155 to wildcard165
[DEBUG] Dynamically added transition from wildcard152 to wildcard165
[DEBUG] Dynamically added transition from wildcard153 to wildcard165
[DEBUG] Dynamically added transition from wildcard150 to wildcard165
[DEBUG] Dynamically added transition from wildcard151 to wildcard165
[DEBUG] Dynamically added transition from wildcard158 to wildcard165
[DEBUG] Dynamically added transition from wildcard159 to wildcard165
[DEBUG] Dynamically added transition from wildcard29 to wildcard165
[DEBUG] Dynamically added transition from wildcard156 to wildcard165
[DEBUG] Dynamically added transition from wildcard28 to wildcard165
[DEBUG] Dynamically added transition from wildcard157 to wildcard165
[DEBUG] Dynamically added transition from wildcard49 to wildcard165
[DEBUG] Dynamically added transition from wildcard48 to wildcard165
[DEBUG] Dynamically added transition from wildcard47 to wildcard165
[DEBUG] Dynamically added transition from wildcard46 to wildcard165
[DEBUG] Dynamically added transition from wildcard45 to wildcard165
[DEBUG] Dynamically added transition from wildcard44 to wildcard165
[DEBUG] Dynamically added transition from wildcard43 to wildcard165
[DEBUG] Dynamically added transition from wildcard42 to wildcard165
[DEBUG] Dynamically added transition from wildcard41 to wildcard165
[DEBUG] Dynamically added transition from wildcard40 to wildcard165
[DEBUG] Dynamically added transition from wildcard121 to wildcard165
[DEBUG] Dynamically added transition from wildcard122 to wildcard165
[DEBUG] Dynamically added transition from wildcard120 to wildcard165
[DEBUG] Dynamically added transition from wildcard129 to wildcard165
[DEBUG] Dynamically added transition from wildcard127 to wildcard165
[DEBUG] Dynamically added transition from wildcard128 to wildcard165
[DEBUG] Dynamically added transition from wildcard125 to wildcard165
[DEBUG] Dynamically added transition from wildcard126 to wildcard165
[DEBUG] Dynamically added transition from wildcard123 to wildcard165
[DEBUG] Dynamically added transition from wildcard39 to wildcard165
[DEBUG] Dynamically added transition from wildcard124 to wildcard165
[DEBUG] Dynamically added transition from wildcard59 to wildcard165
[DEBUG] Dynamically added transition from wildcard58 to wildcard165
[DEBUG] Dynamically added transition from middle to wildcard165
[DEBUG] Dynamically added transition from wildcard57 to wildcard165
[DEBUG] Dynamically added transition from wildcard56 to wildcard165
[DEBUG] Dynamically added transition from wildcard55 to wildcard165
[DEBUG] Dynamically added transition from wildcard54 to wildcard165
[DEBUG] Dynamically added transition from wildcard53 to wildcard165
[DEBUG] Dynamically added transition from wildcard52 to wildcard165
[DEBUG] Dynamically added transition from wildcard51 to wildcard165
[DEBUG] Dynamically added transition from wildcard50 to wildcard165
[DEBUG] Dynamically added transition from wildcard132 to wildcard165
[DEBUG] Dynamically added transition from wildcard133 to wildcard165
[DEBUG] Dynamically added transition from wildcard130 to wildcard165
[DEBUG] Dynamically added transition from wildcard131 to wildcard165
[DEBUG] Dynamically added transition from wildcard138 to wildcard165
[DEBUG] Dynamically added transition from wildcard139 to wildcard165
[DEBUG] Dynamically added transition from wildcard136 to wildcard165
[DEBUG] Dynamically added transition from wildcard137 to wildcard165
[DEBUG] Dynamically added transition from wildcard134 to wildcard165
[DEBUG] Dynamically added transition from wildcard135 to wildcard165
[DEBUG] Dynamically added transition from wildcard69 to wildcard165
[DEBUG] Dynamically added transition from wildcard68 to wildcard165
[DEBUG] Dynamically added transition from wildcard67 to wildcard165
[DEBUG] Dynamically added transition from wildcard66 to wildcard165
[DEBUG] Dynamically added transition from wildcard65 to wildcard165
[DEBUG] Dynamically added transition from wildcard64 to wildcard165
[DEBUG] Dynamically added transition from wildcard63 to wildcard165
[DEBUG] Dynamically added transition from wildcard62 to wildcard165
[DEBUG] Dynamically added transition from wildcard61 to wildcard165
[DEBUG] Dynamically added transition from wildcard60 to wildcard165
[DEBUG] Dynamically added transition from wildcard100 to wildcard165
[DEBUG] Dynamically added transition from wildcard107 to wildcard165
[DEBUG] Dynamically added transition from wildcard108 to wildcard165
[DEBUG] Dynamically added transition from wildcard105 to wildcard165
[DEBUG] Dynamically added transition from wildcard106 to wildcard165
[DEBUG] Dynamically added transition from wildcard103 to wildcard165
[DEBUG] Dynamically added transition from wildcard104 to wildcard165
[DEBUG] Dynamically added transition from wildcard101 to wildcard165
[DEBUG] Dynamically added transition from wildcard102 to wildcard165
[DEBUG] Dynamically added transition from wildcard79 to wildcard165
[DEBUG] Dynamically added transition from wildcard78 to wildcard165
[DEBUG] Dynamically added transition from wildcard77 to wildcard165
[DEBUG] Dynamically added transition from wildcard76 to wildcard165
[DEBUG] Dynamically added transition from wildcard109 to wildcard165
[DEBUG] Dynamically added transition from wildcard75 to wildcard165
[DEBUG] Dynamically added transition from wildcard74 to wildcard165
[DEBUG] Dynamically added transition from wildcard73 to wildcard165
[DEBUG] Dynamically added transition from wildcard72 to wildcard165
[DEBUG] Dynamically added transition from wildcard71 to wildcard165
[DEBUG] Dynamically added transition from wildcard70 to wildcard165
[DEBUG] Dynamically added transition from wildcard110 to wildcard165
[DEBUG] Dynamically added transition from wildcard111 to wildcard165
[DEBUG] Dynamically added transition from wildcard118 to wildcard165
[DEBUG] Dynamically added transition from wildcard119 to wildcard165
[DEBUG] Dynamically added transition from wildcard116 to wildcard165
[DEBUG] Dynamically added transition from wildcard117 to wildcard165
[DEBUG] Dynamically added transition from wildcard114 to wildcard165
[DEBUG] Dynamically added transition from wildcard115 to wildcard165
[DEBUG] Dynamically added transition from wildcard112 to wildcard165
[DEBUG] Dynamically added transition from wildcard113 to wildcard165
[DEBUG] Dynamically added transition from wildcard89 to wildcard165
[DEBUG] Dynamically added transition from wildcard88 to wildcard165
[DEBUG] Dynamically added transition from wildcard87 to wildcard165
[DEBUG] Dynamically added transition from wildcard86 to wildcard165
[DEBUG] Dynamically added transition from wildcard85 to wildcard165
[DEBUG] Dynamically added transition from wildcard84 to wildcard165
[DEBUG] Dynamically added transition from wildcard83 to wildcard165
[DEBUG] Dynamically added transition from wildcard82 to wildcard165
[DEBUG] Dynamically added transition from wildcard81 to wildcard165
[DEBUG] Dynamically added transition from wildcard80 to wildcard165
[DEBUG] Dynamically added transition from wildcard163 to wildcard165
[DEBUG] Dynamically added transition from wildcard161 to wildcard165
[DEBUG] Dynamically added transition from wildcard162 to wildcard165
[DEBUG] Dynamically added transition from wildcard160 to wildcard165
[DEBUG] Dynamically added transition from wildcard16 to wildcard165
[DEBUG] Dynamically added transition from wildcard15 to wildcard165
[DEBUG] Dynamically added transition from wildcard14 to wildcard165
[DEBUG] Dynamically added transition from wildcard13 to wildcard165
[DEBUG] Dynamically added transition from wildcard12 to wildcard165
[DEBUG] Dynamically added transition from wildcard11 to wildcard165
[DEBUG] Dynamically added transition from wildcard99 to wildcard165
[DEBUG] Dynamically added transition from wildcard10 to wildcard165
[DEBUG] Dynamically added transition from wildcard98 to wildcard165
[DEBUG] Dynamically added transition from wildcard97 to wildcard165
[DEBUG] Dynamically added transition from start to wildcard165
[DEBUG] Dynamically added transition from wildcard96 to wildcard165
[DEBUG] Dynamically added transition from wildcard95 to wildcard165
[DEBUG] Dynamically added transition from wildcard94 to wildcard165
[DEBUG] Dynamically added transition from wildcard93 to wildcard165
[DEBUG] Dynamically added transition from wildcard92 to wildcard165
[DEBUG] Dynamically added transition from wildcard91 to wildcard165
[DEBUG] Dynamically added transition from wildcard90 to wildcard165
[DEBUG] Dynamically added transition from wildcard165 to wildcard27
[DEBUG] Dynamically added transition from wildcard165 to wildcard26
[DEBUG] Dynamically added transition from wildcard165 to wildcard25
[DEBUG] Dynamically added transition from wildcard165 to wildcard24
[DEBUG] Dynamically added transition from wildcard165 to wildcard23
[DEBUG] Dynamically added transition from wildcard165 to wildcard22
[DEBUG] Dynamically added transition from wildcard165 to wildcard1
[DEBUG] Dynamically added transition from wildcard165 to wildcard21
[DEBUG] Dynamically added transition from wildcard165 to wildcard0
[DEBUG] Dynamically added transition from wildcard165 to wildcard20
[DEBUG] Dynamically added transition from wildcard165 to wildcard3
[DEBUG] Dynamically added transition from wildcard165 to wildcard2
[DEBUG] Dynamically added transition from wildcard165 to wildcard5
[DEBUG] Dynamically added transition from wildcard165 to wildcard4
[DEBUG] Dynamically added transition from wildcard165 to wildcard7
[DEBUG] Dynamically added transition from wildcard165 to wildcard6
[DEBUG] Dynamically added transition from wildcard165 to wildcard9
[DEBUG] Dynamically added transition from wildcard165 to wildcard8
[DEBUG] Dynamically added transition from wildcard165 to wildcard143
[DEBUG] Dynamically added transition from wildcard165 to wildcard144
[DEBUG] Dynamically added transition from wildcard165 to wildcard141
[DEBUG] Dynamically added transition from wildcard165 to wildcard142
[DEBUG] Dynamically added transition from wildcard165 to wildcard140
[DEBUG] Dynamically added transition from wildcard165 to wildcard149
[DEBUG] Dynamically added transition from wildcard165 to wildcard147
[DEBUG] Dynamically added transition from wildcard165 to wildcard19
[DEBUG] Dynamically added transition from wildcard165 to wildcard148
[DEBUG] Dynamically added transition from wildcard165 to wildcard18
[DEBUG] Dynamically added transition from wildcard165 to wildcard145
[DEBUG] Dynamically added transition from wildcard165 to wildcard17
[DEBUG] Dynamically added transition from wildcard165 to wildcard146
[DEBUG] Dynamically added transition from wildcard165 to wildcard38
[DEBUG] Dynamically added transition from wildcard165 to wildcard37
[DEBUG] Dynamically added transition from wildcard165 to wildcard36
[DEBUG] Dynamically added transition from wildcard165 to wildcard35
[DEBUG] Dynamically added transition from wildcard165 to wildcard34
[DEBUG] Dynamically added transition from wildcard165 to wildcard33
[DEBUG] Dynamically added transition from wildcard165 to wildcard32
[DEBUG] Dynamically added transition from wildcard165 to wildcard31
[DEBUG] Dynamically added transition from wildcard165 to wildcard30
[DEBUG] Dynamically added transition from wildcard165 to wildcard154
[DEBUG] Dynamically added transition from wildcard165 to wildcard155
[DEBUG] Dynamically added transition from wildcard165 to wildcard152
[DEBUG] Dynamically added transition from wildcard165 to wildcard153
[DEBUG] Dynamically added transition from wildcard165 to wildcard150
[DEBUG] Dynamically added transition from wildcard165 to wildcard151
[DEBUG] Dynamically added transition from wildcard165 to wildcard158
[DEBUG] Dynamically added transition from wildcard165 to wildcard159
[DEBUG] Dynamically added transition from wildcard165 to wildcard29
[DEBUG] Dynamically added transition from wildcard165 to wildcard156
[DEBUG] Dynamically added transition from wildcard165 to wildcard28
[DEBUG] Dynamically added transition from wildcard165 to wildcard157
[DEBUG] Dynamically added transition from wildcard165 to wildcard49
[DEBUG] Dynamically added transition from wildcard165 to wildcard48
[DEBUG] Dynamically added transition from wildcard165 to wildcard47
[DEBUG] Dynamically added transition from wildcard165 to wildcard46
[DEBUG] Dynamically added transition from wildcard165 to wildcard45
[DEBUG] Dynamically added transition from wildcard165 to wildcard44
[DEBUG] Dynamically added transition from wildcard165 to wildcard43
[DEBUG] Dynamically added transition from wildcard165 to wildcard42
[DEBUG] Dynamically added transition from wildcard165 to wildcard41
[DEBUG] Dynamically added transition from wildcard165 to wildcard40
[DEBUG] Dynamically added transition from wildcard165 to wildcard121
[DEBUG] Dynamically added transition from wildcard165 to wildcard122
[DEBUG] Dynamically added transition from wildcard165 to wildcard120
[DEBUG] Dynamically added transition from wildcard165 to wildcard129
[DEBUG] Dynamically added transition from wildcard165 to wildcard127
[DEBUG] Dynamically added transition from wildcard165 to wildcard128
[DEBUG] Dynamically added transition from wildcard165 to wildcard125
[DEBUG] Dynamically added transition from wildcard165 to wildcard126
[DEBUG] Dynamically added transition from wildcard165 to wildcard123
[DEBUG] Dynamically added transition from wildcard165 to wildcard39
[DEBUG] Dynamically added transition from wildcard165 to wildcard124
[DEBUG] Dynamically added transition from wildcard165 to wildcard59
[DEBUG] Dynamically added transition from wildcard165 to wildcard58
[DEBUG] Dynamically added transition from wildcard165 to middle
[DEBUG] Dynamically added transition from wildcard165 to wildcard57
[DEBUG] Dynamically added transition from wildcard165 to wildcard56
[DEBUG] Dynamically added transition from wildcard165 to wildcard55
[DEBUG] Dynamically added transition from wildcard165 to wildcard54
[DEBUG] Dynamically added transition from wildcard165 to wildcard53
[DEBUG] Dynamically added transition from wildcard165 to wildcard52
[DEBUG] Dynamically added transition from wildcard165 to wildcard51
[DEBUG] Dynamically added transition from wildcard165 to wildcard50
[DEBUG] Dynamically added transition from wildcard165 to wildcard132
[DEBUG] Dynamically added transition from wildcard165 to wildcard133
[DEBUG] Dynamically added transition from wildcard165 to wildcard130
[DEBUG] Dynamically added transition from wildcard165 to wildcard131
[DEBUG] Dynamically added transition from wildcard165 to wildcard138
[DEBUG] Dynamically added transition from wildcard165 to wildcard139
[DEBUG] Dynamically added transition from wildcard165 to wildcard136
[DEBUG] Dynamically added transition from wildcard165 to wildcard137
[DEBUG] Dynamically added transition from wildcard165 to wildcard134
[DEBUG] Dynamically added transition from wildcard165 to wildcard135
[DEBUG] Dynamically added transition from wildcard165 to wildcard69
[DEBUG] Dynamically added transition from wildcard165 to wildcard68
[DEBUG] Dynamically added transition from wildcard165 to wildcard67
[DEBUG] Dynamically added transition from wildcard165 to wildcard66
[DEBUG] Dynamically added transition from wildcard165 to wildcard65
[DEBUG] Dynamically added transition from wildcard165 to wildcard64
[DEBUG] Dynamically added transition from wildcard165 to wildcard63
[DEBUG] Dynamically added transition from wildcard165 to wildcard62
[DEBUG] Dynamically added transition from wildcard165 to wildcard61
[DEBUG] Dynamically added transition from wildcard165 to wildcard60
[DEBUG] Dynamically added transition from wildcard165 to wildcard100
[DEBUG] Dynamically added transition from wildcard165 to wildcard107
[DEBUG] Dynamically added transition from wildcard165 to wildcard108
[DEBUG] Dynamically added transition from wildcard165 to wildcard105
[DEBUG] Dynamically added transition from wildcard165 to wildcard106
[DEBUG] Dynamically added transition from wildcard165 to wildcard103
[DEBUG] Dynamically added transition from wildcard165 to wildcard104
[DEBUG] Dynamically added transition from wildcard165 to wildcard101
[DEBUG] Dynamically added transition from wildcard165 to wildcard102
[DEBUG] Dynamically added transition from wildcard165 to wildcard79
[DEBUG] Dynamically added transition from wildcard165 to wildcard78
[DEBUG] Dynamically added transition from wildcard165 to wildcard77
[DEBUG] Dynamically added transition from wildcard165 to wildcard76
[DEBUG] Dynamically added transition from wildcard165 to wildcard109
[DEBUG] Dynamically added transition from wildcard165 to wildcard75
[DEBUG] Dynamically added transition from wildcard165 to wildcard74
[DEBUG] Dynamically added transition from wildcard165 to wildcard73
[DEBUG] Dynamically added transition from wildcard165 to wildcard72
[DEBUG] Dynamically added transition from wildcard165 to wildcard71
[DEBUG] Dynamically added transition from wildcard165 to wildcard70
[DEBUG] Dynamically added transition from wildcard165 to wildcard110
[DEBUG] Dynamically added transition from wildcard165 to wildcard111
[DEBUG] Dynamically added transition from wildcard165 to wildcard118
[DEBUG] Dynamically added transition from wildcard165 to wildcard119
[DEBUG] Dynamically added transition from wildcard165 to wildcard116
[DEBUG] Dynamically added transition from wildcard165 to wildcard117
[DEBUG] Dynamically added transition from wildcard165 to .*
[DEBUG] Dynamically added transition from wildcard165 to wildcard114
[DEBUG] Dynamically added transition from wildcard165 to wildcard115
[DEBUG] Dynamically added transition from wildcard165 to wildcard112
[DEBUG] Dynamically added transition from wildcard165 to wildcard113
[DEBUG] Dynamically added transition from wildcard165 to wildcard89
[DEBUG] Dynamically added transition from wildcard165 to wildcard88
[DEBUG] Dynamically added transition from wildcard165 to wildcard87
[DEBUG] Dynamically added transition from wildcard165 to wildcard86
[DEBUG] Dynamically added transition from wildcard165 to INITIAL
[DEBUG] Dynamically added transition from wildcard165 to wildcard85
[DEBUG] Dynamically added transition from wildcard165 to wildcard84
[DEBUG] Dynamically added transition from wildcard165 to wildcard83
[DEBUG] Dynamically added transition from wildcard165 to wildcard82
[DEBUG] Dynamically added transition from wildcard165 to wildcard81
[DEBUG] Dynamically added transition from wildcard165 to wildcard80
[DEBUG] Dynamically added transition from wildcard165 to wildcard165
[DEBUG] Dynamically added transition from wildcard165 to wildcard163
[DEBUG] Dynamically added transition from wildcard165 to wildcard164
[DEBUG] Dynamically added transition from wildcard165 to wildcard161
[DEBUG] Dynamically added transition from wildcard165 to wildcard162
[DEBUG] Dynamically added transition from wildcard165 to wildcard160
[DEBUG] Dynamically added transition from wildcard165 to end
[DEBUG] Dynamically added transition from wildcard165 to wildcard16
[DEBUG] Dynamically added transition from wildcard165 to wildcard15
[DEBUG] Dynamically added transition from wildcard165 to wildcard14
[DEBUG] Dynamically added transition from wildcard165 to wildcard13
[DEBUG] Dynamically added transition from wildcard165 to wildcard12
[DEBUG] Dynamically added transition from wildcard165 to wildcard11
[DEBUG] Dynamically added transition from wildcard165 to wildcard99
[DEBUG] Dynamically added transition from wildcard165 to wildcard10
[DEBUG] Dynamically added transition from wildcard165 to wildcard98
[DEBUG] Dynamically added transition from wildcard165 to wildcard97
[DEBUG] Dynamically added transition from wildcard165 to start
[DEBUG] Dynamically added transition from wildcard165 to wildcard96
[DEBUG] Dynamically added transition from wildcard165 to wildcard95
[DEBUG] Dynamically added transition from wildcard165 to wildcard94
[DEBUG] Dynamically added transition from wildcard165 to wildcard93
[DEBUG] Dynamically added transition from wildcard165 to wildcard92
[DEBUG] Dynamically added transition from wildcard165 to wildcard91
[DEBUG] Dynamically added transition from wildcard165 to wildcard90
[INFO] Wildcard transition valid to state: wildcard165
[INFO] Wildcard transition detected from wildcard165 to wildcard166
[DEBUG] Created intermediate state for wildcard transition: wildcard166
[DEBUG] Dynamically added transition from wildcard165 to wildcard166
[DEBUG] Dynamically added transition from wildcard27 to wildcard166
[DEBUG] Dynamically added transition from wildcard26 to wildcard166
[DEBUG] Dynamically added transition from wildcard25 to wildcard166
[DEBUG] Dynamically added transition from wildcard24 to wildcard166
[DEBUG] Dynamically added transition from wildcard23 to wildcard166
[DEBUG] Dynamically added transition from wildcard22 to wildcard166
[DEBUG] Dynamically added transition from wildcard1 to wildcard166
[DEBUG] Dynamically added transition from wildcard21 to wildcard166
[DEBUG] Dynamically added transition from wildcard0 to wildcard166
[DEBUG] Dynamically added transition from wildcard20 to wildcard166
[DEBUG] Dynamically added transition from wildcard3 to wildcard166
[DEBUG] Dynamically added transition from wildcard2 to wildcard166
[DEBUG] Dynamically added transition from wildcard5 to wildcard166
[DEBUG] Dynamically added transition from wildcard4 to wildcard166
[DEBUG] Dynamically added transition from wildcard7 to wildcard166
[DEBUG] Dynamically added transition from wildcard6 to wildcard166
[DEBUG] Dynamically added transition from wildcard9 to wildcard166
[DEBUG] Dynamically added transition from wildcard8 to wildcard166
[DEBUG] Dynamically added transition from wildcard143 to wildcard166
[DEBUG] Dynamically added transition from wildcard144 to wildcard166
[DEBUG] Dynamically added transition from wildcard141 to wildcard166
[DEBUG] Dynamically added transition from wildcard142 to wildcard166
[DEBUG] Dynamically added transition from wildcard140 to wildcard166
[DEBUG] Dynamically added transition from wildcard149 to wildcard166
[DEBUG] Dynamically added transition from wildcard147 to wildcard166
[DEBUG] Dynamically added transition from wildcard19 to wildcard166
[DEBUG] Dynamically added transition from wildcard148 to wildcard166
[DEBUG] Dynamically added transition from wildcard18 to wildcard166
[DEBUG] Dynamically added transition from wildcard145 to wildcard166
[DEBUG] Dynamically added transition from wildcard17 to wildcard166
[DEBUG] Dynamically added transition from wildcard146 to wildcard166
[DEBUG] Dynamically added transition from wildcard38 to wildcard166
[DEBUG] Dynamically added transition from wildcard37 to wildcard166
[DEBUG] Dynamically added transition from wildcard36 to wildcard166
[DEBUG] Dynamically added transition from wildcard35 to wildcard166
[DEBUG] Dynamically added transition from wildcard34 to wildcard166
[DEBUG] Dynamically added transition from wildcard33 to wildcard166
[DEBUG] Dynamically added transition from wildcard32 to wildcard166
[DEBUG] Dynamically added transition from wildcard31 to wildcard166
[DEBUG] Dynamically added transition from wildcard30 to wildcard166
[DEBUG] Dynamically added transition from wildcard154 to wildcard166
[DEBUG] Dynamically added transition from wildcard155 to wildcard166
[DEBUG] Dynamically added transition from wildcard152 to wildcard166
[DEBUG] Dynamically added transition from wildcard153 to wildcard166
[DEBUG] Dynamically added transition from wildcard150 to wildcard166
[DEBUG] Dynamically added transition from wildcard151 to wildcard166
[DEBUG] Dynamically added transition from wildcard158 to wildcard166
[DEBUG] Dynamically added transition from wildcard159 to wildcard166
[DEBUG] Dynamically added transition from wildcard29 to wildcard166
[DEBUG] Dynamically added transition from wildcard156 to wildcard166
[DEBUG] Dynamically added transition from wildcard28 to wildcard166
[DEBUG] Dynamically added transition from wildcard157 to wildcard166
[DEBUG] Dynamically added transition from wildcard49 to wildcard166
[DEBUG] Dynamically added transition from wildcard48 to wildcard166
[DEBUG] Dynamically added transition from wildcard47 to wildcard166
[DEBUG] Dynamically added transition from wildcard46 to wildcard166
[DEBUG] Dynamically added transition from wildcard45 to wildcard166
[DEBUG] Dynamically added transition from wildcard44 to wildcard166
[DEBUG] Dynamically added transition from wildcard43 to wildcard166
[DEBUG] Dynamically added transition from wildcard42 to wildcard166
[DEBUG] Dynamically added transition from wildcard41 to wildcard166
[DEBUG] Dynamically added transition from wildcard40 to wildcard166
[DEBUG] Dynamically added transition from wildcard121 to wildcard166
[DEBUG] Dynamically added transition from wildcard122 to wildcard166
[DEBUG] Dynamically added transition from wildcard120 to wildcard166
[DEBUG] Dynamically added transition from wildcard129 to wildcard166
[DEBUG] Dynamically added transition from wildcard127 to wildcard166
[DEBUG] Dynamically added transition from wildcard128 to wildcard166
[DEBUG] Dynamically added transition from wildcard125 to wildcard166
[DEBUG] Dynamically added transition from wildcard126 to wildcard166
[DEBUG] Dynamically added transition from wildcard123 to wildcard166
[DEBUG] Dynamically added transition from wildcard39 to wildcard166
[DEBUG] Dynamically added transition from wildcard124 to wildcard166
[DEBUG] Dynamically added transition from wildcard59 to wildcard166
[DEBUG] Dynamically added transition from wildcard58 to wildcard166
[DEBUG] Dynamically added transition from middle to wildcard166
[DEBUG] Dynamically added transition from wildcard57 to wildcard166
[DEBUG] Dynamically added transition from wildcard56 to wildcard166
[DEBUG] Dynamically added transition from wildcard55 to wildcard166
[DEBUG] Dynamically added transition from wildcard54 to wildcard166
[DEBUG] Dynamically added transition from wildcard53 to wildcard166
[DEBUG] Dynamically added transition from wildcard52 to wildcard166
[DEBUG] Dynamically added transition from wildcard51 to wildcard166
[DEBUG] Dynamically added transition from wildcard50 to wildcard166
[DEBUG] Dynamically added transition from wildcard132 to wildcard166
[DEBUG] Dynamically added transition from wildcard133 to wildcard166
[DEBUG] Dynamically added transition from wildcard130 to wildcard166
[DEBUG] Dynamically added transition from wildcard131 to wildcard166
[DEBUG] Dynamically added transition from wildcard138 to wildcard166
[DEBUG] Dynamically added transition from wildcard139 to wildcard166
[DEBUG] Dynamically added transition from wildcard136 to wildcard166
[DEBUG] Dynamically added transition from wildcard137 to wildcard166
[DEBUG] Dynamically added transition from wildcard134 to wildcard166
[DEBUG] Dynamically added transition from wildcard135 to wildcard166
[DEBUG] Dynamically added transition from wildcard69 to wildcard166
[DEBUG] Dynamically added transition from wildcard68 to wildcard166
[DEBUG] Dynamically added transition from wildcard67 to wildcard166
[DEBUG] Dynamically added transition from wildcard66 to wildcard166
[DEBUG] Dynamically added transition from wildcard65 to wildcard166
[DEBUG] Dynamically added transition from wildcard64 to wildcard166
[DEBUG] Dynamically added transition from wildcard63 to wildcard166
[DEBUG] Dynamically added transition from wildcard62 to wildcard166
[DEBUG] Dynamically added transition from wildcard61 to wildcard166
[DEBUG] Dynamically added transition from wildcard60 to wildcard166
[DEBUG] Dynamically added transition from wildcard100 to wildcard166
[DEBUG] Dynamically added transition from wildcard107 to wildcard166
[DEBUG] Dynamically added transition from wildcard108 to wildcard166
[DEBUG] Dynamically added transition from wildcard105 to wildcard166
[DEBUG] Dynamically added transition from wildcard106 to wildcard166
[DEBUG] Dynamically added transition from wildcard103 to wildcard166
[DEBUG] Dynamically added transition from wildcard104 to wildcard166
[DEBUG] Dynamically added transition from wildcard101 to wildcard166
[DEBUG] Dynamically added transition from wildcard102 to wildcard166
[DEBUG] Dynamically added transition from wildcard79 to wildcard166
[DEBUG] Dynamically added transition from wildcard78 to wildcard166
[DEBUG] Dynamically added transition from wildcard77 to wildcard166
[DEBUG] Dynamically added transition from wildcard76 to wildcard166
[DEBUG] Dynamically added transition from wildcard109 to wildcard166
[DEBUG] Dynamically added transition from wildcard75 to wildcard166
[DEBUG] Dynamically added transition from wildcard74 to wildcard166
[DEBUG] Dynamically added transition from wildcard73 to wildcard166
[DEBUG] Dynamically added transition from wildcard72 to wildcard166
[DEBUG] Dynamically added transition from wildcard71 to wildcard166
[DEBUG] Dynamically added transition from wildcard70 to wildcard166
[DEBUG] Dynamically added transition from wildcard110 to wildcard166
[DEBUG] Dynamically added transition from wildcard111 to wildcard166
[DEBUG] Dynamically added transition from wildcard118 to wildcard166
[DEBUG] Dynamically added transition from wildcard119 to wildcard166
[DEBUG] Dynamically added transition from wildcard116 to wildcard166
[DEBUG] Dynamically added transition from wildcard117 to wildcard166
[DEBUG] Dynamically added transition from wildcard114 to wildcard166
[DEBUG] Dynamically added transition from wildcard115 to wildcard166
[DEBUG] Dynamically added transition from wildcard112 to wildcard166
[DEBUG] Dynamically added transition from wildcard113 to wildcard166
[DEBUG] Dynamically added transition from wildcard89 to wildcard166
[DEBUG] Dynamically added transition from wildcard88 to wildcard166
[DEBUG] Dynamically added transition from wildcard87 to wildcard166
[DEBUG] Dynamically added transition from wildcard86 to wildcard166
[DEBUG] Dynamically added transition from wildcard85 to wildcard166
[DEBUG] Dynamically added transition from wildcard84 to wildcard166
[DEBUG] Dynamically added transition from wildcard83 to wildcard166
[DEBUG] Dynamically added transition from wildcard82 to wildcard166
[DEBUG] Dynamically added transition from wildcard81 to wildcard166
[DEBUG] Dynamically added transition from wildcard80 to wildcard166
[DEBUG] Dynamically added transition from wildcard163 to wildcard166
[DEBUG] Dynamically added transition from wildcard164 to wildcard166
[DEBUG] Dynamically added transition from wildcard161 to wildcard166
[DEBUG] Dynamically added transition from wildcard162 to wildcard166
[DEBUG] Dynamically added transition from wildcard160 to wildcard166
[DEBUG] Dynamically added transition from wildcard16 to wildcard166
[DEBUG] Dynamically added transition from wildcard15 to wildcard166
[DEBUG] Dynamically added transition from wildcard14 to wildcard166
[DEBUG] Dynamically added transition from wildcard13 to wildcard166
[DEBUG] Dynamically added transition from wildcard12 to wildcard166
[DEBUG] Dynamically added transition from wildcard11 to wildcard166
[DEBUG] Dynamically added transition from wildcard99 to wildcard166
[DEBUG] Dynamically added transition from wildcard10 to wildcard166
[DEBUG] Dynamically added transition from wildcard98 to wildcard166
[DEBUG] Dynamically added transition from wildcard97 to wildcard166
[DEBUG] Dynamically added transition from start to wildcard166
[DEBUG] Dynamically added transition from wildcard96 to wildcard166
[DEBUG] Dynamically added transition from wildcard95 to wildcard166
[DEBUG] Dynamically added transition from wildcard94 to wildcard166
[DEBUG] Dynamically added transition from wildcard93 to wildcard166
[DEBUG] Dynamically added transition from wildcard92 to wildcard166
[DEBUG] Dynamically added transition from wildcard91 to wildcard166
[DEBUG] Dynamically added transition from wildcard90 to wildcard166
[DEBUG] Dynamically added transition from wildcard166 to wildcard27
[DEBUG] Dynamically added transition from wildcard166 to wildcard26
[DEBUG] Dynamically added transition from wildcard166 to wildcard25
[DEBUG] Dynamically added transition from wildcard166 to wildcard24
[DEBUG] Dynamically added transition from wildcard166 to wildcard23
[DEBUG] Dynamically added transition from wildcard166 to wildcard22
[DEBUG] Dynamically added transition from wildcard166 to wildcard1
[DEBUG] Dynamically added transition from wildcard166 to wildcard21
[DEBUG] Dynamically added transition from wildcard166 to wildcard0
[DEBUG] Dynamically added transition from wildcard166 to wildcard20
[DEBUG] Dynamically added transition from wildcard166 to wildcard3
[DEBUG] Dynamically added transition from wildcard166 to wildcard2
[DEBUG] Dynamically added transition from wildcard166 to wildcard5
[DEBUG] Dynamically added transition from wildcard166 to wildcard4
[DEBUG] Dynamically added transition from wildcard166 to wildcard7
[DEBUG] Dynamically added transition from wildcard166 to wildcard6
[DEBUG] Dynamically added transition from wildcard166 to wildcard9
[DEBUG] Dynamically added transition from wildcard166 to wildcard8
[DEBUG] Dynamically added transition from wildcard166 to wildcard143
[DEBUG] Dynamically added transition from wildcard166 to wildcard144
[DEBUG] Dynamically added transition from wildcard166 to wildcard141
[DEBUG] Dynamically added transition from wildcard166 to wildcard142
[DEBUG] Dynamically added transition from wildcard166 to wildcard140
[DEBUG] Dynamically added transition from wildcard166 to wildcard149
[DEBUG] Dynamically added transition from wildcard166 to wildcard147
[DEBUG] Dynamically added transition from wildcard166 to wildcard19
[DEBUG] Dynamically added transition from wildcard166 to wildcard148
[DEBUG] Dynamically added transition from wildcard166 to wildcard18
[DEBUG] Dynamically added transition from wildcard166 to wildcard145
[DEBUG] Dynamically added transition from wildcard166 to wildcard17
[DEBUG] Dynamically added transition from wildcard166 to wildcard146
[DEBUG] Dynamically added transition from wildcard166 to wildcard38
[DEBUG] Dynamically added transition from wildcard166 to wildcard37
[DEBUG] Dynamically added transition from wildcard166 to wildcard36
[DEBUG] Dynamically added transition from wildcard166 to wildcard35
[DEBUG] Dynamically added transition from wildcard166 to wildcard34
[DEBUG] Dynamically added transition from wildcard166 to wildcard33
[DEBUG] Dynamically added transition from wildcard166 to wildcard32
[DEBUG] Dynamically added transition from wildcard166 to wildcard31
[DEBUG] Dynamically added transition from wildcard166 to wildcard30
[DEBUG] Dynamically added transition from wildcard166 to wildcard154
[DEBUG] Dynamically added transition from wildcard166 to wildcard155
[DEBUG] Dynamically added transition from wildcard166 to wildcard152
[DEBUG] Dynamically added transition from wildcard166 to wildcard153
[DEBUG] Dynamically added transition from wildcard166 to wildcard150
[DEBUG] Dynamically added transition from wildcard166 to wildcard151
[DEBUG] Dynamically added transition from wildcard166 to wildcard158
[DEBUG] Dynamically added transition from wildcard166 to wildcard159
[DEBUG] Dynamically added transition from wildcard166 to wildcard29
[DEBUG] Dynamically added transition from wildcard166 to wildcard156
[DEBUG] Dynamically added transition from wildcard166 to wildcard28
[DEBUG] Dynamically added transition from wildcard166 to wildcard157
[DEBUG] Dynamically added transition from wildcard166 to wildcard49
[DEBUG] Dynamically added transition from wildcard166 to wildcard48
[DEBUG] Dynamically added transition from wildcard166 to wildcard47
[DEBUG] Dynamically added transition from wildcard166 to wildcard46
[DEBUG] Dynamically added transition from wildcard166 to wildcard45
[DEBUG] Dynamically added transition from wildcard166 to wildcard44
[DEBUG] Dynamically added transition from wildcard166 to wildcard43
[DEBUG] Dynamically added transition from wildcard166 to wildcard42
[DEBUG] Dynamically added transition from wildcard166 to wildcard41
[DEBUG] Dynamically added transition from wildcard166 to wildcard40
[DEBUG] Dynamically added transition from wildcard166 to wildcard121
[DEBUG] Dynamically added transition from wildcard166 to wildcard122
[DEBUG] Dynamically added transition from wildcard166 to wildcard120
[DEBUG] Dynamically added transition from wildcard166 to wildcard129
[DEBUG] Dynamically added transition from wildcard166 to wildcard127
[DEBUG] Dynamically added transition from wildcard166 to wildcard128
[DEBUG] Dynamically added transition from wildcard166 to wildcard125
[DEBUG] Dynamically added transition from wildcard166 to wildcard126
[DEBUG] Dynamically added transition from wildcard166 to wildcard123
[DEBUG] Dynamically added transition from wildcard166 to wildcard39
[DEBUG] Dynamically added transition from wildcard166 to wildcard124
[DEBUG] Dynamically added transition from wildcard166 to wildcard59
[DEBUG] Dynamically added transition from wildcard166 to wildcard58
[DEBUG] Dynamically added transition from wildcard166 to middle
[DEBUG] Dynamically added transition from wildcard166 to wildcard57
[DEBUG] Dynamically added transition from wildcard166 to wildcard56
[DEBUG] Dynamically added transition from wildcard166 to wildcard55
[DEBUG] Dynamically added transition from wildcard166 to wildcard54
[DEBUG] Dynamically added transition from wildcard166 to wildcard53
[DEBUG] Dynamically added transition from wildcard166 to wildcard52
[DEBUG] Dynamically added transition from wildcard166 to wildcard51
[DEBUG] Dynamically added transition from wildcard166 to wildcard50
[DEBUG] Dynamically added transition from wildcard166 to wildcard132
[DEBUG] Dynamically added transition from wildcard166 to wildcard133
[DEBUG] Dynamically added transition from wildcard166 to wildcard130
[DEBUG] Dynamically added transition from wildcard166 to wildcard131
[DEBUG] Dynamically added transition from wildcard166 to wildcard138
[DEBUG] Dynamically added transition from wildcard166 to wildcard139
[DEBUG] Dynamically added transition from wildcard166 to wildcard136
[DEBUG] Dynamically added transition from wildcard166 to wildcard137
[DEBUG] Dynamically added transition from wildcard166 to wildcard134
[DEBUG] Dynamically added transition from wildcard166 to wildcard135
[DEBUG] Dynamically added transition from wildcard166 to wildcard69
[DEBUG] Dynamically added transition from wildcard166 to wildcard68
[DEBUG] Dynamically added transition from wildcard166 to wildcard67
[DEBUG] Dynamically added transition from wildcard166 to wildcard66
[DEBUG] Dynamically added transition from wildcard166 to wildcard65
[DEBUG] Dynamically added transition from wildcard166 to wildcard64
[DEBUG] Dynamically added transition from wildcard166 to wildcard63
[DEBUG] Dynamically added transition from wildcard166 to wildcard62
[DEBUG] Dynamically added transition from wildcard166 to wildcard61
[DEBUG] Dynamically added transition from wildcard166 to wildcard60
[DEBUG] Dynamically added transition from wildcard166 to wildcard100
[DEBUG] Dynamically added transition from wildcard166 to wildcard107
[DEBUG] Dynamically added transition from wildcard166 to wildcard108
[DEBUG] Dynamically added transition from wildcard166 to wildcard105
[DEBUG] Dynamically added transition from wildcard166 to wildcard106
[DEBUG] Dynamically added transition from wildcard166 to wildcard103
[DEBUG] Dynamically added transition from wildcard166 to wildcard104
[DEBUG] Dynamically added transition from wildcard166 to wildcard101
[DEBUG] Dynamically added transition from wildcard166 to wildcard102
[DEBUG] Dynamically added transition from wildcard166 to wildcard79
[DEBUG] Dynamically added transition from wildcard166 to wildcard78
[DEBUG] Dynamically added transition from wildcard166 to wildcard77
[DEBUG] Dynamically added transition from wildcard166 to wildcard76
[DEBUG] Dynamically added transition from wildcard166 to wildcard109
[DEBUG] Dynamically added transition from wildcard166 to wildcard75
[DEBUG] Dynamically added transition from wildcard166 to wildcard74
[DEBUG] Dynamically added transition from wildcard166 to wildcard73
[DEBUG] Dynamically added transition from wildcard166 to wildcard72
[DEBUG] Dynamically added transition from wildcard166 to wildcard71
[DEBUG] Dynamically added transition from wildcard166 to wildcard70
[DEBUG] Dynamically added transition from wildcard166 to wildcard110
[DEBUG] Dynamically added transition from wildcard166 to wildcard111
[DEBUG] Dynamically added transition from wildcard166 to wildcard118
[DEBUG] Dynamically added transition from wildcard166 to wildcard119
[DEBUG] Dynamically added transition from wildcard166 to wildcard116
[DEBUG] Dynamically added transition from wildcard166 to wildcard117
[DEBUG] Dynamically added transition from wildcard166 to .*
[DEBUG] Dynamically added transition from wildcard166 to wildcard114
[DEBUG] Dynamically added transition from wildcard166 to wildcard115
[DEBUG] Dynamically added transition from wildcard166 to wildcard112
[DEBUG] Dynamically added transition from wildcard166 to wildcard113
[DEBUG] Dynamically added transition from wildcard166 to wildcard89
[DEBUG] Dynamically added transition from wildcard166 to wildcard88
[DEBUG] Dynamically added transition from wildcard166 to wildcard87
[DEBUG] Dynamically added transition from wildcard166 to wildcard86
[DEBUG] Dynamically added transition from wildcard166 to INITIAL
[DEBUG] Dynamically added transition from wildcard166 to wildcard85
[DEBUG] Dynamically added transition from wildcard166 to wildcard84
[DEBUG] Dynamically added transition from wildcard166 to wildcard83
[DEBUG] Dynamically added transition from wildcard166 to wildcard82
[DEBUG] Dynamically added transition from wildcard166 to wildcard81
[DEBUG] Dynamically added transition from wildcard166 to wildcard80
[DEBUG] Dynamically added transition from wildcard166 to wildcard165
[DEBUG] Dynamically added transition from wildcard166 to wildcard166
[DEBUG] Dynamically added transition from wildcard166 to wildcard163
[DEBUG] Dynamically added transition from wildcard166 to wildcard164
[DEBUG] Dynamically added transition from wildcard166 to wildcard161
[DEBUG] Dynamically added transition from wildcard166 to wildcard162
[DEBUG] Dynamically added transition from wildcard166 to wildcard160
[DEBUG] Dynamically added transition from wildcard166 to end
[DEBUG] Dynamically added transition from wildcard166 to wildcard16
[DEBUG] Dynamically added transition from wildcard166 to wildcard15
[DEBUG] Dynamically added transition from wildcard166 to wildcard14
[DEBUG] Dynamically added transition from wildcard166 to wildcard13
[DEBUG] Dynamically added transition from wildcard166 to wildcard12
[DEBUG] Dynamically added transition from wildcard166 to wildcard11
[DEBUG] Dynamically added transition from wildcard166 to wildcard99
[DEBUG] Dynamically added transition from wildcard166 to wildcard10
[DEBUG] Dynamically added transition from wildcard166 to wildcard98
[DEBUG] Dynamically added transition from wildcard166 to wildcard97
[DEBUG] Dynamically added transition from wildcard166 to start
[DEBUG] Dynamically added transition from wildcard166 to wildcard96
[DEBUG] Dynamically added transition from wildcard166 to wildcard95
[DEBUG] Dynamically added transition from wildcard166 to wildcard94
[DEBUG] Dynamically added transition from wildcard166 to wildcard93
[DEBUG] Dynamically added transition from wildcard166 to wildcard92
[DEBUG] Dynamically added transition from wildcard166 to wildcard91
[DEBUG] Dynamically added transition from wildcard166 to wildcard90
[INFO] Wildcard transition valid to state: wildcard166
[INFO] Wildcard transition detected from wildcard166 to wildcard167
[DEBUG] Created intermediate state for wildcard transition: wildcard167
[DEBUG] Dynamically added transition from wildcard166 to wildcard167
[DEBUG] Dynamically added transition from wildcard27 to wildcard167
[DEBUG] Dynamically added transition from wildcard26 to wildcard167
[DEBUG] Dynamically added transition from wildcard25 to wildcard167
[DEBUG] Dynamically added transition from wildcard24 to wildcard167
[DEBUG] Dynamically added transition from wildcard23 to wildcard167
[DEBUG] Dynamically added transition from wildcard22 to wildcard167
[DEBUG] Dynamically added transition from wildcard1 to wildcard167
[DEBUG] Dynamically added transition from wildcard21 to wildcard167
[DEBUG] Dynamically added transition from wildcard0 to wildcard167
[DEBUG] Dynamically added transition from wildcard20 to wildcard167
[DEBUG] Dynamically added transition from wildcard3 to wildcard167
[DEBUG] Dynamically added transition from wildcard2 to wildcard167
[DEBUG] Dynamically added transition from wildcard5 to wildcard167
[DEBUG] Dynamically added transition from wildcard4 to wildcard167
[DEBUG] Dynamically added transition from wildcard7 to wildcard167
[DEBUG] Dynamically added transition from wildcard6 to wildcard167
[DEBUG] Dynamically added transition from wildcard9 to wildcard167
[DEBUG] Dynamically added transition from wildcard8 to wildcard167
[DEBUG] Dynamically added transition from wildcard143 to wildcard167
[DEBUG] Dynamically added transition from wildcard144 to wildcard167
[DEBUG] Dynamically added transition from wildcard141 to wildcard167
[DEBUG] Dynamically added transition from wildcard142 to wildcard167
[DEBUG] Dynamically added transition from wildcard140 to wildcard167
[DEBUG] Dynamically added transition from wildcard149 to wildcard167
[DEBUG] Dynamically added transition from wildcard147 to wildcard167
[DEBUG] Dynamically added transition from wildcard19 to wildcard167
[DEBUG] Dynamically added transition from wildcard148 to wildcard167
[DEBUG] Dynamically added transition from wildcard18 to wildcard167
[DEBUG] Dynamically added transition from wildcard145 to wildcard167
[DEBUG] Dynamically added transition from wildcard17 to wildcard167
[DEBUG] Dynamically added transition from wildcard146 to wildcard167
[DEBUG] Dynamically added transition from wildcard38 to wildcard167
[DEBUG] Dynamically added transition from wildcard37 to wildcard167
[DEBUG] Dynamically added transition from wildcard36 to wildcard167
[DEBUG] Dynamically added transition from wildcard35 to wildcard167
[DEBUG] Dynamically added transition from wildcard34 to wildcard167
[DEBUG] Dynamically added transition from wildcard33 to wildcard167
[DEBUG] Dynamically added transition from wildcard32 to wildcard167
[DEBUG] Dynamically added transition from wildcard31 to wildcard167
[DEBUG] Dynamically added transition from wildcard30 to wildcard167
[DEBUG] Dynamically added transition from wildcard154 to wildcard167
[DEBUG] Dynamically added transition from wildcard155 to wildcard167
[DEBUG] Dynamically added transition from wildcard152 to wildcard167
[DEBUG] Dynamically added transition from wildcard153 to wildcard167
[DEBUG] Dynamically added transition from wildcard150 to wildcard167
[DEBUG] Dynamically added transition from wildcard151 to wildcard167
[DEBUG] Dynamically added transition from wildcard158 to wildcard167
[DEBUG] Dynamically added transition from wildcard159 to wildcard167
[DEBUG] Dynamically added transition from wildcard29 to wildcard167
[DEBUG] Dynamically added transition from wildcard156 to wildcard167
[DEBUG] Dynamically added transition from wildcard28 to wildcard167
[DEBUG] Dynamically added transition from wildcard157 to wildcard167
[DEBUG] Dynamically added transition from wildcard49 to wildcard167
[DEBUG] Dynamically added transition from wildcard48 to wildcard167
[DEBUG] Dynamically added transition from wildcard47 to wildcard167
[DEBUG] Dynamically added transition from wildcard46 to wildcard167
[DEBUG] Dynamically added transition from wildcard45 to wildcard167
[DEBUG] Dynamically added transition from wildcard44 to wildcard167
[DEBUG] Dynamically added transition from wildcard43 to wildcard167
[DEBUG] Dynamically added transition from wildcard42 to wildcard167
[DEBUG] Dynamically added transition from wildcard41 to wildcard167
[DEBUG] Dynamically added transition from wildcard40 to wildcard167
[DEBUG] Dynamically added transition from wildcard121 to wildcard167
[DEBUG] Dynamically added transition from wildcard122 to wildcard167
[DEBUG] Dynamically added transition from wildcard120 to wildcard167
[DEBUG] Dynamically added transition from wildcard129 to wildcard167
[DEBUG] Dynamically added transition from wildcard127 to wildcard167
[DEBUG] Dynamically added transition from wildcard128 to wildcard167
[DEBUG] Dynamically added transition from wildcard125 to wildcard167
[DEBUG] Dynamically added transition from wildcard126 to wildcard167
[DEBUG] Dynamically added transition from wildcard123 to wildcard167
[DEBUG] Dynamically added transition from wildcard39 to wildcard167
[DEBUG] Dynamically added transition from wildcard124 to wildcard167
[DEBUG] Dynamically added transition from wildcard59 to wildcard167
[DEBUG] Dynamically added transition from wildcard58 to wildcard167
[DEBUG] Dynamically added transition from middle to wildcard167
[DEBUG] Dynamically added transition from wildcard57 to wildcard167
[DEBUG] Dynamically added transition from wildcard56 to wildcard167
[DEBUG] Dynamically added transition from wildcard55 to wildcard167
[DEBUG] Dynamically added transition from wildcard54 to wildcard167
[DEBUG] Dynamically added transition from wildcard53 to wildcard167
[DEBUG] Dynamically added transition from wildcard52 to wildcard167
[DEBUG] Dynamically added transition from wildcard51 to wildcard167
[DEBUG] Dynamically added transition from wildcard50 to wildcard167
[DEBUG] Dynamically added transition from wildcard132 to wildcard167
[DEBUG] Dynamically added transition from wildcard133 to wildcard167
[DEBUG] Dynamically added transition from wildcard130 to wildcard167
[DEBUG] Dynamically added transition from wildcard131 to wildcard167
[DEBUG] Dynamically added transition from wildcard138 to wildcard167
[DEBUG] Dynamically added transition from wildcard139 to wildcard167
[DEBUG] Dynamically added transition from wildcard136 to wildcard167
[DEBUG] Dynamically added transition from wildcard137 to wildcard167
[DEBUG] Dynamically added transition from wildcard134 to wildcard167
[DEBUG] Dynamically added transition from wildcard135 to wildcard167
[DEBUG] Dynamically added transition from wildcard69 to wildcard167
[DEBUG] Dynamically added transition from wildcard68 to wildcard167
[DEBUG] Dynamically added transition from wildcard67 to wildcard167
[DEBUG] Dynamically added transition from wildcard66 to wildcard167
[DEBUG] Dynamically added transition from wildcard65 to wildcard167
[DEBUG] Dynamically added transition from wildcard64 to wildcard167
[DEBUG] Dynamically added transition from wildcard63 to wildcard167
[DEBUG] Dynamically added transition from wildcard62 to wildcard167
[DEBUG] Dynamically added transition from wildcard61 to wildcard167
[DEBUG] Dynamically added transition from wildcard60 to wildcard167
[DEBUG] Dynamically added transition from wildcard100 to wildcard167
[DEBUG] Dynamically added transition from wildcard107 to wildcard167
[DEBUG] Dynamically added transition from wildcard108 to wildcard167
[DEBUG] Dynamically added transition from wildcard105 to wildcard167
[DEBUG] Dynamically added transition from wildcard106 to wildcard167
[DEBUG] Dynamically added transition from wildcard103 to wildcard167
[DEBUG] Dynamically added transition from wildcard104 to wildcard167
[DEBUG] Dynamically added transition from wildcard101 to wildcard167
[DEBUG] Dynamically added transition from wildcard102 to wildcard167
[DEBUG] Dynamically added transition from wildcard79 to wildcard167
[DEBUG] Dynamically added transition from wildcard78 to wildcard167
[DEBUG] Dynamically added transition from wildcard77 to wildcard167
[DEBUG] Dynamically added transition from wildcard76 to wildcard167
[DEBUG] Dynamically added transition from wildcard109 to wildcard167
[DEBUG] Dynamically added transition from wildcard75 to wildcard167
[DEBUG] Dynamically added transition from wildcard74 to wildcard167
[DEBUG] Dynamically added transition from wildcard73 to wildcard167
[DEBUG] Dynamically added transition from wildcard72 to wildcard167
[DEBUG] Dynamically added transition from wildcard71 to wildcard167
[DEBUG] Dynamically added transition from wildcard70 to wildcard167
[DEBUG] Dynamically added transition from wildcard110 to wildcard167
[DEBUG] Dynamically added transition from wildcard111 to wildcard167
[DEBUG] Dynamically added transition from wildcard118 to wildcard167
[DEBUG] Dynamically added transition from wildcard119 to wildcard167
[DEBUG] Dynamically added transition from wildcard116 to wildcard167
[DEBUG] Dynamically added transition from wildcard117 to wildcard167
[DEBUG] Dynamically added transition from wildcard114 to wildcard167
[DEBUG] Dynamically added transition from wildcard115 to wildcard167
[DEBUG] Dynamically added transition from wildcard112 to wildcard167
[DEBUG] Dynamically added transition from wildcard113 to wildcard167
[DEBUG] Dynamically added transition from wildcard89 to wildcard167
[DEBUG] Dynamically added transition from wildcard88 to wildcard167
[DEBUG] Dynamically added transition from wildcard87 to wildcard167
[DEBUG] Dynamically added transition from wildcard86 to wildcard167
[DEBUG] Dynamically added transition from wildcard85 to wildcard167
[DEBUG] Dynamically added transition from wildcard84 to wildcard167
[DEBUG] Dynamically added transition from wildcard83 to wildcard167
[DEBUG] Dynamically added transition from wildcard82 to wildcard167
[DEBUG] Dynamically added transition from wildcard81 to wildcard167
[DEBUG] Dynamically added transition from wildcard80 to wildcard167
[DEBUG] Dynamically added transition from wildcard165 to wildcard167
[DEBUG] Dynamically added transition from wildcard163 to wildcard167
[DEBUG] Dynamically added transition from wildcard164 to wildcard167
[DEBUG] Dynamically added transition from wildcard161 to wildcard167
[DEBUG] Dynamically added transition from wildcard162 to wildcard167
[DEBUG] Dynamically added transition from wildcard160 to wildcard167
[DEBUG] Dynamically added transition from wildcard16 to wildcard167
[DEBUG] Dynamically added transition from wildcard15 to wildcard167
[DEBUG] Dynamically added transition from wildcard14 to wildcard167
[DEBUG] Dynamically added transition from wildcard13 to wildcard167
[DEBUG] Dynamically added transition from wildcard12 to wildcard167
[DEBUG] Dynamically added transition from wildcard11 to wildcard167
[DEBUG] Dynamically added transition from wildcard99 to wildcard167
[DEBUG] Dynamically added transition from wildcard10 to wildcard167
[DEBUG] Dynamically added transition from wildcard98 to wildcard167
[DEBUG] Dynamically added transition from wildcard97 to wildcard167
[DEBUG] Dynamically added transition from start to wildcard167
[DEBUG] Dynamically added transition from wildcard96 to wildcard167
[DEBUG] Dynamically added transition from wildcard95 to wildcard167
[DEBUG] Dynamically added transition from wildcard94 to wildcard167
[DEBUG] Dynamically added transition from wildcard93 to wildcard167
[DEBUG] Dynamically added transition from wildcard92 to wildcard167
[DEBUG] Dynamically added transition from wildcard91 to wildcard167
[DEBUG] Dynamically added transition from wildcard90 to wildcard167
[DEBUG] Dynamically added transition from wildcard167 to wildcard27
[DEBUG] Dynamically added transition from wildcard167 to wildcard26
[DEBUG] Dynamically added transition from wildcard167 to wildcard25
[DEBUG] Dynamically added transition from wildcard167 to wildcard24
[DEBUG] Dynamically added transition from wildcard167 to wildcard23
[DEBUG] Dynamically added transition from wildcard167 to wildcard22
[DEBUG] Dynamically added transition from wildcard167 to wildcard1
[DEBUG] Dynamically added transition from wildcard167 to wildcard21
[DEBUG] Dynamically added transition from wildcard167 to wildcard0
[DEBUG] Dynamically added transition from wildcard167 to wildcard20
[DEBUG] Dynamically added transition from wildcard167 to wildcard3
[DEBUG] Dynamically added transition from wildcard167 to wildcard2
[DEBUG] Dynamically added transition from wildcard167 to wildcard5
[DEBUG] Dynamically added transition from wildcard167 to wildcard4
[DEBUG] Dynamically added transition from wildcard167 to wildcard7
[DEBUG] Dynamically added transition from wildcard167 to wildcard6
[DEBUG] Dynamically added transition from wildcard167 to wildcard9
[DEBUG] Dynamically added transition from wildcard167 to wildcard8
[DEBUG] Dynamically added transition from wildcard167 to wildcard143
[DEBUG] Dynamically added transition from wildcard167 to wildcard144
[DEBUG] Dynamically added transition from wildcard167 to wildcard141
[DEBUG] Dynamically added transition from wildcard167 to wildcard142
[DEBUG] Dynamically added transition from wildcard167 to wildcard140
[DEBUG] Dynamically added transition from wildcard167 to wildcard149
[DEBUG] Dynamically added transition from wildcard167 to wildcard147
[DEBUG] Dynamically added transition from wildcard167 to wildcard19
[DEBUG] Dynamically added transition from wildcard167 to wildcard148
[DEBUG] Dynamically added transition from wildcard167 to wildcard18
[DEBUG] Dynamically added transition from wildcard167 to wildcard145
[DEBUG] Dynamically added transition from wildcard167 to wildcard17
[DEBUG] Dynamically added transition from wildcard167 to wildcard146
[DEBUG] Dynamically added transition from wildcard167 to wildcard38
[DEBUG] Dynamically added transition from wildcard167 to wildcard37
[DEBUG] Dynamically added transition from wildcard167 to wildcard36
[DEBUG] Dynamically added transition from wildcard167 to wildcard35
[DEBUG] Dynamically added transition from wildcard167 to wildcard34
[DEBUG] Dynamically added transition from wildcard167 to wildcard33
[DEBUG] Dynamically added transition from wildcard167 to wildcard32
[DEBUG] Dynamically added transition from wildcard167 to wildcard31
[DEBUG] Dynamically added transition from wildcard167 to wildcard30
[DEBUG] Dynamically added transition from wildcard167 to wildcard154
[DEBUG] Dynamically added transition from wildcard167 to wildcard155
[DEBUG] Dynamically added transition from wildcard167 to wildcard152
[DEBUG] Dynamically added transition from wildcard167 to wildcard153
[DEBUG] Dynamically added transition from wildcard167 to wildcard150
[DEBUG] Dynamically added transition from wildcard167 to wildcard151
[DEBUG] Dynamically added transition from wildcard167 to wildcard158
[DEBUG] Dynamically added transition from wildcard167 to wildcard159
[DEBUG] Dynamically added transition from wildcard167 to wildcard29
[DEBUG] Dynamically added transition from wildcard167 to wildcard156
[DEBUG] Dynamically added transition from wildcard167 to wildcard28
[DEBUG] Dynamically added transition from wildcard167 to wildcard157
[DEBUG] Dynamically added transition from wildcard167 to wildcard49
[DEBUG] Dynamically added transition from wildcard167 to wildcard48
[DEBUG] Dynamically added transition from wildcard167 to wildcard47
[DEBUG] Dynamically added transition from wildcard167 to wildcard46
[DEBUG] Dynamically added transition from wildcard167 to wildcard45
[DEBUG] Dynamically added transition from wildcard167 to wildcard44
[DEBUG] Dynamically added transition from wildcard167 to wildcard43
[DEBUG] Dynamically added transition from wildcard167 to wildcard42
[DEBUG] Dynamically added transition from wildcard167 to wildcard41
[DEBUG] Dynamically added transition from wildcard167 to wildcard40
[DEBUG] Dynamically added transition from wildcard167 to wildcard121
[DEBUG] Dynamically added transition from wildcard167 to wildcard122
[DEBUG] Dynamically added transition from wildcard167 to wildcard120
[DEBUG] Dynamically added transition from wildcard167 to wildcard129
[DEBUG] Dynamically added transition from wildcard167 to wildcard127
[DEBUG] Dynamically added transition from wildcard167 to wildcard128
[DEBUG] Dynamically added transition from wildcard167 to wildcard125
[DEBUG] Dynamically added transition from wildcard167 to wildcard126
[DEBUG] Dynamically added transition from wildcard167 to wildcard123
[DEBUG] Dynamically added transition from wildcard167 to wildcard39
[DEBUG] Dynamically added transition from wildcard167 to wildcard124
[DEBUG] Dynamically added transition from wildcard167 to wildcard59
[DEBUG] Dynamically added transition from wildcard167 to wildcard58
[DEBUG] Dynamically added transition from wildcard167 to middle
[DEBUG] Dynamically added transition from wildcard167 to wildcard57
[DEBUG] Dynamically added transition from wildcard167 to wildcard56
[DEBUG] Dynamically added transition from wildcard167 to wildcard55
[DEBUG] Dynamically added transition from wildcard167 to wildcard54
[DEBUG] Dynamically added transition from wildcard167 to wildcard53
[DEBUG] Dynamically added transition from wildcard167 to wildcard52
[DEBUG] Dynamically added transition from wildcard167 to wildcard51
[DEBUG] Dynamically added transition from wildcard167 to wildcard50
[DEBUG] Dynamically added transition from wildcard167 to wildcard132
[DEBUG] Dynamically added transition from wildcard167 to wildcard133
[DEBUG] Dynamically added transition from wildcard167 to wildcard130
[DEBUG] Dynamically added transition from wildcard167 to wildcard131
[DEBUG] Dynamically added transition from wildcard167 to wildcard138
[DEBUG] Dynamically added transition from wildcard167 to wildcard139
[DEBUG] Dynamically added transition from wildcard167 to wildcard136
[DEBUG] Dynamically added transition from wildcard167 to wildcard137
[DEBUG] Dynamically added transition from wildcard167 to wildcard134
[DEBUG] Dynamically added transition from wildcard167 to wildcard135
[DEBUG] Dynamically added transition from wildcard167 to wildcard69
[DEBUG] Dynamically added transition from wildcard167 to wildcard68
[DEBUG] Dynamically added transition from wildcard167 to wildcard67
[DEBUG] Dynamically added transition from wildcard167 to wildcard66
[DEBUG] Dynamically added transition from wildcard167 to wildcard65
[DEBUG] Dynamically added transition from wildcard167 to wildcard64
[DEBUG] Dynamically added transition from wildcard167 to wildcard63
[DEBUG] Dynamically added transition from wildcard167 to wildcard62
[DEBUG] Dynamically added transition from wildcard167 to wildcard61
[DEBUG] Dynamically added transition from wildcard167 to wildcard60
[DEBUG] Dynamically added transition from wildcard167 to wildcard100
[DEBUG] Dynamically added transition from wildcard167 to wildcard107
[DEBUG] Dynamically added transition from wildcard167 to wildcard108
[DEBUG] Dynamically added transition from wildcard167 to wildcard105
[DEBUG] Dynamically added transition from wildcard167 to wildcard106
[DEBUG] Dynamically added transition from wildcard167 to wildcard103
[DEBUG] Dynamically added transition from wildcard167 to wildcard104
[DEBUG] Dynamically added transition from wildcard167 to wildcard101
[DEBUG] Dynamically added transition from wildcard167 to wildcard102
[DEBUG] Dynamically added transition from wildcard167 to wildcard79
[DEBUG] Dynamically added transition from wildcard167 to wildcard78
[DEBUG] Dynamically added transition from wildcard167 to wildcard77
[DEBUG] Dynamically added transition from wildcard167 to wildcard76
[DEBUG] Dynamically added transition from wildcard167 to wildcard109
[DEBUG] Dynamically added transition from wildcard167 to wildcard75
[DEBUG] Dynamically added transition from wildcard167 to wildcard74
[DEBUG] Dynamically added transition from wildcard167 to wildcard73
[DEBUG] Dynamically added transition from wildcard167 to wildcard72
[DEBUG] Dynamically added transition from wildcard167 to wildcard71
[DEBUG] Dynamically added transition from wildcard167 to wildcard70
[DEBUG] Dynamically added transition from wildcard167 to wildcard110
[DEBUG] Dynamically added transition from wildcard167 to wildcard111
[DEBUG] Dynamically added transition from wildcard167 to wildcard118
[DEBUG] Dynamically added transition from wildcard167 to wildcard119
[DEBUG] Dynamically added transition from wildcard167 to wildcard116
[DEBUG] Dynamically added transition from wildcard167 to wildcard117
[DEBUG] Dynamically added transition from wildcard167 to .*
[DEBUG] Dynamically added transition from wildcard167 to wildcard114
[DEBUG] Dynamically added transition from wildcard167 to wildcard115
[DEBUG] Dynamically added transition from wildcard167 to wildcard112
[DEBUG] Dynamically added transition from wildcard167 to wildcard113
[DEBUG] Dynamically added transition from wildcard167 to wildcard89
[DEBUG] Dynamically added transition from wildcard167 to wildcard88
[DEBUG] Dynamically added transition from wildcard167 to wildcard87
[DEBUG] Dynamically added transition from wildcard167 to wildcard86
[DEBUG] Dynamically added transition from wildcard167 to INITIAL
[DEBUG] Dynamically added transition from wildcard167 to wildcard85
[DEBUG] Dynamically added transition from wildcard167 to wildcard84
[DEBUG] Dynamically added transition from wildcard167 to wildcard83
[DEBUG] Dynamically added transition from wildcard167 to wildcard82
[DEBUG] Dynamically added transition from wildcard167 to wildcard81
[DEBUG] Dynamically added transition from wildcard167 to wildcard80
[DEBUG] Dynamically added transition from wildcard167 to wildcard165
[DEBUG] Dynamically added transition from wildcard167 to wildcard166
[DEBUG] Dynamically added transition from wildcard167 to wildcard163
[DEBUG] Dynamically added transition from wildcard167 to wildcard164
[DEBUG] Dynamically added transition from wildcard167 to wildcard161
[DEBUG] Dynamically added transition from wildcard167 to wildcard162
[DEBUG] Dynamically added transition from wildcard167 to wildcard160
[DEBUG] Dynamically added transition from wildcard167 to end
[DEBUG] Dynamically added transition from wildcard167 to wildcard167
[DEBUG] Dynamically added transition from wildcard167 to wildcard16
[DEBUG] Dynamically added transition from wildcard167 to wildcard15
[DEBUG] Dynamically added transition from wildcard167 to wildcard14
[DEBUG] Dynamically added transition from wildcard167 to wildcard13
[DEBUG] Dynamically added transition from wildcard167 to wildcard12
[DEBUG] Dynamically added transition from wildcard167 to wildcard11
[DEBUG] Dynamically added transition from wildcard167 to wildcard99
[DEBUG] Dynamically added transition from wildcard167 to wildcard10
[DEBUG] Dynamically added transition from wildcard167 to wildcard98
[DEBUG] Dynamically added transition from wildcard167 to wildcard97
[DEBUG] Dynamically added transition from wildcard167 to start
[DEBUG] Dynamically added transition from wildcard167 to wildcard96
[DEBUG] Dynamically added transition from wildcard167 to wildcard95
[DEBUG] Dynamically added transition from wildcard167 to wildcard94
[DEBUG] Dynamically added transition from wildcard167 to wildcard93
[DEBUG] Dynamically added transition from wildcard167 to wildcard92
[DEBUG] Dynamically added transition from wildcard167 to wildcard91
[DEBUG] Dynamically added transition from wildcard167 to wildcard90
[INFO] Wildcard transition valid to state: wildcard167
[INFO] Wildcard transition detected from wildcard167 to wildcard168
[DEBUG] Created intermediate state for wildcard transition: wildcard168
[DEBUG] Dynamically added transition from wildcard167 to wildcard168
[DEBUG] Dynamically added transition from wildcard27 to wildcard168
[DEBUG] Dynamically added transition from wildcard26 to wildcard168
[DEBUG] Dynamically added transition from wildcard25 to wildcard168
[DEBUG] Dynamically added transition from wildcard24 to wildcard168
[DEBUG] Dynamically added transition from wildcard23 to wildcard168
[DEBUG] Dynamically added transition from wildcard22 to wildcard168
[DEBUG] Dynamically added transition from wildcard1 to wildcard168
[DEBUG] Dynamically added transition from wildcard21 to wildcard168
[DEBUG] Dynamically added transition from wildcard0 to wildcard168
[DEBUG] Dynamically added transition from wildcard20 to wildcard168
[DEBUG] Dynamically added transition from wildcard3 to wildcard168
[DEBUG] Dynamically added transition from wildcard2 to wildcard168
[DEBUG] Dynamically added transition from wildcard5 to wildcard168
[DEBUG] Dynamically added transition from wildcard4 to wildcard168
[DEBUG] Dynamically added transition from wildcard7 to wildcard168
[DEBUG] Dynamically added transition from wildcard6 to wildcard168
[DEBUG] Dynamically added transition from wildcard9 to wildcard168
[DEBUG] Dynamically added transition from wildcard8 to wildcard168
[DEBUG] Dynamically added transition from wildcard143 to wildcard168
[DEBUG] Dynamically added transition from wildcard144 to wildcard168
[DEBUG] Dynamically added transition from wildcard141 to wildcard168
[DEBUG] Dynamically added transition from wildcard142 to wildcard168
[DEBUG] Dynamically added transition from wildcard140 to wildcard168
[DEBUG] Dynamically added transition from wildcard149 to wildcard168
[DEBUG] Dynamically added transition from wildcard147 to wildcard168
[DEBUG] Dynamically added transition from wildcard19 to wildcard168
[DEBUG] Dynamically added transition from wildcard148 to wildcard168
[DEBUG] Dynamically added transition from wildcard18 to wildcard168
[DEBUG] Dynamically added transition from wildcard145 to wildcard168
[DEBUG] Dynamically added transition from wildcard17 to wildcard168
[DEBUG] Dynamically added transition from wildcard146 to wildcard168
[DEBUG] Dynamically added transition from wildcard38 to wildcard168
[DEBUG] Dynamically added transition from wildcard37 to wildcard168
[DEBUG] Dynamically added transition from wildcard36 to wildcard168
[DEBUG] Dynamically added transition from wildcard35 to wildcard168
[DEBUG] Dynamically added transition from wildcard34 to wildcard168
[DEBUG] Dynamically added transition from wildcard33 to wildcard168
[DEBUG] Dynamically added transition from wildcard32 to wildcard168
[DEBUG] Dynamically added transition from wildcard31 to wildcard168
[DEBUG] Dynamically added transition from wildcard30 to wildcard168
[DEBUG] Dynamically added transition from wildcard154 to wildcard168
[DEBUG] Dynamically added transition from wildcard155 to wildcard168
[DEBUG] Dynamically added transition from wildcard152 to wildcard168
[DEBUG] Dynamically added transition from wildcard153 to wildcard168
[DEBUG] Dynamically added transition from wildcard150 to wildcard168
[DEBUG] Dynamically added transition from wildcard151 to wildcard168
[DEBUG] Dynamically added transition from wildcard158 to wildcard168
[DEBUG] Dynamically added transition from wildcard159 to wildcard168
[DEBUG] Dynamically added transition from wildcard29 to wildcard168
[DEBUG] Dynamically added transition from wildcard156 to wildcard168
[DEBUG] Dynamically added transition from wildcard28 to wildcard168
[DEBUG] Dynamically added transition from wildcard157 to wildcard168
[DEBUG] Dynamically added transition from wildcard49 to wildcard168
[DEBUG] Dynamically added transition from wildcard48 to wildcard168
[DEBUG] Dynamically added transition from wildcard47 to wildcard168
[DEBUG] Dynamically added transition from wildcard46 to wildcard168
[DEBUG] Dynamically added transition from wildcard45 to wildcard168
[DEBUG] Dynamically added transition from wildcard44 to wildcard168
[DEBUG] Dynamically added transition from wildcard43 to wildcard168
[DEBUG] Dynamically added transition from wildcard42 to wildcard168
[DEBUG] Dynamically added transition from wildcard41 to wildcard168
[DEBUG] Dynamically added transition from wildcard40 to wildcard168
[DEBUG] Dynamically added transition from wildcard121 to wildcard168
[DEBUG] Dynamically added transition from wildcard122 to wildcard168
[DEBUG] Dynamically added transition from wildcard120 to wildcard168
[DEBUG] Dynamically added transition from wildcard129 to wildcard168
[DEBUG] Dynamically added transition from wildcard127 to wildcard168
[DEBUG] Dynamically added transition from wildcard128 to wildcard168
[DEBUG] Dynamically added transition from wildcard125 to wildcard168
[DEBUG] Dynamically added transition from wildcard126 to wildcard168
[DEBUG] Dynamically added transition from wildcard123 to wildcard168
[DEBUG] Dynamically added transition from wildcard39 to wildcard168
[DEBUG] Dynamically added transition from wildcard124 to wildcard168
[DEBUG] Dynamically added transition from wildcard59 to wildcard168
[DEBUG] Dynamically added transition from wildcard58 to wildcard168
[DEBUG] Dynamically added transition from middle to wildcard168
[DEBUG] Dynamically added transition from wildcard57 to wildcard168
[DEBUG] Dynamically added transition from wildcard56 to wildcard168
[DEBUG] Dynamically added transition from wildcard55 to wildcard168
[DEBUG] Dynamically added transition from wildcard54 to wildcard168
[DEBUG] Dynamically added transition from wildcard53 to wildcard168
[DEBUG] Dynamically added transition from wildcard52 to wildcard168
[DEBUG] Dynamically added transition from wildcard51 to wildcard168
[DEBUG] Dynamically added transition from wildcard50 to wildcard168
[DEBUG] Dynamically added transition from wildcard132 to wildcard168
[DEBUG] Dynamically added transition from wildcard133 to wildcard168
[DEBUG] Dynamically added transition from wildcard130 to wildcard168
[DEBUG] Dynamically added transition from wildcard131 to wildcard168
[DEBUG] Dynamically added transition from wildcard138 to wildcard168
[DEBUG] Dynamically added transition from wildcard139 to wildcard168
[DEBUG] Dynamically added transition from wildcard136 to wildcard168
[DEBUG] Dynamically added transition from wildcard137 to wildcard168
[DEBUG] Dynamically added transition from wildcard134 to wildcard168
[DEBUG] Dynamically added transition from wildcard135 to wildcard168
[DEBUG] Dynamically added transition from wildcard69 to wildcard168
[DEBUG] Dynamically added transition from wildcard68 to wildcard168
[DEBUG] Dynamically added transition from wildcard67 to wildcard168
[DEBUG] Dynamically added transition from wildcard66 to wildcard168
[DEBUG] Dynamically added transition from wildcard65 to wildcard168
[DEBUG] Dynamically added transition from wildcard64 to wildcard168
[DEBUG] Dynamically added transition from wildcard63 to wildcard168
[DEBUG] Dynamically added transition from wildcard62 to wildcard168
[DEBUG] Dynamically added transition from wildcard61 to wildcard168
[DEBUG] Dynamically added transition from wildcard60 to wildcard168
[DEBUG] Dynamically added transition from wildcard100 to wildcard168
[DEBUG] Dynamically added transition from wildcard107 to wildcard168
[DEBUG] Dynamically added transition from wildcard108 to wildcard168
[DEBUG] Dynamically added transition from wildcard105 to wildcard168
[DEBUG] Dynamically added transition from wildcard106 to wildcard168
[DEBUG] Dynamically added transition from wildcard103 to wildcard168
[DEBUG] Dynamically added transition from wildcard104 to wildcard168
[DEBUG] Dynamically added transition from wildcard101 to wildcard168
[DEBUG] Dynamically added transition from wildcard102 to wildcard168
[DEBUG] Dynamically added transition from wildcard79 to wildcard168
[DEBUG] Dynamically added transition from wildcard78 to wildcard168
[DEBUG] Dynamically added transition from wildcard77 to wildcard168
[DEBUG] Dynamically added transition from wildcard76 to wildcard168
[DEBUG] Dynamically added transition from wildcard109 to wildcard168
[DEBUG] Dynamically added transition from wildcard75 to wildcard168
[DEBUG] Dynamically added transition from wildcard74 to wildcard168
[DEBUG] Dynamically added transition from wildcard73 to wildcard168
[DEBUG] Dynamically added transition from wildcard72 to wildcard168
[DEBUG] Dynamically added transition from wildcard71 to wildcard168
[DEBUG] Dynamically added transition from wildcard70 to wildcard168
[DEBUG] Dynamically added transition from wildcard110 to wildcard168
[DEBUG] Dynamically added transition from wildcard111 to wildcard168
[DEBUG] Dynamically added transition from wildcard118 to wildcard168
[DEBUG] Dynamically added transition from wildcard119 to wildcard168
[DEBUG] Dynamically added transition from wildcard116 to wildcard168
[DEBUG] Dynamically added transition from wildcard117 to wildcard168
[DEBUG] Dynamically added transition from wildcard114 to wildcard168
[DEBUG] Dynamically added transition from wildcard115 to wildcard168
[DEBUG] Dynamically added transition from wildcard112 to wildcard168
[DEBUG] Dynamically added transition from wildcard113 to wildcard168
[DEBUG] Dynamically added transition from wildcard89 to wildcard168
[DEBUG] Dynamically added transition from wildcard88 to wildcard168
[DEBUG] Dynamically added transition from wildcard87 to wildcard168
[DEBUG] Dynamically added transition from wildcard86 to wildcard168
[DEBUG] Dynamically added transition from wildcard85 to wildcard168
[DEBUG] Dynamically added transition from wildcard84 to wildcard168
[DEBUG] Dynamically added transition from wildcard83 to wildcard168
[DEBUG] Dynamically added transition from wildcard82 to wildcard168
[DEBUG] Dynamically added transition from wildcard81 to wildcard168
[DEBUG] Dynamically added transition from wildcard80 to wildcard168
[DEBUG] Dynamically added transition from wildcard165 to wildcard168
[DEBUG] Dynamically added transition from wildcard166 to wildcard168
[DEBUG] Dynamically added transition from wildcard163 to wildcard168
[DEBUG] Dynamically added transition from wildcard164 to wildcard168
[DEBUG] Dynamically added transition from wildcard161 to wildcard168
[DEBUG] Dynamically added transition from wildcard162 to wildcard168
[DEBUG] Dynamically added transition from wildcard160 to wildcard168
[DEBUG] Dynamically added transition from wildcard16 to wildcard168
[DEBUG] Dynamically added transition from wildcard15 to wildcard168
[DEBUG] Dynamically added transition from wildcard14 to wildcard168
[DEBUG] Dynamically added transition from wildcard13 to wildcard168
[DEBUG] Dynamically added transition from wildcard12 to wildcard168
[DEBUG] Dynamically added transition from wildcard11 to wildcard168
[DEBUG] Dynamically added transition from wildcard99 to wildcard168
[DEBUG] Dynamically added transition from wildcard10 to wildcard168
[DEBUG] Dynamically added transition from wildcard98 to wildcard168
[DEBUG] Dynamically added transition from wildcard97 to wildcard168
[DEBUG] Dynamically added transition from start to wildcard168
[DEBUG] Dynamically added transition from wildcard96 to wildcard168
[DEBUG] Dynamically added transition from wildcard95 to wildcard168
[DEBUG] Dynamically added transition from wildcard94 to wildcard168
[DEBUG] Dynamically added transition from wildcard93 to wildcard168
[DEBUG] Dynamically added transition from wildcard92 to wildcard168
[DEBUG] Dynamically added transition from wildcard91 to wildcard168
[DEBUG] Dynamically added transition from wildcard90 to wildcard168
[DEBUG] Dynamically added transition from wildcard168 to wildcard27
[DEBUG] Dynamically added transition from wildcard168 to wildcard26
[DEBUG] Dynamically added transition from wildcard168 to wildcard25
[DEBUG] Dynamically added transition from wildcard168 to wildcard24
[DEBUG] Dynamically added transition from wildcard168 to wildcard23
[DEBUG] Dynamically added transition from wildcard168 to wildcard22
[DEBUG] Dynamically added transition from wildcard168 to wildcard1
[DEBUG] Dynamically added transition from wildcard168 to wildcard21
[DEBUG] Dynamically added transition from wildcard168 to wildcard0
[DEBUG] Dynamically added transition from wildcard168 to wildcard20
[DEBUG] Dynamically added transition from wildcard168 to wildcard3
[DEBUG] Dynamically added transition from wildcard168 to wildcard2
[DEBUG] Dynamically added transition from wildcard168 to wildcard5
[DEBUG] Dynamically added transition from wildcard168 to wildcard4
[DEBUG] Dynamically added transition from wildcard168 to wildcard7
[DEBUG] Dynamically added transition from wildcard168 to wildcard6
[DEBUG] Dynamically added transition from wildcard168 to wildcard9
[DEBUG] Dynamically added transition from wildcard168 to wildcard8
[DEBUG] Dynamically added transition from wildcard168 to wildcard143
[DEBUG] Dynamically added transition from wildcard168 to wildcard144
[DEBUG] Dynamically added transition from wildcard168 to wildcard141
[DEBUG] Dynamically added transition from wildcard168 to wildcard142
[DEBUG] Dynamically added transition from wildcard168 to wildcard140
[DEBUG] Dynamically added transition from wildcard168 to wildcard149
[DEBUG] Dynamically added transition from wildcard168 to wildcard147
[DEBUG] Dynamically added transition from wildcard168 to wildcard19
[DEBUG] Dynamically added transition from wildcard168 to wildcard148
[DEBUG] Dynamically added transition from wildcard168 to wildcard18
[DEBUG] Dynamically added transition from wildcard168 to wildcard145
[DEBUG] Dynamically added transition from wildcard168 to wildcard17
[DEBUG] Dynamically added transition from wildcard168 to wildcard146
[DEBUG] Dynamically added transition from wildcard168 to wildcard38
[DEBUG] Dynamically added transition from wildcard168 to wildcard37
[DEBUG] Dynamically added transition from wildcard168 to wildcard36
[DEBUG] Dynamically added transition from wildcard168 to wildcard35
[DEBUG] Dynamically added transition from wildcard168 to wildcard34
[DEBUG] Dynamically added transition from wildcard168 to wildcard33
[DEBUG] Dynamically added transition from wildcard168 to wildcard32
[DEBUG] Dynamically added transition from wildcard168 to wildcard31
[DEBUG] Dynamically added transition from wildcard168 to wildcard30
[DEBUG] Dynamically added transition from wildcard168 to wildcard154
[DEBUG] Dynamically added transition from wildcard168 to wildcard155
[DEBUG] Dynamically added transition from wildcard168 to wildcard152
[DEBUG] Dynamically added transition from wildcard168 to wildcard153
[DEBUG] Dynamically added transition from wildcard168 to wildcard150
[DEBUG] Dynamically added transition from wildcard168 to wildcard151
[DEBUG] Dynamically added transition from wildcard168 to wildcard158
[DEBUG] Dynamically added transition from wildcard168 to wildcard159
[DEBUG] Dynamically added transition from wildcard168 to wildcard29
[DEBUG] Dynamically added transition from wildcard168 to wildcard156
[DEBUG] Dynamically added transition from wildcard168 to wildcard28
[DEBUG] Dynamically added transition from wildcard168 to wildcard157
[DEBUG] Dynamically added transition from wildcard168 to wildcard49
[DEBUG] Dynamically added transition from wildcard168 to wildcard48
[DEBUG] Dynamically added transition from wildcard168 to wildcard47
[DEBUG] Dynamically added transition from wildcard168 to wildcard46
[DEBUG] Dynamically added transition from wildcard168 to wildcard45
[DEBUG] Dynamically added transition from wildcard168 to wildcard44
[DEBUG] Dynamically added transition from wildcard168 to wildcard43
[DEBUG] Dynamically added transition from wildcard168 to wildcard42
[DEBUG] Dynamically added transition from wildcard168 to wildcard41
[DEBUG] Dynamically added transition from wildcard168 to wildcard40
[DEBUG] Dynamically added transition from wildcard168 to wildcard121
[DEBUG] Dynamically added transition from wildcard168 to wildcard122
[DEBUG] Dynamically added transition from wildcard168 to wildcard120
[DEBUG] Dynamically added transition from wildcard168 to wildcard129
[DEBUG] Dynamically added transition from wildcard168 to wildcard127
[DEBUG] Dynamically added transition from wildcard168 to wildcard128
[DEBUG] Dynamically added transition from wildcard168 to wildcard125
[DEBUG] Dynamically added transition from wildcard168 to wildcard126
[DEBUG] Dynamically added transition from wildcard168 to wildcard123
[DEBUG] Dynamically added transition from wildcard168 to wildcard39
[DEBUG] Dynamically added transition from wildcard168 to wildcard124
[DEBUG] Dynamically added transition from wildcard168 to wildcard59
[DEBUG] Dynamically added transition from wildcard168 to wildcard58
[DEBUG] Dynamically added transition from wildcard168 to middle
[DEBUG] Dynamically added transition from wildcard168 to wildcard57
[DEBUG] Dynamically added transition from wildcard168 to wildcard56
[DEBUG] Dynamically added transition from wildcard168 to wildcard55
[DEBUG] Dynamically added transition from wildcard168 to wildcard54
[DEBUG] Dynamically added transition from wildcard168 to wildcard53
[DEBUG] Dynamically added transition from wildcard168 to wildcard52
[DEBUG] Dynamically added transition from wildcard168 to wildcard51
[DEBUG] Dynamically added transition from wildcard168 to wildcard50
[DEBUG] Dynamically added transition from wildcard168 to wildcard132
[DEBUG] Dynamically added transition from wildcard168 to wildcard133
[DEBUG] Dynamically added transition from wildcard168 to wildcard130
[DEBUG] Dynamically added transition from wildcard168 to wildcard131
[DEBUG] Dynamically added transition from wildcard168 to wildcard138
[DEBUG] Dynamically added transition from wildcard168 to wildcard139
[DEBUG] Dynamically added transition from wildcard168 to wildcard136
[DEBUG] Dynamically added transition from wildcard168 to wildcard137
[DEBUG] Dynamically added transition from wildcard168 to wildcard134
[DEBUG] Dynamically added transition from wildcard168 to wildcard135
[DEBUG] Dynamically added transition from wildcard168 to wildcard69
[DEBUG] Dynamically added transition from wildcard168 to wildcard68
[DEBUG] Dynamically added transition from wildcard168 to wildcard67
[DEBUG] Dynamically added transition from wildcard168 to wildcard66
[DEBUG] Dynamically added transition from wildcard168 to wildcard65
[DEBUG] Dynamically added transition from wildcard168 to wildcard64
[DEBUG] Dynamically added transition from wildcard168 to wildcard63
[DEBUG] Dynamically added transition from wildcard168 to wildcard62
[DEBUG] Dynamically added transition from wildcard168 to wildcard61
[DEBUG] Dynamically added transition from wildcard168 to wildcard60
[DEBUG] Dynamically added transition from wildcard168 to wildcard100
[DEBUG] Dynamically added transition from wildcard168 to wildcard107
[DEBUG] Dynamically added transition from wildcard168 to wildcard108
[DEBUG] Dynamically added transition from wildcard168 to wildcard105
[DEBUG] Dynamically added transition from wildcard168 to wildcard106
[DEBUG] Dynamically added transition from wildcard168 to wildcard103
[DEBUG] Dynamically added transition from wildcard168 to wildcard104
[DEBUG] Dynamically added transition from wildcard168 to wildcard101
[DEBUG] Dynamically added transition from wildcard168 to wildcard102
[DEBUG] Dynamically added transition from wildcard168 to wildcard79
[DEBUG] Dynamically added transition from wildcard168 to wildcard78
[DEBUG] Dynamically added transition from wildcard168 to wildcard77
[DEBUG] Dynamically added transition from wildcard168 to wildcard76
[DEBUG] Dynamically added transition from wildcard168 to wildcard109
[DEBUG] Dynamically added transition from wildcard168 to wildcard75
[DEBUG] Dynamically added transition from wildcard168 to wildcard74
[DEBUG] Dynamically added transition from wildcard168 to wildcard73
[DEBUG] Dynamically added transition from wildcard168 to wildcard72
[DEBUG] Dynamically added transition from wildcard168 to wildcard71
[DEBUG] Dynamically added transition from wildcard168 to wildcard70
[DEBUG] Dynamically added transition from wildcard168 to wildcard110
[DEBUG] Dynamically added transition from wildcard168 to wildcard111
[DEBUG] Dynamically added transition from wildcard168 to wildcard118
[DEBUG] Dynamically added transition from wildcard168 to wildcard119
[DEBUG] Dynamically added transition from wildcard168 to wildcard116
[DEBUG] Dynamically added transition from wildcard168 to wildcard117
[DEBUG] Dynamically added transition from wildcard168 to .*
[DEBUG] Dynamically added transition from wildcard168 to wildcard114
[DEBUG] Dynamically added transition from wildcard168 to wildcard115
[DEBUG] Dynamically added transition from wildcard168 to wildcard112
[DEBUG] Dynamically added transition from wildcard168 to wildcard113
[DEBUG] Dynamically added transition from wildcard168 to wildcard89
[DEBUG] Dynamically added transition from wildcard168 to wildcard88
[DEBUG] Dynamically added transition from wildcard168 to wildcard87
[DEBUG] Dynamically added transition from wildcard168 to wildcard86
[DEBUG] Dynamically added transition from wildcard168 to INITIAL
[DEBUG] Dynamically added transition from wildcard168 to wildcard85
[DEBUG] Dynamically added transition from wildcard168 to wildcard84
[DEBUG] Dynamically added transition from wildcard168 to wildcard83
[DEBUG] Dynamically added transition from wildcard168 to wildcard82
[DEBUG] Dynamically added transition from wildcard168 to wildcard81
[DEBUG] Dynamically added transition from wildcard168 to wildcard80
[DEBUG] Dynamically added transition from wildcard168 to wildcard165
[DEBUG] Dynamically added transition from wildcard168 to wildcard166
[DEBUG] Dynamically added transition from wildcard168 to wildcard163
[DEBUG] Dynamically added transition from wildcard168 to wildcard164
[DEBUG] Dynamically added transition from wildcard168 to wildcard161
[DEBUG] Dynamically added transition from wildcard168 to wildcard162
[DEBUG] Dynamically added transition from wildcard168 to wildcard160
[DEBUG] Dynamically added transition from wildcard168 to end
[DEBUG] Dynamically added transition from wildcard168 to wildcard167
[DEBUG] Dynamically added transition from wildcard168 to wildcard168
[DEBUG] Dynamically added transition from wildcard168 to wildcard16
[DEBUG] Dynamically added transition from wildcard168 to wildcard15
[DEBUG] Dynamically added transition from wildcard168 to wildcard14
[DEBUG] Dynamically added transition from wildcard168 to wildcard13
[DEBUG] Dynamically added transition from wildcard168 to wildcard12
[DEBUG] Dynamically added transition from wildcard168 to wildcard11
[DEBUG] Dynamically added transition from wildcard168 to wildcard99
[DEBUG] Dynamically added transition from wildcard168 to wildcard10
[DEBUG] Dynamically added transition from wildcard168 to wildcard98
[DEBUG] Dynamically added transition from wildcard168 to wildcard97
[DEBUG] Dynamically added transition from wildcard168 to start
[DEBUG] Dynamically added transition from wildcard168 to wildcard96
[DEBUG] Dynamically added transition from wildcard168 to wildcard95
[DEBUG] Dynamically added transition from wildcard168 to wildcard94
[DEBUG] Dynamically added transition from wildcard168 to wildcard93
[DEBUG] Dynamically added transition from wildcard168 to wildcard92
[DEBUG] Dynamically added transition from wildcard168 to wildcard91
[DEBUG] Dynamically added transition from wildcard168 to wildcard90
[INFO] Wildcard transition valid to state: wildcard168
[INFO] Wildcard transition detected from wildcard168 to wildcard169
[DEBUG] Created intermediate state for wildcard transition: wildcard169
[DEBUG] Dynamically added transition from wildcard168 to wildcard169
[DEBUG] Dynamically added transition from wildcard27 to wildcard169
[DEBUG] Dynamically added transition from wildcard26 to wildcard169
[DEBUG] Dynamically added transition from wildcard25 to wildcard169
[DEBUG] Dynamically added transition from wildcard24 to wildcard169
[DEBUG] Dynamically added transition from wildcard23 to wildcard169
[DEBUG] Dynamically added transition from wildcard22 to wildcard169
[DEBUG] Dynamically added transition from wildcard1 to wildcard169
[DEBUG] Dynamically added transition from wildcard21 to wildcard169
[DEBUG] Dynamically added transition from wildcard0 to wildcard169
[DEBUG] Dynamically added transition from wildcard20 to wildcard169
[DEBUG] Dynamically added transition from wildcard3 to wildcard169
[DEBUG] Dynamically added transition from wildcard2 to wildcard169
[DEBUG] Dynamically added transition from wildcard5 to wildcard169
[DEBUG] Dynamically added transition from wildcard4 to wildcard169
[DEBUG] Dynamically added transition from wildcard7 to wildcard169
[DEBUG] Dynamically added transition from wildcard6 to wildcard169
[DEBUG] Dynamically added transition from wildcard9 to wildcard169
[DEBUG] Dynamically added transition from wildcard8 to wildcard169
[DEBUG] Dynamically added transition from wildcard143 to wildcard169
[DEBUG] Dynamically added transition from wildcard144 to wildcard169
[DEBUG] Dynamically added transition from wildcard141 to wildcard169
[DEBUG] Dynamically added transition from wildcard142 to wildcard169
[DEBUG] Dynamically added transition from wildcard140 to wildcard169
[DEBUG] Dynamically added transition from wildcard149 to wildcard169
[DEBUG] Dynamically added transition from wildcard147 to wildcard169
[DEBUG] Dynamically added transition from wildcard19 to wildcard169
[DEBUG] Dynamically added transition from wildcard148 to wildcard169
[DEBUG] Dynamically added transition from wildcard18 to wildcard169
[DEBUG] Dynamically added transition from wildcard145 to wildcard169
[DEBUG] Dynamically added transition from wildcard17 to wildcard169
[DEBUG] Dynamically added transition from wildcard146 to wildcard169
[DEBUG] Dynamically added transition from wildcard38 to wildcard169
[DEBUG] Dynamically added transition from wildcard37 to wildcard169
[DEBUG] Dynamically added transition from wildcard36 to wildcard169
[DEBUG] Dynamically added transition from wildcard35 to wildcard169
[DEBUG] Dynamically added transition from wildcard34 to wildcard169
[DEBUG] Dynamically added transition from wildcard33 to wildcard169
[DEBUG] Dynamically added transition from wildcard32 to wildcard169
[DEBUG] Dynamically added transition from wildcard31 to wildcard169
[DEBUG] Dynamically added transition from wildcard30 to wildcard169
[DEBUG] Dynamically added transition from wildcard154 to wildcard169
[DEBUG] Dynamically added transition from wildcard155 to wildcard169
[DEBUG] Dynamically added transition from wildcard152 to wildcard169
[DEBUG] Dynamically added transition from wildcard153 to wildcard169
[DEBUG] Dynamically added transition from wildcard150 to wildcard169
[DEBUG] Dynamically added transition from wildcard151 to wildcard169
[DEBUG] Dynamically added transition from wildcard158 to wildcard169
[DEBUG] Dynamically added transition from wildcard159 to wildcard169
[DEBUG] Dynamically added transition from wildcard29 to wildcard169
[DEBUG] Dynamically added transition from wildcard156 to wildcard169
[DEBUG] Dynamically added transition from wildcard28 to wildcard169
[DEBUG] Dynamically added transition from wildcard157 to wildcard169
[DEBUG] Dynamically added transition from wildcard49 to wildcard169
[DEBUG] Dynamically added transition from wildcard48 to wildcard169
[DEBUG] Dynamically added transition from wildcard47 to wildcard169
[DEBUG] Dynamically added transition from wildcard46 to wildcard169
[DEBUG] Dynamically added transition from wildcard45 to wildcard169
[DEBUG] Dynamically added transition from wildcard44 to wildcard169
[DEBUG] Dynamically added transition from wildcard43 to wildcard169
[DEBUG] Dynamically added transition from wildcard42 to wildcard169
[DEBUG] Dynamically added transition from wildcard41 to wildcard169
[DEBUG] Dynamically added transition from wildcard40 to wildcard169
[DEBUG] Dynamically added transition from wildcard121 to wildcard169
[DEBUG] Dynamically added transition from wildcard122 to wildcard169
[DEBUG] Dynamically added transition from wildcard120 to wildcard169
[DEBUG] Dynamically added transition from wildcard129 to wildcard169
[DEBUG] Dynamically added transition from wildcard127 to wildcard169
[DEBUG] Dynamically added transition from wildcard128 to wildcard169
[DEBUG] Dynamically added transition from wildcard125 to wildcard169
[DEBUG] Dynamically added transition from wildcard126 to wildcard169
[DEBUG] Dynamically added transition from wildcard123 to wildcard169
[DEBUG] Dynamically added transition from wildcard39 to wildcard169
[DEBUG] Dynamically added transition from wildcard124 to wildcard169
[DEBUG] Dynamically added transition from wildcard59 to wildcard169
[DEBUG] Dynamically added transition from wildcard58 to wildcard169
[DEBUG] Dynamically added transition from middle to wildcard169
[DEBUG] Dynamically added transition from wildcard57 to wildcard169
[DEBUG] Dynamically added transition from wildcard56 to wildcard169
[DEBUG] Dynamically added transition from wildcard55 to wildcard169
[DEBUG] Dynamically added transition from wildcard54 to wildcard169
[DEBUG] Dynamically added transition from wildcard53 to wildcard169
[DEBUG] Dynamically added transition from wildcard52 to wildcard169
[DEBUG] Dynamically added transition from wildcard51 to wildcard169
[DEBUG] Dynamically added transition from wildcard50 to wildcard169
[DEBUG] Dynamically added transition from wildcard132 to wildcard169
[DEBUG] Dynamically added transition from wildcard133 to wildcard169
[DEBUG] Dynamically added transition from wildcard130 to wildcard169
[DEBUG] Dynamically added transition from wildcard131 to wildcard169
[DEBUG] Dynamically added transition from wildcard138 to wildcard169
[DEBUG] Dynamically added transition from wildcard139 to wildcard169
[DEBUG] Dynamically added transition from wildcard136 to wildcard169
[DEBUG] Dynamically added transition from wildcard137 to wildcard169
[DEBUG] Dynamically added transition from wildcard134 to wildcard169
[DEBUG] Dynamically added transition from wildcard135 to wildcard169
[DEBUG] Dynamically added transition from wildcard69 to wildcard169
[DEBUG] Dynamically added transition from wildcard68 to wildcard169
[DEBUG] Dynamically added transition from wildcard67 to wildcard169
[DEBUG] Dynamically added transition from wildcard66 to wildcard169
[DEBUG] Dynamically added transition from wildcard65 to wildcard169
[DEBUG] Dynamically added transition from wildcard64 to wildcard169
[DEBUG] Dynamically added transition from wildcard63 to wildcard169
[DEBUG] Dynamically added transition from wildcard62 to wildcard169
[DEBUG] Dynamically added transition from wildcard61 to wildcard169
[DEBUG] Dynamically added transition from wildcard60 to wildcard169
[DEBUG] Dynamically added transition from wildcard100 to wildcard169
[DEBUG] Dynamically added transition from wildcard107 to wildcard169
[DEBUG] Dynamically added transition from wildcard108 to wildcard169
[DEBUG] Dynamically added transition from wildcard105 to wildcard169
[DEBUG] Dynamically added transition from wildcard106 to wildcard169
[DEBUG] Dynamically added transition from wildcard103 to wildcard169
[DEBUG] Dynamically added transition from wildcard104 to wildcard169
[DEBUG] Dynamically added transition from wildcard101 to wildcard169
[DEBUG] Dynamically added transition from wildcard102 to wildcard169
[DEBUG] Dynamically added transition from wildcard79 to wildcard169
[DEBUG] Dynamically added transition from wildcard78 to wildcard169
[DEBUG] Dynamically added transition from wildcard77 to wildcard169
[DEBUG] Dynamically added transition from wildcard76 to wildcard169
[DEBUG] Dynamically added transition from wildcard109 to wildcard169
[DEBUG] Dynamically added transition from wildcard75 to wildcard169
[DEBUG] Dynamically added transition from wildcard74 to wildcard169
[DEBUG] Dynamically added transition from wildcard73 to wildcard169
[DEBUG] Dynamically added transition from wildcard72 to wildcard169
[DEBUG] Dynamically added transition from wildcard71 to wildcard169
[DEBUG] Dynamically added transition from wildcard70 to wildcard169
[DEBUG] Dynamically added transition from wildcard110 to wildcard169
[DEBUG] Dynamically added transition from wildcard111 to wildcard169
[DEBUG] Dynamically added transition from wildcard118 to wildcard169
[DEBUG] Dynamically added transition from wildcard119 to wildcard169
[DEBUG] Dynamically added transition from wildcard116 to wildcard169
[DEBUG] Dynamically added transition from wildcard117 to wildcard169
[DEBUG] Dynamically added transition from wildcard114 to wildcard169
[DEBUG] Dynamically added transition from wildcard115 to wildcard169
[DEBUG] Dynamically added transition from wildcard112 to wildcard169
[DEBUG] Dynamically added transition from wildcard113 to wildcard169
[DEBUG] Dynamically added transition from wildcard89 to wildcard169
[DEBUG] Dynamically added transition from wildcard88 to wildcard169
[DEBUG] Dynamically added transition from wildcard87 to wildcard169
[DEBUG] Dynamically added transition from wildcard86 to wildcard169
[DEBUG] Dynamically added transition from wildcard85 to wildcard169
[DEBUG] Dynamically added transition from wildcard84 to wildcard169
[DEBUG] Dynamically added transition from wildcard83 to wildcard169
[DEBUG] Dynamically added transition from wildcard82 to wildcard169
[DEBUG] Dynamically added transition from wildcard81 to wildcard169
[DEBUG] Dynamically added transition from wildcard80 to wildcard169
[DEBUG] Dynamically added transition from wildcard165 to wildcard169
[DEBUG] Dynamically added transition from wildcard166 to wildcard169
[DEBUG] Dynamically added transition from wildcard163 to wildcard169
[DEBUG] Dynamically added transition from wildcard164 to wildcard169
[DEBUG] Dynamically added transition from wildcard161 to wildcard169
[DEBUG] Dynamically added transition from wildcard162 to wildcard169
[DEBUG] Dynamically added transition from wildcard160 to wildcard169
[DEBUG] Dynamically added transition from wildcard167 to wildcard169
[DEBUG] Dynamically added transition from wildcard16 to wildcard169
[DEBUG] Dynamically added transition from wildcard15 to wildcard169
[DEBUG] Dynamically added transition from wildcard14 to wildcard169
[DEBUG] Dynamically added transition from wildcard13 to wildcard169
[DEBUG] Dynamically added transition from wildcard12 to wildcard169
[DEBUG] Dynamically added transition from wildcard11 to wildcard169
[DEBUG] Dynamically added transition from wildcard99 to wildcard169
[DEBUG] Dynamically added transition from wildcard10 to wildcard169
[DEBUG] Dynamically added transition from wildcard98 to wildcard169
[DEBUG] Dynamically added transition from wildcard97 to wildcard169
[DEBUG] Dynamically added transition from start to wildcard169
[DEBUG] Dynamically added transition from wildcard96 to wildcard169
[DEBUG] Dynamically added transition from wildcard95 to wildcard169
[DEBUG] Dynamically added transition from wildcard94 to wildcard169
[DEBUG] Dynamically added transition from wildcard93 to wildcard169
[DEBUG] Dynamically added transition from wildcard92 to wildcard169
[DEBUG] Dynamically added transition from wildcard91 to wildcard169
[DEBUG] Dynamically added transition from wildcard90 to wildcard169
[DEBUG] Dynamically added transition from wildcard169 to wildcard27
[DEBUG] Dynamically added transition from wildcard169 to wildcard26
[DEBUG] Dynamically added transition from wildcard169 to wildcard25
[DEBUG] Dynamically added transition from wildcard169 to wildcard24
[DEBUG] Dynamically added transition from wildcard169 to wildcard23
[DEBUG] Dynamically added transition from wildcard169 to wildcard22
[DEBUG] Dynamically added transition from wildcard169 to wildcard1
[DEBUG] Dynamically added transition from wildcard169 to wildcard21
[DEBUG] Dynamically added transition from wildcard169 to wildcard0
[DEBUG] Dynamically added transition from wildcard169 to wildcard20
[DEBUG] Dynamically added transition from wildcard169 to wildcard3
[DEBUG] Dynamically added transition from wildcard169 to wildcard2
[DEBUG] Dynamically added transition from wildcard169 to wildcard5
[DEBUG] Dynamically added transition from wildcard169 to wildcard4
[DEBUG] Dynamically added transition from wildcard169 to wildcard7
[DEBUG] Dynamically added transition from wildcard169 to wildcard6
[DEBUG] Dynamically added transition from wildcard169 to wildcard9
[DEBUG] Dynamically added transition from wildcard169 to wildcard8
[DEBUG] Dynamically added transition from wildcard169 to wildcard143
[DEBUG] Dynamically added transition from wildcard169 to wildcard144
[DEBUG] Dynamically added transition from wildcard169 to wildcard141
[DEBUG] Dynamically added transition from wildcard169 to wildcard142
[DEBUG] Dynamically added transition from wildcard169 to wildcard140
[DEBUG] Dynamically added transition from wildcard169 to wildcard149
[DEBUG] Dynamically added transition from wildcard169 to wildcard147
[DEBUG] Dynamically added transition from wildcard169 to wildcard19
[DEBUG] Dynamically added transition from wildcard169 to wildcard148
[DEBUG] Dynamically added transition from wildcard169 to wildcard18
[DEBUG] Dynamically added transition from wildcard169 to wildcard145
[DEBUG] Dynamically added transition from wildcard169 to wildcard17
[DEBUG] Dynamically added transition from wildcard169 to wildcard146
[DEBUG] Dynamically added transition from wildcard169 to wildcard38
[DEBUG] Dynamically added transition from wildcard169 to wildcard37
[DEBUG] Dynamically added transition from wildcard169 to wildcard36
[DEBUG] Dynamically added transition from wildcard169 to wildcard35
[DEBUG] Dynamically added transition from wildcard169 to wildcard34
[DEBUG] Dynamically added transition from wildcard169 to wildcard33
[DEBUG] Dynamically added transition from wildcard169 to wildcard32
[DEBUG] Dynamically added transition from wildcard169 to wildcard31
[DEBUG] Dynamically added transition from wildcard169 to wildcard30
[DEBUG] Dynamically added transition from wildcard169 to wildcard154
[DEBUG] Dynamically added transition from wildcard169 to wildcard155
[DEBUG] Dynamically added transition from wildcard169 to wildcard152
[DEBUG] Dynamically added transition from wildcard169 to wildcard153
[DEBUG] Dynamically added transition from wildcard169 to wildcard150
[DEBUG] Dynamically added transition from wildcard169 to wildcard151
[DEBUG] Dynamically added transition from wildcard169 to wildcard158
[DEBUG] Dynamically added transition from wildcard169 to wildcard159
[DEBUG] Dynamically added transition from wildcard169 to wildcard29
[DEBUG] Dynamically added transition from wildcard169 to wildcard156
[DEBUG] Dynamically added transition from wildcard169 to wildcard28
[DEBUG] Dynamically added transition from wildcard169 to wildcard157
[DEBUG] Dynamically added transition from wildcard169 to wildcard49
[DEBUG] Dynamically added transition from wildcard169 to wildcard48
[DEBUG] Dynamically added transition from wildcard169 to wildcard47
[DEBUG] Dynamically added transition from wildcard169 to wildcard46
[DEBUG] Dynamically added transition from wildcard169 to wildcard45
[DEBUG] Dynamically added transition from wildcard169 to wildcard44
[DEBUG] Dynamically added transition from wildcard169 to wildcard43
[DEBUG] Dynamically added transition from wildcard169 to wildcard42
[DEBUG] Dynamically added transition from wildcard169 to wildcard41
[DEBUG] Dynamically added transition from wildcard169 to wildcard40
[DEBUG] Dynamically added transition from wildcard169 to wildcard121
[DEBUG] Dynamically added transition from wildcard169 to wildcard122
[DEBUG] Dynamically added transition from wildcard169 to wildcard120
[DEBUG] Dynamically added transition from wildcard169 to wildcard129
[DEBUG] Dynamically added transition from wildcard169 to wildcard127
[DEBUG] Dynamically added transition from wildcard169 to wildcard128
[DEBUG] Dynamically added transition from wildcard169 to wildcard125
[DEBUG] Dynamically added transition from wildcard169 to wildcard126
[DEBUG] Dynamically added transition from wildcard169 to wildcard123
[DEBUG] Dynamically added transition from wildcard169 to wildcard39
[DEBUG] Dynamically added transition from wildcard169 to wildcard124
[DEBUG] Dynamically added transition from wildcard169 to wildcard59
[DEBUG] Dynamically added transition from wildcard169 to wildcard58
[DEBUG] Dynamically added transition from wildcard169 to middle
[DEBUG] Dynamically added transition from wildcard169 to wildcard57
[DEBUG] Dynamically added transition from wildcard169 to wildcard56
[DEBUG] Dynamically added transition from wildcard169 to wildcard55
[DEBUG] Dynamically added transition from wildcard169 to wildcard54
[DEBUG] Dynamically added transition from wildcard169 to wildcard53
[DEBUG] Dynamically added transition from wildcard169 to wildcard52
[DEBUG] Dynamically added transition from wildcard169 to wildcard51
[DEBUG] Dynamically added transition from wildcard169 to wildcard50
[DEBUG] Dynamically added transition from wildcard169 to wildcard132
[DEBUG] Dynamically added transition from wildcard169 to wildcard133
[DEBUG] Dynamically added transition from wildcard169 to wildcard130
[DEBUG] Dynamically added transition from wildcard169 to wildcard131
[DEBUG] Dynamically added transition from wildcard169 to wildcard138
[DEBUG] Dynamically added transition from wildcard169 to wildcard139
[DEBUG] Dynamically added transition from wildcard169 to wildcard136
[DEBUG] Dynamically added transition from wildcard169 to wildcard137
[DEBUG] Dynamically added transition from wildcard169 to wildcard134
[DEBUG] Dynamically added transition from wildcard169 to wildcard135
[DEBUG] Dynamically added transition from wildcard169 to wildcard69
[DEBUG] Dynamically added transition from wildcard169 to wildcard68
[DEBUG] Dynamically added transition from wildcard169 to wildcard67
[DEBUG] Dynamically added transition from wildcard169 to wildcard66
[DEBUG] Dynamically added transition from wildcard169 to wildcard65
[DEBUG] Dynamically added transition from wildcard169 to wildcard64
[DEBUG] Dynamically added transition from wildcard169 to wildcard63
[DEBUG] Dynamically added transition from wildcard169 to wildcard62
[DEBUG] Dynamically added transition from wildcard169 to wildcard61
[DEBUG] Dynamically added transition from wildcard169 to wildcard60
[DEBUG] Dynamically added transition from wildcard169 to wildcard100
[DEBUG] Dynamically added transition from wildcard169 to wildcard107
[DEBUG] Dynamically added transition from wildcard169 to wildcard108
[DEBUG] Dynamically added transition from wildcard169 to wildcard105
[DEBUG] Dynamically added transition from wildcard169 to wildcard106
[DEBUG] Dynamically added transition from wildcard169 to wildcard103
[DEBUG] Dynamically added transition from wildcard169 to wildcard104
[DEBUG] Dynamically added transition from wildcard169 to wildcard101
[DEBUG] Dynamically added transition from wildcard169 to wildcard102
[DEBUG] Dynamically added transition from wildcard169 to wildcard79
[DEBUG] Dynamically added transition from wildcard169 to wildcard78
[DEBUG] Dynamically added transition from wildcard169 to wildcard77
[DEBUG] Dynamically added transition from wildcard169 to wildcard76
[DEBUG] Dynamically added transition from wildcard169 to wildcard109
[DEBUG] Dynamically added transition from wildcard169 to wildcard75
[DEBUG] Dynamically added transition from wildcard169 to wildcard74
[DEBUG] Dynamically added transition from wildcard169 to wildcard73
[DEBUG] Dynamically added transition from wildcard169 to wildcard72
[DEBUG] Dynamically added transition from wildcard169 to wildcard71
[DEBUG] Dynamically added transition from wildcard169 to wildcard70
[DEBUG] Dynamically added transition from wildcard169 to wildcard110
[DEBUG] Dynamically added transition from wildcard169 to wildcard111
[DEBUG] Dynamically added transition from wildcard169 to wildcard118
[DEBUG] Dynamically added transition from wildcard169 to wildcard119
[DEBUG] Dynamically added transition from wildcard169 to wildcard116
[DEBUG] Dynamically added transition from wildcard169 to wildcard117
[DEBUG] Dynamically added transition from wildcard169 to .*
[DEBUG] Dynamically added transition from wildcard169 to wildcard114
[DEBUG] Dynamically added transition from wildcard169 to wildcard115
[DEBUG] Dynamically added transition from wildcard169 to wildcard112
[DEBUG] Dynamically added transition from wildcard169 to wildcard113
[DEBUG] Dynamically added transition from wildcard169 to wildcard89
[DEBUG] Dynamically added transition from wildcard169 to wildcard88
[DEBUG] Dynamically added transition from wildcard169 to wildcard87
[DEBUG] Dynamically added transition from wildcard169 to wildcard86
[DEBUG] Dynamically added transition from wildcard169 to INITIAL
[DEBUG] Dynamically added transition from wildcard169 to wildcard85
[DEBUG] Dynamically added transition from wildcard169 to wildcard84
[DEBUG] Dynamically added transition from wildcard169 to wildcard83
[DEBUG] Dynamically added transition from wildcard169 to wildcard82
[DEBUG] Dynamically added transition from wildcard169 to wildcard81
[DEBUG] Dynamically added transition from wildcard169 to wildcard80
[DEBUG] Dynamically added transition from wildcard169 to wildcard165
[DEBUG] Dynamically added transition from wildcard169 to wildcard166
[DEBUG] Dynamically added transition from wildcard169 to wildcard163
[DEBUG] Dynamically added transition from wildcard169 to wildcard164
[DEBUG] Dynamically added transition from wildcard169 to wildcard161
[DEBUG] Dynamically added transition from wildcard169 to wildcard162
[DEBUG] Dynamically added transition from wildcard169 to wildcard160
[DEBUG] Dynamically added transition from wildcard169 to end
[DEBUG] Dynamically added transition from wildcard169 to wildcard169
[DEBUG] Dynamically added transition from wildcard169 to wildcard167
[DEBUG] Dynamically added transition from wildcard169 to wildcard168
[DEBUG] Dynamically added transition from wildcard169 to wildcard16
[DEBUG] Dynamically added transition from wildcard169 to wildcard15
[DEBUG] Dynamically added transition from wildcard169 to wildcard14
[DEBUG] Dynamically added transition from wildcard169 to wildcard13
[DEBUG] Dynamically added transition from wildcard169 to wildcard12
[DEBUG] Dynamically added transition from wildcard169 to wildcard11
[DEBUG] Dynamically added transition from wildcard169 to wildcard99
[DEBUG] Dynamically added transition from wildcard169 to wildcard10
[DEBUG] Dynamically added transition from wildcard169 to wildcard98
[DEBUG] Dynamically added transition from wildcard169 to wildcard97
[DEBUG] Dynamically added transition from wildcard169 to start
[DEBUG] Dynamically added transition from wildcard169 to wildcard96
[DEBUG] Dynamically added transition from wildcard169 to wildcard95
[DEBUG] Dynamically added transition from wildcard169 to wildcard94
[DEBUG] Dynamically added transition from wildcard169 to wildcard93
[DEBUG] Dynamically added transition from wildcard169 to wildcard92
[DEBUG] Dynamically added transition from wildcard169 to wildcard91
[DEBUG] Dynamically added transition from wildcard169 to wildcard90
[INFO] Wildcard transition valid to state: wildcard169
[INFO] Wildcard transition detected from wildcard169 to wildcard170
[DEBUG] Created intermediate state for wildcard transition: wildcard170
[DEBUG] Dynamically added transition from wildcard169 to wildcard170
[DEBUG] Dynamically added transition from wildcard27 to wildcard170
[DEBUG] Dynamically added transition from wildcard26 to wildcard170
[DEBUG] Dynamically added transition from wildcard25 to wildcard170
[DEBUG] Dynamically added transition from wildcard24 to wildcard170
[DEBUG] Dynamically added transition from wildcard23 to wildcard170
[DEBUG] Dynamically added transition from wildcard22 to wildcard170
[DEBUG] Dynamically added transition from wildcard1 to wildcard170
[DEBUG] Dynamically added transition from wildcard21 to wildcard170
[DEBUG] Dynamically added transition from wildcard0 to wildcard170
[DEBUG] Dynamically added transition from wildcard20 to wildcard170
[DEBUG] Dynamically added transition from wildcard3 to wildcard170
[DEBUG] Dynamically added transition from wildcard2 to wildcard170
[DEBUG] Dynamically added transition from wildcard5 to wildcard170
[DEBUG] Dynamically added transition from wildcard4 to wildcard170
[DEBUG] Dynamically added transition from wildcard7 to wildcard170
[DEBUG] Dynamically added transition from wildcard6 to wildcard170
[DEBUG] Dynamically added transition from wildcard9 to wildcard170
[DEBUG] Dynamically added transition from wildcard8 to wildcard170
[DEBUG] Dynamically added transition from wildcard143 to wildcard170
[DEBUG] Dynamically added transition from wildcard144 to wildcard170
[DEBUG] Dynamically added transition from wildcard141 to wildcard170
[DEBUG] Dynamically added transition from wildcard142 to wildcard170
[DEBUG] Dynamically added transition from wildcard140 to wildcard170
[DEBUG] Dynamically added transition from wildcard149 to wildcard170
[DEBUG] Dynamically added transition from wildcard147 to wildcard170
[DEBUG] Dynamically added transition from wildcard19 to wildcard170
[DEBUG] Dynamically added transition from wildcard148 to wildcard170
[DEBUG] Dynamically added transition from wildcard18 to wildcard170
[DEBUG] Dynamically added transition from wildcard145 to wildcard170
[DEBUG] Dynamically added transition from wildcard17 to wildcard170
[DEBUG] Dynamically added transition from wildcard146 to wildcard170
[DEBUG] Dynamically added transition from wildcard38 to wildcard170
[DEBUG] Dynamically added transition from wildcard37 to wildcard170
[DEBUG] Dynamically added transition from wildcard36 to wildcard170
[DEBUG] Dynamically added transition from wildcard35 to wildcard170
[DEBUG] Dynamically added transition from wildcard34 to wildcard170
[DEBUG] Dynamically added transition from wildcard33 to wildcard170
[DEBUG] Dynamically added transition from wildcard32 to wildcard170
[DEBUG] Dynamically added transition from wildcard31 to wildcard170
[DEBUG] Dynamically added transition from wildcard30 to wildcard170
[DEBUG] Dynamically added transition from wildcard154 to wildcard170
[DEBUG] Dynamically added transition from wildcard155 to wildcard170
[DEBUG] Dynamically added transition from wildcard152 to wildcard170
[DEBUG] Dynamically added transition from wildcard153 to wildcard170
[DEBUG] Dynamically added transition from wildcard150 to wildcard170
[DEBUG] Dynamically added transition from wildcard151 to wildcard170
[DEBUG] Dynamically added transition from wildcard158 to wildcard170
[DEBUG] Dynamically added transition from wildcard159 to wildcard170
[DEBUG] Dynamically added transition from wildcard29 to wildcard170
[DEBUG] Dynamically added transition from wildcard156 to wildcard170
[DEBUG] Dynamically added transition from wildcard28 to wildcard170
[DEBUG] Dynamically added transition from wildcard157 to wildcard170
[DEBUG] Dynamically added transition from wildcard49 to wildcard170
[DEBUG] Dynamically added transition from wildcard48 to wildcard170
[DEBUG] Dynamically added transition from wildcard47 to wildcard170
[DEBUG] Dynamically added transition from wildcard46 to wildcard170
[DEBUG] Dynamically added transition from wildcard45 to wildcard170
[DEBUG] Dynamically added transition from wildcard44 to wildcard170
[DEBUG] Dynamically added transition from wildcard43 to wildcard170
[DEBUG] Dynamically added transition from wildcard42 to wildcard170
[DEBUG] Dynamically added transition from wildcard41 to wildcard170
[DEBUG] Dynamically added transition from wildcard40 to wildcard170
[DEBUG] Dynamically added transition from wildcard121 to wildcard170
[DEBUG] Dynamically added transition from wildcard122 to wildcard170
[DEBUG] Dynamically added transition from wildcard120 to wildcard170
[DEBUG] Dynamically added transition from wildcard129 to wildcard170
[DEBUG] Dynamically added transition from wildcard127 to wildcard170
[DEBUG] Dynamically added transition from wildcard128 to wildcard170
[DEBUG] Dynamically added transition from wildcard125 to wildcard170
[DEBUG] Dynamically added transition from wildcard126 to wildcard170
[DEBUG] Dynamically added transition from wildcard123 to wildcard170
[DEBUG] Dynamically added transition from wildcard39 to wildcard170
[DEBUG] Dynamically added transition from wildcard124 to wildcard170
[DEBUG] Dynamically added transition from wildcard59 to wildcard170
[DEBUG] Dynamically added transition from wildcard58 to wildcard170
[DEBUG] Dynamically added transition from middle to wildcard170
[DEBUG] Dynamically added transition from wildcard57 to wildcard170
[DEBUG] Dynamically added transition from wildcard56 to wildcard170
[DEBUG] Dynamically added transition from wildcard55 to wildcard170
[DEBUG] Dynamically added transition from wildcard54 to wildcard170
[DEBUG] Dynamically added transition from wildcard53 to wildcard170
[DEBUG] Dynamically added transition from wildcard52 to wildcard170
[DEBUG] Dynamically added transition from wildcard51 to wildcard170
[DEBUG] Dynamically added transition from wildcard50 to wildcard170
[DEBUG] Dynamically added transition from wildcard132 to wildcard170
[DEBUG] Dynamically added transition from wildcard133 to wildcard170
[DEBUG] Dynamically added transition from wildcard130 to wildcard170
[DEBUG] Dynamically added transition from wildcard131 to wildcard170
[DEBUG] Dynamically added transition from wildcard138 to wildcard170
[DEBUG] Dynamically added transition from wildcard139 to wildcard170
[DEBUG] Dynamically added transition from wildcard136 to wildcard170
[DEBUG] Dynamically added transition from wildcard137 to wildcard170
[DEBUG] Dynamically added transition from wildcard134 to wildcard170
[DEBUG] Dynamically added transition from wildcard135 to wildcard170
[DEBUG] Dynamically added transition from wildcard69 to wildcard170
[DEBUG] Dynamically added transition from wildcard68 to wildcard170
[DEBUG] Dynamically added transition from wildcard67 to wildcard170
[DEBUG] Dynamically added transition from wildcard66 to wildcard170
[DEBUG] Dynamically added transition from wildcard65 to wildcard170
[DEBUG] Dynamically added transition from wildcard64 to wildcard170
[DEBUG] Dynamically added transition from wildcard63 to wildcard170
[DEBUG] Dynamically added transition from wildcard62 to wildcard170
[DEBUG] Dynamically added transition from wildcard61 to wildcard170
[DEBUG] Dynamically added transition from wildcard60 to wildcard170
[DEBUG] Dynamically added transition from wildcard100 to wildcard170
[DEBUG] Dynamically added transition from wildcard107 to wildcard170
[DEBUG] Dynamically added transition from wildcard108 to wildcard170
[DEBUG] Dynamically added transition from wildcard105 to wildcard170
[DEBUG] Dynamically added transition from wildcard106 to wildcard170
[DEBUG] Dynamically added transition from wildcard103 to wildcard170
[DEBUG] Dynamically added transition from wildcard104 to wildcard170
[DEBUG] Dynamically added transition from wildcard101 to wildcard170
[DEBUG] Dynamically added transition from wildcard102 to wildcard170
[DEBUG] Dynamically added transition from wildcard79 to wildcard170
[DEBUG] Dynamically added transition from wildcard78 to wildcard170
[DEBUG] Dynamically added transition from wildcard77 to wildcard170
[DEBUG] Dynamically added transition from wildcard76 to wildcard170
[DEBUG] Dynamically added transition from wildcard109 to wildcard170
[DEBUG] Dynamically added transition from wildcard75 to wildcard170
[DEBUG] Dynamically added transition from wildcard74 to wildcard170
[DEBUG] Dynamically added transition from wildcard73 to wildcard170
[DEBUG] Dynamically added transition from wildcard72 to wildcard170
[DEBUG] Dynamically added transition from wildcard71 to wildcard170
[DEBUG] Dynamically added transition from wildcard70 to wildcard170
[DEBUG] Dynamically added transition from wildcard110 to wildcard170
[DEBUG] Dynamically added transition from wildcard111 to wildcard170
[DEBUG] Dynamically added transition from wildcard118 to wildcard170
[DEBUG] Dynamically added transition from wildcard119 to wildcard170
[DEBUG] Dynamically added transition from wildcard116 to wildcard170
[DEBUG] Dynamically added transition from wildcard117 to wildcard170
[DEBUG] Dynamically added transition from wildcard114 to wildcard170
[DEBUG] Dynamically added transition from wildcard115 to wildcard170
[DEBUG] Dynamically added transition from wildcard112 to wildcard170
[DEBUG] Dynamically added transition from wildcard113 to wildcard170
[DEBUG] Dynamically added transition from wildcard89 to wildcard170
[DEBUG] Dynamically added transition from wildcard88 to wildcard170
[DEBUG] Dynamically added transition from wildcard87 to wildcard170
[DEBUG] Dynamically added transition from wildcard86 to wildcard170
[DEBUG] Dynamically added transition from wildcard85 to wildcard170
[DEBUG] Dynamically added transition from wildcard84 to wildcard170
[DEBUG] Dynamically added transition from wildcard83 to wildcard170
[DEBUG] Dynamically added transition from wildcard82 to wildcard170
[DEBUG] Dynamically added transition from wildcard81 to wildcard170
[DEBUG] Dynamically added transition from wildcard80 to wildcard170
[DEBUG] Dynamically added transition from wildcard165 to wildcard170
[DEBUG] Dynamically added transition from wildcard166 to wildcard170
[DEBUG] Dynamically added transition from wildcard163 to wildcard170
[DEBUG] Dynamically added transition from wildcard164 to wildcard170
[DEBUG] Dynamically added transition from wildcard161 to wildcard170
[DEBUG] Dynamically added transition from wildcard162 to wildcard170
[DEBUG] Dynamically added transition from wildcard160 to wildcard170
[DEBUG] Dynamically added transition from wildcard167 to wildcard170
[DEBUG] Dynamically added transition from wildcard168 to wildcard170
[DEBUG] Dynamically added transition from wildcard16 to wildcard170
[DEBUG] Dynamically added transition from wildcard15 to wildcard170
[DEBUG] Dynamically added transition from wildcard14 to wildcard170
[DEBUG] Dynamically added transition from wildcard13 to wildcard170
[DEBUG] Dynamically added transition from wildcard12 to wildcard170
[DEBUG] Dynamically added transition from wildcard11 to wildcard170
[DEBUG] Dynamically added transition from wildcard99 to wildcard170
[DEBUG] Dynamically added transition from wildcard10 to wildcard170
[DEBUG] Dynamically added transition from wildcard98 to wildcard170
[DEBUG] Dynamically added transition from wildcard97 to wildcard170
[DEBUG] Dynamically added transition from start to wildcard170
[DEBUG] Dynamically added transition from wildcard96 to wildcard170
[DEBUG] Dynamically added transition from wildcard95 to wildcard170
[DEBUG] Dynamically added transition from wildcard94 to wildcard170
[DEBUG] Dynamically added transition from wildcard93 to wildcard170
[DEBUG] Dynamically added transition from wildcard92 to wildcard170
[DEBUG] Dynamically added transition from wildcard91 to wildcard170
[DEBUG] Dynamically added transition from wildcard90 to wildcard170
[DEBUG] Dynamically added transition from wildcard170 to wildcard27
[DEBUG] Dynamically added transition from wildcard170 to wildcard26
[DEBUG] Dynamically added transition from wildcard170 to wildcard25
[DEBUG] Dynamically added transition from wildcard170 to wildcard24
[DEBUG] Dynamically added transition from wildcard170 to wildcard23
[DEBUG] Dynamically added transition from wildcard170 to wildcard22
[DEBUG] Dynamically added transition from wildcard170 to wildcard1
[DEBUG] Dynamically added transition from wildcard170 to wildcard21
[DEBUG] Dynamically added transition from wildcard170 to wildcard0
[DEBUG] Dynamically added transition from wildcard170 to wildcard20
[DEBUG] Dynamically added transition from wildcard170 to wildcard3
[DEBUG] Dynamically added transition from wildcard170 to wildcard2
[DEBUG] Dynamically added transition from wildcard170 to wildcard5
[DEBUG] Dynamically added transition from wildcard170 to wildcard4
[DEBUG] Dynamically added transition from wildcard170 to wildcard7
[DEBUG] Dynamically added transition from wildcard170 to wildcard6
[DEBUG] Dynamically added transition from wildcard170 to wildcard9
[DEBUG] Dynamically added transition from wildcard170 to wildcard8
[DEBUG] Dynamically added transition from wildcard170 to wildcard143
[DEBUG] Dynamically added transition from wildcard170 to wildcard144
[DEBUG] Dynamically added transition from wildcard170 to wildcard141
[DEBUG] Dynamically added transition from wildcard170 to wildcard142
[DEBUG] Dynamically added transition from wildcard170 to wildcard140
[DEBUG] Dynamically added transition from wildcard170 to wildcard149
[DEBUG] Dynamically added transition from wildcard170 to wildcard147
[DEBUG] Dynamically added transition from wildcard170 to wildcard19
[DEBUG] Dynamically added transition from wildcard170 to wildcard148
[DEBUG] Dynamically added transition from wildcard170 to wildcard18
[DEBUG] Dynamically added transition from wildcard170 to wildcard145
[DEBUG] Dynamically added transition from wildcard170 to wildcard17
[DEBUG] Dynamically added transition from wildcard170 to wildcard146
[DEBUG] Dynamically added transition from wildcard170 to wildcard38
[DEBUG] Dynamically added transition from wildcard170 to wildcard37
[DEBUG] Dynamically added transition from wildcard170 to wildcard36
[DEBUG] Dynamically added transition from wildcard170 to wildcard35
[DEBUG] Dynamically added transition from wildcard170 to wildcard34
[DEBUG] Dynamically added transition from wildcard170 to wildcard33
[DEBUG] Dynamically added transition from wildcard170 to wildcard32
[DEBUG] Dynamically added transition from wildcard170 to wildcard31
[DEBUG] Dynamically added transition from wildcard170 to wildcard30
[DEBUG] Dynamically added transition from wildcard170 to wildcard154
[DEBUG] Dynamically added transition from wildcard170 to wildcard155
[DEBUG] Dynamically added transition from wildcard170 to wildcard152
[DEBUG] Dynamically added transition from wildcard170 to wildcard153
[DEBUG] Dynamically added transition from wildcard170 to wildcard150
[DEBUG] Dynamically added transition from wildcard170 to wildcard151
[DEBUG] Dynamically added transition from wildcard170 to wildcard158
[DEBUG] Dynamically added transition from wildcard170 to wildcard159
[DEBUG] Dynamically added transition from wildcard170 to wildcard29
[DEBUG] Dynamically added transition from wildcard170 to wildcard156
[DEBUG] Dynamically added transition from wildcard170 to wildcard28
[DEBUG] Dynamically added transition from wildcard170 to wildcard157
[DEBUG] Dynamically added transition from wildcard170 to wildcard49
[DEBUG] Dynamically added transition from wildcard170 to wildcard48
[DEBUG] Dynamically added transition from wildcard170 to wildcard47
[DEBUG] Dynamically added transition from wildcard170 to wildcard46
[DEBUG] Dynamically added transition from wildcard170 to wildcard45
[DEBUG] Dynamically added transition from wildcard170 to wildcard44
[DEBUG] Dynamically added transition from wildcard170 to wildcard43
[DEBUG] Dynamically added transition from wildcard170 to wildcard42
[DEBUG] Dynamically added transition from wildcard170 to wildcard41
[DEBUG] Dynamically added transition from wildcard170 to wildcard40
[DEBUG] Dynamically added transition from wildcard170 to wildcard121
[DEBUG] Dynamically added transition from wildcard170 to wildcard122
[DEBUG] Dynamically added transition from wildcard170 to wildcard120
[DEBUG] Dynamically added transition from wildcard170 to wildcard129
[DEBUG] Dynamically added transition from wildcard170 to wildcard127
[DEBUG] Dynamically added transition from wildcard170 to wildcard128
[DEBUG] Dynamically added transition from wildcard170 to wildcard125
[DEBUG] Dynamically added transition from wildcard170 to wildcard126
[DEBUG] Dynamically added transition from wildcard170 to wildcard123
[DEBUG] Dynamically added transition from wildcard170 to wildcard39
[DEBUG] Dynamically added transition from wildcard170 to wildcard124
[DEBUG] Dynamically added transition from wildcard170 to wildcard59
[DEBUG] Dynamically added transition from wildcard170 to wildcard58
[DEBUG] Dynamically added transition from wildcard170 to middle
[DEBUG] Dynamically added transition from wildcard170 to wildcard57
[DEBUG] Dynamically added transition from wildcard170 to wildcard56
[DEBUG] Dynamically added transition from wildcard170 to wildcard55
[DEBUG] Dynamically added transition from wildcard170 to wildcard54
[DEBUG] Dynamically added transition from wildcard170 to wildcard53
[DEBUG] Dynamically added transition from wildcard170 to wildcard52
[DEBUG] Dynamically added transition from wildcard170 to wildcard51
[DEBUG] Dynamically added transition from wildcard170 to wildcard50
[DEBUG] Dynamically added transition from wildcard170 to wildcard132
[DEBUG] Dynamically added transition from wildcard170 to wildcard133
[DEBUG] Dynamically added transition from wildcard170 to wildcard130
[DEBUG] Dynamically added transition from wildcard170 to wildcard131
[DEBUG] Dynamically added transition from wildcard170 to wildcard138
[DEBUG] Dynamically added transition from wildcard170 to wildcard139
[DEBUG] Dynamically added transition from wildcard170 to wildcard136
[DEBUG] Dynamically added transition from wildcard170 to wildcard137
[DEBUG] Dynamically added transition from wildcard170 to wildcard134
[DEBUG] Dynamically added transition from wildcard170 to wildcard135
[DEBUG] Dynamically added transition from wildcard170 to wildcard69
[DEBUG] Dynamically added transition from wildcard170 to wildcard68
[DEBUG] Dynamically added transition from wildcard170 to wildcard67
[DEBUG] Dynamically added transition from wildcard170 to wildcard66
[DEBUG] Dynamically added transition from wildcard170 to wildcard65
[DEBUG] Dynamically added transition from wildcard170 to wildcard64
[DEBUG] Dynamically added transition from wildcard170 to wildcard63
[DEBUG] Dynamically added transition from wildcard170 to wildcard62
[DEBUG] Dynamically added transition from wildcard170 to wildcard61
[DEBUG] Dynamically added transition from wildcard170 to wildcard60
[DEBUG] Dynamically added transition from wildcard170 to wildcard100
[DEBUG] Dynamically added transition from wildcard170 to wildcard107
[DEBUG] Dynamically added transition from wildcard170 to wildcard108
[DEBUG] Dynamically added transition from wildcard170 to wildcard105
[DEBUG] Dynamically added transition from wildcard170 to wildcard106
[DEBUG] Dynamically added transition from wildcard170 to wildcard103
[DEBUG] Dynamically added transition from wildcard170 to wildcard104
[DEBUG] Dynamically added transition from wildcard170 to wildcard101
[DEBUG] Dynamically added transition from wildcard170 to wildcard102
[DEBUG] Dynamically added transition from wildcard170 to wildcard79
[DEBUG] Dynamically added transition from wildcard170 to wildcard78
[DEBUG] Dynamically added transition from wildcard170 to wildcard77
[DEBUG] Dynamically added transition from wildcard170 to wildcard76
[DEBUG] Dynamically added transition from wildcard170 to wildcard109
[DEBUG] Dynamically added transition from wildcard170 to wildcard75
[DEBUG] Dynamically added transition from wildcard170 to wildcard74
[DEBUG] Dynamically added transition from wildcard170 to wildcard73
[DEBUG] Dynamically added transition from wildcard170 to wildcard72
[DEBUG] Dynamically added transition from wildcard170 to wildcard71
[DEBUG] Dynamically added transition from wildcard170 to wildcard70
[DEBUG] Dynamically added transition from wildcard170 to wildcard110
[DEBUG] Dynamically added transition from wildcard170 to wildcard111
[DEBUG] Dynamically added transition from wildcard170 to wildcard118
[DEBUG] Dynamically added transition from wildcard170 to wildcard119
[DEBUG] Dynamically added transition from wildcard170 to wildcard116
[DEBUG] Dynamically added transition from wildcard170 to wildcard117
[DEBUG] Dynamically added transition from wildcard170 to .*
[DEBUG] Dynamically added transition from wildcard170 to wildcard114
[DEBUG] Dynamically added transition from wildcard170 to wildcard115
[DEBUG] Dynamically added transition from wildcard170 to wildcard112
[DEBUG] Dynamically added transition from wildcard170 to wildcard113
[DEBUG] Dynamically added transition from wildcard170 to wildcard89
[DEBUG] Dynamically added transition from wildcard170 to wildcard88
[DEBUG] Dynamically added transition from wildcard170 to wildcard87
[DEBUG] Dynamically added transition from wildcard170 to wildcard86
[DEBUG] Dynamically added transition from wildcard170 to INITIAL
[DEBUG] Dynamically added transition from wildcard170 to wildcard85
[DEBUG] Dynamically added transition from wildcard170 to wildcard84
[DEBUG] Dynamically added transition from wildcard170 to wildcard83
[DEBUG] Dynamically added transition from wildcard170 to wildcard82
[DEBUG] Dynamically added transition from wildcard170 to wildcard81
[DEBUG] Dynamically added transition from wildcard170 to wildcard80
[DEBUG] Dynamically added transition from wildcard170 to wildcard165
[DEBUG] Dynamically added transition from wildcard170 to wildcard166
[DEBUG] Dynamically added transition from wildcard170 to wildcard163
[DEBUG] Dynamically added transition from wildcard170 to wildcard164
[DEBUG] Dynamically added transition from wildcard170 to wildcard161
[DEBUG] Dynamically added transition from wildcard170 to wildcard162
[DEBUG] Dynamically added transition from wildcard170 to wildcard160
[DEBUG] Dynamically added transition from wildcard170 to end
[DEBUG] Dynamically added transition from wildcard170 to wildcard169
[DEBUG] Dynamically added transition from wildcard170 to wildcard167
[DEBUG] Dynamically added transition from wildcard170 to wildcard168
[DEBUG] Dynamically added transition from wildcard170 to wildcard16
[DEBUG] Dynamically added transition from wildcard170 to wildcard15
[DEBUG] Dynamically added transition from wildcard170 to wildcard14
[DEBUG] Dynamically added transition from wildcard170 to wildcard13
[DEBUG] Dynamically added transition from wildcard170 to wildcard12
[DEBUG] Dynamically added transition from wildcard170 to wildcard11
[DEBUG] Dynamically added transition from wildcard170 to wildcard99
[DEBUG] Dynamically added transition from wildcard170 to wildcard10
[DEBUG] Dynamically added transition from wildcard170 to wildcard98
[DEBUG] Dynamically added transition from wildcard170 to wildcard97
[DEBUG] Dynamically added transition from wildcard170 to start
[DEBUG] Dynamically added transition from wildcard170 to wildcard96
[DEBUG] Dynamically added transition from wildcard170 to wildcard95
[DEBUG] Dynamically added transition from wildcard170 to wildcard94
[DEBUG] Dynamically added transition from wildcard170 to wildcard93
[DEBUG] Dynamically added transition from wildcard170 to wildcard92
[DEBUG] Dynamically added transition from wildcard170 to wildcard91
[DEBUG] Dynamically added transition from wildcard170 to wildcard90
[DEBUG] Dynamically added transition from wildcard170 to wildcard170
[INFO] Wildcard transition valid to state: wildcard170
[INFO] Wildcard transition detected from wildcard170 to wildcard171
[DEBUG] Created intermediate state for wildcard transition: wildcard171
[DEBUG] Dynamically added transition from wildcard170 to wildcard171
[DEBUG] Dynamically added transition from wildcard27 to wildcard171
[DEBUG] Dynamically added transition from wildcard26 to wildcard171
[DEBUG] Dynamically added transition from wildcard25 to wildcard171
[DEBUG] Dynamically added transition from wildcard24 to wildcard171
[DEBUG] Dynamically added transition from wildcard23 to wildcard171
[DEBUG] Dynamically added transition from wildcard22 to wildcard171
[DEBUG] Dynamically added transition from wildcard1 to wildcard171
[DEBUG] Dynamically added transition from wildcard21 to wildcard171
[DEBUG] Dynamically added transition from wildcard0 to wildcard171
[DEBUG] Dynamically added transition from wildcard20 to wildcard171
[DEBUG] Dynamically added transition from wildcard3 to wildcard171
[DEBUG] Dynamically added transition from wildcard2 to wildcard171
[DEBUG] Dynamically added transition from wildcard5 to wildcard171
[DEBUG] Dynamically added transition from wildcard4 to wildcard171
[DEBUG] Dynamically added transition from wildcard7 to wildcard171
[DEBUG] Dynamically added transition from wildcard6 to wildcard171
[DEBUG] Dynamically added transition from wildcard9 to wildcard171
[DEBUG] Dynamically added transition from wildcard8 to wildcard171
[DEBUG] Dynamically added transition from wildcard143 to wildcard171
[DEBUG] Dynamically added transition from wildcard144 to wildcard171
[DEBUG] Dynamically added transition from wildcard141 to wildcard171
[DEBUG] Dynamically added transition from wildcard142 to wildcard171
[DEBUG] Dynamically added transition from wildcard140 to wildcard171
[DEBUG] Dynamically added transition from wildcard149 to wildcard171
[DEBUG] Dynamically added transition from wildcard147 to wildcard171
[DEBUG] Dynamically added transition from wildcard19 to wildcard171
[DEBUG] Dynamically added transition from wildcard148 to wildcard171
[DEBUG] Dynamically added transition from wildcard18 to wildcard171
[DEBUG] Dynamically added transition from wildcard145 to wildcard171
[DEBUG] Dynamically added transition from wildcard17 to wildcard171
[DEBUG] Dynamically added transition from wildcard146 to wildcard171
[DEBUG] Dynamically added transition from wildcard38 to wildcard171
[DEBUG] Dynamically added transition from wildcard37 to wildcard171
[DEBUG] Dynamically added transition from wildcard36 to wildcard171
[DEBUG] Dynamically added transition from wildcard35 to wildcard171
[DEBUG] Dynamically added transition from wildcard34 to wildcard171
[DEBUG] Dynamically added transition from wildcard33 to wildcard171
[DEBUG] Dynamically added transition from wildcard32 to wildcard171
[DEBUG] Dynamically added transition from wildcard31 to wildcard171
[DEBUG] Dynamically added transition from wildcard30 to wildcard171
[DEBUG] Dynamically added transition from wildcard154 to wildcard171
[DEBUG] Dynamically added transition from wildcard155 to wildcard171
[DEBUG] Dynamically added transition from wildcard152 to wildcard171
[DEBUG] Dynamically added transition from wildcard153 to wildcard171
[DEBUG] Dynamically added transition from wildcard150 to wildcard171
[DEBUG] Dynamically added transition from wildcard151 to wildcard171
[DEBUG] Dynamically added transition from wildcard158 to wildcard171
[DEBUG] Dynamically added transition from wildcard159 to wildcard171
[DEBUG] Dynamically added transition from wildcard29 to wildcard171
[DEBUG] Dynamically added transition from wildcard156 to wildcard171
[DEBUG] Dynamically added transition from wildcard28 to wildcard171
[DEBUG] Dynamically added transition from wildcard157 to wildcard171
[DEBUG] Dynamically added transition from wildcard49 to wildcard171
[DEBUG] Dynamically added transition from wildcard48 to wildcard171
[DEBUG] Dynamically added transition from wildcard47 to wildcard171
[DEBUG] Dynamically added transition from wildcard46 to wildcard171
[DEBUG] Dynamically added transition from wildcard45 to wildcard171
[DEBUG] Dynamically added transition from wildcard44 to wildcard171
[DEBUG] Dynamically added transition from wildcard43 to wildcard171
[DEBUG] Dynamically added transition from wildcard42 to wildcard171
[DEBUG] Dynamically added transition from wildcard41 to wildcard171
[DEBUG] Dynamically added transition from wildcard40 to wildcard171
[DEBUG] Dynamically added transition from wildcard121 to wildcard171
[DEBUG] Dynamically added transition from wildcard122 to wildcard171
[DEBUG] Dynamically added transition from wildcard120 to wildcard171
[DEBUG] Dynamically added transition from wildcard129 to wildcard171
[DEBUG] Dynamically added transition from wildcard127 to wildcard171
[DEBUG] Dynamically added transition from wildcard128 to wildcard171
[DEBUG] Dynamically added transition from wildcard125 to wildcard171
[DEBUG] Dynamically added transition from wildcard126 to wildcard171
[DEBUG] Dynamically added transition from wildcard123 to wildcard171
[DEBUG] Dynamically added transition from wildcard39 to wildcard171
[DEBUG] Dynamically added transition from wildcard124 to wildcard171
[DEBUG] Dynamically added transition from wildcard59 to wildcard171
[DEBUG] Dynamically added transition from wildcard58 to wildcard171
[DEBUG] Dynamically added transition from middle to wildcard171
[DEBUG] Dynamically added transition from wildcard57 to wildcard171
[DEBUG] Dynamically added transition from wildcard56 to wildcard171
[DEBUG] Dynamically added transition from wildcard55 to wildcard171
[DEBUG] Dynamically added transition from wildcard54 to wildcard171
[DEBUG] Dynamically added transition from wildcard53 to wildcard171
[DEBUG] Dynamically added transition from wildcard52 to wildcard171
[DEBUG] Dynamically added transition from wildcard51 to wildcard171
[DEBUG] Dynamically added transition from wildcard50 to wildcard171
[DEBUG] Dynamically added transition from wildcard132 to wildcard171
[DEBUG] Dynamically added transition from wildcard133 to wildcard171
[DEBUG] Dynamically added transition from wildcard130 to wildcard171
[DEBUG] Dynamically added transition from wildcard131 to wildcard171
[DEBUG] Dynamically added transition from wildcard138 to wildcard171
[DEBUG] Dynamically added transition from wildcard139 to wildcard171
[DEBUG] Dynamically added transition from wildcard136 to wildcard171
[DEBUG] Dynamically added transition from wildcard137 to wildcard171
[DEBUG] Dynamically added transition from wildcard134 to wildcard171
[DEBUG] Dynamically added transition from wildcard135 to wildcard171
[DEBUG] Dynamically added transition from wildcard69 to wildcard171
[DEBUG] Dynamically added transition from wildcard68 to wildcard171
[DEBUG] Dynamically added transition from wildcard67 to wildcard171
[DEBUG] Dynamically added transition from wildcard66 to wildcard171
[DEBUG] Dynamically added transition from wildcard65 to wildcard171
[DEBUG] Dynamically added transition from wildcard64 to wildcard171
[DEBUG] Dynamically added transition from wildcard63 to wildcard171
[DEBUG] Dynamically added transition from wildcard62 to wildcard171
[DEBUG] Dynamically added transition from wildcard61 to wildcard171
[DEBUG] Dynamically added transition from wildcard60 to wildcard171
[DEBUG] Dynamically added transition from wildcard100 to wildcard171
[DEBUG] Dynamically added transition from wildcard107 to wildcard171
[DEBUG] Dynamically added transition from wildcard108 to wildcard171
[DEBUG] Dynamically added transition from wildcard105 to wildcard171
[DEBUG] Dynamically added transition from wildcard106 to wildcard171
[DEBUG] Dynamically added transition from wildcard103 to wildcard171
[DEBUG] Dynamically added transition from wildcard104 to wildcard171
[DEBUG] Dynamically added transition from wildcard101 to wildcard171
[DEBUG] Dynamically added transition from wildcard102 to wildcard171
[DEBUG] Dynamically added transition from wildcard79 to wildcard171
[DEBUG] Dynamically added transition from wildcard78 to wildcard171
[DEBUG] Dynamically added transition from wildcard77 to wildcard171
[DEBUG] Dynamically added transition from wildcard76 to wildcard171
[DEBUG] Dynamically added transition from wildcard109 to wildcard171
[DEBUG] Dynamically added transition from wildcard75 to wildcard171
[DEBUG] Dynamically added transition from wildcard74 to wildcard171
[DEBUG] Dynamically added transition from wildcard73 to wildcard171
[DEBUG] Dynamically added transition from wildcard72 to wildcard171
[DEBUG] Dynamically added transition from wildcard71 to wildcard171
[DEBUG] Dynamically added transition from wildcard70 to wildcard171
[DEBUG] Dynamically added transition from wildcard110 to wildcard171
[DEBUG] Dynamically added transition from wildcard111 to wildcard171
[DEBUG] Dynamically added transition from wildcard118 to wildcard171
[DEBUG] Dynamically added transition from wildcard119 to wildcard171
[DEBUG] Dynamically added transition from wildcard116 to wildcard171
[DEBUG] Dynamically added transition from wildcard117 to wildcard171
[DEBUG] Dynamically added transition from wildcard114 to wildcard171
[DEBUG] Dynamically added transition from wildcard115 to wildcard171
[DEBUG] Dynamically added transition from wildcard112 to wildcard171
[DEBUG] Dynamically added transition from wildcard113 to wildcard171
[DEBUG] Dynamically added transition from wildcard89 to wildcard171
[DEBUG] Dynamically added transition from wildcard88 to wildcard171
[DEBUG] Dynamically added transition from wildcard87 to wildcard171
[DEBUG] Dynamically added transition from wildcard86 to wildcard171
[DEBUG] Dynamically added transition from wildcard85 to wildcard171
[DEBUG] Dynamically added transition from wildcard84 to wildcard171
[DEBUG] Dynamically added transition from wildcard83 to wildcard171
[DEBUG] Dynamically added transition from wildcard82 to wildcard171
[DEBUG] Dynamically added transition from wildcard81 to wildcard171
[DEBUG] Dynamically added transition from wildcard80 to wildcard171
[DEBUG] Dynamically added transition from wildcard165 to wildcard171
[DEBUG] Dynamically added transition from wildcard166 to wildcard171
[DEBUG] Dynamically added transition from wildcard163 to wildcard171
[DEBUG] Dynamically added transition from wildcard164 to wildcard171
[DEBUG] Dynamically added transition from wildcard161 to wildcard171
[DEBUG] Dynamically added transition from wildcard162 to wildcard171
[DEBUG] Dynamically added transition from wildcard160 to wildcard171
[DEBUG] Dynamically added transition from wildcard169 to wildcard171
[DEBUG] Dynamically added transition from wildcard167 to wildcard171
[DEBUG] Dynamically added transition from wildcard168 to wildcard171
[DEBUG] Dynamically added transition from wildcard16 to wildcard171
[DEBUG] Dynamically added transition from wildcard15 to wildcard171
[DEBUG] Dynamically added transition from wildcard14 to wildcard171
[DEBUG] Dynamically added transition from wildcard13 to wildcard171
[DEBUG] Dynamically added transition from wildcard12 to wildcard171
[DEBUG] Dynamically added transition from wildcard11 to wildcard171
[DEBUG] Dynamically added transition from wildcard99 to wildcard171
[DEBUG] Dynamically added transition from wildcard10 to wildcard171
[DEBUG] Dynamically added transition from wildcard98 to wildcard171
[DEBUG] Dynamically added transition from wildcard97 to wildcard171
[DEBUG] Dynamically added transition from start to wildcard171
[DEBUG] Dynamically added transition from wildcard96 to wildcard171
[DEBUG] Dynamically added transition from wildcard95 to wildcard171
[DEBUG] Dynamically added transition from wildcard94 to wildcard171
[DEBUG] Dynamically added transition from wildcard93 to wildcard171
[DEBUG] Dynamically added transition from wildcard92 to wildcard171
[DEBUG] Dynamically added transition from wildcard91 to wildcard171
[DEBUG] Dynamically added transition from wildcard90 to wildcard171
[DEBUG] Dynamically added transition from wildcard171 to wildcard27
[DEBUG] Dynamically added transition from wildcard171 to wildcard26
[DEBUG] Dynamically added transition from wildcard171 to wildcard25
[DEBUG] Dynamically added transition from wildcard171 to wildcard24
[DEBUG] Dynamically added transition from wildcard171 to wildcard23
[DEBUG] Dynamically added transition from wildcard171 to wildcard22
[DEBUG] Dynamically added transition from wildcard171 to wildcard1
[DEBUG] Dynamically added transition from wildcard171 to wildcard21
[DEBUG] Dynamically added transition from wildcard171 to wildcard0
[DEBUG] Dynamically added transition from wildcard171 to wildcard20
[DEBUG] Dynamically added transition from wildcard171 to wildcard3
[DEBUG] Dynamically added transition from wildcard171 to wildcard2
[DEBUG] Dynamically added transition from wildcard171 to wildcard5
[DEBUG] Dynamically added transition from wildcard171 to wildcard4
[DEBUG] Dynamically added transition from wildcard171 to wildcard7
[DEBUG] Dynamically added transition from wildcard171 to wildcard6
[DEBUG] Dynamically added transition from wildcard171 to wildcard9
[DEBUG] Dynamically added transition from wildcard171 to wildcard8
[DEBUG] Dynamically added transition from wildcard171 to wildcard143
[DEBUG] Dynamically added transition from wildcard171 to wildcard144
[DEBUG] Dynamically added transition from wildcard171 to wildcard141
[DEBUG] Dynamically added transition from wildcard171 to wildcard142
[DEBUG] Dynamically added transition from wildcard171 to wildcard140
[DEBUG] Dynamically added transition from wildcard171 to wildcard149
[DEBUG] Dynamically added transition from wildcard171 to wildcard147
[DEBUG] Dynamically added transition from wildcard171 to wildcard19
[DEBUG] Dynamically added transition from wildcard171 to wildcard148
[DEBUG] Dynamically added transition from wildcard171 to wildcard18
[DEBUG] Dynamically added transition from wildcard171 to wildcard145
[DEBUG] Dynamically added transition from wildcard171 to wildcard17
[DEBUG] Dynamically added transition from wildcard171 to wildcard146
[DEBUG] Dynamically added transition from wildcard171 to wildcard38
[DEBUG] Dynamically added transition from wildcard171 to wildcard37
[DEBUG] Dynamically added transition from wildcard171 to wildcard36
[DEBUG] Dynamically added transition from wildcard171 to wildcard35
[DEBUG] Dynamically added transition from wildcard171 to wildcard34
[DEBUG] Dynamically added transition from wildcard171 to wildcard33
[DEBUG] Dynamically added transition from wildcard171 to wildcard32
[DEBUG] Dynamically added transition from wildcard171 to wildcard31
[DEBUG] Dynamically added transition from wildcard171 to wildcard30
[DEBUG] Dynamically added transition from wildcard171 to wildcard154
[DEBUG] Dynamically added transition from wildcard171 to wildcard155
[DEBUG] Dynamically added transition from wildcard171 to wildcard152
[DEBUG] Dynamically added transition from wildcard171 to wildcard153
[DEBUG] Dynamically added transition from wildcard171 to wildcard150
[DEBUG] Dynamically added transition from wildcard171 to wildcard151
[DEBUG] Dynamically added transition from wildcard171 to wildcard158
[DEBUG] Dynamically added transition from wildcard171 to wildcard159
[DEBUG] Dynamically added transition from wildcard171 to wildcard29
[DEBUG] Dynamically added transition from wildcard171 to wildcard156
[DEBUG] Dynamically added transition from wildcard171 to wildcard28
[DEBUG] Dynamically added transition from wildcard171 to wildcard157
[DEBUG] Dynamically added transition from wildcard171 to wildcard49
[DEBUG] Dynamically added transition from wildcard171 to wildcard48
[DEBUG] Dynamically added transition from wildcard171 to wildcard47
[DEBUG] Dynamically added transition from wildcard171 to wildcard46
[DEBUG] Dynamically added transition from wildcard171 to wildcard45
[DEBUG] Dynamically added transition from wildcard171 to wildcard44
[DEBUG] Dynamically added transition from wildcard171 to wildcard43
[DEBUG] Dynamically added transition from wildcard171 to wildcard42
[DEBUG] Dynamically added transition from wildcard171 to wildcard41
[DEBUG] Dynamically added transition from wildcard171 to wildcard40
[DEBUG] Dynamically added transition from wildcard171 to wildcard121
[DEBUG] Dynamically added transition from wildcard171 to wildcard122
[DEBUG] Dynamically added transition from wildcard171 to wildcard120
[DEBUG] Dynamically added transition from wildcard171 to wildcard129
[DEBUG] Dynamically added transition from wildcard171 to wildcard127
[DEBUG] Dynamically added transition from wildcard171 to wildcard128
[DEBUG] Dynamically added transition from wildcard171 to wildcard125
[DEBUG] Dynamically added transition from wildcard171 to wildcard126
[DEBUG] Dynamically added transition from wildcard171 to wildcard123
[DEBUG] Dynamically added transition from wildcard171 to wildcard39
[DEBUG] Dynamically added transition from wildcard171 to wildcard124
[DEBUG] Dynamically added transition from wildcard171 to wildcard59
[DEBUG] Dynamically added transition from wildcard171 to wildcard58
[DEBUG] Dynamically added transition from wildcard171 to middle
[DEBUG] Dynamically added transition from wildcard171 to wildcard57
[DEBUG] Dynamically added transition from wildcard171 to wildcard56
[DEBUG] Dynamically added transition from wildcard171 to wildcard55
[DEBUG] Dynamically added transition from wildcard171 to wildcard54
[DEBUG] Dynamically added transition from wildcard171 to wildcard53
[DEBUG] Dynamically added transition from wildcard171 to wildcard52
[DEBUG] Dynamically added transition from wildcard171 to wildcard51
[DEBUG] Dynamically added transition from wildcard171 to wildcard50
[DEBUG] Dynamically added transition from wildcard171 to wildcard132
[DEBUG] Dynamically added transition from wildcard171 to wildcard133
[DEBUG] Dynamically added transition from wildcard171 to wildcard130
[DEBUG] Dynamically added transition from wildcard171 to wildcard131
[DEBUG] Dynamically added transition from wildcard171 to wildcard138
[DEBUG] Dynamically added transition from wildcard171 to wildcard139
[DEBUG] Dynamically added transition from wildcard171 to wildcard136
[DEBUG] Dynamically added transition from wildcard171 to wildcard137
[DEBUG] Dynamically added transition from wildcard171 to wildcard134
[DEBUG] Dynamically added transition from wildcard171 to wildcard135
[DEBUG] Dynamically added transition from wildcard171 to wildcard69
[DEBUG] Dynamically added transition from wildcard171 to wildcard68
[DEBUG] Dynamically added transition from wildcard171 to wildcard67
[DEBUG] Dynamically added transition from wildcard171 to wildcard66
[DEBUG] Dynamically added transition from wildcard171 to wildcard65
[DEBUG] Dynamically added transition from wildcard171 to wildcard64
[DEBUG] Dynamically added transition from wildcard171 to wildcard63
[DEBUG] Dynamically added transition from wildcard171 to wildcard62
[DEBUG] Dynamically added transition from wildcard171 to wildcard61
[DEBUG] Dynamically added transition from wildcard171 to wildcard60
[DEBUG] Dynamically added transition from wildcard171 to wildcard100
[DEBUG] Dynamically added transition from wildcard171 to wildcard107
[DEBUG] Dynamically added transition from wildcard171 to wildcard108
[DEBUG] Dynamically added transition from wildcard171 to wildcard105
[DEBUG] Dynamically added transition from wildcard171 to wildcard106
[DEBUG] Dynamically added transition from wildcard171 to wildcard103
[DEBUG] Dynamically added transition from wildcard171 to wildcard104
[DEBUG] Dynamically added transition from wildcard171 to wildcard101
[DEBUG] Dynamically added transition from wildcard171 to wildcard102
[DEBUG] Dynamically added transition from wildcard171 to wildcard79
[DEBUG] Dynamically added transition from wildcard171 to wildcard78
[DEBUG] Dynamically added transition from wildcard171 to wildcard77
[DEBUG] Dynamically added transition from wildcard171 to wildcard76
[DEBUG] Dynamically added transition from wildcard171 to wildcard109
[DEBUG] Dynamically added transition from wildcard171 to wildcard75
[DEBUG] Dynamically added transition from wildcard171 to wildcard74
[DEBUG] Dynamically added transition from wildcard171 to wildcard73
[DEBUG] Dynamically added transition from wildcard171 to wildcard72
[DEBUG] Dynamically added transition from wildcard171 to wildcard71
[DEBUG] Dynamically added transition from wildcard171 to wildcard70
[DEBUG] Dynamically added transition from wildcard171 to wildcard110
[DEBUG] Dynamically added transition from wildcard171 to wildcard111
[DEBUG] Dynamically added transition from wildcard171 to wildcard118
[DEBUG] Dynamically added transition from wildcard171 to wildcard119
[DEBUG] Dynamically added transition from wildcard171 to wildcard116
[DEBUG] Dynamically added transition from wildcard171 to wildcard117
[DEBUG] Dynamically added transition from wildcard171 to .*
[DEBUG] Dynamically added transition from wildcard171 to wildcard114
[DEBUG] Dynamically added transition from wildcard171 to wildcard115
[DEBUG] Dynamically added transition from wildcard171 to wildcard112
[DEBUG] Dynamically added transition from wildcard171 to wildcard113
[DEBUG] Dynamically added transition from wildcard171 to wildcard89
[DEBUG] Dynamically added transition from wildcard171 to wildcard88
[DEBUG] Dynamically added transition from wildcard171 to wildcard87
[DEBUG] Dynamically added transition from wildcard171 to wildcard86
[DEBUG] Dynamically added transition from wildcard171 to INITIAL
[DEBUG] Dynamically added transition from wildcard171 to wildcard85
[DEBUG] Dynamically added transition from wildcard171 to wildcard84
[DEBUG] Dynamically added transition from wildcard171 to wildcard83
[DEBUG] Dynamically added transition from wildcard171 to wildcard82
[DEBUG] Dynamically added transition from wildcard171 to wildcard81
[DEBUG] Dynamically added transition from wildcard171 to wildcard80
[DEBUG] Dynamically added transition from wildcard171 to wildcard165
[DEBUG] Dynamically added transition from wildcard171 to wildcard166
[DEBUG] Dynamically added transition from wildcard171 to wildcard163
[DEBUG] Dynamically added transition from wildcard171 to wildcard164
[DEBUG] Dynamically added transition from wildcard171 to wildcard161
[DEBUG] Dynamically added transition from wildcard171 to wildcard162
[DEBUG] Dynamically added transition from wildcard171 to wildcard160
[DEBUG] Dynamically added transition from wildcard171 to end
[DEBUG] Dynamically added transition from wildcard171 to wildcard169
[DEBUG] Dynamically added transition from wildcard171 to wildcard167
[DEBUG] Dynamically added transition from wildcard171 to wildcard168
[DEBUG] Dynamically added transition from wildcard171 to wildcard16
[DEBUG] Dynamically added transition from wildcard171 to wildcard15
[DEBUG] Dynamically added transition from wildcard171 to wildcard14
[DEBUG] Dynamically added transition from wildcard171 to wildcard13
[DEBUG] Dynamically added transition from wildcard171 to wildcard12
[DEBUG] Dynamically added transition from wildcard171 to wildcard11
[DEBUG] Dynamically added transition from wildcard171 to wildcard99
[DEBUG] Dynamically added transition from wildcard171 to wildcard10
[DEBUG] Dynamically added transition from wildcard171 to wildcard98
[DEBUG] Dynamically added transition from wildcard171 to wildcard97
[DEBUG] Dynamically added transition from wildcard171 to start
[DEBUG] Dynamically added transition from wildcard171 to wildcard96
[DEBUG] Dynamically added transition from wildcard171 to wildcard95
[DEBUG] Dynamically added transition from wildcard171 to wildcard94
[DEBUG] Dynamically added transition from wildcard171 to wildcard93
[DEBUG] Dynamically added transition from wildcard171 to wildcard92
[DEBUG] Dynamically added transition from wildcard171 to wildcard91
[DEBUG] Dynamically added transition from wildcard171 to wildcard90
[DEBUG] Dynamically added transition from wildcard171 to wildcard170
[DEBUG] Dynamically added transition from wildcard171 to wildcard171
[INFO] Wildcard transition valid to state: wildcard171
[INFO] Wildcard transition detected from wildcard171 to wildcard172
[DEBUG] Created intermediate state for wildcard transition: wildcard172
[DEBUG] Dynamically added transition from wildcard171 to wildcard172
[DEBUG] Dynamically added transition from wildcard27 to wildcard172
[DEBUG] Dynamically added transition from wildcard26 to wildcard172
[DEBUG] Dynamically added transition from wildcard25 to wildcard172
[DEBUG] Dynamically added transition from wildcard24 to wildcard172
[DEBUG] Dynamically added transition from wildcard23 to wildcard172
[DEBUG] Dynamically added transition from wildcard22 to wildcard172
[DEBUG] Dynamically added transition from wildcard1 to wildcard172
[DEBUG] Dynamically added transition from wildcard21 to wildcard172
[DEBUG] Dynamically added transition from wildcard0 to wildcard172
[DEBUG] Dynamically added transition from wildcard20 to wildcard172
[DEBUG] Dynamically added transition from wildcard3 to wildcard172
[DEBUG] Dynamically added transition from wildcard2 to wildcard172
[DEBUG] Dynamically added transition from wildcard5 to wildcard172
[DEBUG] Dynamically added transition from wildcard4 to wildcard172
[DEBUG] Dynamically added transition from wildcard7 to wildcard172
[DEBUG] Dynamically added transition from wildcard6 to wildcard172
[DEBUG] Dynamically added transition from wildcard9 to wildcard172
[DEBUG] Dynamically added transition from wildcard8 to wildcard172
[DEBUG] Dynamically added transition from wildcard143 to wildcard172
[DEBUG] Dynamically added transition from wildcard144 to wildcard172
[DEBUG] Dynamically added transition from wildcard141 to wildcard172
[DEBUG] Dynamically added transition from wildcard142 to wildcard172
[DEBUG] Dynamically added transition from wildcard140 to wildcard172
[DEBUG] Dynamically added transition from wildcard149 to wildcard172
[DEBUG] Dynamically added transition from wildcard147 to wildcard172
[DEBUG] Dynamically added transition from wildcard19 to wildcard172
[DEBUG] Dynamically added transition from wildcard148 to wildcard172
[DEBUG] Dynamically added transition from wildcard18 to wildcard172
[DEBUG] Dynamically added transition from wildcard145 to wildcard172
[DEBUG] Dynamically added transition from wildcard17 to wildcard172
[DEBUG] Dynamically added transition from wildcard146 to wildcard172
[DEBUG] Dynamically added transition from wildcard38 to wildcard172
[DEBUG] Dynamically added transition from wildcard37 to wildcard172
[DEBUG] Dynamically added transition from wildcard36 to wildcard172
[DEBUG] Dynamically added transition from wildcard35 to wildcard172
[DEBUG] Dynamically added transition from wildcard34 to wildcard172
[DEBUG] Dynamically added transition from wildcard33 to wildcard172
[DEBUG] Dynamically added transition from wildcard32 to wildcard172
[DEBUG] Dynamically added transition from wildcard31 to wildcard172
[DEBUG] Dynamically added transition from wildcard30 to wildcard172
[DEBUG] Dynamically added transition from wildcard154 to wildcard172
[DEBUG] Dynamically added transition from wildcard155 to wildcard172
[DEBUG] Dynamically added transition from wildcard152 to wildcard172
[DEBUG] Dynamically added transition from wildcard153 to wildcard172
[DEBUG] Dynamically added transition from wildcard150 to wildcard172
[DEBUG] Dynamically added transition from wildcard151 to wildcard172
[DEBUG] Dynamically added transition from wildcard158 to wildcard172
[DEBUG] Dynamically added transition from wildcard159 to wildcard172
[DEBUG] Dynamically added transition from wildcard29 to wildcard172
[DEBUG] Dynamically added transition from wildcard156 to wildcard172
[DEBUG] Dynamically added transition from wildcard28 to wildcard172
[DEBUG] Dynamically added transition from wildcard157 to wildcard172
[DEBUG] Dynamically added transition from wildcard49 to wildcard172
[DEBUG] Dynamically added transition from wildcard48 to wildcard172
[DEBUG] Dynamically added transition from wildcard47 to wildcard172
[DEBUG] Dynamically added transition from wildcard46 to wildcard172
[DEBUG] Dynamically added transition from wildcard45 to wildcard172
[DEBUG] Dynamically added transition from wildcard44 to wildcard172
[DEBUG] Dynamically added transition from wildcard43 to wildcard172
[DEBUG] Dynamically added transition from wildcard42 to wildcard172
[DEBUG] Dynamically added transition from wildcard41 to wildcard172
[DEBUG] Dynamically added transition from wildcard40 to wildcard172
[DEBUG] Dynamically added transition from wildcard121 to wildcard172
[DEBUG] Dynamically added transition from wildcard122 to wildcard172
[DEBUG] Dynamically added transition from wildcard120 to wildcard172
[DEBUG] Dynamically added transition from wildcard129 to wildcard172
[DEBUG] Dynamically added transition from wildcard127 to wildcard172
[DEBUG] Dynamically added transition from wildcard128 to wildcard172
[DEBUG] Dynamically added transition from wildcard125 to wildcard172
[DEBUG] Dynamically added transition from wildcard126 to wildcard172
[DEBUG] Dynamically added transition from wildcard123 to wildcard172
[DEBUG] Dynamically added transition from wildcard39 to wildcard172
[DEBUG] Dynamically added transition from wildcard124 to wildcard172
[DEBUG] Dynamically added transition from wildcard59 to wildcard172
[DEBUG] Dynamically added transition from wildcard58 to wildcard172
[DEBUG] Dynamically added transition from middle to wildcard172
[DEBUG] Dynamically added transition from wildcard57 to wildcard172
[DEBUG] Dynamically added transition from wildcard56 to wildcard172
[DEBUG] Dynamically added transition from wildcard55 to wildcard172
[DEBUG] Dynamically added transition from wildcard54 to wildcard172
[DEBUG] Dynamically added transition from wildcard53 to wildcard172
[DEBUG] Dynamically added transition from wildcard52 to wildcard172
[DEBUG] Dynamically added transition from wildcard51 to wildcard172
[DEBUG] Dynamically added transition from wildcard50 to wildcard172
[DEBUG] Dynamically added transition from wildcard132 to wildcard172
[DEBUG] Dynamically added transition from wildcard133 to wildcard172
[DEBUG] Dynamically added transition from wildcard130 to wildcard172
[DEBUG] Dynamically added transition from wildcard131 to wildcard172
[DEBUG] Dynamically added transition from wildcard138 to wildcard172
[DEBUG] Dynamically added transition from wildcard139 to wildcard172
[DEBUG] Dynamically added transition from wildcard136 to wildcard172
[DEBUG] Dynamically added transition from wildcard137 to wildcard172
[DEBUG] Dynamically added transition from wildcard134 to wildcard172
[DEBUG] Dynamically added transition from wildcard135 to wildcard172
[DEBUG] Dynamically added transition from wildcard69 to wildcard172
[DEBUG] Dynamically added transition from wildcard68 to wildcard172
[DEBUG] Dynamically added transition from wildcard67 to wildcard172
[DEBUG] Dynamically added transition from wildcard66 to wildcard172
[DEBUG] Dynamically added transition from wildcard65 to wildcard172
[DEBUG] Dynamically added transition from wildcard64 to wildcard172
[DEBUG] Dynamically added transition from wildcard63 to wildcard172
[DEBUG] Dynamically added transition from wildcard62 to wildcard172
[DEBUG] Dynamically added transition from wildcard61 to wildcard172
[DEBUG] Dynamically added transition from wildcard60 to wildcard172
[DEBUG] Dynamically added transition from wildcard100 to wildcard172
[DEBUG] Dynamically added transition from wildcard107 to wildcard172
[DEBUG] Dynamically added transition from wildcard108 to wildcard172
[DEBUG] Dynamically added transition from wildcard105 to wildcard172
[DEBUG] Dynamically added transition from wildcard106 to wildcard172
[DEBUG] Dynamically added transition from wildcard103 to wildcard172
[DEBUG] Dynamically added transition from wildcard104 to wildcard172
[DEBUG] Dynamically added transition from wildcard101 to wildcard172
[DEBUG] Dynamically added transition from wildcard102 to wildcard172
[DEBUG] Dynamically added transition from wildcard79 to wildcard172
[DEBUG] Dynamically added transition from wildcard78 to wildcard172
[DEBUG] Dynamically added transition from wildcard77 to wildcard172
[DEBUG] Dynamically added transition from wildcard76 to wildcard172
[DEBUG] Dynamically added transition from wildcard109 to wildcard172
[DEBUG] Dynamically added transition from wildcard75 to wildcard172
[DEBUG] Dynamically added transition from wildcard74 to wildcard172
[DEBUG] Dynamically added transition from wildcard73 to wildcard172
[DEBUG] Dynamically added transition from wildcard72 to wildcard172
[DEBUG] Dynamically added transition from wildcard71 to wildcard172
[DEBUG] Dynamically added transition from wildcard70 to wildcard172
[DEBUG] Dynamically added transition from wildcard110 to wildcard172
[DEBUG] Dynamically added transition from wildcard111 to wildcard172
[DEBUG] Dynamically added transition from wildcard118 to wildcard172
[DEBUG] Dynamically added transition from wildcard119 to wildcard172
[DEBUG] Dynamically added transition from wildcard116 to wildcard172
[DEBUG] Dynamically added transition from wildcard117 to wildcard172
[DEBUG] Dynamically added transition from wildcard114 to wildcard172
[DEBUG] Dynamically added transition from wildcard115 to wildcard172
[DEBUG] Dynamically added transition from wildcard112 to wildcard172
[DEBUG] Dynamically added transition from wildcard113 to wildcard172
[DEBUG] Dynamically added transition from wildcard89 to wildcard172
[DEBUG] Dynamically added transition from wildcard88 to wildcard172
[DEBUG] Dynamically added transition from wildcard87 to wildcard172
[DEBUG] Dynamically added transition from wildcard86 to wildcard172
[DEBUG] Dynamically added transition from wildcard85 to wildcard172
[DEBUG] Dynamically added transition from wildcard84 to wildcard172
[DEBUG] Dynamically added transition from wildcard83 to wildcard172
[DEBUG] Dynamically added transition from wildcard82 to wildcard172
[DEBUG] Dynamically added transition from wildcard81 to wildcard172
[DEBUG] Dynamically added transition from wildcard80 to wildcard172
[DEBUG] Dynamically added transition from wildcard165 to wildcard172
[DEBUG] Dynamically added transition from wildcard166 to wildcard172
[DEBUG] Dynamically added transition from wildcard163 to wildcard172
[DEBUG] Dynamically added transition from wildcard164 to wildcard172
[DEBUG] Dynamically added transition from wildcard161 to wildcard172
[DEBUG] Dynamically added transition from wildcard162 to wildcard172
[DEBUG] Dynamically added transition from wildcard160 to wildcard172
[DEBUG] Dynamically added transition from wildcard169 to wildcard172
[DEBUG] Dynamically added transition from wildcard167 to wildcard172
[DEBUG] Dynamically added transition from wildcard168 to wildcard172
[DEBUG] Dynamically added transition from wildcard16 to wildcard172
[DEBUG] Dynamically added transition from wildcard15 to wildcard172
[DEBUG] Dynamically added transition from wildcard14 to wildcard172
[DEBUG] Dynamically added transition from wildcard13 to wildcard172
[DEBUG] Dynamically added transition from wildcard12 to wildcard172
[DEBUG] Dynamically added transition from wildcard11 to wildcard172
[DEBUG] Dynamically added transition from wildcard99 to wildcard172
[DEBUG] Dynamically added transition from wildcard10 to wildcard172
[DEBUG] Dynamically added transition from wildcard98 to wildcard172
[DEBUG] Dynamically added transition from wildcard97 to wildcard172
[DEBUG] Dynamically added transition from start to wildcard172
[DEBUG] Dynamically added transition from wildcard96 to wildcard172
[DEBUG] Dynamically added transition from wildcard95 to wildcard172
[DEBUG] Dynamically added transition from wildcard94 to wildcard172
[DEBUG] Dynamically added transition from wildcard93 to wildcard172
[DEBUG] Dynamically added transition from wildcard92 to wildcard172
[DEBUG] Dynamically added transition from wildcard91 to wildcard172
[DEBUG] Dynamically added transition from wildcard90 to wildcard172
[DEBUG] Dynamically added transition from wildcard170 to wildcard172
[DEBUG] Dynamically added transition from wildcard172 to wildcard27
[DEBUG] Dynamically added transition from wildcard172 to wildcard26
[DEBUG] Dynamically added transition from wildcard172 to wildcard25
[DEBUG] Dynamically added transition from wildcard172 to wildcard24
[DEBUG] Dynamically added transition from wildcard172 to wildcard23
[DEBUG] Dynamically added transition from wildcard172 to wildcard22
[DEBUG] Dynamically added transition from wildcard172 to wildcard1
[DEBUG] Dynamically added transition from wildcard172 to wildcard21
[DEBUG] Dynamically added transition from wildcard172 to wildcard0
[DEBUG] Dynamically added transition from wildcard172 to wildcard20
[DEBUG] Dynamically added transition from wildcard172 to wildcard3
[DEBUG] Dynamically added transition from wildcard172 to wildcard2
[DEBUG] Dynamically added transition from wildcard172 to wildcard5
[DEBUG] Dynamically added transition from wildcard172 to wildcard4
[DEBUG] Dynamically added transition from wildcard172 to wildcard7
[DEBUG] Dynamically added transition from wildcard172 to wildcard6
[DEBUG] Dynamically added transition from wildcard172 to wildcard9
[DEBUG] Dynamically added transition from wildcard172 to wildcard8
[DEBUG] Dynamically added transition from wildcard172 to wildcard143
[DEBUG] Dynamically added transition from wildcard172 to wildcard144
[DEBUG] Dynamically added transition from wildcard172 to wildcard141
[DEBUG] Dynamically added transition from wildcard172 to wildcard142
[DEBUG] Dynamically added transition from wildcard172 to wildcard140
[DEBUG] Dynamically added transition from wildcard172 to wildcard149
[DEBUG] Dynamically added transition from wildcard172 to wildcard147
[DEBUG] Dynamically added transition from wildcard172 to wildcard19
[DEBUG] Dynamically added transition from wildcard172 to wildcard148
[DEBUG] Dynamically added transition from wildcard172 to wildcard18
[DEBUG] Dynamically added transition from wildcard172 to wildcard145
[DEBUG] Dynamically added transition from wildcard172 to wildcard17
[DEBUG] Dynamically added transition from wildcard172 to wildcard146
[DEBUG] Dynamically added transition from wildcard172 to wildcard38
[DEBUG] Dynamically added transition from wildcard172 to wildcard37
[DEBUG] Dynamically added transition from wildcard172 to wildcard36
[DEBUG] Dynamically added transition from wildcard172 to wildcard35
[DEBUG] Dynamically added transition from wildcard172 to wildcard34
[DEBUG] Dynamically added transition from wildcard172 to wildcard33
[DEBUG] Dynamically added transition from wildcard172 to wildcard32
[DEBUG] Dynamically added transition from wildcard172 to wildcard31
[DEBUG] Dynamically added transition from wildcard172 to wildcard30
[DEBUG] Dynamically added transition from wildcard172 to wildcard154
[DEBUG] Dynamically added transition from wildcard172 to wildcard155
[DEBUG] Dynamically added transition from wildcard172 to wildcard152
[DEBUG] Dynamically added transition from wildcard172 to wildcard153
[DEBUG] Dynamically added transition from wildcard172 to wildcard150
[DEBUG] Dynamically added transition from wildcard172 to wildcard151
[DEBUG] Dynamically added transition from wildcard172 to wildcard158
[DEBUG] Dynamically added transition from wildcard172 to wildcard159
[DEBUG] Dynamically added transition from wildcard172 to wildcard29
[DEBUG] Dynamically added transition from wildcard172 to wildcard156
[DEBUG] Dynamically added transition from wildcard172 to wildcard28
[DEBUG] Dynamically added transition from wildcard172 to wildcard157
[DEBUG] Dynamically added transition from wildcard172 to wildcard49
[DEBUG] Dynamically added transition from wildcard172 to wildcard48
[DEBUG] Dynamically added transition from wildcard172 to wildcard47
[DEBUG] Dynamically added transition from wildcard172 to wildcard46
[DEBUG] Dynamically added transition from wildcard172 to wildcard45
[DEBUG] Dynamically added transition from wildcard172 to wildcard44
[DEBUG] Dynamically added transition from wildcard172 to wildcard43
[DEBUG] Dynamically added transition from wildcard172 to wildcard42
[DEBUG] Dynamically added transition from wildcard172 to wildcard41
[DEBUG] Dynamically added transition from wildcard172 to wildcard40
[DEBUG] Dynamically added transition from wildcard172 to wildcard121
[DEBUG] Dynamically added transition from wildcard172 to wildcard122
[DEBUG] Dynamically added transition from wildcard172 to wildcard120
[DEBUG] Dynamically added transition from wildcard172 to wildcard129
[DEBUG] Dynamically added transition from wildcard172 to wildcard127
[DEBUG] Dynamically added transition from wildcard172 to wildcard128
[DEBUG] Dynamically added transition from wildcard172 to wildcard125
[DEBUG] Dynamically added transition from wildcard172 to wildcard126
[DEBUG] Dynamically added transition from wildcard172 to wildcard123
[DEBUG] Dynamically added transition from wildcard172 to wildcard39
[DEBUG] Dynamically added transition from wildcard172 to wildcard124
[DEBUG] Dynamically added transition from wildcard172 to wildcard59
[DEBUG] Dynamically added transition from wildcard172 to wildcard58
[DEBUG] Dynamically added transition from wildcard172 to middle
[DEBUG] Dynamically added transition from wildcard172 to wildcard57
[DEBUG] Dynamically added transition from wildcard172 to wildcard56
[DEBUG] Dynamically added transition from wildcard172 to wildcard55
[DEBUG] Dynamically added transition from wildcard172 to wildcard54
[DEBUG] Dynamically added transition from wildcard172 to wildcard53
[DEBUG] Dynamically added transition from wildcard172 to wildcard52
[DEBUG] Dynamically added transition from wildcard172 to wildcard51
[DEBUG] Dynamically added transition from wildcard172 to wildcard50
[DEBUG] Dynamically added transition from wildcard172 to wildcard132
[DEBUG] Dynamically added transition from wildcard172 to wildcard133
[DEBUG] Dynamically added transition from wildcard172 to wildcard130
[DEBUG] Dynamically added transition from wildcard172 to wildcard131
[DEBUG] Dynamically added transition from wildcard172 to wildcard138
[DEBUG] Dynamically added transition from wildcard172 to wildcard139
[DEBUG] Dynamically added transition from wildcard172 to wildcard136
[DEBUG] Dynamically added transition from wildcard172 to wildcard137
[DEBUG] Dynamically added transition from wildcard172 to wildcard134
[DEBUG] Dynamically added transition from wildcard172 to wildcard135
[DEBUG] Dynamically added transition from wildcard172 to wildcard69
[DEBUG] Dynamically added transition from wildcard172 to wildcard68
[DEBUG] Dynamically added transition from wildcard172 to wildcard67
[DEBUG] Dynamically added transition from wildcard172 to wildcard66
[DEBUG] Dynamically added transition from wildcard172 to wildcard65
[DEBUG] Dynamically added transition from wildcard172 to wildcard64
[DEBUG] Dynamically added transition from wildcard172 to wildcard63
[DEBUG] Dynamically added transition from wildcard172 to wildcard62
[DEBUG] Dynamically added transition from wildcard172 to wildcard61
[DEBUG] Dynamically added transition from wildcard172 to wildcard60
[DEBUG] Dynamically added transition from wildcard172 to wildcard100
[DEBUG] Dynamically added transition from wildcard172 to wildcard107
[DEBUG] Dynamically added transition from wildcard172 to wildcard108
[DEBUG] Dynamically added transition from wildcard172 to wildcard105
[DEBUG] Dynamically added transition from wildcard172 to wildcard106
[DEBUG] Dynamically added transition from wildcard172 to wildcard103
[DEBUG] Dynamically added transition from wildcard172 to wildcard104
[DEBUG] Dynamically added transition from wildcard172 to wildcard101
[DEBUG] Dynamically added transition from wildcard172 to wildcard102
[DEBUG] Dynamically added transition from wildcard172 to wildcard79
[DEBUG] Dynamically added transition from wildcard172 to wildcard78
[DEBUG] Dynamically added transition from wildcard172 to wildcard77
[DEBUG] Dynamically added transition from wildcard172 to wildcard76
[DEBUG] Dynamically added transition from wildcard172 to wildcard109
[DEBUG] Dynamically added transition from wildcard172 to wildcard75
[DEBUG] Dynamically added transition from wildcard172 to wildcard74
[DEBUG] Dynamically added transition from wildcard172 to wildcard73
[DEBUG] Dynamically added transition from wildcard172 to wildcard72
[DEBUG] Dynamically added transition from wildcard172 to wildcard71
[DEBUG] Dynamically added transition from wildcard172 to wildcard70
[DEBUG] Dynamically added transition from wildcard172 to wildcard110
[DEBUG] Dynamically added transition from wildcard172 to wildcard111
[DEBUG] Dynamically added transition from wildcard172 to wildcard118
[DEBUG] Dynamically added transition from wildcard172 to wildcard119
[DEBUG] Dynamically added transition from wildcard172 to wildcard116
[DEBUG] Dynamically added transition from wildcard172 to wildcard117
[DEBUG] Dynamically added transition from wildcard172 to .*
[DEBUG] Dynamically added transition from wildcard172 to wildcard114
[DEBUG] Dynamically added transition from wildcard172 to wildcard115
[DEBUG] Dynamically added transition from wildcard172 to wildcard112
[DEBUG] Dynamically added transition from wildcard172 to wildcard113
[DEBUG] Dynamically added transition from wildcard172 to wildcard89
[DEBUG] Dynamically added transition from wildcard172 to wildcard88
[DEBUG] Dynamically added transition from wildcard172 to wildcard87
[DEBUG] Dynamically added transition from wildcard172 to wildcard86
[DEBUG] Dynamically added transition from wildcard172 to INITIAL
[DEBUG] Dynamically added transition from wildcard172 to wildcard85
[DEBUG] Dynamically added transition from wildcard172 to wildcard84
[DEBUG] Dynamically added transition from wildcard172 to wildcard83
[DEBUG] Dynamically added transition from wildcard172 to wildcard82
[DEBUG] Dynamically added transition from wildcard172 to wildcard81
[DEBUG] Dynamically added transition from wildcard172 to wildcard80
[DEBUG] Dynamically added transition from wildcard172 to wildcard165
[DEBUG] Dynamically added transition from wildcard172 to wildcard166
[DEBUG] Dynamically added transition from wildcard172 to wildcard163
[DEBUG] Dynamically added transition from wildcard172 to wildcard164
[DEBUG] Dynamically added transition from wildcard172 to wildcard161
[DEBUG] Dynamically added transition from wildcard172 to wildcard162
[DEBUG] Dynamically added transition from wildcard172 to wildcard160
[DEBUG] Dynamically added transition from wildcard172 to end
[DEBUG] Dynamically added transition from wildcard172 to wildcard169
[DEBUG] Dynamically added transition from wildcard172 to wildcard167
[DEBUG] Dynamically added transition from wildcard172 to wildcard168
[DEBUG] Dynamically added transition from wildcard172 to wildcard16
[DEBUG] Dynamically added transition from wildcard172 to wildcard15
[DEBUG] Dynamically added transition from wildcard172 to wildcard14
[DEBUG] Dynamically added transition from wildcard172 to wildcard13
[DEBUG] Dynamically added transition from wildcard172 to wildcard12
[DEBUG] Dynamically added transition from wildcard172 to wildcard11
[DEBUG] Dynamically added transition from wildcard172 to wildcard99
[DEBUG] Dynamically added transition from wildcard172 to wildcard10
[DEBUG] Dynamically added transition from wildcard172 to wildcard98
[DEBUG] Dynamically added transition from wildcard172 to wildcard97
[DEBUG] Dynamically added transition from wildcard172 to start
[DEBUG] Dynamically added transition from wildcard172 to wildcard96
[DEBUG] Dynamically added transition from wildcard172 to wildcard95
[DEBUG] Dynamically added transition from wildcard172 to wildcard94
[DEBUG] Dynamically added transition from wildcard172 to wildcard93
[DEBUG] Dynamically added transition from wildcard172 to wildcard92
[DEBUG] Dynamically added transition from wildcard172 to wildcard91
[DEBUG] Dynamically added transition from wildcard172 to wildcard90
[DEBUG] Dynamically added transition from wildcard172 to wildcard172
[DEBUG] Dynamically added transition from wildcard172 to wildcard170
[DEBUG] Dynamically added transition from wildcard172 to wildcard171
[INFO] Wildcard transition valid to state: wildcard172
[INFO] Wildcard transition detected from wildcard172 to wildcard173
[DEBUG] Created intermediate state for wildcard transition: wildcard173
[DEBUG] Dynamically added transition from wildcard172 to wildcard173
[DEBUG] Dynamically added transition from wildcard27 to wildcard173
[DEBUG] Dynamically added transition from wildcard26 to wildcard173
[DEBUG] Dynamically added transition from wildcard25 to wildcard173
[DEBUG] Dynamically added transition from wildcard24 to wildcard173
[DEBUG] Dynamically added transition from wildcard23 to wildcard173
[DEBUG] Dynamically added transition from wildcard22 to wildcard173
[DEBUG] Dynamically added transition from wildcard1 to wildcard173
[DEBUG] Dynamically added transition from wildcard21 to wildcard173
[DEBUG] Dynamically added transition from wildcard0 to wildcard173
[DEBUG] Dynamically added transition from wildcard20 to wildcard173
[DEBUG] Dynamically added transition from wildcard3 to wildcard173
[DEBUG] Dynamically added transition from wildcard2 to wildcard173
[DEBUG] Dynamically added transition from wildcard5 to wildcard173
[DEBUG] Dynamically added transition from wildcard4 to wildcard173
[DEBUG] Dynamically added transition from wildcard7 to wildcard173
[DEBUG] Dynamically added transition from wildcard6 to wildcard173
[DEBUG] Dynamically added transition from wildcard9 to wildcard173
[DEBUG] Dynamically added transition from wildcard8 to wildcard173
[DEBUG] Dynamically added transition from wildcard143 to wildcard173
[DEBUG] Dynamically added transition from wildcard144 to wildcard173
[DEBUG] Dynamically added transition from wildcard141 to wildcard173
[DEBUG] Dynamically added transition from wildcard142 to wildcard173
[DEBUG] Dynamically added transition from wildcard140 to wildcard173
[DEBUG] Dynamically added transition from wildcard149 to wildcard173
[DEBUG] Dynamically added transition from wildcard147 to wildcard173
[DEBUG] Dynamically added transition from wildcard19 to wildcard173
[DEBUG] Dynamically added transition from wildcard148 to wildcard173
[DEBUG] Dynamically added transition from wildcard18 to wildcard173
[DEBUG] Dynamically added transition from wildcard145 to wildcard173
[DEBUG] Dynamically added transition from wildcard17 to wildcard173
[DEBUG] Dynamically added transition from wildcard146 to wildcard173
[DEBUG] Dynamically added transition from wildcard38 to wildcard173
[DEBUG] Dynamically added transition from wildcard37 to wildcard173
[DEBUG] Dynamically added transition from wildcard36 to wildcard173
[DEBUG] Dynamically added transition from wildcard35 to wildcard173
[DEBUG] Dynamically added transition from wildcard34 to wildcard173
[DEBUG] Dynamically added transition from wildcard33 to wildcard173
[DEBUG] Dynamically added transition from wildcard32 to wildcard173
[DEBUG] Dynamically added transition from wildcard31 to wildcard173
[DEBUG] Dynamically added transition from wildcard30 to wildcard173
[DEBUG] Dynamically added transition from wildcard154 to wildcard173
[DEBUG] Dynamically added transition from wildcard155 to wildcard173
[DEBUG] Dynamically added transition from wildcard152 to wildcard173
[DEBUG] Dynamically added transition from wildcard153 to wildcard173
[DEBUG] Dynamically added transition from wildcard150 to wildcard173
[DEBUG] Dynamically added transition from wildcard151 to wildcard173
[DEBUG] Dynamically added transition from wildcard158 to wildcard173
[DEBUG] Dynamically added transition from wildcard159 to wildcard173
[DEBUG] Dynamically added transition from wildcard29 to wildcard173
[DEBUG] Dynamically added transition from wildcard156 to wildcard173
[DEBUG] Dynamically added transition from wildcard28 to wildcard173
[DEBUG] Dynamically added transition from wildcard157 to wildcard173
[DEBUG] Dynamically added transition from wildcard49 to wildcard173
[DEBUG] Dynamically added transition from wildcard48 to wildcard173
[DEBUG] Dynamically added transition from wildcard47 to wildcard173
[DEBUG] Dynamically added transition from wildcard46 to wildcard173
[DEBUG] Dynamically added transition from wildcard45 to wildcard173
[DEBUG] Dynamically added transition from wildcard44 to wildcard173
[DEBUG] Dynamically added transition from wildcard43 to wildcard173
[DEBUG] Dynamically added transition from wildcard42 to wildcard173
[DEBUG] Dynamically added transition from wildcard41 to wildcard173
[DEBUG] Dynamically added transition from wildcard40 to wildcard173
[DEBUG] Dynamically added transition from wildcard121 to wildcard173
[DEBUG] Dynamically added transition from wildcard122 to wildcard173
[DEBUG] Dynamically added transition from wildcard120 to wildcard173
[DEBUG] Dynamically added transition from wildcard129 to wildcard173
[DEBUG] Dynamically added transition from wildcard127 to wildcard173
[DEBUG] Dynamically added transition from wildcard128 to wildcard173
[DEBUG] Dynamically added transition from wildcard125 to wildcard173
[DEBUG] Dynamically added transition from wildcard126 to wildcard173
[DEBUG] Dynamically added transition from wildcard123 to wildcard173
[DEBUG] Dynamically added transition from wildcard39 to wildcard173
[DEBUG] Dynamically added transition from wildcard124 to wildcard173
[DEBUG] Dynamically added transition from wildcard59 to wildcard173
[DEBUG] Dynamically added transition from wildcard58 to wildcard173
[DEBUG] Dynamically added transition from middle to wildcard173
[DEBUG] Dynamically added transition from wildcard57 to wildcard173
[DEBUG] Dynamically added transition from wildcard56 to wildcard173
[DEBUG] Dynamically added transition from wildcard55 to wildcard173
[DEBUG] Dynamically added transition from wildcard54 to wildcard173
[DEBUG] Dynamically added transition from wildcard53 to wildcard173
[DEBUG] Dynamically added transition from wildcard52 to wildcard173
[DEBUG] Dynamically added transition from wildcard51 to wildcard173
[DEBUG] Dynamically added transition from wildcard50 to wildcard173
[DEBUG] Dynamically added transition from wildcard132 to wildcard173
[DEBUG] Dynamically added transition from wildcard133 to wildcard173
[DEBUG] Dynamically added transition from wildcard130 to wildcard173
[DEBUG] Dynamically added transition from wildcard131 to wildcard173
[DEBUG] Dynamically added transition from wildcard138 to wildcard173
[DEBUG] Dynamically added transition from wildcard139 to wildcard173
[DEBUG] Dynamically added transition from wildcard136 to wildcard173
[DEBUG] Dynamically added transition from wildcard137 to wildcard173
[DEBUG] Dynamically added transition from wildcard134 to wildcard173
[DEBUG] Dynamically added transition from wildcard135 to wildcard173
[DEBUG] Dynamically added transition from wildcard69 to wildcard173
[DEBUG] Dynamically added transition from wildcard68 to wildcard173
[DEBUG] Dynamically added transition from wildcard67 to wildcard173
[DEBUG] Dynamically added transition from wildcard66 to wildcard173
[DEBUG] Dynamically added transition from wildcard65 to wildcard173
[DEBUG] Dynamically added transition from wildcard64 to wildcard173
[DEBUG] Dynamically added transition from wildcard63 to wildcard173
[DEBUG] Dynamically added transition from wildcard62 to wildcard173
[DEBUG] Dynamically added transition from wildcard61 to wildcard173
[DEBUG] Dynamically added transition from wildcard60 to wildcard173
[DEBUG] Dynamically added transition from wildcard100 to wildcard173
[DEBUG] Dynamically added transition from wildcard107 to wildcard173
[DEBUG] Dynamically added transition from wildcard108 to wildcard173
[DEBUG] Dynamically added transition from wildcard105 to wildcard173
[DEBUG] Dynamically added transition from wildcard106 to wildcard173
[DEBUG] Dynamically added transition from wildcard103 to wildcard173
[DEBUG] Dynamically added transition from wildcard104 to wildcard173
[DEBUG] Dynamically added transition from wildcard101 to wildcard173
[DEBUG] Dynamically added transition from wildcard102 to wildcard173
[DEBUG] Dynamically added transition from wildcard79 to wildcard173
[DEBUG] Dynamically added transition from wildcard78 to wildcard173
[DEBUG] Dynamically added transition from wildcard77 to wildcard173
[DEBUG] Dynamically added transition from wildcard76 to wildcard173
[DEBUG] Dynamically added transition from wildcard109 to wildcard173
[DEBUG] Dynamically added transition from wildcard75 to wildcard173
[DEBUG] Dynamically added transition from wildcard74 to wildcard173
[DEBUG] Dynamically added transition from wildcard73 to wildcard173
[DEBUG] Dynamically added transition from wildcard72 to wildcard173
[DEBUG] Dynamically added transition from wildcard71 to wildcard173
[DEBUG] Dynamically added transition from wildcard70 to wildcard173
[DEBUG] Dynamically added transition from wildcard110 to wildcard173
[DEBUG] Dynamically added transition from wildcard111 to wildcard173
[DEBUG] Dynamically added transition from wildcard118 to wildcard173
[DEBUG] Dynamically added transition from wildcard119 to wildcard173
[DEBUG] Dynamically added transition from wildcard116 to wildcard173
[DEBUG] Dynamically added transition from wildcard117 to wildcard173
[DEBUG] Dynamically added transition from wildcard114 to wildcard173
[DEBUG] Dynamically added transition from wildcard115 to wildcard173
[DEBUG] Dynamically added transition from wildcard112 to wildcard173
[DEBUG] Dynamically added transition from wildcard113 to wildcard173
[DEBUG] Dynamically added transition from wildcard89 to wildcard173
[DEBUG] Dynamically added transition from wildcard88 to wildcard173
[DEBUG] Dynamically added transition from wildcard87 to wildcard173
[DEBUG] Dynamically added transition from wildcard86 to wildcard173
[DEBUG] Dynamically added transition from wildcard85 to wildcard173
[DEBUG] Dynamically added transition from wildcard84 to wildcard173
[DEBUG] Dynamically added transition from wildcard83 to wildcard173
[DEBUG] Dynamically added transition from wildcard82 to wildcard173
[DEBUG] Dynamically added transition from wildcard81 to wildcard173
[DEBUG] Dynamically added transition from wildcard80 to wildcard173
[DEBUG] Dynamically added transition from wildcard165 to wildcard173
[DEBUG] Dynamically added transition from wildcard166 to wildcard173
[DEBUG] Dynamically added transition from wildcard163 to wildcard173
[DEBUG] Dynamically added transition from wildcard164 to wildcard173
[DEBUG] Dynamically added transition from wildcard161 to wildcard173
[DEBUG] Dynamically added transition from wildcard162 to wildcard173
[DEBUG] Dynamically added transition from wildcard160 to wildcard173
[DEBUG] Dynamically added transition from wildcard169 to wildcard173
[DEBUG] Dynamically added transition from wildcard167 to wildcard173
[DEBUG] Dynamically added transition from wildcard168 to wildcard173
[DEBUG] Dynamically added transition from wildcard16 to wildcard173
[DEBUG] Dynamically added transition from wildcard15 to wildcard173
[DEBUG] Dynamically added transition from wildcard14 to wildcard173
[DEBUG] Dynamically added transition from wildcard13 to wildcard173
[DEBUG] Dynamically added transition from wildcard12 to wildcard173
[DEBUG] Dynamically added transition from wildcard11 to wildcard173
[DEBUG] Dynamically added transition from wildcard99 to wildcard173
[DEBUG] Dynamically added transition from wildcard10 to wildcard173
[DEBUG] Dynamically added transition from wildcard98 to wildcard173
[DEBUG] Dynamically added transition from wildcard97 to wildcard173
[DEBUG] Dynamically added transition from start to wildcard173
[DEBUG] Dynamically added transition from wildcard96 to wildcard173
[DEBUG] Dynamically added transition from wildcard95 to wildcard173
[DEBUG] Dynamically added transition from wildcard94 to wildcard173
[DEBUG] Dynamically added transition from wildcard93 to wildcard173
[DEBUG] Dynamically added transition from wildcard92 to wildcard173
[DEBUG] Dynamically added transition from wildcard91 to wildcard173
[DEBUG] Dynamically added transition from wildcard90 to wildcard173
[DEBUG] Dynamically added transition from wildcard170 to wildcard173
[DEBUG] Dynamically added transition from wildcard171 to wildcard173
[DEBUG] Dynamically added transition from wildcard173 to wildcard27
[DEBUG] Dynamically added transition from wildcard173 to wildcard26
[DEBUG] Dynamically added transition from wildcard173 to wildcard25
[DEBUG] Dynamically added transition from wildcard173 to wildcard24
[DEBUG] Dynamically added transition from wildcard173 to wildcard23
[DEBUG] Dynamically added transition from wildcard173 to wildcard22
[DEBUG] Dynamically added transition from wildcard173 to wildcard1
[DEBUG] Dynamically added transition from wildcard173 to wildcard21
[DEBUG] Dynamically added transition from wildcard173 to wildcard0
[DEBUG] Dynamically added transition from wildcard173 to wildcard20
[DEBUG] Dynamically added transition from wildcard173 to wildcard3
[DEBUG] Dynamically added transition from wildcard173 to wildcard2
[DEBUG] Dynamically added transition from wildcard173 to wildcard5
[DEBUG] Dynamically added transition from wildcard173 to wildcard4
[DEBUG] Dynamically added transition from wildcard173 to wildcard7
[DEBUG] Dynamically added transition from wildcard173 to wildcard6
[DEBUG] Dynamically added transition from wildcard173 to wildcard9
[DEBUG] Dynamically added transition from wildcard173 to wildcard8
[DEBUG] Dynamically added transition from wildcard173 to wildcard143
[DEBUG] Dynamically added transition from wildcard173 to wildcard144
[DEBUG] Dynamically added transition from wildcard173 to wildcard141
[DEBUG] Dynamically added transition from wildcard173 to wildcard142
[DEBUG] Dynamically added transition from wildcard173 to wildcard140
[DEBUG] Dynamically added transition from wildcard173 to wildcard149
[DEBUG] Dynamically added transition from wildcard173 to wildcard147
[DEBUG] Dynamically added transition from wildcard173 to wildcard19
[DEBUG] Dynamically added transition from wildcard173 to wildcard148
[DEBUG] Dynamically added transition from wildcard173 to wildcard18
[DEBUG] Dynamically added transition from wildcard173 to wildcard145
[DEBUG] Dynamically added transition from wildcard173 to wildcard17
[DEBUG] Dynamically added transition from wildcard173 to wildcard146
[DEBUG] Dynamically added transition from wildcard173 to wildcard38
[DEBUG] Dynamically added transition from wildcard173 to wildcard37
[DEBUG] Dynamically added transition from wildcard173 to wildcard36
[DEBUG] Dynamically added transition from wildcard173 to wildcard35
[DEBUG] Dynamically added transition from wildcard173 to wildcard34
[DEBUG] Dynamically added transition from wildcard173 to wildcard33
[DEBUG] Dynamically added transition from wildcard173 to wildcard32
[DEBUG] Dynamically added transition from wildcard173 to wildcard31
[DEBUG] Dynamically added transition from wildcard173 to wildcard30
[DEBUG] Dynamically added transition from wildcard173 to wildcard154
[DEBUG] Dynamically added transition from wildcard173 to wildcard155
[DEBUG] Dynamically added transition from wildcard173 to wildcard152
[DEBUG] Dynamically added transition from wildcard173 to wildcard153
[DEBUG] Dynamically added transition from wildcard173 to wildcard150
[DEBUG] Dynamically added transition from wildcard173 to wildcard151
[DEBUG] Dynamically added transition from wildcard173 to wildcard158
[DEBUG] Dynamically added transition from wildcard173 to wildcard159
[DEBUG] Dynamically added transition from wildcard173 to wildcard29
[DEBUG] Dynamically added transition from wildcard173 to wildcard156
[DEBUG] Dynamically added transition from wildcard173 to wildcard28
[DEBUG] Dynamically added transition from wildcard173 to wildcard157
[DEBUG] Dynamically added transition from wildcard173 to wildcard49
[DEBUG] Dynamically added transition from wildcard173 to wildcard48
[DEBUG] Dynamically added transition from wildcard173 to wildcard47
[DEBUG] Dynamically added transition from wildcard173 to wildcard46
[DEBUG] Dynamically added transition from wildcard173 to wildcard45
[DEBUG] Dynamically added transition from wildcard173 to wildcard44
[DEBUG] Dynamically added transition from wildcard173 to wildcard43
[DEBUG] Dynamically added transition from wildcard173 to wildcard42
[DEBUG] Dynamically added transition from wildcard173 to wildcard41
[DEBUG] Dynamically added transition from wildcard173 to wildcard40
[DEBUG] Dynamically added transition from wildcard173 to wildcard121
[DEBUG] Dynamically added transition from wildcard173 to wildcard122
[DEBUG] Dynamically added transition from wildcard173 to wildcard120
[DEBUG] Dynamically added transition from wildcard173 to wildcard129
[DEBUG] Dynamically added transition from wildcard173 to wildcard127
[DEBUG] Dynamically added transition from wildcard173 to wildcard128
[DEBUG] Dynamically added transition from wildcard173 to wildcard125
[DEBUG] Dynamically added transition from wildcard173 to wildcard126
[DEBUG] Dynamically added transition from wildcard173 to wildcard123
[DEBUG] Dynamically added transition from wildcard173 to wildcard39
[DEBUG] Dynamically added transition from wildcard173 to wildcard124
[DEBUG] Dynamically added transition from wildcard173 to wildcard59
[DEBUG] Dynamically added transition from wildcard173 to wildcard58
[DEBUG] Dynamically added transition from wildcard173 to middle
[DEBUG] Dynamically added transition from wildcard173 to wildcard57
[DEBUG] Dynamically added transition from wildcard173 to wildcard56
[DEBUG] Dynamically added transition from wildcard173 to wildcard55
[DEBUG] Dynamically added transition from wildcard173 to wildcard54
[DEBUG] Dynamically added transition from wildcard173 to wildcard53
[DEBUG] Dynamically added transition from wildcard173 to wildcard52
[DEBUG] Dynamically added transition from wildcard173 to wildcard51
[DEBUG] Dynamically added transition from wildcard173 to wildcard50
[DEBUG] Dynamically added transition from wildcard173 to wildcard132
[DEBUG] Dynamically added transition from wildcard173 to wildcard133
[DEBUG] Dynamically added transition from wildcard173 to wildcard130
[DEBUG] Dynamically added transition from wildcard173 to wildcard131
[DEBUG] Dynamically added transition from wildcard173 to wildcard138
[DEBUG] Dynamically added transition from wildcard173 to wildcard139
[DEBUG] Dynamically added transition from wildcard173 to wildcard136
[DEBUG] Dynamically added transition from wildcard173 to wildcard137
[DEBUG] Dynamically added transition from wildcard173 to wildcard134
[DEBUG] Dynamically added transition from wildcard173 to wildcard135
[DEBUG] Dynamically added transition from wildcard173 to wildcard69
[DEBUG] Dynamically added transition from wildcard173 to wildcard68
[DEBUG] Dynamically added transition from wildcard173 to wildcard67
[DEBUG] Dynamically added transition from wildcard173 to wildcard66
[DEBUG] Dynamically added transition from wildcard173 to wildcard65
[DEBUG] Dynamically added transition from wildcard173 to wildcard64
[DEBUG] Dynamically added transition from wildcard173 to wildcard63
[DEBUG] Dynamically added transition from wildcard173 to wildcard62
[DEBUG] Dynamically added transition from wildcard173 to wildcard61
[DEBUG] Dynamically added transition from wildcard173 to wildcard60
[DEBUG] Dynamically added transition from wildcard173 to wildcard100
[DEBUG] Dynamically added transition from wildcard173 to wildcard107
[DEBUG] Dynamically added transition from wildcard173 to wildcard108
[DEBUG] Dynamically added transition from wildcard173 to wildcard105
[DEBUG] Dynamically added transition from wildcard173 to wildcard106
[DEBUG] Dynamically added transition from wildcard173 to wildcard103
[DEBUG] Dynamically added transition from wildcard173 to wildcard104
[DEBUG] Dynamically added transition from wildcard173 to wildcard101
[DEBUG] Dynamically added transition from wildcard173 to wildcard102
[DEBUG] Dynamically added transition from wildcard173 to wildcard79
[DEBUG] Dynamically added transition from wildcard173 to wildcard78
[DEBUG] Dynamically added transition from wildcard173 to wildcard77
[DEBUG] Dynamically added transition from wildcard173 to wildcard76
[DEBUG] Dynamically added transition from wildcard173 to wildcard109
[DEBUG] Dynamically added transition from wildcard173 to wildcard75
[DEBUG] Dynamically added transition from wildcard173 to wildcard74
[DEBUG] Dynamically added transition from wildcard173 to wildcard73
[DEBUG] Dynamically added transition from wildcard173 to wildcard72
[DEBUG] Dynamically added transition from wildcard173 to wildcard71
[DEBUG] Dynamically added transition from wildcard173 to wildcard70
[DEBUG] Dynamically added transition from wildcard173 to wildcard110
[DEBUG] Dynamically added transition from wildcard173 to wildcard111
[DEBUG] Dynamically added transition from wildcard173 to wildcard118
[DEBUG] Dynamically added transition from wildcard173 to wildcard119
[DEBUG] Dynamically added transition from wildcard173 to wildcard116
[DEBUG] Dynamically added transition from wildcard173 to wildcard117
[DEBUG] Dynamically added transition from wildcard173 to .*
[DEBUG] Dynamically added transition from wildcard173 to wildcard114
[DEBUG] Dynamically added transition from wildcard173 to wildcard115
[DEBUG] Dynamically added transition from wildcard173 to wildcard112
[DEBUG] Dynamically added transition from wildcard173 to wildcard113
[DEBUG] Dynamically added transition from wildcard173 to wildcard89
[DEBUG] Dynamically added transition from wildcard173 to wildcard88
[DEBUG] Dynamically added transition from wildcard173 to wildcard87
[DEBUG] Dynamically added transition from wildcard173 to wildcard86
[DEBUG] Dynamically added transition from wildcard173 to INITIAL
[DEBUG] Dynamically added transition from wildcard173 to wildcard85
[DEBUG] Dynamically added transition from wildcard173 to wildcard84
[DEBUG] Dynamically added transition from wildcard173 to wildcard83
[DEBUG] Dynamically added transition from wildcard173 to wildcard82
[DEBUG] Dynamically added transition from wildcard173 to wildcard81
[DEBUG] Dynamically added transition from wildcard173 to wildcard80
[DEBUG] Dynamically added transition from wildcard173 to wildcard165
[DEBUG] Dynamically added transition from wildcard173 to wildcard166
[DEBUG] Dynamically added transition from wildcard173 to wildcard163
[DEBUG] Dynamically added transition from wildcard173 to wildcard164
[DEBUG] Dynamically added transition from wildcard173 to wildcard161
[DEBUG] Dynamically added transition from wildcard173 to wildcard162
[DEBUG] Dynamically added transition from wildcard173 to wildcard160
[DEBUG] Dynamically added transition from wildcard173 to end
[DEBUG] Dynamically added transition from wildcard173 to wildcard169
[DEBUG] Dynamically added transition from wildcard173 to wildcard167
[DEBUG] Dynamically added transition from wildcard173 to wildcard168
[DEBUG] Dynamically added transition from wildcard173 to wildcard16
[DEBUG] Dynamically added transition from wildcard173 to wildcard15
[DEBUG] Dynamically added transition from wildcard173 to wildcard14
[DEBUG] Dynamically added transition from wildcard173 to wildcard13
[DEBUG] Dynamically added transition from wildcard173 to wildcard12
[DEBUG] Dynamically added transition from wildcard173 to wildcard11
[DEBUG] Dynamically added transition from wildcard173 to wildcard99
[DEBUG] Dynamically added transition from wildcard173 to wildcard10
[DEBUG] Dynamically added transition from wildcard173 to wildcard98
[DEBUG] Dynamically added transition from wildcard173 to wildcard97
[DEBUG] Dynamically added transition from wildcard173 to start
[DEBUG] Dynamically added transition from wildcard173 to wildcard96
[DEBUG] Dynamically added transition from wildcard173 to wildcard95
[DEBUG] Dynamically added transition from wildcard173 to wildcard94
[DEBUG] Dynamically added transition from wildcard173 to wildcard93
[DEBUG] Dynamically added transition from wildcard173 to wildcard92
[DEBUG] Dynamically added transition from wildcard173 to wildcard91
[DEBUG] Dynamically added transition from wildcard173 to wildcard90
[DEBUG] Dynamically added transition from wildcard173 to wildcard172
[DEBUG] Dynamically added transition from wildcard173 to wildcard173
[DEBUG] Dynamically added transition from wildcard173 to wildcard170
[DEBUG] Dynamically added transition from wildcard173 to wildcard171
[INFO] Wildcard transition valid to state: wildcard173
[INFO] Wildcard transition detected from wildcard173 to wildcard174
[DEBUG] Created intermediate state for wildcard transition: wildcard174
[DEBUG] Dynamically added transition from wildcard173 to wildcard174
[DEBUG] Dynamically added transition from wildcard27 to wildcard174
[DEBUG] Dynamically added transition from wildcard26 to wildcard174
[DEBUG] Dynamically added transition from wildcard25 to wildcard174
[DEBUG] Dynamically added transition from wildcard24 to wildcard174
[DEBUG] Dynamically added transition from wildcard23 to wildcard174
[DEBUG] Dynamically added transition from wildcard22 to wildcard174
[DEBUG] Dynamically added transition from wildcard1 to wildcard174
[DEBUG] Dynamically added transition from wildcard21 to wildcard174
[DEBUG] Dynamically added transition from wildcard0 to wildcard174
[DEBUG] Dynamically added transition from wildcard20 to wildcard174
[DEBUG] Dynamically added transition from wildcard3 to wildcard174
[DEBUG] Dynamically added transition from wildcard2 to wildcard174
[DEBUG] Dynamically added transition from wildcard5 to wildcard174
[DEBUG] Dynamically added transition from wildcard4 to wildcard174
[DEBUG] Dynamically added transition from wildcard7 to wildcard174
[DEBUG] Dynamically added transition from wildcard6 to wildcard174
[DEBUG] Dynamically added transition from wildcard9 to wildcard174
[DEBUG] Dynamically added transition from wildcard8 to wildcard174
[DEBUG] Dynamically added transition from wildcard143 to wildcard174
[DEBUG] Dynamically added transition from wildcard144 to wildcard174
[DEBUG] Dynamically added transition from wildcard141 to wildcard174
[DEBUG] Dynamically added transition from wildcard142 to wildcard174
[DEBUG] Dynamically added transition from wildcard140 to wildcard174
[DEBUG] Dynamically added transition from wildcard149 to wildcard174
[DEBUG] Dynamically added transition from wildcard147 to wildcard174
[DEBUG] Dynamically added transition from wildcard19 to wildcard174
[DEBUG] Dynamically added transition from wildcard148 to wildcard174
[DEBUG] Dynamically added transition from wildcard18 to wildcard174
[DEBUG] Dynamically added transition from wildcard145 to wildcard174
[DEBUG] Dynamically added transition from wildcard17 to wildcard174
[DEBUG] Dynamically added transition from wildcard146 to wildcard174
[DEBUG] Dynamically added transition from wildcard38 to wildcard174
[DEBUG] Dynamically added transition from wildcard37 to wildcard174
[DEBUG] Dynamically added transition from wildcard36 to wildcard174
[DEBUG] Dynamically added transition from wildcard35 to wildcard174
[DEBUG] Dynamically added transition from wildcard34 to wildcard174
[DEBUG] Dynamically added transition from wildcard33 to wildcard174
[DEBUG] Dynamically added transition from wildcard32 to wildcard174
[DEBUG] Dynamically added transition from wildcard31 to wildcard174
[DEBUG] Dynamically added transition from wildcard30 to wildcard174
[DEBUG] Dynamically added transition from wildcard154 to wildcard174
[DEBUG] Dynamically added transition from wildcard155 to wildcard174
[DEBUG] Dynamically added transition from wildcard152 to wildcard174
[DEBUG] Dynamically added transition from wildcard153 to wildcard174
[DEBUG] Dynamically added transition from wildcard150 to wildcard174
[DEBUG] Dynamically added transition from wildcard151 to wildcard174
[DEBUG] Dynamically added transition from wildcard158 to wildcard174
[DEBUG] Dynamically added transition from wildcard159 to wildcard174
[DEBUG] Dynamically added transition from wildcard29 to wildcard174
[DEBUG] Dynamically added transition from wildcard156 to wildcard174
[DEBUG] Dynamically added transition from wildcard28 to wildcard174
[DEBUG] Dynamically added transition from wildcard157 to wildcard174
[DEBUG] Dynamically added transition from wildcard49 to wildcard174
[DEBUG] Dynamically added transition from wildcard48 to wildcard174
[DEBUG] Dynamically added transition from wildcard47 to wildcard174
[DEBUG] Dynamically added transition from wildcard46 to wildcard174
[DEBUG] Dynamically added transition from wildcard45 to wildcard174
[DEBUG] Dynamically added transition from wildcard44 to wildcard174
[DEBUG] Dynamically added transition from wildcard43 to wildcard174
[DEBUG] Dynamically added transition from wildcard42 to wildcard174
[DEBUG] Dynamically added transition from wildcard41 to wildcard174
[DEBUG] Dynamically added transition from wildcard40 to wildcard174
[DEBUG] Dynamically added transition from wildcard121 to wildcard174
[DEBUG] Dynamically added transition from wildcard122 to wildcard174
[DEBUG] Dynamically added transition from wildcard120 to wildcard174
[DEBUG] Dynamically added transition from wildcard129 to wildcard174
[DEBUG] Dynamically added transition from wildcard127 to wildcard174
[DEBUG] Dynamically added transition from wildcard128 to wildcard174
[DEBUG] Dynamically added transition from wildcard125 to wildcard174
[DEBUG] Dynamically added transition from wildcard126 to wildcard174
[DEBUG] Dynamically added transition from wildcard123 to wildcard174
[DEBUG] Dynamically added transition from wildcard39 to wildcard174
[DEBUG] Dynamically added transition from wildcard124 to wildcard174
[DEBUG] Dynamically added transition from wildcard59 to wildcard174
[DEBUG] Dynamically added transition from wildcard58 to wildcard174
[DEBUG] Dynamically added transition from middle to wildcard174
[DEBUG] Dynamically added transition from wildcard57 to wildcard174
[DEBUG] Dynamically added transition from wildcard56 to wildcard174
[DEBUG] Dynamically added transition from wildcard55 to wildcard174
[DEBUG] Dynamically added transition from wildcard54 to wildcard174
[DEBUG] Dynamically added transition from wildcard53 to wildcard174
[DEBUG] Dynamically added transition from wildcard52 to wildcard174
[DEBUG] Dynamically added transition from wildcard51 to wildcard174
[DEBUG] Dynamically added transition from wildcard50 to wildcard174
[DEBUG] Dynamically added transition from wildcard132 to wildcard174
[DEBUG] Dynamically added transition from wildcard133 to wildcard174
[DEBUG] Dynamically added transition from wildcard130 to wildcard174
[DEBUG] Dynamically added transition from wildcard131 to wildcard174
[DEBUG] Dynamically added transition from wildcard138 to wildcard174
[DEBUG] Dynamically added transition from wildcard139 to wildcard174
[DEBUG] Dynamically added transition from wildcard136 to wildcard174
[DEBUG] Dynamically added transition from wildcard137 to wildcard174
[DEBUG] Dynamically added transition from wildcard134 to wildcard174
[DEBUG] Dynamically added transition from wildcard135 to wildcard174
[DEBUG] Dynamically added transition from wildcard69 to wildcard174
[DEBUG] Dynamically added transition from wildcard68 to wildcard174
[DEBUG] Dynamically added transition from wildcard67 to wildcard174
[DEBUG] Dynamically added transition from wildcard66 to wildcard174
[DEBUG] Dynamically added transition from wildcard65 to wildcard174
[DEBUG] Dynamically added transition from wildcard64 to wildcard174
[DEBUG] Dynamically added transition from wildcard63 to wildcard174
[DEBUG] Dynamically added transition from wildcard62 to wildcard174
[DEBUG] Dynamically added transition from wildcard61 to wildcard174
[DEBUG] Dynamically added transition from wildcard60 to wildcard174
[DEBUG] Dynamically added transition from wildcard100 to wildcard174
[DEBUG] Dynamically added transition from wildcard107 to wildcard174
[DEBUG] Dynamically added transition from wildcard108 to wildcard174
[DEBUG] Dynamically added transition from wildcard105 to wildcard174
[DEBUG] Dynamically added transition from wildcard106 to wildcard174
[DEBUG] Dynamically added transition from wildcard103 to wildcard174
[DEBUG] Dynamically added transition from wildcard104 to wildcard174
[DEBUG] Dynamically added transition from wildcard101 to wildcard174
[DEBUG] Dynamically added transition from wildcard102 to wildcard174
[DEBUG] Dynamically added transition from wildcard79 to wildcard174
[DEBUG] Dynamically added transition from wildcard78 to wildcard174
[DEBUG] Dynamically added transition from wildcard77 to wildcard174
[DEBUG] Dynamically added transition from wildcard76 to wildcard174
[DEBUG] Dynamically added transition from wildcard109 to wildcard174
[DEBUG] Dynamically added transition from wildcard75 to wildcard174
[DEBUG] Dynamically added transition from wildcard74 to wildcard174
[DEBUG] Dynamically added transition from wildcard73 to wildcard174
[DEBUG] Dynamically added transition from wildcard72 to wildcard174
[DEBUG] Dynamically added transition from wildcard71 to wildcard174
[DEBUG] Dynamically added transition from wildcard70 to wildcard174
[DEBUG] Dynamically added transition from wildcard110 to wildcard174
[DEBUG] Dynamically added transition from wildcard111 to wildcard174
[DEBUG] Dynamically added transition from wildcard118 to wildcard174
[DEBUG] Dynamically added transition from wildcard119 to wildcard174
[DEBUG] Dynamically added transition from wildcard116 to wildcard174
[DEBUG] Dynamically added transition from wildcard117 to wildcard174
[DEBUG] Dynamically added transition from wildcard114 to wildcard174
[DEBUG] Dynamically added transition from wildcard115 to wildcard174
[DEBUG] Dynamically added transition from wildcard112 to wildcard174
[DEBUG] Dynamically added transition from wildcard113 to wildcard174
[DEBUG] Dynamically added transition from wildcard89 to wildcard174
[DEBUG] Dynamically added transition from wildcard88 to wildcard174
[DEBUG] Dynamically added transition from wildcard87 to wildcard174
[DEBUG] Dynamically added transition from wildcard86 to wildcard174
[DEBUG] Dynamically added transition from wildcard85 to wildcard174
[DEBUG] Dynamically added transition from wildcard84 to wildcard174
[DEBUG] Dynamically added transition from wildcard83 to wildcard174
[DEBUG] Dynamically added transition from wildcard82 to wildcard174
[DEBUG] Dynamically added transition from wildcard81 to wildcard174
[DEBUG] Dynamically added transition from wildcard80 to wildcard174
[DEBUG] Dynamically added transition from wildcard165 to wildcard174
[DEBUG] Dynamically added transition from wildcard166 to wildcard174
[DEBUG] Dynamically added transition from wildcard163 to wildcard174
[DEBUG] Dynamically added transition from wildcard164 to wildcard174
[DEBUG] Dynamically added transition from wildcard161 to wildcard174
[DEBUG] Dynamically added transition from wildcard162 to wildcard174
[DEBUG] Dynamically added transition from wildcard160 to wildcard174
[DEBUG] Dynamically added transition from wildcard169 to wildcard174
[DEBUG] Dynamically added transition from wildcard167 to wildcard174
[DEBUG] Dynamically added transition from wildcard168 to wildcard174
[DEBUG] Dynamically added transition from wildcard16 to wildcard174
[DEBUG] Dynamically added transition from wildcard15 to wildcard174
[DEBUG] Dynamically added transition from wildcard14 to wildcard174
[DEBUG] Dynamically added transition from wildcard13 to wildcard174
[DEBUG] Dynamically added transition from wildcard12 to wildcard174
[DEBUG] Dynamically added transition from wildcard11 to wildcard174
[DEBUG] Dynamically added transition from wildcard99 to wildcard174
[DEBUG] Dynamically added transition from wildcard10 to wildcard174
[DEBUG] Dynamically added transition from wildcard98 to wildcard174
[DEBUG] Dynamically added transition from wildcard97 to wildcard174
[DEBUG] Dynamically added transition from start to wildcard174
[DEBUG] Dynamically added transition from wildcard96 to wildcard174
[DEBUG] Dynamically added transition from wildcard95 to wildcard174
[DEBUG] Dynamically added transition from wildcard94 to wildcard174
[DEBUG] Dynamically added transition from wildcard93 to wildcard174
[DEBUG] Dynamically added transition from wildcard92 to wildcard174
[DEBUG] Dynamically added transition from wildcard91 to wildcard174
[DEBUG] Dynamically added transition from wildcard90 to wildcard174
[DEBUG] Dynamically added transition from wildcard172 to wildcard174
[DEBUG] Dynamically added transition from wildcard170 to wildcard174
[DEBUG] Dynamically added transition from wildcard171 to wildcard174
[DEBUG] Dynamically added transition from wildcard174 to wildcard27
[DEBUG] Dynamically added transition from wildcard174 to wildcard26
[DEBUG] Dynamically added transition from wildcard174 to wildcard25
[DEBUG] Dynamically added transition from wildcard174 to wildcard24
[DEBUG] Dynamically added transition from wildcard174 to wildcard23
[DEBUG] Dynamically added transition from wildcard174 to wildcard22
[DEBUG] Dynamically added transition from wildcard174 to wildcard1
[DEBUG] Dynamically added transition from wildcard174 to wildcard21
[DEBUG] Dynamically added transition from wildcard174 to wildcard0
[DEBUG] Dynamically added transition from wildcard174 to wildcard20
[DEBUG] Dynamically added transition from wildcard174 to wildcard3
[DEBUG] Dynamically added transition from wildcard174 to wildcard2
[DEBUG] Dynamically added transition from wildcard174 to wildcard5
[DEBUG] Dynamically added transition from wildcard174 to wildcard4
[DEBUG] Dynamically added transition from wildcard174 to wildcard7
[DEBUG] Dynamically added transition from wildcard174 to wildcard6
[DEBUG] Dynamically added transition from wildcard174 to wildcard9
[DEBUG] Dynamically added transition from wildcard174 to wildcard8
[DEBUG] Dynamically added transition from wildcard174 to wildcard143
[DEBUG] Dynamically added transition from wildcard174 to wildcard144
[DEBUG] Dynamically added transition from wildcard174 to wildcard141
[DEBUG] Dynamically added transition from wildcard174 to wildcard142
[DEBUG] Dynamically added transition from wildcard174 to wildcard140
[DEBUG] Dynamically added transition from wildcard174 to wildcard149
[DEBUG] Dynamically added transition from wildcard174 to wildcard147
[DEBUG] Dynamically added transition from wildcard174 to wildcard19
[DEBUG] Dynamically added transition from wildcard174 to wildcard148
[DEBUG] Dynamically added transition from wildcard174 to wildcard18
[DEBUG] Dynamically added transition from wildcard174 to wildcard145
[DEBUG] Dynamically added transition from wildcard174 to wildcard17
[DEBUG] Dynamically added transition from wildcard174 to wildcard146
[DEBUG] Dynamically added transition from wildcard174 to wildcard38
[DEBUG] Dynamically added transition from wildcard174 to wildcard37
[DEBUG] Dynamically added transition from wildcard174 to wildcard36
[DEBUG] Dynamically added transition from wildcard174 to wildcard35
[DEBUG] Dynamically added transition from wildcard174 to wildcard34
[DEBUG] Dynamically added transition from wildcard174 to wildcard33
[DEBUG] Dynamically added transition from wildcard174 to wildcard32
[DEBUG] Dynamically added transition from wildcard174 to wildcard31
[DEBUG] Dynamically added transition from wildcard174 to wildcard30
[DEBUG] Dynamically added transition from wildcard174 to wildcard154
[DEBUG] Dynamically added transition from wildcard174 to wildcard155
[DEBUG] Dynamically added transition from wildcard174 to wildcard152
[DEBUG] Dynamically added transition from wildcard174 to wildcard153
[DEBUG] Dynamically added transition from wildcard174 to wildcard150
[DEBUG] Dynamically added transition from wildcard174 to wildcard151
[DEBUG] Dynamically added transition from wildcard174 to wildcard158
[DEBUG] Dynamically added transition from wildcard174 to wildcard159
[DEBUG] Dynamically added transition from wildcard174 to wildcard29
[DEBUG] Dynamically added transition from wildcard174 to wildcard156
[DEBUG] Dynamically added transition from wildcard174 to wildcard28
[DEBUG] Dynamically added transition from wildcard174 to wildcard157
[DEBUG] Dynamically added transition from wildcard174 to wildcard49
[DEBUG] Dynamically added transition from wildcard174 to wildcard48
[DEBUG] Dynamically added transition from wildcard174 to wildcard47
[DEBUG] Dynamically added transition from wildcard174 to wildcard46
[DEBUG] Dynamically added transition from wildcard174 to wildcard45
[DEBUG] Dynamically added transition from wildcard174 to wildcard44
[DEBUG] Dynamically added transition from wildcard174 to wildcard43
[DEBUG] Dynamically added transition from wildcard174 to wildcard42
[DEBUG] Dynamically added transition from wildcard174 to wildcard41
[DEBUG] Dynamically added transition from wildcard174 to wildcard40
[DEBUG] Dynamically added transition from wildcard174 to wildcard121
[DEBUG] Dynamically added transition from wildcard174 to wildcard122
[DEBUG] Dynamically added transition from wildcard174 to wildcard120
[DEBUG] Dynamically added transition from wildcard174 to wildcard129
[DEBUG] Dynamically added transition from wildcard174 to wildcard127
[DEBUG] Dynamically added transition from wildcard174 to wildcard128
[DEBUG] Dynamically added transition from wildcard174 to wildcard125
[DEBUG] Dynamically added transition from wildcard174 to wildcard126
[DEBUG] Dynamically added transition from wildcard174 to wildcard123
[DEBUG] Dynamically added transition from wildcard174 to wildcard39
[DEBUG] Dynamically added transition from wildcard174 to wildcard124
[DEBUG] Dynamically added transition from wildcard174 to wildcard59
[DEBUG] Dynamically added transition from wildcard174 to wildcard58
[DEBUG] Dynamically added transition from wildcard174 to middle
[DEBUG] Dynamically added transition from wildcard174 to wildcard57
[DEBUG] Dynamically added transition from wildcard174 to wildcard56
[DEBUG] Dynamically added transition from wildcard174 to wildcard55
[DEBUG] Dynamically added transition from wildcard174 to wildcard54
[DEBUG] Dynamically added transition from wildcard174 to wildcard53
[DEBUG] Dynamically added transition from wildcard174 to wildcard52
[DEBUG] Dynamically added transition from wildcard174 to wildcard51
[DEBUG] Dynamically added transition from wildcard174 to wildcard50
[DEBUG] Dynamically added transition from wildcard174 to wildcard132
[DEBUG] Dynamically added transition from wildcard174 to wildcard133
[DEBUG] Dynamically added transition from wildcard174 to wildcard130
[DEBUG] Dynamically added transition from wildcard174 to wildcard131
[DEBUG] Dynamically added transition from wildcard174 to wildcard138
[DEBUG] Dynamically added transition from wildcard174 to wildcard139
[DEBUG] Dynamically added transition from wildcard174 to wildcard136
[DEBUG] Dynamically added transition from wildcard174 to wildcard137
[DEBUG] Dynamically added transition from wildcard174 to wildcard134
[DEBUG] Dynamically added transition from wildcard174 to wildcard135
[DEBUG] Dynamically added transition from wildcard174 to wildcard69
[DEBUG] Dynamically added transition from wildcard174 to wildcard68
[DEBUG] Dynamically added transition from wildcard174 to wildcard67
[DEBUG] Dynamically added transition from wildcard174 to wildcard66
[DEBUG] Dynamically added transition from wildcard174 to wildcard65
[DEBUG] Dynamically added transition from wildcard174 to wildcard64
[DEBUG] Dynamically added transition from wildcard174 to wildcard63
[DEBUG] Dynamically added transition from wildcard174 to wildcard62
[DEBUG] Dynamically added transition from wildcard174 to wildcard61
[DEBUG] Dynamically added transition from wildcard174 to wildcard60
[DEBUG] Dynamically added transition from wildcard174 to wildcard100
[DEBUG] Dynamically added transition from wildcard174 to wildcard107
[DEBUG] Dynamically added transition from wildcard174 to wildcard108
[DEBUG] Dynamically added transition from wildcard174 to wildcard105
[DEBUG] Dynamically added transition from wildcard174 to wildcard106
[DEBUG] Dynamically added transition from wildcard174 to wildcard103
[DEBUG] Dynamically added transition from wildcard174 to wildcard104
[DEBUG] Dynamically added transition from wildcard174 to wildcard101
[DEBUG] Dynamically added transition from wildcard174 to wildcard102
[DEBUG] Dynamically added transition from wildcard174 to wildcard79
[DEBUG] Dynamically added transition from wildcard174 to wildcard78
[DEBUG] Dynamically added transition from wildcard174 to wildcard77
[DEBUG] Dynamically added transition from wildcard174 to wildcard76
[DEBUG] Dynamically added transition from wildcard174 to wildcard109
[DEBUG] Dynamically added transition from wildcard174 to wildcard75
[DEBUG] Dynamically added transition from wildcard174 to wildcard74
[DEBUG] Dynamically added transition from wildcard174 to wildcard73
[DEBUG] Dynamically added transition from wildcard174 to wildcard72
[DEBUG] Dynamically added transition from wildcard174 to wildcard71
[DEBUG] Dynamically added transition from wildcard174 to wildcard70
[DEBUG] Dynamically added transition from wildcard174 to wildcard110
[DEBUG] Dynamically added transition from wildcard174 to wildcard111
[DEBUG] Dynamically added transition from wildcard174 to wildcard118
[DEBUG] Dynamically added transition from wildcard174 to wildcard119
[DEBUG] Dynamically added transition from wildcard174 to wildcard116
[DEBUG] Dynamically added transition from wildcard174 to wildcard117
[DEBUG] Dynamically added transition from wildcard174 to .*
[DEBUG] Dynamically added transition from wildcard174 to wildcard114
[DEBUG] Dynamically added transition from wildcard174 to wildcard115
[DEBUG] Dynamically added transition from wildcard174 to wildcard112
[DEBUG] Dynamically added transition from wildcard174 to wildcard113
[DEBUG] Dynamically added transition from wildcard174 to wildcard89
[DEBUG] Dynamically added transition from wildcard174 to wildcard88
[DEBUG] Dynamically added transition from wildcard174 to wildcard87
[DEBUG] Dynamically added transition from wildcard174 to wildcard86
[DEBUG] Dynamically added transition from wildcard174 to INITIAL
[DEBUG] Dynamically added transition from wildcard174 to wildcard85
[DEBUG] Dynamically added transition from wildcard174 to wildcard84
[DEBUG] Dynamically added transition from wildcard174 to wildcard83
[DEBUG] Dynamically added transition from wildcard174 to wildcard82
[DEBUG] Dynamically added transition from wildcard174 to wildcard81
[DEBUG] Dynamically added transition from wildcard174 to wildcard80
[DEBUG] Dynamically added transition from wildcard174 to wildcard165
[DEBUG] Dynamically added transition from wildcard174 to wildcard166
[DEBUG] Dynamically added transition from wildcard174 to wildcard163
[DEBUG] Dynamically added transition from wildcard174 to wildcard164
[DEBUG] Dynamically added transition from wildcard174 to wildcard161
[DEBUG] Dynamically added transition from wildcard174 to wildcard162
[DEBUG] Dynamically added transition from wildcard174 to wildcard160
[DEBUG] Dynamically added transition from wildcard174 to end
[DEBUG] Dynamically added transition from wildcard174 to wildcard169
[DEBUG] Dynamically added transition from wildcard174 to wildcard167
[DEBUG] Dynamically added transition from wildcard174 to wildcard168
[DEBUG] Dynamically added transition from wildcard174 to wildcard16
[DEBUG] Dynamically added transition from wildcard174 to wildcard15
[DEBUG] Dynamically added transition from wildcard174 to wildcard14
[DEBUG] Dynamically added transition from wildcard174 to wildcard13
[DEBUG] Dynamically added transition from wildcard174 to wildcard12
[DEBUG] Dynamically added transition from wildcard174 to wildcard11
[DEBUG] Dynamically added transition from wildcard174 to wildcard99
[DEBUG] Dynamically added transition from wildcard174 to wildcard10
[DEBUG] Dynamically added transition from wildcard174 to wildcard98
[DEBUG] Dynamically added transition from wildcard174 to wildcard97
[DEBUG] Dynamically added transition from wildcard174 to start
[DEBUG] Dynamically added transition from wildcard174 to wildcard96
[DEBUG] Dynamically added transition from wildcard174 to wildcard95
[DEBUG] Dynamically added transition from wildcard174 to wildcard94
[DEBUG] Dynamically added transition from wildcard174 to wildcard93
[DEBUG] Dynamically added transition from wildcard174 to wildcard92
[DEBUG] Dynamically added transition from wildcard174 to wildcard91
[DEBUG] Dynamically added transition from wildcard174 to wildcard90
[DEBUG] Dynamically added transition from wildcard174 to wildcard174
[DEBUG] Dynamically added transition from wildcard174 to wildcard172
[DEBUG] Dynamically added transition from wildcard174 to wildcard173
[DEBUG] Dynamically added transition from wildcard174 to wildcard170
[DEBUG] Dynamically added transition from wildcard174 to wildcard171
[INFO] Wildcard transition valid to state: wildcard174
[INFO] Wildcard transition detected from wildcard174 to wildcard175
[DEBUG] Created intermediate state for wildcard transition: wildcard175
[DEBUG] Dynamically added transition from wildcard174 to wildcard175
[DEBUG] Dynamically added transition from wildcard27 to wildcard175
[DEBUG] Dynamically added transition from wildcard26 to wildcard175
[DEBUG] Dynamically added transition from wildcard25 to wildcard175
[DEBUG] Dynamically added transition from wildcard24 to wildcard175
[DEBUG] Dynamically added transition from wildcard23 to wildcard175
[DEBUG] Dynamically added transition from wildcard22 to wildcard175
[DEBUG] Dynamically added transition from wildcard1 to wildcard175
[DEBUG] Dynamically added transition from wildcard21 to wildcard175
[DEBUG] Dynamically added transition from wildcard0 to wildcard175
[DEBUG] Dynamically added transition from wildcard20 to wildcard175
[DEBUG] Dynamically added transition from wildcard3 to wildcard175
[DEBUG] Dynamically added transition from wildcard2 to wildcard175
[DEBUG] Dynamically added transition from wildcard5 to wildcard175
[DEBUG] Dynamically added transition from wildcard4 to wildcard175
[DEBUG] Dynamically added transition from wildcard7 to wildcard175
[DEBUG] Dynamically added transition from wildcard6 to wildcard175
[DEBUG] Dynamically added transition from wildcard9 to wildcard175
[DEBUG] Dynamically added transition from wildcard8 to wildcard175
[DEBUG] Dynamically added transition from wildcard143 to wildcard175
[DEBUG] Dynamically added transition from wildcard144 to wildcard175
[DEBUG] Dynamically added transition from wildcard141 to wildcard175
[DEBUG] Dynamically added transition from wildcard142 to wildcard175
[DEBUG] Dynamically added transition from wildcard140 to wildcard175
[DEBUG] Dynamically added transition from wildcard149 to wildcard175
[DEBUG] Dynamically added transition from wildcard147 to wildcard175
[DEBUG] Dynamically added transition from wildcard19 to wildcard175
[DEBUG] Dynamically added transition from wildcard148 to wildcard175
[DEBUG] Dynamically added transition from wildcard18 to wildcard175
[DEBUG] Dynamically added transition from wildcard145 to wildcard175
[DEBUG] Dynamically added transition from wildcard17 to wildcard175
[DEBUG] Dynamically added transition from wildcard146 to wildcard175
[DEBUG] Dynamically added transition from wildcard38 to wildcard175
[DEBUG] Dynamically added transition from wildcard37 to wildcard175
[DEBUG] Dynamically added transition from wildcard36 to wildcard175
[DEBUG] Dynamically added transition from wildcard35 to wildcard175
[DEBUG] Dynamically added transition from wildcard34 to wildcard175
[DEBUG] Dynamically added transition from wildcard33 to wildcard175
[DEBUG] Dynamically added transition from wildcard32 to wildcard175
[DEBUG] Dynamically added transition from wildcard31 to wildcard175
[DEBUG] Dynamically added transition from wildcard30 to wildcard175
[DEBUG] Dynamically added transition from wildcard154 to wildcard175
[DEBUG] Dynamically added transition from wildcard155 to wildcard175
[DEBUG] Dynamically added transition from wildcard152 to wildcard175
[DEBUG] Dynamically added transition from wildcard153 to wildcard175
[DEBUG] Dynamically added transition from wildcard150 to wildcard175
[DEBUG] Dynamically added transition from wildcard151 to wildcard175
[DEBUG] Dynamically added transition from wildcard158 to wildcard175
[DEBUG] Dynamically added transition from wildcard159 to wildcard175
[DEBUG] Dynamically added transition from wildcard29 to wildcard175
[DEBUG] Dynamically added transition from wildcard156 to wildcard175
[DEBUG] Dynamically added transition from wildcard28 to wildcard175
[DEBUG] Dynamically added transition from wildcard157 to wildcard175
[DEBUG] Dynamically added transition from wildcard49 to wildcard175
[DEBUG] Dynamically added transition from wildcard48 to wildcard175
[DEBUG] Dynamically added transition from wildcard47 to wildcard175
[DEBUG] Dynamically added transition from wildcard46 to wildcard175
[DEBUG] Dynamically added transition from wildcard45 to wildcard175
[DEBUG] Dynamically added transition from wildcard44 to wildcard175
[DEBUG] Dynamically added transition from wildcard43 to wildcard175
[DEBUG] Dynamically added transition from wildcard42 to wildcard175
[DEBUG] Dynamically added transition from wildcard41 to wildcard175
[DEBUG] Dynamically added transition from wildcard40 to wildcard175
[DEBUG] Dynamically added transition from wildcard121 to wildcard175
[DEBUG] Dynamically added transition from wildcard122 to wildcard175
[DEBUG] Dynamically added transition from wildcard120 to wildcard175
[DEBUG] Dynamically added transition from wildcard129 to wildcard175
[DEBUG] Dynamically added transition from wildcard127 to wildcard175
[DEBUG] Dynamically added transition from wildcard128 to wildcard175
[DEBUG] Dynamically added transition from wildcard125 to wildcard175
[DEBUG] Dynamically added transition from wildcard126 to wildcard175
[DEBUG] Dynamically added transition from wildcard123 to wildcard175
[DEBUG] Dynamically added transition from wildcard39 to wildcard175
[DEBUG] Dynamically added transition from wildcard124 to wildcard175
[DEBUG] Dynamically added transition from wildcard59 to wildcard175
[DEBUG] Dynamically added transition from wildcard58 to wildcard175
[DEBUG] Dynamically added transition from middle to wildcard175
[DEBUG] Dynamically added transition from wildcard57 to wildcard175
[DEBUG] Dynamically added transition from wildcard56 to wildcard175
[DEBUG] Dynamically added transition from wildcard55 to wildcard175
[DEBUG] Dynamically added transition from wildcard54 to wildcard175
[DEBUG] Dynamically added transition from wildcard53 to wildcard175
[DEBUG] Dynamically added transition from wildcard52 to wildcard175
[DEBUG] Dynamically added transition from wildcard51 to wildcard175
[DEBUG] Dynamically added transition from wildcard50 to wildcard175
[DEBUG] Dynamically added transition from wildcard132 to wildcard175
[DEBUG] Dynamically added transition from wildcard133 to wildcard175
[DEBUG] Dynamically added transition from wildcard130 to wildcard175
[DEBUG] Dynamically added transition from wildcard131 to wildcard175
[DEBUG] Dynamically added transition from wildcard138 to wildcard175
[DEBUG] Dynamically added transition from wildcard139 to wildcard175
[DEBUG] Dynamically added transition from wildcard136 to wildcard175
[DEBUG] Dynamically added transition from wildcard137 to wildcard175
[DEBUG] Dynamically added transition from wildcard134 to wildcard175
[DEBUG] Dynamically added transition from wildcard135 to wildcard175
[DEBUG] Dynamically added transition from wildcard69 to wildcard175
[DEBUG] Dynamically added transition from wildcard68 to wildcard175
[DEBUG] Dynamically added transition from wildcard67 to wildcard175
[DEBUG] Dynamically added transition from wildcard66 to wildcard175
[DEBUG] Dynamically added transition from wildcard65 to wildcard175
[DEBUG] Dynamically added transition from wildcard64 to wildcard175
[DEBUG] Dynamically added transition from wildcard63 to wildcard175
[DEBUG] Dynamically added transition from wildcard62 to wildcard175
[DEBUG] Dynamically added transition from wildcard61 to wildcard175
[DEBUG] Dynamically added transition from wildcard60 to wildcard175
[DEBUG] Dynamically added transition from wildcard100 to wildcard175
[DEBUG] Dynamically added transition from wildcard107 to wildcard175
[DEBUG] Dynamically added transition from wildcard108 to wildcard175
[DEBUG] Dynamically added transition from wildcard105 to wildcard175
[DEBUG] Dynamically added transition from wildcard106 to wildcard175
[DEBUG] Dynamically added transition from wildcard103 to wildcard175
[DEBUG] Dynamically added transition from wildcard104 to wildcard175
[DEBUG] Dynamically added transition from wildcard101 to wildcard175
[DEBUG] Dynamically added transition from wildcard102 to wildcard175
[DEBUG] Dynamically added transition from wildcard79 to wildcard175
[DEBUG] Dynamically added transition from wildcard78 to wildcard175
[DEBUG] Dynamically added transition from wildcard77 to wildcard175
[DEBUG] Dynamically added transition from wildcard76 to wildcard175
[DEBUG] Dynamically added transition from wildcard109 to wildcard175
[DEBUG] Dynamically added transition from wildcard75 to wildcard175
[DEBUG] Dynamically added transition from wildcard74 to wildcard175
[DEBUG] Dynamically added transition from wildcard73 to wildcard175
[DEBUG] Dynamically added transition from wildcard72 to wildcard175
[DEBUG] Dynamically added transition from wildcard71 to wildcard175
[DEBUG] Dynamically added transition from wildcard70 to wildcard175
[DEBUG] Dynamically added transition from wildcard110 to wildcard175
[DEBUG] Dynamically added transition from wildcard111 to wildcard175
[DEBUG] Dynamically added transition from wildcard118 to wildcard175
[DEBUG] Dynamically added transition from wildcard119 to wildcard175
[DEBUG] Dynamically added transition from wildcard116 to wildcard175
[DEBUG] Dynamically added transition from wildcard117 to wildcard175
[DEBUG] Dynamically added transition from wildcard114 to wildcard175
[DEBUG] Dynamically added transition from wildcard115 to wildcard175
[DEBUG] Dynamically added transition from wildcard112 to wildcard175
[DEBUG] Dynamically added transition from wildcard113 to wildcard175
[DEBUG] Dynamically added transition from wildcard89 to wildcard175
[DEBUG] Dynamically added transition from wildcard88 to wildcard175
[DEBUG] Dynamically added transition from wildcard87 to wildcard175
[DEBUG] Dynamically added transition from wildcard86 to wildcard175
[DEBUG] Dynamically added transition from wildcard85 to wildcard175
[DEBUG] Dynamically added transition from wildcard84 to wildcard175
[DEBUG] Dynamically added transition from wildcard83 to wildcard175
[DEBUG] Dynamically added transition from wildcard82 to wildcard175
[DEBUG] Dynamically added transition from wildcard81 to wildcard175
[DEBUG] Dynamically added transition from wildcard80 to wildcard175
[DEBUG] Dynamically added transition from wildcard165 to wildcard175
[DEBUG] Dynamically added transition from wildcard166 to wildcard175
[DEBUG] Dynamically added transition from wildcard163 to wildcard175
[DEBUG] Dynamically added transition from wildcard164 to wildcard175
[DEBUG] Dynamically added transition from wildcard161 to wildcard175
[DEBUG] Dynamically added transition from wildcard162 to wildcard175
[DEBUG] Dynamically added transition from wildcard160 to wildcard175
[DEBUG] Dynamically added transition from wildcard169 to wildcard175
[DEBUG] Dynamically added transition from wildcard167 to wildcard175
[DEBUG] Dynamically added transition from wildcard168 to wildcard175
[DEBUG] Dynamically added transition from wildcard16 to wildcard175
[DEBUG] Dynamically added transition from wildcard15 to wildcard175
[DEBUG] Dynamically added transition from wildcard14 to wildcard175
[DEBUG] Dynamically added transition from wildcard13 to wildcard175
[DEBUG] Dynamically added transition from wildcard12 to wildcard175
[DEBUG] Dynamically added transition from wildcard11 to wildcard175
[DEBUG] Dynamically added transition from wildcard99 to wildcard175
[DEBUG] Dynamically added transition from wildcard10 to wildcard175
[DEBUG] Dynamically added transition from wildcard98 to wildcard175
[DEBUG] Dynamically added transition from wildcard97 to wildcard175
[DEBUG] Dynamically added transition from start to wildcard175
[DEBUG] Dynamically added transition from wildcard96 to wildcard175
[DEBUG] Dynamically added transition from wildcard95 to wildcard175
[DEBUG] Dynamically added transition from wildcard94 to wildcard175
[DEBUG] Dynamically added transition from wildcard93 to wildcard175
[DEBUG] Dynamically added transition from wildcard92 to wildcard175
[DEBUG] Dynamically added transition from wildcard91 to wildcard175
[DEBUG] Dynamically added transition from wildcard90 to wildcard175
[DEBUG] Dynamically added transition from wildcard172 to wildcard175
[DEBUG] Dynamically added transition from wildcard173 to wildcard175
[DEBUG] Dynamically added transition from wildcard170 to wildcard175
[DEBUG] Dynamically added transition from wildcard171 to wildcard175
[DEBUG] Dynamically added transition from wildcard175 to wildcard27
[DEBUG] Dynamically added transition from wildcard175 to wildcard26
[DEBUG] Dynamically added transition from wildcard175 to wildcard25
[DEBUG] Dynamically added transition from wildcard175 to wildcard24
[DEBUG] Dynamically added transition from wildcard175 to wildcard23
[DEBUG] Dynamically added transition from wildcard175 to wildcard22
[DEBUG] Dynamically added transition from wildcard175 to wildcard1
[DEBUG] Dynamically added transition from wildcard175 to wildcard21
[DEBUG] Dynamically added transition from wildcard175 to wildcard0
[DEBUG] Dynamically added transition from wildcard175 to wildcard20
[DEBUG] Dynamically added transition from wildcard175 to wildcard3
[DEBUG] Dynamically added transition from wildcard175 to wildcard2
[DEBUG] Dynamically added transition from wildcard175 to wildcard5
[DEBUG] Dynamically added transition from wildcard175 to wildcard4
[DEBUG] Dynamically added transition from wildcard175 to wildcard7
[DEBUG] Dynamically added transition from wildcard175 to wildcard6
[DEBUG] Dynamically added transition from wildcard175 to wildcard9
[DEBUG] Dynamically added transition from wildcard175 to wildcard8
[DEBUG] Dynamically added transition from wildcard175 to wildcard143
[DEBUG] Dynamically added transition from wildcard175 to wildcard144
[DEBUG] Dynamically added transition from wildcard175 to wildcard141
[DEBUG] Dynamically added transition from wildcard175 to wildcard142
[DEBUG] Dynamically added transition from wildcard175 to wildcard140
[DEBUG] Dynamically added transition from wildcard175 to wildcard149
[DEBUG] Dynamically added transition from wildcard175 to wildcard147
[DEBUG] Dynamically added transition from wildcard175 to wildcard19
[DEBUG] Dynamically added transition from wildcard175 to wildcard148
[DEBUG] Dynamically added transition from wildcard175 to wildcard18
[DEBUG] Dynamically added transition from wildcard175 to wildcard145
[DEBUG] Dynamically added transition from wildcard175 to wildcard17
[DEBUG] Dynamically added transition from wildcard175 to wildcard146
[DEBUG] Dynamically added transition from wildcard175 to wildcard38
[DEBUG] Dynamically added transition from wildcard175 to wildcard37
[DEBUG] Dynamically added transition from wildcard175 to wildcard36
[DEBUG] Dynamically added transition from wildcard175 to wildcard35
[DEBUG] Dynamically added transition from wildcard175 to wildcard34
[DEBUG] Dynamically added transition from wildcard175 to wildcard33
[DEBUG] Dynamically added transition from wildcard175 to wildcard32
[DEBUG] Dynamically added transition from wildcard175 to wildcard31
[DEBUG] Dynamically added transition from wildcard175 to wildcard30
[DEBUG] Dynamically added transition from wildcard175 to wildcard154
[DEBUG] Dynamically added transition from wildcard175 to wildcard155
[DEBUG] Dynamically added transition from wildcard175 to wildcard152
[DEBUG] Dynamically added transition from wildcard175 to wildcard153
[DEBUG] Dynamically added transition from wildcard175 to wildcard150
[DEBUG] Dynamically added transition from wildcard175 to wildcard151
[DEBUG] Dynamically added transition from wildcard175 to wildcard158
[DEBUG] Dynamically added transition from wildcard175 to wildcard159
[DEBUG] Dynamically added transition from wildcard175 to wildcard29
[DEBUG] Dynamically added transition from wildcard175 to wildcard156
[DEBUG] Dynamically added transition from wildcard175 to wildcard28
[DEBUG] Dynamically added transition from wildcard175 to wildcard157
[DEBUG] Dynamically added transition from wildcard175 to wildcard49
[DEBUG] Dynamically added transition from wildcard175 to wildcard48
[DEBUG] Dynamically added transition from wildcard175 to wildcard47
[DEBUG] Dynamically added transition from wildcard175 to wildcard46
[DEBUG] Dynamically added transition from wildcard175 to wildcard45
[DEBUG] Dynamically added transition from wildcard175 to wildcard44
[DEBUG] Dynamically added transition from wildcard175 to wildcard43
[DEBUG] Dynamically added transition from wildcard175 to wildcard42
[DEBUG] Dynamically added transition from wildcard175 to wildcard41
[DEBUG] Dynamically added transition from wildcard175 to wildcard40
[DEBUG] Dynamically added transition from wildcard175 to wildcard121
[DEBUG] Dynamically added transition from wildcard175 to wildcard122
[DEBUG] Dynamically added transition from wildcard175 to wildcard120
[DEBUG] Dynamically added transition from wildcard175 to wildcard129
[DEBUG] Dynamically added transition from wildcard175 to wildcard127
[DEBUG] Dynamically added transition from wildcard175 to wildcard128
[DEBUG] Dynamically added transition from wildcard175 to wildcard125
[DEBUG] Dynamically added transition from wildcard175 to wildcard126
[DEBUG] Dynamically added transition from wildcard175 to wildcard123
[DEBUG] Dynamically added transition from wildcard175 to wildcard39
[DEBUG] Dynamically added transition from wildcard175 to wildcard124
[DEBUG] Dynamically added transition from wildcard175 to wildcard59
[DEBUG] Dynamically added transition from wildcard175 to wildcard58
[DEBUG] Dynamically added transition from wildcard175 to middle
[DEBUG] Dynamically added transition from wildcard175 to wildcard57
[DEBUG] Dynamically added transition from wildcard175 to wildcard56
[DEBUG] Dynamically added transition from wildcard175 to wildcard55
[DEBUG] Dynamically added transition from wildcard175 to wildcard54
[DEBUG] Dynamically added transition from wildcard175 to wildcard53
[DEBUG] Dynamically added transition from wildcard175 to wildcard52
[DEBUG] Dynamically added transition from wildcard175 to wildcard51
[DEBUG] Dynamically added transition from wildcard175 to wildcard50
[DEBUG] Dynamically added transition from wildcard175 to wildcard132
[DEBUG] Dynamically added transition from wildcard175 to wildcard133
[DEBUG] Dynamically added transition from wildcard175 to wildcard130
[DEBUG] Dynamically added transition from wildcard175 to wildcard131
[DEBUG] Dynamically added transition from wildcard175 to wildcard138
[DEBUG] Dynamically added transition from wildcard175 to wildcard139
[DEBUG] Dynamically added transition from wildcard175 to wildcard136
[DEBUG] Dynamically added transition from wildcard175 to wildcard137
[DEBUG] Dynamically added transition from wildcard175 to wildcard134
[DEBUG] Dynamically added transition from wildcard175 to wildcard135
[DEBUG] Dynamically added transition from wildcard175 to wildcard69
[DEBUG] Dynamically added transition from wildcard175 to wildcard68
[DEBUG] Dynamically added transition from wildcard175 to wildcard67
[DEBUG] Dynamically added transition from wildcard175 to wildcard66
[DEBUG] Dynamically added transition from wildcard175 to wildcard65
[DEBUG] Dynamically added transition from wildcard175 to wildcard64
[DEBUG] Dynamically added transition from wildcard175 to wildcard63
[DEBUG] Dynamically added transition from wildcard175 to wildcard62
[DEBUG] Dynamically added transition from wildcard175 to wildcard61
[DEBUG] Dynamically added transition from wildcard175 to wildcard60
[DEBUG] Dynamically added transition from wildcard175 to wildcard100
[DEBUG] Dynamically added transition from wildcard175 to wildcard107
[DEBUG] Dynamically added transition from wildcard175 to wildcard108
[DEBUG] Dynamically added transition from wildcard175 to wildcard105
[DEBUG] Dynamically added transition from wildcard175 to wildcard106
[DEBUG] Dynamically added transition from wildcard175 to wildcard103
[DEBUG] Dynamically added transition from wildcard175 to wildcard104
[DEBUG] Dynamically added transition from wildcard175 to wildcard101
[DEBUG] Dynamically added transition from wildcard175 to wildcard102
[DEBUG] Dynamically added transition from wildcard175 to wildcard79
[DEBUG] Dynamically added transition from wildcard175 to wildcard78
[DEBUG] Dynamically added transition from wildcard175 to wildcard77
[DEBUG] Dynamically added transition from wildcard175 to wildcard76
[DEBUG] Dynamically added transition from wildcard175 to wildcard109
[DEBUG] Dynamically added transition from wildcard175 to wildcard75
[DEBUG] Dynamically added transition from wildcard175 to wildcard74
[DEBUG] Dynamically added transition from wildcard175 to wildcard73
[DEBUG] Dynamically added transition from wildcard175 to wildcard72
[DEBUG] Dynamically added transition from wildcard175 to wildcard71
[DEBUG] Dynamically added transition from wildcard175 to wildcard70
[DEBUG] Dynamically added transition from wildcard175 to wildcard110
[DEBUG] Dynamically added transition from wildcard175 to wildcard111
[DEBUG] Dynamically added transition from wildcard175 to wildcard118
[DEBUG] Dynamically added transition from wildcard175 to wildcard119
[DEBUG] Dynamically added transition from wildcard175 to wildcard116
[DEBUG] Dynamically added transition from wildcard175 to wildcard117
[DEBUG] Dynamically added transition from wildcard175 to .*
[DEBUG] Dynamically added transition from wildcard175 to wildcard114
[DEBUG] Dynamically added transition from wildcard175 to wildcard115
[DEBUG] Dynamically added transition from wildcard175 to wildcard112
[DEBUG] Dynamically added transition from wildcard175 to wildcard113
[DEBUG] Dynamically added transition from wildcard175 to wildcard89
[DEBUG] Dynamically added transition from wildcard175 to wildcard88
[DEBUG] Dynamically added transition from wildcard175 to wildcard87
[DEBUG] Dynamically added transition from wildcard175 to wildcard86
[DEBUG] Dynamically added transition from wildcard175 to INITIAL
[DEBUG] Dynamically added transition from wildcard175 to wildcard85
[DEBUG] Dynamically added transition from wildcard175 to wildcard84
[DEBUG] Dynamically added transition from wildcard175 to wildcard83
[DEBUG] Dynamically added transition from wildcard175 to wildcard82
[DEBUG] Dynamically added transition from wildcard175 to wildcard81
[DEBUG] Dynamically added transition from wildcard175 to wildcard80
[DEBUG] Dynamically added transition from wildcard175 to wildcard165
[DEBUG] Dynamically added transition from wildcard175 to wildcard166
[DEBUG] Dynamically added transition from wildcard175 to wildcard163
[DEBUG] Dynamically added transition from wildcard175 to wildcard164
[DEBUG] Dynamically added transition from wildcard175 to wildcard161
[DEBUG] Dynamically added transition from wildcard175 to wildcard162
[DEBUG] Dynamically added transition from wildcard175 to wildcard160
[DEBUG] Dynamically added transition from wildcard175 to end
[DEBUG] Dynamically added transition from wildcard175 to wildcard169
[DEBUG] Dynamically added transition from wildcard175 to wildcard167
[DEBUG] Dynamically added transition from wildcard175 to wildcard168
[DEBUG] Dynamically added transition from wildcard175 to wildcard16
[DEBUG] Dynamically added transition from wildcard175 to wildcard15
[DEBUG] Dynamically added transition from wildcard175 to wildcard14
[DEBUG] Dynamically added transition from wildcard175 to wildcard13
[DEBUG] Dynamically added transition from wildcard175 to wildcard12
[DEBUG] Dynamically added transition from wildcard175 to wildcard11
[DEBUG] Dynamically added transition from wildcard175 to wildcard99
[DEBUG] Dynamically added transition from wildcard175 to wildcard10
[DEBUG] Dynamically added transition from wildcard175 to wildcard98
[DEBUG] Dynamically added transition from wildcard175 to wildcard97
[DEBUG] Dynamically added transition from wildcard175 to start
[DEBUG] Dynamically added transition from wildcard175 to wildcard96
[DEBUG] Dynamically added transition from wildcard175 to wildcard95
[DEBUG] Dynamically added transition from wildcard175 to wildcard94
[DEBUG] Dynamically added transition from wildcard175 to wildcard93
[DEBUG] Dynamically added transition from wildcard175 to wildcard92
[DEBUG] Dynamically added transition from wildcard175 to wildcard91
[DEBUG] Dynamically added transition from wildcard175 to wildcard90
[DEBUG] Dynamically added transition from wildcard175 to wildcard174
[DEBUG] Dynamically added transition from wildcard175 to wildcard175
[DEBUG] Dynamically added transition from wildcard175 to wildcard172
[DEBUG] Dynamically added transition from wildcard175 to wildcard173
[DEBUG] Dynamically added transition from wildcard175 to wildcard170
[DEBUG] Dynamically added transition from wildcard175 to wildcard171
[INFO] Wildcard transition valid to state: wildcard175
[INFO] Wildcard transition detected from wildcard175 to wildcard176
[DEBUG] Created intermediate state for wildcard transition: wildcard176
[DEBUG] Dynamically added transition from wildcard175 to wildcard176
[DEBUG] Dynamically added transition from wildcard27 to wildcard176
[DEBUG] Dynamically added transition from wildcard26 to wildcard176
[DEBUG] Dynamically added transition from wildcard25 to wildcard176
[DEBUG] Dynamically added transition from wildcard24 to wildcard176
[DEBUG] Dynamically added transition from wildcard23 to wildcard176
[DEBUG] Dynamically added transition from wildcard22 to wildcard176
[DEBUG] Dynamically added transition from wildcard1 to wildcard176
[DEBUG] Dynamically added transition from wildcard21 to wildcard176
[DEBUG] Dynamically added transition from wildcard0 to wildcard176
[DEBUG] Dynamically added transition from wildcard20 to wildcard176
[DEBUG] Dynamically added transition from wildcard3 to wildcard176
[DEBUG] Dynamically added transition from wildcard2 to wildcard176
[DEBUG] Dynamically added transition from wildcard5 to wildcard176
[DEBUG] Dynamically added transition from wildcard4 to wildcard176
[DEBUG] Dynamically added transition from wildcard7 to wildcard176
[DEBUG] Dynamically added transition from wildcard6 to wildcard176
[DEBUG] Dynamically added transition from wildcard9 to wildcard176
[DEBUG] Dynamically added transition from wildcard8 to wildcard176
[DEBUG] Dynamically added transition from wildcard143 to wildcard176
[DEBUG] Dynamically added transition from wildcard144 to wildcard176
[DEBUG] Dynamically added transition from wildcard141 to wildcard176
[DEBUG] Dynamically added transition from wildcard142 to wildcard176
[DEBUG] Dynamically added transition from wildcard140 to wildcard176
[DEBUG] Dynamically added transition from wildcard149 to wildcard176
[DEBUG] Dynamically added transition from wildcard147 to wildcard176
[DEBUG] Dynamically added transition from wildcard19 to wildcard176
[DEBUG] Dynamically added transition from wildcard148 to wildcard176
[DEBUG] Dynamically added transition from wildcard18 to wildcard176
[DEBUG] Dynamically added transition from wildcard145 to wildcard176
[DEBUG] Dynamically added transition from wildcard17 to wildcard176
[DEBUG] Dynamically added transition from wildcard146 to wildcard176
[DEBUG] Dynamically added transition from wildcard38 to wildcard176
[DEBUG] Dynamically added transition from wildcard37 to wildcard176
[DEBUG] Dynamically added transition from wildcard36 to wildcard176
[DEBUG] Dynamically added transition from wildcard35 to wildcard176
[DEBUG] Dynamically added transition from wildcard34 to wildcard176
[DEBUG] Dynamically added transition from wildcard33 to wildcard176
[DEBUG] Dynamically added transition from wildcard32 to wildcard176
[DEBUG] Dynamically added transition from wildcard31 to wildcard176
[DEBUG] Dynamically added transition from wildcard30 to wildcard176
[DEBUG] Dynamically added transition from wildcard154 to wildcard176
[DEBUG] Dynamically added transition from wildcard155 to wildcard176
[DEBUG] Dynamically added transition from wildcard152 to wildcard176
[DEBUG] Dynamically added transition from wildcard153 to wildcard176
[DEBUG] Dynamically added transition from wildcard150 to wildcard176
[DEBUG] Dynamically added transition from wildcard151 to wildcard176
[DEBUG] Dynamically added transition from wildcard158 to wildcard176
[DEBUG] Dynamically added transition from wildcard159 to wildcard176
[DEBUG] Dynamically added transition from wildcard29 to wildcard176
[DEBUG] Dynamically added transition from wildcard156 to wildcard176
[DEBUG] Dynamically added transition from wildcard28 to wildcard176
[DEBUG] Dynamically added transition from wildcard157 to wildcard176
[DEBUG] Dynamically added transition from wildcard49 to wildcard176
[DEBUG] Dynamically added transition from wildcard48 to wildcard176
[DEBUG] Dynamically added transition from wildcard47 to wildcard176
[DEBUG] Dynamically added transition from wildcard46 to wildcard176
[DEBUG] Dynamically added transition from wildcard45 to wildcard176
[DEBUG] Dynamically added transition from wildcard44 to wildcard176
[DEBUG] Dynamically added transition from wildcard43 to wildcard176
[DEBUG] Dynamically added transition from wildcard42 to wildcard176
[DEBUG] Dynamically added transition from wildcard41 to wildcard176
[DEBUG] Dynamically added transition from wildcard40 to wildcard176
[DEBUG] Dynamically added transition from wildcard121 to wildcard176
[DEBUG] Dynamically added transition from wildcard122 to wildcard176
[DEBUG] Dynamically added transition from wildcard120 to wildcard176
[DEBUG] Dynamically added transition from wildcard129 to wildcard176
[DEBUG] Dynamically added transition from wildcard127 to wildcard176
[DEBUG] Dynamically added transition from wildcard128 to wildcard176
[DEBUG] Dynamically added transition from wildcard125 to wildcard176
[DEBUG] Dynamically added transition from wildcard126 to wildcard176
[DEBUG] Dynamically added transition from wildcard123 to wildcard176
[DEBUG] Dynamically added transition from wildcard39 to wildcard176
[DEBUG] Dynamically added transition from wildcard124 to wildcard176
[DEBUG] Dynamically added transition from wildcard59 to wildcard176
[DEBUG] Dynamically added transition from wildcard58 to wildcard176
[DEBUG] Dynamically added transition from middle to wildcard176
[DEBUG] Dynamically added transition from wildcard57 to wildcard176
[DEBUG] Dynamically added transition from wildcard56 to wildcard176
[DEBUG] Dynamically added transition from wildcard55 to wildcard176
[DEBUG] Dynamically added transition from wildcard54 to wildcard176
[DEBUG] Dynamically added transition from wildcard53 to wildcard176
[DEBUG] Dynamically added transition from wildcard52 to wildcard176
[DEBUG] Dynamically added transition from wildcard51 to wildcard176
[DEBUG] Dynamically added transition from wildcard50 to wildcard176
[DEBUG] Dynamically added transition from wildcard132 to wildcard176
[DEBUG] Dynamically added transition from wildcard133 to wildcard176
[DEBUG] Dynamically added transition from wildcard130 to wildcard176
[DEBUG] Dynamically added transition from wildcard131 to wildcard176
[DEBUG] Dynamically added transition from wildcard138 to wildcard176
[DEBUG] Dynamically added transition from wildcard139 to wildcard176
[DEBUG] Dynamically added transition from wildcard136 to wildcard176
[DEBUG] Dynamically added transition from wildcard137 to wildcard176
[DEBUG] Dynamically added transition from wildcard134 to wildcard176
[DEBUG] Dynamically added transition from wildcard135 to wildcard176
[DEBUG] Dynamically added transition from wildcard69 to wildcard176
[DEBUG] Dynamically added transition from wildcard68 to wildcard176
[DEBUG] Dynamically added transition from wildcard67 to wildcard176
[DEBUG] Dynamically added transition from wildcard66 to wildcard176
[DEBUG] Dynamically added transition from wildcard65 to wildcard176
[DEBUG] Dynamically added transition from wildcard64 to wildcard176
[DEBUG] Dynamically added transition from wildcard63 to wildcard176
[DEBUG] Dynamically added transition from wildcard62 to wildcard176
[DEBUG] Dynamically added transition from wildcard61 to wildcard176
[DEBUG] Dynamically added transition from wildcard60 to wildcard176
[DEBUG] Dynamically added transition from wildcard100 to wildcard176
[DEBUG] Dynamically added transition from wildcard107 to wildcard176
[DEBUG] Dynamically added transition from wildcard108 to wildcard176
[DEBUG] Dynamically added transition from wildcard105 to wildcard176
[DEBUG] Dynamically added transition from wildcard106 to wildcard176
[DEBUG] Dynamically added transition from wildcard103 to wildcard176
[DEBUG] Dynamically added transition from wildcard104 to wildcard176
[DEBUG] Dynamically added transition from wildcard101 to wildcard176
[DEBUG] Dynamically added transition from wildcard102 to wildcard176
[DEBUG] Dynamically added transition from wildcard79 to wildcard176
[DEBUG] Dynamically added transition from wildcard78 to wildcard176
[DEBUG] Dynamically added transition from wildcard77 to wildcard176
[DEBUG] Dynamically added transition from wildcard76 to wildcard176
[DEBUG] Dynamically added transition from wildcard109 to wildcard176
[DEBUG] Dynamically added transition from wildcard75 to wildcard176
[DEBUG] Dynamically added transition from wildcard74 to wildcard176
[DEBUG] Dynamically added transition from wildcard73 to wildcard176
[DEBUG] Dynamically added transition from wildcard72 to wildcard176
[DEBUG] Dynamically added transition from wildcard71 to wildcard176
[DEBUG] Dynamically added transition from wildcard70 to wildcard176
[DEBUG] Dynamically added transition from wildcard110 to wildcard176
[DEBUG] Dynamically added transition from wildcard111 to wildcard176
[DEBUG] Dynamically added transition from wildcard118 to wildcard176
[DEBUG] Dynamically added transition from wildcard119 to wildcard176
[DEBUG] Dynamically added transition from wildcard116 to wildcard176
[DEBUG] Dynamically added transition from wildcard117 to wildcard176
[DEBUG] Dynamically added transition from wildcard114 to wildcard176
[DEBUG] Dynamically added transition from wildcard115 to wildcard176
[DEBUG] Dynamically added transition from wildcard112 to wildcard176
[DEBUG] Dynamically added transition from wildcard113 to wildcard176
[DEBUG] Dynamically added transition from wildcard89 to wildcard176
[DEBUG] Dynamically added transition from wildcard88 to wildcard176
[DEBUG] Dynamically added transition from wildcard87 to wildcard176
[DEBUG] Dynamically added transition from wildcard86 to wildcard176
[DEBUG] Dynamically added transition from wildcard85 to wildcard176
[DEBUG] Dynamically added transition from wildcard84 to wildcard176
[DEBUG] Dynamically added transition from wildcard83 to wildcard176
[DEBUG] Dynamically added transition from wildcard82 to wildcard176
[DEBUG] Dynamically added transition from wildcard81 to wildcard176
[DEBUG] Dynamically added transition from wildcard80 to wildcard176
[DEBUG] Dynamically added transition from wildcard165 to wildcard176
[DEBUG] Dynamically added transition from wildcard166 to wildcard176
[DEBUG] Dynamically added transition from wildcard163 to wildcard176
[DEBUG] Dynamically added transition from wildcard164 to wildcard176
[DEBUG] Dynamically added transition from wildcard161 to wildcard176
[DEBUG] Dynamically added transition from wildcard162 to wildcard176
[DEBUG] Dynamically added transition from wildcard160 to wildcard176
[DEBUG] Dynamically added transition from wildcard169 to wildcard176
[DEBUG] Dynamically added transition from wildcard167 to wildcard176
[DEBUG] Dynamically added transition from wildcard168 to wildcard176
[DEBUG] Dynamically added transition from wildcard16 to wildcard176
[DEBUG] Dynamically added transition from wildcard15 to wildcard176
[DEBUG] Dynamically added transition from wildcard14 to wildcard176
[DEBUG] Dynamically added transition from wildcard13 to wildcard176
[DEBUG] Dynamically added transition from wildcard12 to wildcard176
[DEBUG] Dynamically added transition from wildcard11 to wildcard176
[DEBUG] Dynamically added transition from wildcard99 to wildcard176
[DEBUG] Dynamically added transition from wildcard10 to wildcard176
[DEBUG] Dynamically added transition from wildcard98 to wildcard176
[DEBUG] Dynamically added transition from wildcard97 to wildcard176
[DEBUG] Dynamically added transition from start to wildcard176
[DEBUG] Dynamically added transition from wildcard96 to wildcard176
[DEBUG] Dynamically added transition from wildcard95 to wildcard176
[DEBUG] Dynamically added transition from wildcard94 to wildcard176
[DEBUG] Dynamically added transition from wildcard93 to wildcard176
[DEBUG] Dynamically added transition from wildcard92 to wildcard176
[DEBUG] Dynamically added transition from wildcard91 to wildcard176
[DEBUG] Dynamically added transition from wildcard90 to wildcard176
[DEBUG] Dynamically added transition from wildcard174 to wildcard176
[DEBUG] Dynamically added transition from wildcard172 to wildcard176
[DEBUG] Dynamically added transition from wildcard173 to wildcard176
[DEBUG] Dynamically added transition from wildcard170 to wildcard176
[DEBUG] Dynamically added transition from wildcard171 to wildcard176
[DEBUG] Dynamically added transition from wildcard176 to wildcard27
[DEBUG] Dynamically added transition from wildcard176 to wildcard26
[DEBUG] Dynamically added transition from wildcard176 to wildcard25
[DEBUG] Dynamically added transition from wildcard176 to wildcard24
[DEBUG] Dynamically added transition from wildcard176 to wildcard23
[DEBUG] Dynamically added transition from wildcard176 to wildcard22
[DEBUG] Dynamically added transition from wildcard176 to wildcard1
[DEBUG] Dynamically added transition from wildcard176 to wildcard21
[DEBUG] Dynamically added transition from wildcard176 to wildcard0
[DEBUG] Dynamically added transition from wildcard176 to wildcard20
[DEBUG] Dynamically added transition from wildcard176 to wildcard3
[DEBUG] Dynamically added transition from wildcard176 to wildcard2
[DEBUG] Dynamically added transition from wildcard176 to wildcard5
[DEBUG] Dynamically added transition from wildcard176 to wildcard4
[DEBUG] Dynamically added transition from wildcard176 to wildcard7
[DEBUG] Dynamically added transition from wildcard176 to wildcard6
[DEBUG] Dynamically added transition from wildcard176 to wildcard9
[DEBUG] Dynamically added transition from wildcard176 to wildcard8
[DEBUG] Dynamically added transition from wildcard176 to wildcard143
[DEBUG] Dynamically added transition from wildcard176 to wildcard144
[DEBUG] Dynamically added transition from wildcard176 to wildcard141
[DEBUG] Dynamically added transition from wildcard176 to wildcard142
[DEBUG] Dynamically added transition from wildcard176 to wildcard140
[DEBUG] Dynamically added transition from wildcard176 to wildcard149
[DEBUG] Dynamically added transition from wildcard176 to wildcard147
[DEBUG] Dynamically added transition from wildcard176 to wildcard19
[DEBUG] Dynamically added transition from wildcard176 to wildcard148
[DEBUG] Dynamically added transition from wildcard176 to wildcard18
[DEBUG] Dynamically added transition from wildcard176 to wildcard145
[DEBUG] Dynamically added transition from wildcard176 to wildcard17
[DEBUG] Dynamically added transition from wildcard176 to wildcard146
[DEBUG] Dynamically added transition from wildcard176 to wildcard38
[DEBUG] Dynamically added transition from wildcard176 to wildcard37
[DEBUG] Dynamically added transition from wildcard176 to wildcard36
[DEBUG] Dynamically added transition from wildcard176 to wildcard35
[DEBUG] Dynamically added transition from wildcard176 to wildcard34
[DEBUG] Dynamically added transition from wildcard176 to wildcard33
[DEBUG] Dynamically added transition from wildcard176 to wildcard32
[DEBUG] Dynamically added transition from wildcard176 to wildcard31
[DEBUG] Dynamically added transition from wildcard176 to wildcard30
[DEBUG] Dynamically added transition from wildcard176 to wildcard154
[DEBUG] Dynamically added transition from wildcard176 to wildcard155
[DEBUG] Dynamically added transition from wildcard176 to wildcard152
[DEBUG] Dynamically added transition from wildcard176 to wildcard153
[DEBUG] Dynamically added transition from wildcard176 to wildcard150
[DEBUG] Dynamically added transition from wildcard176 to wildcard151
[DEBUG] Dynamically added transition from wildcard176 to wildcard158
[DEBUG] Dynamically added transition from wildcard176 to wildcard159
[DEBUG] Dynamically added transition from wildcard176 to wildcard29
[DEBUG] Dynamically added transition from wildcard176 to wildcard156
[DEBUG] Dynamically added transition from wildcard176 to wildcard28
[DEBUG] Dynamically added transition from wildcard176 to wildcard157
[DEBUG] Dynamically added transition from wildcard176 to wildcard49
[DEBUG] Dynamically added transition from wildcard176 to wildcard48
[DEBUG] Dynamically added transition from wildcard176 to wildcard47
[DEBUG] Dynamically added transition from wildcard176 to wildcard46
[DEBUG] Dynamically added transition from wildcard176 to wildcard45
[DEBUG] Dynamically added transition from wildcard176 to wildcard44
[DEBUG] Dynamically added transition from wildcard176 to wildcard43
[DEBUG] Dynamically added transition from wildcard176 to wildcard42
[DEBUG] Dynamically added transition from wildcard176 to wildcard41
[DEBUG] Dynamically added transition from wildcard176 to wildcard40
[DEBUG] Dynamically added transition from wildcard176 to wildcard121
[DEBUG] Dynamically added transition from wildcard176 to wildcard122
[DEBUG] Dynamically added transition from wildcard176 to wildcard120
[DEBUG] Dynamically added transition from wildcard176 to wildcard129
[DEBUG] Dynamically added transition from wildcard176 to wildcard127
[DEBUG] Dynamically added transition from wildcard176 to wildcard128
[DEBUG] Dynamically added transition from wildcard176 to wildcard125
[DEBUG] Dynamically added transition from wildcard176 to wildcard126
[DEBUG] Dynamically added transition from wildcard176 to wildcard123
[DEBUG] Dynamically added transition from wildcard176 to wildcard39
[DEBUG] Dynamically added transition from wildcard176 to wildcard124
[DEBUG] Dynamically added transition from wildcard176 to wildcard59
[DEBUG] Dynamically added transition from wildcard176 to wildcard58
[DEBUG] Dynamically added transition from wildcard176 to middle
[DEBUG] Dynamically added transition from wildcard176 to wildcard57
[DEBUG] Dynamically added transition from wildcard176 to wildcard56
[DEBUG] Dynamically added transition from wildcard176 to wildcard55
[DEBUG] Dynamically added transition from wildcard176 to wildcard54
[DEBUG] Dynamically added transition from wildcard176 to wildcard53
[DEBUG] Dynamically added transition from wildcard176 to wildcard52
[DEBUG] Dynamically added transition from wildcard176 to wildcard51
[DEBUG] Dynamically added transition from wildcard176 to wildcard50
[DEBUG] Dynamically added transition from wildcard176 to wildcard132
[DEBUG] Dynamically added transition from wildcard176 to wildcard133
[DEBUG] Dynamically added transition from wildcard176 to wildcard130
[DEBUG] Dynamically added transition from wildcard176 to wildcard131
[DEBUG] Dynamically added transition from wildcard176 to wildcard138
[DEBUG] Dynamically added transition from wildcard176 to wildcard139
[DEBUG] Dynamically added transition from wildcard176 to wildcard136
[DEBUG] Dynamically added transition from wildcard176 to wildcard137
[DEBUG] Dynamically added transition from wildcard176 to wildcard134
[DEBUG] Dynamically added transition from wildcard176 to wildcard135
[DEBUG] Dynamically added transition from wildcard176 to wildcard69
[DEBUG] Dynamically added transition from wildcard176 to wildcard68
[DEBUG] Dynamically added transition from wildcard176 to wildcard67
[DEBUG] Dynamically added transition from wildcard176 to wildcard66
[DEBUG] Dynamically added transition from wildcard176 to wildcard65
[DEBUG] Dynamically added transition from wildcard176 to wildcard64
[DEBUG] Dynamically added transition from wildcard176 to wildcard63
[DEBUG] Dynamically added transition from wildcard176 to wildcard62
[DEBUG] Dynamically added transition from wildcard176 to wildcard61
[DEBUG] Dynamically added transition from wildcard176 to wildcard60
[DEBUG] Dynamically added transition from wildcard176 to wildcard100
[DEBUG] Dynamically added transition from wildcard176 to wildcard107
[DEBUG] Dynamically added transition from wildcard176 to wildcard108
[DEBUG] Dynamically added transition from wildcard176 to wildcard105
[DEBUG] Dynamically added transition from wildcard176 to wildcard106
[DEBUG] Dynamically added transition from wildcard176 to wildcard103
[DEBUG] Dynamically added transition from wildcard176 to wildcard104
[DEBUG] Dynamically added transition from wildcard176 to wildcard101
[DEBUG] Dynamically added transition from wildcard176 to wildcard102
[DEBUG] Dynamically added transition from wildcard176 to wildcard79
[DEBUG] Dynamically added transition from wildcard176 to wildcard78
[DEBUG] Dynamically added transition from wildcard176 to wildcard77
[DEBUG] Dynamically added transition from wildcard176 to wildcard76
[DEBUG] Dynamically added transition from wildcard176 to wildcard109
[DEBUG] Dynamically added transition from wildcard176 to wildcard75
[DEBUG] Dynamically added transition from wildcard176 to wildcard74
[DEBUG] Dynamically added transition from wildcard176 to wildcard73
[DEBUG] Dynamically added transition from wildcard176 to wildcard72
[DEBUG] Dynamically added transition from wildcard176 to wildcard71
[DEBUG] Dynamically added transition from wildcard176 to wildcard70
[DEBUG] Dynamically added transition from wildcard176 to wildcard110
[DEBUG] Dynamically added transition from wildcard176 to wildcard111
[DEBUG] Dynamically added transition from wildcard176 to wildcard118
[DEBUG] Dynamically added transition from wildcard176 to wildcard119
[DEBUG] Dynamically added transition from wildcard176 to wildcard116
[DEBUG] Dynamically added transition from wildcard176 to wildcard117
[DEBUG] Dynamically added transition from wildcard176 to .*
[DEBUG] Dynamically added transition from wildcard176 to wildcard114
[DEBUG] Dynamically added transition from wildcard176 to wildcard115
[DEBUG] Dynamically added transition from wildcard176 to wildcard112
[DEBUG] Dynamically added transition from wildcard176 to wildcard113
[DEBUG] Dynamically added transition from wildcard176 to wildcard89
[DEBUG] Dynamically added transition from wildcard176 to wildcard88
[DEBUG] Dynamically added transition from wildcard176 to wildcard87
[DEBUG] Dynamically added transition from wildcard176 to wildcard86
[DEBUG] Dynamically added transition from wildcard176 to INITIAL
[DEBUG] Dynamically added transition from wildcard176 to wildcard85
[DEBUG] Dynamically added transition from wildcard176 to wildcard84
[DEBUG] Dynamically added transition from wildcard176 to wildcard83
[DEBUG] Dynamically added transition from wildcard176 to wildcard82
[DEBUG] Dynamically added transition from wildcard176 to wildcard81
[DEBUG] Dynamically added transition from wildcard176 to wildcard80
[DEBUG] Dynamically added transition from wildcard176 to wildcard165
[DEBUG] Dynamically added transition from wildcard176 to wildcard166
[DEBUG] Dynamically added transition from wildcard176 to wildcard163
[DEBUG] Dynamically added transition from wildcard176 to wildcard164
[DEBUG] Dynamically added transition from wildcard176 to wildcard161
[DEBUG] Dynamically added transition from wildcard176 to wildcard162
[DEBUG] Dynamically added transition from wildcard176 to wildcard160
[DEBUG] Dynamically added transition from wildcard176 to end
[DEBUG] Dynamically added transition from wildcard176 to wildcard169
[DEBUG] Dynamically added transition from wildcard176 to wildcard167
[DEBUG] Dynamically added transition from wildcard176 to wildcard168
[DEBUG] Dynamically added transition from wildcard176 to wildcard16
[DEBUG] Dynamically added transition from wildcard176 to wildcard15
[DEBUG] Dynamically added transition from wildcard176 to wildcard14
[DEBUG] Dynamically added transition from wildcard176 to wildcard13
[DEBUG] Dynamically added transition from wildcard176 to wildcard12
[DEBUG] Dynamically added transition from wildcard176 to wildcard11
[DEBUG] Dynamically added transition from wildcard176 to wildcard99
[DEBUG] Dynamically added transition from wildcard176 to wildcard10
[DEBUG] Dynamically added transition from wildcard176 to wildcard98
[DEBUG] Dynamically added transition from wildcard176 to wildcard97
[DEBUG] Dynamically added transition from wildcard176 to start
[DEBUG] Dynamically added transition from wildcard176 to wildcard96
[DEBUG] Dynamically added transition from wildcard176 to wildcard95
[DEBUG] Dynamically added transition from wildcard176 to wildcard94
[DEBUG] Dynamically added transition from wildcard176 to wildcard93
[DEBUG] Dynamically added transition from wildcard176 to wildcard92
[DEBUG] Dynamically added transition from wildcard176 to wildcard91
[DEBUG] Dynamically added transition from wildcard176 to wildcard90
[DEBUG] Dynamically added transition from wildcard176 to wildcard176
[DEBUG] Dynamically added transition from wildcard176 to wildcard174
[DEBUG] Dynamically added transition from wildcard176 to wildcard175
[DEBUG] Dynamically added transition from wildcard176 to wildcard172
[DEBUG] Dynamically added transition from wildcard176 to wildcard173
[DEBUG] Dynamically added transition from wildcard176 to wildcard170
[DEBUG] Dynamically added transition from wildcard176 to wildcard171
[INFO] Wildcard transition valid to state: wildcard176
[INFO] Wildcard transition detected from wildcard176 to wildcard177
[DEBUG] Created intermediate state for wildcard transition: wildcard177
[DEBUG] Dynamically added transition from wildcard176 to wildcard177
[DEBUG] Dynamically added transition from wildcard27 to wildcard177
[DEBUG] Dynamically added transition from wildcard26 to wildcard177
[DEBUG] Dynamically added transition from wildcard25 to wildcard177
[DEBUG] Dynamically added transition from wildcard24 to wildcard177
[DEBUG] Dynamically added transition from wildcard23 to wildcard177
[DEBUG] Dynamically added transition from wildcard22 to wildcard177
[DEBUG] Dynamically added transition from wildcard1 to wildcard177
[DEBUG] Dynamically added transition from wildcard21 to wildcard177
[DEBUG] Dynamically added transition from wildcard0 to wildcard177
[DEBUG] Dynamically added transition from wildcard20 to wildcard177
[DEBUG] Dynamically added transition from wildcard3 to wildcard177
[DEBUG] Dynamically added transition from wildcard2 to wildcard177
[DEBUG] Dynamically added transition from wildcard5 to wildcard177
[DEBUG] Dynamically added transition from wildcard4 to wildcard177
[DEBUG] Dynamically added transition from wildcard7 to wildcard177
[DEBUG] Dynamically added transition from wildcard6 to wildcard177
[DEBUG] Dynamically added transition from wildcard9 to wildcard177
[DEBUG] Dynamically added transition from wildcard8 to wildcard177
[DEBUG] Dynamically added transition from wildcard143 to wildcard177
[DEBUG] Dynamically added transition from wildcard144 to wildcard177
[DEBUG] Dynamically added transition from wildcard141 to wildcard177
[DEBUG] Dynamically added transition from wildcard142 to wildcard177
[DEBUG] Dynamically added transition from wildcard140 to wildcard177
[DEBUG] Dynamically added transition from wildcard149 to wildcard177
[DEBUG] Dynamically added transition from wildcard147 to wildcard177
[DEBUG] Dynamically added transition from wildcard19 to wildcard177
[DEBUG] Dynamically added transition from wildcard148 to wildcard177
[DEBUG] Dynamically added transition from wildcard18 to wildcard177
[DEBUG] Dynamically added transition from wildcard145 to wildcard177
[DEBUG] Dynamically added transition from wildcard17 to wildcard177
[DEBUG] Dynamically added transition from wildcard146 to wildcard177
[DEBUG] Dynamically added transition from wildcard38 to wildcard177
[DEBUG] Dynamically added transition from wildcard37 to wildcard177
[DEBUG] Dynamically added transition from wildcard36 to wildcard177
[DEBUG] Dynamically added transition from wildcard35 to wildcard177
[DEBUG] Dynamically added transition from wildcard34 to wildcard177
[DEBUG] Dynamically added transition from wildcard33 to wildcard177
[DEBUG] Dynamically added transition from wildcard32 to wildcard177
[DEBUG] Dynamically added transition from wildcard31 to wildcard177
[DEBUG] Dynamically added transition from wildcard30 to wildcard177
[DEBUG] Dynamically added transition from wildcard154 to wildcard177
[DEBUG] Dynamically added transition from wildcard155 to wildcard177
[DEBUG] Dynamically added transition from wildcard152 to wildcard177
[DEBUG] Dynamically added transition from wildcard153 to wildcard177
[DEBUG] Dynamically added transition from wildcard150 to wildcard177
[DEBUG] Dynamically added transition from wildcard151 to wildcard177
[DEBUG] Dynamically added transition from wildcard158 to wildcard177
[DEBUG] Dynamically added transition from wildcard159 to wildcard177
[DEBUG] Dynamically added transition from wildcard29 to wildcard177
[DEBUG] Dynamically added transition from wildcard156 to wildcard177
[DEBUG] Dynamically added transition from wildcard28 to wildcard177
[DEBUG] Dynamically added transition from wildcard157 to wildcard177
[DEBUG] Dynamically added transition from wildcard49 to wildcard177
[DEBUG] Dynamically added transition from wildcard48 to wildcard177
[DEBUG] Dynamically added transition from wildcard47 to wildcard177
[DEBUG] Dynamically added transition from wildcard46 to wildcard177
[DEBUG] Dynamically added transition from wildcard45 to wildcard177
[DEBUG] Dynamically added transition from wildcard44 to wildcard177
[DEBUG] Dynamically added transition from wildcard43 to wildcard177
[DEBUG] Dynamically added transition from wildcard42 to wildcard177
[DEBUG] Dynamically added transition from wildcard41 to wildcard177
[DEBUG] Dynamically added transition from wildcard40 to wildcard177
[DEBUG] Dynamically added transition from wildcard121 to wildcard177
[DEBUG] Dynamically added transition from wildcard122 to wildcard177
[DEBUG] Dynamically added transition from wildcard120 to wildcard177
[DEBUG] Dynamically added transition from wildcard129 to wildcard177
[DEBUG] Dynamically added transition from wildcard127 to wildcard177
[DEBUG] Dynamically added transition from wildcard128 to wildcard177
[DEBUG] Dynamically added transition from wildcard125 to wildcard177
[DEBUG] Dynamically added transition from wildcard126 to wildcard177
[DEBUG] Dynamically added transition from wildcard123 to wildcard177
[DEBUG] Dynamically added transition from wildcard39 to wildcard177
[DEBUG] Dynamically added transition from wildcard124 to wildcard177
[DEBUG] Dynamically added transition from wildcard59 to wildcard177
[DEBUG] Dynamically added transition from wildcard58 to wildcard177
[DEBUG] Dynamically added transition from middle to wildcard177
[DEBUG] Dynamically added transition from wildcard57 to wildcard177
[DEBUG] Dynamically added transition from wildcard56 to wildcard177
[DEBUG] Dynamically added transition from wildcard55 to wildcard177
[DEBUG] Dynamically added transition from wildcard54 to wildcard177
[DEBUG] Dynamically added transition from wildcard53 to wildcard177
[DEBUG] Dynamically added transition from wildcard52 to wildcard177
[DEBUG] Dynamically added transition from wildcard51 to wildcard177
[DEBUG] Dynamically added transition from wildcard50 to wildcard177
[DEBUG] Dynamically added transition from wildcard132 to wildcard177
[DEBUG] Dynamically added transition from wildcard133 to wildcard177
[DEBUG] Dynamically added transition from wildcard130 to wildcard177
[DEBUG] Dynamically added transition from wildcard131 to wildcard177
[DEBUG] Dynamically added transition from wildcard138 to wildcard177
[DEBUG] Dynamically added transition from wildcard139 to wildcard177
[DEBUG] Dynamically added transition from wildcard136 to wildcard177
[DEBUG] Dynamically added transition from wildcard137 to wildcard177
[DEBUG] Dynamically added transition from wildcard134 to wildcard177
[DEBUG] Dynamically added transition from wildcard135 to wildcard177
[DEBUG] Dynamically added transition from wildcard69 to wildcard177
[DEBUG] Dynamically added transition from wildcard68 to wildcard177
[DEBUG] Dynamically added transition from wildcard67 to wildcard177
[DEBUG] Dynamically added transition from wildcard66 to wildcard177
[DEBUG] Dynamically added transition from wildcard65 to wildcard177
[DEBUG] Dynamically added transition from wildcard64 to wildcard177
[DEBUG] Dynamically added transition from wildcard63 to wildcard177
[DEBUG] Dynamically added transition from wildcard62 to wildcard177
[DEBUG] Dynamically added transition from wildcard61 to wildcard177
[DEBUG] Dynamically added transition from wildcard60 to wildcard177
[DEBUG] Dynamically added transition from wildcard100 to wildcard177
[DEBUG] Dynamically added transition from wildcard107 to wildcard177
[DEBUG] Dynamically added transition from wildcard108 to wildcard177
[DEBUG] Dynamically added transition from wildcard105 to wildcard177
[DEBUG] Dynamically added transition from wildcard106 to wildcard177
[DEBUG] Dynamically added transition from wildcard103 to wildcard177
[DEBUG] Dynamically added transition from wildcard104 to wildcard177
[DEBUG] Dynamically added transition from wildcard101 to wildcard177
[DEBUG] Dynamically added transition from wildcard102 to wildcard177
[DEBUG] Dynamically added transition from wildcard79 to wildcard177
[DEBUG] Dynamically added transition from wildcard78 to wildcard177
[DEBUG] Dynamically added transition from wildcard77 to wildcard177
[DEBUG] Dynamically added transition from wildcard76 to wildcard177
[DEBUG] Dynamically added transition from wildcard109 to wildcard177
[DEBUG] Dynamically added transition from wildcard75 to wildcard177
[DEBUG] Dynamically added transition from wildcard74 to wildcard177
[DEBUG] Dynamically added transition from wildcard73 to wildcard177
[DEBUG] Dynamically added transition from wildcard72 to wildcard177
[DEBUG] Dynamically added transition from wildcard71 to wildcard177
[DEBUG] Dynamically added transition from wildcard70 to wildcard177
[DEBUG] Dynamically added transition from wildcard110 to wildcard177
[DEBUG] Dynamically added transition from wildcard111 to wildcard177
[DEBUG] Dynamically added transition from wildcard118 to wildcard177
[DEBUG] Dynamically added transition from wildcard119 to wildcard177
[DEBUG] Dynamically added transition from wildcard116 to wildcard177
[DEBUG] Dynamically added transition from wildcard117 to wildcard177
[DEBUG] Dynamically added transition from wildcard114 to wildcard177
[DEBUG] Dynamically added transition from wildcard115 to wildcard177
[DEBUG] Dynamically added transition from wildcard112 to wildcard177
[DEBUG] Dynamically added transition from wildcard113 to wildcard177
[DEBUG] Dynamically added transition from wildcard89 to wildcard177
[DEBUG] Dynamically added transition from wildcard88 to wildcard177
[DEBUG] Dynamically added transition from wildcard87 to wildcard177
[DEBUG] Dynamically added transition from wildcard86 to wildcard177
[DEBUG] Dynamically added transition from wildcard85 to wildcard177
[DEBUG] Dynamically added transition from wildcard84 to wildcard177
[DEBUG] Dynamically added transition from wildcard83 to wildcard177
[DEBUG] Dynamically added transition from wildcard82 to wildcard177
[DEBUG] Dynamically added transition from wildcard81 to wildcard177
[DEBUG] Dynamically added transition from wildcard80 to wildcard177
[DEBUG] Dynamically added transition from wildcard165 to wildcard177
[DEBUG] Dynamically added transition from wildcard166 to wildcard177
[DEBUG] Dynamically added transition from wildcard163 to wildcard177
[DEBUG] Dynamically added transition from wildcard164 to wildcard177
[DEBUG] Dynamically added transition from wildcard161 to wildcard177
[DEBUG] Dynamically added transition from wildcard162 to wildcard177
[DEBUG] Dynamically added transition from wildcard160 to wildcard177
[DEBUG] Dynamically added transition from wildcard169 to wildcard177
[DEBUG] Dynamically added transition from wildcard167 to wildcard177
[DEBUG] Dynamically added transition from wildcard168 to wildcard177
[DEBUG] Dynamically added transition from wildcard16 to wildcard177
[DEBUG] Dynamically added transition from wildcard15 to wildcard177
[DEBUG] Dynamically added transition from wildcard14 to wildcard177
[DEBUG] Dynamically added transition from wildcard13 to wildcard177
[DEBUG] Dynamically added transition from wildcard12 to wildcard177
[DEBUG] Dynamically added transition from wildcard11 to wildcard177
[DEBUG] Dynamically added transition from wildcard99 to wildcard177
[DEBUG] Dynamically added transition from wildcard10 to wildcard177
[DEBUG] Dynamically added transition from wildcard98 to wildcard177
[DEBUG] Dynamically added transition from wildcard97 to wildcard177
[DEBUG] Dynamically added transition from start to wildcard177
[DEBUG] Dynamically added transition from wildcard96 to wildcard177
[DEBUG] Dynamically added transition from wildcard95 to wildcard177
[DEBUG] Dynamically added transition from wildcard94 to wildcard177
[DEBUG] Dynamically added transition from wildcard93 to wildcard177
[DEBUG] Dynamically added transition from wildcard92 to wildcard177
[DEBUG] Dynamically added transition from wildcard91 to wildcard177
[DEBUG] Dynamically added transition from wildcard90 to wildcard177
[DEBUG] Dynamically added transition from wildcard174 to wildcard177
[DEBUG] Dynamically added transition from wildcard175 to wildcard177
[DEBUG] Dynamically added transition from wildcard172 to wildcard177
[DEBUG] Dynamically added transition from wildcard173 to wildcard177
[DEBUG] Dynamically added transition from wildcard170 to wildcard177
[DEBUG] Dynamically added transition from wildcard171 to wildcard177
[DEBUG] Dynamically added transition from wildcard177 to wildcard27
[DEBUG] Dynamically added transition from wildcard177 to wildcard26
[DEBUG] Dynamically added transition from wildcard177 to wildcard25
[DEBUG] Dynamically added transition from wildcard177 to wildcard24
[DEBUG] Dynamically added transition from wildcard177 to wildcard23
[DEBUG] Dynamically added transition from wildcard177 to wildcard22
[DEBUG] Dynamically added transition from wildcard177 to wildcard1
[DEBUG] Dynamically added transition from wildcard177 to wildcard21
[DEBUG] Dynamically added transition from wildcard177 to wildcard0
[DEBUG] Dynamically added transition from wildcard177 to wildcard20
[DEBUG] Dynamically added transition from wildcard177 to wildcard3
[DEBUG] Dynamically added transition from wildcard177 to wildcard2
[DEBUG] Dynamically added transition from wildcard177 to wildcard5
[DEBUG] Dynamically added transition from wildcard177 to wildcard4
[DEBUG] Dynamically added transition from wildcard177 to wildcard7
[DEBUG] Dynamically added transition from wildcard177 to wildcard6
[DEBUG] Dynamically added transition from wildcard177 to wildcard9
[DEBUG] Dynamically added transition from wildcard177 to wildcard8
[DEBUG] Dynamically added transition from wildcard177 to wildcard143
[DEBUG] Dynamically added transition from wildcard177 to wildcard144
[DEBUG] Dynamically added transition from wildcard177 to wildcard141
[DEBUG] Dynamically added transition from wildcard177 to wildcard142
[DEBUG] Dynamically added transition from wildcard177 to wildcard140
[DEBUG] Dynamically added transition from wildcard177 to wildcard149
[DEBUG] Dynamically added transition from wildcard177 to wildcard147
[DEBUG] Dynamically added transition from wildcard177 to wildcard19
[DEBUG] Dynamically added transition from wildcard177 to wildcard148
[DEBUG] Dynamically added transition from wildcard177 to wildcard18
[DEBUG] Dynamically added transition from wildcard177 to wildcard145
[DEBUG] Dynamically added transition from wildcard177 to wildcard17
[DEBUG] Dynamically added transition from wildcard177 to wildcard146
[DEBUG] Dynamically added transition from wildcard177 to wildcard38
[DEBUG] Dynamically added transition from wildcard177 to wildcard37
[DEBUG] Dynamically added transition from wildcard177 to wildcard36
[DEBUG] Dynamically added transition from wildcard177 to wildcard35
[DEBUG] Dynamically added transition from wildcard177 to wildcard34
[DEBUG] Dynamically added transition from wildcard177 to wildcard33
[DEBUG] Dynamically added transition from wildcard177 to wildcard32
[DEBUG] Dynamically added transition from wildcard177 to wildcard31
[DEBUG] Dynamically added transition from wildcard177 to wildcard30
[DEBUG] Dynamically added transition from wildcard177 to wildcard154
[DEBUG] Dynamically added transition from wildcard177 to wildcard155
[DEBUG] Dynamically added transition from wildcard177 to wildcard152
[DEBUG] Dynamically added transition from wildcard177 to wildcard153
[DEBUG] Dynamically added transition from wildcard177 to wildcard150
[DEBUG] Dynamically added transition from wildcard177 to wildcard151
[DEBUG] Dynamically added transition from wildcard177 to wildcard158
[DEBUG] Dynamically added transition from wildcard177 to wildcard159
[DEBUG] Dynamically added transition from wildcard177 to wildcard29
[DEBUG] Dynamically added transition from wildcard177 to wildcard156
[DEBUG] Dynamically added transition from wildcard177 to wildcard28
[DEBUG] Dynamically added transition from wildcard177 to wildcard157
[DEBUG] Dynamically added transition from wildcard177 to wildcard49
[DEBUG] Dynamically added transition from wildcard177 to wildcard48
[DEBUG] Dynamically added transition from wildcard177 to wildcard47
[DEBUG] Dynamically added transition from wildcard177 to wildcard46
[DEBUG] Dynamically added transition from wildcard177 to wildcard45
[DEBUG] Dynamically added transition from wildcard177 to wildcard44
[DEBUG] Dynamically added transition from wildcard177 to wildcard43
[DEBUG] Dynamically added transition from wildcard177 to wildcard42
[DEBUG] Dynamically added transition from wildcard177 to wildcard41
[DEBUG] Dynamically added transition from wildcard177 to wildcard40
[DEBUG] Dynamically added transition from wildcard177 to wildcard121
[DEBUG] Dynamically added transition from wildcard177 to wildcard122
[DEBUG] Dynamically added transition from wildcard177 to wildcard120
[DEBUG] Dynamically added transition from wildcard177 to wildcard129
[DEBUG] Dynamically added transition from wildcard177 to wildcard127
[DEBUG] Dynamically added transition from wildcard177 to wildcard128
[DEBUG] Dynamically added transition from wildcard177 to wildcard125
[DEBUG] Dynamically added transition from wildcard177 to wildcard126
[DEBUG] Dynamically added transition from wildcard177 to wildcard123
[DEBUG] Dynamically added transition from wildcard177 to wildcard39
[DEBUG] Dynamically added transition from wildcard177 to wildcard124
[DEBUG] Dynamically added transition from wildcard177 to wildcard59
[DEBUG] Dynamically added transition from wildcard177 to wildcard58
[DEBUG] Dynamically added transition from wildcard177 to middle
[DEBUG] Dynamically added transition from wildcard177 to wildcard57
[DEBUG] Dynamically added transition from wildcard177 to wildcard56
[DEBUG] Dynamically added transition from wildcard177 to wildcard55
[DEBUG] Dynamically added transition from wildcard177 to wildcard54
[DEBUG] Dynamically added transition from wildcard177 to wildcard53
[DEBUG] Dynamically added transition from wildcard177 to wildcard52
[DEBUG] Dynamically added transition from wildcard177 to wildcard51
[DEBUG] Dynamically added transition from wildcard177 to wildcard50
[DEBUG] Dynamically added transition from wildcard177 to wildcard132
[DEBUG] Dynamically added transition from wildcard177 to wildcard133
[DEBUG] Dynamically added transition from wildcard177 to wildcard130
[DEBUG] Dynamically added transition from wildcard177 to wildcard131
[DEBUG] Dynamically added transition from wildcard177 to wildcard138
[DEBUG] Dynamically added transition from wildcard177 to wildcard139
[DEBUG] Dynamically added transition from wildcard177 to wildcard136
[DEBUG] Dynamically added transition from wildcard177 to wildcard137
[DEBUG] Dynamically added transition from wildcard177 to wildcard134
[DEBUG] Dynamically added transition from wildcard177 to wildcard135
[DEBUG] Dynamically added transition from wildcard177 to wildcard69
[DEBUG] Dynamically added transition from wildcard177 to wildcard68
[DEBUG] Dynamically added transition from wildcard177 to wildcard67
[DEBUG] Dynamically added transition from wildcard177 to wildcard66
[DEBUG] Dynamically added transition from wildcard177 to wildcard65
[DEBUG] Dynamically added transition from wildcard177 to wildcard64
[DEBUG] Dynamically added transition from wildcard177 to wildcard63
[DEBUG] Dynamically added transition from wildcard177 to wildcard62
[DEBUG] Dynamically added transition from wildcard177 to wildcard61
[DEBUG] Dynamically added transition from wildcard177 to wildcard60
[DEBUG] Dynamically added transition from wildcard177 to wildcard100
[DEBUG] Dynamically added transition from wildcard177 to wildcard107
[DEBUG] Dynamically added transition from wildcard177 to wildcard108
[DEBUG] Dynamically added transition from wildcard177 to wildcard105
[DEBUG] Dynamically added transition from wildcard177 to wildcard106
[DEBUG] Dynamically added transition from wildcard177 to wildcard103
[DEBUG] Dynamically added transition from wildcard177 to wildcard104
[DEBUG] Dynamically added transition from wildcard177 to wildcard101
[DEBUG] Dynamically added transition from wildcard177 to wildcard102
[DEBUG] Dynamically added transition from wildcard177 to wildcard79
[DEBUG] Dynamically added transition from wildcard177 to wildcard78
[DEBUG] Dynamically added transition from wildcard177 to wildcard77
[DEBUG] Dynamically added transition from wildcard177 to wildcard76
[DEBUG] Dynamically added transition from wildcard177 to wildcard109
[DEBUG] Dynamically added transition from wildcard177 to wildcard75
[DEBUG] Dynamically added transition from wildcard177 to wildcard74
[DEBUG] Dynamically added transition from wildcard177 to wildcard73
[DEBUG] Dynamically added transition from wildcard177 to wildcard72
[DEBUG] Dynamically added transition from wildcard177 to wildcard71
[DEBUG] Dynamically added transition from wildcard177 to wildcard70
[DEBUG] Dynamically added transition from wildcard177 to wildcard110
[DEBUG] Dynamically added transition from wildcard177 to wildcard111
[DEBUG] Dynamically added transition from wildcard177 to wildcard118
[DEBUG] Dynamically added transition from wildcard177 to wildcard119
[DEBUG] Dynamically added transition from wildcard177 to wildcard116
[DEBUG] Dynamically added transition from wildcard177 to wildcard117
[DEBUG] Dynamically added transition from wildcard177 to .*
[DEBUG] Dynamically added transition from wildcard177 to wildcard114
[DEBUG] Dynamically added transition from wildcard177 to wildcard115
[DEBUG] Dynamically added transition from wildcard177 to wildcard112
[DEBUG] Dynamically added transition from wildcard177 to wildcard113
[DEBUG] Dynamically added transition from wildcard177 to wildcard89
[DEBUG] Dynamically added transition from wildcard177 to wildcard88
[DEBUG] Dynamically added transition from wildcard177 to wildcard87
[DEBUG] Dynamically added transition from wildcard177 to wildcard86
[DEBUG] Dynamically added transition from wildcard177 to INITIAL
[DEBUG] Dynamically added transition from wildcard177 to wildcard85
[DEBUG] Dynamically added transition from wildcard177 to wildcard84
[DEBUG] Dynamically added transition from wildcard177 to wildcard83
[DEBUG] Dynamically added transition from wildcard177 to wildcard82
[DEBUG] Dynamically added transition from wildcard177 to wildcard81
[DEBUG] Dynamically added transition from wildcard177 to wildcard80
[DEBUG] Dynamically added transition from wildcard177 to wildcard165
[DEBUG] Dynamically added transition from wildcard177 to wildcard166
[DEBUG] Dynamically added transition from wildcard177 to wildcard163
[DEBUG] Dynamically added transition from wildcard177 to wildcard164
[DEBUG] Dynamically added transition from wildcard177 to wildcard161
[DEBUG] Dynamically added transition from wildcard177 to wildcard162
[DEBUG] Dynamically added transition from wildcard177 to wildcard160
[DEBUG] Dynamically added transition from wildcard177 to end
[DEBUG] Dynamically added transition from wildcard177 to wildcard169
[DEBUG] Dynamically added transition from wildcard177 to wildcard167
[DEBUG] Dynamically added transition from wildcard177 to wildcard168
[DEBUG] Dynamically added transition from wildcard177 to wildcard16
[DEBUG] Dynamically added transition from wildcard177 to wildcard15
[DEBUG] Dynamically added transition from wildcard177 to wildcard14
[DEBUG] Dynamically added transition from wildcard177 to wildcard13
[DEBUG] Dynamically added transition from wildcard177 to wildcard12
[DEBUG] Dynamically added transition from wildcard177 to wildcard11
[DEBUG] Dynamically added transition from wildcard177 to wildcard99
[DEBUG] Dynamically added transition from wildcard177 to wildcard10
[DEBUG] Dynamically added transition from wildcard177 to wildcard98
[DEBUG] Dynamically added transition from wildcard177 to wildcard97
[DEBUG] Dynamically added transition from wildcard177 to start
[DEBUG] Dynamically added transition from wildcard177 to wildcard96
[DEBUG] Dynamically added transition from wildcard177 to wildcard95
[DEBUG] Dynamically added transition from wildcard177 to wildcard94
[DEBUG] Dynamically added transition from wildcard177 to wildcard93
[DEBUG] Dynamically added transition from wildcard177 to wildcard92
[DEBUG] Dynamically added transition from wildcard177 to wildcard91
[DEBUG] Dynamically added transition from wildcard177 to wildcard90
[DEBUG] Dynamically added transition from wildcard177 to wildcard176
[DEBUG] Dynamically added transition from wildcard177 to wildcard177
[DEBUG] Dynamically added transition from wildcard177 to wildcard174
[DEBUG] Dynamically added transition from wildcard177 to wildcard175
[DEBUG] Dynamically added transition from wildcard177 to wildcard172
[DEBUG] Dynamically added transition from wildcard177 to wildcard173
[DEBUG] Dynamically added transition from wildcard177 to wildcard170
[DEBUG] Dynamically added transition from wildcard177 to wildcard171
[INFO] Wildcard transition valid to state: wildcard177
[INFO] Wildcard transition detected from wildcard177 to wildcard178
[DEBUG] Created intermediate state for wildcard transition: wildcard178
[DEBUG] Dynamically added transition from wildcard177 to wildcard178
[DEBUG] Dynamically added transition from wildcard27 to wildcard178
[DEBUG] Dynamically added transition from wildcard26 to wildcard178
[DEBUG] Dynamically added transition from wildcard25 to wildcard178
[DEBUG] Dynamically added transition from wildcard24 to wildcard178
[DEBUG] Dynamically added transition from wildcard23 to wildcard178
[DEBUG] Dynamically added transition from wildcard22 to wildcard178
[DEBUG] Dynamically added transition from wildcard1 to wildcard178
[DEBUG] Dynamically added transition from wildcard21 to wildcard178
[DEBUG] Dynamically added transition from wildcard0 to wildcard178
[DEBUG] Dynamically added transition from wildcard20 to wildcard178
[DEBUG] Dynamically added transition from wildcard3 to wildcard178
[DEBUG] Dynamically added transition from wildcard2 to wildcard178
[DEBUG] Dynamically added transition from wildcard5 to wildcard178
[DEBUG] Dynamically added transition from wildcard4 to wildcard178
[DEBUG] Dynamically added transition from wildcard7 to wildcard178
[DEBUG] Dynamically added transition from wildcard6 to wildcard178
[DEBUG] Dynamically added transition from wildcard9 to wildcard178
[DEBUG] Dynamically added transition from wildcard8 to wildcard178
[DEBUG] Dynamically added transition from wildcard143 to wildcard178
[DEBUG] Dynamically added transition from wildcard144 to wildcard178
[DEBUG] Dynamically added transition from wildcard141 to wildcard178
[DEBUG] Dynamically added transition from wildcard142 to wildcard178
[DEBUG] Dynamically added transition from wildcard140 to wildcard178
[DEBUG] Dynamically added transition from wildcard149 to wildcard178
[DEBUG] Dynamically added transition from wildcard147 to wildcard178
[DEBUG] Dynamically added transition from wildcard19 to wildcard178
[DEBUG] Dynamically added transition from wildcard148 to wildcard178
[DEBUG] Dynamically added transition from wildcard18 to wildcard178
[DEBUG] Dynamically added transition from wildcard145 to wildcard178
[DEBUG] Dynamically added transition from wildcard17 to wildcard178
[DEBUG] Dynamically added transition from wildcard146 to wildcard178
[DEBUG] Dynamically added transition from wildcard38 to wildcard178
[DEBUG] Dynamically added transition from wildcard37 to wildcard178
[DEBUG] Dynamically added transition from wildcard36 to wildcard178
[DEBUG] Dynamically added transition from wildcard35 to wildcard178
[DEBUG] Dynamically added transition from wildcard34 to wildcard178
[DEBUG] Dynamically added transition from wildcard33 to wildcard178
[DEBUG] Dynamically added transition from wildcard32 to wildcard178
[DEBUG] Dynamically added transition from wildcard31 to wildcard178
[DEBUG] Dynamically added transition from wildcard30 to wildcard178
[DEBUG] Dynamically added transition from wildcard154 to wildcard178
[DEBUG] Dynamically added transition from wildcard155 to wildcard178
[DEBUG] Dynamically added transition from wildcard152 to wildcard178
[DEBUG] Dynamically added transition from wildcard153 to wildcard178
[DEBUG] Dynamically added transition from wildcard150 to wildcard178
[DEBUG] Dynamically added transition from wildcard151 to wildcard178
[DEBUG] Dynamically added transition from wildcard158 to wildcard178
[DEBUG] Dynamically added transition from wildcard159 to wildcard178
[DEBUG] Dynamically added transition from wildcard29 to wildcard178
[DEBUG] Dynamically added transition from wildcard156 to wildcard178
[DEBUG] Dynamically added transition from wildcard28 to wildcard178
[DEBUG] Dynamically added transition from wildcard157 to wildcard178
[DEBUG] Dynamically added transition from wildcard49 to wildcard178
[DEBUG] Dynamically added transition from wildcard48 to wildcard178
[DEBUG] Dynamically added transition from wildcard47 to wildcard178
[DEBUG] Dynamically added transition from wildcard46 to wildcard178
[DEBUG] Dynamically added transition from wildcard45 to wildcard178
[DEBUG] Dynamically added transition from wildcard44 to wildcard178
[DEBUG] Dynamically added transition from wildcard43 to wildcard178
[DEBUG] Dynamically added transition from wildcard42 to wildcard178
[DEBUG] Dynamically added transition from wildcard41 to wildcard178
[DEBUG] Dynamically added transition from wildcard40 to wildcard178
[DEBUG] Dynamically added transition from wildcard121 to wildcard178
[DEBUG] Dynamically added transition from wildcard122 to wildcard178
[DEBUG] Dynamically added transition from wildcard120 to wildcard178
[DEBUG] Dynamically added transition from wildcard129 to wildcard178
[DEBUG] Dynamically added transition from wildcard127 to wildcard178
[DEBUG] Dynamically added transition from wildcard128 to wildcard178
[DEBUG] Dynamically added transition from wildcard125 to wildcard178
[DEBUG] Dynamically added transition from wildcard126 to wildcard178
[DEBUG] Dynamically added transition from wildcard123 to wildcard178
[DEBUG] Dynamically added transition from wildcard39 to wildcard178
[DEBUG] Dynamically added transition from wildcard124 to wildcard178
[DEBUG] Dynamically added transition from wildcard59 to wildcard178
[DEBUG] Dynamically added transition from wildcard58 to wildcard178
[DEBUG] Dynamically added transition from middle to wildcard178
[DEBUG] Dynamically added transition from wildcard57 to wildcard178
[DEBUG] Dynamically added transition from wildcard56 to wildcard178
[DEBUG] Dynamically added transition from wildcard55 to wildcard178
[DEBUG] Dynamically added transition from wildcard54 to wildcard178
[DEBUG] Dynamically added transition from wildcard53 to wildcard178
[DEBUG] Dynamically added transition from wildcard52 to wildcard178
[DEBUG] Dynamically added transition from wildcard51 to wildcard178
[DEBUG] Dynamically added transition from wildcard50 to wildcard178
[DEBUG] Dynamically added transition from wildcard132 to wildcard178
[DEBUG] Dynamically added transition from wildcard133 to wildcard178
[DEBUG] Dynamically added transition from wildcard130 to wildcard178
[DEBUG] Dynamically added transition from wildcard131 to wildcard178
[DEBUG] Dynamically added transition from wildcard138 to wildcard178
[DEBUG] Dynamically added transition from wildcard139 to wildcard178
[DEBUG] Dynamically added transition from wildcard136 to wildcard178
[DEBUG] Dynamically added transition from wildcard137 to wildcard178
[DEBUG] Dynamically added transition from wildcard134 to wildcard178
[DEBUG] Dynamically added transition from wildcard135 to wildcard178
[DEBUG] Dynamically added transition from wildcard69 to wildcard178
[DEBUG] Dynamically added transition from wildcard68 to wildcard178
[DEBUG] Dynamically added transition from wildcard67 to wildcard178
[DEBUG] Dynamically added transition from wildcard66 to wildcard178
[DEBUG] Dynamically added transition from wildcard65 to wildcard178
[DEBUG] Dynamically added transition from wildcard64 to wildcard178
[DEBUG] Dynamically added transition from wildcard63 to wildcard178
[DEBUG] Dynamically added transition from wildcard62 to wildcard178
[DEBUG] Dynamically added transition from wildcard61 to wildcard178
[DEBUG] Dynamically added transition from wildcard60 to wildcard178
[DEBUG] Dynamically added transition from wildcard100 to wildcard178
[DEBUG] Dynamically added transition from wildcard107 to wildcard178
[DEBUG] Dynamically added transition from wildcard108 to wildcard178
[DEBUG] Dynamically added transition from wildcard105 to wildcard178
[DEBUG] Dynamically added transition from wildcard106 to wildcard178
[DEBUG] Dynamically added transition from wildcard103 to wildcard178
[DEBUG] Dynamically added transition from wildcard104 to wildcard178
[DEBUG] Dynamically added transition from wildcard101 to wildcard178
[DEBUG] Dynamically added transition from wildcard102 to wildcard178
[DEBUG] Dynamically added transition from wildcard79 to wildcard178
[DEBUG] Dynamically added transition from wildcard78 to wildcard178
[DEBUG] Dynamically added transition from wildcard77 to wildcard178
[DEBUG] Dynamically added transition from wildcard76 to wildcard178
[DEBUG] Dynamically added transition from wildcard109 to wildcard178
[DEBUG] Dynamically added transition from wildcard75 to wildcard178
[DEBUG] Dynamically added transition from wildcard74 to wildcard178
[DEBUG] Dynamically added transition from wildcard73 to wildcard178
[DEBUG] Dynamically added transition from wildcard72 to wildcard178
[DEBUG] Dynamically added transition from wildcard71 to wildcard178
[DEBUG] Dynamically added transition from wildcard70 to wildcard178
[DEBUG] Dynamically added transition from wildcard110 to wildcard178
[DEBUG] Dynamically added transition from wildcard111 to wildcard178
[DEBUG] Dynamically added transition from wildcard118 to wildcard178
[DEBUG] Dynamically added transition from wildcard119 to wildcard178
[DEBUG] Dynamically added transition from wildcard116 to wildcard178
[DEBUG] Dynamically added transition from wildcard117 to wildcard178
[DEBUG] Dynamically added transition from wildcard114 to wildcard178
[DEBUG] Dynamically added transition from wildcard115 to wildcard178
[DEBUG] Dynamically added transition from wildcard112 to wildcard178
[DEBUG] Dynamically added transition from wildcard113 to wildcard178
[DEBUG] Dynamically added transition from wildcard89 to wildcard178
[DEBUG] Dynamically added transition from wildcard88 to wildcard178
[DEBUG] Dynamically added transition from wildcard87 to wildcard178
[DEBUG] Dynamically added transition from wildcard86 to wildcard178
[DEBUG] Dynamically added transition from wildcard85 to wildcard178
[DEBUG] Dynamically added transition from wildcard84 to wildcard178
[DEBUG] Dynamically added transition from wildcard83 to wildcard178
[DEBUG] Dynamically added transition from wildcard82 to wildcard178
[DEBUG] Dynamically added transition from wildcard81 to wildcard178
[DEBUG] Dynamically added transition from wildcard80 to wildcard178
[DEBUG] Dynamically added transition from wildcard165 to wildcard178
[DEBUG] Dynamically added transition from wildcard166 to wildcard178
[DEBUG] Dynamically added transition from wildcard163 to wildcard178
[DEBUG] Dynamically added transition from wildcard164 to wildcard178
[DEBUG] Dynamically added transition from wildcard161 to wildcard178
[DEBUG] Dynamically added transition from wildcard162 to wildcard178
[DEBUG] Dynamically added transition from wildcard160 to wildcard178
[DEBUG] Dynamically added transition from wildcard169 to wildcard178
[DEBUG] Dynamically added transition from wildcard167 to wildcard178
[DEBUG] Dynamically added transition from wildcard168 to wildcard178
[DEBUG] Dynamically added transition from wildcard16 to wildcard178
[DEBUG] Dynamically added transition from wildcard15 to wildcard178
[DEBUG] Dynamically added transition from wildcard14 to wildcard178
[DEBUG] Dynamically added transition from wildcard13 to wildcard178
[DEBUG] Dynamically added transition from wildcard12 to wildcard178
[DEBUG] Dynamically added transition from wildcard11 to wildcard178
[DEBUG] Dynamically added transition from wildcard99 to wildcard178
[DEBUG] Dynamically added transition from wildcard10 to wildcard178
[DEBUG] Dynamically added transition from wildcard98 to wildcard178
[DEBUG] Dynamically added transition from wildcard97 to wildcard178
[DEBUG] Dynamically added transition from start to wildcard178
[DEBUG] Dynamically added transition from wildcard96 to wildcard178
[DEBUG] Dynamically added transition from wildcard95 to wildcard178
[DEBUG] Dynamically added transition from wildcard94 to wildcard178
[DEBUG] Dynamically added transition from wildcard93 to wildcard178
[DEBUG] Dynamically added transition from wildcard92 to wildcard178
[DEBUG] Dynamically added transition from wildcard91 to wildcard178
[DEBUG] Dynamically added transition from wildcard90 to wildcard178
[DEBUG] Dynamically added transition from wildcard176 to wildcard178
[DEBUG] Dynamically added transition from wildcard174 to wildcard178
[DEBUG] Dynamically added transition from wildcard175 to wildcard178
[DEBUG] Dynamically added transition from wildcard172 to wildcard178
[DEBUG] Dynamically added transition from wildcard173 to wildcard178
[DEBUG] Dynamically added transition from wildcard170 to wildcard178
[DEBUG] Dynamically added transition from wildcard171 to wildcard178
[DEBUG] Dynamically added transition from wildcard178 to wildcard27
[DEBUG] Dynamically added transition from wildcard178 to wildcard26
[DEBUG] Dynamically added transition from wildcard178 to wildcard25
[DEBUG] Dynamically added transition from wildcard178 to wildcard24
[DEBUG] Dynamically added transition from wildcard178 to wildcard23
[DEBUG] Dynamically added transition from wildcard178 to wildcard22
[DEBUG] Dynamically added transition from wildcard178 to wildcard1
[DEBUG] Dynamically added transition from wildcard178 to wildcard21
[DEBUG] Dynamically added transition from wildcard178 to wildcard0
[DEBUG] Dynamically added transition from wildcard178 to wildcard20
[DEBUG] Dynamically added transition from wildcard178 to wildcard3
[DEBUG] Dynamically added transition from wildcard178 to wildcard2
[DEBUG] Dynamically added transition from wildcard178 to wildcard5
[DEBUG] Dynamically added transition from wildcard178 to wildcard4
[DEBUG] Dynamically added transition from wildcard178 to wildcard7
[DEBUG] Dynamically added transition from wildcard178 to wildcard6
[DEBUG] Dynamically added transition from wildcard178 to wildcard9
[DEBUG] Dynamically added transition from wildcard178 to wildcard8
[DEBUG] Dynamically added transition from wildcard178 to wildcard143
[DEBUG] Dynamically added transition from wildcard178 to wildcard144
[DEBUG] Dynamically added transition from wildcard178 to wildcard141
[DEBUG] Dynamically added transition from wildcard178 to wildcard142
[DEBUG] Dynamically added transition from wildcard178 to wildcard140
[DEBUG] Dynamically added transition from wildcard178 to wildcard149
[DEBUG] Dynamically added transition from wildcard178 to wildcard147
[DEBUG] Dynamically added transition from wildcard178 to wildcard19
[DEBUG] Dynamically added transition from wildcard178 to wildcard148
[DEBUG] Dynamically added transition from wildcard178 to wildcard18
[DEBUG] Dynamically added transition from wildcard178 to wildcard145
[DEBUG] Dynamically added transition from wildcard178 to wildcard17
[DEBUG] Dynamically added transition from wildcard178 to wildcard146
[DEBUG] Dynamically added transition from wildcard178 to wildcard38
[DEBUG] Dynamically added transition from wildcard178 to wildcard37
[DEBUG] Dynamically added transition from wildcard178 to wildcard36
[DEBUG] Dynamically added transition from wildcard178 to wildcard35
[DEBUG] Dynamically added transition from wildcard178 to wildcard34
[DEBUG] Dynamically added transition from wildcard178 to wildcard33
[DEBUG] Dynamically added transition from wildcard178 to wildcard32
[DEBUG] Dynamically added transition from wildcard178 to wildcard31
[DEBUG] Dynamically added transition from wildcard178 to wildcard30
[DEBUG] Dynamically added transition from wildcard178 to wildcard154
[DEBUG] Dynamically added transition from wildcard178 to wildcard155
[DEBUG] Dynamically added transition from wildcard178 to wildcard152
[DEBUG] Dynamically added transition from wildcard178 to wildcard153
[DEBUG] Dynamically added transition from wildcard178 to wildcard150
[DEBUG] Dynamically added transition from wildcard178 to wildcard151
[DEBUG] Dynamically added transition from wildcard178 to wildcard158
[DEBUG] Dynamically added transition from wildcard178 to wildcard159
[DEBUG] Dynamically added transition from wildcard178 to wildcard29
[DEBUG] Dynamically added transition from wildcard178 to wildcard156
[DEBUG] Dynamically added transition from wildcard178 to wildcard28
[DEBUG] Dynamically added transition from wildcard178 to wildcard157
[DEBUG] Dynamically added transition from wildcard178 to wildcard49
[DEBUG] Dynamically added transition from wildcard178 to wildcard48
[DEBUG] Dynamically added transition from wildcard178 to wildcard47
[DEBUG] Dynamically added transition from wildcard178 to wildcard46
[DEBUG] Dynamically added transition from wildcard178 to wildcard45
[DEBUG] Dynamically added transition from wildcard178 to wildcard44
[DEBUG] Dynamically added transition from wildcard178 to wildcard43
[DEBUG] Dynamically added transition from wildcard178 to wildcard42
[DEBUG] Dynamically added transition from wildcard178 to wildcard41
[DEBUG] Dynamically added transition from wildcard178 to wildcard40
[DEBUG] Dynamically added transition from wildcard178 to wildcard121
[DEBUG] Dynamically added transition from wildcard178 to wildcard122
[DEBUG] Dynamically added transition from wildcard178 to wildcard120
[DEBUG] Dynamically added transition from wildcard178 to wildcard129
[DEBUG] Dynamically added transition from wildcard178 to wildcard127
[DEBUG] Dynamically added transition from wildcard178 to wildcard128
[DEBUG] Dynamically added transition from wildcard178 to wildcard125
[DEBUG] Dynamically added transition from wildcard178 to wildcard126
[DEBUG] Dynamically added transition from wildcard178 to wildcard123
[DEBUG] Dynamically added transition from wildcard178 to wildcard39
[DEBUG] Dynamically added transition from wildcard178 to wildcard124
[DEBUG] Dynamically added transition from wildcard178 to wildcard59
[DEBUG] Dynamically added transition from wildcard178 to wildcard58
[DEBUG] Dynamically added transition from wildcard178 to middle
[DEBUG] Dynamically added transition from wildcard178 to wildcard57
[DEBUG] Dynamically added transition from wildcard178 to wildcard56
[DEBUG] Dynamically added transition from wildcard178 to wildcard55
[DEBUG] Dynamically added transition from wildcard178 to wildcard54
[DEBUG] Dynamically added transition from wildcard178 to wildcard53
[DEBUG] Dynamically added transition from wildcard178 to wildcard52
[DEBUG] Dynamically added transition from wildcard178 to wildcard51
[DEBUG] Dynamically added transition from wildcard178 to wildcard50
[DEBUG] Dynamically added transition from wildcard178 to wildcard132
[DEBUG] Dynamically added transition from wildcard178 to wildcard133
[DEBUG] Dynamically added transition from wildcard178 to wildcard130
[DEBUG] Dynamically added transition from wildcard178 to wildcard131
[DEBUG] Dynamically added transition from wildcard178 to wildcard138
[DEBUG] Dynamically added transition from wildcard178 to wildcard139
[DEBUG] Dynamically added transition from wildcard178 to wildcard136
[DEBUG] Dynamically added transition from wildcard178 to wildcard137
[DEBUG] Dynamically added transition from wildcard178 to wildcard134
[DEBUG] Dynamically added transition from wildcard178 to wildcard135
[DEBUG] Dynamically added transition from wildcard178 to wildcard69
[DEBUG] Dynamically added transition from wildcard178 to wildcard68
[DEBUG] Dynamically added transition from wildcard178 to wildcard67
[DEBUG] Dynamically added transition from wildcard178 to wildcard66
[DEBUG] Dynamically added transition from wildcard178 to wildcard65
[DEBUG] Dynamically added transition from wildcard178 to wildcard64
[DEBUG] Dynamically added transition from wildcard178 to wildcard63
[DEBUG] Dynamically added transition from wildcard178 to wildcard62
[DEBUG] Dynamically added transition from wildcard178 to wildcard61
[DEBUG] Dynamically added transition from wildcard178 to wildcard60
[DEBUG] Dynamically added transition from wildcard178 to wildcard100
[DEBUG] Dynamically added transition from wildcard178 to wildcard107
[DEBUG] Dynamically added transition from wildcard178 to wildcard108
[DEBUG] Dynamically added transition from wildcard178 to wildcard105
[DEBUG] Dynamically added transition from wildcard178 to wildcard106
[DEBUG] Dynamically added transition from wildcard178 to wildcard103
[DEBUG] Dynamically added transition from wildcard178 to wildcard104
[DEBUG] Dynamically added transition from wildcard178 to wildcard101
[DEBUG] Dynamically added transition from wildcard178 to wildcard102
[DEBUG] Dynamically added transition from wildcard178 to wildcard79
[DEBUG] Dynamically added transition from wildcard178 to wildcard78
[DEBUG] Dynamically added transition from wildcard178 to wildcard77
[DEBUG] Dynamically added transition from wildcard178 to wildcard76
[DEBUG] Dynamically added transition from wildcard178 to wildcard109
[DEBUG] Dynamically added transition from wildcard178 to wildcard75
[DEBUG] Dynamically added transition from wildcard178 to wildcard74
[DEBUG] Dynamically added transition from wildcard178 to wildcard73
[DEBUG] Dynamically added transition from wildcard178 to wildcard72
[DEBUG] Dynamically added transition from wildcard178 to wildcard71
[DEBUG] Dynamically added transition from wildcard178 to wildcard70
[DEBUG] Dynamically added transition from wildcard178 to wildcard110
[DEBUG] Dynamically added transition from wildcard178 to wildcard111
[DEBUG] Dynamically added transition from wildcard178 to wildcard118
[DEBUG] Dynamically added transition from wildcard178 to wildcard119
[DEBUG] Dynamically added transition from wildcard178 to wildcard116
[DEBUG] Dynamically added transition from wildcard178 to wildcard117
[DEBUG] Dynamically added transition from wildcard178 to .*
[DEBUG] Dynamically added transition from wildcard178 to wildcard114
[DEBUG] Dynamically added transition from wildcard178 to wildcard115
[DEBUG] Dynamically added transition from wildcard178 to wildcard112
[DEBUG] Dynamically added transition from wildcard178 to wildcard113
[DEBUG] Dynamically added transition from wildcard178 to wildcard89
[DEBUG] Dynamically added transition from wildcard178 to wildcard88
[DEBUG] Dynamically added transition from wildcard178 to wildcard87
[DEBUG] Dynamically added transition from wildcard178 to wildcard86
[DEBUG] Dynamically added transition from wildcard178 to INITIAL
[DEBUG] Dynamically added transition from wildcard178 to wildcard85
[DEBUG] Dynamically added transition from wildcard178 to wildcard84
[DEBUG] Dynamically added transition from wildcard178 to wildcard83
[DEBUG] Dynamically added transition from wildcard178 to wildcard82
[DEBUG] Dynamically added transition from wildcard178 to wildcard81
[DEBUG] Dynamically added transition from wildcard178 to wildcard80
[DEBUG] Dynamically added transition from wildcard178 to wildcard165
[DEBUG] Dynamically added transition from wildcard178 to wildcard166
[DEBUG] Dynamically added transition from wildcard178 to wildcard163
[DEBUG] Dynamically added transition from wildcard178 to wildcard164
[DEBUG] Dynamically added transition from wildcard178 to wildcard161
[DEBUG] Dynamically added transition from wildcard178 to wildcard162
[DEBUG] Dynamically added transition from wildcard178 to wildcard160
[DEBUG] Dynamically added transition from wildcard178 to end
[DEBUG] Dynamically added transition from wildcard178 to wildcard169
[DEBUG] Dynamically added transition from wildcard178 to wildcard167
[DEBUG] Dynamically added transition from wildcard178 to wildcard168
[DEBUG] Dynamically added transition from wildcard178 to wildcard16
[DEBUG] Dynamically added transition from wildcard178 to wildcard15
[DEBUG] Dynamically added transition from wildcard178 to wildcard14
[DEBUG] Dynamically added transition from wildcard178 to wildcard13
[DEBUG] Dynamically added transition from wildcard178 to wildcard12
[DEBUG] Dynamically added transition from wildcard178 to wildcard11
[DEBUG] Dynamically added transition from wildcard178 to wildcard99
[DEBUG] Dynamically added transition from wildcard178 to wildcard10
[DEBUG] Dynamically added transition from wildcard178 to wildcard98
[DEBUG] Dynamically added transition from wildcard178 to wildcard97
[DEBUG] Dynamically added transition from wildcard178 to start
[DEBUG] Dynamically added transition from wildcard178 to wildcard96
[DEBUG] Dynamically added transition from wildcard178 to wildcard95
[DEBUG] Dynamically added transition from wildcard178 to wildcard94
[DEBUG] Dynamically added transition from wildcard178 to wildcard93
[DEBUG] Dynamically added transition from wildcard178 to wildcard92
[DEBUG] Dynamically added transition from wildcard178 to wildcard91
[DEBUG] Dynamically added transition from wildcard178 to wildcard90
[DEBUG] Dynamically added transition from wildcard178 to wildcard176
[DEBUG] Dynamically added transition from wildcard178 to wildcard177
[DEBUG] Dynamically added transition from wildcard178 to wildcard174
[DEBUG] Dynamically added transition from wildcard178 to wildcard175
[DEBUG] Dynamically added transition from wildcard178 to wildcard172
[DEBUG] Dynamically added transition from wildcard178 to wildcard173
[DEBUG] Dynamically added transition from wildcard178 to wildcard170
[DEBUG] Dynamically added transition from wildcard178 to wildcard171
[DEBUG] Dynamically added transition from wildcard178 to wildcard178
[INFO] Wildcard transition valid to state: wildcard178
[INFO] Wildcard transition detected from wildcard178 to wildcard179
[DEBUG] Created intermediate state for wildcard transition: wildcard179
[DEBUG] Dynamically added transition from wildcard178 to wildcard179
[DEBUG] Dynamically added transition from wildcard27 to wildcard179
[DEBUG] Dynamically added transition from wildcard26 to wildcard179
[DEBUG] Dynamically added transition from wildcard25 to wildcard179
[DEBUG] Dynamically added transition from wildcard24 to wildcard179
[DEBUG] Dynamically added transition from wildcard23 to wildcard179
[DEBUG] Dynamically added transition from wildcard22 to wildcard179
[DEBUG] Dynamically added transition from wildcard1 to wildcard179
[DEBUG] Dynamically added transition from wildcard21 to wildcard179
[DEBUG] Dynamically added transition from wildcard0 to wildcard179
[DEBUG] Dynamically added transition from wildcard20 to wildcard179
[DEBUG] Dynamically added transition from wildcard3 to wildcard179
[DEBUG] Dynamically added transition from wildcard2 to wildcard179
[DEBUG] Dynamically added transition from wildcard5 to wildcard179
[DEBUG] Dynamically added transition from wildcard4 to wildcard179
[DEBUG] Dynamically added transition from wildcard7 to wildcard179
[DEBUG] Dynamically added transition from wildcard6 to wildcard179
[DEBUG] Dynamically added transition from wildcard9 to wildcard179
[DEBUG] Dynamically added transition from wildcard8 to wildcard179
[DEBUG] Dynamically added transition from wildcard143 to wildcard179
[DEBUG] Dynamically added transition from wildcard144 to wildcard179
[DEBUG] Dynamically added transition from wildcard141 to wildcard179
[DEBUG] Dynamically added transition from wildcard142 to wildcard179
[DEBUG] Dynamically added transition from wildcard140 to wildcard179
[DEBUG] Dynamically added transition from wildcard149 to wildcard179
[DEBUG] Dynamically added transition from wildcard147 to wildcard179
[DEBUG] Dynamically added transition from wildcard19 to wildcard179
[DEBUG] Dynamically added transition from wildcard148 to wildcard179
[DEBUG] Dynamically added transition from wildcard18 to wildcard179
[DEBUG] Dynamically added transition from wildcard145 to wildcard179
[DEBUG] Dynamically added transition from wildcard17 to wildcard179
[DEBUG] Dynamically added transition from wildcard146 to wildcard179
[DEBUG] Dynamically added transition from wildcard38 to wildcard179
[DEBUG] Dynamically added transition from wildcard37 to wildcard179
[DEBUG] Dynamically added transition from wildcard36 to wildcard179
[DEBUG] Dynamically added transition from wildcard35 to wildcard179
[DEBUG] Dynamically added transition from wildcard34 to wildcard179
[DEBUG] Dynamically added transition from wildcard33 to wildcard179
[DEBUG] Dynamically added transition from wildcard32 to wildcard179
[DEBUG] Dynamically added transition from wildcard31 to wildcard179
[DEBUG] Dynamically added transition from wildcard30 to wildcard179
[DEBUG] Dynamically added transition from wildcard154 to wildcard179
[DEBUG] Dynamically added transition from wildcard155 to wildcard179
[DEBUG] Dynamically added transition from wildcard152 to wildcard179
[DEBUG] Dynamically added transition from wildcard153 to wildcard179
[DEBUG] Dynamically added transition from wildcard150 to wildcard179
[DEBUG] Dynamically added transition from wildcard151 to wildcard179
[DEBUG] Dynamically added transition from wildcard158 to wildcard179
[DEBUG] Dynamically added transition from wildcard159 to wildcard179
[DEBUG] Dynamically added transition from wildcard29 to wildcard179
[DEBUG] Dynamically added transition from wildcard156 to wildcard179
[DEBUG] Dynamically added transition from wildcard28 to wildcard179
[DEBUG] Dynamically added transition from wildcard157 to wildcard179
[DEBUG] Dynamically added transition from wildcard49 to wildcard179
[DEBUG] Dynamically added transition from wildcard48 to wildcard179
[DEBUG] Dynamically added transition from wildcard47 to wildcard179
[DEBUG] Dynamically added transition from wildcard46 to wildcard179
[DEBUG] Dynamically added transition from wildcard45 to wildcard179
[DEBUG] Dynamically added transition from wildcard44 to wildcard179
[DEBUG] Dynamically added transition from wildcard43 to wildcard179
[DEBUG] Dynamically added transition from wildcard42 to wildcard179
[DEBUG] Dynamically added transition from wildcard41 to wildcard179
[DEBUG] Dynamically added transition from wildcard40 to wildcard179
[DEBUG] Dynamically added transition from wildcard121 to wildcard179
[DEBUG] Dynamically added transition from wildcard122 to wildcard179
[DEBUG] Dynamically added transition from wildcard120 to wildcard179
[DEBUG] Dynamically added transition from wildcard129 to wildcard179
[DEBUG] Dynamically added transition from wildcard127 to wildcard179
[DEBUG] Dynamically added transition from wildcard128 to wildcard179
[DEBUG] Dynamically added transition from wildcard125 to wildcard179
[DEBUG] Dynamically added transition from wildcard126 to wildcard179
[DEBUG] Dynamically added transition from wildcard123 to wildcard179
[DEBUG] Dynamically added transition from wildcard39 to wildcard179
[DEBUG] Dynamically added transition from wildcard124 to wildcard179
[DEBUG] Dynamically added transition from wildcard59 to wildcard179
[DEBUG] Dynamically added transition from wildcard58 to wildcard179
[DEBUG] Dynamically added transition from middle to wildcard179
[DEBUG] Dynamically added transition from wildcard57 to wildcard179
[DEBUG] Dynamically added transition from wildcard56 to wildcard179
[DEBUG] Dynamically added transition from wildcard55 to wildcard179
[DEBUG] Dynamically added transition from wildcard54 to wildcard179
[DEBUG] Dynamically added transition from wildcard53 to wildcard179
[DEBUG] Dynamically added transition from wildcard52 to wildcard179
[DEBUG] Dynamically added transition from wildcard51 to wildcard179
[DEBUG] Dynamically added transition from wildcard50 to wildcard179
[DEBUG] Dynamically added transition from wildcard132 to wildcard179
[DEBUG] Dynamically added transition from wildcard133 to wildcard179
[DEBUG] Dynamically added transition from wildcard130 to wildcard179
[DEBUG] Dynamically added transition from wildcard131 to wildcard179
[DEBUG] Dynamically added transition from wildcard138 to wildcard179
[DEBUG] Dynamically added transition from wildcard139 to wildcard179
[DEBUG] Dynamically added transition from wildcard136 to wildcard179
[DEBUG] Dynamically added transition from wildcard137 to wildcard179
[DEBUG] Dynamically added transition from wildcard134 to wildcard179
[DEBUG] Dynamically added transition from wildcard135 to wildcard179
[DEBUG] Dynamically added transition from wildcard69 to wildcard179
[DEBUG] Dynamically added transition from wildcard68 to wildcard179
[DEBUG] Dynamically added transition from wildcard67 to wildcard179
[DEBUG] Dynamically added transition from wildcard66 to wildcard179
[DEBUG] Dynamically added transition from wildcard65 to wildcard179
[DEBUG] Dynamically added transition from wildcard64 to wildcard179
[DEBUG] Dynamically added transition from wildcard63 to wildcard179
[DEBUG] Dynamically added transition from wildcard62 to wildcard179
[DEBUG] Dynamically added transition from wildcard61 to wildcard179
[DEBUG] Dynamically added transition from wildcard60 to wildcard179
[DEBUG] Dynamically added transition from wildcard100 to wildcard179
[DEBUG] Dynamically added transition from wildcard107 to wildcard179
[DEBUG] Dynamically added transition from wildcard108 to wildcard179
[DEBUG] Dynamically added transition from wildcard105 to wildcard179
[DEBUG] Dynamically added transition from wildcard106 to wildcard179
[DEBUG] Dynamically added transition from wildcard103 to wildcard179
[DEBUG] Dynamically added transition from wildcard104 to wildcard179
[DEBUG] Dynamically added transition from wildcard101 to wildcard179
[DEBUG] Dynamically added transition from wildcard102 to wildcard179
[DEBUG] Dynamically added transition from wildcard79 to wildcard179
[DEBUG] Dynamically added transition from wildcard78 to wildcard179
[DEBUG] Dynamically added transition from wildcard77 to wildcard179
[DEBUG] Dynamically added transition from wildcard76 to wildcard179
[DEBUG] Dynamically added transition from wildcard109 to wildcard179
[DEBUG] Dynamically added transition from wildcard75 to wildcard179
[DEBUG] Dynamically added transition from wildcard74 to wildcard179
[DEBUG] Dynamically added transition from wildcard73 to wildcard179
[DEBUG] Dynamically added transition from wildcard72 to wildcard179
[DEBUG] Dynamically added transition from wildcard71 to wildcard179
[DEBUG] Dynamically added transition from wildcard70 to wildcard179
[DEBUG] Dynamically added transition from wildcard110 to wildcard179
[DEBUG] Dynamically added transition from wildcard111 to wildcard179
[DEBUG] Dynamically added transition from wildcard118 to wildcard179
[DEBUG] Dynamically added transition from wildcard119 to wildcard179
[DEBUG] Dynamically added transition from wildcard116 to wildcard179
[DEBUG] Dynamically added transition from wildcard117 to wildcard179
[DEBUG] Dynamically added transition from wildcard114 to wildcard179
[DEBUG] Dynamically added transition from wildcard115 to wildcard179
[DEBUG] Dynamically added transition from wildcard112 to wildcard179
[DEBUG] Dynamically added transition from wildcard113 to wildcard179
[DEBUG] Dynamically added transition from wildcard89 to wildcard179
[DEBUG] Dynamically added transition from wildcard88 to wildcard179
[DEBUG] Dynamically added transition from wildcard87 to wildcard179
[DEBUG] Dynamically added transition from wildcard86 to wildcard179
[DEBUG] Dynamically added transition from wildcard85 to wildcard179
[DEBUG] Dynamically added transition from wildcard84 to wildcard179
[DEBUG] Dynamically added transition from wildcard83 to wildcard179
[DEBUG] Dynamically added transition from wildcard82 to wildcard179
[DEBUG] Dynamically added transition from wildcard81 to wildcard179
[DEBUG] Dynamically added transition from wildcard80 to wildcard179
[DEBUG] Dynamically added transition from wildcard165 to wildcard179
[DEBUG] Dynamically added transition from wildcard166 to wildcard179
[DEBUG] Dynamically added transition from wildcard163 to wildcard179
[DEBUG] Dynamically added transition from wildcard164 to wildcard179
[DEBUG] Dynamically added transition from wildcard161 to wildcard179
[DEBUG] Dynamically added transition from wildcard162 to wildcard179
[DEBUG] Dynamically added transition from wildcard160 to wildcard179
[DEBUG] Dynamically added transition from wildcard169 to wildcard179
[DEBUG] Dynamically added transition from wildcard167 to wildcard179
[DEBUG] Dynamically added transition from wildcard168 to wildcard179
[DEBUG] Dynamically added transition from wildcard16 to wildcard179
[DEBUG] Dynamically added transition from wildcard15 to wildcard179
[DEBUG] Dynamically added transition from wildcard14 to wildcard179
[DEBUG] Dynamically added transition from wildcard13 to wildcard179
[DEBUG] Dynamically added transition from wildcard12 to wildcard179
[DEBUG] Dynamically added transition from wildcard11 to wildcard179
[DEBUG] Dynamically added transition from wildcard99 to wildcard179
[DEBUG] Dynamically added transition from wildcard10 to wildcard179
[DEBUG] Dynamically added transition from wildcard98 to wildcard179
[DEBUG] Dynamically added transition from wildcard97 to wildcard179
[DEBUG] Dynamically added transition from start to wildcard179
[DEBUG] Dynamically added transition from wildcard96 to wildcard179
[DEBUG] Dynamically added transition from wildcard95 to wildcard179
[DEBUG] Dynamically added transition from wildcard94 to wildcard179
[DEBUG] Dynamically added transition from wildcard93 to wildcard179
[DEBUG] Dynamically added transition from wildcard92 to wildcard179
[DEBUG] Dynamically added transition from wildcard91 to wildcard179
[DEBUG] Dynamically added transition from wildcard90 to wildcard179
[DEBUG] Dynamically added transition from wildcard176 to wildcard179
[DEBUG] Dynamically added transition from wildcard177 to wildcard179
[DEBUG] Dynamically added transition from wildcard174 to wildcard179
[DEBUG] Dynamically added transition from wildcard175 to wildcard179
[DEBUG] Dynamically added transition from wildcard172 to wildcard179
[DEBUG] Dynamically added transition from wildcard173 to wildcard179
[DEBUG] Dynamically added transition from wildcard170 to wildcard179
[DEBUG] Dynamically added transition from wildcard171 to wildcard179
[DEBUG] Dynamically added transition from wildcard179 to wildcard27
[DEBUG] Dynamically added transition from wildcard179 to wildcard26
[DEBUG] Dynamically added transition from wildcard179 to wildcard25
[DEBUG] Dynamically added transition from wildcard179 to wildcard24
[DEBUG] Dynamically added transition from wildcard179 to wildcard23
[DEBUG] Dynamically added transition from wildcard179 to wildcard22
[DEBUG] Dynamically added transition from wildcard179 to wildcard1
[DEBUG] Dynamically added transition from wildcard179 to wildcard21
[DEBUG] Dynamically added transition from wildcard179 to wildcard0
[DEBUG] Dynamically added transition from wildcard179 to wildcard20
[DEBUG] Dynamically added transition from wildcard179 to wildcard3
[DEBUG] Dynamically added transition from wildcard179 to wildcard2
[DEBUG] Dynamically added transition from wildcard179 to wildcard5
[DEBUG] Dynamically added transition from wildcard179 to wildcard4
[DEBUG] Dynamically added transition from wildcard179 to wildcard7
[DEBUG] Dynamically added transition from wildcard179 to wildcard6
[DEBUG] Dynamically added transition from wildcard179 to wildcard9
[DEBUG] Dynamically added transition from wildcard179 to wildcard8
[DEBUG] Dynamically added transition from wildcard179 to wildcard143
[DEBUG] Dynamically added transition from wildcard179 to wildcard144
[DEBUG] Dynamically added transition from wildcard179 to wildcard141
[DEBUG] Dynamically added transition from wildcard179 to wildcard142
[DEBUG] Dynamically added transition from wildcard179 to wildcard140
[DEBUG] Dynamically added transition from wildcard179 to wildcard149
[DEBUG] Dynamically added transition from wildcard179 to wildcard147
[DEBUG] Dynamically added transition from wildcard179 to wildcard19
[DEBUG] Dynamically added transition from wildcard179 to wildcard148
[DEBUG] Dynamically added transition from wildcard179 to wildcard18
[DEBUG] Dynamically added transition from wildcard179 to wildcard145
[DEBUG] Dynamically added transition from wildcard179 to wildcard17
[DEBUG] Dynamically added transition from wildcard179 to wildcard146
[DEBUG] Dynamically added transition from wildcard179 to wildcard38
[DEBUG] Dynamically added transition from wildcard179 to wildcard37
[DEBUG] Dynamically added transition from wildcard179 to wildcard36
[DEBUG] Dynamically added transition from wildcard179 to wildcard35
[DEBUG] Dynamically added transition from wildcard179 to wildcard34
[DEBUG] Dynamically added transition from wildcard179 to wildcard33
[DEBUG] Dynamically added transition from wildcard179 to wildcard32
[DEBUG] Dynamically added transition from wildcard179 to wildcard31
[DEBUG] Dynamically added transition from wildcard179 to wildcard30
[DEBUG] Dynamically added transition from wildcard179 to wildcard154
[DEBUG] Dynamically added transition from wildcard179 to wildcard155
[DEBUG] Dynamically added transition from wildcard179 to wildcard152
[DEBUG] Dynamically added transition from wildcard179 to wildcard153
[DEBUG] Dynamically added transition from wildcard179 to wildcard150
[DEBUG] Dynamically added transition from wildcard179 to wildcard151
[DEBUG] Dynamically added transition from wildcard179 to wildcard158
[DEBUG] Dynamically added transition from wildcard179 to wildcard159
[DEBUG] Dynamically added transition from wildcard179 to wildcard29
[DEBUG] Dynamically added transition from wildcard179 to wildcard156
[DEBUG] Dynamically added transition from wildcard179 to wildcard28
[DEBUG] Dynamically added transition from wildcard179 to wildcard157
[DEBUG] Dynamically added transition from wildcard179 to wildcard49
[DEBUG] Dynamically added transition from wildcard179 to wildcard48
[DEBUG] Dynamically added transition from wildcard179 to wildcard47
[DEBUG] Dynamically added transition from wildcard179 to wildcard46
[DEBUG] Dynamically added transition from wildcard179 to wildcard45
[DEBUG] Dynamically added transition from wildcard179 to wildcard44
[DEBUG] Dynamically added transition from wildcard179 to wildcard43
[DEBUG] Dynamically added transition from wildcard179 to wildcard42
[DEBUG] Dynamically added transition from wildcard179 to wildcard41
[DEBUG] Dynamically added transition from wildcard179 to wildcard40
[DEBUG] Dynamically added transition from wildcard179 to wildcard121
[DEBUG] Dynamically added transition from wildcard179 to wildcard122
[DEBUG] Dynamically added transition from wildcard179 to wildcard120
[DEBUG] Dynamically added transition from wildcard179 to wildcard129
[DEBUG] Dynamically added transition from wildcard179 to wildcard127
[DEBUG] Dynamically added transition from wildcard179 to wildcard128
[DEBUG] Dynamically added transition from wildcard179 to wildcard125
[DEBUG] Dynamically added transition from wildcard179 to wildcard126
[DEBUG] Dynamically added transition from wildcard179 to wildcard123
[DEBUG] Dynamically added transition from wildcard179 to wildcard39
[DEBUG] Dynamically added transition from wildcard179 to wildcard124
[DEBUG] Dynamically added transition from wildcard179 to wildcard59
[DEBUG] Dynamically added transition from wildcard179 to wildcard58
[DEBUG] Dynamically added transition from wildcard179 to middle
[DEBUG] Dynamically added transition from wildcard179 to wildcard57
[DEBUG] Dynamically added transition from wildcard179 to wildcard56
[DEBUG] Dynamically added transition from wildcard179 to wildcard55
[DEBUG] Dynamically added transition from wildcard179 to wildcard54
[DEBUG] Dynamically added transition from wildcard179 to wildcard53
[DEBUG] Dynamically added transition from wildcard179 to wildcard52
[DEBUG] Dynamically added transition from wildcard179 to wildcard51
[DEBUG] Dynamically added transition from wildcard179 to wildcard50
[DEBUG] Dynamically added transition from wildcard179 to wildcard132
[DEBUG] Dynamically added transition from wildcard179 to wildcard133
[DEBUG] Dynamically added transition from wildcard179 to wildcard130
[DEBUG] Dynamically added transition from wildcard179 to wildcard131
[DEBUG] Dynamically added transition from wildcard179 to wildcard138
[DEBUG] Dynamically added transition from wildcard179 to wildcard139
[DEBUG] Dynamically added transition from wildcard179 to wildcard136
[DEBUG] Dynamically added transition from wildcard179 to wildcard137
[DEBUG] Dynamically added transition from wildcard179 to wildcard134
[DEBUG] Dynamically added transition from wildcard179 to wildcard135
[DEBUG] Dynamically added transition from wildcard179 to wildcard69
[DEBUG] Dynamically added transition from wildcard179 to wildcard68
[DEBUG] Dynamically added transition from wildcard179 to wildcard67
[DEBUG] Dynamically added transition from wildcard179 to wildcard66
[DEBUG] Dynamically added transition from wildcard179 to wildcard65
[DEBUG] Dynamically added transition from wildcard179 to wildcard64
[DEBUG] Dynamically added transition from wildcard179 to wildcard63
[DEBUG] Dynamically added transition from wildcard179 to wildcard62
[DEBUG] Dynamically added transition from wildcard179 to wildcard61
[DEBUG] Dynamically added transition from wildcard179 to wildcard60
[DEBUG] Dynamically added transition from wildcard179 to wildcard100
[DEBUG] Dynamically added transition from wildcard179 to wildcard107
[DEBUG] Dynamically added transition from wildcard179 to wildcard108
[DEBUG] Dynamically added transition from wildcard179 to wildcard105
[DEBUG] Dynamically added transition from wildcard179 to wildcard106
[DEBUG] Dynamically added transition from wildcard179 to wildcard103
[DEBUG] Dynamically added transition from wildcard179 to wildcard104
[DEBUG] Dynamically added transition from wildcard179 to wildcard101
[DEBUG] Dynamically added transition from wildcard179 to wildcard102
[DEBUG] Dynamically added transition from wildcard179 to wildcard79
[DEBUG] Dynamically added transition from wildcard179 to wildcard78
[DEBUG] Dynamically added transition from wildcard179 to wildcard77
[DEBUG] Dynamically added transition from wildcard179 to wildcard76
[DEBUG] Dynamically added transition from wildcard179 to wildcard109
[DEBUG] Dynamically added transition from wildcard179 to wildcard75
[DEBUG] Dynamically added transition from wildcard179 to wildcard74
[DEBUG] Dynamically added transition from wildcard179 to wildcard73
[DEBUG] Dynamically added transition from wildcard179 to wildcard72
[DEBUG] Dynamically added transition from wildcard179 to wildcard71
[DEBUG] Dynamically added transition from wildcard179 to wildcard70
[DEBUG] Dynamically added transition from wildcard179 to wildcard110
[DEBUG] Dynamically added transition from wildcard179 to wildcard111
[DEBUG] Dynamically added transition from wildcard179 to wildcard118
[DEBUG] Dynamically added transition from wildcard179 to wildcard119
[DEBUG] Dynamically added transition from wildcard179 to wildcard116
[DEBUG] Dynamically added transition from wildcard179 to wildcard117
[DEBUG] Dynamically added transition from wildcard179 to .*
[DEBUG] Dynamically added transition from wildcard179 to wildcard114
[DEBUG] Dynamically added transition from wildcard179 to wildcard115
[DEBUG] Dynamically added transition from wildcard179 to wildcard112
[DEBUG] Dynamically added transition from wildcard179 to wildcard113
[DEBUG] Dynamically added transition from wildcard179 to wildcard89
[DEBUG] Dynamically added transition from wildcard179 to wildcard88
[DEBUG] Dynamically added transition from wildcard179 to wildcard87
[DEBUG] Dynamically added transition from wildcard179 to wildcard86
[DEBUG] Dynamically added transition from wildcard179 to INITIAL
[DEBUG] Dynamically added transition from wildcard179 to wildcard85
[DEBUG] Dynamically added transition from wildcard179 to wildcard84
[DEBUG] Dynamically added transition from wildcard179 to wildcard83
[DEBUG] Dynamically added transition from wildcard179 to wildcard82
[DEBUG] Dynamically added transition from wildcard179 to wildcard81
[DEBUG] Dynamically added transition from wildcard179 to wildcard80
[DEBUG] Dynamically added transition from wildcard179 to wildcard165
[DEBUG] Dynamically added transition from wildcard179 to wildcard166
[DEBUG] Dynamically added transition from wildcard179 to wildcard163
[DEBUG] Dynamically added transition from wildcard179 to wildcard164
[DEBUG] Dynamically added transition from wildcard179 to wildcard161
[DEBUG] Dynamically added transition from wildcard179 to wildcard162
[DEBUG] Dynamically added transition from wildcard179 to wildcard160
[DEBUG] Dynamically added transition from wildcard179 to end
[DEBUG] Dynamically added transition from wildcard179 to wildcard169
[DEBUG] Dynamically added transition from wildcard179 to wildcard167
[DEBUG] Dynamically added transition from wildcard179 to wildcard168
[DEBUG] Dynamically added transition from wildcard179 to wildcard16
[DEBUG] Dynamically added transition from wildcard179 to wildcard15
[DEBUG] Dynamically added transition from wildcard179 to wildcard14
[DEBUG] Dynamically added transition from wildcard179 to wildcard13
[DEBUG] Dynamically added transition from wildcard179 to wildcard12
[DEBUG] Dynamically added transition from wildcard179 to wildcard11
[DEBUG] Dynamically added transition from wildcard179 to wildcard99
[DEBUG] Dynamically added transition from wildcard179 to wildcard10
[DEBUG] Dynamically added transition from wildcard179 to wildcard98
[DEBUG] Dynamically added transition from wildcard179 to wildcard97
[DEBUG] Dynamically added transition from wildcard179 to start
[DEBUG] Dynamically added transition from wildcard179 to wildcard96
[DEBUG] Dynamically added transition from wildcard179 to wildcard95
[DEBUG] Dynamically added transition from wildcard179 to wildcard94
[DEBUG] Dynamically added transition from wildcard179 to wildcard93
[DEBUG] Dynamically added transition from wildcard179 to wildcard92
[DEBUG] Dynamically added transition from wildcard179 to wildcard91
[DEBUG] Dynamically added transition from wildcard179 to wildcard90
[DEBUG] Dynamically added transition from wildcard179 to wildcard176
[DEBUG] Dynamically added transition from wildcard179 to wildcard177
[DEBUG] Dynamically added transition from wildcard179 to wildcard174
[DEBUG] Dynamically added transition from wildcard179 to wildcard175
[DEBUG] Dynamically added transition from wildcard179 to wildcard172
[DEBUG] Dynamically added transition from wildcard179 to wildcard173
[DEBUG] Dynamically added transition from wildcard179 to wildcard170
[DEBUG] Dynamically added transition from wildcard179 to wildcard171
[DEBUG] Dynamically added transition from wildcard179 to wildcard178
[DEBUG] Dynamically added transition from wildcard179 to wildcard179
[INFO] Wildcard transition valid to state: wildcard179
[INFO] Wildcard transition detected from wildcard179 to wildcard180
[DEBUG] Created intermediate state for wildcard transition: wildcard180
[DEBUG] Dynamically added transition from wildcard179 to wildcard180
[DEBUG] Dynamically added transition from wildcard27 to wildcard180
[DEBUG] Dynamically added transition from wildcard26 to wildcard180
[DEBUG] Dynamically added transition from wildcard25 to wildcard180
[DEBUG] Dynamically added transition from wildcard24 to wildcard180
[DEBUG] Dynamically added transition from wildcard23 to wildcard180
[DEBUG] Dynamically added transition from wildcard22 to wildcard180
[DEBUG] Dynamically added transition from wildcard1 to wildcard180
[DEBUG] Dynamically added transition from wildcard21 to wildcard180
[DEBUG] Dynamically added transition from wildcard0 to wildcard180
[DEBUG] Dynamically added transition from wildcard20 to wildcard180
[DEBUG] Dynamically added transition from wildcard3 to wildcard180
[DEBUG] Dynamically added transition from wildcard2 to wildcard180
[DEBUG] Dynamically added transition from wildcard5 to wildcard180
[DEBUG] Dynamically added transition from wildcard4 to wildcard180
[DEBUG] Dynamically added transition from wildcard7 to wildcard180
[DEBUG] Dynamically added transition from wildcard6 to wildcard180
[DEBUG] Dynamically added transition from wildcard9 to wildcard180
[DEBUG] Dynamically added transition from wildcard8 to wildcard180
[DEBUG] Dynamically added transition from wildcard143 to wildcard180
[DEBUG] Dynamically added transition from wildcard144 to wildcard180
[DEBUG] Dynamically added transition from wildcard141 to wildcard180
[DEBUG] Dynamically added transition from wildcard142 to wildcard180
[DEBUG] Dynamically added transition from wildcard140 to wildcard180
[DEBUG] Dynamically added transition from wildcard149 to wildcard180
[DEBUG] Dynamically added transition from wildcard147 to wildcard180
[DEBUG] Dynamically added transition from wildcard19 to wildcard180
[DEBUG] Dynamically added transition from wildcard148 to wildcard180
[DEBUG] Dynamically added transition from wildcard18 to wildcard180
[DEBUG] Dynamically added transition from wildcard145 to wildcard180
[DEBUG] Dynamically added transition from wildcard17 to wildcard180
[DEBUG] Dynamically added transition from wildcard146 to wildcard180
[DEBUG] Dynamically added transition from wildcard38 to wildcard180
[DEBUG] Dynamically added transition from wildcard37 to wildcard180
[DEBUG] Dynamically added transition from wildcard36 to wildcard180
[DEBUG] Dynamically added transition from wildcard35 to wildcard180
[DEBUG] Dynamically added transition from wildcard34 to wildcard180
[DEBUG] Dynamically added transition from wildcard33 to wildcard180
[DEBUG] Dynamically added transition from wildcard32 to wildcard180
[DEBUG] Dynamically added transition from wildcard31 to wildcard180
[DEBUG] Dynamically added transition from wildcard30 to wildcard180
[DEBUG] Dynamically added transition from wildcard154 to wildcard180
[DEBUG] Dynamically added transition from wildcard155 to wildcard180
[DEBUG] Dynamically added transition from wildcard152 to wildcard180
[DEBUG] Dynamically added transition from wildcard153 to wildcard180
[DEBUG] Dynamically added transition from wildcard150 to wildcard180
[DEBUG] Dynamically added transition from wildcard151 to wildcard180
[DEBUG] Dynamically added transition from wildcard158 to wildcard180
[DEBUG] Dynamically added transition from wildcard159 to wildcard180
[DEBUG] Dynamically added transition from wildcard29 to wildcard180
[DEBUG] Dynamically added transition from wildcard156 to wildcard180
[DEBUG] Dynamically added transition from wildcard28 to wildcard180
[DEBUG] Dynamically added transition from wildcard157 to wildcard180
[DEBUG] Dynamically added transition from wildcard49 to wildcard180
[DEBUG] Dynamically added transition from wildcard48 to wildcard180
[DEBUG] Dynamically added transition from wildcard47 to wildcard180
[DEBUG] Dynamically added transition from wildcard46 to wildcard180
[DEBUG] Dynamically added transition from wildcard45 to wildcard180
[DEBUG] Dynamically added transition from wildcard44 to wildcard180
[DEBUG] Dynamically added transition from wildcard43 to wildcard180
[DEBUG] Dynamically added transition from wildcard42 to wildcard180
[DEBUG] Dynamically added transition from wildcard41 to wildcard180
[DEBUG] Dynamically added transition from wildcard40 to wildcard180
[DEBUG] Dynamically added transition from wildcard121 to wildcard180
[DEBUG] Dynamically added transition from wildcard122 to wildcard180
[DEBUG] Dynamically added transition from wildcard120 to wildcard180
[DEBUG] Dynamically added transition from wildcard129 to wildcard180
[DEBUG] Dynamically added transition from wildcard127 to wildcard180
[DEBUG] Dynamically added transition from wildcard128 to wildcard180
[DEBUG] Dynamically added transition from wildcard125 to wildcard180
[DEBUG] Dynamically added transition from wildcard126 to wildcard180
[DEBUG] Dynamically added transition from wildcard123 to wildcard180
[DEBUG] Dynamically added transition from wildcard39 to wildcard180
[DEBUG] Dynamically added transition from wildcard124 to wildcard180
[DEBUG] Dynamically added transition from wildcard59 to wildcard180
[DEBUG] Dynamically added transition from wildcard58 to wildcard180
[DEBUG] Dynamically added transition from middle to wildcard180
[DEBUG] Dynamically added transition from wildcard57 to wildcard180
[DEBUG] Dynamically added transition from wildcard56 to wildcard180
[DEBUG] Dynamically added transition from wildcard55 to wildcard180
[DEBUG] Dynamically added transition from wildcard54 to wildcard180
[DEBUG] Dynamically added transition from wildcard53 to wildcard180
[DEBUG] Dynamically added transition from wildcard52 to wildcard180
[DEBUG] Dynamically added transition from wildcard51 to wildcard180
[DEBUG] Dynamically added transition from wildcard50 to wildcard180
[DEBUG] Dynamically added transition from wildcard132 to wildcard180
[DEBUG] Dynamically added transition from wildcard133 to wildcard180
[DEBUG] Dynamically added transition from wildcard130 to wildcard180
[DEBUG] Dynamically added transition from wildcard131 to wildcard180
[DEBUG] Dynamically added transition from wildcard138 to wildcard180
[DEBUG] Dynamically added transition from wildcard139 to wildcard180
[DEBUG] Dynamically added transition from wildcard136 to wildcard180
[DEBUG] Dynamically added transition from wildcard137 to wildcard180
[DEBUG] Dynamically added transition from wildcard134 to wildcard180
[DEBUG] Dynamically added transition from wildcard135 to wildcard180
[DEBUG] Dynamically added transition from wildcard69 to wildcard180
[DEBUG] Dynamically added transition from wildcard68 to wildcard180
[DEBUG] Dynamically added transition from wildcard67 to wildcard180
[DEBUG] Dynamically added transition from wildcard66 to wildcard180
[DEBUG] Dynamically added transition from wildcard65 to wildcard180
[DEBUG] Dynamically added transition from wildcard64 to wildcard180
[DEBUG] Dynamically added transition from wildcard63 to wildcard180
[DEBUG] Dynamically added transition from wildcard62 to wildcard180
[DEBUG] Dynamically added transition from wildcard61 to wildcard180
[DEBUG] Dynamically added transition from wildcard60 to wildcard180
[DEBUG] Dynamically added transition from wildcard100 to wildcard180
[DEBUG] Dynamically added transition from wildcard107 to wildcard180
[DEBUG] Dynamically added transition from wildcard108 to wildcard180
[DEBUG] Dynamically added transition from wildcard105 to wildcard180
[DEBUG] Dynamically added transition from wildcard106 to wildcard180
[DEBUG] Dynamically added transition from wildcard103 to wildcard180
[DEBUG] Dynamically added transition from wildcard104 to wildcard180
[DEBUG] Dynamically added transition from wildcard101 to wildcard180
[DEBUG] Dynamically added transition from wildcard102 to wildcard180
[DEBUG] Dynamically added transition from wildcard79 to wildcard180
[DEBUG] Dynamically added transition from wildcard78 to wildcard180
[DEBUG] Dynamically added transition from wildcard77 to wildcard180
[DEBUG] Dynamically added transition from wildcard76 to wildcard180
[DEBUG] Dynamically added transition from wildcard109 to wildcard180
[DEBUG] Dynamically added transition from wildcard75 to wildcard180
[DEBUG] Dynamically added transition from wildcard74 to wildcard180
[DEBUG] Dynamically added transition from wildcard73 to wildcard180
[DEBUG] Dynamically added transition from wildcard72 to wildcard180
[DEBUG] Dynamically added transition from wildcard71 to wildcard180
[DEBUG] Dynamically added transition from wildcard70 to wildcard180
[DEBUG] Dynamically added transition from wildcard110 to wildcard180
[DEBUG] Dynamically added transition from wildcard111 to wildcard180
[DEBUG] Dynamically added transition from wildcard118 to wildcard180
[DEBUG] Dynamically added transition from wildcard119 to wildcard180
[DEBUG] Dynamically added transition from wildcard116 to wildcard180
[DEBUG] Dynamically added transition from wildcard117 to wildcard180
[DEBUG] Dynamically added transition from wildcard114 to wildcard180
[DEBUG] Dynamically added transition from wildcard115 to wildcard180
[DEBUG] Dynamically added transition from wildcard112 to wildcard180
[DEBUG] Dynamically added transition from wildcard113 to wildcard180
[DEBUG] Dynamically added transition from wildcard89 to wildcard180
[DEBUG] Dynamically added transition from wildcard88 to wildcard180
[DEBUG] Dynamically added transition from wildcard87 to wildcard180
[DEBUG] Dynamically added transition from wildcard86 to wildcard180
[DEBUG] Dynamically added transition from wildcard85 to wildcard180
[DEBUG] Dynamically added transition from wildcard84 to wildcard180
[DEBUG] Dynamically added transition from wildcard83 to wildcard180
[DEBUG] Dynamically added transition from wildcard82 to wildcard180
[DEBUG] Dynamically added transition from wildcard81 to wildcard180
[DEBUG] Dynamically added transition from wildcard80 to wildcard180
[DEBUG] Dynamically added transition from wildcard165 to wildcard180
[DEBUG] Dynamically added transition from wildcard166 to wildcard180
[DEBUG] Dynamically added transition from wildcard163 to wildcard180
[DEBUG] Dynamically added transition from wildcard164 to wildcard180
[DEBUG] Dynamically added transition from wildcard161 to wildcard180
[DEBUG] Dynamically added transition from wildcard162 to wildcard180
[DEBUG] Dynamically added transition from wildcard160 to wildcard180
[DEBUG] Dynamically added transition from wildcard169 to wildcard180
[DEBUG] Dynamically added transition from wildcard167 to wildcard180
[DEBUG] Dynamically added transition from wildcard168 to wildcard180
[DEBUG] Dynamically added transition from wildcard16 to wildcard180
[DEBUG] Dynamically added transition from wildcard15 to wildcard180
[DEBUG] Dynamically added transition from wildcard14 to wildcard180
[DEBUG] Dynamically added transition from wildcard13 to wildcard180
[DEBUG] Dynamically added transition from wildcard12 to wildcard180
[DEBUG] Dynamically added transition from wildcard11 to wildcard180
[DEBUG] Dynamically added transition from wildcard99 to wildcard180
[DEBUG] Dynamically added transition from wildcard10 to wildcard180
[DEBUG] Dynamically added transition from wildcard98 to wildcard180
[DEBUG] Dynamically added transition from wildcard97 to wildcard180
[DEBUG] Dynamically added transition from start to wildcard180
[DEBUG] Dynamically added transition from wildcard96 to wildcard180
[DEBUG] Dynamically added transition from wildcard95 to wildcard180
[DEBUG] Dynamically added transition from wildcard94 to wildcard180
[DEBUG] Dynamically added transition from wildcard93 to wildcard180
[DEBUG] Dynamically added transition from wildcard92 to wildcard180
[DEBUG] Dynamically added transition from wildcard91 to wildcard180
[DEBUG] Dynamically added transition from wildcard90 to wildcard180
[DEBUG] Dynamically added transition from wildcard176 to wildcard180
[DEBUG] Dynamically added transition from wildcard177 to wildcard180
[DEBUG] Dynamically added transition from wildcard174 to wildcard180
[DEBUG] Dynamically added transition from wildcard175 to wildcard180
[DEBUG] Dynamically added transition from wildcard172 to wildcard180
[DEBUG] Dynamically added transition from wildcard173 to wildcard180
[DEBUG] Dynamically added transition from wildcard170 to wildcard180
[DEBUG] Dynamically added transition from wildcard171 to wildcard180
[DEBUG] Dynamically added transition from wildcard178 to wildcard180
[DEBUG] Dynamically added transition from wildcard180 to wildcard27
[DEBUG] Dynamically added transition from wildcard180 to wildcard26
[DEBUG] Dynamically added transition from wildcard180 to wildcard25
[DEBUG] Dynamically added transition from wildcard180 to wildcard24
[DEBUG] Dynamically added transition from wildcard180 to wildcard23
[DEBUG] Dynamically added transition from wildcard180 to wildcard22
[DEBUG] Dynamically added transition from wildcard180 to wildcard1
[DEBUG] Dynamically added transition from wildcard180 to wildcard21
[DEBUG] Dynamically added transition from wildcard180 to wildcard0
[DEBUG] Dynamically added transition from wildcard180 to wildcard20
[DEBUG] Dynamically added transition from wildcard180 to wildcard3
[DEBUG] Dynamically added transition from wildcard180 to wildcard2
[DEBUG] Dynamically added transition from wildcard180 to wildcard5
[DEBUG] Dynamically added transition from wildcard180 to wildcard4
[DEBUG] Dynamically added transition from wildcard180 to wildcard7
[DEBUG] Dynamically added transition from wildcard180 to wildcard6
[DEBUG] Dynamically added transition from wildcard180 to wildcard9
[DEBUG] Dynamically added transition from wildcard180 to wildcard8
[DEBUG] Dynamically added transition from wildcard180 to wildcard143
[DEBUG] Dynamically added transition from wildcard180 to wildcard144
[DEBUG] Dynamically added transition from wildcard180 to wildcard141
[DEBUG] Dynamically added transition from wildcard180 to wildcard142
[DEBUG] Dynamically added transition from wildcard180 to wildcard140
[DEBUG] Dynamically added transition from wildcard180 to wildcard149
[DEBUG] Dynamically added transition from wildcard180 to wildcard147
[DEBUG] Dynamically added transition from wildcard180 to wildcard19
[DEBUG] Dynamically added transition from wildcard180 to wildcard148
[DEBUG] Dynamically added transition from wildcard180 to wildcard18
[DEBUG] Dynamically added transition from wildcard180 to wildcard145
[DEBUG] Dynamically added transition from wildcard180 to wildcard17
[DEBUG] Dynamically added transition from wildcard180 to wildcard146
[DEBUG] Dynamically added transition from wildcard180 to wildcard38
[DEBUG] Dynamically added transition from wildcard180 to wildcard37
[DEBUG] Dynamically added transition from wildcard180 to wildcard36
[DEBUG] Dynamically added transition from wildcard180 to wildcard35
[DEBUG] Dynamically added transition from wildcard180 to wildcard34
[DEBUG] Dynamically added transition from wildcard180 to wildcard33
[DEBUG] Dynamically added transition from wildcard180 to wildcard32
[DEBUG] Dynamically added transition from wildcard180 to wildcard31
[DEBUG] Dynamically added transition from wildcard180 to wildcard30
[DEBUG] Dynamically added transition from wildcard180 to wildcard154
[DEBUG] Dynamically added transition from wildcard180 to wildcard155
[DEBUG] Dynamically added transition from wildcard180 to wildcard152
[DEBUG] Dynamically added transition from wildcard180 to wildcard153
[DEBUG] Dynamically added transition from wildcard180 to wildcard150
[DEBUG] Dynamically added transition from wildcard180 to wildcard151
[DEBUG] Dynamically added transition from wildcard180 to wildcard158
[DEBUG] Dynamically added transition from wildcard180 to wildcard159
[DEBUG] Dynamically added transition from wildcard180 to wildcard29
[DEBUG] Dynamically added transition from wildcard180 to wildcard156
[DEBUG] Dynamically added transition from wildcard180 to wildcard28
[DEBUG] Dynamically added transition from wildcard180 to wildcard157
[DEBUG] Dynamically added transition from wildcard180 to wildcard49
[DEBUG] Dynamically added transition from wildcard180 to wildcard48
[DEBUG] Dynamically added transition from wildcard180 to wildcard47
[DEBUG] Dynamically added transition from wildcard180 to wildcard46
[DEBUG] Dynamically added transition from wildcard180 to wildcard45
[DEBUG] Dynamically added transition from wildcard180 to wildcard44
[DEBUG] Dynamically added transition from wildcard180 to wildcard43
[DEBUG] Dynamically added transition from wildcard180 to wildcard42
[DEBUG] Dynamically added transition from wildcard180 to wildcard41
[DEBUG] Dynamically added transition from wildcard180 to wildcard40
[DEBUG] Dynamically added transition from wildcard180 to wildcard121
[DEBUG] Dynamically added transition from wildcard180 to wildcard122
[DEBUG] Dynamically added transition from wildcard180 to wildcard120
[DEBUG] Dynamically added transition from wildcard180 to wildcard129
[DEBUG] Dynamically added transition from wildcard180 to wildcard127
[DEBUG] Dynamically added transition from wildcard180 to wildcard128
[DEBUG] Dynamically added transition from wildcard180 to wildcard125
[DEBUG] Dynamically added transition from wildcard180 to wildcard126
[DEBUG] Dynamically added transition from wildcard180 to wildcard123
[DEBUG] Dynamically added transition from wildcard180 to wildcard39
[DEBUG] Dynamically added transition from wildcard180 to wildcard124
[DEBUG] Dynamically added transition from wildcard180 to wildcard59
[DEBUG] Dynamically added transition from wildcard180 to wildcard58
[DEBUG] Dynamically added transition from wildcard180 to middle
[DEBUG] Dynamically added transition from wildcard180 to wildcard57
[DEBUG] Dynamically added transition from wildcard180 to wildcard56
[DEBUG] Dynamically added transition from wildcard180 to wildcard55
[DEBUG] Dynamically added transition from wildcard180 to wildcard54
[DEBUG] Dynamically added transition from wildcard180 to wildcard53
[DEBUG] Dynamically added transition from wildcard180 to wildcard52
[DEBUG] Dynamically added transition from wildcard180 to wildcard51
[DEBUG] Dynamically added transition from wildcard180 to wildcard50
[DEBUG] Dynamically added transition from wildcard180 to wildcard132
[DEBUG] Dynamically added transition from wildcard180 to wildcard133
[DEBUG] Dynamically added transition from wildcard180 to wildcard130
[DEBUG] Dynamically added transition from wildcard180 to wildcard131
[DEBUG] Dynamically added transition from wildcard180 to wildcard138
[DEBUG] Dynamically added transition from wildcard180 to wildcard139
[DEBUG] Dynamically added transition from wildcard180 to wildcard136
[DEBUG] Dynamically added transition from wildcard180 to wildcard137
[DEBUG] Dynamically added transition from wildcard180 to wildcard134
[DEBUG] Dynamically added transition from wildcard180 to wildcard135
[DEBUG] Dynamically added transition from wildcard180 to wildcard69
[DEBUG] Dynamically added transition from wildcard180 to wildcard68
[DEBUG] Dynamically added transition from wildcard180 to wildcard67
[DEBUG] Dynamically added transition from wildcard180 to wildcard66
[DEBUG] Dynamically added transition from wildcard180 to wildcard65
[DEBUG] Dynamically added transition from wildcard180 to wildcard64
[DEBUG] Dynamically added transition from wildcard180 to wildcard63
[DEBUG] Dynamically added transition from wildcard180 to wildcard62
[DEBUG] Dynamically added transition from wildcard180 to wildcard180
[DEBUG] Dynamically added transition from wildcard180 to wildcard61
[DEBUG] Dynamically added transition from wildcard180 to wildcard60
[DEBUG] Dynamically added transition from wildcard180 to wildcard100
[DEBUG] Dynamically added transition from wildcard180 to wildcard107
[DEBUG] Dynamically added transition from wildcard180 to wildcard108
[DEBUG] Dynamically added transition from wildcard180 to wildcard105
[DEBUG] Dynamically added transition from wildcard180 to wildcard106
[DEBUG] Dynamically added transition from wildcard180 to wildcard103
[DEBUG] Dynamically added transition from wildcard180 to wildcard104
[DEBUG] Dynamically added transition from wildcard180 to wildcard101
[DEBUG] Dynamically added transition from wildcard180 to wildcard102
[DEBUG] Dynamically added transition from wildcard180 to wildcard79
[DEBUG] Dynamically added transition from wildcard180 to wildcard78
[DEBUG] Dynamically added transition from wildcard180 to wildcard77
[DEBUG] Dynamically added transition from wildcard180 to wildcard76
[DEBUG] Dynamically added transition from wildcard180 to wildcard109
[DEBUG] Dynamically added transition from wildcard180 to wildcard75
[DEBUG] Dynamically added transition from wildcard180 to wildcard74
[DEBUG] Dynamically added transition from wildcard180 to wildcard73
[DEBUG] Dynamically added transition from wildcard180 to wildcard72
[DEBUG] Dynamically added transition from wildcard180 to wildcard71
[DEBUG] Dynamically added transition from wildcard180 to wildcard70
[DEBUG] Dynamically added transition from wildcard180 to wildcard110
[DEBUG] Dynamically added transition from wildcard180 to wildcard111
[DEBUG] Dynamically added transition from wildcard180 to wildcard118
[DEBUG] Dynamically added transition from wildcard180 to wildcard119
[DEBUG] Dynamically added transition from wildcard180 to wildcard116
[DEBUG] Dynamically added transition from wildcard180 to wildcard117
[DEBUG] Dynamically added transition from wildcard180 to .*
[DEBUG] Dynamically added transition from wildcard180 to wildcard114
[DEBUG] Dynamically added transition from wildcard180 to wildcard115
[DEBUG] Dynamically added transition from wildcard180 to wildcard112
[DEBUG] Dynamically added transition from wildcard180 to wildcard113
[DEBUG] Dynamically added transition from wildcard180 to wildcard89
[DEBUG] Dynamically added transition from wildcard180 to wildcard88
[DEBUG] Dynamically added transition from wildcard180 to wildcard87
[DEBUG] Dynamically added transition from wildcard180 to wildcard86
[DEBUG] Dynamically added transition from wildcard180 to INITIAL
[DEBUG] Dynamically added transition from wildcard180 to wildcard85
[DEBUG] Dynamically added transition from wildcard180 to wildcard84
[DEBUG] Dynamically added transition from wildcard180 to wildcard83
[DEBUG] Dynamically added transition from wildcard180 to wildcard82
[DEBUG] Dynamically added transition from wildcard180 to wildcard81
[DEBUG] Dynamically added transition from wildcard180 to wildcard80
[DEBUG] Dynamically added transition from wildcard180 to wildcard165
[DEBUG] Dynamically added transition from wildcard180 to wildcard166
[DEBUG] Dynamically added transition from wildcard180 to wildcard163
[DEBUG] Dynamically added transition from wildcard180 to wildcard164
[DEBUG] Dynamically added transition from wildcard180 to wildcard161
[DEBUG] Dynamically added transition from wildcard180 to wildcard162
[DEBUG] Dynamically added transition from wildcard180 to wildcard160
[DEBUG] Dynamically added transition from wildcard180 to end
[DEBUG] Dynamically added transition from wildcard180 to wildcard169
[DEBUG] Dynamically added transition from wildcard180 to wildcard167
[DEBUG] Dynamically added transition from wildcard180 to wildcard168
[DEBUG] Dynamically added transition from wildcard180 to wildcard16
[DEBUG] Dynamically added transition from wildcard180 to wildcard15
[DEBUG] Dynamically added transition from wildcard180 to wildcard14
[DEBUG] Dynamically added transition from wildcard180 to wildcard13
[DEBUG] Dynamically added transition from wildcard180 to wildcard12
[DEBUG] Dynamically added transition from wildcard180 to wildcard11
[DEBUG] Dynamically added transition from wildcard180 to wildcard99
[DEBUG] Dynamically added transition from wildcard180 to wildcard10
[DEBUG] Dynamically added transition from wildcard180 to wildcard98
[DEBUG] Dynamically added transition from wildcard180 to wildcard97
[DEBUG] Dynamically added transition from wildcard180 to start
[DEBUG] Dynamically added transition from wildcard180 to wildcard96
[DEBUG] Dynamically added transition from wildcard180 to wildcard95
[DEBUG] Dynamically added transition from wildcard180 to wildcard94
[DEBUG] Dynamically added transition from wildcard180 to wildcard93
[DEBUG] Dynamically added transition from wildcard180 to wildcard92
[DEBUG] Dynamically added transition from wildcard180 to wildcard91
[DEBUG] Dynamically added transition from wildcard180 to wildcard90
[DEBUG] Dynamically added transition from wildcard180 to wildcard176
[DEBUG] Dynamically added transition from wildcard180 to wildcard177
[DEBUG] Dynamically added transition from wildcard180 to wildcard174
[DEBUG] Dynamically added transition from wildcard180 to wildcard175
[DEBUG] Dynamically added transition from wildcard180 to wildcard172
[DEBUG] Dynamically added transition from wildcard180 to wildcard173
[DEBUG] Dynamically added transition from wildcard180 to wildcard170
[DEBUG] Dynamically added transition from wildcard180 to wildcard171
[DEBUG] Dynamically added transition from wildcard180 to wildcard178
[DEBUG] Dynamically added transition from wildcard180 to wildcard179
[INFO] Wildcard transition valid to state: wildcard180
[INFO] Wildcard transition detected from wildcard180 to wildcard181
[DEBUG] Created intermediate state for wildcard transition: wildcard181
[DEBUG] Dynamically added transition from wildcard180 to wildcard181
[DEBUG] Dynamically added transition from wildcard27 to wildcard181
[DEBUG] Dynamically added transition from wildcard26 to wildcard181
[DEBUG] Dynamically added transition from wildcard25 to wildcard181
[DEBUG] Dynamically added transition from wildcard24 to wildcard181
[DEBUG] Dynamically added transition from wildcard23 to wildcard181
[DEBUG] Dynamically added transition from wildcard22 to wildcard181
[DEBUG] Dynamically added transition from wildcard1 to wildcard181
[DEBUG] Dynamically added transition from wildcard21 to wildcard181
[DEBUG] Dynamically added transition from wildcard0 to wildcard181
[DEBUG] Dynamically added transition from wildcard20 to wildcard181
[DEBUG] Dynamically added transition from wildcard3 to wildcard181
[DEBUG] Dynamically added transition from wildcard2 to wildcard181
[DEBUG] Dynamically added transition from wildcard5 to wildcard181
[DEBUG] Dynamically added transition from wildcard4 to wildcard181
[DEBUG] Dynamically added transition from wildcard7 to wildcard181
[DEBUG] Dynamically added transition from wildcard6 to wildcard181
[DEBUG] Dynamically added transition from wildcard9 to wildcard181
[DEBUG] Dynamically added transition from wildcard8 to wildcard181
[DEBUG] Dynamically added transition from wildcard143 to wildcard181
[DEBUG] Dynamically added transition from wildcard144 to wildcard181
[DEBUG] Dynamically added transition from wildcard141 to wildcard181
[DEBUG] Dynamically added transition from wildcard142 to wildcard181
[DEBUG] Dynamically added transition from wildcard140 to wildcard181
[DEBUG] Dynamically added transition from wildcard149 to wildcard181
[DEBUG] Dynamically added transition from wildcard147 to wildcard181
[DEBUG] Dynamically added transition from wildcard19 to wildcard181
[DEBUG] Dynamically added transition from wildcard148 to wildcard181
[DEBUG] Dynamically added transition from wildcard18 to wildcard181
[DEBUG] Dynamically added transition from wildcard145 to wildcard181
[DEBUG] Dynamically added transition from wildcard17 to wildcard181
[DEBUG] Dynamically added transition from wildcard146 to wildcard181
[DEBUG] Dynamically added transition from wildcard38 to wildcard181
[DEBUG] Dynamically added transition from wildcard37 to wildcard181
[DEBUG] Dynamically added transition from wildcard36 to wildcard181
[DEBUG] Dynamically added transition from wildcard35 to wildcard181
[DEBUG] Dynamically added transition from wildcard34 to wildcard181
[DEBUG] Dynamically added transition from wildcard33 to wildcard181
[DEBUG] Dynamically added transition from wildcard32 to wildcard181
[DEBUG] Dynamically added transition from wildcard31 to wildcard181
[DEBUG] Dynamically added transition from wildcard30 to wildcard181
[DEBUG] Dynamically added transition from wildcard154 to wildcard181
[DEBUG] Dynamically added transition from wildcard155 to wildcard181
[DEBUG] Dynamically added transition from wildcard152 to wildcard181
[DEBUG] Dynamically added transition from wildcard153 to wildcard181
[DEBUG] Dynamically added transition from wildcard150 to wildcard181
[DEBUG] Dynamically added transition from wildcard151 to wildcard181
[DEBUG] Dynamically added transition from wildcard158 to wildcard181
[DEBUG] Dynamically added transition from wildcard159 to wildcard181
[DEBUG] Dynamically added transition from wildcard29 to wildcard181
[DEBUG] Dynamically added transition from wildcard156 to wildcard181
[DEBUG] Dynamically added transition from wildcard28 to wildcard181
[DEBUG] Dynamically added transition from wildcard157 to wildcard181
[DEBUG] Dynamically added transition from wildcard49 to wildcard181
[DEBUG] Dynamically added transition from wildcard48 to wildcard181
[DEBUG] Dynamically added transition from wildcard47 to wildcard181
[DEBUG] Dynamically added transition from wildcard46 to wildcard181
[DEBUG] Dynamically added transition from wildcard45 to wildcard181
[DEBUG] Dynamically added transition from wildcard44 to wildcard181
[DEBUG] Dynamically added transition from wildcard43 to wildcard181
[DEBUG] Dynamically added transition from wildcard42 to wildcard181
[DEBUG] Dynamically added transition from wildcard41 to wildcard181
[DEBUG] Dynamically added transition from wildcard40 to wildcard181
[DEBUG] Dynamically added transition from wildcard121 to wildcard181
[DEBUG] Dynamically added transition from wildcard122 to wildcard181
[DEBUG] Dynamically added transition from wildcard120 to wildcard181
[DEBUG] Dynamically added transition from wildcard129 to wildcard181
[DEBUG] Dynamically added transition from wildcard127 to wildcard181
[DEBUG] Dynamically added transition from wildcard128 to wildcard181
[DEBUG] Dynamically added transition from wildcard125 to wildcard181
[DEBUG] Dynamically added transition from wildcard126 to wildcard181
[DEBUG] Dynamically added transition from wildcard123 to wildcard181
[DEBUG] Dynamically added transition from wildcard39 to wildcard181
[DEBUG] Dynamically added transition from wildcard124 to wildcard181
[DEBUG] Dynamically added transition from wildcard59 to wildcard181
[DEBUG] Dynamically added transition from wildcard58 to wildcard181
[DEBUG] Dynamically added transition from middle to wildcard181
[DEBUG] Dynamically added transition from wildcard57 to wildcard181
[DEBUG] Dynamically added transition from wildcard56 to wildcard181
[DEBUG] Dynamically added transition from wildcard55 to wildcard181
[DEBUG] Dynamically added transition from wildcard54 to wildcard181
[DEBUG] Dynamically added transition from wildcard53 to wildcard181
[DEBUG] Dynamically added transition from wildcard52 to wildcard181
[DEBUG] Dynamically added transition from wildcard51 to wildcard181
[DEBUG] Dynamically added transition from wildcard50 to wildcard181
[DEBUG] Dynamically added transition from wildcard132 to wildcard181
[DEBUG] Dynamically added transition from wildcard133 to wildcard181
[DEBUG] Dynamically added transition from wildcard130 to wildcard181
[DEBUG] Dynamically added transition from wildcard131 to wildcard181
[DEBUG] Dynamically added transition from wildcard138 to wildcard181
[DEBUG] Dynamically added transition from wildcard139 to wildcard181
[DEBUG] Dynamically added transition from wildcard136 to wildcard181
[DEBUG] Dynamically added transition from wildcard137 to wildcard181
[DEBUG] Dynamically added transition from wildcard134 to wildcard181
[DEBUG] Dynamically added transition from wildcard135 to wildcard181
[DEBUG] Dynamically added transition from wildcard69 to wildcard181
[DEBUG] Dynamically added transition from wildcard68 to wildcard181
[DEBUG] Dynamically added transition from wildcard67 to wildcard181
[DEBUG] Dynamically added transition from wildcard66 to wildcard181
[DEBUG] Dynamically added transition from wildcard65 to wildcard181
[DEBUG] Dynamically added transition from wildcard64 to wildcard181
[DEBUG] Dynamically added transition from wildcard63 to wildcard181
[DEBUG] Dynamically added transition from wildcard62 to wildcard181
[DEBUG] Dynamically added transition from wildcard61 to wildcard181
[DEBUG] Dynamically added transition from wildcard60 to wildcard181
[DEBUG] Dynamically added transition from wildcard100 to wildcard181
[DEBUG] Dynamically added transition from wildcard107 to wildcard181
[DEBUG] Dynamically added transition from wildcard108 to wildcard181
[DEBUG] Dynamically added transition from wildcard105 to wildcard181
[DEBUG] Dynamically added transition from wildcard106 to wildcard181
[DEBUG] Dynamically added transition from wildcard103 to wildcard181
[DEBUG] Dynamically added transition from wildcard104 to wildcard181
[DEBUG] Dynamically added transition from wildcard101 to wildcard181
[DEBUG] Dynamically added transition from wildcard102 to wildcard181
[DEBUG] Dynamically added transition from wildcard79 to wildcard181
[DEBUG] Dynamically added transition from wildcard78 to wildcard181
[DEBUG] Dynamically added transition from wildcard77 to wildcard181
[DEBUG] Dynamically added transition from wildcard76 to wildcard181
[DEBUG] Dynamically added transition from wildcard109 to wildcard181
[DEBUG] Dynamically added transition from wildcard75 to wildcard181
[DEBUG] Dynamically added transition from wildcard74 to wildcard181
[DEBUG] Dynamically added transition from wildcard73 to wildcard181
[DEBUG] Dynamically added transition from wildcard72 to wildcard181
[DEBUG] Dynamically added transition from wildcard71 to wildcard181
[DEBUG] Dynamically added transition from wildcard70 to wildcard181
[DEBUG] Dynamically added transition from wildcard110 to wildcard181
[DEBUG] Dynamically added transition from wildcard111 to wildcard181
[DEBUG] Dynamically added transition from wildcard118 to wildcard181
[DEBUG] Dynamically added transition from wildcard119 to wildcard181
[DEBUG] Dynamically added transition from wildcard116 to wildcard181
[DEBUG] Dynamically added transition from wildcard117 to wildcard181
[DEBUG] Dynamically added transition from wildcard114 to wildcard181
[DEBUG] Dynamically added transition from wildcard115 to wildcard181
[DEBUG] Dynamically added transition from wildcard112 to wildcard181
[DEBUG] Dynamically added transition from wildcard113 to wildcard181
[DEBUG] Dynamically added transition from wildcard89 to wildcard181
[DEBUG] Dynamically added transition from wildcard88 to wildcard181
[DEBUG] Dynamically added transition from wildcard87 to wildcard181
[DEBUG] Dynamically added transition from wildcard86 to wildcard181
[DEBUG] Dynamically added transition from wildcard85 to wildcard181
[DEBUG] Dynamically added transition from wildcard84 to wildcard181
[DEBUG] Dynamically added transition from wildcard83 to wildcard181
[DEBUG] Dynamically added transition from wildcard82 to wildcard181
[DEBUG] Dynamically added transition from wildcard81 to wildcard181
[DEBUG] Dynamically added transition from wildcard80 to wildcard181
[DEBUG] Dynamically added transition from wildcard165 to wildcard181
[DEBUG] Dynamically added transition from wildcard166 to wildcard181
[DEBUG] Dynamically added transition from wildcard163 to wildcard181
[DEBUG] Dynamically added transition from wildcard164 to wildcard181
[DEBUG] Dynamically added transition from wildcard161 to wildcard181
[DEBUG] Dynamically added transition from wildcard162 to wildcard181
[DEBUG] Dynamically added transition from wildcard160 to wildcard181
[DEBUG] Dynamically added transition from wildcard169 to wildcard181
[DEBUG] Dynamically added transition from wildcard167 to wildcard181
[DEBUG] Dynamically added transition from wildcard168 to wildcard181
[DEBUG] Dynamically added transition from wildcard16 to wildcard181
[DEBUG] Dynamically added transition from wildcard15 to wildcard181
[DEBUG] Dynamically added transition from wildcard14 to wildcard181
[DEBUG] Dynamically added transition from wildcard13 to wildcard181
[DEBUG] Dynamically added transition from wildcard12 to wildcard181
[DEBUG] Dynamically added transition from wildcard11 to wildcard181
[DEBUG] Dynamically added transition from wildcard99 to wildcard181
[DEBUG] Dynamically added transition from wildcard10 to wildcard181
[DEBUG] Dynamically added transition from wildcard98 to wildcard181
[DEBUG] Dynamically added transition from wildcard97 to wildcard181
[DEBUG] Dynamically added transition from start to wildcard181
[DEBUG] Dynamically added transition from wildcard96 to wildcard181
[DEBUG] Dynamically added transition from wildcard95 to wildcard181
[DEBUG] Dynamically added transition from wildcard94 to wildcard181
[DEBUG] Dynamically added transition from wildcard93 to wildcard181
[DEBUG] Dynamically added transition from wildcard92 to wildcard181
[DEBUG] Dynamically added transition from wildcard91 to wildcard181
[DEBUG] Dynamically added transition from wildcard90 to wildcard181
[DEBUG] Dynamically added transition from wildcard176 to wildcard181
[DEBUG] Dynamically added transition from wildcard177 to wildcard181
[DEBUG] Dynamically added transition from wildcard174 to wildcard181
[DEBUG] Dynamically added transition from wildcard175 to wildcard181
[DEBUG] Dynamically added transition from wildcard172 to wildcard181
[DEBUG] Dynamically added transition from wildcard173 to wildcard181
[DEBUG] Dynamically added transition from wildcard170 to wildcard181
[DEBUG] Dynamically added transition from wildcard171 to wildcard181
[DEBUG] Dynamically added transition from wildcard178 to wildcard181
[DEBUG] Dynamically added transition from wildcard179 to wildcard181
[DEBUG] Dynamically added transition from wildcard181 to wildcard27
[DEBUG] Dynamically added transition from wildcard181 to wildcard26
[DEBUG] Dynamically added transition from wildcard181 to wildcard25
[DEBUG] Dynamically added transition from wildcard181 to wildcard24
[DEBUG] Dynamically added transition from wildcard181 to wildcard23
[DEBUG] Dynamically added transition from wildcard181 to wildcard22
[DEBUG] Dynamically added transition from wildcard181 to wildcard1
[DEBUG] Dynamically added transition from wildcard181 to wildcard21
[DEBUG] Dynamically added transition from wildcard181 to wildcard0
[DEBUG] Dynamically added transition from wildcard181 to wildcard20
[DEBUG] Dynamically added transition from wildcard181 to wildcard3
[DEBUG] Dynamically added transition from wildcard181 to wildcard2
[DEBUG] Dynamically added transition from wildcard181 to wildcard5
[DEBUG] Dynamically added transition from wildcard181 to wildcard4
[DEBUG] Dynamically added transition from wildcard181 to wildcard7
[DEBUG] Dynamically added transition from wildcard181 to wildcard6
[DEBUG] Dynamically added transition from wildcard181 to wildcard9
[DEBUG] Dynamically added transition from wildcard181 to wildcard8
[DEBUG] Dynamically added transition from wildcard181 to wildcard143
[DEBUG] Dynamically added transition from wildcard181 to wildcard144
[DEBUG] Dynamically added transition from wildcard181 to wildcard141
[DEBUG] Dynamically added transition from wildcard181 to wildcard142
[DEBUG] Dynamically added transition from wildcard181 to wildcard140
[DEBUG] Dynamically added transition from wildcard181 to wildcard149
[DEBUG] Dynamically added transition from wildcard181 to wildcard147
[DEBUG] Dynamically added transition from wildcard181 to wildcard19
[DEBUG] Dynamically added transition from wildcard181 to wildcard148
[DEBUG] Dynamically added transition from wildcard181 to wildcard18
[DEBUG] Dynamically added transition from wildcard181 to wildcard145
[DEBUG] Dynamically added transition from wildcard181 to wildcard17
[DEBUG] Dynamically added transition from wildcard181 to wildcard146
[DEBUG] Dynamically added transition from wildcard181 to wildcard38
[DEBUG] Dynamically added transition from wildcard181 to wildcard37
[DEBUG] Dynamically added transition from wildcard181 to wildcard36
[DEBUG] Dynamically added transition from wildcard181 to wildcard35
[DEBUG] Dynamically added transition from wildcard181 to wildcard34
[DEBUG] Dynamically added transition from wildcard181 to wildcard33
[DEBUG] Dynamically added transition from wildcard181 to wildcard32
[DEBUG] Dynamically added transition from wildcard181 to wildcard31
[DEBUG] Dynamically added transition from wildcard181 to wildcard30
[DEBUG] Dynamically added transition from wildcard181 to wildcard154
[DEBUG] Dynamically added transition from wildcard181 to wildcard155
[DEBUG] Dynamically added transition from wildcard181 to wildcard152
[DEBUG] Dynamically added transition from wildcard181 to wildcard153
[DEBUG] Dynamically added transition from wildcard181 to wildcard150
[DEBUG] Dynamically added transition from wildcard181 to wildcard151
[DEBUG] Dynamically added transition from wildcard181 to wildcard158
[DEBUG] Dynamically added transition from wildcard181 to wildcard159
[DEBUG] Dynamically added transition from wildcard181 to wildcard29
[DEBUG] Dynamically added transition from wildcard181 to wildcard156
[DEBUG] Dynamically added transition from wildcard181 to wildcard28
[DEBUG] Dynamically added transition from wildcard181 to wildcard157
[DEBUG] Dynamically added transition from wildcard181 to wildcard49
[DEBUG] Dynamically added transition from wildcard181 to wildcard48
[DEBUG] Dynamically added transition from wildcard181 to wildcard47
[DEBUG] Dynamically added transition from wildcard181 to wildcard46
[DEBUG] Dynamically added transition from wildcard181 to wildcard45
[DEBUG] Dynamically added transition from wildcard181 to wildcard44
[DEBUG] Dynamically added transition from wildcard181 to wildcard43
[DEBUG] Dynamically added transition from wildcard181 to wildcard42
[DEBUG] Dynamically added transition from wildcard181 to wildcard41
[DEBUG] Dynamically added transition from wildcard181 to wildcard40
[DEBUG] Dynamically added transition from wildcard181 to wildcard121
[DEBUG] Dynamically added transition from wildcard181 to wildcard122
[DEBUG] Dynamically added transition from wildcard181 to wildcard120
[DEBUG] Dynamically added transition from wildcard181 to wildcard129
[DEBUG] Dynamically added transition from wildcard181 to wildcard127
[DEBUG] Dynamically added transition from wildcard181 to wildcard128
[DEBUG] Dynamically added transition from wildcard181 to wildcard125
[DEBUG] Dynamically added transition from wildcard181 to wildcard126
[DEBUG] Dynamically added transition from wildcard181 to wildcard123
[DEBUG] Dynamically added transition from wildcard181 to wildcard39
[DEBUG] Dynamically added transition from wildcard181 to wildcard124
[DEBUG] Dynamically added transition from wildcard181 to wildcard59
[DEBUG] Dynamically added transition from wildcard181 to wildcard58
[DEBUG] Dynamically added transition from wildcard181 to middle
[DEBUG] Dynamically added transition from wildcard181 to wildcard57
[DEBUG] Dynamically added transition from wildcard181 to wildcard56
[DEBUG] Dynamically added transition from wildcard181 to wildcard55
[DEBUG] Dynamically added transition from wildcard181 to wildcard54
[DEBUG] Dynamically added transition from wildcard181 to wildcard53
[DEBUG] Dynamically added transition from wildcard181 to wildcard52
[DEBUG] Dynamically added transition from wildcard181 to wildcard51
[DEBUG] Dynamically added transition from wildcard181 to wildcard50
[DEBUG] Dynamically added transition from wildcard181 to wildcard132
[DEBUG] Dynamically added transition from wildcard181 to wildcard133
[DEBUG] Dynamically added transition from wildcard181 to wildcard130
[DEBUG] Dynamically added transition from wildcard181 to wildcard131
[DEBUG] Dynamically added transition from wildcard181 to wildcard138
[DEBUG] Dynamically added transition from wildcard181 to wildcard139
[DEBUG] Dynamically added transition from wildcard181 to wildcard136
[DEBUG] Dynamically added transition from wildcard181 to wildcard137
[DEBUG] Dynamically added transition from wildcard181 to wildcard134
[DEBUG] Dynamically added transition from wildcard181 to wildcard135
[DEBUG] Dynamically added transition from wildcard181 to wildcard69
[DEBUG] Dynamically added transition from wildcard181 to wildcard68
[DEBUG] Dynamically added transition from wildcard181 to wildcard67
[DEBUG] Dynamically added transition from wildcard181 to wildcard66
[DEBUG] Dynamically added transition from wildcard181 to wildcard65
[DEBUG] Dynamically added transition from wildcard181 to wildcard64
[DEBUG] Dynamically added transition from wildcard181 to wildcard63
[DEBUG] Dynamically added transition from wildcard181 to wildcard62
[DEBUG] Dynamically added transition from wildcard181 to wildcard180
[DEBUG] Dynamically added transition from wildcard181 to wildcard61
[DEBUG] Dynamically added transition from wildcard181 to wildcard60
[DEBUG] Dynamically added transition from wildcard181 to wildcard100
[DEBUG] Dynamically added transition from wildcard181 to wildcard181
[DEBUG] Dynamically added transition from wildcard181 to wildcard107
[DEBUG] Dynamically added transition from wildcard181 to wildcard108
[DEBUG] Dynamically added transition from wildcard181 to wildcard105
[DEBUG] Dynamically added transition from wildcard181 to wildcard106
[DEBUG] Dynamically added transition from wildcard181 to wildcard103
[DEBUG] Dynamically added transition from wildcard181 to wildcard104
[DEBUG] Dynamically added transition from wildcard181 to wildcard101
[DEBUG] Dynamically added transition from wildcard181 to wildcard102
[DEBUG] Dynamically added transition from wildcard181 to wildcard79
[DEBUG] Dynamically added transition from wildcard181 to wildcard78
[DEBUG] Dynamically added transition from wildcard181 to wildcard77
[DEBUG] Dynamically added transition from wildcard181 to wildcard76
[DEBUG] Dynamically added transition from wildcard181 to wildcard109
[DEBUG] Dynamically added transition from wildcard181 to wildcard75
[DEBUG] Dynamically added transition from wildcard181 to wildcard74
[DEBUG] Dynamically added transition from wildcard181 to wildcard73
[DEBUG] Dynamically added transition from wildcard181 to wildcard72
[DEBUG] Dynamically added transition from wildcard181 to wildcard71
[DEBUG] Dynamically added transition from wildcard181 to wildcard70
[DEBUG] Dynamically added transition from wildcard181 to wildcard110
[DEBUG] Dynamically added transition from wildcard181 to wildcard111
[DEBUG] Dynamically added transition from wildcard181 to wildcard118
[DEBUG] Dynamically added transition from wildcard181 to wildcard119
[DEBUG] Dynamically added transition from wildcard181 to wildcard116
[DEBUG] Dynamically added transition from wildcard181 to wildcard117
[DEBUG] Dynamically added transition from wildcard181 to .*
[DEBUG] Dynamically added transition from wildcard181 to wildcard114
[DEBUG] Dynamically added transition from wildcard181 to wildcard115
[DEBUG] Dynamically added transition from wildcard181 to wildcard112
[DEBUG] Dynamically added transition from wildcard181 to wildcard113
[DEBUG] Dynamically added transition from wildcard181 to wildcard89
[DEBUG] Dynamically added transition from wildcard181 to wildcard88
[DEBUG] Dynamically added transition from wildcard181 to wildcard87
[DEBUG] Dynamically added transition from wildcard181 to wildcard86
[DEBUG] Dynamically added transition from wildcard181 to INITIAL
[DEBUG] Dynamically added transition from wildcard181 to wildcard85
[DEBUG] Dynamically added transition from wildcard181 to wildcard84
[DEBUG] Dynamically added transition from wildcard181 to wildcard83
[DEBUG] Dynamically added transition from wildcard181 to wildcard82
[DEBUG] Dynamically added transition from wildcard181 to wildcard81
[DEBUG] Dynamically added transition from wildcard181 to wildcard80
[DEBUG] Dynamically added transition from wildcard181 to wildcard165
[DEBUG] Dynamically added transition from wildcard181 to wildcard166
[DEBUG] Dynamically added transition from wildcard181 to wildcard163
[DEBUG] Dynamically added transition from wildcard181 to wildcard164
[DEBUG] Dynamically added transition from wildcard181 to wildcard161
[DEBUG] Dynamically added transition from wildcard181 to wildcard162
[DEBUG] Dynamically added transition from wildcard181 to wildcard160
[DEBUG] Dynamically added transition from wildcard181 to end
[DEBUG] Dynamically added transition from wildcard181 to wildcard169
[DEBUG] Dynamically added transition from wildcard181 to wildcard167
[DEBUG] Dynamically added transition from wildcard181 to wildcard168
[DEBUG] Dynamically added transition from wildcard181 to wildcard16
[DEBUG] Dynamically added transition from wildcard181 to wildcard15
[DEBUG] Dynamically added transition from wildcard181 to wildcard14
[DEBUG] Dynamically added transition from wildcard181 to wildcard13
[DEBUG] Dynamically added transition from wildcard181 to wildcard12
[DEBUG] Dynamically added transition from wildcard181 to wildcard11
[DEBUG] Dynamically added transition from wildcard181 to wildcard99
[DEBUG] Dynamically added transition from wildcard181 to wildcard10
[DEBUG] Dynamically added transition from wildcard181 to wildcard98
[DEBUG] Dynamically added transition from wildcard181 to wildcard97
[DEBUG] Dynamically added transition from wildcard181 to start
[DEBUG] Dynamically added transition from wildcard181 to wildcard96
[DEBUG] Dynamically added transition from wildcard181 to wildcard95
[DEBUG] Dynamically added transition from wildcard181 to wildcard94
[DEBUG] Dynamically added transition from wildcard181 to wildcard93
[DEBUG] Dynamically added transition from wildcard181 to wildcard92
[DEBUG] Dynamically added transition from wildcard181 to wildcard91
[DEBUG] Dynamically added transition from wildcard181 to wildcard90
[DEBUG] Dynamically added transition from wildcard181 to wildcard176
[DEBUG] Dynamically added transition from wildcard181 to wildcard177
[DEBUG] Dynamically added transition from wildcard181 to wildcard174
[DEBUG] Dynamically added transition from wildcard181 to wildcard175
[DEBUG] Dynamically added transition from wildcard181 to wildcard172
[DEBUG] Dynamically added transition from wildcard181 to wildcard173
[DEBUG] Dynamically added transition from wildcard181 to wildcard170
[DEBUG] Dynamically added transition from wildcard181 to wildcard171
[DEBUG] Dynamically added transition from wildcard181 to wildcard178
[DEBUG] Dynamically added transition from wildcard181 to wildcard179
[INFO] Wildcard transition valid to state: wildcard181
[INFO] Wildcard transition detected from wildcard181 to wildcard182
[DEBUG] Created intermediate state for wildcard transition: wildcard182
[DEBUG] Dynamically added transition from wildcard181 to wildcard182
[DEBUG] Dynamically added transition from wildcard27 to wildcard182
[DEBUG] Dynamically added transition from wildcard26 to wildcard182
[DEBUG] Dynamically added transition from wildcard25 to wildcard182
[DEBUG] Dynamically added transition from wildcard24 to wildcard182
[DEBUG] Dynamically added transition from wildcard23 to wildcard182
[DEBUG] Dynamically added transition from wildcard22 to wildcard182
[DEBUG] Dynamically added transition from wildcard1 to wildcard182
[DEBUG] Dynamically added transition from wildcard21 to wildcard182
[DEBUG] Dynamically added transition from wildcard0 to wildcard182
[DEBUG] Dynamically added transition from wildcard20 to wildcard182
[DEBUG] Dynamically added transition from wildcard3 to wildcard182
[DEBUG] Dynamically added transition from wildcard2 to wildcard182
[DEBUG] Dynamically added transition from wildcard5 to wildcard182
[DEBUG] Dynamically added transition from wildcard4 to wildcard182
[DEBUG] Dynamically added transition from wildcard7 to wildcard182
[DEBUG] Dynamically added transition from wildcard6 to wildcard182
[DEBUG] Dynamically added transition from wildcard9 to wildcard182
[DEBUG] Dynamically added transition from wildcard8 to wildcard182
[DEBUG] Dynamically added transition from wildcard143 to wildcard182
[DEBUG] Dynamically added transition from wildcard144 to wildcard182
[DEBUG] Dynamically added transition from wildcard141 to wildcard182
[DEBUG] Dynamically added transition from wildcard142 to wildcard182
[DEBUG] Dynamically added transition from wildcard140 to wildcard182
[DEBUG] Dynamically added transition from wildcard149 to wildcard182
[DEBUG] Dynamically added transition from wildcard147 to wildcard182
[DEBUG] Dynamically added transition from wildcard19 to wildcard182
[DEBUG] Dynamically added transition from wildcard148 to wildcard182
[DEBUG] Dynamically added transition from wildcard18 to wildcard182
[DEBUG] Dynamically added transition from wildcard145 to wildcard182
[DEBUG] Dynamically added transition from wildcard17 to wildcard182
[DEBUG] Dynamically added transition from wildcard146 to wildcard182
[DEBUG] Dynamically added transition from wildcard38 to wildcard182
[DEBUG] Dynamically added transition from wildcard37 to wildcard182
[DEBUG] Dynamically added transition from wildcard36 to wildcard182
[DEBUG] Dynamically added transition from wildcard35 to wildcard182
[DEBUG] Dynamically added transition from wildcard34 to wildcard182
[DEBUG] Dynamically added transition from wildcard33 to wildcard182
[DEBUG] Dynamically added transition from wildcard32 to wildcard182
[DEBUG] Dynamically added transition from wildcard31 to wildcard182
[DEBUG] Dynamically added transition from wildcard30 to wildcard182
[DEBUG] Dynamically added transition from wildcard154 to wildcard182
[DEBUG] Dynamically added transition from wildcard155 to wildcard182
[DEBUG] Dynamically added transition from wildcard152 to wildcard182
[DEBUG] Dynamically added transition from wildcard153 to wildcard182
[DEBUG] Dynamically added transition from wildcard150 to wildcard182
[DEBUG] Dynamically added transition from wildcard151 to wildcard182
[DEBUG] Dynamically added transition from wildcard158 to wildcard182
[DEBUG] Dynamically added transition from wildcard159 to wildcard182
[DEBUG] Dynamically added transition from wildcard29 to wildcard182
[DEBUG] Dynamically added transition from wildcard156 to wildcard182
[DEBUG] Dynamically added transition from wildcard28 to wildcard182
[DEBUG] Dynamically added transition from wildcard157 to wildcard182
[DEBUG] Dynamically added transition from wildcard49 to wildcard182
[DEBUG] Dynamically added transition from wildcard48 to wildcard182
[DEBUG] Dynamically added transition from wildcard47 to wildcard182
[DEBUG] Dynamically added transition from wildcard46 to wildcard182
[DEBUG] Dynamically added transition from wildcard45 to wildcard182
[DEBUG] Dynamically added transition from wildcard44 to wildcard182
[DEBUG] Dynamically added transition from wildcard43 to wildcard182
[DEBUG] Dynamically added transition from wildcard42 to wildcard182
[DEBUG] Dynamically added transition from wildcard41 to wildcard182
[DEBUG] Dynamically added transition from wildcard40 to wildcard182
[DEBUG] Dynamically added transition from wildcard121 to wildcard182
[DEBUG] Dynamically added transition from wildcard122 to wildcard182
[DEBUG] Dynamically added transition from wildcard120 to wildcard182
[DEBUG] Dynamically added transition from wildcard129 to wildcard182
[DEBUG] Dynamically added transition from wildcard127 to wildcard182
[DEBUG] Dynamically added transition from wildcard128 to wildcard182
[DEBUG] Dynamically added transition from wildcard125 to wildcard182
[DEBUG] Dynamically added transition from wildcard126 to wildcard182
[DEBUG] Dynamically added transition from wildcard123 to wildcard182
[DEBUG] Dynamically added transition from wildcard39 to wildcard182
[DEBUG] Dynamically added transition from wildcard124 to wildcard182
[DEBUG] Dynamically added transition from wildcard59 to wildcard182
[DEBUG] Dynamically added transition from wildcard58 to wildcard182
[DEBUG] Dynamically added transition from middle to wildcard182
[DEBUG] Dynamically added transition from wildcard57 to wildcard182
[DEBUG] Dynamically added transition from wildcard56 to wildcard182
[DEBUG] Dynamically added transition from wildcard55 to wildcard182
[DEBUG] Dynamically added transition from wildcard54 to wildcard182
[DEBUG] Dynamically added transition from wildcard53 to wildcard182
[DEBUG] Dynamically added transition from wildcard52 to wildcard182
[DEBUG] Dynamically added transition from wildcard51 to wildcard182
[DEBUG] Dynamically added transition from wildcard50 to wildcard182
[DEBUG] Dynamically added transition from wildcard132 to wildcard182
[DEBUG] Dynamically added transition from wildcard133 to wildcard182
[DEBUG] Dynamically added transition from wildcard130 to wildcard182
[DEBUG] Dynamically added transition from wildcard131 to wildcard182
[DEBUG] Dynamically added transition from wildcard138 to wildcard182
[DEBUG] Dynamically added transition from wildcard139 to wildcard182
[DEBUG] Dynamically added transition from wildcard136 to wildcard182
[DEBUG] Dynamically added transition from wildcard137 to wildcard182
[DEBUG] Dynamically added transition from wildcard134 to wildcard182
[DEBUG] Dynamically added transition from wildcard135 to wildcard182
[DEBUG] Dynamically added transition from wildcard69 to wildcard182
[DEBUG] Dynamically added transition from wildcard68 to wildcard182
[DEBUG] Dynamically added transition from wildcard67 to wildcard182
[DEBUG] Dynamically added transition from wildcard66 to wildcard182
[DEBUG] Dynamically added transition from wildcard65 to wildcard182
[DEBUG] Dynamically added transition from wildcard64 to wildcard182
[DEBUG] Dynamically added transition from wildcard63 to wildcard182
[DEBUG] Dynamically added transition from wildcard62 to wildcard182
[DEBUG] Dynamically added transition from wildcard180 to wildcard182
[DEBUG] Dynamically added transition from wildcard61 to wildcard182
[DEBUG] Dynamically added transition from wildcard60 to wildcard182
[DEBUG] Dynamically added transition from wildcard100 to wildcard182
[DEBUG] Dynamically added transition from wildcard107 to wildcard182
[DEBUG] Dynamically added transition from wildcard108 to wildcard182
[DEBUG] Dynamically added transition from wildcard105 to wildcard182
[DEBUG] Dynamically added transition from wildcard106 to wildcard182
[DEBUG] Dynamically added transition from wildcard103 to wildcard182
[DEBUG] Dynamically added transition from wildcard104 to wildcard182
[DEBUG] Dynamically added transition from wildcard101 to wildcard182
[DEBUG] Dynamically added transition from wildcard102 to wildcard182
[DEBUG] Dynamically added transition from wildcard79 to wildcard182
[DEBUG] Dynamically added transition from wildcard78 to wildcard182
[DEBUG] Dynamically added transition from wildcard77 to wildcard182
[DEBUG] Dynamically added transition from wildcard76 to wildcard182
[DEBUG] Dynamically added transition from wildcard109 to wildcard182
[DEBUG] Dynamically added transition from wildcard75 to wildcard182
[DEBUG] Dynamically added transition from wildcard74 to wildcard182
[DEBUG] Dynamically added transition from wildcard73 to wildcard182
[DEBUG] Dynamically added transition from wildcard72 to wildcard182
[DEBUG] Dynamically added transition from wildcard71 to wildcard182
[DEBUG] Dynamically added transition from wildcard70 to wildcard182
[DEBUG] Dynamically added transition from wildcard110 to wildcard182
[DEBUG] Dynamically added transition from wildcard111 to wildcard182
[DEBUG] Dynamically added transition from wildcard118 to wildcard182
[DEBUG] Dynamically added transition from wildcard119 to wildcard182
[DEBUG] Dynamically added transition from wildcard116 to wildcard182
[DEBUG] Dynamically added transition from wildcard117 to wildcard182
[DEBUG] Dynamically added transition from wildcard114 to wildcard182
[DEBUG] Dynamically added transition from wildcard115 to wildcard182
[DEBUG] Dynamically added transition from wildcard112 to wildcard182
[DEBUG] Dynamically added transition from wildcard113 to wildcard182
[DEBUG] Dynamically added transition from wildcard89 to wildcard182
[DEBUG] Dynamically added transition from wildcard88 to wildcard182
[DEBUG] Dynamically added transition from wildcard87 to wildcard182
[DEBUG] Dynamically added transition from wildcard86 to wildcard182
[DEBUG] Dynamically added transition from wildcard85 to wildcard182
[DEBUG] Dynamically added transition from wildcard84 to wildcard182
[DEBUG] Dynamically added transition from wildcard83 to wildcard182
[DEBUG] Dynamically added transition from wildcard82 to wildcard182
[DEBUG] Dynamically added transition from wildcard81 to wildcard182
[DEBUG] Dynamically added transition from wildcard80 to wildcard182
[DEBUG] Dynamically added transition from wildcard165 to wildcard182
[DEBUG] Dynamically added transition from wildcard166 to wildcard182
[DEBUG] Dynamically added transition from wildcard163 to wildcard182
[DEBUG] Dynamically added transition from wildcard164 to wildcard182
[DEBUG] Dynamically added transition from wildcard161 to wildcard182
[DEBUG] Dynamically added transition from wildcard162 to wildcard182
[DEBUG] Dynamically added transition from wildcard160 to wildcard182
[DEBUG] Dynamically added transition from wildcard169 to wildcard182
[DEBUG] Dynamically added transition from wildcard167 to wildcard182
[DEBUG] Dynamically added transition from wildcard168 to wildcard182
[DEBUG] Dynamically added transition from wildcard16 to wildcard182
[DEBUG] Dynamically added transition from wildcard15 to wildcard182
[DEBUG] Dynamically added transition from wildcard14 to wildcard182
[DEBUG] Dynamically added transition from wildcard13 to wildcard182
[DEBUG] Dynamically added transition from wildcard12 to wildcard182
[DEBUG] Dynamically added transition from wildcard11 to wildcard182
[DEBUG] Dynamically added transition from wildcard99 to wildcard182
[DEBUG] Dynamically added transition from wildcard10 to wildcard182
[DEBUG] Dynamically added transition from wildcard98 to wildcard182
[DEBUG] Dynamically added transition from wildcard97 to wildcard182
[DEBUG] Dynamically added transition from start to wildcard182
[DEBUG] Dynamically added transition from wildcard96 to wildcard182
[DEBUG] Dynamically added transition from wildcard95 to wildcard182
[DEBUG] Dynamically added transition from wildcard94 to wildcard182
[DEBUG] Dynamically added transition from wildcard93 to wildcard182
[DEBUG] Dynamically added transition from wildcard92 to wildcard182
[DEBUG] Dynamically added transition from wildcard91 to wildcard182
[DEBUG] Dynamically added transition from wildcard90 to wildcard182
[DEBUG] Dynamically added transition from wildcard176 to wildcard182
[DEBUG] Dynamically added transition from wildcard177 to wildcard182
[DEBUG] Dynamically added transition from wildcard174 to wildcard182
[DEBUG] Dynamically added transition from wildcard175 to wildcard182
[DEBUG] Dynamically added transition from wildcard172 to wildcard182
[DEBUG] Dynamically added transition from wildcard173 to wildcard182
[DEBUG] Dynamically added transition from wildcard170 to wildcard182
[DEBUG] Dynamically added transition from wildcard171 to wildcard182
[DEBUG] Dynamically added transition from wildcard178 to wildcard182
[DEBUG] Dynamically added transition from wildcard179 to wildcard182
[DEBUG] Dynamically added transition from wildcard182 to wildcard27
[DEBUG] Dynamically added transition from wildcard182 to wildcard26
[DEBUG] Dynamically added transition from wildcard182 to wildcard25
[DEBUG] Dynamically added transition from wildcard182 to wildcard24
[DEBUG] Dynamically added transition from wildcard182 to wildcard23
[DEBUG] Dynamically added transition from wildcard182 to wildcard22
[DEBUG] Dynamically added transition from wildcard182 to wildcard1
[DEBUG] Dynamically added transition from wildcard182 to wildcard21
[DEBUG] Dynamically added transition from wildcard182 to wildcard0
[DEBUG] Dynamically added transition from wildcard182 to wildcard20
[DEBUG] Dynamically added transition from wildcard182 to wildcard3
[DEBUG] Dynamically added transition from wildcard182 to wildcard2
[DEBUG] Dynamically added transition from wildcard182 to wildcard5
[DEBUG] Dynamically added transition from wildcard182 to wildcard4
[DEBUG] Dynamically added transition from wildcard182 to wildcard7
[DEBUG] Dynamically added transition from wildcard182 to wildcard6
[DEBUG] Dynamically added transition from wildcard182 to wildcard9
[DEBUG] Dynamically added transition from wildcard182 to wildcard8
[DEBUG] Dynamically added transition from wildcard182 to wildcard143
[DEBUG] Dynamically added transition from wildcard182 to wildcard144
[DEBUG] Dynamically added transition from wildcard182 to wildcard141
[DEBUG] Dynamically added transition from wildcard182 to wildcard142
[DEBUG] Dynamically added transition from wildcard182 to wildcard140
[DEBUG] Dynamically added transition from wildcard182 to wildcard149
[DEBUG] Dynamically added transition from wildcard182 to wildcard147
[DEBUG] Dynamically added transition from wildcard182 to wildcard19
[DEBUG] Dynamically added transition from wildcard182 to wildcard148
[DEBUG] Dynamically added transition from wildcard182 to wildcard18
[DEBUG] Dynamically added transition from wildcard182 to wildcard145
[DEBUG] Dynamically added transition from wildcard182 to wildcard17
[DEBUG] Dynamically added transition from wildcard182 to wildcard146
[DEBUG] Dynamically added transition from wildcard182 to wildcard38
[DEBUG] Dynamically added transition from wildcard182 to wildcard37
[DEBUG] Dynamically added transition from wildcard182 to wildcard36
[DEBUG] Dynamically added transition from wildcard182 to wildcard35
[DEBUG] Dynamically added transition from wildcard182 to wildcard34
[DEBUG] Dynamically added transition from wildcard182 to wildcard33
[DEBUG] Dynamically added transition from wildcard182 to wildcard32
[DEBUG] Dynamically added transition from wildcard182 to wildcard31
[DEBUG] Dynamically added transition from wildcard182 to wildcard30
[DEBUG] Dynamically added transition from wildcard182 to wildcard154
[DEBUG] Dynamically added transition from wildcard182 to wildcard155
[DEBUG] Dynamically added transition from wildcard182 to wildcard152
[DEBUG] Dynamically added transition from wildcard182 to wildcard153
[DEBUG] Dynamically added transition from wildcard182 to wildcard150
[DEBUG] Dynamically added transition from wildcard182 to wildcard151
[DEBUG] Dynamically added transition from wildcard182 to wildcard158
[DEBUG] Dynamically added transition from wildcard182 to wildcard159
[DEBUG] Dynamically added transition from wildcard182 to wildcard29
[DEBUG] Dynamically added transition from wildcard182 to wildcard156
[DEBUG] Dynamically added transition from wildcard182 to wildcard28
[DEBUG] Dynamically added transition from wildcard182 to wildcard157
[DEBUG] Dynamically added transition from wildcard182 to wildcard49
[DEBUG] Dynamically added transition from wildcard182 to wildcard48
[DEBUG] Dynamically added transition from wildcard182 to wildcard47
[DEBUG] Dynamically added transition from wildcard182 to wildcard46
[DEBUG] Dynamically added transition from wildcard182 to wildcard45
[DEBUG] Dynamically added transition from wildcard182 to wildcard44
[DEBUG] Dynamically added transition from wildcard182 to wildcard43
[DEBUG] Dynamically added transition from wildcard182 to wildcard42
[DEBUG] Dynamically added transition from wildcard182 to wildcard41
[DEBUG] Dynamically added transition from wildcard182 to wildcard40
[DEBUG] Dynamically added transition from wildcard182 to wildcard121
[DEBUG] Dynamically added transition from wildcard182 to wildcard122
[DEBUG] Dynamically added transition from wildcard182 to wildcard120
[DEBUG] Dynamically added transition from wildcard182 to wildcard129
[DEBUG] Dynamically added transition from wildcard182 to wildcard127
[DEBUG] Dynamically added transition from wildcard182 to wildcard128
[DEBUG] Dynamically added transition from wildcard182 to wildcard125
[DEBUG] Dynamically added transition from wildcard182 to wildcard126
[DEBUG] Dynamically added transition from wildcard182 to wildcard123
[DEBUG] Dynamically added transition from wildcard182 to wildcard39
[DEBUG] Dynamically added transition from wildcard182 to wildcard124
[DEBUG] Dynamically added transition from wildcard182 to wildcard59
[DEBUG] Dynamically added transition from wildcard182 to wildcard58
[DEBUG] Dynamically added transition from wildcard182 to middle
[DEBUG] Dynamically added transition from wildcard182 to wildcard57
[DEBUG] Dynamically added transition from wildcard182 to wildcard56
[DEBUG] Dynamically added transition from wildcard182 to wildcard55
[DEBUG] Dynamically added transition from wildcard182 to wildcard54
[DEBUG] Dynamically added transition from wildcard182 to wildcard53
[DEBUG] Dynamically added transition from wildcard182 to wildcard52
[DEBUG] Dynamically added transition from wildcard182 to wildcard51
[DEBUG] Dynamically added transition from wildcard182 to wildcard50
[DEBUG] Dynamically added transition from wildcard182 to wildcard132
[DEBUG] Dynamically added transition from wildcard182 to wildcard133
[DEBUG] Dynamically added transition from wildcard182 to wildcard130
[DEBUG] Dynamically added transition from wildcard182 to wildcard131
[DEBUG] Dynamically added transition from wildcard182 to wildcard138
[DEBUG] Dynamically added transition from wildcard182 to wildcard139
[DEBUG] Dynamically added transition from wildcard182 to wildcard136
[DEBUG] Dynamically added transition from wildcard182 to wildcard137
[DEBUG] Dynamically added transition from wildcard182 to wildcard134
[DEBUG] Dynamically added transition from wildcard182 to wildcard135
[DEBUG] Dynamically added transition from wildcard182 to wildcard69
[DEBUG] Dynamically added transition from wildcard182 to wildcard68
[DEBUG] Dynamically added transition from wildcard182 to wildcard67
[DEBUG] Dynamically added transition from wildcard182 to wildcard66
[DEBUG] Dynamically added transition from wildcard182 to wildcard65
[DEBUG] Dynamically added transition from wildcard182 to wildcard64
[DEBUG] Dynamically added transition from wildcard182 to wildcard63
[DEBUG] Dynamically added transition from wildcard182 to wildcard62
[DEBUG] Dynamically added transition from wildcard182 to wildcard180
[DEBUG] Dynamically added transition from wildcard182 to wildcard61
[DEBUG] Dynamically added transition from wildcard182 to wildcard60
[DEBUG] Dynamically added transition from wildcard182 to wildcard100
[DEBUG] Dynamically added transition from wildcard182 to wildcard181
[DEBUG] Dynamically added transition from wildcard182 to wildcard182
[DEBUG] Dynamically added transition from wildcard182 to wildcard107
[DEBUG] Dynamically added transition from wildcard182 to wildcard108
[DEBUG] Dynamically added transition from wildcard182 to wildcard105
[DEBUG] Dynamically added transition from wildcard182 to wildcard106
[DEBUG] Dynamically added transition from wildcard182 to wildcard103
[DEBUG] Dynamically added transition from wildcard182 to wildcard104
[DEBUG] Dynamically added transition from wildcard182 to wildcard101
[DEBUG] Dynamically added transition from wildcard182 to wildcard102
[DEBUG] Dynamically added transition from wildcard182 to wildcard79
[DEBUG] Dynamically added transition from wildcard182 to wildcard78
[DEBUG] Dynamically added transition from wildcard182 to wildcard77
[DEBUG] Dynamically added transition from wildcard182 to wildcard76
[DEBUG] Dynamically added transition from wildcard182 to wildcard109
[DEBUG] Dynamically added transition from wildcard182 to wildcard75
[DEBUG] Dynamically added transition from wildcard182 to wildcard74
[DEBUG] Dynamically added transition from wildcard182 to wildcard73
[DEBUG] Dynamically added transition from wildcard182 to wildcard72
[DEBUG] Dynamically added transition from wildcard182 to wildcard71
[DEBUG] Dynamically added transition from wildcard182 to wildcard70
[DEBUG] Dynamically added transition from wildcard182 to wildcard110
[DEBUG] Dynamically added transition from wildcard182 to wildcard111
[DEBUG] Dynamically added transition from wildcard182 to wildcard118
[DEBUG] Dynamically added transition from wildcard182 to wildcard119
[DEBUG] Dynamically added transition from wildcard182 to wildcard116
[DEBUG] Dynamically added transition from wildcard182 to wildcard117
[DEBUG] Dynamically added transition from wildcard182 to .*
[DEBUG] Dynamically added transition from wildcard182 to wildcard114
[DEBUG] Dynamically added transition from wildcard182 to wildcard115
[DEBUG] Dynamically added transition from wildcard182 to wildcard112
[DEBUG] Dynamically added transition from wildcard182 to wildcard113
[DEBUG] Dynamically added transition from wildcard182 to wildcard89
[DEBUG] Dynamically added transition from wildcard182 to wildcard88
[DEBUG] Dynamically added transition from wildcard182 to wildcard87
[DEBUG] Dynamically added transition from wildcard182 to wildcard86
[DEBUG] Dynamically added transition from wildcard182 to INITIAL
[DEBUG] Dynamically added transition from wildcard182 to wildcard85
[DEBUG] Dynamically added transition from wildcard182 to wildcard84
[DEBUG] Dynamically added transition from wildcard182 to wildcard83
[DEBUG] Dynamically added transition from wildcard182 to wildcard82
[DEBUG] Dynamically added transition from wildcard182 to wildcard81
[DEBUG] Dynamically added transition from wildcard182 to wildcard80
[DEBUG] Dynamically added transition from wildcard182 to wildcard165
[DEBUG] Dynamically added transition from wildcard182 to wildcard166
[DEBUG] Dynamically added transition from wildcard182 to wildcard163
[DEBUG] Dynamically added transition from wildcard182 to wildcard164
[DEBUG] Dynamically added transition from wildcard182 to wildcard161
[DEBUG] Dynamically added transition from wildcard182 to wildcard162
[DEBUG] Dynamically added transition from wildcard182 to wildcard160
[DEBUG] Dynamically added transition from wildcard182 to end
[DEBUG] Dynamically added transition from wildcard182 to wildcard169
[DEBUG] Dynamically added transition from wildcard182 to wildcard167
[DEBUG] Dynamically added transition from wildcard182 to wildcard168
[DEBUG] Dynamically added transition from wildcard182 to wildcard16
[DEBUG] Dynamically added transition from wildcard182 to wildcard15
[DEBUG] Dynamically added transition from wildcard182 to wildcard14
[DEBUG] Dynamically added transition from wildcard182 to wildcard13
[DEBUG] Dynamically added transition from wildcard182 to wildcard12
[DEBUG] Dynamically added transition from wildcard182 to wildcard11
[DEBUG] Dynamically added transition from wildcard182 to wildcard99
[DEBUG] Dynamically added transition from wildcard182 to wildcard10
[DEBUG] Dynamically added transition from wildcard182 to wildcard98
[DEBUG] Dynamically added transition from wildcard182 to wildcard97
[DEBUG] Dynamically added transition from wildcard182 to start
[DEBUG] Dynamically added transition from wildcard182 to wildcard96
[DEBUG] Dynamically added transition from wildcard182 to wildcard95
[DEBUG] Dynamically added transition from wildcard182 to wildcard94
[DEBUG] Dynamically added transition from wildcard182 to wildcard93
[DEBUG] Dynamically added transition from wildcard182 to wildcard92
[DEBUG] Dynamically added transition from wildcard182 to wildcard91
[DEBUG] Dynamically added transition from wildcard182 to wildcard90
[DEBUG] Dynamically added transition from wildcard182 to wildcard176
[DEBUG] Dynamically added transition from wildcard182 to wildcard177
[DEBUG] Dynamically added transition from wildcard182 to wildcard174
[DEBUG] Dynamically added transition from wildcard182 to wildcard175
[DEBUG] Dynamically added transition from wildcard182 to wildcard172
[DEBUG] Dynamically added transition from wildcard182 to wildcard173
[DEBUG] Dynamically added transition from wildcard182 to wildcard170
[DEBUG] Dynamically added transition from wildcard182 to wildcard171
[DEBUG] Dynamically added transition from wildcard182 to wildcard178
[DEBUG] Dynamically added transition from wildcard182 to wildcard179
[INFO] Wildcard transition valid to state: wildcard182
[INFO] Wildcard transition detected from wildcard182 to wildcard183
[DEBUG] Created intermediate state for wildcard transition: wildcard183
[DEBUG] Dynamically added transition from wildcard182 to wildcard183
[DEBUG] Dynamically added transition from wildcard27 to wildcard183
[DEBUG] Dynamically added transition from wildcard26 to wildcard183
[DEBUG] Dynamically added transition from wildcard25 to wildcard183
[DEBUG] Dynamically added transition from wildcard24 to wildcard183
[DEBUG] Dynamically added transition from wildcard23 to wildcard183
[DEBUG] Dynamically added transition from wildcard22 to wildcard183
[DEBUG] Dynamically added transition from wildcard1 to wildcard183
[DEBUG] Dynamically added transition from wildcard21 to wildcard183
[DEBUG] Dynamically added transition from wildcard0 to wildcard183
[DEBUG] Dynamically added transition from wildcard20 to wildcard183
[DEBUG] Dynamically added transition from wildcard3 to wildcard183
[DEBUG] Dynamically added transition from wildcard2 to wildcard183
[DEBUG] Dynamically added transition from wildcard5 to wildcard183
[DEBUG] Dynamically added transition from wildcard4 to wildcard183
[DEBUG] Dynamically added transition from wildcard7 to wildcard183
[DEBUG] Dynamically added transition from wildcard6 to wildcard183
[DEBUG] Dynamically added transition from wildcard9 to wildcard183
[DEBUG] Dynamically added transition from wildcard8 to wildcard183
[DEBUG] Dynamically added transition from wildcard143 to wildcard183
[DEBUG] Dynamically added transition from wildcard144 to wildcard183
[DEBUG] Dynamically added transition from wildcard141 to wildcard183
[DEBUG] Dynamically added transition from wildcard142 to wildcard183
[DEBUG] Dynamically added transition from wildcard140 to wildcard183
[DEBUG] Dynamically added transition from wildcard149 to wildcard183
[DEBUG] Dynamically added transition from wildcard147 to wildcard183
[DEBUG] Dynamically added transition from wildcard19 to wildcard183
[DEBUG] Dynamically added transition from wildcard148 to wildcard183
[DEBUG] Dynamically added transition from wildcard18 to wildcard183
[DEBUG] Dynamically added transition from wildcard145 to wildcard183
[DEBUG] Dynamically added transition from wildcard17 to wildcard183
[DEBUG] Dynamically added transition from wildcard146 to wildcard183
[DEBUG] Dynamically added transition from wildcard38 to wildcard183
[DEBUG] Dynamically added transition from wildcard37 to wildcard183
[DEBUG] Dynamically added transition from wildcard36 to wildcard183
[DEBUG] Dynamically added transition from wildcard35 to wildcard183
[DEBUG] Dynamically added transition from wildcard34 to wildcard183
[DEBUG] Dynamically added transition from wildcard33 to wildcard183
[DEBUG] Dynamically added transition from wildcard32 to wildcard183
[DEBUG] Dynamically added transition from wildcard31 to wildcard183
[DEBUG] Dynamically added transition from wildcard30 to wildcard183
[DEBUG] Dynamically added transition from wildcard154 to wildcard183
[DEBUG] Dynamically added transition from wildcard155 to wildcard183
[DEBUG] Dynamically added transition from wildcard152 to wildcard183
[DEBUG] Dynamically added transition from wildcard153 to wildcard183
[DEBUG] Dynamically added transition from wildcard150 to wildcard183
[DEBUG] Dynamically added transition from wildcard151 to wildcard183
[DEBUG] Dynamically added transition from wildcard158 to wildcard183
[DEBUG] Dynamically added transition from wildcard159 to wildcard183
[DEBUG] Dynamically added transition from wildcard29 to wildcard183
[DEBUG] Dynamically added transition from wildcard156 to wildcard183
[DEBUG] Dynamically added transition from wildcard28 to wildcard183
[DEBUG] Dynamically added transition from wildcard157 to wildcard183
[DEBUG] Dynamically added transition from wildcard49 to wildcard183
[DEBUG] Dynamically added transition from wildcard48 to wildcard183
[DEBUG] Dynamically added transition from wildcard47 to wildcard183
[DEBUG] Dynamically added transition from wildcard46 to wildcard183
[DEBUG] Dynamically added transition from wildcard45 to wildcard183
[DEBUG] Dynamically added transition from wildcard44 to wildcard183
[DEBUG] Dynamically added transition from wildcard43 to wildcard183
[DEBUG] Dynamically added transition from wildcard42 to wildcard183
[DEBUG] Dynamically added transition from wildcard41 to wildcard183
[DEBUG] Dynamically added transition from wildcard40 to wildcard183
[DEBUG] Dynamically added transition from wildcard121 to wildcard183
[DEBUG] Dynamically added transition from wildcard122 to wildcard183
[DEBUG] Dynamically added transition from wildcard120 to wildcard183
[DEBUG] Dynamically added transition from wildcard129 to wildcard183
[DEBUG] Dynamically added transition from wildcard127 to wildcard183
[DEBUG] Dynamically added transition from wildcard128 to wildcard183
[DEBUG] Dynamically added transition from wildcard125 to wildcard183
[DEBUG] Dynamically added transition from wildcard126 to wildcard183
[DEBUG] Dynamically added transition from wildcard123 to wildcard183
[DEBUG] Dynamically added transition from wildcard39 to wildcard183
[DEBUG] Dynamically added transition from wildcard124 to wildcard183
[DEBUG] Dynamically added transition from wildcard59 to wildcard183
[DEBUG] Dynamically added transition from wildcard58 to wildcard183
[DEBUG] Dynamically added transition from middle to wildcard183
[DEBUG] Dynamically added transition from wildcard57 to wildcard183
[DEBUG] Dynamically added transition from wildcard56 to wildcard183
[DEBUG] Dynamically added transition from wildcard55 to wildcard183
[DEBUG] Dynamically added transition from wildcard54 to wildcard183
[DEBUG] Dynamically added transition from wildcard53 to wildcard183
[DEBUG] Dynamically added transition from wildcard52 to wildcard183
[DEBUG] Dynamically added transition from wildcard51 to wildcard183
[DEBUG] Dynamically added transition from wildcard50 to wildcard183
[DEBUG] Dynamically added transition from wildcard132 to wildcard183
[DEBUG] Dynamically added transition from wildcard133 to wildcard183
[DEBUG] Dynamically added transition from wildcard130 to wildcard183
[DEBUG] Dynamically added transition from wildcard131 to wildcard183
[DEBUG] Dynamically added transition from wildcard138 to wildcard183
[DEBUG] Dynamically added transition from wildcard139 to wildcard183
[DEBUG] Dynamically added transition from wildcard136 to wildcard183
[DEBUG] Dynamically added transition from wildcard137 to wildcard183
[DEBUG] Dynamically added transition from wildcard134 to wildcard183
[DEBUG] Dynamically added transition from wildcard135 to wildcard183
[DEBUG] Dynamically added transition from wildcard69 to wildcard183
[DEBUG] Dynamically added transition from wildcard68 to wildcard183
[DEBUG] Dynamically added transition from wildcard67 to wildcard183
[DEBUG] Dynamically added transition from wildcard66 to wildcard183
[DEBUG] Dynamically added transition from wildcard65 to wildcard183
[DEBUG] Dynamically added transition from wildcard64 to wildcard183
[DEBUG] Dynamically added transition from wildcard63 to wildcard183
[DEBUG] Dynamically added transition from wildcard62 to wildcard183
[DEBUG] Dynamically added transition from wildcard180 to wildcard183
[DEBUG] Dynamically added transition from wildcard61 to wildcard183
[DEBUG] Dynamically added transition from wildcard60 to wildcard183
[DEBUG] Dynamically added transition from wildcard100 to wildcard183
[DEBUG] Dynamically added transition from wildcard181 to wildcard183
[DEBUG] Dynamically added transition from wildcard107 to wildcard183
[DEBUG] Dynamically added transition from wildcard108 to wildcard183
[DEBUG] Dynamically added transition from wildcard105 to wildcard183
[DEBUG] Dynamically added transition from wildcard106 to wildcard183
[DEBUG] Dynamically added transition from wildcard103 to wildcard183
[DEBUG] Dynamically added transition from wildcard104 to wildcard183
[DEBUG] Dynamically added transition from wildcard101 to wildcard183
[DEBUG] Dynamically added transition from wildcard102 to wildcard183
[DEBUG] Dynamically added transition from wildcard79 to wildcard183
[DEBUG] Dynamically added transition from wildcard78 to wildcard183
[DEBUG] Dynamically added transition from wildcard77 to wildcard183
[DEBUG] Dynamically added transition from wildcard76 to wildcard183
[DEBUG] Dynamically added transition from wildcard109 to wildcard183
[DEBUG] Dynamically added transition from wildcard75 to wildcard183
[DEBUG] Dynamically added transition from wildcard74 to wildcard183
[DEBUG] Dynamically added transition from wildcard73 to wildcard183
[DEBUG] Dynamically added transition from wildcard72 to wildcard183
[DEBUG] Dynamically added transition from wildcard71 to wildcard183
[DEBUG] Dynamically added transition from wildcard70 to wildcard183
[DEBUG] Dynamically added transition from wildcard110 to wildcard183
[DEBUG] Dynamically added transition from wildcard111 to wildcard183
[DEBUG] Dynamically added transition from wildcard118 to wildcard183
[DEBUG] Dynamically added transition from wildcard119 to wildcard183
[DEBUG] Dynamically added transition from wildcard116 to wildcard183
[DEBUG] Dynamically added transition from wildcard117 to wildcard183
[DEBUG] Dynamically added transition from wildcard114 to wildcard183
[DEBUG] Dynamically added transition from wildcard115 to wildcard183
[DEBUG] Dynamically added transition from wildcard112 to wildcard183
[DEBUG] Dynamically added transition from wildcard113 to wildcard183
[DEBUG] Dynamically added transition from wildcard89 to wildcard183
[DEBUG] Dynamically added transition from wildcard88 to wildcard183
[DEBUG] Dynamically added transition from wildcard87 to wildcard183
[DEBUG] Dynamically added transition from wildcard86 to wildcard183
[DEBUG] Dynamically added transition from wildcard85 to wildcard183
[DEBUG] Dynamically added transition from wildcard84 to wildcard183
[DEBUG] Dynamically added transition from wildcard83 to wildcard183
[DEBUG] Dynamically added transition from wildcard82 to wildcard183
[DEBUG] Dynamically added transition from wildcard81 to wildcard183
[DEBUG] Dynamically added transition from wildcard80 to wildcard183
[DEBUG] Dynamically added transition from wildcard165 to wildcard183
[DEBUG] Dynamically added transition from wildcard166 to wildcard183
[DEBUG] Dynamically added transition from wildcard163 to wildcard183
[DEBUG] Dynamically added transition from wildcard164 to wildcard183
[DEBUG] Dynamically added transition from wildcard161 to wildcard183
[DEBUG] Dynamically added transition from wildcard162 to wildcard183
[DEBUG] Dynamically added transition from wildcard160 to wildcard183
[DEBUG] Dynamically added transition from wildcard169 to wildcard183
[DEBUG] Dynamically added transition from wildcard167 to wildcard183
[DEBUG] Dynamically added transition from wildcard168 to wildcard183
[DEBUG] Dynamically added transition from wildcard16 to wildcard183
[DEBUG] Dynamically added transition from wildcard15 to wildcard183
[DEBUG] Dynamically added transition from wildcard14 to wildcard183
[DEBUG] Dynamically added transition from wildcard13 to wildcard183
[DEBUG] Dynamically added transition from wildcard12 to wildcard183
[DEBUG] Dynamically added transition from wildcard11 to wildcard183
[DEBUG] Dynamically added transition from wildcard99 to wildcard183
[DEBUG] Dynamically added transition from wildcard10 to wildcard183
[DEBUG] Dynamically added transition from wildcard98 to wildcard183
[DEBUG] Dynamically added transition from wildcard97 to wildcard183
[DEBUG] Dynamically added transition from start to wildcard183
[DEBUG] Dynamically added transition from wildcard96 to wildcard183
[DEBUG] Dynamically added transition from wildcard95 to wildcard183
[DEBUG] Dynamically added transition from wildcard94 to wildcard183
[DEBUG] Dynamically added transition from wildcard93 to wildcard183
[DEBUG] Dynamically added transition from wildcard92 to wildcard183
[DEBUG] Dynamically added transition from wildcard91 to wildcard183
[DEBUG] Dynamically added transition from wildcard90 to wildcard183
[DEBUG] Dynamically added transition from wildcard176 to wildcard183
[DEBUG] Dynamically added transition from wildcard177 to wildcard183
[DEBUG] Dynamically added transition from wildcard174 to wildcard183
[DEBUG] Dynamically added transition from wildcard175 to wildcard183
[DEBUG] Dynamically added transition from wildcard172 to wildcard183
[DEBUG] Dynamically added transition from wildcard173 to wildcard183
[DEBUG] Dynamically added transition from wildcard170 to wildcard183
[DEBUG] Dynamically added transition from wildcard171 to wildcard183
[DEBUG] Dynamically added transition from wildcard178 to wildcard183
[DEBUG] Dynamically added transition from wildcard179 to wildcard183
[DEBUG] Dynamically added transition from wildcard183 to wildcard27
[DEBUG] Dynamically added transition from wildcard183 to wildcard26
[DEBUG] Dynamically added transition from wildcard183 to wildcard25
[DEBUG] Dynamically added transition from wildcard183 to wildcard24
[DEBUG] Dynamically added transition from wildcard183 to wildcard23
[DEBUG] Dynamically added transition from wildcard183 to wildcard22
[DEBUG] Dynamically added transition from wildcard183 to wildcard1
[DEBUG] Dynamically added transition from wildcard183 to wildcard21
[DEBUG] Dynamically added transition from wildcard183 to wildcard0
[DEBUG] Dynamically added transition from wildcard183 to wildcard20
[DEBUG] Dynamically added transition from wildcard183 to wildcard3
[DEBUG] Dynamically added transition from wildcard183 to wildcard2
[DEBUG] Dynamically added transition from wildcard183 to wildcard5
[DEBUG] Dynamically added transition from wildcard183 to wildcard4
[DEBUG] Dynamically added transition from wildcard183 to wildcard7
[DEBUG] Dynamically added transition from wildcard183 to wildcard6
[DEBUG] Dynamically added transition from wildcard183 to wildcard9
[DEBUG] Dynamically added transition from wildcard183 to wildcard8
[DEBUG] Dynamically added transition from wildcard183 to wildcard143
[DEBUG] Dynamically added transition from wildcard183 to wildcard144
[DEBUG] Dynamically added transition from wildcard183 to wildcard141
[DEBUG] Dynamically added transition from wildcard183 to wildcard142
[DEBUG] Dynamically added transition from wildcard183 to wildcard140
[DEBUG] Dynamically added transition from wildcard183 to wildcard149
[DEBUG] Dynamically added transition from wildcard183 to wildcard147
[DEBUG] Dynamically added transition from wildcard183 to wildcard19
[DEBUG] Dynamically added transition from wildcard183 to wildcard148
[DEBUG] Dynamically added transition from wildcard183 to wildcard18
[DEBUG] Dynamically added transition from wildcard183 to wildcard145
[DEBUG] Dynamically added transition from wildcard183 to wildcard17
[DEBUG] Dynamically added transition from wildcard183 to wildcard146
[DEBUG] Dynamically added transition from wildcard183 to wildcard38
[DEBUG] Dynamically added transition from wildcard183 to wildcard37
[DEBUG] Dynamically added transition from wildcard183 to wildcard36
[DEBUG] Dynamically added transition from wildcard183 to wildcard35
[DEBUG] Dynamically added transition from wildcard183 to wildcard34
[DEBUG] Dynamically added transition from wildcard183 to wildcard33
[DEBUG] Dynamically added transition from wildcard183 to wildcard32
[DEBUG] Dynamically added transition from wildcard183 to wildcard31
[DEBUG] Dynamically added transition from wildcard183 to wildcard30
[DEBUG] Dynamically added transition from wildcard183 to wildcard154
[DEBUG] Dynamically added transition from wildcard183 to wildcard155
[DEBUG] Dynamically added transition from wildcard183 to wildcard152
[DEBUG] Dynamically added transition from wildcard183 to wildcard153
[DEBUG] Dynamically added transition from wildcard183 to wildcard150
[DEBUG] Dynamically added transition from wildcard183 to wildcard151
[DEBUG] Dynamically added transition from wildcard183 to wildcard158
[DEBUG] Dynamically added transition from wildcard183 to wildcard159
[DEBUG] Dynamically added transition from wildcard183 to wildcard29
[DEBUG] Dynamically added transition from wildcard183 to wildcard156
[DEBUG] Dynamically added transition from wildcard183 to wildcard28
[DEBUG] Dynamically added transition from wildcard183 to wildcard157
[DEBUG] Dynamically added transition from wildcard183 to wildcard49
[DEBUG] Dynamically added transition from wildcard183 to wildcard48
[DEBUG] Dynamically added transition from wildcard183 to wildcard47
[DEBUG] Dynamically added transition from wildcard183 to wildcard46
[DEBUG] Dynamically added transition from wildcard183 to wildcard45
[DEBUG] Dynamically added transition from wildcard183 to wildcard44
[DEBUG] Dynamically added transition from wildcard183 to wildcard43
[DEBUG] Dynamically added transition from wildcard183 to wildcard42
[DEBUG] Dynamically added transition from wildcard183 to wildcard41
[DEBUG] Dynamically added transition from wildcard183 to wildcard40
[DEBUG] Dynamically added transition from wildcard183 to wildcard121
[DEBUG] Dynamically added transition from wildcard183 to wildcard122
[DEBUG] Dynamically added transition from wildcard183 to wildcard120
[DEBUG] Dynamically added transition from wildcard183 to wildcard129
[DEBUG] Dynamically added transition from wildcard183 to wildcard127
[DEBUG] Dynamically added transition from wildcard183 to wildcard128
[DEBUG] Dynamically added transition from wildcard183 to wildcard125
[DEBUG] Dynamically added transition from wildcard183 to wildcard126
[DEBUG] Dynamically added transition from wildcard183 to wildcard123
[DEBUG] Dynamically added transition from wildcard183 to wildcard39
[DEBUG] Dynamically added transition from wildcard183 to wildcard124
[DEBUG] Dynamically added transition from wildcard183 to wildcard59
[DEBUG] Dynamically added transition from wildcard183 to wildcard58
[DEBUG] Dynamically added transition from wildcard183 to middle
[DEBUG] Dynamically added transition from wildcard183 to wildcard57
[DEBUG] Dynamically added transition from wildcard183 to wildcard56
[DEBUG] Dynamically added transition from wildcard183 to wildcard55
[DEBUG] Dynamically added transition from wildcard183 to wildcard54
[DEBUG] Dynamically added transition from wildcard183 to wildcard53
[DEBUG] Dynamically added transition from wildcard183 to wildcard52
[DEBUG] Dynamically added transition from wildcard183 to wildcard51
[DEBUG] Dynamically added transition from wildcard183 to wildcard50
[DEBUG] Dynamically added transition from wildcard183 to wildcard132
[DEBUG] Dynamically added transition from wildcard183 to wildcard133
[DEBUG] Dynamically added transition from wildcard183 to wildcard130
[DEBUG] Dynamically added transition from wildcard183 to wildcard131
[DEBUG] Dynamically added transition from wildcard183 to wildcard138
[DEBUG] Dynamically added transition from wildcard183 to wildcard139
[DEBUG] Dynamically added transition from wildcard183 to wildcard136
[DEBUG] Dynamically added transition from wildcard183 to wildcard137
[DEBUG] Dynamically added transition from wildcard183 to wildcard134
[DEBUG] Dynamically added transition from wildcard183 to wildcard135
[DEBUG] Dynamically added transition from wildcard183 to wildcard69
[DEBUG] Dynamically added transition from wildcard183 to wildcard68
[DEBUG] Dynamically added transition from wildcard183 to wildcard67
[DEBUG] Dynamically added transition from wildcard183 to wildcard66
[DEBUG] Dynamically added transition from wildcard183 to wildcard65
[DEBUG] Dynamically added transition from wildcard183 to wildcard64
[DEBUG] Dynamically added transition from wildcard183 to wildcard63
[DEBUG] Dynamically added transition from wildcard183 to wildcard62
[DEBUG] Dynamically added transition from wildcard183 to wildcard180
[DEBUG] Dynamically added transition from wildcard183 to wildcard61
[DEBUG] Dynamically added transition from wildcard183 to wildcard60
[DEBUG] Dynamically added transition from wildcard183 to wildcard100
[DEBUG] Dynamically added transition from wildcard183 to wildcard183
[DEBUG] Dynamically added transition from wildcard183 to wildcard181
[DEBUG] Dynamically added transition from wildcard183 to wildcard182
[DEBUG] Dynamically added transition from wildcard183 to wildcard107
[DEBUG] Dynamically added transition from wildcard183 to wildcard108
[DEBUG] Dynamically added transition from wildcard183 to wildcard105
[DEBUG] Dynamically added transition from wildcard183 to wildcard106
[DEBUG] Dynamically added transition from wildcard183 to wildcard103
[DEBUG] Dynamically added transition from wildcard183 to wildcard104
[DEBUG] Dynamically added transition from wildcard183 to wildcard101
[DEBUG] Dynamically added transition from wildcard183 to wildcard102
[DEBUG] Dynamically added transition from wildcard183 to wildcard79
[DEBUG] Dynamically added transition from wildcard183 to wildcard78
[DEBUG] Dynamically added transition from wildcard183 to wildcard77
[DEBUG] Dynamically added transition from wildcard183 to wildcard76
[DEBUG] Dynamically added transition from wildcard183 to wildcard109
[DEBUG] Dynamically added transition from wildcard183 to wildcard75
[DEBUG] Dynamically added transition from wildcard183 to wildcard74
[DEBUG] Dynamically added transition from wildcard183 to wildcard73
[DEBUG] Dynamically added transition from wildcard183 to wildcard72
[DEBUG] Dynamically added transition from wildcard183 to wildcard71
[DEBUG] Dynamically added transition from wildcard183 to wildcard70
[DEBUG] Dynamically added transition from wildcard183 to wildcard110
[DEBUG] Dynamically added transition from wildcard183 to wildcard111
[DEBUG] Dynamically added transition from wildcard183 to wildcard118
[DEBUG] Dynamically added transition from wildcard183 to wildcard119
[DEBUG] Dynamically added transition from wildcard183 to wildcard116
[DEBUG] Dynamically added transition from wildcard183 to wildcard117
[DEBUG] Dynamically added transition from wildcard183 to .*
[DEBUG] Dynamically added transition from wildcard183 to wildcard114
[DEBUG] Dynamically added transition from wildcard183 to wildcard115
[DEBUG] Dynamically added transition from wildcard183 to wildcard112
[DEBUG] Dynamically added transition from wildcard183 to wildcard113
[DEBUG] Dynamically added transition from wildcard183 to wildcard89
[DEBUG] Dynamically added transition from wildcard183 to wildcard88
[DEBUG] Dynamically added transition from wildcard183 to wildcard87
[DEBUG] Dynamically added transition from wildcard183 to wildcard86
[DEBUG] Dynamically added transition from wildcard183 to INITIAL
[DEBUG] Dynamically added transition from wildcard183 to wildcard85
[DEBUG] Dynamically added transition from wildcard183 to wildcard84
[DEBUG] Dynamically added transition from wildcard183 to wildcard83
[DEBUG] Dynamically added transition from wildcard183 to wildcard82
[DEBUG] Dynamically added transition from wildcard183 to wildcard81
[DEBUG] Dynamically added transition from wildcard183 to wildcard80
[DEBUG] Dynamically added transition from wildcard183 to wildcard165
[DEBUG] Dynamically added transition from wildcard183 to wildcard166
[DEBUG] Dynamically added transition from wildcard183 to wildcard163
[DEBUG] Dynamically added transition from wildcard183 to wildcard164
[DEBUG] Dynamically added transition from wildcard183 to wildcard161
[DEBUG] Dynamically added transition from wildcard183 to wildcard162
[DEBUG] Dynamically added transition from wildcard183 to wildcard160
[DEBUG] Dynamically added transition from wildcard183 to end
[DEBUG] Dynamically added transition from wildcard183 to wildcard169
[DEBUG] Dynamically added transition from wildcard183 to wildcard167
[DEBUG] Dynamically added transition from wildcard183 to wildcard168
[DEBUG] Dynamically added transition from wildcard183 to wildcard16
[DEBUG] Dynamically added transition from wildcard183 to wildcard15
[DEBUG] Dynamically added transition from wildcard183 to wildcard14
[DEBUG] Dynamically added transition from wildcard183 to wildcard13
[DEBUG] Dynamically added transition from wildcard183 to wildcard12
[DEBUG] Dynamically added transition from wildcard183 to wildcard11
[DEBUG] Dynamically added transition from wildcard183 to wildcard99
[DEBUG] Dynamically added transition from wildcard183 to wildcard10
[DEBUG] Dynamically added transition from wildcard183 to wildcard98
[DEBUG] Dynamically added transition from wildcard183 to wildcard97
[DEBUG] Dynamically added transition from wildcard183 to start
[DEBUG] Dynamically added transition from wildcard183 to wildcard96
[DEBUG] Dynamically added transition from wildcard183 to wildcard95
[DEBUG] Dynamically added transition from wildcard183 to wildcard94
[DEBUG] Dynamically added transition from wildcard183 to wildcard93
[DEBUG] Dynamically added transition from wildcard183 to wildcard92
[DEBUG] Dynamically added transition from wildcard183 to wildcard91
[DEBUG] Dynamically added transition from wildcard183 to wildcard90
[DEBUG] Dynamically added transition from wildcard183 to wildcard176
[DEBUG] Dynamically added transition from wildcard183 to wildcard177
[DEBUG] Dynamically added transition from wildcard183 to wildcard174
[DEBUG] Dynamically added transition from wildcard183 to wildcard175
[DEBUG] Dynamically added transition from wildcard183 to wildcard172
[DEBUG] Dynamically added transition from wildcard183 to wildcard173
[DEBUG] Dynamically added transition from wildcard183 to wildcard170
[DEBUG] Dynamically added transition from wildcard183 to wildcard171
[DEBUG] Dynamically added transition from wildcard183 to wildcard178
[DEBUG] Dynamically added transition from wildcard183 to wildcard179
[INFO] Wildcard transition valid to state: wildcard183
[INFO] Wildcard transition detected from wildcard183 to wildcard184
[DEBUG] Created intermediate state for wildcard transition: wildcard184
[DEBUG] Dynamically added transition from wildcard183 to wildcard184
[DEBUG] Dynamically added transition from wildcard27 to wildcard184
[DEBUG] Dynamically added transition from wildcard26 to wildcard184
[DEBUG] Dynamically added transition from wildcard25 to wildcard184
[DEBUG] Dynamically added transition from wildcard24 to wildcard184
[DEBUG] Dynamically added transition from wildcard23 to wildcard184
[DEBUG] Dynamically added transition from wildcard22 to wildcard184
[DEBUG] Dynamically added transition from wildcard1 to wildcard184
[DEBUG] Dynamically added transition from wildcard21 to wildcard184
[DEBUG] Dynamically added transition from wildcard0 to wildcard184
[DEBUG] Dynamically added transition from wildcard20 to wildcard184
[DEBUG] Dynamically added transition from wildcard3 to wildcard184
[DEBUG] Dynamically added transition from wildcard2 to wildcard184
[DEBUG] Dynamically added transition from wildcard5 to wildcard184
[DEBUG] Dynamically added transition from wildcard4 to wildcard184
[DEBUG] Dynamically added transition from wildcard7 to wildcard184
[DEBUG] Dynamically added transition from wildcard6 to wildcard184
[DEBUG] Dynamically added transition from wildcard9 to wildcard184
[DEBUG] Dynamically added transition from wildcard8 to wildcard184
[DEBUG] Dynamically added transition from wildcard143 to wildcard184
[DEBUG] Dynamically added transition from wildcard144 to wildcard184
[DEBUG] Dynamically added transition from wildcard141 to wildcard184
[DEBUG] Dynamically added transition from wildcard142 to wildcard184
[DEBUG] Dynamically added transition from wildcard140 to wildcard184
[DEBUG] Dynamically added transition from wildcard149 to wildcard184
[DEBUG] Dynamically added transition from wildcard147 to wildcard184
[DEBUG] Dynamically added transition from wildcard19 to wildcard184
[DEBUG] Dynamically added transition from wildcard148 to wildcard184
[DEBUG] Dynamically added transition from wildcard18 to wildcard184
[DEBUG] Dynamically added transition from wildcard145 to wildcard184
[DEBUG] Dynamically added transition from wildcard17 to wildcard184
[DEBUG] Dynamically added transition from wildcard146 to wildcard184
[DEBUG] Dynamically added transition from wildcard38 to wildcard184
[DEBUG] Dynamically added transition from wildcard37 to wildcard184
[DEBUG] Dynamically added transition from wildcard36 to wildcard184
[DEBUG] Dynamically added transition from wildcard35 to wildcard184
[DEBUG] Dynamically added transition from wildcard34 to wildcard184
[DEBUG] Dynamically added transition from wildcard33 to wildcard184
[DEBUG] Dynamically added transition from wildcard32 to wildcard184
[DEBUG] Dynamically added transition from wildcard31 to wildcard184
[DEBUG] Dynamically added transition from wildcard30 to wildcard184
[DEBUG] Dynamically added transition from wildcard154 to wildcard184
[DEBUG] Dynamically added transition from wildcard155 to wildcard184
[DEBUG] Dynamically added transition from wildcard152 to wildcard184
[DEBUG] Dynamically added transition from wildcard153 to wildcard184
[DEBUG] Dynamically added transition from wildcard150 to wildcard184
[DEBUG] Dynamically added transition from wildcard151 to wildcard184
[DEBUG] Dynamically added transition from wildcard158 to wildcard184
[DEBUG] Dynamically added transition from wildcard159 to wildcard184
[DEBUG] Dynamically added transition from wildcard29 to wildcard184
[DEBUG] Dynamically added transition from wildcard156 to wildcard184
[DEBUG] Dynamically added transition from wildcard28 to wildcard184
[DEBUG] Dynamically added transition from wildcard157 to wildcard184
[DEBUG] Dynamically added transition from wildcard49 to wildcard184
[DEBUG] Dynamically added transition from wildcard48 to wildcard184
[DEBUG] Dynamically added transition from wildcard47 to wildcard184
[DEBUG] Dynamically added transition from wildcard46 to wildcard184
[DEBUG] Dynamically added transition from wildcard45 to wildcard184
[DEBUG] Dynamically added transition from wildcard44 to wildcard184
[DEBUG] Dynamically added transition from wildcard43 to wildcard184
[DEBUG] Dynamically added transition from wildcard42 to wildcard184
[DEBUG] Dynamically added transition from wildcard41 to wildcard184
[DEBUG] Dynamically added transition from wildcard40 to wildcard184
[DEBUG] Dynamically added transition from wildcard121 to wildcard184
[DEBUG] Dynamically added transition from wildcard122 to wildcard184
[DEBUG] Dynamically added transition from wildcard120 to wildcard184
[DEBUG] Dynamically added transition from wildcard129 to wildcard184
[DEBUG] Dynamically added transition from wildcard127 to wildcard184
[DEBUG] Dynamically added transition from wildcard128 to wildcard184
[DEBUG] Dynamically added transition from wildcard125 to wildcard184
[DEBUG] Dynamically added transition from wildcard126 to wildcard184
[DEBUG] Dynamically added transition from wildcard123 to wildcard184
[DEBUG] Dynamically added transition from wildcard39 to wildcard184
[DEBUG] Dynamically added transition from wildcard124 to wildcard184
[DEBUG] Dynamically added transition from wildcard59 to wildcard184
[DEBUG] Dynamically added transition from wildcard58 to wildcard184
[DEBUG] Dynamically added transition from middle to wildcard184
[DEBUG] Dynamically added transition from wildcard57 to wildcard184
[DEBUG] Dynamically added transition from wildcard56 to wildcard184
[DEBUG] Dynamically added transition from wildcard55 to wildcard184
[DEBUG] Dynamically added transition from wildcard54 to wildcard184
[DEBUG] Dynamically added transition from wildcard53 to wildcard184
[DEBUG] Dynamically added transition from wildcard52 to wildcard184
[DEBUG] Dynamically added transition from wildcard51 to wildcard184
[DEBUG] Dynamically added transition from wildcard50 to wildcard184
[DEBUG] Dynamically added transition from wildcard132 to wildcard184
[DEBUG] Dynamically added transition from wildcard133 to wildcard184
[DEBUG] Dynamically added transition from wildcard130 to wildcard184
[DEBUG] Dynamically added transition from wildcard131 to wildcard184
[DEBUG] Dynamically added transition from wildcard138 to wildcard184
[DEBUG] Dynamically added transition from wildcard139 to wildcard184
[DEBUG] Dynamically added transition from wildcard136 to wildcard184
[DEBUG] Dynamically added transition from wildcard137 to wildcard184
[DEBUG] Dynamically added transition from wildcard134 to wildcard184
[DEBUG] Dynamically added transition from wildcard135 to wildcard184
[DEBUG] Dynamically added transition from wildcard69 to wildcard184
[DEBUG] Dynamically added transition from wildcard68 to wildcard184
[DEBUG] Dynamically added transition from wildcard67 to wildcard184
[DEBUG] Dynamically added transition from wildcard66 to wildcard184
[DEBUG] Dynamically added transition from wildcard65 to wildcard184
[DEBUG] Dynamically added transition from wildcard64 to wildcard184
[DEBUG] Dynamically added transition from wildcard63 to wildcard184
[DEBUG] Dynamically added transition from wildcard62 to wildcard184
[DEBUG] Dynamically added transition from wildcard180 to wildcard184
[DEBUG] Dynamically added transition from wildcard61 to wildcard184
[DEBUG] Dynamically added transition from wildcard60 to wildcard184
[DEBUG] Dynamically added transition from wildcard100 to wildcard184
[DEBUG] Dynamically added transition from wildcard181 to wildcard184
[DEBUG] Dynamically added transition from wildcard182 to wildcard184
[DEBUG] Dynamically added transition from wildcard107 to wildcard184
[DEBUG] Dynamically added transition from wildcard108 to wildcard184
[DEBUG] Dynamically added transition from wildcard105 to wildcard184
[DEBUG] Dynamically added transition from wildcard106 to wildcard184
[DEBUG] Dynamically added transition from wildcard103 to wildcard184
[DEBUG] Dynamically added transition from wildcard104 to wildcard184
[DEBUG] Dynamically added transition from wildcard101 to wildcard184
[DEBUG] Dynamically added transition from wildcard102 to wildcard184
[DEBUG] Dynamically added transition from wildcard79 to wildcard184
[DEBUG] Dynamically added transition from wildcard78 to wildcard184
[DEBUG] Dynamically added transition from wildcard77 to wildcard184
[DEBUG] Dynamically added transition from wildcard76 to wildcard184
[DEBUG] Dynamically added transition from wildcard109 to wildcard184
[DEBUG] Dynamically added transition from wildcard75 to wildcard184
[DEBUG] Dynamically added transition from wildcard74 to wildcard184
[DEBUG] Dynamically added transition from wildcard73 to wildcard184
[DEBUG] Dynamically added transition from wildcard72 to wildcard184
[DEBUG] Dynamically added transition from wildcard71 to wildcard184
[DEBUG] Dynamically added transition from wildcard70 to wildcard184
[DEBUG] Dynamically added transition from wildcard110 to wildcard184
[DEBUG] Dynamically added transition from wildcard111 to wildcard184
[DEBUG] Dynamically added transition from wildcard118 to wildcard184
[DEBUG] Dynamically added transition from wildcard119 to wildcard184
[DEBUG] Dynamically added transition from wildcard116 to wildcard184
[DEBUG] Dynamically added transition from wildcard117 to wildcard184
[DEBUG] Dynamically added transition from wildcard114 to wildcard184
[DEBUG] Dynamically added transition from wildcard115 to wildcard184
[DEBUG] Dynamically added transition from wildcard112 to wildcard184
[DEBUG] Dynamically added transition from wildcard113 to wildcard184
[DEBUG] Dynamically added transition from wildcard89 to wildcard184
[DEBUG] Dynamically added transition from wildcard88 to wildcard184
[DEBUG] Dynamically added transition from wildcard87 to wildcard184
[DEBUG] Dynamically added transition from wildcard86 to wildcard184
[DEBUG] Dynamically added transition from wildcard85 to wildcard184
[DEBUG] Dynamically added transition from wildcard84 to wildcard184
[DEBUG] Dynamically added transition from wildcard83 to wildcard184
[DEBUG] Dynamically added transition from wildcard82 to wildcard184
[DEBUG] Dynamically added transition from wildcard81 to wildcard184
[DEBUG] Dynamically added transition from wildcard80 to wildcard184
[DEBUG] Dynamically added transition from wildcard165 to wildcard184
[DEBUG] Dynamically added transition from wildcard166 to wildcard184
[DEBUG] Dynamically added transition from wildcard163 to wildcard184
[DEBUG] Dynamically added transition from wildcard164 to wildcard184
[DEBUG] Dynamically added transition from wildcard161 to wildcard184
[DEBUG] Dynamically added transition from wildcard162 to wildcard184
[DEBUG] Dynamically added transition from wildcard160 to wildcard184
[DEBUG] Dynamically added transition from wildcard169 to wildcard184
[DEBUG] Dynamically added transition from wildcard167 to wildcard184
[DEBUG] Dynamically added transition from wildcard168 to wildcard184
[DEBUG] Dynamically added transition from wildcard16 to wildcard184
[DEBUG] Dynamically added transition from wildcard15 to wildcard184
[DEBUG] Dynamically added transition from wildcard14 to wildcard184
[DEBUG] Dynamically added transition from wildcard13 to wildcard184
[DEBUG] Dynamically added transition from wildcard12 to wildcard184
[DEBUG] Dynamically added transition from wildcard11 to wildcard184
[DEBUG] Dynamically added transition from wildcard99 to wildcard184
[DEBUG] Dynamically added transition from wildcard10 to wildcard184
[DEBUG] Dynamically added transition from wildcard98 to wildcard184
[DEBUG] Dynamically added transition from wildcard97 to wildcard184
[DEBUG] Dynamically added transition from start to wildcard184
[DEBUG] Dynamically added transition from wildcard96 to wildcard184
[DEBUG] Dynamically added transition from wildcard95 to wildcard184
[DEBUG] Dynamically added transition from wildcard94 to wildcard184
[DEBUG] Dynamically added transition from wildcard93 to wildcard184
[DEBUG] Dynamically added transition from wildcard92 to wildcard184
[DEBUG] Dynamically added transition from wildcard91 to wildcard184
[DEBUG] Dynamically added transition from wildcard90 to wildcard184
[DEBUG] Dynamically added transition from wildcard176 to wildcard184
[DEBUG] Dynamically added transition from wildcard177 to wildcard184
[DEBUG] Dynamically added transition from wildcard174 to wildcard184
[DEBUG] Dynamically added transition from wildcard175 to wildcard184
[DEBUG] Dynamically added transition from wildcard172 to wildcard184
[DEBUG] Dynamically added transition from wildcard173 to wildcard184
[DEBUG] Dynamically added transition from wildcard170 to wildcard184
[DEBUG] Dynamically added transition from wildcard171 to wildcard184
[DEBUG] Dynamically added transition from wildcard178 to wildcard184
[DEBUG] Dynamically added transition from wildcard179 to wildcard184
[DEBUG] Dynamically added transition from wildcard184 to wildcard27
[DEBUG] Dynamically added transition from wildcard184 to wildcard26
[DEBUG] Dynamically added transition from wildcard184 to wildcard25
[DEBUG] Dynamically added transition from wildcard184 to wildcard24
[DEBUG] Dynamically added transition from wildcard184 to wildcard23
[DEBUG] Dynamically added transition from wildcard184 to wildcard22
[DEBUG] Dynamically added transition from wildcard184 to wildcard1
[DEBUG] Dynamically added transition from wildcard184 to wildcard21
[DEBUG] Dynamically added transition from wildcard184 to wildcard0
[DEBUG] Dynamically added transition from wildcard184 to wildcard20
[DEBUG] Dynamically added transition from wildcard184 to wildcard3
[DEBUG] Dynamically added transition from wildcard184 to wildcard2
[DEBUG] Dynamically added transition from wildcard184 to wildcard5
[DEBUG] Dynamically added transition from wildcard184 to wildcard4
[DEBUG] Dynamically added transition from wildcard184 to wildcard7
[DEBUG] Dynamically added transition from wildcard184 to wildcard6
[DEBUG] Dynamically added transition from wildcard184 to wildcard9
[DEBUG] Dynamically added transition from wildcard184 to wildcard8
[DEBUG] Dynamically added transition from wildcard184 to wildcard143
[DEBUG] Dynamically added transition from wildcard184 to wildcard144
[DEBUG] Dynamically added transition from wildcard184 to wildcard141
[DEBUG] Dynamically added transition from wildcard184 to wildcard142
[DEBUG] Dynamically added transition from wildcard184 to wildcard140
[DEBUG] Dynamically added transition from wildcard184 to wildcard149
[DEBUG] Dynamically added transition from wildcard184 to wildcard147
[DEBUG] Dynamically added transition from wildcard184 to wildcard19
[DEBUG] Dynamically added transition from wildcard184 to wildcard148
[DEBUG] Dynamically added transition from wildcard184 to wildcard18
[DEBUG] Dynamically added transition from wildcard184 to wildcard145
[DEBUG] Dynamically added transition from wildcard184 to wildcard17
[DEBUG] Dynamically added transition from wildcard184 to wildcard146
[DEBUG] Dynamically added transition from wildcard184 to wildcard38
[DEBUG] Dynamically added transition from wildcard184 to wildcard37
[DEBUG] Dynamically added transition from wildcard184 to wildcard36
[DEBUG] Dynamically added transition from wildcard184 to wildcard35
[DEBUG] Dynamically added transition from wildcard184 to wildcard34
[DEBUG] Dynamically added transition from wildcard184 to wildcard33
[DEBUG] Dynamically added transition from wildcard184 to wildcard32
[DEBUG] Dynamically added transition from wildcard184 to wildcard31
[DEBUG] Dynamically added transition from wildcard184 to wildcard30
[DEBUG] Dynamically added transition from wildcard184 to wildcard154
[DEBUG] Dynamically added transition from wildcard184 to wildcard155
[DEBUG] Dynamically added transition from wildcard184 to wildcard152
[DEBUG] Dynamically added transition from wildcard184 to wildcard153
[DEBUG] Dynamically added transition from wildcard184 to wildcard150
[DEBUG] Dynamically added transition from wildcard184 to wildcard151
[DEBUG] Dynamically added transition from wildcard184 to wildcard158
[DEBUG] Dynamically added transition from wildcard184 to wildcard159
[DEBUG] Dynamically added transition from wildcard184 to wildcard29
[DEBUG] Dynamically added transition from wildcard184 to wildcard156
[DEBUG] Dynamically added transition from wildcard184 to wildcard28
[DEBUG] Dynamically added transition from wildcard184 to wildcard157
[DEBUG] Dynamically added transition from wildcard184 to wildcard49
[DEBUG] Dynamically added transition from wildcard184 to wildcard48
[DEBUG] Dynamically added transition from wildcard184 to wildcard47
[DEBUG] Dynamically added transition from wildcard184 to wildcard46
[DEBUG] Dynamically added transition from wildcard184 to wildcard45
[DEBUG] Dynamically added transition from wildcard184 to wildcard44
[DEBUG] Dynamically added transition from wildcard184 to wildcard43
[DEBUG] Dynamically added transition from wildcard184 to wildcard42
[DEBUG] Dynamically added transition from wildcard184 to wildcard41
[DEBUG] Dynamically added transition from wildcard184 to wildcard40
[DEBUG] Dynamically added transition from wildcard184 to wildcard121
[DEBUG] Dynamically added transition from wildcard184 to wildcard122
[DEBUG] Dynamically added transition from wildcard184 to wildcard120
[DEBUG] Dynamically added transition from wildcard184 to wildcard129
[DEBUG] Dynamically added transition from wildcard184 to wildcard127
[DEBUG] Dynamically added transition from wildcard184 to wildcard128
[DEBUG] Dynamically added transition from wildcard184 to wildcard125
[DEBUG] Dynamically added transition from wildcard184 to wildcard126
[DEBUG] Dynamically added transition from wildcard184 to wildcard123
[DEBUG] Dynamically added transition from wildcard184 to wildcard39
[DEBUG] Dynamically added transition from wildcard184 to wildcard124
[DEBUG] Dynamically added transition from wildcard184 to wildcard59
[DEBUG] Dynamically added transition from wildcard184 to wildcard58
[DEBUG] Dynamically added transition from wildcard184 to middle
[DEBUG] Dynamically added transition from wildcard184 to wildcard57
[DEBUG] Dynamically added transition from wildcard184 to wildcard56
[DEBUG] Dynamically added transition from wildcard184 to wildcard55
[DEBUG] Dynamically added transition from wildcard184 to wildcard54
[DEBUG] Dynamically added transition from wildcard184 to wildcard53
[DEBUG] Dynamically added transition from wildcard184 to wildcard52
[DEBUG] Dynamically added transition from wildcard184 to wildcard51
[DEBUG] Dynamically added transition from wildcard184 to wildcard50
[DEBUG] Dynamically added transition from wildcard184 to wildcard132
[DEBUG] Dynamically added transition from wildcard184 to wildcard133
[DEBUG] Dynamically added transition from wildcard184 to wildcard130
[DEBUG] Dynamically added transition from wildcard184 to wildcard131
[DEBUG] Dynamically added transition from wildcard184 to wildcard138
[DEBUG] Dynamically added transition from wildcard184 to wildcard139
[DEBUG] Dynamically added transition from wildcard184 to wildcard136
[DEBUG] Dynamically added transition from wildcard184 to wildcard137
[DEBUG] Dynamically added transition from wildcard184 to wildcard134
[DEBUG] Dynamically added transition from wildcard184 to wildcard135
[DEBUG] Dynamically added transition from wildcard184 to wildcard69
[DEBUG] Dynamically added transition from wildcard184 to wildcard68
[DEBUG] Dynamically added transition from wildcard184 to wildcard67
[DEBUG] Dynamically added transition from wildcard184 to wildcard66
[DEBUG] Dynamically added transition from wildcard184 to wildcard65
[DEBUG] Dynamically added transition from wildcard184 to wildcard64
[DEBUG] Dynamically added transition from wildcard184 to wildcard63
[DEBUG] Dynamically added transition from wildcard184 to wildcard62
[DEBUG] Dynamically added transition from wildcard184 to wildcard180
[DEBUG] Dynamically added transition from wildcard184 to wildcard61
[DEBUG] Dynamically added transition from wildcard184 to wildcard60
[DEBUG] Dynamically added transition from wildcard184 to wildcard100
[DEBUG] Dynamically added transition from wildcard184 to wildcard183
[DEBUG] Dynamically added transition from wildcard184 to wildcard184
[DEBUG] Dynamically added transition from wildcard184 to wildcard181
[DEBUG] Dynamically added transition from wildcard184 to wildcard182
[DEBUG] Dynamically added transition from wildcard184 to wildcard107
[DEBUG] Dynamically added transition from wildcard184 to wildcard108
[DEBUG] Dynamically added transition from wildcard184 to wildcard105
[DEBUG] Dynamically added transition from wildcard184 to wildcard106
[DEBUG] Dynamically added transition from wildcard184 to wildcard103
[DEBUG] Dynamically added transition from wildcard184 to wildcard104
[DEBUG] Dynamically added transition from wildcard184 to wildcard101
[DEBUG] Dynamically added transition from wildcard184 to wildcard102
[DEBUG] Dynamically added transition from wildcard184 to wildcard79
[DEBUG] Dynamically added transition from wildcard184 to wildcard78
[DEBUG] Dynamically added transition from wildcard184 to wildcard77
[DEBUG] Dynamically added transition from wildcard184 to wildcard76
[DEBUG] Dynamically added transition from wildcard184 to wildcard109
[DEBUG] Dynamically added transition from wildcard184 to wildcard75
[DEBUG] Dynamically added transition from wildcard184 to wildcard74
[DEBUG] Dynamically added transition from wildcard184 to wildcard73
[DEBUG] Dynamically added transition from wildcard184 to wildcard72
[DEBUG] Dynamically added transition from wildcard184 to wildcard71
[DEBUG] Dynamically added transition from wildcard184 to wildcard70
[DEBUG] Dynamically added transition from wildcard184 to wildcard110
[DEBUG] Dynamically added transition from wildcard184 to wildcard111
[DEBUG] Dynamically added transition from wildcard184 to wildcard118
[DEBUG] Dynamically added transition from wildcard184 to wildcard119
[DEBUG] Dynamically added transition from wildcard184 to wildcard116
[DEBUG] Dynamically added transition from wildcard184 to wildcard117
[DEBUG] Dynamically added transition from wildcard184 to .*
[DEBUG] Dynamically added transition from wildcard184 to wildcard114
[DEBUG] Dynamically added transition from wildcard184 to wildcard115
[DEBUG] Dynamically added transition from wildcard184 to wildcard112
[DEBUG] Dynamically added transition from wildcard184 to wildcard113
[DEBUG] Dynamically added transition from wildcard184 to wildcard89
[DEBUG] Dynamically added transition from wildcard184 to wildcard88
[DEBUG] Dynamically added transition from wildcard184 to wildcard87
[DEBUG] Dynamically added transition from wildcard184 to wildcard86
[DEBUG] Dynamically added transition from wildcard184 to INITIAL
[DEBUG] Dynamically added transition from wildcard184 to wildcard85
[DEBUG] Dynamically added transition from wildcard184 to wildcard84
[DEBUG] Dynamically added transition from wildcard184 to wildcard83
[DEBUG] Dynamically added transition from wildcard184 to wildcard82
[DEBUG] Dynamically added transition from wildcard184 to wildcard81
[DEBUG] Dynamically added transition from wildcard184 to wildcard80
[DEBUG] Dynamically added transition from wildcard184 to wildcard165
[DEBUG] Dynamically added transition from wildcard184 to wildcard166
[DEBUG] Dynamically added transition from wildcard184 to wildcard163
[DEBUG] Dynamically added transition from wildcard184 to wildcard164
[DEBUG] Dynamically added transition from wildcard184 to wildcard161
[DEBUG] Dynamically added transition from wildcard184 to wildcard162
[DEBUG] Dynamically added transition from wildcard184 to wildcard160
[DEBUG] Dynamically added transition from wildcard184 to end
[DEBUG] Dynamically added transition from wildcard184 to wildcard169
[DEBUG] Dynamically added transition from wildcard184 to wildcard167
[DEBUG] Dynamically added transition from wildcard184 to wildcard168
[DEBUG] Dynamically added transition from wildcard184 to wildcard16
[DEBUG] Dynamically added transition from wildcard184 to wildcard15
[DEBUG] Dynamically added transition from wildcard184 to wildcard14
[DEBUG] Dynamically added transition from wildcard184 to wildcard13
[DEBUG] Dynamically added transition from wildcard184 to wildcard12
[DEBUG] Dynamically added transition from wildcard184 to wildcard11
[DEBUG] Dynamically added transition from wildcard184 to wildcard99
[DEBUG] Dynamically added transition from wildcard184 to wildcard10
[DEBUG] Dynamically added transition from wildcard184 to wildcard98
[DEBUG] Dynamically added transition from wildcard184 to wildcard97
[DEBUG] Dynamically added transition from wildcard184 to start
[DEBUG] Dynamically added transition from wildcard184 to wildcard96
[DEBUG] Dynamically added transition from wildcard184 to wildcard95
[DEBUG] Dynamically added transition from wildcard184 to wildcard94
[DEBUG] Dynamically added transition from wildcard184 to wildcard93
[DEBUG] Dynamically added transition from wildcard184 to wildcard92
[DEBUG] Dynamically added transition from wildcard184 to wildcard91
[DEBUG] Dynamically added transition from wildcard184 to wildcard90
[DEBUG] Dynamically added transition from wildcard184 to wildcard176
[DEBUG] Dynamically added transition from wildcard184 to wildcard177
[DEBUG] Dynamically added transition from wildcard184 to wildcard174
[DEBUG] Dynamically added transition from wildcard184 to wildcard175
[DEBUG] Dynamically added transition from wildcard184 to wildcard172
[DEBUG] Dynamically added transition from wildcard184 to wildcard173
[DEBUG] Dynamically added transition from wildcard184 to wildcard170
[DEBUG] Dynamically added transition from wildcard184 to wildcard171
[DEBUG] Dynamically added transition from wildcard184 to wildcard178
[DEBUG] Dynamically added transition from wildcard184 to wildcard179
[INFO] Wildcard transition valid to state: wildcard184
[INFO] Wildcard transition detected from wildcard184 to wildcard185
[DEBUG] Created intermediate state for wildcard transition: wildcard185
[DEBUG] Dynamically added transition from wildcard184 to wildcard185
[DEBUG] Dynamically added transition from wildcard27 to wildcard185
[DEBUG] Dynamically added transition from wildcard26 to wildcard185
[DEBUG] Dynamically added transition from wildcard25 to wildcard185
[DEBUG] Dynamically added transition from wildcard24 to wildcard185
[DEBUG] Dynamically added transition from wildcard23 to wildcard185
[DEBUG] Dynamically added transition from wildcard22 to wildcard185
[DEBUG] Dynamically added transition from wildcard1 to wildcard185
[DEBUG] Dynamically added transition from wildcard21 to wildcard185
[DEBUG] Dynamically added transition from wildcard0 to wildcard185
[DEBUG] Dynamically added transition from wildcard20 to wildcard185
[DEBUG] Dynamically added transition from wildcard3 to wildcard185
[DEBUG] Dynamically added transition from wildcard2 to wildcard185
[DEBUG] Dynamically added transition from wildcard5 to wildcard185
[DEBUG] Dynamically added transition from wildcard4 to wildcard185
[DEBUG] Dynamically added transition from wildcard7 to wildcard185
[DEBUG] Dynamically added transition from wildcard6 to wildcard185
[DEBUG] Dynamically added transition from wildcard9 to wildcard185
[DEBUG] Dynamically added transition from wildcard8 to wildcard185
[DEBUG] Dynamically added transition from wildcard143 to wildcard185
[DEBUG] Dynamically added transition from wildcard144 to wildcard185
[DEBUG] Dynamically added transition from wildcard141 to wildcard185
[DEBUG] Dynamically added transition from wildcard142 to wildcard185
[DEBUG] Dynamically added transition from wildcard140 to wildcard185
[DEBUG] Dynamically added transition from wildcard149 to wildcard185
[DEBUG] Dynamically added transition from wildcard147 to wildcard185
[DEBUG] Dynamically added transition from wildcard19 to wildcard185
[DEBUG] Dynamically added transition from wildcard148 to wildcard185
[DEBUG] Dynamically added transition from wildcard18 to wildcard185
[DEBUG] Dynamically added transition from wildcard145 to wildcard185
[DEBUG] Dynamically added transition from wildcard17 to wildcard185
[DEBUG] Dynamically added transition from wildcard146 to wildcard185
[DEBUG] Dynamically added transition from wildcard38 to wildcard185
[DEBUG] Dynamically added transition from wildcard37 to wildcard185
[DEBUG] Dynamically added transition from wildcard36 to wildcard185
[DEBUG] Dynamically added transition from wildcard35 to wildcard185
[DEBUG] Dynamically added transition from wildcard34 to wildcard185
[DEBUG] Dynamically added transition from wildcard33 to wildcard185
[DEBUG] Dynamically added transition from wildcard32 to wildcard185
[DEBUG] Dynamically added transition from wildcard31 to wildcard185
[DEBUG] Dynamically added transition from wildcard30 to wildcard185
[DEBUG] Dynamically added transition from wildcard154 to wildcard185
[DEBUG] Dynamically added transition from wildcard155 to wildcard185
[DEBUG] Dynamically added transition from wildcard152 to wildcard185
[DEBUG] Dynamically added transition from wildcard153 to wildcard185
[DEBUG] Dynamically added transition from wildcard150 to wildcard185
[DEBUG] Dynamically added transition from wildcard151 to wildcard185
[DEBUG] Dynamically added transition from wildcard158 to wildcard185
[DEBUG] Dynamically added transition from wildcard159 to wildcard185
[DEBUG] Dynamically added transition from wildcard29 to wildcard185
[DEBUG] Dynamically added transition from wildcard156 to wildcard185
[DEBUG] Dynamically added transition from wildcard28 to wildcard185
[DEBUG] Dynamically added transition from wildcard157 to wildcard185
[DEBUG] Dynamically added transition from wildcard49 to wildcard185
[DEBUG] Dynamically added transition from wildcard48 to wildcard185
[DEBUG] Dynamically added transition from wildcard47 to wildcard185
[DEBUG] Dynamically added transition from wildcard46 to wildcard185
[DEBUG] Dynamically added transition from wildcard45 to wildcard185
[DEBUG] Dynamically added transition from wildcard44 to wildcard185
[DEBUG] Dynamically added transition from wildcard43 to wildcard185
[DEBUG] Dynamically added transition from wildcard42 to wildcard185
[DEBUG] Dynamically added transition from wildcard41 to wildcard185
[DEBUG] Dynamically added transition from wildcard40 to wildcard185
[DEBUG] Dynamically added transition from wildcard121 to wildcard185
[DEBUG] Dynamically added transition from wildcard122 to wildcard185
[DEBUG] Dynamically added transition from wildcard120 to wildcard185
[DEBUG] Dynamically added transition from wildcard129 to wildcard185
[DEBUG] Dynamically added transition from wildcard127 to wildcard185
[DEBUG] Dynamically added transition from wildcard128 to wildcard185
[DEBUG] Dynamically added transition from wildcard125 to wildcard185
[DEBUG] Dynamically added transition from wildcard126 to wildcard185
[DEBUG] Dynamically added transition from wildcard123 to wildcard185
[DEBUG] Dynamically added transition from wildcard39 to wildcard185
[DEBUG] Dynamically added transition from wildcard124 to wildcard185
[DEBUG] Dynamically added transition from wildcard59 to wildcard185
[DEBUG] Dynamically added transition from wildcard58 to wildcard185
[DEBUG] Dynamically added transition from middle to wildcard185
[DEBUG] Dynamically added transition from wildcard57 to wildcard185
[DEBUG] Dynamically added transition from wildcard56 to wildcard185
[DEBUG] Dynamically added transition from wildcard55 to wildcard185
[DEBUG] Dynamically added transition from wildcard54 to wildcard185
[DEBUG] Dynamically added transition from wildcard53 to wildcard185
[DEBUG] Dynamically added transition from wildcard52 to wildcard185
[DEBUG] Dynamically added transition from wildcard51 to wildcard185
[DEBUG] Dynamically added transition from wildcard50 to wildcard185
[DEBUG] Dynamically added transition from wildcard132 to wildcard185
[DEBUG] Dynamically added transition from wildcard133 to wildcard185
[DEBUG] Dynamically added transition from wildcard130 to wildcard185
[DEBUG] Dynamically added transition from wildcard131 to wildcard185
[DEBUG] Dynamically added transition from wildcard138 to wildcard185
[DEBUG] Dynamically added transition from wildcard139 to wildcard185
[DEBUG] Dynamically added transition from wildcard136 to wildcard185
[DEBUG] Dynamically added transition from wildcard137 to wildcard185
[DEBUG] Dynamically added transition from wildcard134 to wildcard185
[DEBUG] Dynamically added transition from wildcard135 to wildcard185
[DEBUG] Dynamically added transition from wildcard69 to wildcard185
[DEBUG] Dynamically added transition from wildcard68 to wildcard185
[DEBUG] Dynamically added transition from wildcard67 to wildcard185
[DEBUG] Dynamically added transition from wildcard66 to wildcard185
[DEBUG] Dynamically added transition from wildcard65 to wildcard185
[DEBUG] Dynamically added transition from wildcard64 to wildcard185
[DEBUG] Dynamically added transition from wildcard63 to wildcard185
[DEBUG] Dynamically added transition from wildcard62 to wildcard185
[DEBUG] Dynamically added transition from wildcard180 to wildcard185
[DEBUG] Dynamically added transition from wildcard61 to wildcard185
[DEBUG] Dynamically added transition from wildcard60 to wildcard185
[DEBUG] Dynamically added transition from wildcard100 to wildcard185
[DEBUG] Dynamically added transition from wildcard183 to wildcard185
[DEBUG] Dynamically added transition from wildcard181 to wildcard185
[DEBUG] Dynamically added transition from wildcard182 to wildcard185
[DEBUG] Dynamically added transition from wildcard107 to wildcard185
[DEBUG] Dynamically added transition from wildcard108 to wildcard185
[DEBUG] Dynamically added transition from wildcard105 to wildcard185
[DEBUG] Dynamically added transition from wildcard106 to wildcard185
[DEBUG] Dynamically added transition from wildcard103 to wildcard185
[DEBUG] Dynamically added transition from wildcard104 to wildcard185
[DEBUG] Dynamically added transition from wildcard101 to wildcard185
[DEBUG] Dynamically added transition from wildcard102 to wildcard185
[DEBUG] Dynamically added transition from wildcard79 to wildcard185
[DEBUG] Dynamically added transition from wildcard78 to wildcard185
[DEBUG] Dynamically added transition from wildcard77 to wildcard185
[DEBUG] Dynamically added transition from wildcard76 to wildcard185
[DEBUG] Dynamically added transition from wildcard109 to wildcard185
[DEBUG] Dynamically added transition from wildcard75 to wildcard185
[DEBUG] Dynamically added transition from wildcard74 to wildcard185
[DEBUG] Dynamically added transition from wildcard73 to wildcard185
[DEBUG] Dynamically added transition from wildcard72 to wildcard185
[DEBUG] Dynamically added transition from wildcard71 to wildcard185
[DEBUG] Dynamically added transition from wildcard70 to wildcard185
[DEBUG] Dynamically added transition from wildcard110 to wildcard185
[DEBUG] Dynamically added transition from wildcard111 to wildcard185
[DEBUG] Dynamically added transition from wildcard118 to wildcard185
[DEBUG] Dynamically added transition from wildcard119 to wildcard185
[DEBUG] Dynamically added transition from wildcard116 to wildcard185
[DEBUG] Dynamically added transition from wildcard117 to wildcard185
[DEBUG] Dynamically added transition from wildcard114 to wildcard185
[DEBUG] Dynamically added transition from wildcard115 to wildcard185
[DEBUG] Dynamically added transition from wildcard112 to wildcard185
[DEBUG] Dynamically added transition from wildcard113 to wildcard185
[DEBUG] Dynamically added transition from wildcard89 to wildcard185
[DEBUG] Dynamically added transition from wildcard88 to wildcard185
[DEBUG] Dynamically added transition from wildcard87 to wildcard185
[DEBUG] Dynamically added transition from wildcard86 to wildcard185
[DEBUG] Dynamically added transition from wildcard85 to wildcard185
[DEBUG] Dynamically added transition from wildcard84 to wildcard185
[DEBUG] Dynamically added transition from wildcard83 to wildcard185
[DEBUG] Dynamically added transition from wildcard82 to wildcard185
[DEBUG] Dynamically added transition from wildcard81 to wildcard185
[DEBUG] Dynamically added transition from wildcard80 to wildcard185
[DEBUG] Dynamically added transition from wildcard165 to wildcard185
[DEBUG] Dynamically added transition from wildcard166 to wildcard185
[DEBUG] Dynamically added transition from wildcard163 to wildcard185
[DEBUG] Dynamically added transition from wildcard164 to wildcard185
[DEBUG] Dynamically added transition from wildcard161 to wildcard185
[DEBUG] Dynamically added transition from wildcard162 to wildcard185
[DEBUG] Dynamically added transition from wildcard160 to wildcard185
[DEBUG] Dynamically added transition from wildcard169 to wildcard185
[DEBUG] Dynamically added transition from wildcard167 to wildcard185
[DEBUG] Dynamically added transition from wildcard168 to wildcard185
[DEBUG] Dynamically added transition from wildcard16 to wildcard185
[DEBUG] Dynamically added transition from wildcard15 to wildcard185
[DEBUG] Dynamically added transition from wildcard14 to wildcard185
[DEBUG] Dynamically added transition from wildcard13 to wildcard185
[DEBUG] Dynamically added transition from wildcard12 to wildcard185
[DEBUG] Dynamically added transition from wildcard11 to wildcard185
[DEBUG] Dynamically added transition from wildcard99 to wildcard185
[DEBUG] Dynamically added transition from wildcard10 to wildcard185
[DEBUG] Dynamically added transition from wildcard98 to wildcard185
[DEBUG] Dynamically added transition from wildcard97 to wildcard185
[DEBUG] Dynamically added transition from start to wildcard185
[DEBUG] Dynamically added transition from wildcard96 to wildcard185
[DEBUG] Dynamically added transition from wildcard95 to wildcard185
[DEBUG] Dynamically added transition from wildcard94 to wildcard185
[DEBUG] Dynamically added transition from wildcard93 to wildcard185
[DEBUG] Dynamically added transition from wildcard92 to wildcard185
[DEBUG] Dynamically added transition from wildcard91 to wildcard185
[DEBUG] Dynamically added transition from wildcard90 to wildcard185
[DEBUG] Dynamically added transition from wildcard176 to wildcard185
[DEBUG] Dynamically added transition from wildcard177 to wildcard185
[DEBUG] Dynamically added transition from wildcard174 to wildcard185
[DEBUG] Dynamically added transition from wildcard175 to wildcard185
[DEBUG] Dynamically added transition from wildcard172 to wildcard185
[DEBUG] Dynamically added transition from wildcard173 to wildcard185
[DEBUG] Dynamically added transition from wildcard170 to wildcard185
[DEBUG] Dynamically added transition from wildcard171 to wildcard185
[DEBUG] Dynamically added transition from wildcard178 to wildcard185
[DEBUG] Dynamically added transition from wildcard179 to wildcard185
[DEBUG] Dynamically added transition from wildcard185 to wildcard27
[DEBUG] Dynamically added transition from wildcard185 to wildcard26
[DEBUG] Dynamically added transition from wildcard185 to wildcard25
[DEBUG] Dynamically added transition from wildcard185 to wildcard24
[DEBUG] Dynamically added transition from wildcard185 to wildcard23
[DEBUG] Dynamically added transition from wildcard185 to wildcard22
[DEBUG] Dynamically added transition from wildcard185 to wildcard1
[DEBUG] Dynamically added transition from wildcard185 to wildcard21
[DEBUG] Dynamically added transition from wildcard185 to wildcard0
[DEBUG] Dynamically added transition from wildcard185 to wildcard20
[DEBUG] Dynamically added transition from wildcard185 to wildcard3
[DEBUG] Dynamically added transition from wildcard185 to wildcard2
[DEBUG] Dynamically added transition from wildcard185 to wildcard5
[DEBUG] Dynamically added transition from wildcard185 to wildcard4
[DEBUG] Dynamically added transition from wildcard185 to wildcard7
[DEBUG] Dynamically added transition from wildcard185 to wildcard6
[DEBUG] Dynamically added transition from wildcard185 to wildcard9
[DEBUG] Dynamically added transition from wildcard185 to wildcard8
[DEBUG] Dynamically added transition from wildcard185 to wildcard143
[DEBUG] Dynamically added transition from wildcard185 to wildcard144
[DEBUG] Dynamically added transition from wildcard185 to wildcard141
[DEBUG] Dynamically added transition from wildcard185 to wildcard142
[DEBUG] Dynamically added transition from wildcard185 to wildcard140
[DEBUG] Dynamically added transition from wildcard185 to wildcard149
[DEBUG] Dynamically added transition from wildcard185 to wildcard147
[DEBUG] Dynamically added transition from wildcard185 to wildcard19
[DEBUG] Dynamically added transition from wildcard185 to wildcard148
[DEBUG] Dynamically added transition from wildcard185 to wildcard18
[DEBUG] Dynamically added transition from wildcard185 to wildcard145
[DEBUG] Dynamically added transition from wildcard185 to wildcard17
[DEBUG] Dynamically added transition from wildcard185 to wildcard146
[DEBUG] Dynamically added transition from wildcard185 to wildcard38
[DEBUG] Dynamically added transition from wildcard185 to wildcard37
[DEBUG] Dynamically added transition from wildcard185 to wildcard36
[DEBUG] Dynamically added transition from wildcard185 to wildcard35
[DEBUG] Dynamically added transition from wildcard185 to wildcard34
[DEBUG] Dynamically added transition from wildcard185 to wildcard33
[DEBUG] Dynamically added transition from wildcard185 to wildcard32
[DEBUG] Dynamically added transition from wildcard185 to wildcard31
[DEBUG] Dynamically added transition from wildcard185 to wildcard30
[DEBUG] Dynamically added transition from wildcard185 to wildcard154
[DEBUG] Dynamically added transition from wildcard185 to wildcard155
[DEBUG] Dynamically added transition from wildcard185 to wildcard152
[DEBUG] Dynamically added transition from wildcard185 to wildcard153
[DEBUG] Dynamically added transition from wildcard185 to wildcard150
[DEBUG] Dynamically added transition from wildcard185 to wildcard151
[DEBUG] Dynamically added transition from wildcard185 to wildcard158
[DEBUG] Dynamically added transition from wildcard185 to wildcard159
[DEBUG] Dynamically added transition from wildcard185 to wildcard29
[DEBUG] Dynamically added transition from wildcard185 to wildcard156
[DEBUG] Dynamically added transition from wildcard185 to wildcard28
[DEBUG] Dynamically added transition from wildcard185 to wildcard157
[DEBUG] Dynamically added transition from wildcard185 to wildcard49
[DEBUG] Dynamically added transition from wildcard185 to wildcard48
[DEBUG] Dynamically added transition from wildcard185 to wildcard47
[DEBUG] Dynamically added transition from wildcard185 to wildcard46
[DEBUG] Dynamically added transition from wildcard185 to wildcard45
[DEBUG] Dynamically added transition from wildcard185 to wildcard44
[DEBUG] Dynamically added transition from wildcard185 to wildcard43
[DEBUG] Dynamically added transition from wildcard185 to wildcard42
[DEBUG] Dynamically added transition from wildcard185 to wildcard41
[DEBUG] Dynamically added transition from wildcard185 to wildcard40
[DEBUG] Dynamically added transition from wildcard185 to wildcard121
[DEBUG] Dynamically added transition from wildcard185 to wildcard122
[DEBUG] Dynamically added transition from wildcard185 to wildcard120
[DEBUG] Dynamically added transition from wildcard185 to wildcard129
[DEBUG] Dynamically added transition from wildcard185 to wildcard127
[DEBUG] Dynamically added transition from wildcard185 to wildcard128
[DEBUG] Dynamically added transition from wildcard185 to wildcard125
[DEBUG] Dynamically added transition from wildcard185 to wildcard126
[DEBUG] Dynamically added transition from wildcard185 to wildcard123
[DEBUG] Dynamically added transition from wildcard185 to wildcard39
[DEBUG] Dynamically added transition from wildcard185 to wildcard124
[DEBUG] Dynamically added transition from wildcard185 to wildcard59
[DEBUG] Dynamically added transition from wildcard185 to wildcard58
[DEBUG] Dynamically added transition from wildcard185 to middle
[DEBUG] Dynamically added transition from wildcard185 to wildcard57
[DEBUG] Dynamically added transition from wildcard185 to wildcard56
[DEBUG] Dynamically added transition from wildcard185 to wildcard55
[DEBUG] Dynamically added transition from wildcard185 to wildcard54
[DEBUG] Dynamically added transition from wildcard185 to wildcard53
[DEBUG] Dynamically added transition from wildcard185 to wildcard52
[DEBUG] Dynamically added transition from wildcard185 to wildcard51
[DEBUG] Dynamically added transition from wildcard185 to wildcard50
[DEBUG] Dynamically added transition from wildcard185 to wildcard132
[DEBUG] Dynamically added transition from wildcard185 to wildcard133
[DEBUG] Dynamically added transition from wildcard185 to wildcard130
[DEBUG] Dynamically added transition from wildcard185 to wildcard131
[DEBUG] Dynamically added transition from wildcard185 to wildcard138
[DEBUG] Dynamically added transition from wildcard185 to wildcard139
[DEBUG] Dynamically added transition from wildcard185 to wildcard136
[DEBUG] Dynamically added transition from wildcard185 to wildcard137
[DEBUG] Dynamically added transition from wildcard185 to wildcard134
[DEBUG] Dynamically added transition from wildcard185 to wildcard135
[DEBUG] Dynamically added transition from wildcard185 to wildcard69
[DEBUG] Dynamically added transition from wildcard185 to wildcard68
[DEBUG] Dynamically added transition from wildcard185 to wildcard67
[DEBUG] Dynamically added transition from wildcard185 to wildcard66
[DEBUG] Dynamically added transition from wildcard185 to wildcard65
[DEBUG] Dynamically added transition from wildcard185 to wildcard64
[DEBUG] Dynamically added transition from wildcard185 to wildcard63
[DEBUG] Dynamically added transition from wildcard185 to wildcard62
[DEBUG] Dynamically added transition from wildcard185 to wildcard180
[DEBUG] Dynamically added transition from wildcard185 to wildcard61
[DEBUG] Dynamically added transition from wildcard185 to wildcard60
[DEBUG] Dynamically added transition from wildcard185 to wildcard100
[DEBUG] Dynamically added transition from wildcard185 to wildcard185
[DEBUG] Dynamically added transition from wildcard185 to wildcard183
[DEBUG] Dynamically added transition from wildcard185 to wildcard184
[DEBUG] Dynamically added transition from wildcard185 to wildcard181
[DEBUG] Dynamically added transition from wildcard185 to wildcard182
[DEBUG] Dynamically added transition from wildcard185 to wildcard107
[DEBUG] Dynamically added transition from wildcard185 to wildcard108
[DEBUG] Dynamically added transition from wildcard185 to wildcard105
[DEBUG] Dynamically added transition from wildcard185 to wildcard106
[DEBUG] Dynamically added transition from wildcard185 to wildcard103
[DEBUG] Dynamically added transition from wildcard185 to wildcard104
[DEBUG] Dynamically added transition from wildcard185 to wildcard101
[DEBUG] Dynamically added transition from wildcard185 to wildcard102
[DEBUG] Dynamically added transition from wildcard185 to wildcard79
[DEBUG] Dynamically added transition from wildcard185 to wildcard78
[DEBUG] Dynamically added transition from wildcard185 to wildcard77
[DEBUG] Dynamically added transition from wildcard185 to wildcard76
[DEBUG] Dynamically added transition from wildcard185 to wildcard109
[DEBUG] Dynamically added transition from wildcard185 to wildcard75
[DEBUG] Dynamically added transition from wildcard185 to wildcard74
[DEBUG] Dynamically added transition from wildcard185 to wildcard73
[DEBUG] Dynamically added transition from wildcard185 to wildcard72
[DEBUG] Dynamically added transition from wildcard185 to wildcard71
[DEBUG] Dynamically added transition from wildcard185 to wildcard70
[DEBUG] Dynamically added transition from wildcard185 to wildcard110
[DEBUG] Dynamically added transition from wildcard185 to wildcard111
[DEBUG] Dynamically added transition from wildcard185 to wildcard118
[DEBUG] Dynamically added transition from wildcard185 to wildcard119
[DEBUG] Dynamically added transition from wildcard185 to wildcard116
[DEBUG] Dynamically added transition from wildcard185 to wildcard117
[DEBUG] Dynamically added transition from wildcard185 to .*
[DEBUG] Dynamically added transition from wildcard185 to wildcard114
[DEBUG] Dynamically added transition from wildcard185 to wildcard115
[DEBUG] Dynamically added transition from wildcard185 to wildcard112
[DEBUG] Dynamically added transition from wildcard185 to wildcard113
[DEBUG] Dynamically added transition from wildcard185 to wildcard89
[DEBUG] Dynamically added transition from wildcard185 to wildcard88
[DEBUG] Dynamically added transition from wildcard185 to wildcard87
[DEBUG] Dynamically added transition from wildcard185 to wildcard86
[DEBUG] Dynamically added transition from wildcard185 to INITIAL
[DEBUG] Dynamically added transition from wildcard185 to wildcard85
[DEBUG] Dynamically added transition from wildcard185 to wildcard84
[DEBUG] Dynamically added transition from wildcard185 to wildcard83
[DEBUG] Dynamically added transition from wildcard185 to wildcard82
[DEBUG] Dynamically added transition from wildcard185 to wildcard81
[DEBUG] Dynamically added transition from wildcard185 to wildcard80
[DEBUG] Dynamically added transition from wildcard185 to wildcard165
[DEBUG] Dynamically added transition from wildcard185 to wildcard166
[DEBUG] Dynamically added transition from wildcard185 to wildcard163
[DEBUG] Dynamically added transition from wildcard185 to wildcard164
[DEBUG] Dynamically added transition from wildcard185 to wildcard161
[DEBUG] Dynamically added transition from wildcard185 to wildcard162
[DEBUG] Dynamically added transition from wildcard185 to wildcard160
[DEBUG] Dynamically added transition from wildcard185 to end
[DEBUG] Dynamically added transition from wildcard185 to wildcard169
[DEBUG] Dynamically added transition from wildcard185 to wildcard167
[DEBUG] Dynamically added transition from wildcard185 to wildcard168
[DEBUG] Dynamically added transition from wildcard185 to wildcard16
[DEBUG] Dynamically added transition from wildcard185 to wildcard15
[DEBUG] Dynamically added transition from wildcard185 to wildcard14
[DEBUG] Dynamically added transition from wildcard185 to wildcard13
[DEBUG] Dynamically added transition from wildcard185 to wildcard12
[DEBUG] Dynamically added transition from wildcard185 to wildcard11
[DEBUG] Dynamically added transition from wildcard185 to wildcard99
[DEBUG] Dynamically added transition from wildcard185 to wildcard10
[DEBUG] Dynamically added transition from wildcard185 to wildcard98
[DEBUG] Dynamically added transition from wildcard185 to wildcard97
[DEBUG] Dynamically added transition from wildcard185 to start
[DEBUG] Dynamically added transition from wildcard185 to wildcard96
[DEBUG] Dynamically added transition from wildcard185 to wildcard95
[DEBUG] Dynamically added transition from wildcard185 to wildcard94
[DEBUG] Dynamically added transition from wildcard185 to wildcard93
[DEBUG] Dynamically added transition from wildcard185 to wildcard92
[DEBUG] Dynamically added transition from wildcard185 to wildcard91
[DEBUG] Dynamically added transition from wildcard185 to wildcard90
[DEBUG] Dynamically added transition from wildcard185 to wildcard176
[DEBUG] Dynamically added transition from wildcard185 to wildcard177
[DEBUG] Dynamically added transition from wildcard185 to wildcard174
[DEBUG] Dynamically added transition from wildcard185 to wildcard175
[DEBUG] Dynamically added transition from wildcard185 to wildcard172
[DEBUG] Dynamically added transition from wildcard185 to wildcard173
[DEBUG] Dynamically added transition from wildcard185 to wildcard170
[DEBUG] Dynamically added transition from wildcard185 to wildcard171
[DEBUG] Dynamically added transition from wildcard185 to wildcard178
[DEBUG] Dynamically added transition from wildcard185 to wildcard179
[INFO] Wildcard transition valid to state: wildcard185
[INFO] Wildcard transition detected from wildcard185 to wildcard186
[DEBUG] Created intermediate state for wildcard transition: wildcard186
[DEBUG] Dynamically added transition from wildcard185 to wildcard186
[DEBUG] Dynamically added transition from wildcard27 to wildcard186
[DEBUG] Dynamically added transition from wildcard26 to wildcard186
[DEBUG] Dynamically added transition from wildcard25 to wildcard186
[DEBUG] Dynamically added transition from wildcard24 to wildcard186
[DEBUG] Dynamically added transition from wildcard23 to wildcard186
[DEBUG] Dynamically added transition from wildcard22 to wildcard186
[DEBUG] Dynamically added transition from wildcard21 to wildcard186
[DEBUG] Dynamically added transition from wildcard20 to wildcard186
[DEBUG] Dynamically added transition from wildcard143 to wildcard186
[DEBUG] Dynamically added transition from wildcard144 to wildcard186
[DEBUG] Dynamically added transition from wildcard141 to wildcard186
[DEBUG] Dynamically added transition from wildcard142 to wildcard186
[DEBUG] Dynamically added transition from wildcard140 to wildcard186
[DEBUG] Dynamically added transition from wildcard149 to wildcard186
[DEBUG] Dynamically added transition from wildcard147 to wildcard186
[DEBUG] Dynamically added transition from wildcard19 to wildcard186
[DEBUG] Dynamically added transition from wildcard148 to wildcard186
[DEBUG] Dynamically added transition from wildcard18 to wildcard186
[DEBUG] Dynamically added transition from wildcard145 to wildcard186
[DEBUG] Dynamically added transition from wildcard17 to wildcard186
[DEBUG] Dynamically added transition from wildcard146 to wildcard186
[DEBUG] Dynamically added transition from wildcard38 to wildcard186
[DEBUG] Dynamically added transition from wildcard37 to wildcard186
[DEBUG] Dynamically added transition from wildcard36 to wildcard186
[DEBUG] Dynamically added transition from wildcard35 to wildcard186
[DEBUG] Dynamically added transition from wildcard34 to wildcard186
[DEBUG] Dynamically added transition from wildcard33 to wildcard186
[DEBUG] Dynamically added transition from wildcard32 to wildcard186
[DEBUG] Dynamically added transition from wildcard31 to wildcard186
[DEBUG] Dynamically added transition from wildcard30 to wildcard186
[DEBUG] Dynamically added transition from wildcard154 to wildcard186
[DEBUG] Dynamically added transition from wildcard155 to wildcard186
[DEBUG] Dynamically added transition from wildcard152 to wildcard186
[DEBUG] Dynamically added transition from wildcard153 to wildcard186
[DEBUG] Dynamically added transition from wildcard150 to wildcard186
[DEBUG] Dynamically added transition from wildcard151 to wildcard186
[DEBUG] Dynamically added transition from wildcard158 to wildcard186
[DEBUG] Dynamically added transition from wildcard159 to wildcard186
[DEBUG] Dynamically added transition from wildcard29 to wildcard186
[DEBUG] Dynamically added transition from wildcard156 to wildcard186
[DEBUG] Dynamically added transition from wildcard28 to wildcard186
[DEBUG] Dynamically added transition from wildcard157 to wildcard186
[DEBUG] Dynamically added transition from wildcard49 to wildcard186
[DEBUG] Dynamically added transition from wildcard48 to wildcard186
[DEBUG] Dynamically added transition from wildcard47 to wildcard186
[DEBUG] Dynamically added transition from wildcard46 to wildcard186
[DEBUG] Dynamically added transition from wildcard45 to wildcard186
[DEBUG] Dynamically added transition from wildcard44 to wildcard186
[DEBUG] Dynamically added transition from wildcard43 to wildcard186
[DEBUG] Dynamically added transition from wildcard42 to wildcard186
[DEBUG] Dynamically added transition from wildcard41 to wildcard186
[DEBUG] Dynamically added transition from wildcard40 to wildcard186
[DEBUG] Dynamically added transition from wildcard121 to wildcard186
[DEBUG] Dynamically added transition from wildcard122 to wildcard186
[DEBUG] Dynamically added transition from wildcard120 to wildcard186
[DEBUG] Dynamically added transition from wildcard129 to wildcard186
[DEBUG] Dynamically added transition from wildcard127 to wildcard186
[DEBUG] Dynamically added transition from wildcard128 to wildcard186
[DEBUG] Dynamically added transition from wildcard125 to wildcard186
[DEBUG] Dynamically added transition from wildcard126 to wildcard186
[DEBUG] Dynamically added transition from wildcard123 to wildcard186
[DEBUG] Dynamically added transition from wildcard39 to wildcard186
[DEBUG] Dynamically added transition from wildcard124 to wildcard186
[DEBUG] Dynamically added transition from wildcard59 to wildcard186
[DEBUG] Dynamically added transition from wildcard58 to wildcard186
[DEBUG] Dynamically added transition from middle to wildcard186
[DEBUG] Dynamically added transition from wildcard57 to wildcard186
[DEBUG] Dynamically added transition from wildcard56 to wildcard186
[DEBUG] Dynamically added transition from wildcard55 to wildcard186
[DEBUG] Dynamically added transition from wildcard54 to wildcard186
[DEBUG] Dynamically added transition from wildcard53 to wildcard186
[DEBUG] Dynamically added transition from wildcard52 to wildcard186
[DEBUG] Dynamically added transition from wildcard51 to wildcard186
[DEBUG] Dynamically added transition from wildcard50 to wildcard186
[DEBUG] Dynamically added transition from wildcard132 to wildcard186
[DEBUG] Dynamically added transition from wildcard133 to wildcard186
[DEBUG] Dynamically added transition from wildcard130 to wildcard186
[DEBUG] Dynamically added transition from wildcard131 to wildcard186
[DEBUG] Dynamically added transition from wildcard138 to wildcard186
[DEBUG] Dynamically added transition from wildcard139 to wildcard186
[DEBUG] Dynamically added transition from wildcard136 to wildcard186
[DEBUG] Dynamically added transition from wildcard137 to wildcard186
[DEBUG] Dynamically added transition from wildcard134 to wildcard186
[DEBUG] Dynamically added transition from wildcard135 to wildcard186
[DEBUG] Dynamically added transition from wildcard180 to wildcard186
[DEBUG] Dynamically added transition from wildcard183 to wildcard186
[DEBUG] Dynamically added transition from wildcard184 to wildcard186
[DEBUG] Dynamically added transition from wildcard181 to wildcard186
[DEBUG] Dynamically added transition from wildcard182 to wildcard186
[DEBUG] Dynamically added transition from wildcard165 to wildcard186
[DEBUG] Dynamically added transition from wildcard166 to wildcard186
[DEBUG] Dynamically added transition from wildcard163 to wildcard186
[DEBUG] Dynamically added transition from wildcard164 to wildcard186
[DEBUG] Dynamically added transition from wildcard161 to wildcard186
[DEBUG] Dynamically added transition from wildcard162 to wildcard186
[DEBUG] Dynamically added transition from wildcard160 to wildcard186
[DEBUG] Dynamically added transition from wildcard169 to wildcard186
[DEBUG] Dynamically added transition from wildcard167 to wildcard186
[DEBUG] Dynamically added transition from wildcard168 to wildcard186
[DEBUG] Dynamically added transition from wildcard16 to wildcard186
[DEBUG] Dynamically added transition from wildcard15 to wildcard186
[DEBUG] Dynamically added transition from wildcard14 to wildcard186
[DEBUG] Dynamically added transition from wildcard13 to wildcard186
[DEBUG] Dynamically added transition from wildcard12 to wildcard186
[DEBUG] Dynamically added transition from wildcard11 to wildcard186
[DEBUG] Dynamically added transition from wildcard10 to wildcard186
[DEBUG] Dynamically added transition from start to wildcard186
[DEBUG] Dynamically added transition from wildcard176 to wildcard186
[DEBUG] Dynamically added transition from wildcard177 to wildcard186
[DEBUG] Dynamically added transition from wildcard174 to wildcard186
[DEBUG] Dynamically added transition from wildcard175 to wildcard186
[DEBUG] Dynamically added transition from wildcard172 to wildcard186
[DEBUG] Dynamically added transition from wildcard173 to wildcard186
[DEBUG] Dynamically added transition from wildcard170 to wildcard186
[DEBUG] Dynamically added transition from wildcard171 to wildcard186
[DEBUG] Dynamically added transition from wildcard178 to wildcard186
[DEBUG] Dynamically added transition from wildcard179 to wildcard186
[DEBUG] Dynamically added transition from wildcard1 to wildcard186
[DEBUG] Dynamically added transition from wildcard0 to wildcard186
[DEBUG] Dynamically added transition from wildcard3 to wildcard186
[DEBUG] Dynamically added transition from wildcard2 to wildcard186
[DEBUG] Dynamically added transition from wildcard5 to wildcard186
[DEBUG] Dynamically added transition from wildcard4 to wildcard186
[DEBUG] Dynamically added transition from wildcard7 to wildcard186
[DEBUG] Dynamically added transition from wildcard6 to wildcard186
[DEBUG] Dynamically added transition from wildcard9 to wildcard186
[DEBUG] Dynamically added transition from wildcard8 to wildcard186
[DEBUG] Dynamically added transition from wildcard69 to wildcard186
[DEBUG] Dynamically added transition from wildcard68 to wildcard186
[DEBUG] Dynamically added transition from wildcard67 to wildcard186
[DEBUG] Dynamically added transition from wildcard66 to wildcard186
[DEBUG] Dynamically added transition from wildcard65 to wildcard186
[DEBUG] Dynamically added transition from wildcard64 to wildcard186
[DEBUG] Dynamically added transition from wildcard63 to wildcard186
[DEBUG] Dynamically added transition from wildcard62 to wildcard186
[DEBUG] Dynamically added transition from wildcard61 to wildcard186
[DEBUG] Dynamically added transition from wildcard60 to wildcard186
[DEBUG] Dynamically added transition from wildcard100 to wildcard186
[DEBUG] Dynamically added transition from wildcard107 to wildcard186
[DEBUG] Dynamically added transition from wildcard108 to wildcard186
[DEBUG] Dynamically added transition from wildcard105 to wildcard186
[DEBUG] Dynamically added transition from wildcard106 to wildcard186
[DEBUG] Dynamically added transition from wildcard103 to wildcard186
[DEBUG] Dynamically added transition from wildcard104 to wildcard186
[DEBUG] Dynamically added transition from wildcard101 to wildcard186
[DEBUG] Dynamically added transition from wildcard102 to wildcard186
[DEBUG] Dynamically added transition from wildcard79 to wildcard186
[DEBUG] Dynamically added transition from wildcard78 to wildcard186
[DEBUG] Dynamically added transition from wildcard77 to wildcard186
[DEBUG] Dynamically added transition from wildcard76 to wildcard186
[DEBUG] Dynamically added transition from wildcard109 to wildcard186
[DEBUG] Dynamically added transition from wildcard75 to wildcard186
[DEBUG] Dynamically added transition from wildcard74 to wildcard186
[DEBUG] Dynamically added transition from wildcard73 to wildcard186
[DEBUG] Dynamically added transition from wildcard72 to wildcard186
[DEBUG] Dynamically added transition from wildcard71 to wildcard186
[DEBUG] Dynamically added transition from wildcard70 to wildcard186
[DEBUG] Dynamically added transition from wildcard110 to wildcard186
[DEBUG] Dynamically added transition from wildcard111 to wildcard186
[DEBUG] Dynamically added transition from wildcard118 to wildcard186
[DEBUG] Dynamically added transition from wildcard119 to wildcard186
[DEBUG] Dynamically added transition from wildcard116 to wildcard186
[DEBUG] Dynamically added transition from wildcard117 to wildcard186
[DEBUG] Dynamically added transition from wildcard114 to wildcard186
[DEBUG] Dynamically added transition from wildcard115 to wildcard186
[DEBUG] Dynamically added transition from wildcard112 to wildcard186
[DEBUG] Dynamically added transition from wildcard113 to wildcard186
[DEBUG] Dynamically added transition from wildcard89 to wildcard186
[DEBUG] Dynamically added transition from wildcard88 to wildcard186
[DEBUG] Dynamically added transition from wildcard87 to wildcard186
[DEBUG] Dynamically added transition from wildcard86 to wildcard186
[DEBUG] Dynamically added transition from wildcard85 to wildcard186
[DEBUG] Dynamically added transition from wildcard84 to wildcard186
[DEBUG] Dynamically added transition from wildcard83 to wildcard186
[DEBUG] Dynamically added transition from wildcard82 to wildcard186
[DEBUG] Dynamically added transition from wildcard81 to wildcard186
[DEBUG] Dynamically added transition from wildcard80 to wildcard186
[DEBUG] Dynamically added transition from wildcard99 to wildcard186
[DEBUG] Dynamically added transition from wildcard98 to wildcard186
[DEBUG] Dynamically added transition from wildcard97 to wildcard186
[DEBUG] Dynamically added transition from wildcard96 to wildcard186
[DEBUG] Dynamically added transition from wildcard95 to wildcard186
[DEBUG] Dynamically added transition from wildcard94 to wildcard186
[DEBUG] Dynamically added transition from wildcard93 to wildcard186
[DEBUG] Dynamically added transition from wildcard92 to wildcard186
[DEBUG] Dynamically added transition from wildcard91 to wildcard186
[DEBUG] Dynamically added transition from wildcard90 to wildcard186
[DEBUG] Dynamically added transition from wildcard186 to wildcard27
[DEBUG] Dynamically added transition from wildcard186 to wildcard26
[DEBUG] Dynamically added transition from wildcard186 to wildcard25
[DEBUG] Dynamically added transition from wildcard186 to wildcard24
[DEBUG] Dynamically added transition from wildcard186 to wildcard23
[DEBUG] Dynamically added transition from wildcard186 to wildcard22
[DEBUG] Dynamically added transition from wildcard186 to wildcard1
[DEBUG] Dynamically added transition from wildcard186 to wildcard21
[DEBUG] Dynamically added transition from wildcard186 to wildcard0
[DEBUG] Dynamically added transition from wildcard186 to wildcard20
[DEBUG] Dynamically added transition from wildcard186 to wildcard3
[DEBUG] Dynamically added transition from wildcard186 to wildcard2
[DEBUG] Dynamically added transition from wildcard186 to wildcard5
[DEBUG] Dynamically added transition from wildcard186 to wildcard4
[DEBUG] Dynamically added transition from wildcard186 to wildcard7
[DEBUG] Dynamically added transition from wildcard186 to wildcard6
[DEBUG] Dynamically added transition from wildcard186 to wildcard9
[DEBUG] Dynamically added transition from wildcard186 to wildcard8
[DEBUG] Dynamically added transition from wildcard186 to wildcard143
[DEBUG] Dynamically added transition from wildcard186 to wildcard144
[DEBUG] Dynamically added transition from wildcard186 to wildcard141
[DEBUG] Dynamically added transition from wildcard186 to wildcard142
[DEBUG] Dynamically added transition from wildcard186 to wildcard140
[DEBUG] Dynamically added transition from wildcard186 to wildcard149
[DEBUG] Dynamically added transition from wildcard186 to wildcard147
[DEBUG] Dynamically added transition from wildcard186 to wildcard19
[DEBUG] Dynamically added transition from wildcard186 to wildcard148
[DEBUG] Dynamically added transition from wildcard186 to wildcard18
[DEBUG] Dynamically added transition from wildcard186 to wildcard145
[DEBUG] Dynamically added transition from wildcard186 to wildcard17
[DEBUG] Dynamically added transition from wildcard186 to wildcard146
[DEBUG] Dynamically added transition from wildcard186 to wildcard38
[DEBUG] Dynamically added transition from wildcard186 to wildcard37
[DEBUG] Dynamically added transition from wildcard186 to wildcard36
[DEBUG] Dynamically added transition from wildcard186 to wildcard35
[DEBUG] Dynamically added transition from wildcard186 to wildcard34
[DEBUG] Dynamically added transition from wildcard186 to wildcard33
[DEBUG] Dynamically added transition from wildcard186 to wildcard32
[DEBUG] Dynamically added transition from wildcard186 to wildcard31
[DEBUG] Dynamically added transition from wildcard186 to wildcard30
[DEBUG] Dynamically added transition from wildcard186 to wildcard154
[DEBUG] Dynamically added transition from wildcard186 to wildcard155
[DEBUG] Dynamically added transition from wildcard186 to wildcard152
[DEBUG] Dynamically added transition from wildcard186 to wildcard153
[DEBUG] Dynamically added transition from wildcard186 to wildcard150
[DEBUG] Dynamically added transition from wildcard186 to wildcard151
[DEBUG] Dynamically added transition from wildcard186 to wildcard158
[DEBUG] Dynamically added transition from wildcard186 to wildcard159
[DEBUG] Dynamically added transition from wildcard186 to wildcard29
[DEBUG] Dynamically added transition from wildcard186 to wildcard156
[DEBUG] Dynamically added transition from wildcard186 to wildcard28
[DEBUG] Dynamically added transition from wildcard186 to wildcard157
[DEBUG] Dynamically added transition from wildcard186 to wildcard49
[DEBUG] Dynamically added transition from wildcard186 to wildcard48
[DEBUG] Dynamically added transition from wildcard186 to wildcard47
[DEBUG] Dynamically added transition from wildcard186 to wildcard46
[DEBUG] Dynamically added transition from wildcard186 to wildcard45
[DEBUG] Dynamically added transition from wildcard186 to wildcard44
[DEBUG] Dynamically added transition from wildcard186 to wildcard43
[DEBUG] Dynamically added transition from wildcard186 to wildcard42
[DEBUG] Dynamically added transition from wildcard186 to wildcard41
[DEBUG] Dynamically added transition from wildcard186 to wildcard40
[DEBUG] Dynamically added transition from wildcard186 to wildcard121
[DEBUG] Dynamically added transition from wildcard186 to wildcard122
[DEBUG] Dynamically added transition from wildcard186 to wildcard120
[DEBUG] Dynamically added transition from wildcard186 to wildcard129
[DEBUG] Dynamically added transition from wildcard186 to wildcard127
[DEBUG] Dynamically added transition from wildcard186 to wildcard128
[DEBUG] Dynamically added transition from wildcard186 to wildcard125
[DEBUG] Dynamically added transition from wildcard186 to wildcard126
[DEBUG] Dynamically added transition from wildcard186 to wildcard123
[DEBUG] Dynamically added transition from wildcard186 to wildcard39
[DEBUG] Dynamically added transition from wildcard186 to wildcard124
[DEBUG] Dynamically added transition from wildcard186 to wildcard59
[DEBUG] Dynamically added transition from wildcard186 to wildcard58
[DEBUG] Dynamically added transition from wildcard186 to middle
[DEBUG] Dynamically added transition from wildcard186 to wildcard57
[DEBUG] Dynamically added transition from wildcard186 to wildcard56
[DEBUG] Dynamically added transition from wildcard186 to wildcard55
[DEBUG] Dynamically added transition from wildcard186 to wildcard54
[DEBUG] Dynamically added transition from wildcard186 to wildcard53
[DEBUG] Dynamically added transition from wildcard186 to wildcard52
[DEBUG] Dynamically added transition from wildcard186 to wildcard51
[DEBUG] Dynamically added transition from wildcard186 to wildcard50
[DEBUG] Dynamically added transition from wildcard186 to wildcard132
[DEBUG] Dynamically added transition from wildcard186 to wildcard133
[DEBUG] Dynamically added transition from wildcard186 to wildcard130
[DEBUG] Dynamically added transition from wildcard186 to wildcard131
[DEBUG] Dynamically added transition from wildcard186 to wildcard138
[DEBUG] Dynamically added transition from wildcard186 to wildcard139
[DEBUG] Dynamically added transition from wildcard186 to wildcard136
[DEBUG] Dynamically added transition from wildcard186 to wildcard137
[DEBUG] Dynamically added transition from wildcard186 to wildcard134
[DEBUG] Dynamically added transition from wildcard186 to wildcard135
[DEBUG] Dynamically added transition from wildcard186 to wildcard69
[DEBUG] Dynamically added transition from wildcard186 to wildcard68
[DEBUG] Dynamically added transition from wildcard186 to wildcard67
[DEBUG] Dynamically added transition from wildcard186 to wildcard66
[DEBUG] Dynamically added transition from wildcard186 to wildcard65
[DEBUG] Dynamically added transition from wildcard186 to wildcard64
[DEBUG] Dynamically added transition from wildcard186 to wildcard63
[DEBUG] Dynamically added transition from wildcard186 to wildcard62
[DEBUG] Dynamically added transition from wildcard186 to wildcard180
[DEBUG] Dynamically added transition from wildcard186 to wildcard61
[DEBUG] Dynamically added transition from wildcard186 to wildcard60
[DEBUG] Dynamically added transition from wildcard186 to wildcard100
[DEBUG] Dynamically added transition from wildcard186 to wildcard185
[DEBUG] Dynamically added transition from wildcard186 to wildcard186
[DEBUG] Dynamically added transition from wildcard186 to wildcard183
[DEBUG] Dynamically added transition from wildcard186 to wildcard184
[DEBUG] Dynamically added transition from wildcard186 to wildcard181
[DEBUG] Dynamically added transition from wildcard186 to wildcard182
[DEBUG] Dynamically added transition from wildcard186 to wildcard107
[DEBUG] Dynamically added transition from wildcard186 to wildcard108
[DEBUG] Dynamically added transition from wildcard186 to wildcard105
[DEBUG] Dynamically added transition from wildcard186 to wildcard106
[DEBUG] Dynamically added transition from wildcard186 to wildcard103
[DEBUG] Dynamically added transition from wildcard186 to wildcard104
[DEBUG] Dynamically added transition from wildcard186 to wildcard101
[DEBUG] Dynamically added transition from wildcard186 to wildcard102
[DEBUG] Dynamically added transition from wildcard186 to wildcard79
[DEBUG] Dynamically added transition from wildcard186 to wildcard78
[DEBUG] Dynamically added transition from wildcard186 to wildcard77
[DEBUG] Dynamically added transition from wildcard186 to wildcard76
[DEBUG] Dynamically added transition from wildcard186 to wildcard109
[DEBUG] Dynamically added transition from wildcard186 to wildcard75
[DEBUG] Dynamically added transition from wildcard186 to wildcard74
[DEBUG] Dynamically added transition from wildcard186 to wildcard73
[DEBUG] Dynamically added transition from wildcard186 to wildcard72
[DEBUG] Dynamically added transition from wildcard186 to wildcard71
[DEBUG] Dynamically added transition from wildcard186 to wildcard70
[DEBUG] Dynamically added transition from wildcard186 to wildcard110
[DEBUG] Dynamically added transition from wildcard186 to wildcard111
[DEBUG] Dynamically added transition from wildcard186 to wildcard118
[DEBUG] Dynamically added transition from wildcard186 to wildcard119
[DEBUG] Dynamically added transition from wildcard186 to wildcard116
[DEBUG] Dynamically added transition from wildcard186 to wildcard117
[DEBUG] Dynamically added transition from wildcard186 to .*
[DEBUG] Dynamically added transition from wildcard186 to wildcard114
[DEBUG] Dynamically added transition from wildcard186 to wildcard115
[DEBUG] Dynamically added transition from wildcard186 to wildcard112
[DEBUG] Dynamically added transition from wildcard186 to wildcard113
[DEBUG] Dynamically added transition from wildcard186 to wildcard89
[DEBUG] Dynamically added transition from wildcard186 to wildcard88
[DEBUG] Dynamically added transition from wildcard186 to wildcard87
[DEBUG] Dynamically added transition from wildcard186 to wildcard86
[DEBUG] Dynamically added transition from wildcard186 to INITIAL
[DEBUG] Dynamically added transition from wildcard186 to wildcard85
[DEBUG] Dynamically added transition from wildcard186 to wildcard84
[DEBUG] Dynamically added transition from wildcard186 to wildcard83
[DEBUG] Dynamically added transition from wildcard186 to wildcard82
[DEBUG] Dynamically added transition from wildcard186 to wildcard81
[DEBUG] Dynamically added transition from wildcard186 to wildcard80
[DEBUG] Dynamically added transition from wildcard186 to wildcard165
[DEBUG] Dynamically added transition from wildcard186 to wildcard166
[DEBUG] Dynamically added transition from wildcard186 to wildcard163
[DEBUG] Dynamically added transition from wildcard186 to wildcard164
[DEBUG] Dynamically added transition from wildcard186 to wildcard161
[DEBUG] Dynamically added transition from wildcard186 to wildcard162
[DEBUG] Dynamically added transition from wildcard186 to wildcard160
[DEBUG] Dynamically added transition from wildcard186 to end
[DEBUG] Dynamically added transition from wildcard186 to wildcard169
[DEBUG] Dynamically added transition from wildcard186 to wildcard167
[DEBUG] Dynamically added transition from wildcard186 to wildcard168
[DEBUG] Dynamically added transition from wildcard186 to wildcard16
[DEBUG] Dynamically added transition from wildcard186 to wildcard15
[DEBUG] Dynamically added transition from wildcard186 to wildcard14
[DEBUG] Dynamically added transition from wildcard186 to wildcard13
[DEBUG] Dynamically added transition from wildcard186 to wildcard12
[DEBUG] Dynamically added transition from wildcard186 to wildcard11
[DEBUG] Dynamically added transition from wildcard186 to wildcard99
[DEBUG] Dynamically added transition from wildcard186 to wildcard10
[DEBUG] Dynamically added transition from wildcard186 to wildcard98
[DEBUG] Dynamically added transition from wildcard186 to wildcard97
[DEBUG] Dynamically added transition from wildcard186 to start
[DEBUG] Dynamically added transition from wildcard186 to wildcard96
[DEBUG] Dynamically added transition from wildcard186 to wildcard95
[DEBUG] Dynamically added transition from wildcard186 to wildcard94
[DEBUG] Dynamically added transition from wildcard186 to wildcard93
[DEBUG] Dynamically added transition from wildcard186 to wildcard92
[DEBUG] Dynamically added transition from wildcard186 to wildcard91
[DEBUG] Dynamically added transition from wildcard186 to wildcard90
[DEBUG] Dynamically added transition from wildcard186 to wildcard176
[DEBUG] Dynamically added transition from wildcard186 to wildcard177
[DEBUG] Dynamically added transition from wildcard186 to wildcard174
[DEBUG] Dynamically added transition from wildcard186 to wildcard175
[DEBUG] Dynamically added transition from wildcard186 to wildcard172
[DEBUG] Dynamically added transition from wildcard186 to wildcard173
[DEBUG] Dynamically added transition from wildcard186 to wildcard170
[DEBUG] Dynamically added transition from wildcard186 to wildcard171
[DEBUG] Dynamically added transition from wildcard186 to wildcard178
[DEBUG] Dynamically added transition from wildcard186 to wildcard179
[INFO] Wildcard transition valid to state: wildcard186
[INFO] Wildcard transition detected from wildcard186 to wildcard187
[DEBUG] Created intermediate state for wildcard transition: wildcard187
[DEBUG] Dynamically added transition from wildcard186 to wildcard187
[DEBUG] Dynamically added transition from wildcard27 to wildcard187
[DEBUG] Dynamically added transition from wildcard26 to wildcard187
[DEBUG] Dynamically added transition from wildcard25 to wildcard187
[DEBUG] Dynamically added transition from wildcard24 to wildcard187
[DEBUG] Dynamically added transition from wildcard23 to wildcard187
[DEBUG] Dynamically added transition from wildcard22 to wildcard187
[DEBUG] Dynamically added transition from wildcard21 to wildcard187
[DEBUG] Dynamically added transition from wildcard20 to wildcard187
[DEBUG] Dynamically added transition from wildcard143 to wildcard187
[DEBUG] Dynamically added transition from wildcard144 to wildcard187
[DEBUG] Dynamically added transition from wildcard141 to wildcard187
[DEBUG] Dynamically added transition from wildcard142 to wildcard187
[DEBUG] Dynamically added transition from wildcard140 to wildcard187
[DEBUG] Dynamically added transition from wildcard149 to wildcard187
[DEBUG] Dynamically added transition from wildcard147 to wildcard187
[DEBUG] Dynamically added transition from wildcard19 to wildcard187
[DEBUG] Dynamically added transition from wildcard148 to wildcard187
[DEBUG] Dynamically added transition from wildcard18 to wildcard187
[DEBUG] Dynamically added transition from wildcard145 to wildcard187
[DEBUG] Dynamically added transition from wildcard17 to wildcard187
[DEBUG] Dynamically added transition from wildcard146 to wildcard187
[DEBUG] Dynamically added transition from wildcard38 to wildcard187
[DEBUG] Dynamically added transition from wildcard37 to wildcard187
[DEBUG] Dynamically added transition from wildcard36 to wildcard187
[DEBUG] Dynamically added transition from wildcard35 to wildcard187
[DEBUG] Dynamically added transition from wildcard34 to wildcard187
[DEBUG] Dynamically added transition from wildcard33 to wildcard187
[DEBUG] Dynamically added transition from wildcard32 to wildcard187
[DEBUG] Dynamically added transition from wildcard31 to wildcard187
[DEBUG] Dynamically added transition from wildcard30 to wildcard187
[DEBUG] Dynamically added transition from wildcard154 to wildcard187
[DEBUG] Dynamically added transition from wildcard155 to wildcard187
[DEBUG] Dynamically added transition from wildcard152 to wildcard187
[DEBUG] Dynamically added transition from wildcard153 to wildcard187
[DEBUG] Dynamically added transition from wildcard150 to wildcard187
[DEBUG] Dynamically added transition from wildcard151 to wildcard187
[DEBUG] Dynamically added transition from wildcard158 to wildcard187
[DEBUG] Dynamically added transition from wildcard159 to wildcard187
[DEBUG] Dynamically added transition from wildcard29 to wildcard187
[DEBUG] Dynamically added transition from wildcard156 to wildcard187
[DEBUG] Dynamically added transition from wildcard28 to wildcard187
[DEBUG] Dynamically added transition from wildcard157 to wildcard187
[DEBUG] Dynamically added transition from wildcard49 to wildcard187
[DEBUG] Dynamically added transition from wildcard48 to wildcard187
[DEBUG] Dynamically added transition from wildcard47 to wildcard187
[DEBUG] Dynamically added transition from wildcard46 to wildcard187
[DEBUG] Dynamically added transition from wildcard45 to wildcard187
[DEBUG] Dynamically added transition from wildcard44 to wildcard187
[DEBUG] Dynamically added transition from wildcard43 to wildcard187
[DEBUG] Dynamically added transition from wildcard42 to wildcard187
[DEBUG] Dynamically added transition from wildcard41 to wildcard187
[DEBUG] Dynamically added transition from wildcard40 to wildcard187
[DEBUG] Dynamically added transition from wildcard121 to wildcard187
[DEBUG] Dynamically added transition from wildcard122 to wildcard187
[DEBUG] Dynamically added transition from wildcard120 to wildcard187
[DEBUG] Dynamically added transition from wildcard129 to wildcard187
[DEBUG] Dynamically added transition from wildcard127 to wildcard187
[DEBUG] Dynamically added transition from wildcard128 to wildcard187
[DEBUG] Dynamically added transition from wildcard125 to wildcard187
[DEBUG] Dynamically added transition from wildcard126 to wildcard187
[DEBUG] Dynamically added transition from wildcard123 to wildcard187
[DEBUG] Dynamically added transition from wildcard39 to wildcard187
[DEBUG] Dynamically added transition from wildcard124 to wildcard187
[DEBUG] Dynamically added transition from wildcard59 to wildcard187
[DEBUG] Dynamically added transition from wildcard58 to wildcard187
[DEBUG] Dynamically added transition from middle to wildcard187
[DEBUG] Dynamically added transition from wildcard57 to wildcard187
[DEBUG] Dynamically added transition from wildcard56 to wildcard187
[DEBUG] Dynamically added transition from wildcard55 to wildcard187
[DEBUG] Dynamically added transition from wildcard54 to wildcard187
[DEBUG] Dynamically added transition from wildcard53 to wildcard187
[DEBUG] Dynamically added transition from wildcard52 to wildcard187
[DEBUG] Dynamically added transition from wildcard51 to wildcard187
[DEBUG] Dynamically added transition from wildcard50 to wildcard187
[DEBUG] Dynamically added transition from wildcard132 to wildcard187
[DEBUG] Dynamically added transition from wildcard133 to wildcard187
[DEBUG] Dynamically added transition from wildcard130 to wildcard187
[DEBUG] Dynamically added transition from wildcard131 to wildcard187
[DEBUG] Dynamically added transition from wildcard138 to wildcard187
[DEBUG] Dynamically added transition from wildcard139 to wildcard187
[DEBUG] Dynamically added transition from wildcard136 to wildcard187
[DEBUG] Dynamically added transition from wildcard137 to wildcard187
[DEBUG] Dynamically added transition from wildcard134 to wildcard187
[DEBUG] Dynamically added transition from wildcard135 to wildcard187
[DEBUG] Dynamically added transition from wildcard180 to wildcard187
[DEBUG] Dynamically added transition from wildcard185 to wildcard187
[DEBUG] Dynamically added transition from wildcard183 to wildcard187
[DEBUG] Dynamically added transition from wildcard184 to wildcard187
[DEBUG] Dynamically added transition from wildcard181 to wildcard187
[DEBUG] Dynamically added transition from wildcard182 to wildcard187
[DEBUG] Dynamically added transition from wildcard165 to wildcard187
[DEBUG] Dynamically added transition from wildcard166 to wildcard187
[DEBUG] Dynamically added transition from wildcard163 to wildcard187
[DEBUG] Dynamically added transition from wildcard164 to wildcard187
[DEBUG] Dynamically added transition from wildcard161 to wildcard187
[DEBUG] Dynamically added transition from wildcard162 to wildcard187
[DEBUG] Dynamically added transition from wildcard160 to wildcard187
[DEBUG] Dynamically added transition from wildcard169 to wildcard187
[DEBUG] Dynamically added transition from wildcard167 to wildcard187
[DEBUG] Dynamically added transition from wildcard168 to wildcard187
[DEBUG] Dynamically added transition from wildcard16 to wildcard187
[DEBUG] Dynamically added transition from wildcard15 to wildcard187
[DEBUG] Dynamically added transition from wildcard14 to wildcard187
[DEBUG] Dynamically added transition from wildcard13 to wildcard187
[DEBUG] Dynamically added transition from wildcard12 to wildcard187
[DEBUG] Dynamically added transition from wildcard11 to wildcard187
[DEBUG] Dynamically added transition from wildcard10 to wildcard187
[DEBUG] Dynamically added transition from start to wildcard187
[DEBUG] Dynamically added transition from wildcard176 to wildcard187
[DEBUG] Dynamically added transition from wildcard177 to wildcard187
[DEBUG] Dynamically added transition from wildcard174 to wildcard187
[DEBUG] Dynamically added transition from wildcard175 to wildcard187
[DEBUG] Dynamically added transition from wildcard172 to wildcard187
[DEBUG] Dynamically added transition from wildcard173 to wildcard187
[DEBUG] Dynamically added transition from wildcard170 to wildcard187
[DEBUG] Dynamically added transition from wildcard171 to wildcard187
[DEBUG] Dynamically added transition from wildcard178 to wildcard187
[DEBUG] Dynamically added transition from wildcard179 to wildcard187
[DEBUG] Dynamically added transition from wildcard1 to wildcard187
[DEBUG] Dynamically added transition from wildcard0 to wildcard187
[DEBUG] Dynamically added transition from wildcard3 to wildcard187
[DEBUG] Dynamically added transition from wildcard2 to wildcard187
[DEBUG] Dynamically added transition from wildcard5 to wildcard187
[DEBUG] Dynamically added transition from wildcard4 to wildcard187
[DEBUG] Dynamically added transition from wildcard7 to wildcard187
[DEBUG] Dynamically added transition from wildcard6 to wildcard187
[DEBUG] Dynamically added transition from wildcard9 to wildcard187
[DEBUG] Dynamically added transition from wildcard8 to wildcard187
[DEBUG] Dynamically added transition from wildcard69 to wildcard187
[DEBUG] Dynamically added transition from wildcard68 to wildcard187
[DEBUG] Dynamically added transition from wildcard67 to wildcard187
[DEBUG] Dynamically added transition from wildcard66 to wildcard187
[DEBUG] Dynamically added transition from wildcard65 to wildcard187
[DEBUG] Dynamically added transition from wildcard64 to wildcard187
[DEBUG] Dynamically added transition from wildcard63 to wildcard187
[DEBUG] Dynamically added transition from wildcard62 to wildcard187
[DEBUG] Dynamically added transition from wildcard61 to wildcard187
[DEBUG] Dynamically added transition from wildcard60 to wildcard187
[DEBUG] Dynamically added transition from wildcard100 to wildcard187
[DEBUG] Dynamically added transition from wildcard107 to wildcard187
[DEBUG] Dynamically added transition from wildcard108 to wildcard187
[DEBUG] Dynamically added transition from wildcard105 to wildcard187
[DEBUG] Dynamically added transition from wildcard106 to wildcard187
[DEBUG] Dynamically added transition from wildcard103 to wildcard187
[DEBUG] Dynamically added transition from wildcard104 to wildcard187
[DEBUG] Dynamically added transition from wildcard101 to wildcard187
[DEBUG] Dynamically added transition from wildcard102 to wildcard187
[DEBUG] Dynamically added transition from wildcard79 to wildcard187
[DEBUG] Dynamically added transition from wildcard78 to wildcard187
[DEBUG] Dynamically added transition from wildcard77 to wildcard187
[DEBUG] Dynamically added transition from wildcard76 to wildcard187
[DEBUG] Dynamically added transition from wildcard109 to wildcard187
[DEBUG] Dynamically added transition from wildcard75 to wildcard187
[DEBUG] Dynamically added transition from wildcard74 to wildcard187
[DEBUG] Dynamically added transition from wildcard73 to wildcard187
[DEBUG] Dynamically added transition from wildcard72 to wildcard187
[DEBUG] Dynamically added transition from wildcard71 to wildcard187
[DEBUG] Dynamically added transition from wildcard70 to wildcard187
[DEBUG] Dynamically added transition from wildcard110 to wildcard187
[DEBUG] Dynamically added transition from wildcard111 to wildcard187
[DEBUG] Dynamically added transition from wildcard118 to wildcard187
[DEBUG] Dynamically added transition from wildcard119 to wildcard187
[DEBUG] Dynamically added transition from wildcard116 to wildcard187
[DEBUG] Dynamically added transition from wildcard117 to wildcard187
[DEBUG] Dynamically added transition from wildcard114 to wildcard187
[DEBUG] Dynamically added transition from wildcard115 to wildcard187
[DEBUG] Dynamically added transition from wildcard112 to wildcard187
[DEBUG] Dynamically added transition from wildcard113 to wildcard187
[DEBUG] Dynamically added transition from wildcard89 to wildcard187
[DEBUG] Dynamically added transition from wildcard88 to wildcard187
[DEBUG] Dynamically added transition from wildcard87 to wildcard187
[DEBUG] Dynamically added transition from wildcard86 to wildcard187
[DEBUG] Dynamically added transition from wildcard85 to wildcard187
[DEBUG] Dynamically added transition from wildcard84 to wildcard187
[DEBUG] Dynamically added transition from wildcard83 to wildcard187
[DEBUG] Dynamically added transition from wildcard82 to wildcard187
[DEBUG] Dynamically added transition from wildcard81 to wildcard187
[DEBUG] Dynamically added transition from wildcard80 to wildcard187
[DEBUG] Dynamically added transition from wildcard99 to wildcard187
[DEBUG] Dynamically added transition from wildcard98 to wildcard187
[DEBUG] Dynamically added transition from wildcard97 to wildcard187
[DEBUG] Dynamically added transition from wildcard96 to wildcard187
[DEBUG] Dynamically added transition from wildcard95 to wildcard187
[DEBUG] Dynamically added transition from wildcard94 to wildcard187
[DEBUG] Dynamically added transition from wildcard93 to wildcard187
[DEBUG] Dynamically added transition from wildcard92 to wildcard187
[DEBUG] Dynamically added transition from wildcard91 to wildcard187
[DEBUG] Dynamically added transition from wildcard90 to wildcard187
[DEBUG] Dynamically added transition from wildcard187 to wildcard27
[DEBUG] Dynamically added transition from wildcard187 to wildcard26
[DEBUG] Dynamically added transition from wildcard187 to wildcard25
[DEBUG] Dynamically added transition from wildcard187 to wildcard24
[DEBUG] Dynamically added transition from wildcard187 to wildcard23
[DEBUG] Dynamically added transition from wildcard187 to wildcard22
[DEBUG] Dynamically added transition from wildcard187 to wildcard21
[DEBUG] Dynamically added transition from wildcard187 to wildcard20
[DEBUG] Dynamically added transition from wildcard187 to wildcard143
[DEBUG] Dynamically added transition from wildcard187 to wildcard144
[DEBUG] Dynamically added transition from wildcard187 to wildcard141
[DEBUG] Dynamically added transition from wildcard187 to wildcard142
[DEBUG] Dynamically added transition from wildcard187 to wildcard140
[DEBUG] Dynamically added transition from wildcard187 to wildcard149
[DEBUG] Dynamically added transition from wildcard187 to wildcard147
[DEBUG] Dynamically added transition from wildcard187 to wildcard19
[DEBUG] Dynamically added transition from wildcard187 to wildcard148
[DEBUG] Dynamically added transition from wildcard187 to wildcard18
[DEBUG] Dynamically added transition from wildcard187 to wildcard145
[DEBUG] Dynamically added transition from wildcard187 to wildcard17
[DEBUG] Dynamically added transition from wildcard187 to wildcard146
[DEBUG] Dynamically added transition from wildcard187 to wildcard38
[DEBUG] Dynamically added transition from wildcard187 to wildcard37
[DEBUG] Dynamically added transition from wildcard187 to wildcard36
[DEBUG] Dynamically added transition from wildcard187 to wildcard35
[DEBUG] Dynamically added transition from wildcard187 to wildcard34
[DEBUG] Dynamically added transition from wildcard187 to wildcard33
[DEBUG] Dynamically added transition from wildcard187 to wildcard32
[DEBUG] Dynamically added transition from wildcard187 to wildcard31
[DEBUG] Dynamically added transition from wildcard187 to wildcard30
[DEBUG] Dynamically added transition from wildcard187 to wildcard154
[DEBUG] Dynamically added transition from wildcard187 to wildcard155
[DEBUG] Dynamically added transition from wildcard187 to wildcard152
[DEBUG] Dynamically added transition from wildcard187 to wildcard153
[DEBUG] Dynamically added transition from wildcard187 to wildcard150
[DEBUG] Dynamically added transition from wildcard187 to wildcard151
[DEBUG] Dynamically added transition from wildcard187 to wildcard158
[DEBUG] Dynamically added transition from wildcard187 to wildcard159
[DEBUG] Dynamically added transition from wildcard187 to wildcard29
[DEBUG] Dynamically added transition from wildcard187 to wildcard156
[DEBUG] Dynamically added transition from wildcard187 to wildcard28
[DEBUG] Dynamically added transition from wildcard187 to wildcard157
[DEBUG] Dynamically added transition from wildcard187 to wildcard49
[DEBUG] Dynamically added transition from wildcard187 to wildcard48
[DEBUG] Dynamically added transition from wildcard187 to wildcard47
[DEBUG] Dynamically added transition from wildcard187 to wildcard46
[DEBUG] Dynamically added transition from wildcard187 to wildcard45
[DEBUG] Dynamically added transition from wildcard187 to wildcard44
[DEBUG] Dynamically added transition from wildcard187 to wildcard43
[DEBUG] Dynamically added transition from wildcard187 to wildcard42
[DEBUG] Dynamically added transition from wildcard187 to wildcard41
[DEBUG] Dynamically added transition from wildcard187 to wildcard40
[DEBUG] Dynamically added transition from wildcard187 to wildcard121
[DEBUG] Dynamically added transition from wildcard187 to wildcard122
[DEBUG] Dynamically added transition from wildcard187 to wildcard120
[DEBUG] Dynamically added transition from wildcard187 to wildcard129
[DEBUG] Dynamically added transition from wildcard187 to wildcard127
[DEBUG] Dynamically added transition from wildcard187 to wildcard128
[DEBUG] Dynamically added transition from wildcard187 to wildcard125
[DEBUG] Dynamically added transition from wildcard187 to wildcard126
[DEBUG] Dynamically added transition from wildcard187 to wildcard123
[DEBUG] Dynamically added transition from wildcard187 to wildcard39
[DEBUG] Dynamically added transition from wildcard187 to wildcard124
[DEBUG] Dynamically added transition from wildcard187 to wildcard59
[DEBUG] Dynamically added transition from wildcard187 to wildcard58
[DEBUG] Dynamically added transition from wildcard187 to middle
[DEBUG] Dynamically added transition from wildcard187 to wildcard57
[DEBUG] Dynamically added transition from wildcard187 to wildcard56
[DEBUG] Dynamically added transition from wildcard187 to wildcard55
[DEBUG] Dynamically added transition from wildcard187 to wildcard54
[DEBUG] Dynamically added transition from wildcard187 to wildcard53
[DEBUG] Dynamically added transition from wildcard187 to wildcard52
[DEBUG] Dynamically added transition from wildcard187 to wildcard51
[DEBUG] Dynamically added transition from wildcard187 to wildcard50
[DEBUG] Dynamically added transition from wildcard187 to wildcard132
[DEBUG] Dynamically added transition from wildcard187 to wildcard133
[DEBUG] Dynamically added transition from wildcard187 to wildcard130
[DEBUG] Dynamically added transition from wildcard187 to wildcard131
[DEBUG] Dynamically added transition from wildcard187 to wildcard138
[DEBUG] Dynamically added transition from wildcard187 to wildcard139
[DEBUG] Dynamically added transition from wildcard187 to wildcard136
[DEBUG] Dynamically added transition from wildcard187 to wildcard137
[DEBUG] Dynamically added transition from wildcard187 to wildcard134
[DEBUG] Dynamically added transition from wildcard187 to wildcard135
[DEBUG] Dynamically added transition from wildcard187 to wildcard180
[DEBUG] Dynamically added transition from wildcard187 to wildcard187
[DEBUG] Dynamically added transition from wildcard187 to wildcard185
[DEBUG] Dynamically added transition from wildcard187 to wildcard186
[DEBUG] Dynamically added transition from wildcard187 to wildcard183
[DEBUG] Dynamically added transition from wildcard187 to wildcard184
[DEBUG] Dynamically added transition from wildcard187 to wildcard181
[DEBUG] Dynamically added transition from wildcard187 to wildcard182
[DEBUG] Dynamically added transition from wildcard187 to wildcard165
[DEBUG] Dynamically added transition from wildcard187 to wildcard166
[DEBUG] Dynamically added transition from wildcard187 to wildcard163
[DEBUG] Dynamically added transition from wildcard187 to wildcard164
[DEBUG] Dynamically added transition from wildcard187 to wildcard161
[DEBUG] Dynamically added transition from wildcard187 to wildcard162
[DEBUG] Dynamically added transition from wildcard187 to wildcard160
[DEBUG] Dynamically added transition from wildcard187 to end
[DEBUG] Dynamically added transition from wildcard187 to wildcard169
[DEBUG] Dynamically added transition from wildcard187 to wildcard167
[DEBUG] Dynamically added transition from wildcard187 to wildcard168
[DEBUG] Dynamically added transition from wildcard187 to wildcard16
[DEBUG] Dynamically added transition from wildcard187 to wildcard15
[DEBUG] Dynamically added transition from wildcard187 to wildcard14
[DEBUG] Dynamically added transition from wildcard187 to wildcard13
[DEBUG] Dynamically added transition from wildcard187 to wildcard12
[DEBUG] Dynamically added transition from wildcard187 to wildcard11
[DEBUG] Dynamically added transition from wildcard187 to wildcard10
[DEBUG] Dynamically added transition from wildcard187 to start
[DEBUG] Dynamically added transition from wildcard187 to wildcard176
[DEBUG] Dynamically added transition from wildcard187 to wildcard177
[DEBUG] Dynamically added transition from wildcard187 to wildcard174
[DEBUG] Dynamically added transition from wildcard187 to wildcard175
[DEBUG] Dynamically added transition from wildcard187 to wildcard172
[DEBUG] Dynamically added transition from wildcard187 to wildcard173
[DEBUG] Dynamically added transition from wildcard187 to wildcard170
[DEBUG] Dynamically added transition from wildcard187 to wildcard171
[DEBUG] Dynamically added transition from wildcard187 to wildcard178
[DEBUG] Dynamically added transition from wildcard187 to wildcard179
[DEBUG] Dynamically added transition from wildcard187 to wildcard1
[DEBUG] Dynamically added transition from wildcard187 to wildcard0
[DEBUG] Dynamically added transition from wildcard187 to wildcard3
[DEBUG] Dynamically added transition from wildcard187 to wildcard2
[DEBUG] Dynamically added transition from wildcard187 to wildcard5
[DEBUG] Dynamically added transition from wildcard187 to wildcard4
[DEBUG] Dynamically added transition from wildcard187 to wildcard7
[DEBUG] Dynamically added transition from wildcard187 to wildcard6
[DEBUG] Dynamically added transition from wildcard187 to wildcard9
[DEBUG] Dynamically added transition from wildcard187 to wildcard8
[DEBUG] Dynamically added transition from wildcard187 to wildcard69
[DEBUG] Dynamically added transition from wildcard187 to wildcard68
[DEBUG] Dynamically added transition from wildcard187 to wildcard67
[DEBUG] Dynamically added transition from wildcard187 to wildcard66
[DEBUG] Dynamically added transition from wildcard187 to wildcard65
[DEBUG] Dynamically added transition from wildcard187 to wildcard64
[DEBUG] Dynamically added transition from wildcard187 to wildcard63
[DEBUG] Dynamically added transition from wildcard187 to wildcard62
[DEBUG] Dynamically added transition from wildcard187 to wildcard61
[DEBUG] Dynamically added transition from wildcard187 to wildcard60
[DEBUG] Dynamically added transition from wildcard187 to wildcard100
[DEBUG] Dynamically added transition from wildcard187 to wildcard107
[DEBUG] Dynamically added transition from wildcard187 to wildcard108
[DEBUG] Dynamically added transition from wildcard187 to wildcard105
[DEBUG] Dynamically added transition from wildcard187 to wildcard106
[DEBUG] Dynamically added transition from wildcard187 to wildcard103
[DEBUG] Dynamically added transition from wildcard187 to wildcard104
[DEBUG] Dynamically added transition from wildcard187 to wildcard101
[DEBUG] Dynamically added transition from wildcard187 to wildcard102
[DEBUG] Dynamically added transition from wildcard187 to wildcard79
[DEBUG] Dynamically added transition from wildcard187 to wildcard78
[DEBUG] Dynamically added transition from wildcard187 to wildcard77
[DEBUG] Dynamically added transition from wildcard187 to wildcard76
[DEBUG] Dynamically added transition from wildcard187 to wildcard109
[DEBUG] Dynamically added transition from wildcard187 to wildcard75
[DEBUG] Dynamically added transition from wildcard187 to wildcard74
[DEBUG] Dynamically added transition from wildcard187 to wildcard73
[DEBUG] Dynamically added transition from wildcard187 to wildcard72
[DEBUG] Dynamically added transition from wildcard187 to wildcard71
[DEBUG] Dynamically added transition from wildcard187 to wildcard70
[DEBUG] Dynamically added transition from wildcard187 to wildcard110
[DEBUG] Dynamically added transition from wildcard187 to wildcard111
[DEBUG] Dynamically added transition from wildcard187 to wildcard118
[DEBUG] Dynamically added transition from wildcard187 to wildcard119
[DEBUG] Dynamically added transition from wildcard187 to wildcard116
[DEBUG] Dynamically added transition from wildcard187 to wildcard117
[DEBUG] Dynamically added transition from wildcard187 to .*
[DEBUG] Dynamically added transition from wildcard187 to wildcard114
[DEBUG] Dynamically added transition from wildcard187 to wildcard115
[DEBUG] Dynamically added transition from wildcard187 to wildcard112
[DEBUG] Dynamically added transition from wildcard187 to wildcard113
[DEBUG] Dynamically added transition from wildcard187 to wildcard89
[DEBUG] Dynamically added transition from wildcard187 to wildcard88
[DEBUG] Dynamically added transition from wildcard187 to wildcard87
[DEBUG] Dynamically added transition from wildcard187 to wildcard86
[DEBUG] Dynamically added transition from wildcard187 to INITIAL
[DEBUG] Dynamically added transition from wildcard187 to wildcard85
[DEBUG] Dynamically added transition from wildcard187 to wildcard84
[DEBUG] Dynamically added transition from wildcard187 to wildcard83
[DEBUG] Dynamically added transition from wildcard187 to wildcard82
[DEBUG] Dynamically added transition from wildcard187 to wildcard81
[DEBUG] Dynamically added transition from wildcard187 to wildcard80
[DEBUG] Dynamically added transition from wildcard187 to wildcard99
[DEBUG] Dynamically added transition from wildcard187 to wildcard98
[DEBUG] Dynamically added transition from wildcard187 to wildcard97
[DEBUG] Dynamically added transition from wildcard187 to wildcard96
[DEBUG] Dynamically added transition from wildcard187 to wildcard95
[DEBUG] Dynamically added transition from wildcard187 to wildcard94
[DEBUG] Dynamically added transition from wildcard187 to wildcard93
[DEBUG] Dynamically added transition from wildcard187 to wildcard92
[DEBUG] Dynamically added transition from wildcard187 to wildcard91
[DEBUG] Dynamically added transition from wildcard187 to wildcard90
[INFO] Wildcard transition valid to state: wildcard187
[INFO] Wildcard transition detected from wildcard187 to wildcard188
[DEBUG] Created intermediate state for wildcard transition: wildcard188
[DEBUG] Dynamically added transition from wildcard187 to wildcard188
[DEBUG] Dynamically added transition from wildcard27 to wildcard188
[DEBUG] Dynamically added transition from wildcard26 to wildcard188
[DEBUG] Dynamically added transition from wildcard25 to wildcard188
[DEBUG] Dynamically added transition from wildcard24 to wildcard188
[DEBUG] Dynamically added transition from wildcard23 to wildcard188
[DEBUG] Dynamically added transition from wildcard22 to wildcard188
[DEBUG] Dynamically added transition from wildcard21 to wildcard188
[DEBUG] Dynamically added transition from wildcard20 to wildcard188
[DEBUG] Dynamically added transition from wildcard143 to wildcard188
[DEBUG] Dynamically added transition from wildcard144 to wildcard188
[DEBUG] Dynamically added transition from wildcard141 to wildcard188
[DEBUG] Dynamically added transition from wildcard142 to wildcard188
[DEBUG] Dynamically added transition from wildcard140 to wildcard188
[DEBUG] Dynamically added transition from wildcard149 to wildcard188
[DEBUG] Dynamically added transition from wildcard147 to wildcard188
[DEBUG] Dynamically added transition from wildcard19 to wildcard188
[DEBUG] Dynamically added transition from wildcard148 to wildcard188
[DEBUG] Dynamically added transition from wildcard18 to wildcard188
[DEBUG] Dynamically added transition from wildcard145 to wildcard188
[DEBUG] Dynamically added transition from wildcard17 to wildcard188
[DEBUG] Dynamically added transition from wildcard146 to wildcard188
[DEBUG] Dynamically added transition from wildcard38 to wildcard188
[DEBUG] Dynamically added transition from wildcard37 to wildcard188
[DEBUG] Dynamically added transition from wildcard36 to wildcard188
[DEBUG] Dynamically added transition from wildcard35 to wildcard188
[DEBUG] Dynamically added transition from wildcard34 to wildcard188
[DEBUG] Dynamically added transition from wildcard33 to wildcard188
[DEBUG] Dynamically added transition from wildcard32 to wildcard188
[DEBUG] Dynamically added transition from wildcard31 to wildcard188
[DEBUG] Dynamically added transition from wildcard30 to wildcard188
[DEBUG] Dynamically added transition from wildcard154 to wildcard188
[DEBUG] Dynamically added transition from wildcard155 to wildcard188
[DEBUG] Dynamically added transition from wildcard152 to wildcard188
[DEBUG] Dynamically added transition from wildcard153 to wildcard188
[DEBUG] Dynamically added transition from wildcard150 to wildcard188
[DEBUG] Dynamically added transition from wildcard151 to wildcard188
[DEBUG] Dynamically added transition from wildcard158 to wildcard188
[DEBUG] Dynamically added transition from wildcard159 to wildcard188
[DEBUG] Dynamically added transition from wildcard29 to wildcard188
[DEBUG] Dynamically added transition from wildcard156 to wildcard188
[DEBUG] Dynamically added transition from wildcard28 to wildcard188
[DEBUG] Dynamically added transition from wildcard157 to wildcard188
[DEBUG] Dynamically added transition from wildcard49 to wildcard188
[DEBUG] Dynamically added transition from wildcard48 to wildcard188
[DEBUG] Dynamically added transition from wildcard47 to wildcard188
[DEBUG] Dynamically added transition from wildcard46 to wildcard188
[DEBUG] Dynamically added transition from wildcard45 to wildcard188
[DEBUG] Dynamically added transition from wildcard44 to wildcard188
[DEBUG] Dynamically added transition from wildcard43 to wildcard188
[DEBUG] Dynamically added transition from wildcard42 to wildcard188
[DEBUG] Dynamically added transition from wildcard41 to wildcard188
[DEBUG] Dynamically added transition from wildcard40 to wildcard188
[DEBUG] Dynamically added transition from wildcard121 to wildcard188
[DEBUG] Dynamically added transition from wildcard122 to wildcard188
[DEBUG] Dynamically added transition from wildcard120 to wildcard188
[DEBUG] Dynamically added transition from wildcard129 to wildcard188
[DEBUG] Dynamically added transition from wildcard127 to wildcard188
[DEBUG] Dynamically added transition from wildcard128 to wildcard188
[DEBUG] Dynamically added transition from wildcard125 to wildcard188
[DEBUG] Dynamically added transition from wildcard126 to wildcard188
[DEBUG] Dynamically added transition from wildcard123 to wildcard188
[DEBUG] Dynamically added transition from wildcard39 to wildcard188
[DEBUG] Dynamically added transition from wildcard124 to wildcard188
[DEBUG] Dynamically added transition from wildcard59 to wildcard188
[DEBUG] Dynamically added transition from wildcard58 to wildcard188
[DEBUG] Dynamically added transition from middle to wildcard188
[DEBUG] Dynamically added transition from wildcard57 to wildcard188
[DEBUG] Dynamically added transition from wildcard56 to wildcard188
[DEBUG] Dynamically added transition from wildcard55 to wildcard188
[DEBUG] Dynamically added transition from wildcard54 to wildcard188
[DEBUG] Dynamically added transition from wildcard53 to wildcard188
[DEBUG] Dynamically added transition from wildcard52 to wildcard188
[DEBUG] Dynamically added transition from wildcard51 to wildcard188
[DEBUG] Dynamically added transition from wildcard50 to wildcard188
[DEBUG] Dynamically added transition from wildcard132 to wildcard188
[DEBUG] Dynamically added transition from wildcard133 to wildcard188
[DEBUG] Dynamically added transition from wildcard130 to wildcard188
[DEBUG] Dynamically added transition from wildcard131 to wildcard188
[DEBUG] Dynamically added transition from wildcard138 to wildcard188
[DEBUG] Dynamically added transition from wildcard139 to wildcard188
[DEBUG] Dynamically added transition from wildcard136 to wildcard188
[DEBUG] Dynamically added transition from wildcard137 to wildcard188
[DEBUG] Dynamically added transition from wildcard134 to wildcard188
[DEBUG] Dynamically added transition from wildcard135 to wildcard188
[DEBUG] Dynamically added transition from wildcard180 to wildcard188
[DEBUG] Dynamically added transition from wildcard185 to wildcard188
[DEBUG] Dynamically added transition from wildcard186 to wildcard188
[DEBUG] Dynamically added transition from wildcard183 to wildcard188
[DEBUG] Dynamically added transition from wildcard184 to wildcard188
[DEBUG] Dynamically added transition from wildcard181 to wildcard188
[DEBUG] Dynamically added transition from wildcard182 to wildcard188
[DEBUG] Dynamically added transition from wildcard165 to wildcard188
[DEBUG] Dynamically added transition from wildcard166 to wildcard188
[DEBUG] Dynamically added transition from wildcard163 to wildcard188
[DEBUG] Dynamically added transition from wildcard164 to wildcard188
[DEBUG] Dynamically added transition from wildcard161 to wildcard188
[DEBUG] Dynamically added transition from wildcard162 to wildcard188
[DEBUG] Dynamically added transition from wildcard160 to wildcard188
[DEBUG] Dynamically added transition from wildcard169 to wildcard188
[DEBUG] Dynamically added transition from wildcard167 to wildcard188
[DEBUG] Dynamically added transition from wildcard168 to wildcard188
[DEBUG] Dynamically added transition from wildcard16 to wildcard188
[DEBUG] Dynamically added transition from wildcard15 to wildcard188
[DEBUG] Dynamically added transition from wildcard14 to wildcard188
[DEBUG] Dynamically added transition from wildcard13 to wildcard188
[DEBUG] Dynamically added transition from wildcard12 to wildcard188
[DEBUG] Dynamically added transition from wildcard11 to wildcard188
[DEBUG] Dynamically added transition from wildcard10 to wildcard188
[DEBUG] Dynamically added transition from start to wildcard188
[DEBUG] Dynamically added transition from wildcard176 to wildcard188
[DEBUG] Dynamically added transition from wildcard177 to wildcard188
[DEBUG] Dynamically added transition from wildcard174 to wildcard188
[DEBUG] Dynamically added transition from wildcard175 to wildcard188
[DEBUG] Dynamically added transition from wildcard172 to wildcard188
[DEBUG] Dynamically added transition from wildcard173 to wildcard188
[DEBUG] Dynamically added transition from wildcard170 to wildcard188
[DEBUG] Dynamically added transition from wildcard171 to wildcard188
[DEBUG] Dynamically added transition from wildcard178 to wildcard188
[DEBUG] Dynamically added transition from wildcard179 to wildcard188
[DEBUG] Dynamically added transition from wildcard1 to wildcard188
[DEBUG] Dynamically added transition from wildcard0 to wildcard188
[DEBUG] Dynamically added transition from wildcard3 to wildcard188
[DEBUG] Dynamically added transition from wildcard2 to wildcard188
[DEBUG] Dynamically added transition from wildcard5 to wildcard188
[DEBUG] Dynamically added transition from wildcard4 to wildcard188
[DEBUG] Dynamically added transition from wildcard7 to wildcard188
[DEBUG] Dynamically added transition from wildcard6 to wildcard188
[DEBUG] Dynamically added transition from wildcard9 to wildcard188
[DEBUG] Dynamically added transition from wildcard8 to wildcard188
[DEBUG] Dynamically added transition from wildcard69 to wildcard188
[DEBUG] Dynamically added transition from wildcard68 to wildcard188
[DEBUG] Dynamically added transition from wildcard67 to wildcard188
[DEBUG] Dynamically added transition from wildcard66 to wildcard188
[DEBUG] Dynamically added transition from wildcard65 to wildcard188
[DEBUG] Dynamically added transition from wildcard64 to wildcard188
[DEBUG] Dynamically added transition from wildcard63 to wildcard188
[DEBUG] Dynamically added transition from wildcard62 to wildcard188
[DEBUG] Dynamically added transition from wildcard61 to wildcard188
[DEBUG] Dynamically added transition from wildcard60 to wildcard188
[DEBUG] Dynamically added transition from wildcard100 to wildcard188
[DEBUG] Dynamically added transition from wildcard107 to wildcard188
[DEBUG] Dynamically added transition from wildcard108 to wildcard188
[DEBUG] Dynamically added transition from wildcard105 to wildcard188
[DEBUG] Dynamically added transition from wildcard106 to wildcard188
[DEBUG] Dynamically added transition from wildcard103 to wildcard188
[DEBUG] Dynamically added transition from wildcard104 to wildcard188
[DEBUG] Dynamically added transition from wildcard101 to wildcard188
[DEBUG] Dynamically added transition from wildcard102 to wildcard188
[DEBUG] Dynamically added transition from wildcard79 to wildcard188
[DEBUG] Dynamically added transition from wildcard78 to wildcard188
[DEBUG] Dynamically added transition from wildcard77 to wildcard188
[DEBUG] Dynamically added transition from wildcard76 to wildcard188
[DEBUG] Dynamically added transition from wildcard109 to wildcard188
[DEBUG] Dynamically added transition from wildcard75 to wildcard188
[DEBUG] Dynamically added transition from wildcard74 to wildcard188
[DEBUG] Dynamically added transition from wildcard73 to wildcard188
[DEBUG] Dynamically added transition from wildcard72 to wildcard188
[DEBUG] Dynamically added transition from wildcard71 to wildcard188
[DEBUG] Dynamically added transition from wildcard70 to wildcard188
[DEBUG] Dynamically added transition from wildcard110 to wildcard188
[DEBUG] Dynamically added transition from wildcard111 to wildcard188
[DEBUG] Dynamically added transition from wildcard118 to wildcard188
[DEBUG] Dynamically added transition from wildcard119 to wildcard188
[DEBUG] Dynamically added transition from wildcard116 to wildcard188
[DEBUG] Dynamically added transition from wildcard117 to wildcard188
[DEBUG] Dynamically added transition from wildcard114 to wildcard188
[DEBUG] Dynamically added transition from wildcard115 to wildcard188
[DEBUG] Dynamically added transition from wildcard112 to wildcard188
[DEBUG] Dynamically added transition from wildcard113 to wildcard188
[DEBUG] Dynamically added transition from wildcard89 to wildcard188
[DEBUG] Dynamically added transition from wildcard88 to wildcard188
[DEBUG] Dynamically added transition from wildcard87 to wildcard188
[DEBUG] Dynamically added transition from wildcard86 to wildcard188
[DEBUG] Dynamically added transition from wildcard85 to wildcard188
[DEBUG] Dynamically added transition from wildcard84 to wildcard188
[DEBUG] Dynamically added transition from wildcard83 to wildcard188
[DEBUG] Dynamically added transition from wildcard82 to wildcard188
[DEBUG] Dynamically added transition from wildcard81 to wildcard188
[DEBUG] Dynamically added transition from wildcard80 to wildcard188
[DEBUG] Dynamically added transition from wildcard99 to wildcard188
[DEBUG] Dynamically added transition from wildcard98 to wildcard188
[DEBUG] Dynamically added transition from wildcard97 to wildcard188
[DEBUG] Dynamically added transition from wildcard96 to wildcard188
[DEBUG] Dynamically added transition from wildcard95 to wildcard188
[DEBUG] Dynamically added transition from wildcard94 to wildcard188
[DEBUG] Dynamically added transition from wildcard93 to wildcard188
[DEBUG] Dynamically added transition from wildcard92 to wildcard188
[DEBUG] Dynamically added transition from wildcard91 to wildcard188
[DEBUG] Dynamically added transition from wildcard90 to wildcard188
[DEBUG] Dynamically added transition from wildcard188 to wildcard27
[DEBUG] Dynamically added transition from wildcard188 to wildcard26
[DEBUG] Dynamically added transition from wildcard188 to wildcard25
[DEBUG] Dynamically added transition from wildcard188 to wildcard24
[DEBUG] Dynamically added transition from wildcard188 to wildcard23
[DEBUG] Dynamically added transition from wildcard188 to wildcard22
[DEBUG] Dynamically added transition from wildcard188 to wildcard21
[DEBUG] Dynamically added transition from wildcard188 to wildcard20
[DEBUG] Dynamically added transition from wildcard188 to wildcard143
[DEBUG] Dynamically added transition from wildcard188 to wildcard144
[DEBUG] Dynamically added transition from wildcard188 to wildcard141
[DEBUG] Dynamically added transition from wildcard188 to wildcard142
[DEBUG] Dynamically added transition from wildcard188 to wildcard140
[DEBUG] Dynamically added transition from wildcard188 to wildcard149
[DEBUG] Dynamically added transition from wildcard188 to wildcard147
[DEBUG] Dynamically added transition from wildcard188 to wildcard19
[DEBUG] Dynamically added transition from wildcard188 to wildcard148
[DEBUG] Dynamically added transition from wildcard188 to wildcard18
[DEBUG] Dynamically added transition from wildcard188 to wildcard145
[DEBUG] Dynamically added transition from wildcard188 to wildcard17
[DEBUG] Dynamically added transition from wildcard188 to wildcard146
[DEBUG] Dynamically added transition from wildcard188 to wildcard38
[DEBUG] Dynamically added transition from wildcard188 to wildcard37
[DEBUG] Dynamically added transition from wildcard188 to wildcard36
[DEBUG] Dynamically added transition from wildcard188 to wildcard35
[DEBUG] Dynamically added transition from wildcard188 to wildcard34
[DEBUG] Dynamically added transition from wildcard188 to wildcard33
[DEBUG] Dynamically added transition from wildcard188 to wildcard32
[DEBUG] Dynamically added transition from wildcard188 to wildcard31
[DEBUG] Dynamically added transition from wildcard188 to wildcard30
[DEBUG] Dynamically added transition from wildcard188 to wildcard154
[DEBUG] Dynamically added transition from wildcard188 to wildcard155
[DEBUG] Dynamically added transition from wildcard188 to wildcard152
[DEBUG] Dynamically added transition from wildcard188 to wildcard153
[DEBUG] Dynamically added transition from wildcard188 to wildcard150
[DEBUG] Dynamically added transition from wildcard188 to wildcard151
[DEBUG] Dynamically added transition from wildcard188 to wildcard158
[DEBUG] Dynamically added transition from wildcard188 to wildcard159
[DEBUG] Dynamically added transition from wildcard188 to wildcard29
[DEBUG] Dynamically added transition from wildcard188 to wildcard156
[DEBUG] Dynamically added transition from wildcard188 to wildcard28
[DEBUG] Dynamically added transition from wildcard188 to wildcard157
[DEBUG] Dynamically added transition from wildcard188 to wildcard49
[DEBUG] Dynamically added transition from wildcard188 to wildcard48
[DEBUG] Dynamically added transition from wildcard188 to wildcard47
[DEBUG] Dynamically added transition from wildcard188 to wildcard46
[DEBUG] Dynamically added transition from wildcard188 to wildcard45
[DEBUG] Dynamically added transition from wildcard188 to wildcard44
[DEBUG] Dynamically added transition from wildcard188 to wildcard43
[DEBUG] Dynamically added transition from wildcard188 to wildcard42
[DEBUG] Dynamically added transition from wildcard188 to wildcard41
[DEBUG] Dynamically added transition from wildcard188 to wildcard40
[DEBUG] Dynamically added transition from wildcard188 to wildcard121
[DEBUG] Dynamically added transition from wildcard188 to wildcard122
[DEBUG] Dynamically added transition from wildcard188 to wildcard120
[DEBUG] Dynamically added transition from wildcard188 to wildcard129
[DEBUG] Dynamically added transition from wildcard188 to wildcard127
[DEBUG] Dynamically added transition from wildcard188 to wildcard128
[DEBUG] Dynamically added transition from wildcard188 to wildcard125
[DEBUG] Dynamically added transition from wildcard188 to wildcard126
[DEBUG] Dynamically added transition from wildcard188 to wildcard123
[DEBUG] Dynamically added transition from wildcard188 to wildcard39
[DEBUG] Dynamically added transition from wildcard188 to wildcard124
[DEBUG] Dynamically added transition from wildcard188 to wildcard59
[DEBUG] Dynamically added transition from wildcard188 to wildcard58
[DEBUG] Dynamically added transition from wildcard188 to middle
[DEBUG] Dynamically added transition from wildcard188 to wildcard57
[DEBUG] Dynamically added transition from wildcard188 to wildcard56
[DEBUG] Dynamically added transition from wildcard188 to wildcard55
[DEBUG] Dynamically added transition from wildcard188 to wildcard54
[DEBUG] Dynamically added transition from wildcard188 to wildcard53
[DEBUG] Dynamically added transition from wildcard188 to wildcard52
[DEBUG] Dynamically added transition from wildcard188 to wildcard51
[DEBUG] Dynamically added transition from wildcard188 to wildcard50
[DEBUG] Dynamically added transition from wildcard188 to wildcard132
[DEBUG] Dynamically added transition from wildcard188 to wildcard133
[DEBUG] Dynamically added transition from wildcard188 to wildcard130
[DEBUG] Dynamically added transition from wildcard188 to wildcard131
[DEBUG] Dynamically added transition from wildcard188 to wildcard138
[DEBUG] Dynamically added transition from wildcard188 to wildcard139
[DEBUG] Dynamically added transition from wildcard188 to wildcard136
[DEBUG] Dynamically added transition from wildcard188 to wildcard137
[DEBUG] Dynamically added transition from wildcard188 to wildcard134
[DEBUG] Dynamically added transition from wildcard188 to wildcard135
[DEBUG] Dynamically added transition from wildcard188 to wildcard180
[DEBUG] Dynamically added transition from wildcard188 to wildcard187
[DEBUG] Dynamically added transition from wildcard188 to wildcard188
[DEBUG] Dynamically added transition from wildcard188 to wildcard185
[DEBUG] Dynamically added transition from wildcard188 to wildcard186
[DEBUG] Dynamically added transition from wildcard188 to wildcard183
[DEBUG] Dynamically added transition from wildcard188 to wildcard184
[DEBUG] Dynamically added transition from wildcard188 to wildcard181
[DEBUG] Dynamically added transition from wildcard188 to wildcard182
[DEBUG] Dynamically added transition from wildcard188 to wildcard165
[DEBUG] Dynamically added transition from wildcard188 to wildcard166
[DEBUG] Dynamically added transition from wildcard188 to wildcard163
[DEBUG] Dynamically added transition from wildcard188 to wildcard164
[DEBUG] Dynamically added transition from wildcard188 to wildcard161
[DEBUG] Dynamically added transition from wildcard188 to wildcard162
[DEBUG] Dynamically added transition from wildcard188 to wildcard160
[DEBUG] Dynamically added transition from wildcard188 to end
[DEBUG] Dynamically added transition from wildcard188 to wildcard169
[DEBUG] Dynamically added transition from wildcard188 to wildcard167
[DEBUG] Dynamically added transition from wildcard188 to wildcard168
[DEBUG] Dynamically added transition from wildcard188 to wildcard16
[DEBUG] Dynamically added transition from wildcard188 to wildcard15
[DEBUG] Dynamically added transition from wildcard188 to wildcard14
[DEBUG] Dynamically added transition from wildcard188 to wildcard13
[DEBUG] Dynamically added transition from wildcard188 to wildcard12
[DEBUG] Dynamically added transition from wildcard188 to wildcard11
[DEBUG] Dynamically added transition from wildcard188 to wildcard10
[DEBUG] Dynamically added transition from wildcard188 to start
[DEBUG] Dynamically added transition from wildcard188 to wildcard176
[DEBUG] Dynamically added transition from wildcard188 to wildcard177
[DEBUG] Dynamically added transition from wildcard188 to wildcard174
[DEBUG] Dynamically added transition from wildcard188 to wildcard175
[DEBUG] Dynamically added transition from wildcard188 to wildcard172
[DEBUG] Dynamically added transition from wildcard188 to wildcard173
[DEBUG] Dynamically added transition from wildcard188 to wildcard170
[DEBUG] Dynamically added transition from wildcard188 to wildcard171
[DEBUG] Dynamically added transition from wildcard188 to wildcard178
[DEBUG] Dynamically added transition from wildcard188 to wildcard179
[DEBUG] Dynamically added transition from wildcard188 to wildcard1
[DEBUG] Dynamically added transition from wildcard188 to wildcard0
[DEBUG] Dynamically added transition from wildcard188 to wildcard3
[DEBUG] Dynamically added transition from wildcard188 to wildcard2
[DEBUG] Dynamically added transition from wildcard188 to wildcard5
[DEBUG] Dynamically added transition from wildcard188 to wildcard4
[DEBUG] Dynamically added transition from wildcard188 to wildcard7
[DEBUG] Dynamically added transition from wildcard188 to wildcard6
[DEBUG] Dynamically added transition from wildcard188 to wildcard9
[DEBUG] Dynamically added transition from wildcard188 to wildcard8
[DEBUG] Dynamically added transition from wildcard188 to wildcard69
[DEBUG] Dynamically added transition from wildcard188 to wildcard68
[DEBUG] Dynamically added transition from wildcard188 to wildcard67
[DEBUG] Dynamically added transition from wildcard188 to wildcard66
[DEBUG] Dynamically added transition from wildcard188 to wildcard65
[DEBUG] Dynamically added transition from wildcard188 to wildcard64
[DEBUG] Dynamically added transition from wildcard188 to wildcard63
[DEBUG] Dynamically added transition from wildcard188 to wildcard62
[DEBUG] Dynamically added transition from wildcard188 to wildcard61
[DEBUG] Dynamically added transition from wildcard188 to wildcard60
[DEBUG] Dynamically added transition from wildcard188 to wildcard100
[DEBUG] Dynamically added transition from wildcard188 to wildcard107
[DEBUG] Dynamically added transition from wildcard188 to wildcard108
[DEBUG] Dynamically added transition from wildcard188 to wildcard105
[DEBUG] Dynamically added transition from wildcard188 to wildcard106
[DEBUG] Dynamically added transition from wildcard188 to wildcard103
[DEBUG] Dynamically added transition from wildcard188 to wildcard104
[DEBUG] Dynamically added transition from wildcard188 to wildcard101
[DEBUG] Dynamically added transition from wildcard188 to wildcard102
[DEBUG] Dynamically added transition from wildcard188 to wildcard79
[DEBUG] Dynamically added transition from wildcard188 to wildcard78
[DEBUG] Dynamically added transition from wildcard188 to wildcard77
[DEBUG] Dynamically added transition from wildcard188 to wildcard76
[DEBUG] Dynamically added transition from wildcard188 to wildcard109
[DEBUG] Dynamically added transition from wildcard188 to wildcard75
[DEBUG] Dynamically added transition from wildcard188 to wildcard74
[DEBUG] Dynamically added transition from wildcard188 to wildcard73
[DEBUG] Dynamically added transition from wildcard188 to wildcard72
[DEBUG] Dynamically added transition from wildcard188 to wildcard71
[DEBUG] Dynamically added transition from wildcard188 to wildcard70
[DEBUG] Dynamically added transition from wildcard188 to wildcard110
[DEBUG] Dynamically added transition from wildcard188 to wildcard111
[DEBUG] Dynamically added transition from wildcard188 to wildcard118
[DEBUG] Dynamically added transition from wildcard188 to wildcard119
[DEBUG] Dynamically added transition from wildcard188 to wildcard116
[DEBUG] Dynamically added transition from wildcard188 to wildcard117
[DEBUG] Dynamically added transition from wildcard188 to .*
[DEBUG] Dynamically added transition from wildcard188 to wildcard114
[DEBUG] Dynamically added transition from wildcard188 to wildcard115
[DEBUG] Dynamically added transition from wildcard188 to wildcard112
[DEBUG] Dynamically added transition from wildcard188 to wildcard113
[DEBUG] Dynamically added transition from wildcard188 to wildcard89
[DEBUG] Dynamically added transition from wildcard188 to wildcard88
[DEBUG] Dynamically added transition from wildcard188 to wildcard87
[DEBUG] Dynamically added transition from wildcard188 to wildcard86
[DEBUG] Dynamically added transition from wildcard188 to INITIAL
[DEBUG] Dynamically added transition from wildcard188 to wildcard85
[DEBUG] Dynamically added transition from wildcard188 to wildcard84
[DEBUG] Dynamically added transition from wildcard188 to wildcard83
[DEBUG] Dynamically added transition from wildcard188 to wildcard82
[DEBUG] Dynamically added transition from wildcard188 to wildcard81
[DEBUG] Dynamically added transition from wildcard188 to wildcard80
[DEBUG] Dynamically added transition from wildcard188 to wildcard99
[DEBUG] Dynamically added transition from wildcard188 to wildcard98
[DEBUG] Dynamically added transition from wildcard188 to wildcard97
[DEBUG] Dynamically added transition from wildcard188 to wildcard96
[DEBUG] Dynamically added transition from wildcard188 to wildcard95
[DEBUG] Dynamically added transition from wildcard188 to wildcard94
[DEBUG] Dynamically added transition from wildcard188 to wildcard93
[DEBUG] Dynamically added transition from wildcard188 to wildcard92
[DEBUG] Dynamically added transition from wildcard188 to wildcard91
[DEBUG] Dynamically added transition from wildcard188 to wildcard90
[INFO] Wildcard transition valid to state: wildcard188
[INFO] Wildcard transition detected from wildcard188 to wildcard189
[DEBUG] Created intermediate state for wildcard transition: wildcard189
[DEBUG] Dynamically added transition from wildcard188 to wildcard189
[DEBUG] Dynamically added transition from wildcard27 to wildcard189
[DEBUG] Dynamically added transition from wildcard26 to wildcard189
[DEBUG] Dynamically added transition from wildcard25 to wildcard189
[DEBUG] Dynamically added transition from wildcard24 to wildcard189
[DEBUG] Dynamically added transition from wildcard23 to wildcard189
[DEBUG] Dynamically added transition from wildcard22 to wildcard189
[DEBUG] Dynamically added transition from wildcard21 to wildcard189
[DEBUG] Dynamically added transition from wildcard20 to wildcard189
[DEBUG] Dynamically added transition from wildcard143 to wildcard189
[DEBUG] Dynamically added transition from wildcard144 to wildcard189
[DEBUG] Dynamically added transition from wildcard141 to wildcard189
[DEBUG] Dynamically added transition from wildcard142 to wildcard189
[DEBUG] Dynamically added transition from wildcard140 to wildcard189
[DEBUG] Dynamically added transition from wildcard149 to wildcard189
[DEBUG] Dynamically added transition from wildcard147 to wildcard189
[DEBUG] Dynamically added transition from wildcard19 to wildcard189
[DEBUG] Dynamically added transition from wildcard148 to wildcard189
[DEBUG] Dynamically added transition from wildcard18 to wildcard189
[DEBUG] Dynamically added transition from wildcard145 to wildcard189
[DEBUG] Dynamically added transition from wildcard17 to wildcard189
[DEBUG] Dynamically added transition from wildcard146 to wildcard189
[DEBUG] Dynamically added transition from wildcard38 to wildcard189
[DEBUG] Dynamically added transition from wildcard37 to wildcard189
[DEBUG] Dynamically added transition from wildcard36 to wildcard189
[DEBUG] Dynamically added transition from wildcard35 to wildcard189
[DEBUG] Dynamically added transition from wildcard34 to wildcard189
[DEBUG] Dynamically added transition from wildcard33 to wildcard189
[DEBUG] Dynamically added transition from wildcard32 to wildcard189
[DEBUG] Dynamically added transition from wildcard31 to wildcard189
[DEBUG] Dynamically added transition from wildcard30 to wildcard189
[DEBUG] Dynamically added transition from wildcard154 to wildcard189
[DEBUG] Dynamically added transition from wildcard155 to wildcard189
[DEBUG] Dynamically added transition from wildcard152 to wildcard189
[DEBUG] Dynamically added transition from wildcard153 to wildcard189
[DEBUG] Dynamically added transition from wildcard150 to wildcard189
[DEBUG] Dynamically added transition from wildcard151 to wildcard189
[DEBUG] Dynamically added transition from wildcard158 to wildcard189
[DEBUG] Dynamically added transition from wildcard159 to wildcard189
[DEBUG] Dynamically added transition from wildcard29 to wildcard189
[DEBUG] Dynamically added transition from wildcard156 to wildcard189
[DEBUG] Dynamically added transition from wildcard28 to wildcard189
[DEBUG] Dynamically added transition from wildcard157 to wildcard189
[DEBUG] Dynamically added transition from wildcard49 to wildcard189
[DEBUG] Dynamically added transition from wildcard48 to wildcard189
[DEBUG] Dynamically added transition from wildcard47 to wildcard189
[DEBUG] Dynamically added transition from wildcard46 to wildcard189
[DEBUG] Dynamically added transition from wildcard45 to wildcard189
[DEBUG] Dynamically added transition from wildcard44 to wildcard189
[DEBUG] Dynamically added transition from wildcard43 to wildcard189
[DEBUG] Dynamically added transition from wildcard42 to wildcard189
[DEBUG] Dynamically added transition from wildcard41 to wildcard189
[DEBUG] Dynamically added transition from wildcard40 to wildcard189
[DEBUG] Dynamically added transition from wildcard121 to wildcard189
[DEBUG] Dynamically added transition from wildcard122 to wildcard189
[DEBUG] Dynamically added transition from wildcard120 to wildcard189
[DEBUG] Dynamically added transition from wildcard129 to wildcard189
[DEBUG] Dynamically added transition from wildcard127 to wildcard189
[DEBUG] Dynamically added transition from wildcard128 to wildcard189
[DEBUG] Dynamically added transition from wildcard125 to wildcard189
[DEBUG] Dynamically added transition from wildcard126 to wildcard189
[DEBUG] Dynamically added transition from wildcard123 to wildcard189
[DEBUG] Dynamically added transition from wildcard39 to wildcard189
[DEBUG] Dynamically added transition from wildcard124 to wildcard189
[DEBUG] Dynamically added transition from wildcard59 to wildcard189
[DEBUG] Dynamically added transition from wildcard58 to wildcard189
[DEBUG] Dynamically added transition from middle to wildcard189
[DEBUG] Dynamically added transition from wildcard57 to wildcard189
[DEBUG] Dynamically added transition from wildcard56 to wildcard189
[DEBUG] Dynamically added transition from wildcard55 to wildcard189
[DEBUG] Dynamically added transition from wildcard54 to wildcard189
[DEBUG] Dynamically added transition from wildcard53 to wildcard189
[DEBUG] Dynamically added transition from wildcard52 to wildcard189
[DEBUG] Dynamically added transition from wildcard51 to wildcard189
[DEBUG] Dynamically added transition from wildcard50 to wildcard189
[DEBUG] Dynamically added transition from wildcard132 to wildcard189
[DEBUG] Dynamically added transition from wildcard133 to wildcard189
[DEBUG] Dynamically added transition from wildcard130 to wildcard189
[DEBUG] Dynamically added transition from wildcard131 to wildcard189
[DEBUG] Dynamically added transition from wildcard138 to wildcard189
[DEBUG] Dynamically added transition from wildcard139 to wildcard189
[DEBUG] Dynamically added transition from wildcard136 to wildcard189
[DEBUG] Dynamically added transition from wildcard137 to wildcard189
[DEBUG] Dynamically added transition from wildcard134 to wildcard189
[DEBUG] Dynamically added transition from wildcard135 to wildcard189
[DEBUG] Dynamically added transition from wildcard180 to wildcard189
[DEBUG] Dynamically added transition from wildcard187 to wildcard189
[DEBUG] Dynamically added transition from wildcard185 to wildcard189
[DEBUG] Dynamically added transition from wildcard186 to wildcard189
[DEBUG] Dynamically added transition from wildcard183 to wildcard189
[DEBUG] Dynamically added transition from wildcard184 to wildcard189
[DEBUG] Dynamically added transition from wildcard181 to wildcard189
[DEBUG] Dynamically added transition from wildcard182 to wildcard189
[DEBUG] Dynamically added transition from wildcard165 to wildcard189
[DEBUG] Dynamically added transition from wildcard166 to wildcard189
[DEBUG] Dynamically added transition from wildcard163 to wildcard189
[DEBUG] Dynamically added transition from wildcard164 to wildcard189
[DEBUG] Dynamically added transition from wildcard161 to wildcard189
[DEBUG] Dynamically added transition from wildcard162 to wildcard189
[DEBUG] Dynamically added transition from wildcard160 to wildcard189
[DEBUG] Dynamically added transition from wildcard169 to wildcard189
[DEBUG] Dynamically added transition from wildcard167 to wildcard189
[DEBUG] Dynamically added transition from wildcard168 to wildcard189
[DEBUG] Dynamically added transition from wildcard16 to wildcard189
[DEBUG] Dynamically added transition from wildcard15 to wildcard189
[DEBUG] Dynamically added transition from wildcard14 to wildcard189
[DEBUG] Dynamically added transition from wildcard13 to wildcard189
[DEBUG] Dynamically added transition from wildcard12 to wildcard189
[DEBUG] Dynamically added transition from wildcard11 to wildcard189
[DEBUG] Dynamically added transition from wildcard10 to wildcard189
[DEBUG] Dynamically added transition from start to wildcard189
[DEBUG] Dynamically added transition from wildcard176 to wildcard189
[DEBUG] Dynamically added transition from wildcard177 to wildcard189
[DEBUG] Dynamically added transition from wildcard174 to wildcard189
[DEBUG] Dynamically added transition from wildcard175 to wildcard189
[DEBUG] Dynamically added transition from wildcard172 to wildcard189
[DEBUG] Dynamically added transition from wildcard173 to wildcard189
[DEBUG] Dynamically added transition from wildcard170 to wildcard189
[DEBUG] Dynamically added transition from wildcard171 to wildcard189
[DEBUG] Dynamically added transition from wildcard178 to wildcard189
[DEBUG] Dynamically added transition from wildcard179 to wildcard189
[DEBUG] Dynamically added transition from wildcard1 to wildcard189
[DEBUG] Dynamically added transition from wildcard0 to wildcard189
[DEBUG] Dynamically added transition from wildcard3 to wildcard189
[DEBUG] Dynamically added transition from wildcard2 to wildcard189
[DEBUG] Dynamically added transition from wildcard5 to wildcard189
[DEBUG] Dynamically added transition from wildcard4 to wildcard189
[DEBUG] Dynamically added transition from wildcard7 to wildcard189
[DEBUG] Dynamically added transition from wildcard6 to wildcard189
[DEBUG] Dynamically added transition from wildcard9 to wildcard189
[DEBUG] Dynamically added transition from wildcard8 to wildcard189
[DEBUG] Dynamically added transition from wildcard69 to wildcard189
[DEBUG] Dynamically added transition from wildcard68 to wildcard189
[DEBUG] Dynamically added transition from wildcard67 to wildcard189
[DEBUG] Dynamically added transition from wildcard66 to wildcard189
[DEBUG] Dynamically added transition from wildcard65 to wildcard189
[DEBUG] Dynamically added transition from wildcard64 to wildcard189
[DEBUG] Dynamically added transition from wildcard63 to wildcard189
[DEBUG] Dynamically added transition from wildcard62 to wildcard189
[DEBUG] Dynamically added transition from wildcard61 to wildcard189
[DEBUG] Dynamically added transition from wildcard60 to wildcard189
[DEBUG] Dynamically added transition from wildcard100 to wildcard189
[DEBUG] Dynamically added transition from wildcard107 to wildcard189
[DEBUG] Dynamically added transition from wildcard108 to wildcard189
[DEBUG] Dynamically added transition from wildcard105 to wildcard189
[DEBUG] Dynamically added transition from wildcard106 to wildcard189
[DEBUG] Dynamically added transition from wildcard103 to wildcard189
[DEBUG] Dynamically added transition from wildcard104 to wildcard189
[DEBUG] Dynamically added transition from wildcard101 to wildcard189
[DEBUG] Dynamically added transition from wildcard102 to wildcard189
[DEBUG] Dynamically added transition from wildcard79 to wildcard189
[DEBUG] Dynamically added transition from wildcard78 to wildcard189
[DEBUG] Dynamically added transition from wildcard77 to wildcard189
[DEBUG] Dynamically added transition from wildcard76 to wildcard189
[DEBUG] Dynamically added transition from wildcard109 to wildcard189
[DEBUG] Dynamically added transition from wildcard75 to wildcard189
[DEBUG] Dynamically added transition from wildcard74 to wildcard189
[DEBUG] Dynamically added transition from wildcard73 to wildcard189
[DEBUG] Dynamically added transition from wildcard72 to wildcard189
[DEBUG] Dynamically added transition from wildcard71 to wildcard189
[DEBUG] Dynamically added transition from wildcard70 to wildcard189
[DEBUG] Dynamically added transition from wildcard110 to wildcard189
[DEBUG] Dynamically added transition from wildcard111 to wildcard189
[DEBUG] Dynamically added transition from wildcard118 to wildcard189
[DEBUG] Dynamically added transition from wildcard119 to wildcard189
[DEBUG] Dynamically added transition from wildcard116 to wildcard189
[DEBUG] Dynamically added transition from wildcard117 to wildcard189
[DEBUG] Dynamically added transition from wildcard114 to wildcard189
[DEBUG] Dynamically added transition from wildcard115 to wildcard189
[DEBUG] Dynamically added transition from wildcard112 to wildcard189
[DEBUG] Dynamically added transition from wildcard113 to wildcard189
[DEBUG] Dynamically added transition from wildcard89 to wildcard189
[DEBUG] Dynamically added transition from wildcard88 to wildcard189
[DEBUG] Dynamically added transition from wildcard87 to wildcard189
[DEBUG] Dynamically added transition from wildcard86 to wildcard189
[DEBUG] Dynamically added transition from wildcard85 to wildcard189
[DEBUG] Dynamically added transition from wildcard84 to wildcard189
[DEBUG] Dynamically added transition from wildcard83 to wildcard189
[DEBUG] Dynamically added transition from wildcard82 to wildcard189
[DEBUG] Dynamically added transition from wildcard81 to wildcard189
[DEBUG] Dynamically added transition from wildcard80 to wildcard189
[DEBUG] Dynamically added transition from wildcard99 to wildcard189
[DEBUG] Dynamically added transition from wildcard98 to wildcard189
[DEBUG] Dynamically added transition from wildcard97 to wildcard189
[DEBUG] Dynamically added transition from wildcard96 to wildcard189
[DEBUG] Dynamically added transition from wildcard95 to wildcard189
[DEBUG] Dynamically added transition from wildcard94 to wildcard189
[DEBUG] Dynamically added transition from wildcard93 to wildcard189
[DEBUG] Dynamically added transition from wildcard92 to wildcard189
[DEBUG] Dynamically added transition from wildcard91 to wildcard189
[DEBUG] Dynamically added transition from wildcard90 to wildcard189
[DEBUG] Dynamically added transition from wildcard189 to wildcard27
[DEBUG] Dynamically added transition from wildcard189 to wildcard26
[DEBUG] Dynamically added transition from wildcard189 to wildcard25
[DEBUG] Dynamically added transition from wildcard189 to wildcard24
[DEBUG] Dynamically added transition from wildcard189 to wildcard23
[DEBUG] Dynamically added transition from wildcard189 to wildcard22
[DEBUG] Dynamically added transition from wildcard189 to wildcard21
[DEBUG] Dynamically added transition from wildcard189 to wildcard20
[DEBUG] Dynamically added transition from wildcard189 to wildcard143
[DEBUG] Dynamically added transition from wildcard189 to wildcard144
[DEBUG] Dynamically added transition from wildcard189 to wildcard141
[DEBUG] Dynamically added transition from wildcard189 to wildcard142
[DEBUG] Dynamically added transition from wildcard189 to wildcard140
[DEBUG] Dynamically added transition from wildcard189 to wildcard149
[DEBUG] Dynamically added transition from wildcard189 to wildcard147
[DEBUG] Dynamically added transition from wildcard189 to wildcard19
[DEBUG] Dynamically added transition from wildcard189 to wildcard148
[DEBUG] Dynamically added transition from wildcard189 to wildcard18
[DEBUG] Dynamically added transition from wildcard189 to wildcard145
[DEBUG] Dynamically added transition from wildcard189 to wildcard17
[DEBUG] Dynamically added transition from wildcard189 to wildcard146
[DEBUG] Dynamically added transition from wildcard189 to wildcard38
[DEBUG] Dynamically added transition from wildcard189 to wildcard37
[DEBUG] Dynamically added transition from wildcard189 to wildcard36
[DEBUG] Dynamically added transition from wildcard189 to wildcard35
[DEBUG] Dynamically added transition from wildcard189 to wildcard34
[DEBUG] Dynamically added transition from wildcard189 to wildcard33
[DEBUG] Dynamically added transition from wildcard189 to wildcard32
[DEBUG] Dynamically added transition from wildcard189 to wildcard31
[DEBUG] Dynamically added transition from wildcard189 to wildcard30
[DEBUG] Dynamically added transition from wildcard189 to wildcard154
[DEBUG] Dynamically added transition from wildcard189 to wildcard155
[DEBUG] Dynamically added transition from wildcard189 to wildcard152
[DEBUG] Dynamically added transition from wildcard189 to wildcard153
[DEBUG] Dynamically added transition from wildcard189 to wildcard150
[DEBUG] Dynamically added transition from wildcard189 to wildcard151
[DEBUG] Dynamically added transition from wildcard189 to wildcard158
[DEBUG] Dynamically added transition from wildcard189 to wildcard159
[DEBUG] Dynamically added transition from wildcard189 to wildcard29
[DEBUG] Dynamically added transition from wildcard189 to wildcard156
[DEBUG] Dynamically added transition from wildcard189 to wildcard28
[DEBUG] Dynamically added transition from wildcard189 to wildcard157
[DEBUG] Dynamically added transition from wildcard189 to wildcard49
[DEBUG] Dynamically added transition from wildcard189 to wildcard48
[DEBUG] Dynamically added transition from wildcard189 to wildcard47
[DEBUG] Dynamically added transition from wildcard189 to wildcard46
[DEBUG] Dynamically added transition from wildcard189 to wildcard45
[DEBUG] Dynamically added transition from wildcard189 to wildcard44
[DEBUG] Dynamically added transition from wildcard189 to wildcard43
[DEBUG] Dynamically added transition from wildcard189 to wildcard42
[DEBUG] Dynamically added transition from wildcard189 to wildcard41
[DEBUG] Dynamically added transition from wildcard189 to wildcard40
[DEBUG] Dynamically added transition from wildcard189 to wildcard121
[DEBUG] Dynamically added transition from wildcard189 to wildcard122
[DEBUG] Dynamically added transition from wildcard189 to wildcard120
[DEBUG] Dynamically added transition from wildcard189 to wildcard129
[DEBUG] Dynamically added transition from wildcard189 to wildcard127
[DEBUG] Dynamically added transition from wildcard189 to wildcard128
[DEBUG] Dynamically added transition from wildcard189 to wildcard125
[DEBUG] Dynamically added transition from wildcard189 to wildcard126
[DEBUG] Dynamically added transition from wildcard189 to wildcard123
[DEBUG] Dynamically added transition from wildcard189 to wildcard39
[DEBUG] Dynamically added transition from wildcard189 to wildcard124
[DEBUG] Dynamically added transition from wildcard189 to wildcard59
[DEBUG] Dynamically added transition from wildcard189 to wildcard58
[DEBUG] Dynamically added transition from wildcard189 to middle
[DEBUG] Dynamically added transition from wildcard189 to wildcard57
[DEBUG] Dynamically added transition from wildcard189 to wildcard56
[DEBUG] Dynamically added transition from wildcard189 to wildcard55
[DEBUG] Dynamically added transition from wildcard189 to wildcard54
[DEBUG] Dynamically added transition from wildcard189 to wildcard53
[DEBUG] Dynamically added transition from wildcard189 to wildcard52
[DEBUG] Dynamically added transition from wildcard189 to wildcard51
[DEBUG] Dynamically added transition from wildcard189 to wildcard50
[DEBUG] Dynamically added transition from wildcard189 to wildcard132
[DEBUG] Dynamically added transition from wildcard189 to wildcard133
[DEBUG] Dynamically added transition from wildcard189 to wildcard130
[DEBUG] Dynamically added transition from wildcard189 to wildcard131
[DEBUG] Dynamically added transition from wildcard189 to wildcard138
[DEBUG] Dynamically added transition from wildcard189 to wildcard139
[DEBUG] Dynamically added transition from wildcard189 to wildcard136
[DEBUG] Dynamically added transition from wildcard189 to wildcard137
[DEBUG] Dynamically added transition from wildcard189 to wildcard134
[DEBUG] Dynamically added transition from wildcard189 to wildcard135
[DEBUG] Dynamically added transition from wildcard189 to wildcard180
[DEBUG] Dynamically added transition from wildcard189 to wildcard187
[DEBUG] Dynamically added transition from wildcard189 to wildcard188
[DEBUG] Dynamically added transition from wildcard189 to wildcard185
[DEBUG] Dynamically added transition from wildcard189 to wildcard186
[DEBUG] Dynamically added transition from wildcard189 to wildcard183
[DEBUG] Dynamically added transition from wildcard189 to wildcard184
[DEBUG] Dynamically added transition from wildcard189 to wildcard181
[DEBUG] Dynamically added transition from wildcard189 to wildcard182
[DEBUG] Dynamically added transition from wildcard189 to wildcard189
[DEBUG] Dynamically added transition from wildcard189 to wildcard165
[DEBUG] Dynamically added transition from wildcard189 to wildcard166
[DEBUG] Dynamically added transition from wildcard189 to wildcard163
[DEBUG] Dynamically added transition from wildcard189 to wildcard164
[DEBUG] Dynamically added transition from wildcard189 to wildcard161
[DEBUG] Dynamically added transition from wildcard189 to wildcard162
[DEBUG] Dynamically added transition from wildcard189 to wildcard160
[DEBUG] Dynamically added transition from wildcard189 to end
[DEBUG] Dynamically added transition from wildcard189 to wildcard169
[DEBUG] Dynamically added transition from wildcard189 to wildcard167
[DEBUG] Dynamically added transition from wildcard189 to wildcard168
[DEBUG] Dynamically added transition from wildcard189 to wildcard16
[DEBUG] Dynamically added transition from wildcard189 to wildcard15
[DEBUG] Dynamically added transition from wildcard189 to wildcard14
[DEBUG] Dynamically added transition from wildcard189 to wildcard13
[DEBUG] Dynamically added transition from wildcard189 to wildcard12
[DEBUG] Dynamically added transition from wildcard189 to wildcard11
[DEBUG] Dynamically added transition from wildcard189 to wildcard10
[DEBUG] Dynamically added transition from wildcard189 to start
[DEBUG] Dynamically added transition from wildcard189 to wildcard176
[DEBUG] Dynamically added transition from wildcard189 to wildcard177
[DEBUG] Dynamically added transition from wildcard189 to wildcard174
[DEBUG] Dynamically added transition from wildcard189 to wildcard175
[DEBUG] Dynamically added transition from wildcard189 to wildcard172
[DEBUG] Dynamically added transition from wildcard189 to wildcard173
[DEBUG] Dynamically added transition from wildcard189 to wildcard170
[DEBUG] Dynamically added transition from wildcard189 to wildcard171
[DEBUG] Dynamically added transition from wildcard189 to wildcard178
[DEBUG] Dynamically added transition from wildcard189 to wildcard179
[DEBUG] Dynamically added transition from wildcard189 to wildcard1
[DEBUG] Dynamically added transition from wildcard189 to wildcard0
[DEBUG] Dynamically added transition from wildcard189 to wildcard3
[DEBUG] Dynamically added transition from wildcard189 to wildcard2
[DEBUG] Dynamically added transition from wildcard189 to wildcard5
[DEBUG] Dynamically added transition from wildcard189 to wildcard4
[DEBUG] Dynamically added transition from wildcard189 to wildcard7
[DEBUG] Dynamically added transition from wildcard189 to wildcard6
[DEBUG] Dynamically added transition from wildcard189 to wildcard9
[DEBUG] Dynamically added transition from wildcard189 to wildcard8
[DEBUG] Dynamically added transition from wildcard189 to wildcard69
[DEBUG] Dynamically added transition from wildcard189 to wildcard68
[DEBUG] Dynamically added transition from wildcard189 to wildcard67
[DEBUG] Dynamically added transition from wildcard189 to wildcard66
[DEBUG] Dynamically added transition from wildcard189 to wildcard65
[DEBUG] Dynamically added transition from wildcard189 to wildcard64
[DEBUG] Dynamically added transition from wildcard189 to wildcard63
[DEBUG] Dynamically added transition from wildcard189 to wildcard62
[DEBUG] Dynamically added transition from wildcard189 to wildcard61
[DEBUG] Dynamically added transition from wildcard189 to wildcard60
[DEBUG] Dynamically added transition from wildcard189 to wildcard100
[DEBUG] Dynamically added transition from wildcard189 to wildcard107
[DEBUG] Dynamically added transition from wildcard189 to wildcard108
[DEBUG] Dynamically added transition from wildcard189 to wildcard105
[DEBUG] Dynamically added transition from wildcard189 to wildcard106
[DEBUG] Dynamically added transition from wildcard189 to wildcard103
[DEBUG] Dynamically added transition from wildcard189 to wildcard104
[DEBUG] Dynamically added transition from wildcard189 to wildcard101
[DEBUG] Dynamically added transition from wildcard189 to wildcard102
[DEBUG] Dynamically added transition from wildcard189 to wildcard79
[DEBUG] Dynamically added transition from wildcard189 to wildcard78
[DEBUG] Dynamically added transition from wildcard189 to wildcard77
[DEBUG] Dynamically added transition from wildcard189 to wildcard76
[DEBUG] Dynamically added transition from wildcard189 to wildcard109
[DEBUG] Dynamically added transition from wildcard189 to wildcard75
[DEBUG] Dynamically added transition from wildcard189 to wildcard74
[DEBUG] Dynamically added transition from wildcard189 to wildcard73
[DEBUG] Dynamically added transition from wildcard189 to wildcard72
[DEBUG] Dynamically added transition from wildcard189 to wildcard71
[DEBUG] Dynamically added transition from wildcard189 to wildcard70
[DEBUG] Dynamically added transition from wildcard189 to wildcard110
[DEBUG] Dynamically added transition from wildcard189 to wildcard111
[DEBUG] Dynamically added transition from wildcard189 to wildcard118
[DEBUG] Dynamically added transition from wildcard189 to wildcard119
[DEBUG] Dynamically added transition from wildcard189 to wildcard116
[DEBUG] Dynamically added transition from wildcard189 to wildcard117
[DEBUG] Dynamically added transition from wildcard189 to .*
[DEBUG] Dynamically added transition from wildcard189 to wildcard114
[DEBUG] Dynamically added transition from wildcard189 to wildcard115
[DEBUG] Dynamically added transition from wildcard189 to wildcard112
[DEBUG] Dynamically added transition from wildcard189 to wildcard113
[DEBUG] Dynamically added transition from wildcard189 to wildcard89
[DEBUG] Dynamically added transition from wildcard189 to wildcard88
[DEBUG] Dynamically added transition from wildcard189 to wildcard87
[DEBUG] Dynamically added transition from wildcard189 to wildcard86
[DEBUG] Dynamically added transition from wildcard189 to INITIAL
[DEBUG] Dynamically added transition from wildcard189 to wildcard85
[DEBUG] Dynamically added transition from wildcard189 to wildcard84
[DEBUG] Dynamically added transition from wildcard189 to wildcard83
[DEBUG] Dynamically added transition from wildcard189 to wildcard82
[DEBUG] Dynamically added transition from wildcard189 to wildcard81
[DEBUG] Dynamically added transition from wildcard189 to wildcard80
[DEBUG] Dynamically added transition from wildcard189 to wildcard99
[DEBUG] Dynamically added transition from wildcard189 to wildcard98
[DEBUG] Dynamically added transition from wildcard189 to wildcard97
[DEBUG] Dynamically added transition from wildcard189 to wildcard96
[DEBUG] Dynamically added transition from wildcard189 to wildcard95
[DEBUG] Dynamically added transition from wildcard189 to wildcard94
[DEBUG] Dynamically added transition from wildcard189 to wildcard93
[DEBUG] Dynamically added transition from wildcard189 to wildcard92
[DEBUG] Dynamically added transition from wildcard189 to wildcard91
[DEBUG] Dynamically added transition from wildcard189 to wildcard90
[INFO] Wildcard transition valid to state: wildcard189
[INFO] Wildcard transition detected from wildcard189 to wildcard190
[DEBUG] Created intermediate state for wildcard transition: wildcard190
[DEBUG] Dynamically added transition from wildcard189 to wildcard190
[DEBUG] Dynamically added transition from wildcard27 to wildcard190
[DEBUG] Dynamically added transition from wildcard26 to wildcard190
[DEBUG] Dynamically added transition from wildcard25 to wildcard190
[DEBUG] Dynamically added transition from wildcard24 to wildcard190
[DEBUG] Dynamically added transition from wildcard23 to wildcard190
[DEBUG] Dynamically added transition from wildcard22 to wildcard190
[DEBUG] Dynamically added transition from wildcard21 to wildcard190
[DEBUG] Dynamically added transition from wildcard20 to wildcard190
[DEBUG] Dynamically added transition from wildcard143 to wildcard190
[DEBUG] Dynamically added transition from wildcard144 to wildcard190
[DEBUG] Dynamically added transition from wildcard141 to wildcard190
[DEBUG] Dynamically added transition from wildcard142 to wildcard190
[DEBUG] Dynamically added transition from wildcard140 to wildcard190
[DEBUG] Dynamically added transition from wildcard149 to wildcard190
[DEBUG] Dynamically added transition from wildcard147 to wildcard190
[DEBUG] Dynamically added transition from wildcard19 to wildcard190
[DEBUG] Dynamically added transition from wildcard148 to wildcard190
[DEBUG] Dynamically added transition from wildcard18 to wildcard190
[DEBUG] Dynamically added transition from wildcard145 to wildcard190
[DEBUG] Dynamically added transition from wildcard17 to wildcard190
[DEBUG] Dynamically added transition from wildcard146 to wildcard190
[DEBUG] Dynamically added transition from wildcard38 to wildcard190
[DEBUG] Dynamically added transition from wildcard37 to wildcard190
[DEBUG] Dynamically added transition from wildcard36 to wildcard190
[DEBUG] Dynamically added transition from wildcard35 to wildcard190
[DEBUG] Dynamically added transition from wildcard34 to wildcard190
[DEBUG] Dynamically added transition from wildcard33 to wildcard190
[DEBUG] Dynamically added transition from wildcard32 to wildcard190
[DEBUG] Dynamically added transition from wildcard31 to wildcard190
[DEBUG] Dynamically added transition from wildcard30 to wildcard190
[DEBUG] Dynamically added transition from wildcard154 to wildcard190
[DEBUG] Dynamically added transition from wildcard155 to wildcard190
[DEBUG] Dynamically added transition from wildcard152 to wildcard190
[DEBUG] Dynamically added transition from wildcard153 to wildcard190
[DEBUG] Dynamically added transition from wildcard150 to wildcard190
[DEBUG] Dynamically added transition from wildcard151 to wildcard190
[DEBUG] Dynamically added transition from wildcard158 to wildcard190
[DEBUG] Dynamically added transition from wildcard159 to wildcard190
[DEBUG] Dynamically added transition from wildcard29 to wildcard190
[DEBUG] Dynamically added transition from wildcard156 to wildcard190
[DEBUG] Dynamically added transition from wildcard28 to wildcard190
[DEBUG] Dynamically added transition from wildcard157 to wildcard190
[DEBUG] Dynamically added transition from wildcard49 to wildcard190
[DEBUG] Dynamically added transition from wildcard48 to wildcard190
[DEBUG] Dynamically added transition from wildcard47 to wildcard190
[DEBUG] Dynamically added transition from wildcard46 to wildcard190
[DEBUG] Dynamically added transition from wildcard45 to wildcard190
[DEBUG] Dynamically added transition from wildcard44 to wildcard190
[DEBUG] Dynamically added transition from wildcard43 to wildcard190
[DEBUG] Dynamically added transition from wildcard42 to wildcard190
[DEBUG] Dynamically added transition from wildcard41 to wildcard190
[DEBUG] Dynamically added transition from wildcard40 to wildcard190
[DEBUG] Dynamically added transition from wildcard121 to wildcard190
[DEBUG] Dynamically added transition from wildcard122 to wildcard190
[DEBUG] Dynamically added transition from wildcard120 to wildcard190
[DEBUG] Dynamically added transition from wildcard129 to wildcard190
[DEBUG] Dynamically added transition from wildcard127 to wildcard190
[DEBUG] Dynamically added transition from wildcard128 to wildcard190
[DEBUG] Dynamically added transition from wildcard125 to wildcard190
[DEBUG] Dynamically added transition from wildcard126 to wildcard190
[DEBUG] Dynamically added transition from wildcard123 to wildcard190
[DEBUG] Dynamically added transition from wildcard39 to wildcard190
[DEBUG] Dynamically added transition from wildcard124 to wildcard190
[DEBUG] Dynamically added transition from wildcard59 to wildcard190
[DEBUG] Dynamically added transition from wildcard58 to wildcard190
[DEBUG] Dynamically added transition from middle to wildcard190
[DEBUG] Dynamically added transition from wildcard57 to wildcard190
[DEBUG] Dynamically added transition from wildcard56 to wildcard190
[DEBUG] Dynamically added transition from wildcard55 to wildcard190
[DEBUG] Dynamically added transition from wildcard54 to wildcard190
[DEBUG] Dynamically added transition from wildcard53 to wildcard190
[DEBUG] Dynamically added transition from wildcard52 to wildcard190
[DEBUG] Dynamically added transition from wildcard51 to wildcard190
[DEBUG] Dynamically added transition from wildcard50 to wildcard190
[DEBUG] Dynamically added transition from wildcard132 to wildcard190
[DEBUG] Dynamically added transition from wildcard133 to wildcard190
[DEBUG] Dynamically added transition from wildcard130 to wildcard190
[DEBUG] Dynamically added transition from wildcard131 to wildcard190
[DEBUG] Dynamically added transition from wildcard138 to wildcard190
[DEBUG] Dynamically added transition from wildcard139 to wildcard190
[DEBUG] Dynamically added transition from wildcard136 to wildcard190
[DEBUG] Dynamically added transition from wildcard137 to wildcard190
[DEBUG] Dynamically added transition from wildcard134 to wildcard190
[DEBUG] Dynamically added transition from wildcard135 to wildcard190
[DEBUG] Dynamically added transition from wildcard180 to wildcard190
[DEBUG] Dynamically added transition from wildcard187 to wildcard190
[DEBUG] Dynamically added transition from wildcard188 to wildcard190
[DEBUG] Dynamically added transition from wildcard185 to wildcard190
[DEBUG] Dynamically added transition from wildcard186 to wildcard190
[DEBUG] Dynamically added transition from wildcard183 to wildcard190
[DEBUG] Dynamically added transition from wildcard184 to wildcard190
[DEBUG] Dynamically added transition from wildcard181 to wildcard190
[DEBUG] Dynamically added transition from wildcard182 to wildcard190
[DEBUG] Dynamically added transition from wildcard165 to wildcard190
[DEBUG] Dynamically added transition from wildcard166 to wildcard190
[DEBUG] Dynamically added transition from wildcard163 to wildcard190
[DEBUG] Dynamically added transition from wildcard164 to wildcard190
[DEBUG] Dynamically added transition from wildcard161 to wildcard190
[DEBUG] Dynamically added transition from wildcard162 to wildcard190
[DEBUG] Dynamically added transition from wildcard160 to wildcard190
[DEBUG] Dynamically added transition from wildcard169 to wildcard190
[DEBUG] Dynamically added transition from wildcard167 to wildcard190
[DEBUG] Dynamically added transition from wildcard168 to wildcard190
[DEBUG] Dynamically added transition from wildcard16 to wildcard190
[DEBUG] Dynamically added transition from wildcard15 to wildcard190
[DEBUG] Dynamically added transition from wildcard14 to wildcard190
[DEBUG] Dynamically added transition from wildcard13 to wildcard190
[DEBUG] Dynamically added transition from wildcard12 to wildcard190
[DEBUG] Dynamically added transition from wildcard11 to wildcard190
[DEBUG] Dynamically added transition from wildcard10 to wildcard190
[DEBUG] Dynamically added transition from start to wildcard190
[DEBUG] Dynamically added transition from wildcard176 to wildcard190
[DEBUG] Dynamically added transition from wildcard177 to wildcard190
[DEBUG] Dynamically added transition from wildcard174 to wildcard190
[DEBUG] Dynamically added transition from wildcard175 to wildcard190
[DEBUG] Dynamically added transition from wildcard172 to wildcard190
[DEBUG] Dynamically added transition from wildcard173 to wildcard190
[DEBUG] Dynamically added transition from wildcard170 to wildcard190
[DEBUG] Dynamically added transition from wildcard171 to wildcard190
[DEBUG] Dynamically added transition from wildcard178 to wildcard190
[DEBUG] Dynamically added transition from wildcard179 to wildcard190
[DEBUG] Dynamically added transition from wildcard1 to wildcard190
[DEBUG] Dynamically added transition from wildcard0 to wildcard190
[DEBUG] Dynamically added transition from wildcard3 to wildcard190
[DEBUG] Dynamically added transition from wildcard2 to wildcard190
[DEBUG] Dynamically added transition from wildcard5 to wildcard190
[DEBUG] Dynamically added transition from wildcard4 to wildcard190
[DEBUG] Dynamically added transition from wildcard7 to wildcard190
[DEBUG] Dynamically added transition from wildcard6 to wildcard190
[DEBUG] Dynamically added transition from wildcard9 to wildcard190
[DEBUG] Dynamically added transition from wildcard8 to wildcard190
[DEBUG] Dynamically added transition from wildcard69 to wildcard190
[DEBUG] Dynamically added transition from wildcard68 to wildcard190
[DEBUG] Dynamically added transition from wildcard67 to wildcard190
[DEBUG] Dynamically added transition from wildcard66 to wildcard190
[DEBUG] Dynamically added transition from wildcard65 to wildcard190
[DEBUG] Dynamically added transition from wildcard64 to wildcard190
[DEBUG] Dynamically added transition from wildcard63 to wildcard190
[DEBUG] Dynamically added transition from wildcard62 to wildcard190
[DEBUG] Dynamically added transition from wildcard61 to wildcard190
[DEBUG] Dynamically added transition from wildcard60 to wildcard190
[DEBUG] Dynamically added transition from wildcard100 to wildcard190
[DEBUG] Dynamically added transition from wildcard107 to wildcard190
[DEBUG] Dynamically added transition from wildcard108 to wildcard190
[DEBUG] Dynamically added transition from wildcard105 to wildcard190
[DEBUG] Dynamically added transition from wildcard106 to wildcard190
[DEBUG] Dynamically added transition from wildcard103 to wildcard190
[DEBUG] Dynamically added transition from wildcard104 to wildcard190
[DEBUG] Dynamically added transition from wildcard101 to wildcard190
[DEBUG] Dynamically added transition from wildcard102 to wildcard190
[DEBUG] Dynamically added transition from wildcard79 to wildcard190
[DEBUG] Dynamically added transition from wildcard78 to wildcard190
[DEBUG] Dynamically added transition from wildcard77 to wildcard190
[DEBUG] Dynamically added transition from wildcard76 to wildcard190
[DEBUG] Dynamically added transition from wildcard109 to wildcard190
[DEBUG] Dynamically added transition from wildcard75 to wildcard190
[DEBUG] Dynamically added transition from wildcard74 to wildcard190
[DEBUG] Dynamically added transition from wildcard73 to wildcard190
[DEBUG] Dynamically added transition from wildcard72 to wildcard190
[DEBUG] Dynamically added transition from wildcard71 to wildcard190
[DEBUG] Dynamically added transition from wildcard70 to wildcard190
[DEBUG] Dynamically added transition from wildcard110 to wildcard190
[DEBUG] Dynamically added transition from wildcard111 to wildcard190
[DEBUG] Dynamically added transition from wildcard118 to wildcard190
[DEBUG] Dynamically added transition from wildcard119 to wildcard190
[DEBUG] Dynamically added transition from wildcard116 to wildcard190
[DEBUG] Dynamically added transition from wildcard117 to wildcard190
[DEBUG] Dynamically added transition from wildcard114 to wildcard190
[DEBUG] Dynamically added transition from wildcard115 to wildcard190
[DEBUG] Dynamically added transition from wildcard112 to wildcard190
[DEBUG] Dynamically added transition from wildcard113 to wildcard190
[DEBUG] Dynamically added transition from wildcard89 to wildcard190
[DEBUG] Dynamically added transition from wildcard88 to wildcard190
[DEBUG] Dynamically added transition from wildcard87 to wildcard190
[DEBUG] Dynamically added transition from wildcard86 to wildcard190
[DEBUG] Dynamically added transition from wildcard85 to wildcard190
[DEBUG] Dynamically added transition from wildcard84 to wildcard190
[DEBUG] Dynamically added transition from wildcard83 to wildcard190
[DEBUG] Dynamically added transition from wildcard82 to wildcard190
[DEBUG] Dynamically added transition from wildcard81 to wildcard190
[DEBUG] Dynamically added transition from wildcard80 to wildcard190
[DEBUG] Dynamically added transition from wildcard99 to wildcard190
[DEBUG] Dynamically added transition from wildcard98 to wildcard190
[DEBUG] Dynamically added transition from wildcard97 to wildcard190
[DEBUG] Dynamically added transition from wildcard96 to wildcard190
[DEBUG] Dynamically added transition from wildcard95 to wildcard190
[DEBUG] Dynamically added transition from wildcard94 to wildcard190
[DEBUG] Dynamically added transition from wildcard93 to wildcard190
[DEBUG] Dynamically added transition from wildcard92 to wildcard190
[DEBUG] Dynamically added transition from wildcard91 to wildcard190
[DEBUG] Dynamically added transition from wildcard90 to wildcard190
[DEBUG] Dynamically added transition from wildcard190 to wildcard27
[DEBUG] Dynamically added transition from wildcard190 to wildcard26
[DEBUG] Dynamically added transition from wildcard190 to wildcard25
[DEBUG] Dynamically added transition from wildcard190 to wildcard24
[DEBUG] Dynamically added transition from wildcard190 to wildcard23
[DEBUG] Dynamically added transition from wildcard190 to wildcard22
[DEBUG] Dynamically added transition from wildcard190 to wildcard21
[DEBUG] Dynamically added transition from wildcard190 to wildcard20
[DEBUG] Dynamically added transition from wildcard190 to wildcard143
[DEBUG] Dynamically added transition from wildcard190 to wildcard144
[DEBUG] Dynamically added transition from wildcard190 to wildcard141
[DEBUG] Dynamically added transition from wildcard190 to wildcard142
[DEBUG] Dynamically added transition from wildcard190 to wildcard140
[DEBUG] Dynamically added transition from wildcard190 to wildcard149
[DEBUG] Dynamically added transition from wildcard190 to wildcard147
[DEBUG] Dynamically added transition from wildcard190 to wildcard19
[DEBUG] Dynamically added transition from wildcard190 to wildcard148
[DEBUG] Dynamically added transition from wildcard190 to wildcard18
[DEBUG] Dynamically added transition from wildcard190 to wildcard145
[DEBUG] Dynamically added transition from wildcard190 to wildcard17
[DEBUG] Dynamically added transition from wildcard190 to wildcard146
[DEBUG] Dynamically added transition from wildcard190 to wildcard38
[DEBUG] Dynamically added transition from wildcard190 to wildcard37
[DEBUG] Dynamically added transition from wildcard190 to wildcard36
[DEBUG] Dynamically added transition from wildcard190 to wildcard35
[DEBUG] Dynamically added transition from wildcard190 to wildcard34
[DEBUG] Dynamically added transition from wildcard190 to wildcard33
[DEBUG] Dynamically added transition from wildcard190 to wildcard32
[DEBUG] Dynamically added transition from wildcard190 to wildcard31
[DEBUG] Dynamically added transition from wildcard190 to wildcard30
[DEBUG] Dynamically added transition from wildcard190 to wildcard154
[DEBUG] Dynamically added transition from wildcard190 to wildcard155
[DEBUG] Dynamically added transition from wildcard190 to wildcard152
[DEBUG] Dynamically added transition from wildcard190 to wildcard153
[DEBUG] Dynamically added transition from wildcard190 to wildcard150
[DEBUG] Dynamically added transition from wildcard190 to wildcard151
[DEBUG] Dynamically added transition from wildcard190 to wildcard158
[DEBUG] Dynamically added transition from wildcard190 to wildcard159
[DEBUG] Dynamically added transition from wildcard190 to wildcard29
[DEBUG] Dynamically added transition from wildcard190 to wildcard156
[DEBUG] Dynamically added transition from wildcard190 to wildcard28
[DEBUG] Dynamically added transition from wildcard190 to wildcard157
[DEBUG] Dynamically added transition from wildcard190 to wildcard49
[DEBUG] Dynamically added transition from wildcard190 to wildcard48
[DEBUG] Dynamically added transition from wildcard190 to wildcard47
[DEBUG] Dynamically added transition from wildcard190 to wildcard46
[DEBUG] Dynamically added transition from wildcard190 to wildcard45
[DEBUG] Dynamically added transition from wildcard190 to wildcard44
[DEBUG] Dynamically added transition from wildcard190 to wildcard43
[DEBUG] Dynamically added transition from wildcard190 to wildcard42
[DEBUG] Dynamically added transition from wildcard190 to wildcard41
[DEBUG] Dynamically added transition from wildcard190 to wildcard40
[DEBUG] Dynamically added transition from wildcard190 to wildcard121
[DEBUG] Dynamically added transition from wildcard190 to wildcard122
[DEBUG] Dynamically added transition from wildcard190 to wildcard120
[DEBUG] Dynamically added transition from wildcard190 to wildcard129
[DEBUG] Dynamically added transition from wildcard190 to wildcard127
[DEBUG] Dynamically added transition from wildcard190 to wildcard128
[DEBUG] Dynamically added transition from wildcard190 to wildcard125
[DEBUG] Dynamically added transition from wildcard190 to wildcard126
[DEBUG] Dynamically added transition from wildcard190 to wildcard123
[DEBUG] Dynamically added transition from wildcard190 to wildcard39
[DEBUG] Dynamically added transition from wildcard190 to wildcard124
[DEBUG] Dynamically added transition from wildcard190 to wildcard59
[DEBUG] Dynamically added transition from wildcard190 to wildcard58
[DEBUG] Dynamically added transition from wildcard190 to middle
[DEBUG] Dynamically added transition from wildcard190 to wildcard57
[DEBUG] Dynamically added transition from wildcard190 to wildcard56
[DEBUG] Dynamically added transition from wildcard190 to wildcard55
[DEBUG] Dynamically added transition from wildcard190 to wildcard54
[DEBUG] Dynamically added transition from wildcard190 to wildcard53
[DEBUG] Dynamically added transition from wildcard190 to wildcard52
[DEBUG] Dynamically added transition from wildcard190 to wildcard51
[DEBUG] Dynamically added transition from wildcard190 to wildcard50
[DEBUG] Dynamically added transition from wildcard190 to wildcard132
[DEBUG] Dynamically added transition from wildcard190 to wildcard133
[DEBUG] Dynamically added transition from wildcard190 to wildcard130
[DEBUG] Dynamically added transition from wildcard190 to wildcard131
[DEBUG] Dynamically added transition from wildcard190 to wildcard138
[DEBUG] Dynamically added transition from wildcard190 to wildcard139
[DEBUG] Dynamically added transition from wildcard190 to wildcard136
[DEBUG] Dynamically added transition from wildcard190 to wildcard137
[DEBUG] Dynamically added transition from wildcard190 to wildcard134
[DEBUG] Dynamically added transition from wildcard190 to wildcard135
[DEBUG] Dynamically added transition from wildcard190 to wildcard180
[DEBUG] Dynamically added transition from wildcard190 to wildcard187
[DEBUG] Dynamically added transition from wildcard190 to wildcard188
[DEBUG] Dynamically added transition from wildcard190 to wildcard185
[DEBUG] Dynamically added transition from wildcard190 to wildcard186
[DEBUG] Dynamically added transition from wildcard190 to wildcard183
[DEBUG] Dynamically added transition from wildcard190 to wildcard184
[DEBUG] Dynamically added transition from wildcard190 to wildcard181
[DEBUG] Dynamically added transition from wildcard190 to wildcard182
[DEBUG] Dynamically added transition from wildcard190 to wildcard189
[DEBUG] Dynamically added transition from wildcard190 to wildcard190
[DEBUG] Dynamically added transition from wildcard190 to wildcard165
[DEBUG] Dynamically added transition from wildcard190 to wildcard166
[DEBUG] Dynamically added transition from wildcard190 to wildcard163
[DEBUG] Dynamically added transition from wildcard190 to wildcard164
[DEBUG] Dynamically added transition from wildcard190 to wildcard161
[DEBUG] Dynamically added transition from wildcard190 to wildcard162
[DEBUG] Dynamically added transition from wildcard190 to wildcard160
[DEBUG] Dynamically added transition from wildcard190 to end
[DEBUG] Dynamically added transition from wildcard190 to wildcard169
[DEBUG] Dynamically added transition from wildcard190 to wildcard167
[DEBUG] Dynamically added transition from wildcard190 to wildcard168
[DEBUG] Dynamically added transition from wildcard190 to wildcard16
[DEBUG] Dynamically added transition from wildcard190 to wildcard15
[DEBUG] Dynamically added transition from wildcard190 to wildcard14
[DEBUG] Dynamically added transition from wildcard190 to wildcard13
[DEBUG] Dynamically added transition from wildcard190 to wildcard12
[DEBUG] Dynamically added transition from wildcard190 to wildcard11
[DEBUG] Dynamically added transition from wildcard190 to wildcard10
[DEBUG] Dynamically added transition from wildcard190 to start
[DEBUG] Dynamically added transition from wildcard190 to wildcard176
[DEBUG] Dynamically added transition from wildcard190 to wildcard177
[DEBUG] Dynamically added transition from wildcard190 to wildcard174
[DEBUG] Dynamically added transition from wildcard190 to wildcard175
[DEBUG] Dynamically added transition from wildcard190 to wildcard172
[DEBUG] Dynamically added transition from wildcard190 to wildcard173
[DEBUG] Dynamically added transition from wildcard190 to wildcard170
[DEBUG] Dynamically added transition from wildcard190 to wildcard171
[DEBUG] Dynamically added transition from wildcard190 to wildcard178
[DEBUG] Dynamically added transition from wildcard190 to wildcard179
[DEBUG] Dynamically added transition from wildcard190 to wildcard1
[DEBUG] Dynamically added transition from wildcard190 to wildcard0
[DEBUG] Dynamically added transition from wildcard190 to wildcard3
[DEBUG] Dynamically added transition from wildcard190 to wildcard2
[DEBUG] Dynamically added transition from wildcard190 to wildcard5
[DEBUG] Dynamically added transition from wildcard190 to wildcard4
[DEBUG] Dynamically added transition from wildcard190 to wildcard7
[DEBUG] Dynamically added transition from wildcard190 to wildcard6
[DEBUG] Dynamically added transition from wildcard190 to wildcard9
[DEBUG] Dynamically added transition from wildcard190 to wildcard8
[DEBUG] Dynamically added transition from wildcard190 to wildcard69
[DEBUG] Dynamically added transition from wildcard190 to wildcard68
[DEBUG] Dynamically added transition from wildcard190 to wildcard67
[DEBUG] Dynamically added transition from wildcard190 to wildcard66
[DEBUG] Dynamically added transition from wildcard190 to wildcard65
[DEBUG] Dynamically added transition from wildcard190 to wildcard64
[DEBUG] Dynamically added transition from wildcard190 to wildcard63
[DEBUG] Dynamically added transition from wildcard190 to wildcard62
[DEBUG] Dynamically added transition from wildcard190 to wildcard61
[DEBUG] Dynamically added transition from wildcard190 to wildcard60
[DEBUG] Dynamically added transition from wildcard190 to wildcard100
[DEBUG] Dynamically added transition from wildcard190 to wildcard107
[DEBUG] Dynamically added transition from wildcard190 to wildcard108
[DEBUG] Dynamically added transition from wildcard190 to wildcard105
[DEBUG] Dynamically added transition from wildcard190 to wildcard106
[DEBUG] Dynamically added transition from wildcard190 to wildcard103
[DEBUG] Dynamically added transition from wildcard190 to wildcard104
[DEBUG] Dynamically added transition from wildcard190 to wildcard101
[DEBUG] Dynamically added transition from wildcard190 to wildcard102
[DEBUG] Dynamically added transition from wildcard190 to wildcard79
[DEBUG] Dynamically added transition from wildcard190 to wildcard78
[DEBUG] Dynamically added transition from wildcard190 to wildcard77
[DEBUG] Dynamically added transition from wildcard190 to wildcard76
[DEBUG] Dynamically added transition from wildcard190 to wildcard109
[DEBUG] Dynamically added transition from wildcard190 to wildcard75
[DEBUG] Dynamically added transition from wildcard190 to wildcard74
[DEBUG] Dynamically added transition from wildcard190 to wildcard73
[DEBUG] Dynamically added transition from wildcard190 to wildcard72
[DEBUG] Dynamically added transition from wildcard190 to wildcard71
[DEBUG] Dynamically added transition from wildcard190 to wildcard70
[DEBUG] Dynamically added transition from wildcard190 to wildcard110
[DEBUG] Dynamically added transition from wildcard190 to wildcard111
[DEBUG] Dynamically added transition from wildcard190 to wildcard118
[DEBUG] Dynamically added transition from wildcard190 to wildcard119
[DEBUG] Dynamically added transition from wildcard190 to wildcard116
[DEBUG] Dynamically added transition from wildcard190 to wildcard117
[DEBUG] Dynamically added transition from wildcard190 to .*
[DEBUG] Dynamically added transition from wildcard190 to wildcard114
[DEBUG] Dynamically added transition from wildcard190 to wildcard115
[DEBUG] Dynamically added transition from wildcard190 to wildcard112
[DEBUG] Dynamically added transition from wildcard190 to wildcard113
[DEBUG] Dynamically added transition from wildcard190 to wildcard89
[DEBUG] Dynamically added transition from wildcard190 to wildcard88
[DEBUG] Dynamically added transition from wildcard190 to wildcard87
[DEBUG] Dynamically added transition from wildcard190 to wildcard86
[DEBUG] Dynamically added transition from wildcard190 to INITIAL
[DEBUG] Dynamically added transition from wildcard190 to wildcard85
[DEBUG] Dynamically added transition from wildcard190 to wildcard84
[DEBUG] Dynamically added transition from wildcard190 to wildcard83
[DEBUG] Dynamically added transition from wildcard190 to wildcard82
[DEBUG] Dynamically added transition from wildcard190 to wildcard81
[DEBUG] Dynamically added transition from wildcard190 to wildcard80
[DEBUG] Dynamically added transition from wildcard190 to wildcard99
[DEBUG] Dynamically added transition from wildcard190 to wildcard98
[DEBUG] Dynamically added transition from wildcard190 to wildcard97
[DEBUG] Dynamically added transition from wildcard190 to wildcard96
[DEBUG] Dynamically added transition from wildcard190 to wildcard95
[DEBUG] Dynamically added transition from wildcard190 to wildcard94
[DEBUG] Dynamically added transition from wildcard190 to wildcard93
[DEBUG] Dynamically added transition from wildcard190 to wildcard92
[DEBUG] Dynamically added transition from wildcard190 to wildcard91
[DEBUG] Dynamically added transition from wildcard190 to wildcard90
[INFO] Wildcard transition valid to state: wildcard190
[INFO] Wildcard transition detected from wildcard190 to wildcard191
[DEBUG] Created intermediate state for wildcard transition: wildcard191
[DEBUG] Dynamically added transition from wildcard190 to wildcard191
[DEBUG] Dynamically added transition from wildcard27 to wildcard191
[DEBUG] Dynamically added transition from wildcard26 to wildcard191
[DEBUG] Dynamically added transition from wildcard25 to wildcard191
[DEBUG] Dynamically added transition from wildcard24 to wildcard191
[DEBUG] Dynamically added transition from wildcard23 to wildcard191
[DEBUG] Dynamically added transition from wildcard22 to wildcard191
[DEBUG] Dynamically added transition from wildcard21 to wildcard191
[DEBUG] Dynamically added transition from wildcard20 to wildcard191
[DEBUG] Dynamically added transition from wildcard143 to wildcard191
[DEBUG] Dynamically added transition from wildcard144 to wildcard191
[DEBUG] Dynamically added transition from wildcard141 to wildcard191
[DEBUG] Dynamically added transition from wildcard142 to wildcard191
[DEBUG] Dynamically added transition from wildcard140 to wildcard191
[DEBUG] Dynamically added transition from wildcard149 to wildcard191
[DEBUG] Dynamically added transition from wildcard147 to wildcard191
[DEBUG] Dynamically added transition from wildcard19 to wildcard191
[DEBUG] Dynamically added transition from wildcard148 to wildcard191
[DEBUG] Dynamically added transition from wildcard18 to wildcard191
[DEBUG] Dynamically added transition from wildcard145 to wildcard191
[DEBUG] Dynamically added transition from wildcard17 to wildcard191
[DEBUG] Dynamically added transition from wildcard146 to wildcard191
[DEBUG] Dynamically added transition from wildcard38 to wildcard191
[DEBUG] Dynamically added transition from wildcard37 to wildcard191
[DEBUG] Dynamically added transition from wildcard36 to wildcard191
[DEBUG] Dynamically added transition from wildcard35 to wildcard191
[DEBUG] Dynamically added transition from wildcard34 to wildcard191
[DEBUG] Dynamically added transition from wildcard33 to wildcard191
[DEBUG] Dynamically added transition from wildcard32 to wildcard191
[DEBUG] Dynamically added transition from wildcard31 to wildcard191
[DEBUG] Dynamically added transition from wildcard30 to wildcard191
[DEBUG] Dynamically added transition from wildcard154 to wildcard191
[DEBUG] Dynamically added transition from wildcard155 to wildcard191
[DEBUG] Dynamically added transition from wildcard152 to wildcard191
[DEBUG] Dynamically added transition from wildcard153 to wildcard191
[DEBUG] Dynamically added transition from wildcard150 to wildcard191
[DEBUG] Dynamically added transition from wildcard151 to wildcard191
[DEBUG] Dynamically added transition from wildcard158 to wildcard191
[DEBUG] Dynamically added transition from wildcard159 to wildcard191
[DEBUG] Dynamically added transition from wildcard29 to wildcard191
[DEBUG] Dynamically added transition from wildcard156 to wildcard191
[DEBUG] Dynamically added transition from wildcard28 to wildcard191
[DEBUG] Dynamically added transition from wildcard157 to wildcard191
[DEBUG] Dynamically added transition from wildcard49 to wildcard191
[DEBUG] Dynamically added transition from wildcard48 to wildcard191
[DEBUG] Dynamically added transition from wildcard47 to wildcard191
[DEBUG] Dynamically added transition from wildcard46 to wildcard191
[DEBUG] Dynamically added transition from wildcard45 to wildcard191
[DEBUG] Dynamically added transition from wildcard44 to wildcard191
[DEBUG] Dynamically added transition from wildcard43 to wildcard191
[DEBUG] Dynamically added transition from wildcard42 to wildcard191
[DEBUG] Dynamically added transition from wildcard41 to wildcard191
[DEBUG] Dynamically added transition from wildcard40 to wildcard191
[DEBUG] Dynamically added transition from wildcard121 to wildcard191
[DEBUG] Dynamically added transition from wildcard122 to wildcard191
[DEBUG] Dynamically added transition from wildcard120 to wildcard191
[DEBUG] Dynamically added transition from wildcard129 to wildcard191
[DEBUG] Dynamically added transition from wildcard127 to wildcard191
[DEBUG] Dynamically added transition from wildcard128 to wildcard191
[DEBUG] Dynamically added transition from wildcard125 to wildcard191
[DEBUG] Dynamically added transition from wildcard126 to wildcard191
[DEBUG] Dynamically added transition from wildcard123 to wildcard191
[DEBUG] Dynamically added transition from wildcard39 to wildcard191
[DEBUG] Dynamically added transition from wildcard124 to wildcard191
[DEBUG] Dynamically added transition from wildcard59 to wildcard191
[DEBUG] Dynamically added transition from wildcard58 to wildcard191
[DEBUG] Dynamically added transition from middle to wildcard191
[DEBUG] Dynamically added transition from wildcard57 to wildcard191
[DEBUG] Dynamically added transition from wildcard56 to wildcard191
[DEBUG] Dynamically added transition from wildcard55 to wildcard191
[DEBUG] Dynamically added transition from wildcard54 to wildcard191
[DEBUG] Dynamically added transition from wildcard53 to wildcard191
[DEBUG] Dynamically added transition from wildcard52 to wildcard191
[DEBUG] Dynamically added transition from wildcard51 to wildcard191
[DEBUG] Dynamically added transition from wildcard50 to wildcard191
[DEBUG] Dynamically added transition from wildcard132 to wildcard191
[DEBUG] Dynamically added transition from wildcard133 to wildcard191
[DEBUG] Dynamically added transition from wildcard130 to wildcard191
[DEBUG] Dynamically added transition from wildcard131 to wildcard191
[DEBUG] Dynamically added transition from wildcard138 to wildcard191
[DEBUG] Dynamically added transition from wildcard139 to wildcard191
[DEBUG] Dynamically added transition from wildcard136 to wildcard191
[DEBUG] Dynamically added transition from wildcard137 to wildcard191
[DEBUG] Dynamically added transition from wildcard134 to wildcard191
[DEBUG] Dynamically added transition from wildcard135 to wildcard191
[DEBUG] Dynamically added transition from wildcard180 to wildcard191
[DEBUG] Dynamically added transition from wildcard187 to wildcard191
[DEBUG] Dynamically added transition from wildcard188 to wildcard191
[DEBUG] Dynamically added transition from wildcard185 to wildcard191
[DEBUG] Dynamically added transition from wildcard186 to wildcard191
[DEBUG] Dynamically added transition from wildcard183 to wildcard191
[DEBUG] Dynamically added transition from wildcard184 to wildcard191
[DEBUG] Dynamically added transition from wildcard181 to wildcard191
[DEBUG] Dynamically added transition from wildcard182 to wildcard191
[DEBUG] Dynamically added transition from wildcard189 to wildcard191
[DEBUG] Dynamically added transition from wildcard165 to wildcard191
[DEBUG] Dynamically added transition from wildcard166 to wildcard191
[DEBUG] Dynamically added transition from wildcard163 to wildcard191
[DEBUG] Dynamically added transition from wildcard164 to wildcard191
[DEBUG] Dynamically added transition from wildcard161 to wildcard191
[DEBUG] Dynamically added transition from wildcard162 to wildcard191
[DEBUG] Dynamically added transition from wildcard160 to wildcard191
[DEBUG] Dynamically added transition from wildcard169 to wildcard191
[DEBUG] Dynamically added transition from wildcard167 to wildcard191
[DEBUG] Dynamically added transition from wildcard168 to wildcard191
[DEBUG] Dynamically added transition from wildcard16 to wildcard191
[DEBUG] Dynamically added transition from wildcard15 to wildcard191
[DEBUG] Dynamically added transition from wildcard14 to wildcard191
[DEBUG] Dynamically added transition from wildcard13 to wildcard191
[DEBUG] Dynamically added transition from wildcard12 to wildcard191
[DEBUG] Dynamically added transition from wildcard11 to wildcard191
[DEBUG] Dynamically added transition from wildcard10 to wildcard191
[DEBUG] Dynamically added transition from start to wildcard191
[DEBUG] Dynamically added transition from wildcard176 to wildcard191
[DEBUG] Dynamically added transition from wildcard177 to wildcard191
[DEBUG] Dynamically added transition from wildcard174 to wildcard191
[DEBUG] Dynamically added transition from wildcard175 to wildcard191
[DEBUG] Dynamically added transition from wildcard172 to wildcard191
[DEBUG] Dynamically added transition from wildcard173 to wildcard191
[DEBUG] Dynamically added transition from wildcard170 to wildcard191
[DEBUG] Dynamically added transition from wildcard171 to wildcard191
[DEBUG] Dynamically added transition from wildcard178 to wildcard191
[DEBUG] Dynamically added transition from wildcard179 to wildcard191
[DEBUG] Dynamically added transition from wildcard1 to wildcard191
[DEBUG] Dynamically added transition from wildcard0 to wildcard191
[DEBUG] Dynamically added transition from wildcard3 to wildcard191
[DEBUG] Dynamically added transition from wildcard2 to wildcard191
[DEBUG] Dynamically added transition from wildcard5 to wildcard191
[DEBUG] Dynamically added transition from wildcard4 to wildcard191
[DEBUG] Dynamically added transition from wildcard7 to wildcard191
[DEBUG] Dynamically added transition from wildcard6 to wildcard191
[DEBUG] Dynamically added transition from wildcard9 to wildcard191
[DEBUG] Dynamically added transition from wildcard8 to wildcard191
[DEBUG] Dynamically added transition from wildcard69 to wildcard191
[DEBUG] Dynamically added transition from wildcard68 to wildcard191
[DEBUG] Dynamically added transition from wildcard67 to wildcard191
[DEBUG] Dynamically added transition from wildcard66 to wildcard191
[DEBUG] Dynamically added transition from wildcard65 to wildcard191
[DEBUG] Dynamically added transition from wildcard64 to wildcard191
[DEBUG] Dynamically added transition from wildcard63 to wildcard191
[DEBUG] Dynamically added transition from wildcard62 to wildcard191
[DEBUG] Dynamically added transition from wildcard61 to wildcard191
[DEBUG] Dynamically added transition from wildcard60 to wildcard191
[DEBUG] Dynamically added transition from wildcard100 to wildcard191
[DEBUG] Dynamically added transition from wildcard107 to wildcard191
[DEBUG] Dynamically added transition from wildcard108 to wildcard191
[DEBUG] Dynamically added transition from wildcard105 to wildcard191
[DEBUG] Dynamically added transition from wildcard106 to wildcard191
[DEBUG] Dynamically added transition from wildcard103 to wildcard191
[DEBUG] Dynamically added transition from wildcard104 to wildcard191
[DEBUG] Dynamically added transition from wildcard101 to wildcard191
[DEBUG] Dynamically added transition from wildcard102 to wildcard191
[DEBUG] Dynamically added transition from wildcard79 to wildcard191
[DEBUG] Dynamically added transition from wildcard78 to wildcard191
[DEBUG] Dynamically added transition from wildcard77 to wildcard191
[DEBUG] Dynamically added transition from wildcard76 to wildcard191
[DEBUG] Dynamically added transition from wildcard109 to wildcard191
[DEBUG] Dynamically added transition from wildcard75 to wildcard191
[DEBUG] Dynamically added transition from wildcard74 to wildcard191
[DEBUG] Dynamically added transition from wildcard73 to wildcard191
[DEBUG] Dynamically added transition from wildcard72 to wildcard191
[DEBUG] Dynamically added transition from wildcard71 to wildcard191
[DEBUG] Dynamically added transition from wildcard70 to wildcard191
[DEBUG] Dynamically added transition from wildcard110 to wildcard191
[DEBUG] Dynamically added transition from wildcard111 to wildcard191
[DEBUG] Dynamically added transition from wildcard118 to wildcard191
[DEBUG] Dynamically added transition from wildcard119 to wildcard191
[DEBUG] Dynamically added transition from wildcard116 to wildcard191
[DEBUG] Dynamically added transition from wildcard117 to wildcard191
[DEBUG] Dynamically added transition from wildcard114 to wildcard191
[DEBUG] Dynamically added transition from wildcard115 to wildcard191
[DEBUG] Dynamically added transition from wildcard112 to wildcard191
[DEBUG] Dynamically added transition from wildcard113 to wildcard191
[DEBUG] Dynamically added transition from wildcard89 to wildcard191
[DEBUG] Dynamically added transition from wildcard88 to wildcard191
[DEBUG] Dynamically added transition from wildcard87 to wildcard191
[DEBUG] Dynamically added transition from wildcard86 to wildcard191
[DEBUG] Dynamically added transition from wildcard85 to wildcard191
[DEBUG] Dynamically added transition from wildcard84 to wildcard191
[DEBUG] Dynamically added transition from wildcard83 to wildcard191
[DEBUG] Dynamically added transition from wildcard82 to wildcard191
[DEBUG] Dynamically added transition from wildcard81 to wildcard191
[DEBUG] Dynamically added transition from wildcard80 to wildcard191
[DEBUG] Dynamically added transition from wildcard99 to wildcard191
[DEBUG] Dynamically added transition from wildcard98 to wildcard191
[DEBUG] Dynamically added transition from wildcard97 to wildcard191
[DEBUG] Dynamically added transition from wildcard96 to wildcard191
[DEBUG] Dynamically added transition from wildcard95 to wildcard191
[DEBUG] Dynamically added transition from wildcard94 to wildcard191
[DEBUG] Dynamically added transition from wildcard93 to wildcard191
[DEBUG] Dynamically added transition from wildcard92 to wildcard191
[DEBUG] Dynamically added transition from wildcard91 to wildcard191
[DEBUG] Dynamically added transition from wildcard90 to wildcard191
[DEBUG] Dynamically added transition from wildcard191 to wildcard27
[DEBUG] Dynamically added transition from wildcard191 to wildcard26
[DEBUG] Dynamically added transition from wildcard191 to wildcard25
[DEBUG] Dynamically added transition from wildcard191 to wildcard24
[DEBUG] Dynamically added transition from wildcard191 to wildcard23
[DEBUG] Dynamically added transition from wildcard191 to wildcard22
[DEBUG] Dynamically added transition from wildcard191 to wildcard21
[DEBUG] Dynamically added transition from wildcard191 to wildcard20
[DEBUG] Dynamically added transition from wildcard191 to wildcard143
[DEBUG] Dynamically added transition from wildcard191 to wildcard144
[DEBUG] Dynamically added transition from wildcard191 to wildcard141
[DEBUG] Dynamically added transition from wildcard191 to wildcard142
[DEBUG] Dynamically added transition from wildcard191 to wildcard140
[DEBUG] Dynamically added transition from wildcard191 to wildcard149
[DEBUG] Dynamically added transition from wildcard191 to wildcard147
[DEBUG] Dynamically added transition from wildcard191 to wildcard19
[DEBUG] Dynamically added transition from wildcard191 to wildcard148
[DEBUG] Dynamically added transition from wildcard191 to wildcard18
[DEBUG] Dynamically added transition from wildcard191 to wildcard145
[DEBUG] Dynamically added transition from wildcard191 to wildcard17
[DEBUG] Dynamically added transition from wildcard191 to wildcard146
[DEBUG] Dynamically added transition from wildcard191 to wildcard38
[DEBUG] Dynamically added transition from wildcard191 to wildcard37
[DEBUG] Dynamically added transition from wildcard191 to wildcard36
[DEBUG] Dynamically added transition from wildcard191 to wildcard35
[DEBUG] Dynamically added transition from wildcard191 to wildcard34
[DEBUG] Dynamically added transition from wildcard191 to wildcard33
[DEBUG] Dynamically added transition from wildcard191 to wildcard32
[DEBUG] Dynamically added transition from wildcard191 to wildcard31
[DEBUG] Dynamically added transition from wildcard191 to wildcard30
[DEBUG] Dynamically added transition from wildcard191 to wildcard154
[DEBUG] Dynamically added transition from wildcard191 to wildcard155
[DEBUG] Dynamically added transition from wildcard191 to wildcard152
[DEBUG] Dynamically added transition from wildcard191 to wildcard153
[DEBUG] Dynamically added transition from wildcard191 to wildcard150
[DEBUG] Dynamically added transition from wildcard191 to wildcard151
[DEBUG] Dynamically added transition from wildcard191 to wildcard158
[DEBUG] Dynamically added transition from wildcard191 to wildcard159
[DEBUG] Dynamically added transition from wildcard191 to wildcard29
[DEBUG] Dynamically added transition from wildcard191 to wildcard156
[DEBUG] Dynamically added transition from wildcard191 to wildcard28
[DEBUG] Dynamically added transition from wildcard191 to wildcard157
[DEBUG] Dynamically added transition from wildcard191 to wildcard49
[DEBUG] Dynamically added transition from wildcard191 to wildcard48
[DEBUG] Dynamically added transition from wildcard191 to wildcard47
[DEBUG] Dynamically added transition from wildcard191 to wildcard46
[DEBUG] Dynamically added transition from wildcard191 to wildcard45
[DEBUG] Dynamically added transition from wildcard191 to wildcard44
[DEBUG] Dynamically added transition from wildcard191 to wildcard43
[DEBUG] Dynamically added transition from wildcard191 to wildcard42
[DEBUG] Dynamically added transition from wildcard191 to wildcard41
[DEBUG] Dynamically added transition from wildcard191 to wildcard40
[DEBUG] Dynamically added transition from wildcard191 to wildcard121
[DEBUG] Dynamically added transition from wildcard191 to wildcard122
[DEBUG] Dynamically added transition from wildcard191 to wildcard120
[DEBUG] Dynamically added transition from wildcard191 to wildcard129
[DEBUG] Dynamically added transition from wildcard191 to wildcard127
[DEBUG] Dynamically added transition from wildcard191 to wildcard128
[DEBUG] Dynamically added transition from wildcard191 to wildcard125
[DEBUG] Dynamically added transition from wildcard191 to wildcard126
[DEBUG] Dynamically added transition from wildcard191 to wildcard123
[DEBUG] Dynamically added transition from wildcard191 to wildcard39
[DEBUG] Dynamically added transition from wildcard191 to wildcard124
[DEBUG] Dynamically added transition from wildcard191 to wildcard59
[DEBUG] Dynamically added transition from wildcard191 to wildcard58
[DEBUG] Dynamically added transition from wildcard191 to middle
[DEBUG] Dynamically added transition from wildcard191 to wildcard57
[DEBUG] Dynamically added transition from wildcard191 to wildcard56
[DEBUG] Dynamically added transition from wildcard191 to wildcard55
[DEBUG] Dynamically added transition from wildcard191 to wildcard54
[DEBUG] Dynamically added transition from wildcard191 to wildcard53
[DEBUG] Dynamically added transition from wildcard191 to wildcard52
[DEBUG] Dynamically added transition from wildcard191 to wildcard51
[DEBUG] Dynamically added transition from wildcard191 to wildcard50
[DEBUG] Dynamically added transition from wildcard191 to wildcard132
[DEBUG] Dynamically added transition from wildcard191 to wildcard133
[DEBUG] Dynamically added transition from wildcard191 to wildcard130
[DEBUG] Dynamically added transition from wildcard191 to wildcard131
[DEBUG] Dynamically added transition from wildcard191 to wildcard138
[DEBUG] Dynamically added transition from wildcard191 to wildcard139
[DEBUG] Dynamically added transition from wildcard191 to wildcard136
[DEBUG] Dynamically added transition from wildcard191 to wildcard137
[DEBUG] Dynamically added transition from wildcard191 to wildcard134
[DEBUG] Dynamically added transition from wildcard191 to wildcard135
[DEBUG] Dynamically added transition from wildcard191 to wildcard180
[DEBUG] Dynamically added transition from wildcard191 to wildcard187
[DEBUG] Dynamically added transition from wildcard191 to wildcard188
[DEBUG] Dynamically added transition from wildcard191 to wildcard185
[DEBUG] Dynamically added transition from wildcard191 to wildcard186
[DEBUG] Dynamically added transition from wildcard191 to wildcard183
[DEBUG] Dynamically added transition from wildcard191 to wildcard184
[DEBUG] Dynamically added transition from wildcard191 to wildcard181
[DEBUG] Dynamically added transition from wildcard191 to wildcard182
[DEBUG] Dynamically added transition from wildcard191 to wildcard189
[DEBUG] Dynamically added transition from wildcard191 to wildcard190
[DEBUG] Dynamically added transition from wildcard191 to wildcard191
[DEBUG] Dynamically added transition from wildcard191 to wildcard165
[DEBUG] Dynamically added transition from wildcard191 to wildcard166
[DEBUG] Dynamically added transition from wildcard191 to wildcard163
[DEBUG] Dynamically added transition from wildcard191 to wildcard164
[DEBUG] Dynamically added transition from wildcard191 to wildcard161
[DEBUG] Dynamically added transition from wildcard191 to wildcard162
[DEBUG] Dynamically added transition from wildcard191 to wildcard160
[DEBUG] Dynamically added transition from wildcard191 to end
[DEBUG] Dynamically added transition from wildcard191 to wildcard169
[DEBUG] Dynamically added transition from wildcard191 to wildcard167
[DEBUG] Dynamically added transition from wildcard191 to wildcard168
[DEBUG] Dynamically added transition from wildcard191 to wildcard16
[DEBUG] Dynamically added transition from wildcard191 to wildcard15
[DEBUG] Dynamically added transition from wildcard191 to wildcard14
[DEBUG] Dynamically added transition from wildcard191 to wildcard13
[DEBUG] Dynamically added transition from wildcard191 to wildcard12
[DEBUG] Dynamically added transition from wildcard191 to wildcard11
[DEBUG] Dynamically added transition from wildcard191 to wildcard10
[DEBUG] Dynamically added transition from wildcard191 to start
[DEBUG] Dynamically added transition from wildcard191 to wildcard176
[DEBUG] Dynamically added transition from wildcard191 to wildcard177
[DEBUG] Dynamically added transition from wildcard191 to wildcard174
[DEBUG] Dynamically added transition from wildcard191 to wildcard175
[DEBUG] Dynamically added transition from wildcard191 to wildcard172
[DEBUG] Dynamically added transition from wildcard191 to wildcard173
[DEBUG] Dynamically added transition from wildcard191 to wildcard170
[DEBUG] Dynamically added transition from wildcard191 to wildcard171
[DEBUG] Dynamically added transition from wildcard191 to wildcard178
[DEBUG] Dynamically added transition from wildcard191 to wildcard179
[DEBUG] Dynamically added transition from wildcard191 to wildcard1
[DEBUG] Dynamically added transition from wildcard191 to wildcard0
[DEBUG] Dynamically added transition from wildcard191 to wildcard3
[DEBUG] Dynamically added transition from wildcard191 to wildcard2
[DEBUG] Dynamically added transition from wildcard191 to wildcard5
[DEBUG] Dynamically added transition from wildcard191 to wildcard4
[DEBUG] Dynamically added transition from wildcard191 to wildcard7
[DEBUG] Dynamically added transition from wildcard191 to wildcard6
[DEBUG] Dynamically added transition from wildcard191 to wildcard9
[DEBUG] Dynamically added transition from wildcard191 to wildcard8
[DEBUG] Dynamically added transition from wildcard191 to wildcard69
[DEBUG] Dynamically added transition from wildcard191 to wildcard68
[DEBUG] Dynamically added transition from wildcard191 to wildcard67
[DEBUG] Dynamically added transition from wildcard191 to wildcard66
[DEBUG] Dynamically added transition from wildcard191 to wildcard65
[DEBUG] Dynamically added transition from wildcard191 to wildcard64
[DEBUG] Dynamically added transition from wildcard191 to wildcard63
[DEBUG] Dynamically added transition from wildcard191 to wildcard62
[DEBUG] Dynamically added transition from wildcard191 to wildcard61
[DEBUG] Dynamically added transition from wildcard191 to wildcard60
[DEBUG] Dynamically added transition from wildcard191 to wildcard100
[DEBUG] Dynamically added transition from wildcard191 to wildcard107
[DEBUG] Dynamically added transition from wildcard191 to wildcard108
[DEBUG] Dynamically added transition from wildcard191 to wildcard105
[DEBUG] Dynamically added transition from wildcard191 to wildcard106
[DEBUG] Dynamically added transition from wildcard191 to wildcard103
[DEBUG] Dynamically added transition from wildcard191 to wildcard104
[DEBUG] Dynamically added transition from wildcard191 to wildcard101
[DEBUG] Dynamically added transition from wildcard191 to wildcard102
[DEBUG] Dynamically added transition from wildcard191 to wildcard79
[DEBUG] Dynamically added transition from wildcard191 to wildcard78
[DEBUG] Dynamically added transition from wildcard191 to wildcard77
[DEBUG] Dynamically added transition from wildcard191 to wildcard76
[DEBUG] Dynamically added transition from wildcard191 to wildcard109
[DEBUG] Dynamically added transition from wildcard191 to wildcard75
[DEBUG] Dynamically added transition from wildcard191 to wildcard74
[DEBUG] Dynamically added transition from wildcard191 to wildcard73
[DEBUG] Dynamically added transition from wildcard191 to wildcard72
[DEBUG] Dynamically added transition from wildcard191 to wildcard71
[DEBUG] Dynamically added transition from wildcard191 to wildcard70
[DEBUG] Dynamically added transition from wildcard191 to wildcard110
[DEBUG] Dynamically added transition from wildcard191 to wildcard111
[DEBUG] Dynamically added transition from wildcard191 to wildcard118
[DEBUG] Dynamically added transition from wildcard191 to wildcard119
[DEBUG] Dynamically added transition from wildcard191 to wildcard116
[DEBUG] Dynamically added transition from wildcard191 to wildcard117
[DEBUG] Dynamically added transition from wildcard191 to .*
[DEBUG] Dynamically added transition from wildcard191 to wildcard114
[DEBUG] Dynamically added transition from wildcard191 to wildcard115
[DEBUG] Dynamically added transition from wildcard191 to wildcard112
[DEBUG] Dynamically added transition from wildcard191 to wildcard113
[DEBUG] Dynamically added transition from wildcard191 to wildcard89
[DEBUG] Dynamically added transition from wildcard191 to wildcard88
[DEBUG] Dynamically added transition from wildcard191 to wildcard87
[DEBUG] Dynamically added transition from wildcard191 to wildcard86
[DEBUG] Dynamically added transition from wildcard191 to INITIAL
[DEBUG] Dynamically added transition from wildcard191 to wildcard85
[DEBUG] Dynamically added transition from wildcard191 to wildcard84
[DEBUG] Dynamically added transition from wildcard191 to wildcard83
[DEBUG] Dynamically added transition from wildcard191 to wildcard82
[DEBUG] Dynamically added transition from wildcard191 to wildcard81
[DEBUG] Dynamically added transition from wildcard191 to wildcard80
[DEBUG] Dynamically added transition from wildcard191 to wildcard99
[DEBUG] Dynamically added transition from wildcard191 to wildcard98
[DEBUG] Dynamically added transition from wildcard191 to wildcard97
[DEBUG] Dynamically added transition from wildcard191 to wildcard96
[DEBUG] Dynamically added transition from wildcard191 to wildcard95
[DEBUG] Dynamically added transition from wildcard191 to wildcard94
[DEBUG] Dynamically added transition from wildcard191 to wildcard93
[DEBUG] Dynamically added transition from wildcard191 to wildcard92
[DEBUG] Dynamically added transition from wildcard191 to wildcard91
[DEBUG] Dynamically added transition from wildcard191 to wildcard90
[INFO] Wildcard transition valid to state: wildcard191
[INFO] Wildcard transition detected from wildcard191 to wildcard192
[DEBUG] Created intermediate state for wildcard transition: wildcard192
[DEBUG] Dynamically added transition from wildcard191 to wildcard192
[DEBUG] Dynamically added transition from wildcard27 to wildcard192
[DEBUG] Dynamically added transition from wildcard26 to wildcard192
[DEBUG] Dynamically added transition from wildcard25 to wildcard192
[DEBUG] Dynamically added transition from wildcard24 to wildcard192
[DEBUG] Dynamically added transition from wildcard23 to wildcard192
[DEBUG] Dynamically added transition from wildcard22 to wildcard192
[DEBUG] Dynamically added transition from wildcard21 to wildcard192
[DEBUG] Dynamically added transition from wildcard20 to wildcard192
[DEBUG] Dynamically added transition from wildcard143 to wildcard192
[DEBUG] Dynamically added transition from wildcard144 to wildcard192
[DEBUG] Dynamically added transition from wildcard141 to wildcard192
[DEBUG] Dynamically added transition from wildcard142 to wildcard192
[DEBUG] Dynamically added transition from wildcard140 to wildcard192
[DEBUG] Dynamically added transition from wildcard149 to wildcard192
[DEBUG] Dynamically added transition from wildcard147 to wildcard192
[DEBUG] Dynamically added transition from wildcard19 to wildcard192
[DEBUG] Dynamically added transition from wildcard148 to wildcard192
[DEBUG] Dynamically added transition from wildcard18 to wildcard192
[DEBUG] Dynamically added transition from wildcard145 to wildcard192
[DEBUG] Dynamically added transition from wildcard17 to wildcard192
[DEBUG] Dynamically added transition from wildcard146 to wildcard192
[DEBUG] Dynamically added transition from wildcard38 to wildcard192
[DEBUG] Dynamically added transition from wildcard37 to wildcard192
[DEBUG] Dynamically added transition from wildcard36 to wildcard192
[DEBUG] Dynamically added transition from wildcard35 to wildcard192
[DEBUG] Dynamically added transition from wildcard34 to wildcard192
[DEBUG] Dynamically added transition from wildcard33 to wildcard192
[DEBUG] Dynamically added transition from wildcard32 to wildcard192
[DEBUG] Dynamically added transition from wildcard31 to wildcard192
[DEBUG] Dynamically added transition from wildcard30 to wildcard192
[DEBUG] Dynamically added transition from wildcard154 to wildcard192
[DEBUG] Dynamically added transition from wildcard155 to wildcard192
[DEBUG] Dynamically added transition from wildcard152 to wildcard192
[DEBUG] Dynamically added transition from wildcard153 to wildcard192
[DEBUG] Dynamically added transition from wildcard150 to wildcard192
[DEBUG] Dynamically added transition from wildcard151 to wildcard192
[DEBUG] Dynamically added transition from wildcard158 to wildcard192
[DEBUG] Dynamically added transition from wildcard159 to wildcard192
[DEBUG] Dynamically added transition from wildcard29 to wildcard192
[DEBUG] Dynamically added transition from wildcard156 to wildcard192
[DEBUG] Dynamically added transition from wildcard28 to wildcard192
[DEBUG] Dynamically added transition from wildcard157 to wildcard192
[DEBUG] Dynamically added transition from wildcard49 to wildcard192
[DEBUG] Dynamically added transition from wildcard48 to wildcard192
[DEBUG] Dynamically added transition from wildcard47 to wildcard192
[DEBUG] Dynamically added transition from wildcard46 to wildcard192
[DEBUG] Dynamically added transition from wildcard45 to wildcard192
[DEBUG] Dynamically added transition from wildcard44 to wildcard192
[DEBUG] Dynamically added transition from wildcard43 to wildcard192
[DEBUG] Dynamically added transition from wildcard42 to wildcard192
[DEBUG] Dynamically added transition from wildcard41 to wildcard192
[DEBUG] Dynamically added transition from wildcard40 to wildcard192
[DEBUG] Dynamically added transition from wildcard121 to wildcard192
[DEBUG] Dynamically added transition from wildcard122 to wildcard192
[DEBUG] Dynamically added transition from wildcard120 to wildcard192
[DEBUG] Dynamically added transition from wildcard129 to wildcard192
[DEBUG] Dynamically added transition from wildcard127 to wildcard192
[DEBUG] Dynamically added transition from wildcard128 to wildcard192
[DEBUG] Dynamically added transition from wildcard125 to wildcard192
[DEBUG] Dynamically added transition from wildcard126 to wildcard192
[DEBUG] Dynamically added transition from wildcard123 to wildcard192
[DEBUG] Dynamically added transition from wildcard39 to wildcard192
[DEBUG] Dynamically added transition from wildcard124 to wildcard192
[DEBUG] Dynamically added transition from wildcard59 to wildcard192
[DEBUG] Dynamically added transition from wildcard58 to wildcard192
[DEBUG] Dynamically added transition from middle to wildcard192
[DEBUG] Dynamically added transition from wildcard57 to wildcard192
[DEBUG] Dynamically added transition from wildcard56 to wildcard192
[DEBUG] Dynamically added transition from wildcard55 to wildcard192
[DEBUG] Dynamically added transition from wildcard54 to wildcard192
[DEBUG] Dynamically added transition from wildcard53 to wildcard192
[DEBUG] Dynamically added transition from wildcard52 to wildcard192
[DEBUG] Dynamically added transition from wildcard51 to wildcard192
[DEBUG] Dynamically added transition from wildcard50 to wildcard192
[DEBUG] Dynamically added transition from wildcard132 to wildcard192
[DEBUG] Dynamically added transition from wildcard133 to wildcard192
[DEBUG] Dynamically added transition from wildcard130 to wildcard192
[DEBUG] Dynamically added transition from wildcard131 to wildcard192
[DEBUG] Dynamically added transition from wildcard138 to wildcard192
[DEBUG] Dynamically added transition from wildcard139 to wildcard192
[DEBUG] Dynamically added transition from wildcard136 to wildcard192
[DEBUG] Dynamically added transition from wildcard137 to wildcard192
[DEBUG] Dynamically added transition from wildcard134 to wildcard192
[DEBUG] Dynamically added transition from wildcard135 to wildcard192
[DEBUG] Dynamically added transition from wildcard180 to wildcard192
[DEBUG] Dynamically added transition from wildcard187 to wildcard192
[DEBUG] Dynamically added transition from wildcard188 to wildcard192
[DEBUG] Dynamically added transition from wildcard185 to wildcard192
[DEBUG] Dynamically added transition from wildcard186 to wildcard192
[DEBUG] Dynamically added transition from wildcard183 to wildcard192
[DEBUG] Dynamically added transition from wildcard184 to wildcard192
[DEBUG] Dynamically added transition from wildcard181 to wildcard192
[DEBUG] Dynamically added transition from wildcard182 to wildcard192
[DEBUG] Dynamically added transition from wildcard189 to wildcard192
[DEBUG] Dynamically added transition from wildcard190 to wildcard192
[DEBUG] Dynamically added transition from wildcard165 to wildcard192
[DEBUG] Dynamically added transition from wildcard166 to wildcard192
[DEBUG] Dynamically added transition from wildcard163 to wildcard192
[DEBUG] Dynamically added transition from wildcard164 to wildcard192
[DEBUG] Dynamically added transition from wildcard161 to wildcard192
[DEBUG] Dynamically added transition from wildcard162 to wildcard192
[DEBUG] Dynamically added transition from wildcard160 to wildcard192
[DEBUG] Dynamically added transition from wildcard169 to wildcard192
[DEBUG] Dynamically added transition from wildcard167 to wildcard192
[DEBUG] Dynamically added transition from wildcard168 to wildcard192
[DEBUG] Dynamically added transition from wildcard16 to wildcard192
[DEBUG] Dynamically added transition from wildcard15 to wildcard192
[DEBUG] Dynamically added transition from wildcard14 to wildcard192
[DEBUG] Dynamically added transition from wildcard13 to wildcard192
[DEBUG] Dynamically added transition from wildcard12 to wildcard192
[DEBUG] Dynamically added transition from wildcard11 to wildcard192
[DEBUG] Dynamically added transition from wildcard10 to wildcard192
[DEBUG] Dynamically added transition from start to wildcard192
[DEBUG] Dynamically added transition from wildcard176 to wildcard192
[DEBUG] Dynamically added transition from wildcard177 to wildcard192
[DEBUG] Dynamically added transition from wildcard174 to wildcard192
[DEBUG] Dynamically added transition from wildcard175 to wildcard192
[DEBUG] Dynamically added transition from wildcard172 to wildcard192
[DEBUG] Dynamically added transition from wildcard173 to wildcard192
[DEBUG] Dynamically added transition from wildcard170 to wildcard192
[DEBUG] Dynamically added transition from wildcard171 to wildcard192
[DEBUG] Dynamically added transition from wildcard178 to wildcard192
[DEBUG] Dynamically added transition from wildcard179 to wildcard192
[DEBUG] Dynamically added transition from wildcard1 to wildcard192
[DEBUG] Dynamically added transition from wildcard0 to wildcard192
[DEBUG] Dynamically added transition from wildcard3 to wildcard192
[DEBUG] Dynamically added transition from wildcard2 to wildcard192
[DEBUG] Dynamically added transition from wildcard5 to wildcard192
[DEBUG] Dynamically added transition from wildcard4 to wildcard192
[DEBUG] Dynamically added transition from wildcard7 to wildcard192
[DEBUG] Dynamically added transition from wildcard6 to wildcard192
[DEBUG] Dynamically added transition from wildcard9 to wildcard192
[DEBUG] Dynamically added transition from wildcard8 to wildcard192
[DEBUG] Dynamically added transition from wildcard69 to wildcard192
[DEBUG] Dynamically added transition from wildcard68 to wildcard192
[DEBUG] Dynamically added transition from wildcard67 to wildcard192
[DEBUG] Dynamically added transition from wildcard66 to wildcard192
[DEBUG] Dynamically added transition from wildcard65 to wildcard192
[DEBUG] Dynamically added transition from wildcard64 to wildcard192
[DEBUG] Dynamically added transition from wildcard63 to wildcard192
[DEBUG] Dynamically added transition from wildcard62 to wildcard192
[DEBUG] Dynamically added transition from wildcard61 to wildcard192
[DEBUG] Dynamically added transition from wildcard60 to wildcard192
[DEBUG] Dynamically added transition from wildcard100 to wildcard192
[DEBUG] Dynamically added transition from wildcard107 to wildcard192
[DEBUG] Dynamically added transition from wildcard108 to wildcard192
[DEBUG] Dynamically added transition from wildcard105 to wildcard192
[DEBUG] Dynamically added transition from wildcard106 to wildcard192
[DEBUG] Dynamically added transition from wildcard103 to wildcard192
[DEBUG] Dynamically added transition from wildcard104 to wildcard192
[DEBUG] Dynamically added transition from wildcard101 to wildcard192
[DEBUG] Dynamically added transition from wildcard102 to wildcard192
[DEBUG] Dynamically added transition from wildcard79 to wildcard192
[DEBUG] Dynamically added transition from wildcard78 to wildcard192
[DEBUG] Dynamically added transition from wildcard77 to wildcard192
[DEBUG] Dynamically added transition from wildcard76 to wildcard192
[DEBUG] Dynamically added transition from wildcard109 to wildcard192
[DEBUG] Dynamically added transition from wildcard75 to wildcard192
[DEBUG] Dynamically added transition from wildcard74 to wildcard192
[DEBUG] Dynamically added transition from wildcard73 to wildcard192
[DEBUG] Dynamically added transition from wildcard72 to wildcard192
[DEBUG] Dynamically added transition from wildcard71 to wildcard192
[DEBUG] Dynamically added transition from wildcard70 to wildcard192
[DEBUG] Dynamically added transition from wildcard110 to wildcard192
[DEBUG] Dynamically added transition from wildcard111 to wildcard192
[DEBUG] Dynamically added transition from wildcard118 to wildcard192
[DEBUG] Dynamically added transition from wildcard119 to wildcard192
[DEBUG] Dynamically added transition from wildcard116 to wildcard192
[DEBUG] Dynamically added transition from wildcard117 to wildcard192
[DEBUG] Dynamically added transition from wildcard114 to wildcard192
[DEBUG] Dynamically added transition from wildcard115 to wildcard192
[DEBUG] Dynamically added transition from wildcard112 to wildcard192
[DEBUG] Dynamically added transition from wildcard113 to wildcard192
[DEBUG] Dynamically added transition from wildcard89 to wildcard192
[DEBUG] Dynamically added transition from wildcard88 to wildcard192
[DEBUG] Dynamically added transition from wildcard87 to wildcard192
[DEBUG] Dynamically added transition from wildcard86 to wildcard192
[DEBUG] Dynamically added transition from wildcard85 to wildcard192
[DEBUG] Dynamically added transition from wildcard84 to wildcard192
[DEBUG] Dynamically added transition from wildcard83 to wildcard192
[DEBUG] Dynamically added transition from wildcard82 to wildcard192
[DEBUG] Dynamically added transition from wildcard81 to wildcard192
[DEBUG] Dynamically added transition from wildcard80 to wildcard192
[DEBUG] Dynamically added transition from wildcard99 to wildcard192
[DEBUG] Dynamically added transition from wildcard98 to wildcard192
[DEBUG] Dynamically added transition from wildcard97 to wildcard192
[DEBUG] Dynamically added transition from wildcard96 to wildcard192
[DEBUG] Dynamically added transition from wildcard95 to wildcard192
[DEBUG] Dynamically added transition from wildcard94 to wildcard192
[DEBUG] Dynamically added transition from wildcard93 to wildcard192
[DEBUG] Dynamically added transition from wildcard92 to wildcard192
[DEBUG] Dynamically added transition from wildcard91 to wildcard192
[DEBUG] Dynamically added transition from wildcard90 to wildcard192
[DEBUG] Dynamically added transition from wildcard192 to wildcard27
[DEBUG] Dynamically added transition from wildcard192 to wildcard26
[DEBUG] Dynamically added transition from wildcard192 to wildcard25
[DEBUG] Dynamically added transition from wildcard192 to wildcard24
[DEBUG] Dynamically added transition from wildcard192 to wildcard23
[DEBUG] Dynamically added transition from wildcard192 to wildcard22
[DEBUG] Dynamically added transition from wildcard192 to wildcard21
[DEBUG] Dynamically added transition from wildcard192 to wildcard20
[DEBUG] Dynamically added transition from wildcard192 to wildcard143
[DEBUG] Dynamically added transition from wildcard192 to wildcard144
[DEBUG] Dynamically added transition from wildcard192 to wildcard141
[DEBUG] Dynamically added transition from wildcard192 to wildcard142
[DEBUG] Dynamically added transition from wildcard192 to wildcard140
[DEBUG] Dynamically added transition from wildcard192 to wildcard149
[DEBUG] Dynamically added transition from wildcard192 to wildcard147
[DEBUG] Dynamically added transition from wildcard192 to wildcard19
[DEBUG] Dynamically added transition from wildcard192 to wildcard148
[DEBUG] Dynamically added transition from wildcard192 to wildcard18
[DEBUG] Dynamically added transition from wildcard192 to wildcard145
[DEBUG] Dynamically added transition from wildcard192 to wildcard17
[DEBUG] Dynamically added transition from wildcard192 to wildcard146
[DEBUG] Dynamically added transition from wildcard192 to wildcard38
[DEBUG] Dynamically added transition from wildcard192 to wildcard37
[DEBUG] Dynamically added transition from wildcard192 to wildcard36
[DEBUG] Dynamically added transition from wildcard192 to wildcard35
[DEBUG] Dynamically added transition from wildcard192 to wildcard34
[DEBUG] Dynamically added transition from wildcard192 to wildcard33
[DEBUG] Dynamically added transition from wildcard192 to wildcard32
[DEBUG] Dynamically added transition from wildcard192 to wildcard31
[DEBUG] Dynamically added transition from wildcard192 to wildcard30
[DEBUG] Dynamically added transition from wildcard192 to wildcard154
[DEBUG] Dynamically added transition from wildcard192 to wildcard155
[DEBUG] Dynamically added transition from wildcard192 to wildcard152
[DEBUG] Dynamically added transition from wildcard192 to wildcard153
[DEBUG] Dynamically added transition from wildcard192 to wildcard150
[DEBUG] Dynamically added transition from wildcard192 to wildcard151
[DEBUG] Dynamically added transition from wildcard192 to wildcard158
[DEBUG] Dynamically added transition from wildcard192 to wildcard159
[DEBUG] Dynamically added transition from wildcard192 to wildcard29
[DEBUG] Dynamically added transition from wildcard192 to wildcard156
[DEBUG] Dynamically added transition from wildcard192 to wildcard28
[DEBUG] Dynamically added transition from wildcard192 to wildcard157
[DEBUG] Dynamically added transition from wildcard192 to wildcard49
[DEBUG] Dynamically added transition from wildcard192 to wildcard48
[DEBUG] Dynamically added transition from wildcard192 to wildcard47
[DEBUG] Dynamically added transition from wildcard192 to wildcard46
[DEBUG] Dynamically added transition from wildcard192 to wildcard45
[DEBUG] Dynamically added transition from wildcard192 to wildcard44
[DEBUG] Dynamically added transition from wildcard192 to wildcard43
[DEBUG] Dynamically added transition from wildcard192 to wildcard42
[DEBUG] Dynamically added transition from wildcard192 to wildcard41
[DEBUG] Dynamically added transition from wildcard192 to wildcard40
[DEBUG] Dynamically added transition from wildcard192 to wildcard121
[DEBUG] Dynamically added transition from wildcard192 to wildcard122
[DEBUG] Dynamically added transition from wildcard192 to wildcard120
[DEBUG] Dynamically added transition from wildcard192 to wildcard129
[DEBUG] Dynamically added transition from wildcard192 to wildcard127
[DEBUG] Dynamically added transition from wildcard192 to wildcard128
[DEBUG] Dynamically added transition from wildcard192 to wildcard125
[DEBUG] Dynamically added transition from wildcard192 to wildcard126
[DEBUG] Dynamically added transition from wildcard192 to wildcard123
[DEBUG] Dynamically added transition from wildcard192 to wildcard39
[DEBUG] Dynamically added transition from wildcard192 to wildcard124
[DEBUG] Dynamically added transition from wildcard192 to wildcard59
[DEBUG] Dynamically added transition from wildcard192 to wildcard58
[DEBUG] Dynamically added transition from wildcard192 to middle
[DEBUG] Dynamically added transition from wildcard192 to wildcard57
[DEBUG] Dynamically added transition from wildcard192 to wildcard56
[DEBUG] Dynamically added transition from wildcard192 to wildcard55
[DEBUG] Dynamically added transition from wildcard192 to wildcard54
[DEBUG] Dynamically added transition from wildcard192 to wildcard53
[DEBUG] Dynamically added transition from wildcard192 to wildcard52
[DEBUG] Dynamically added transition from wildcard192 to wildcard51
[DEBUG] Dynamically added transition from wildcard192 to wildcard50
[DEBUG] Dynamically added transition from wildcard192 to wildcard132
[DEBUG] Dynamically added transition from wildcard192 to wildcard133
[DEBUG] Dynamically added transition from wildcard192 to wildcard130
[DEBUG] Dynamically added transition from wildcard192 to wildcard131
[DEBUG] Dynamically added transition from wildcard192 to wildcard138
[DEBUG] Dynamically added transition from wildcard192 to wildcard139
[DEBUG] Dynamically added transition from wildcard192 to wildcard136
[DEBUG] Dynamically added transition from wildcard192 to wildcard137
[DEBUG] Dynamically added transition from wildcard192 to wildcard134
[DEBUG] Dynamically added transition from wildcard192 to wildcard135
[DEBUG] Dynamically added transition from wildcard192 to wildcard180
[DEBUG] Dynamically added transition from wildcard192 to wildcard187
[DEBUG] Dynamically added transition from wildcard192 to wildcard188
[DEBUG] Dynamically added transition from wildcard192 to wildcard185
[DEBUG] Dynamically added transition from wildcard192 to wildcard186
[DEBUG] Dynamically added transition from wildcard192 to wildcard183
[DEBUG] Dynamically added transition from wildcard192 to wildcard184
[DEBUG] Dynamically added transition from wildcard192 to wildcard181
[DEBUG] Dynamically added transition from wildcard192 to wildcard182
[DEBUG] Dynamically added transition from wildcard192 to wildcard189
[DEBUG] Dynamically added transition from wildcard192 to wildcard190
[DEBUG] Dynamically added transition from wildcard192 to wildcard191
[DEBUG] Dynamically added transition from wildcard192 to wildcard192
[DEBUG] Dynamically added transition from wildcard192 to wildcard165
[DEBUG] Dynamically added transition from wildcard192 to wildcard166
[DEBUG] Dynamically added transition from wildcard192 to wildcard163
[DEBUG] Dynamically added transition from wildcard192 to wildcard164
[DEBUG] Dynamically added transition from wildcard192 to wildcard161
[DEBUG] Dynamically added transition from wildcard192 to wildcard162
[DEBUG] Dynamically added transition from wildcard192 to wildcard160
[DEBUG] Dynamically added transition from wildcard192 to end
[DEBUG] Dynamically added transition from wildcard192 to wildcard169
[DEBUG] Dynamically added transition from wildcard192 to wildcard167
[DEBUG] Dynamically added transition from wildcard192 to wildcard168
[DEBUG] Dynamically added transition from wildcard192 to wildcard16
[DEBUG] Dynamically added transition from wildcard192 to wildcard15
[DEBUG] Dynamically added transition from wildcard192 to wildcard14
[DEBUG] Dynamically added transition from wildcard192 to wildcard13
[DEBUG] Dynamically added transition from wildcard192 to wildcard12
[DEBUG] Dynamically added transition from wildcard192 to wildcard11
[DEBUG] Dynamically added transition from wildcard192 to wildcard10
[DEBUG] Dynamically added transition from wildcard192 to start
[DEBUG] Dynamically added transition from wildcard192 to wildcard176
[DEBUG] Dynamically added transition from wildcard192 to wildcard177
[DEBUG] Dynamically added transition from wildcard192 to wildcard174
[DEBUG] Dynamically added transition from wildcard192 to wildcard175
[DEBUG] Dynamically added transition from wildcard192 to wildcard172
[DEBUG] Dynamically added transition from wildcard192 to wildcard173
[DEBUG] Dynamically added transition from wildcard192 to wildcard170
[DEBUG] Dynamically added transition from wildcard192 to wildcard171
[DEBUG] Dynamically added transition from wildcard192 to wildcard178
[DEBUG] Dynamically added transition from wildcard192 to wildcard179
[DEBUG] Dynamically added transition from wildcard192 to wildcard1
[DEBUG] Dynamically added transition from wildcard192 to wildcard0
[DEBUG] Dynamically added transition from wildcard192 to wildcard3
[DEBUG] Dynamically added transition from wildcard192 to wildcard2
[DEBUG] Dynamically added transition from wildcard192 to wildcard5
[DEBUG] Dynamically added transition from wildcard192 to wildcard4
[DEBUG] Dynamically added transition from wildcard192 to wildcard7
[DEBUG] Dynamically added transition from wildcard192 to wildcard6
[DEBUG] Dynamically added transition from wildcard192 to wildcard9
[DEBUG] Dynamically added transition from wildcard192 to wildcard8
[DEBUG] Dynamically added transition from wildcard192 to wildcard69
[DEBUG] Dynamically added transition from wildcard192 to wildcard68
[DEBUG] Dynamically added transition from wildcard192 to wildcard67
[DEBUG] Dynamically added transition from wildcard192 to wildcard66
[DEBUG] Dynamically added transition from wildcard192 to wildcard65
[DEBUG] Dynamically added transition from wildcard192 to wildcard64
[DEBUG] Dynamically added transition from wildcard192 to wildcard63
[DEBUG] Dynamically added transition from wildcard192 to wildcard62
[DEBUG] Dynamically added transition from wildcard192 to wildcard61
[DEBUG] Dynamically added transition from wildcard192 to wildcard60
[DEBUG] Dynamically added transition from wildcard192 to wildcard100
[DEBUG] Dynamically added transition from wildcard192 to wildcard107
[DEBUG] Dynamically added transition from wildcard192 to wildcard108
[DEBUG] Dynamically added transition from wildcard192 to wildcard105
[DEBUG] Dynamically added transition from wildcard192 to wildcard106
[DEBUG] Dynamically added transition from wildcard192 to wildcard103
[DEBUG] Dynamically added transition from wildcard192 to wildcard104
[DEBUG] Dynamically added transition from wildcard192 to wildcard101
[DEBUG] Dynamically added transition from wildcard192 to wildcard102
[DEBUG] Dynamically added transition from wildcard192 to wildcard79
[DEBUG] Dynamically added transition from wildcard192 to wildcard78
[DEBUG] Dynamically added transition from wildcard192 to wildcard77
[DEBUG] Dynamically added transition from wildcard192 to wildcard76
[DEBUG] Dynamically added transition from wildcard192 to wildcard109
[DEBUG] Dynamically added transition from wildcard192 to wildcard75
[DEBUG] Dynamically added transition from wildcard192 to wildcard74
[DEBUG] Dynamically added transition from wildcard192 to wildcard73
[DEBUG] Dynamically added transition from wildcard192 to wildcard72
[DEBUG] Dynamically added transition from wildcard192 to wildcard71
[DEBUG] Dynamically added transition from wildcard192 to wildcard70
[DEBUG] Dynamically added transition from wildcard192 to wildcard110
[DEBUG] Dynamically added transition from wildcard192 to wildcard111
[DEBUG] Dynamically added transition from wildcard192 to wildcard118
[DEBUG] Dynamically added transition from wildcard192 to wildcard119
[DEBUG] Dynamically added transition from wildcard192 to wildcard116
[DEBUG] Dynamically added transition from wildcard192 to wildcard117
[DEBUG] Dynamically added transition from wildcard192 to .*
[DEBUG] Dynamically added transition from wildcard192 to wildcard114
[DEBUG] Dynamically added transition from wildcard192 to wildcard115
[DEBUG] Dynamically added transition from wildcard192 to wildcard112
[DEBUG] Dynamically added transition from wildcard192 to wildcard113
[DEBUG] Dynamically added transition from wildcard192 to wildcard89
[DEBUG] Dynamically added transition from wildcard192 to wildcard88
[DEBUG] Dynamically added transition from wildcard192 to wildcard87
[DEBUG] Dynamically added transition from wildcard192 to wildcard86
[DEBUG] Dynamically added transition from wildcard192 to INITIAL
[DEBUG] Dynamically added transition from wildcard192 to wildcard85
[DEBUG] Dynamically added transition from wildcard192 to wildcard84
[DEBUG] Dynamically added transition from wildcard192 to wildcard83
[DEBUG] Dynamically added transition from wildcard192 to wildcard82
[DEBUG] Dynamically added transition from wildcard192 to wildcard81
[DEBUG] Dynamically added transition from wildcard192 to wildcard80
[DEBUG] Dynamically added transition from wildcard192 to wildcard99
[DEBUG] Dynamically added transition from wildcard192 to wildcard98
[DEBUG] Dynamically added transition from wildcard192 to wildcard97
[DEBUG] Dynamically added transition from wildcard192 to wildcard96
[DEBUG] Dynamically added transition from wildcard192 to wildcard95
[DEBUG] Dynamically added transition from wildcard192 to wildcard94
[DEBUG] Dynamically added transition from wildcard192 to wildcard93
[DEBUG] Dynamically added transition from wildcard192 to wildcard92
[DEBUG] Dynamically added transition from wildcard192 to wildcard91
[DEBUG] Dynamically added transition from wildcard192 to wildcard90
[INFO] Wildcard transition valid to state: wildcard192
[INFO] Wildcard transition detected from wildcard192 to wildcard193
[DEBUG] Created intermediate state for wildcard transition: wildcard193
[DEBUG] Dynamically added transition from wildcard192 to wildcard193
[DEBUG] Dynamically added transition from wildcard27 to wildcard193
[DEBUG] Dynamically added transition from wildcard26 to wildcard193
[DEBUG] Dynamically added transition from wildcard25 to wildcard193
[DEBUG] Dynamically added transition from wildcard24 to wildcard193
[DEBUG] Dynamically added transition from wildcard23 to wildcard193
[DEBUG] Dynamically added transition from wildcard22 to wildcard193
[DEBUG] Dynamically added transition from wildcard21 to wildcard193
[DEBUG] Dynamically added transition from wildcard20 to wildcard193
[DEBUG] Dynamically added transition from wildcard143 to wildcard193
[DEBUG] Dynamically added transition from wildcard144 to wildcard193
[DEBUG] Dynamically added transition from wildcard141 to wildcard193
[DEBUG] Dynamically added transition from wildcard142 to wildcard193
[DEBUG] Dynamically added transition from wildcard140 to wildcard193
[DEBUG] Dynamically added transition from wildcard149 to wildcard193
[DEBUG] Dynamically added transition from wildcard147 to wildcard193
[DEBUG] Dynamically added transition from wildcard19 to wildcard193
[DEBUG] Dynamically added transition from wildcard148 to wildcard193
[DEBUG] Dynamically added transition from wildcard18 to wildcard193
[DEBUG] Dynamically added transition from wildcard145 to wildcard193
[DEBUG] Dynamically added transition from wildcard17 to wildcard193
[DEBUG] Dynamically added transition from wildcard146 to wildcard193
[DEBUG] Dynamically added transition from wildcard38 to wildcard193
[DEBUG] Dynamically added transition from wildcard37 to wildcard193
[DEBUG] Dynamically added transition from wildcard36 to wildcard193
[DEBUG] Dynamically added transition from wildcard35 to wildcard193
[DEBUG] Dynamically added transition from wildcard34 to wildcard193
[DEBUG] Dynamically added transition from wildcard33 to wildcard193
[DEBUG] Dynamically added transition from wildcard32 to wildcard193
[DEBUG] Dynamically added transition from wildcard31 to wildcard193
[DEBUG] Dynamically added transition from wildcard30 to wildcard193
[DEBUG] Dynamically added transition from wildcard154 to wildcard193
[DEBUG] Dynamically added transition from wildcard155 to wildcard193
[DEBUG] Dynamically added transition from wildcard152 to wildcard193
[DEBUG] Dynamically added transition from wildcard153 to wildcard193
[DEBUG] Dynamically added transition from wildcard150 to wildcard193
[DEBUG] Dynamically added transition from wildcard151 to wildcard193
[DEBUG] Dynamically added transition from wildcard158 to wildcard193
[DEBUG] Dynamically added transition from wildcard159 to wildcard193
[DEBUG] Dynamically added transition from wildcard29 to wildcard193
[DEBUG] Dynamically added transition from wildcard156 to wildcard193
[DEBUG] Dynamically added transition from wildcard28 to wildcard193
[DEBUG] Dynamically added transition from wildcard157 to wildcard193
[DEBUG] Dynamically added transition from wildcard49 to wildcard193
[DEBUG] Dynamically added transition from wildcard48 to wildcard193
[DEBUG] Dynamically added transition from wildcard47 to wildcard193
[DEBUG] Dynamically added transition from wildcard46 to wildcard193
[DEBUG] Dynamically added transition from wildcard45 to wildcard193
[DEBUG] Dynamically added transition from wildcard44 to wildcard193
[DEBUG] Dynamically added transition from wildcard43 to wildcard193
[DEBUG] Dynamically added transition from wildcard42 to wildcard193
[DEBUG] Dynamically added transition from wildcard41 to wildcard193
[DEBUG] Dynamically added transition from wildcard40 to wildcard193
[DEBUG] Dynamically added transition from wildcard121 to wildcard193
[DEBUG] Dynamically added transition from wildcard122 to wildcard193
[DEBUG] Dynamically added transition from wildcard120 to wildcard193
[DEBUG] Dynamically added transition from wildcard129 to wildcard193
[DEBUG] Dynamically added transition from wildcard127 to wildcard193
[DEBUG] Dynamically added transition from wildcard128 to wildcard193
[DEBUG] Dynamically added transition from wildcard125 to wildcard193
[DEBUG] Dynamically added transition from wildcard126 to wildcard193
[DEBUG] Dynamically added transition from wildcard123 to wildcard193
[DEBUG] Dynamically added transition from wildcard39 to wildcard193
[DEBUG] Dynamically added transition from wildcard124 to wildcard193
[DEBUG] Dynamically added transition from wildcard59 to wildcard193
[DEBUG] Dynamically added transition from wildcard58 to wildcard193
[DEBUG] Dynamically added transition from middle to wildcard193
[DEBUG] Dynamically added transition from wildcard57 to wildcard193
[DEBUG] Dynamically added transition from wildcard56 to wildcard193
[DEBUG] Dynamically added transition from wildcard55 to wildcard193
[DEBUG] Dynamically added transition from wildcard54 to wildcard193
[DEBUG] Dynamically added transition from wildcard53 to wildcard193
[DEBUG] Dynamically added transition from wildcard52 to wildcard193
[DEBUG] Dynamically added transition from wildcard51 to wildcard193
[DEBUG] Dynamically added transition from wildcard50 to wildcard193
[DEBUG] Dynamically added transition from wildcard132 to wildcard193
[DEBUG] Dynamically added transition from wildcard133 to wildcard193
[DEBUG] Dynamically added transition from wildcard130 to wildcard193
[DEBUG] Dynamically added transition from wildcard131 to wildcard193
[DEBUG] Dynamically added transition from wildcard138 to wildcard193
[DEBUG] Dynamically added transition from wildcard139 to wildcard193
[DEBUG] Dynamically added transition from wildcard136 to wildcard193
[DEBUG] Dynamically added transition from wildcard137 to wildcard193
[DEBUG] Dynamically added transition from wildcard134 to wildcard193
[DEBUG] Dynamically added transition from wildcard135 to wildcard193
[DEBUG] Dynamically added transition from wildcard180 to wildcard193
[DEBUG] Dynamically added transition from wildcard187 to wildcard193
[DEBUG] Dynamically added transition from wildcard188 to wildcard193
[DEBUG] Dynamically added transition from wildcard185 to wildcard193
[DEBUG] Dynamically added transition from wildcard186 to wildcard193
[DEBUG] Dynamically added transition from wildcard183 to wildcard193
[DEBUG] Dynamically added transition from wildcard184 to wildcard193
[DEBUG] Dynamically added transition from wildcard181 to wildcard193
[DEBUG] Dynamically added transition from wildcard182 to wildcard193
[DEBUG] Dynamically added transition from wildcard189 to wildcard193
[DEBUG] Dynamically added transition from wildcard190 to wildcard193
[DEBUG] Dynamically added transition from wildcard191 to wildcard193
[DEBUG] Dynamically added transition from wildcard165 to wildcard193
[DEBUG] Dynamically added transition from wildcard166 to wildcard193
[DEBUG] Dynamically added transition from wildcard163 to wildcard193
[DEBUG] Dynamically added transition from wildcard164 to wildcard193
[DEBUG] Dynamically added transition from wildcard161 to wildcard193
[DEBUG] Dynamically added transition from wildcard162 to wildcard193
[DEBUG] Dynamically added transition from wildcard160 to wildcard193
[DEBUG] Dynamically added transition from wildcard169 to wildcard193
[DEBUG] Dynamically added transition from wildcard167 to wildcard193
[DEBUG] Dynamically added transition from wildcard168 to wildcard193
[DEBUG] Dynamically added transition from wildcard16 to wildcard193
[DEBUG] Dynamically added transition from wildcard15 to wildcard193
[DEBUG] Dynamically added transition from wildcard14 to wildcard193
[DEBUG] Dynamically added transition from wildcard13 to wildcard193
[DEBUG] Dynamically added transition from wildcard12 to wildcard193
[DEBUG] Dynamically added transition from wildcard11 to wildcard193
[DEBUG] Dynamically added transition from wildcard10 to wildcard193
[DEBUG] Dynamically added transition from start to wildcard193
[DEBUG] Dynamically added transition from wildcard176 to wildcard193
[DEBUG] Dynamically added transition from wildcard177 to wildcard193
[DEBUG] Dynamically added transition from wildcard174 to wildcard193
[DEBUG] Dynamically added transition from wildcard175 to wildcard193
[DEBUG] Dynamically added transition from wildcard172 to wildcard193
[DEBUG] Dynamically added transition from wildcard173 to wildcard193
[DEBUG] Dynamically added transition from wildcard170 to wildcard193
[DEBUG] Dynamically added transition from wildcard171 to wildcard193
[DEBUG] Dynamically added transition from wildcard178 to wildcard193
[DEBUG] Dynamically added transition from wildcard179 to wildcard193
[DEBUG] Dynamically added transition from wildcard1 to wildcard193
[DEBUG] Dynamically added transition from wildcard0 to wildcard193
[DEBUG] Dynamically added transition from wildcard3 to wildcard193
[DEBUG] Dynamically added transition from wildcard2 to wildcard193
[DEBUG] Dynamically added transition from wildcard5 to wildcard193
[DEBUG] Dynamically added transition from wildcard4 to wildcard193
[DEBUG] Dynamically added transition from wildcard7 to wildcard193
[DEBUG] Dynamically added transition from wildcard6 to wildcard193
[DEBUG] Dynamically added transition from wildcard9 to wildcard193
[DEBUG] Dynamically added transition from wildcard8 to wildcard193
[DEBUG] Dynamically added transition from wildcard69 to wildcard193
[DEBUG] Dynamically added transition from wildcard68 to wildcard193
[DEBUG] Dynamically added transition from wildcard67 to wildcard193
[DEBUG] Dynamically added transition from wildcard66 to wildcard193
[DEBUG] Dynamically added transition from wildcard65 to wildcard193
[DEBUG] Dynamically added transition from wildcard64 to wildcard193
[DEBUG] Dynamically added transition from wildcard63 to wildcard193
[DEBUG] Dynamically added transition from wildcard62 to wildcard193
[DEBUG] Dynamically added transition from wildcard61 to wildcard193
[DEBUG] Dynamically added transition from wildcard60 to wildcard193
[DEBUG] Dynamically added transition from wildcard100 to wildcard193
[DEBUG] Dynamically added transition from wildcard107 to wildcard193
[DEBUG] Dynamically added transition from wildcard108 to wildcard193
[DEBUG] Dynamically added transition from wildcard105 to wildcard193
[DEBUG] Dynamically added transition from wildcard106 to wildcard193
[DEBUG] Dynamically added transition from wildcard103 to wildcard193
[DEBUG] Dynamically added transition from wildcard104 to wildcard193
[DEBUG] Dynamically added transition from wildcard101 to wildcard193
[DEBUG] Dynamically added transition from wildcard102 to wildcard193
[DEBUG] Dynamically added transition from wildcard79 to wildcard193
[DEBUG] Dynamically added transition from wildcard78 to wildcard193
[DEBUG] Dynamically added transition from wildcard77 to wildcard193
[DEBUG] Dynamically added transition from wildcard76 to wildcard193
[DEBUG] Dynamically added transition from wildcard109 to wildcard193
[DEBUG] Dynamically added transition from wildcard75 to wildcard193
[DEBUG] Dynamically added transition from wildcard74 to wildcard193
[DEBUG] Dynamically added transition from wildcard73 to wildcard193
[DEBUG] Dynamically added transition from wildcard72 to wildcard193
[DEBUG] Dynamically added transition from wildcard71 to wildcard193
[DEBUG] Dynamically added transition from wildcard70 to wildcard193
[DEBUG] Dynamically added transition from wildcard110 to wildcard193
[DEBUG] Dynamically added transition from wildcard111 to wildcard193
[DEBUG] Dynamically added transition from wildcard118 to wildcard193
[DEBUG] Dynamically added transition from wildcard119 to wildcard193
[DEBUG] Dynamically added transition from wildcard116 to wildcard193
[DEBUG] Dynamically added transition from wildcard117 to wildcard193
[DEBUG] Dynamically added transition from wildcard114 to wildcard193
[DEBUG] Dynamically added transition from wildcard115 to wildcard193
[DEBUG] Dynamically added transition from wildcard112 to wildcard193
[DEBUG] Dynamically added transition from wildcard113 to wildcard193
[DEBUG] Dynamically added transition from wildcard89 to wildcard193
[DEBUG] Dynamically added transition from wildcard88 to wildcard193
[DEBUG] Dynamically added transition from wildcard87 to wildcard193
[DEBUG] Dynamically added transition from wildcard86 to wildcard193
[DEBUG] Dynamically added transition from wildcard85 to wildcard193
[DEBUG] Dynamically added transition from wildcard84 to wildcard193
[DEBUG] Dynamically added transition from wildcard83 to wildcard193
[DEBUG] Dynamically added transition from wildcard82 to wildcard193
[DEBUG] Dynamically added transition from wildcard81 to wildcard193
[DEBUG] Dynamically added transition from wildcard80 to wildcard193
[DEBUG] Dynamically added transition from wildcard99 to wildcard193
[DEBUG] Dynamically added transition from wildcard98 to wildcard193
[DEBUG] Dynamically added transition from wildcard97 to wildcard193
[DEBUG] Dynamically added transition from wildcard96 to wildcard193
[DEBUG] Dynamically added transition from wildcard95 to wildcard193
[DEBUG] Dynamically added transition from wildcard94 to wildcard193
[DEBUG] Dynamically added transition from wildcard93 to wildcard193
[DEBUG] Dynamically added transition from wildcard92 to wildcard193
[DEBUG] Dynamically added transition from wildcard91 to wildcard193
[DEBUG] Dynamically added transition from wildcard90 to wildcard193
[DEBUG] Dynamically added transition from wildcard193 to wildcard27
[DEBUG] Dynamically added transition from wildcard193 to wildcard26
[DEBUG] Dynamically added transition from wildcard193 to wildcard25
[DEBUG] Dynamically added transition from wildcard193 to wildcard24
[DEBUG] Dynamically added transition from wildcard193 to wildcard23
[DEBUG] Dynamically added transition from wildcard193 to wildcard22
[DEBUG] Dynamically added transition from wildcard193 to wildcard21
[DEBUG] Dynamically added transition from wildcard193 to wildcard20
[DEBUG] Dynamically added transition from wildcard193 to wildcard143
[DEBUG] Dynamically added transition from wildcard193 to wildcard144
[DEBUG] Dynamically added transition from wildcard193 to wildcard141
[DEBUG] Dynamically added transition from wildcard193 to wildcard142
[DEBUG] Dynamically added transition from wildcard193 to wildcard140
[DEBUG] Dynamically added transition from wildcard193 to wildcard149
[DEBUG] Dynamically added transition from wildcard193 to wildcard147
[DEBUG] Dynamically added transition from wildcard193 to wildcard19
[DEBUG] Dynamically added transition from wildcard193 to wildcard148
[DEBUG] Dynamically added transition from wildcard193 to wildcard18
[DEBUG] Dynamically added transition from wildcard193 to wildcard145
[DEBUG] Dynamically added transition from wildcard193 to wildcard17
[DEBUG] Dynamically added transition from wildcard193 to wildcard146
[DEBUG] Dynamically added transition from wildcard193 to wildcard38
[DEBUG] Dynamically added transition from wildcard193 to wildcard37
[DEBUG] Dynamically added transition from wildcard193 to wildcard36
[DEBUG] Dynamically added transition from wildcard193 to wildcard35
[DEBUG] Dynamically added transition from wildcard193 to wildcard34
[DEBUG] Dynamically added transition from wildcard193 to wildcard33
[DEBUG] Dynamically added transition from wildcard193 to wildcard32
[DEBUG] Dynamically added transition from wildcard193 to wildcard31
[DEBUG] Dynamically added transition from wildcard193 to wildcard30
[DEBUG] Dynamically added transition from wildcard193 to wildcard154
[DEBUG] Dynamically added transition from wildcard193 to wildcard155
[DEBUG] Dynamically added transition from wildcard193 to wildcard152
[DEBUG] Dynamically added transition from wildcard193 to wildcard153
[DEBUG] Dynamically added transition from wildcard193 to wildcard150
[DEBUG] Dynamically added transition from wildcard193 to wildcard151
[DEBUG] Dynamically added transition from wildcard193 to wildcard158
[DEBUG] Dynamically added transition from wildcard193 to wildcard159
[DEBUG] Dynamically added transition from wildcard193 to wildcard29
[DEBUG] Dynamically added transition from wildcard193 to wildcard156
[DEBUG] Dynamically added transition from wildcard193 to wildcard28
[DEBUG] Dynamically added transition from wildcard193 to wildcard157
[DEBUG] Dynamically added transition from wildcard193 to wildcard49
[DEBUG] Dynamically added transition from wildcard193 to wildcard48
[DEBUG] Dynamically added transition from wildcard193 to wildcard47
[DEBUG] Dynamically added transition from wildcard193 to wildcard46
[DEBUG] Dynamically added transition from wildcard193 to wildcard45
[DEBUG] Dynamically added transition from wildcard193 to wildcard44
[DEBUG] Dynamically added transition from wildcard193 to wildcard43
[DEBUG] Dynamically added transition from wildcard193 to wildcard42
[DEBUG] Dynamically added transition from wildcard193 to wildcard41
[DEBUG] Dynamically added transition from wildcard193 to wildcard40
[DEBUG] Dynamically added transition from wildcard193 to wildcard121
[DEBUG] Dynamically added transition from wildcard193 to wildcard122
[DEBUG] Dynamically added transition from wildcard193 to wildcard120
[DEBUG] Dynamically added transition from wildcard193 to wildcard129
[DEBUG] Dynamically added transition from wildcard193 to wildcard127
[DEBUG] Dynamically added transition from wildcard193 to wildcard128
[DEBUG] Dynamically added transition from wildcard193 to wildcard125
[DEBUG] Dynamically added transition from wildcard193 to wildcard126
[DEBUG] Dynamically added transition from wildcard193 to wildcard123
[DEBUG] Dynamically added transition from wildcard193 to wildcard39
[DEBUG] Dynamically added transition from wildcard193 to wildcard124
[DEBUG] Dynamically added transition from wildcard193 to wildcard59
[DEBUG] Dynamically added transition from wildcard193 to wildcard58
[DEBUG] Dynamically added transition from wildcard193 to middle
[DEBUG] Dynamically added transition from wildcard193 to wildcard57
[DEBUG] Dynamically added transition from wildcard193 to wildcard56
[DEBUG] Dynamically added transition from wildcard193 to wildcard55
[DEBUG] Dynamically added transition from wildcard193 to wildcard54
[DEBUG] Dynamically added transition from wildcard193 to wildcard53
[DEBUG] Dynamically added transition from wildcard193 to wildcard52
[DEBUG] Dynamically added transition from wildcard193 to wildcard51
[DEBUG] Dynamically added transition from wildcard193 to wildcard50
[DEBUG] Dynamically added transition from wildcard193 to wildcard132
[DEBUG] Dynamically added transition from wildcard193 to wildcard133
[DEBUG] Dynamically added transition from wildcard193 to wildcard130
[DEBUG] Dynamically added transition from wildcard193 to wildcard131
[DEBUG] Dynamically added transition from wildcard193 to wildcard138
[DEBUG] Dynamically added transition from wildcard193 to wildcard139
[DEBUG] Dynamically added transition from wildcard193 to wildcard136
[DEBUG] Dynamically added transition from wildcard193 to wildcard137
[DEBUG] Dynamically added transition from wildcard193 to wildcard134
[DEBUG] Dynamically added transition from wildcard193 to wildcard135
[DEBUG] Dynamically added transition from wildcard193 to wildcard180
[DEBUG] Dynamically added transition from wildcard193 to wildcard187
[DEBUG] Dynamically added transition from wildcard193 to wildcard188
[DEBUG] Dynamically added transition from wildcard193 to wildcard185
[DEBUG] Dynamically added transition from wildcard193 to wildcard186
[DEBUG] Dynamically added transition from wildcard193 to wildcard183
[DEBUG] Dynamically added transition from wildcard193 to wildcard184
[DEBUG] Dynamically added transition from wildcard193 to wildcard181
[DEBUG] Dynamically added transition from wildcard193 to wildcard182
[DEBUG] Dynamically added transition from wildcard193 to wildcard189
[DEBUG] Dynamically added transition from wildcard193 to wildcard190
[DEBUG] Dynamically added transition from wildcard193 to wildcard191
[DEBUG] Dynamically added transition from wildcard193 to wildcard192
[DEBUG] Dynamically added transition from wildcard193 to wildcard193
[DEBUG] Dynamically added transition from wildcard193 to wildcard165
[DEBUG] Dynamically added transition from wildcard193 to wildcard166
[DEBUG] Dynamically added transition from wildcard193 to wildcard163
[DEBUG] Dynamically added transition from wildcard193 to wildcard164
[DEBUG] Dynamically added transition from wildcard193 to wildcard161
[DEBUG] Dynamically added transition from wildcard193 to wildcard162
[DEBUG] Dynamically added transition from wildcard193 to wildcard160
[DEBUG] Dynamically added transition from wildcard193 to end
[DEBUG] Dynamically added transition from wildcard193 to wildcard169
[DEBUG] Dynamically added transition from wildcard193 to wildcard167
[DEBUG] Dynamically added transition from wildcard193 to wildcard168
[DEBUG] Dynamically added transition from wildcard193 to wildcard16
[DEBUG] Dynamically added transition from wildcard193 to wildcard15
[DEBUG] Dynamically added transition from wildcard193 to wildcard14
[DEBUG] Dynamically added transition from wildcard193 to wildcard13
[DEBUG] Dynamically added transition from wildcard193 to wildcard12
[DEBUG] Dynamically added transition from wildcard193 to wildcard11
[DEBUG] Dynamically added transition from wildcard193 to wildcard10
[DEBUG] Dynamically added transition from wildcard193 to start
[DEBUG] Dynamically added transition from wildcard193 to wildcard176
[DEBUG] Dynamically added transition from wildcard193 to wildcard177
[DEBUG] Dynamically added transition from wildcard193 to wildcard174
[DEBUG] Dynamically added transition from wildcard193 to wildcard175
[DEBUG] Dynamically added transition from wildcard193 to wildcard172
[DEBUG] Dynamically added transition from wildcard193 to wildcard173
[DEBUG] Dynamically added transition from wildcard193 to wildcard170
[DEBUG] Dynamically added transition from wildcard193 to wildcard171
[DEBUG] Dynamically added transition from wildcard193 to wildcard178
[DEBUG] Dynamically added transition from wildcard193 to wildcard179
[DEBUG] Dynamically added transition from wildcard193 to wildcard1
[DEBUG] Dynamically added transition from wildcard193 to wildcard0
[DEBUG] Dynamically added transition from wildcard193 to wildcard3
[DEBUG] Dynamically added transition from wildcard193 to wildcard2
[DEBUG] Dynamically added transition from wildcard193 to wildcard5
[DEBUG] Dynamically added transition from wildcard193 to wildcard4
[DEBUG] Dynamically added transition from wildcard193 to wildcard7
[DEBUG] Dynamically added transition from wildcard193 to wildcard6
[DEBUG] Dynamically added transition from wildcard193 to wildcard9
[DEBUG] Dynamically added transition from wildcard193 to wildcard8
[DEBUG] Dynamically added transition from wildcard193 to wildcard69
[DEBUG] Dynamically added transition from wildcard193 to wildcard68
[DEBUG] Dynamically added transition from wildcard193 to wildcard67
[DEBUG] Dynamically added transition from wildcard193 to wildcard66
[DEBUG] Dynamically added transition from wildcard193 to wildcard65
[DEBUG] Dynamically added transition from wildcard193 to wildcard64
[DEBUG] Dynamically added transition from wildcard193 to wildcard63
[DEBUG] Dynamically added transition from wildcard193 to wildcard62
[DEBUG] Dynamically added transition from wildcard193 to wildcard61
[DEBUG] Dynamically added transition from wildcard193 to wildcard60
[DEBUG] Dynamically added transition from wildcard193 to wildcard100
[DEBUG] Dynamically added transition from wildcard193 to wildcard107
[DEBUG] Dynamically added transition from wildcard193 to wildcard108
[DEBUG] Dynamically added transition from wildcard193 to wildcard105
[DEBUG] Dynamically added transition from wildcard193 to wildcard106
[DEBUG] Dynamically added transition from wildcard193 to wildcard103
[DEBUG] Dynamically added transition from wildcard193 to wildcard104
[DEBUG] Dynamically added transition from wildcard193 to wildcard101
[DEBUG] Dynamically added transition from wildcard193 to wildcard102
[DEBUG] Dynamically added transition from wildcard193 to wildcard79
[DEBUG] Dynamically added transition from wildcard193 to wildcard78
[DEBUG] Dynamically added transition from wildcard193 to wildcard77
[DEBUG] Dynamically added transition from wildcard193 to wildcard76
[DEBUG] Dynamically added transition from wildcard193 to wildcard109
[DEBUG] Dynamically added transition from wildcard193 to wildcard75
[DEBUG] Dynamically added transition from wildcard193 to wildcard74
[DEBUG] Dynamically added transition from wildcard193 to wildcard73
[DEBUG] Dynamically added transition from wildcard193 to wildcard72
[DEBUG] Dynamically added transition from wildcard193 to wildcard71
[DEBUG] Dynamically added transition from wildcard193 to wildcard70
[DEBUG] Dynamically added transition from wildcard193 to wildcard110
[DEBUG] Dynamically added transition from wildcard193 to wildcard111
[DEBUG] Dynamically added transition from wildcard193 to wildcard118
[DEBUG] Dynamically added transition from wildcard193 to wildcard119
[DEBUG] Dynamically added transition from wildcard193 to wildcard116
[DEBUG] Dynamically added transition from wildcard193 to wildcard117
[DEBUG] Dynamically added transition from wildcard193 to .*
[DEBUG] Dynamically added transition from wildcard193 to wildcard114
[DEBUG] Dynamically added transition from wildcard193 to wildcard115
[DEBUG] Dynamically added transition from wildcard193 to wildcard112
[DEBUG] Dynamically added transition from wildcard193 to wildcard113
[DEBUG] Dynamically added transition from wildcard193 to wildcard89
[DEBUG] Dynamically added transition from wildcard193 to wildcard88
[DEBUG] Dynamically added transition from wildcard193 to wildcard87
[DEBUG] Dynamically added transition from wildcard193 to wildcard86
[DEBUG] Dynamically added transition from wildcard193 to INITIAL
[DEBUG] Dynamically added transition from wildcard193 to wildcard85
[DEBUG] Dynamically added transition from wildcard193 to wildcard84
[DEBUG] Dynamically added transition from wildcard193 to wildcard83
[DEBUG] Dynamically added transition from wildcard193 to wildcard82
[DEBUG] Dynamically added transition from wildcard193 to wildcard81
[DEBUG] Dynamically added transition from wildcard193 to wildcard80
[DEBUG] Dynamically added transition from wildcard193 to wildcard99
[DEBUG] Dynamically added transition from wildcard193 to wildcard98
[DEBUG] Dynamically added transition from wildcard193 to wildcard97
[DEBUG] Dynamically added transition from wildcard193 to wildcard96
[DEBUG] Dynamically added transition from wildcard193 to wildcard95
[DEBUG] Dynamically added transition from wildcard193 to wildcard94
[DEBUG] Dynamically added transition from wildcard193 to wildcard93
[DEBUG] Dynamically added transition from wildcard193 to wildcard92
[DEBUG] Dynamically added transition from wildcard193 to wildcard91
[DEBUG] Dynamically added transition from wildcard193 to wildcard90
[INFO] Wildcard transition valid to state: wildcard193
[INFO] Wildcard transition detected from wildcard193 to wildcard194
[DEBUG] Created intermediate state for wildcard transition: wildcard194
[DEBUG] Dynamically added transition from wildcard193 to wildcard194
[DEBUG] Dynamically added transition from wildcard27 to wildcard194
[DEBUG] Dynamically added transition from wildcard26 to wildcard194
[DEBUG] Dynamically added transition from wildcard25 to wildcard194
[DEBUG] Dynamically added transition from wildcard24 to wildcard194
[DEBUG] Dynamically added transition from wildcard23 to wildcard194
[DEBUG] Dynamically added transition from wildcard22 to wildcard194
[DEBUG] Dynamically added transition from wildcard21 to wildcard194
[DEBUG] Dynamically added transition from wildcard20 to wildcard194
[DEBUG] Dynamically added transition from wildcard143 to wildcard194
[DEBUG] Dynamically added transition from wildcard144 to wildcard194
[DEBUG] Dynamically added transition from wildcard141 to wildcard194
[DEBUG] Dynamically added transition from wildcard142 to wildcard194
[DEBUG] Dynamically added transition from wildcard140 to wildcard194
[DEBUG] Dynamically added transition from wildcard149 to wildcard194
[DEBUG] Dynamically added transition from wildcard147 to wildcard194
[DEBUG] Dynamically added transition from wildcard19 to wildcard194
[DEBUG] Dynamically added transition from wildcard148 to wildcard194
[DEBUG] Dynamically added transition from wildcard18 to wildcard194
[DEBUG] Dynamically added transition from wildcard145 to wildcard194
[DEBUG] Dynamically added transition from wildcard17 to wildcard194
[DEBUG] Dynamically added transition from wildcard146 to wildcard194
[DEBUG] Dynamically added transition from wildcard38 to wildcard194
[DEBUG] Dynamically added transition from wildcard37 to wildcard194
[DEBUG] Dynamically added transition from wildcard36 to wildcard194
[DEBUG] Dynamically added transition from wildcard35 to wildcard194
[DEBUG] Dynamically added transition from wildcard34 to wildcard194
[DEBUG] Dynamically added transition from wildcard33 to wildcard194
[DEBUG] Dynamically added transition from wildcard32 to wildcard194
[DEBUG] Dynamically added transition from wildcard31 to wildcard194
[DEBUG] Dynamically added transition from wildcard30 to wildcard194
[DEBUG] Dynamically added transition from wildcard154 to wildcard194
[DEBUG] Dynamically added transition from wildcard155 to wildcard194
[DEBUG] Dynamically added transition from wildcard152 to wildcard194
[DEBUG] Dynamically added transition from wildcard153 to wildcard194
[DEBUG] Dynamically added transition from wildcard150 to wildcard194
[DEBUG] Dynamically added transition from wildcard151 to wildcard194
[DEBUG] Dynamically added transition from wildcard158 to wildcard194
[DEBUG] Dynamically added transition from wildcard159 to wildcard194
[DEBUG] Dynamically added transition from wildcard29 to wildcard194
[DEBUG] Dynamically added transition from wildcard156 to wildcard194
[DEBUG] Dynamically added transition from wildcard28 to wildcard194
[DEBUG] Dynamically added transition from wildcard157 to wildcard194
[DEBUG] Dynamically added transition from wildcard49 to wildcard194
[DEBUG] Dynamically added transition from wildcard48 to wildcard194
[DEBUG] Dynamically added transition from wildcard47 to wildcard194
[DEBUG] Dynamically added transition from wildcard46 to wildcard194
[DEBUG] Dynamically added transition from wildcard45 to wildcard194
[DEBUG] Dynamically added transition from wildcard44 to wildcard194
[DEBUG] Dynamically added transition from wildcard43 to wildcard194
[DEBUG] Dynamically added transition from wildcard42 to wildcard194
[DEBUG] Dynamically added transition from wildcard41 to wildcard194
[DEBUG] Dynamically added transition from wildcard40 to wildcard194
[DEBUG] Dynamically added transition from wildcard121 to wildcard194
[DEBUG] Dynamically added transition from wildcard122 to wildcard194
[DEBUG] Dynamically added transition from wildcard120 to wildcard194
[DEBUG] Dynamically added transition from wildcard129 to wildcard194
[DEBUG] Dynamically added transition from wildcard127 to wildcard194
[DEBUG] Dynamically added transition from wildcard128 to wildcard194
[DEBUG] Dynamically added transition from wildcard125 to wildcard194
[DEBUG] Dynamically added transition from wildcard126 to wildcard194
[DEBUG] Dynamically added transition from wildcard123 to wildcard194
[DEBUG] Dynamically added transition from wildcard39 to wildcard194
[DEBUG] Dynamically added transition from wildcard124 to wildcard194
[DEBUG] Dynamically added transition from wildcard59 to wildcard194
[DEBUG] Dynamically added transition from wildcard58 to wildcard194
[DEBUG] Dynamically added transition from middle to wildcard194
[DEBUG] Dynamically added transition from wildcard57 to wildcard194
[DEBUG] Dynamically added transition from wildcard56 to wildcard194
[DEBUG] Dynamically added transition from wildcard55 to wildcard194
[DEBUG] Dynamically added transition from wildcard54 to wildcard194
[DEBUG] Dynamically added transition from wildcard53 to wildcard194
[DEBUG] Dynamically added transition from wildcard52 to wildcard194
[DEBUG] Dynamically added transition from wildcard51 to wildcard194
[DEBUG] Dynamically added transition from wildcard50 to wildcard194
[DEBUG] Dynamically added transition from wildcard132 to wildcard194
[DEBUG] Dynamically added transition from wildcard133 to wildcard194
[DEBUG] Dynamically added transition from wildcard130 to wildcard194
[DEBUG] Dynamically added transition from wildcard131 to wildcard194
[DEBUG] Dynamically added transition from wildcard138 to wildcard194
[DEBUG] Dynamically added transition from wildcard139 to wildcard194
[DEBUG] Dynamically added transition from wildcard136 to wildcard194
[DEBUG] Dynamically added transition from wildcard137 to wildcard194
[DEBUG] Dynamically added transition from wildcard134 to wildcard194
[DEBUG] Dynamically added transition from wildcard135 to wildcard194
[DEBUG] Dynamically added transition from wildcard180 to wildcard194
[DEBUG] Dynamically added transition from wildcard187 to wildcard194
[DEBUG] Dynamically added transition from wildcard188 to wildcard194
[DEBUG] Dynamically added transition from wildcard185 to wildcard194
[DEBUG] Dynamically added transition from wildcard186 to wildcard194
[DEBUG] Dynamically added transition from wildcard183 to wildcard194
[DEBUG] Dynamically added transition from wildcard184 to wildcard194
[DEBUG] Dynamically added transition from wildcard181 to wildcard194
[DEBUG] Dynamically added transition from wildcard182 to wildcard194
[DEBUG] Dynamically added transition from wildcard189 to wildcard194
[DEBUG] Dynamically added transition from wildcard190 to wildcard194
[DEBUG] Dynamically added transition from wildcard191 to wildcard194
[DEBUG] Dynamically added transition from wildcard192 to wildcard194
[DEBUG] Dynamically added transition from wildcard165 to wildcard194
[DEBUG] Dynamically added transition from wildcard166 to wildcard194
[DEBUG] Dynamically added transition from wildcard163 to wildcard194
[DEBUG] Dynamically added transition from wildcard164 to wildcard194
[DEBUG] Dynamically added transition from wildcard161 to wildcard194
[DEBUG] Dynamically added transition from wildcard162 to wildcard194
[DEBUG] Dynamically added transition from wildcard160 to wildcard194
[DEBUG] Dynamically added transition from wildcard169 to wildcard194
[DEBUG] Dynamically added transition from wildcard167 to wildcard194
[DEBUG] Dynamically added transition from wildcard168 to wildcard194
[DEBUG] Dynamically added transition from wildcard16 to wildcard194
[DEBUG] Dynamically added transition from wildcard15 to wildcard194
[DEBUG] Dynamically added transition from wildcard14 to wildcard194
[DEBUG] Dynamically added transition from wildcard13 to wildcard194
[DEBUG] Dynamically added transition from wildcard12 to wildcard194
[DEBUG] Dynamically added transition from wildcard11 to wildcard194
[DEBUG] Dynamically added transition from wildcard10 to wildcard194
[DEBUG] Dynamically added transition from start to wildcard194
[DEBUG] Dynamically added transition from wildcard176 to wildcard194
[DEBUG] Dynamically added transition from wildcard177 to wildcard194
[DEBUG] Dynamically added transition from wildcard174 to wildcard194
[DEBUG] Dynamically added transition from wildcard175 to wildcard194
[DEBUG] Dynamically added transition from wildcard172 to wildcard194
[DEBUG] Dynamically added transition from wildcard173 to wildcard194
[DEBUG] Dynamically added transition from wildcard170 to wildcard194
[DEBUG] Dynamically added transition from wildcard171 to wildcard194
[DEBUG] Dynamically added transition from wildcard178 to wildcard194
[DEBUG] Dynamically added transition from wildcard179 to wildcard194
[DEBUG] Dynamically added transition from wildcard1 to wildcard194
[DEBUG] Dynamically added transition from wildcard0 to wildcard194
[DEBUG] Dynamically added transition from wildcard3 to wildcard194
[DEBUG] Dynamically added transition from wildcard2 to wildcard194
[DEBUG] Dynamically added transition from wildcard5 to wildcard194
[DEBUG] Dynamically added transition from wildcard4 to wildcard194
[DEBUG] Dynamically added transition from wildcard7 to wildcard194
[DEBUG] Dynamically added transition from wildcard6 to wildcard194
[DEBUG] Dynamically added transition from wildcard9 to wildcard194
[DEBUG] Dynamically added transition from wildcard8 to wildcard194
[DEBUG] Dynamically added transition from wildcard69 to wildcard194
[DEBUG] Dynamically added transition from wildcard68 to wildcard194
[DEBUG] Dynamically added transition from wildcard67 to wildcard194
[DEBUG] Dynamically added transition from wildcard66 to wildcard194
[DEBUG] Dynamically added transition from wildcard65 to wildcard194
[DEBUG] Dynamically added transition from wildcard64 to wildcard194
[DEBUG] Dynamically added transition from wildcard63 to wildcard194
[DEBUG] Dynamically added transition from wildcard62 to wildcard194
[DEBUG] Dynamically added transition from wildcard61 to wildcard194
[DEBUG] Dynamically added transition from wildcard60 to wildcard194
[DEBUG] Dynamically added transition from wildcard100 to wildcard194
[DEBUG] Dynamically added transition from wildcard107 to wildcard194
[DEBUG] Dynamically added transition from wildcard108 to wildcard194
[DEBUG] Dynamically added transition from wildcard105 to wildcard194
[DEBUG] Dynamically added transition from wildcard106 to wildcard194
[DEBUG] Dynamically added transition from wildcard103 to wildcard194
[DEBUG] Dynamically added transition from wildcard104 to wildcard194
[DEBUG] Dynamically added transition from wildcard101 to wildcard194
[DEBUG] Dynamically added transition from wildcard102 to wildcard194
[DEBUG] Dynamically added transition from wildcard79 to wildcard194
[DEBUG] Dynamically added transition from wildcard78 to wildcard194
[DEBUG] Dynamically added transition from wildcard77 to wildcard194
[DEBUG] Dynamically added transition from wildcard76 to wildcard194
[DEBUG] Dynamically added transition from wildcard109 to wildcard194
[DEBUG] Dynamically added transition from wildcard75 to wildcard194
[DEBUG] Dynamically added transition from wildcard74 to wildcard194
[DEBUG] Dynamically added transition from wildcard73 to wildcard194
[DEBUG] Dynamically added transition from wildcard72 to wildcard194
[DEBUG] Dynamically added transition from wildcard71 to wildcard194
[DEBUG] Dynamically added transition from wildcard70 to wildcard194
[DEBUG] Dynamically added transition from wildcard110 to wildcard194
[DEBUG] Dynamically added transition from wildcard111 to wildcard194
[DEBUG] Dynamically added transition from wildcard118 to wildcard194
[DEBUG] Dynamically added transition from wildcard119 to wildcard194
[DEBUG] Dynamically added transition from wildcard116 to wildcard194
[DEBUG] Dynamically added transition from wildcard117 to wildcard194
[DEBUG] Dynamically added transition from wildcard114 to wildcard194
[DEBUG] Dynamically added transition from wildcard115 to wildcard194
[DEBUG] Dynamically added transition from wildcard112 to wildcard194
[DEBUG] Dynamically added transition from wildcard113 to wildcard194
[DEBUG] Dynamically added transition from wildcard89 to wildcard194
[DEBUG] Dynamically added transition from wildcard88 to wildcard194
[DEBUG] Dynamically added transition from wildcard87 to wildcard194
[DEBUG] Dynamically added transition from wildcard86 to wildcard194
[DEBUG] Dynamically added transition from wildcard85 to wildcard194
[DEBUG] Dynamically added transition from wildcard84 to wildcard194
[DEBUG] Dynamically added transition from wildcard83 to wildcard194
[DEBUG] Dynamically added transition from wildcard82 to wildcard194
[DEBUG] Dynamically added transition from wildcard81 to wildcard194
[DEBUG] Dynamically added transition from wildcard80 to wildcard194
[DEBUG] Dynamically added transition from wildcard99 to wildcard194
[DEBUG] Dynamically added transition from wildcard98 to wildcard194
[DEBUG] Dynamically added transition from wildcard97 to wildcard194
[DEBUG] Dynamically added transition from wildcard96 to wildcard194
[DEBUG] Dynamically added transition from wildcard95 to wildcard194
[DEBUG] Dynamically added transition from wildcard94 to wildcard194
[DEBUG] Dynamically added transition from wildcard93 to wildcard194
[DEBUG] Dynamically added transition from wildcard92 to wildcard194
[DEBUG] Dynamically added transition from wildcard91 to wildcard194
[DEBUG] Dynamically added transition from wildcard90 to wildcard194
[DEBUG] Dynamically added transition from wildcard194 to wildcard27
[DEBUG] Dynamically added transition from wildcard194 to wildcard26
[DEBUG] Dynamically added transition from wildcard194 to wildcard25
[DEBUG] Dynamically added transition from wildcard194 to wildcard24
[DEBUG] Dynamically added transition from wildcard194 to wildcard23
[DEBUG] Dynamically added transition from wildcard194 to wildcard22
[DEBUG] Dynamically added transition from wildcard194 to wildcard21
[DEBUG] Dynamically added transition from wildcard194 to wildcard20
[DEBUG] Dynamically added transition from wildcard194 to wildcard143
[DEBUG] Dynamically added transition from wildcard194 to wildcard144
[DEBUG] Dynamically added transition from wildcard194 to wildcard141
[DEBUG] Dynamically added transition from wildcard194 to wildcard142
[DEBUG] Dynamically added transition from wildcard194 to wildcard140
[DEBUG] Dynamically added transition from wildcard194 to wildcard149
[DEBUG] Dynamically added transition from wildcard194 to wildcard147
[DEBUG] Dynamically added transition from wildcard194 to wildcard19
[DEBUG] Dynamically added transition from wildcard194 to wildcard148
[DEBUG] Dynamically added transition from wildcard194 to wildcard18
[DEBUG] Dynamically added transition from wildcard194 to wildcard145
[DEBUG] Dynamically added transition from wildcard194 to wildcard17
[DEBUG] Dynamically added transition from wildcard194 to wildcard146
[DEBUG] Dynamically added transition from wildcard194 to wildcard38
[DEBUG] Dynamically added transition from wildcard194 to wildcard37
[DEBUG] Dynamically added transition from wildcard194 to wildcard36
[DEBUG] Dynamically added transition from wildcard194 to wildcard35
[DEBUG] Dynamically added transition from wildcard194 to wildcard34
[DEBUG] Dynamically added transition from wildcard194 to wildcard33
[DEBUG] Dynamically added transition from wildcard194 to wildcard32
[DEBUG] Dynamically added transition from wildcard194 to wildcard31
[DEBUG] Dynamically added transition from wildcard194 to wildcard30
[DEBUG] Dynamically added transition from wildcard194 to wildcard154
[DEBUG] Dynamically added transition from wildcard194 to wildcard155
[DEBUG] Dynamically added transition from wildcard194 to wildcard152
[DEBUG] Dynamically added transition from wildcard194 to wildcard153
[DEBUG] Dynamically added transition from wildcard194 to wildcard150
[DEBUG] Dynamically added transition from wildcard194 to wildcard151
[DEBUG] Dynamically added transition from wildcard194 to wildcard158
[DEBUG] Dynamically added transition from wildcard194 to wildcard159
[DEBUG] Dynamically added transition from wildcard194 to wildcard29
[DEBUG] Dynamically added transition from wildcard194 to wildcard156
[DEBUG] Dynamically added transition from wildcard194 to wildcard28
[DEBUG] Dynamically added transition from wildcard194 to wildcard157
[DEBUG] Dynamically added transition from wildcard194 to wildcard49
[DEBUG] Dynamically added transition from wildcard194 to wildcard48
[DEBUG] Dynamically added transition from wildcard194 to wildcard47
[DEBUG] Dynamically added transition from wildcard194 to wildcard46
[DEBUG] Dynamically added transition from wildcard194 to wildcard45
[DEBUG] Dynamically added transition from wildcard194 to wildcard44
[DEBUG] Dynamically added transition from wildcard194 to wildcard43
[DEBUG] Dynamically added transition from wildcard194 to wildcard42
[DEBUG] Dynamically added transition from wildcard194 to wildcard41
[DEBUG] Dynamically added transition from wildcard194 to wildcard40
[DEBUG] Dynamically added transition from wildcard194 to wildcard121
[DEBUG] Dynamically added transition from wildcard194 to wildcard122
[DEBUG] Dynamically added transition from wildcard194 to wildcard120
[DEBUG] Dynamically added transition from wildcard194 to wildcard129
[DEBUG] Dynamically added transition from wildcard194 to wildcard127
[DEBUG] Dynamically added transition from wildcard194 to wildcard128
[DEBUG] Dynamically added transition from wildcard194 to wildcard125
[DEBUG] Dynamically added transition from wildcard194 to wildcard126
[DEBUG] Dynamically added transition from wildcard194 to wildcard123
[DEBUG] Dynamically added transition from wildcard194 to wildcard39
[DEBUG] Dynamically added transition from wildcard194 to wildcard124
[DEBUG] Dynamically added transition from wildcard194 to wildcard59
[DEBUG] Dynamically added transition from wildcard194 to wildcard58
[DEBUG] Dynamically added transition from wildcard194 to middle
[DEBUG] Dynamically added transition from wildcard194 to wildcard57
[DEBUG] Dynamically added transition from wildcard194 to wildcard56
[DEBUG] Dynamically added transition from wildcard194 to wildcard55
[DEBUG] Dynamically added transition from wildcard194 to wildcard54
[DEBUG] Dynamically added transition from wildcard194 to wildcard53
[DEBUG] Dynamically added transition from wildcard194 to wildcard52
[DEBUG] Dynamically added transition from wildcard194 to wildcard51
[DEBUG] Dynamically added transition from wildcard194 to wildcard50
[DEBUG] Dynamically added transition from wildcard194 to wildcard132
[DEBUG] Dynamically added transition from wildcard194 to wildcard133
[DEBUG] Dynamically added transition from wildcard194 to wildcard130
[DEBUG] Dynamically added transition from wildcard194 to wildcard131
[DEBUG] Dynamically added transition from wildcard194 to wildcard138
[DEBUG] Dynamically added transition from wildcard194 to wildcard139
[DEBUG] Dynamically added transition from wildcard194 to wildcard136
[DEBUG] Dynamically added transition from wildcard194 to wildcard137
[DEBUG] Dynamically added transition from wildcard194 to wildcard134
[DEBUG] Dynamically added transition from wildcard194 to wildcard135
[DEBUG] Dynamically added transition from wildcard194 to wildcard180
[DEBUG] Dynamically added transition from wildcard194 to wildcard187
[DEBUG] Dynamically added transition from wildcard194 to wildcard188
[DEBUG] Dynamically added transition from wildcard194 to wildcard185
[DEBUG] Dynamically added transition from wildcard194 to wildcard186
[DEBUG] Dynamically added transition from wildcard194 to wildcard183
[DEBUG] Dynamically added transition from wildcard194 to wildcard184
[DEBUG] Dynamically added transition from wildcard194 to wildcard181
[DEBUG] Dynamically added transition from wildcard194 to wildcard182
[DEBUG] Dynamically added transition from wildcard194 to wildcard189
[DEBUG] Dynamically added transition from wildcard194 to wildcard190
[DEBUG] Dynamically added transition from wildcard194 to wildcard191
[DEBUG] Dynamically added transition from wildcard194 to wildcard194
[DEBUG] Dynamically added transition from wildcard194 to wildcard192
[DEBUG] Dynamically added transition from wildcard194 to wildcard193
[DEBUG] Dynamically added transition from wildcard194 to wildcard165
[DEBUG] Dynamically added transition from wildcard194 to wildcard166
[DEBUG] Dynamically added transition from wildcard194 to wildcard163
[DEBUG] Dynamically added transition from wildcard194 to wildcard164
[DEBUG] Dynamically added transition from wildcard194 to wildcard161
[DEBUG] Dynamically added transition from wildcard194 to wildcard162
[DEBUG] Dynamically added transition from wildcard194 to wildcard160
[DEBUG] Dynamically added transition from wildcard194 to end
[DEBUG] Dynamically added transition from wildcard194 to wildcard169
[DEBUG] Dynamically added transition from wildcard194 to wildcard167
[DEBUG] Dynamically added transition from wildcard194 to wildcard168
[DEBUG] Dynamically added transition from wildcard194 to wildcard16
[DEBUG] Dynamically added transition from wildcard194 to wildcard15
[DEBUG] Dynamically added transition from wildcard194 to wildcard14
[DEBUG] Dynamically added transition from wildcard194 to wildcard13
[DEBUG] Dynamically added transition from wildcard194 to wildcard12
[DEBUG] Dynamically added transition from wildcard194 to wildcard11
[DEBUG] Dynamically added transition from wildcard194 to wildcard10
[DEBUG] Dynamically added transition from wildcard194 to start
[DEBUG] Dynamically added transition from wildcard194 to wildcard176
[DEBUG] Dynamically added transition from wildcard194 to wildcard177
[DEBUG] Dynamically added transition from wildcard194 to wildcard174
[DEBUG] Dynamically added transition from wildcard194 to wildcard175
[DEBUG] Dynamically added transition from wildcard194 to wildcard172
[DEBUG] Dynamically added transition from wildcard194 to wildcard173
[DEBUG] Dynamically added transition from wildcard194 to wildcard170
[DEBUG] Dynamically added transition from wildcard194 to wildcard171
[DEBUG] Dynamically added transition from wildcard194 to wildcard178
[DEBUG] Dynamically added transition from wildcard194 to wildcard179
[DEBUG] Dynamically added transition from wildcard194 to wildcard1
[DEBUG] Dynamically added transition from wildcard194 to wildcard0
[DEBUG] Dynamically added transition from wildcard194 to wildcard3
[DEBUG] Dynamically added transition from wildcard194 to wildcard2
[DEBUG] Dynamically added transition from wildcard194 to wildcard5
[DEBUG] Dynamically added transition from wildcard194 to wildcard4
[DEBUG] Dynamically added transition from wildcard194 to wildcard7
[DEBUG] Dynamically added transition from wildcard194 to wildcard6
[DEBUG] Dynamically added transition from wildcard194 to wildcard9
[DEBUG] Dynamically added transition from wildcard194 to wildcard8
[DEBUG] Dynamically added transition from wildcard194 to wildcard69
[DEBUG] Dynamically added transition from wildcard194 to wildcard68
[DEBUG] Dynamically added transition from wildcard194 to wildcard67
[DEBUG] Dynamically added transition from wildcard194 to wildcard66
[DEBUG] Dynamically added transition from wildcard194 to wildcard65
[DEBUG] Dynamically added transition from wildcard194 to wildcard64
[DEBUG] Dynamically added transition from wildcard194 to wildcard63
[DEBUG] Dynamically added transition from wildcard194 to wildcard62
[DEBUG] Dynamically added transition from wildcard194 to wildcard61
[DEBUG] Dynamically added transition from wildcard194 to wildcard60
[DEBUG] Dynamically added transition from wildcard194 to wildcard100
[DEBUG] Dynamically added transition from wildcard194 to wildcard107
[DEBUG] Dynamically added transition from wildcard194 to wildcard108
[DEBUG] Dynamically added transition from wildcard194 to wildcard105
[DEBUG] Dynamically added transition from wildcard194 to wildcard106
[DEBUG] Dynamically added transition from wildcard194 to wildcard103
[DEBUG] Dynamically added transition from wildcard194 to wildcard104
[DEBUG] Dynamically added transition from wildcard194 to wildcard101
[DEBUG] Dynamically added transition from wildcard194 to wildcard102
[DEBUG] Dynamically added transition from wildcard194 to wildcard79
[DEBUG] Dynamically added transition from wildcard194 to wildcard78
[DEBUG] Dynamically added transition from wildcard194 to wildcard77
[DEBUG] Dynamically added transition from wildcard194 to wildcard76
[DEBUG] Dynamically added transition from wildcard194 to wildcard109
[DEBUG] Dynamically added transition from wildcard194 to wildcard75
[DEBUG] Dynamically added transition from wildcard194 to wildcard74
[DEBUG] Dynamically added transition from wildcard194 to wildcard73
[DEBUG] Dynamically added transition from wildcard194 to wildcard72
[DEBUG] Dynamically added transition from wildcard194 to wildcard71
[DEBUG] Dynamically added transition from wildcard194 to wildcard70
[DEBUG] Dynamically added transition from wildcard194 to wildcard110
[DEBUG] Dynamically added transition from wildcard194 to wildcard111
[DEBUG] Dynamically added transition from wildcard194 to wildcard118
[DEBUG] Dynamically added transition from wildcard194 to wildcard119
[DEBUG] Dynamically added transition from wildcard194 to wildcard116
[DEBUG] Dynamically added transition from wildcard194 to wildcard117
[DEBUG] Dynamically added transition from wildcard194 to .*
[DEBUG] Dynamically added transition from wildcard194 to wildcard114
[DEBUG] Dynamically added transition from wildcard194 to wildcard115
[DEBUG] Dynamically added transition from wildcard194 to wildcard112
[DEBUG] Dynamically added transition from wildcard194 to wildcard113
[DEBUG] Dynamically added transition from wildcard194 to wildcard89
[DEBUG] Dynamically added transition from wildcard194 to wildcard88
[DEBUG] Dynamically added transition from wildcard194 to wildcard87
[DEBUG] Dynamically added transition from wildcard194 to wildcard86
[DEBUG] Dynamically added transition from wildcard194 to INITIAL
[DEBUG] Dynamically added transition from wildcard194 to wildcard85
[DEBUG] Dynamically added transition from wildcard194 to wildcard84
[DEBUG] Dynamically added transition from wildcard194 to wildcard83
[DEBUG] Dynamically added transition from wildcard194 to wildcard82
[DEBUG] Dynamically added transition from wildcard194 to wildcard81
[DEBUG] Dynamically added transition from wildcard194 to wildcard80
[DEBUG] Dynamically added transition from wildcard194 to wildcard99
[DEBUG] Dynamically added transition from wildcard194 to wildcard98
[DEBUG] Dynamically added transition from wildcard194 to wildcard97
[DEBUG] Dynamically added transition from wildcard194 to wildcard96
[DEBUG] Dynamically added transition from wildcard194 to wildcard95
[DEBUG] Dynamically added transition from wildcard194 to wildcard94
[DEBUG] Dynamically added transition from wildcard194 to wildcard93
[DEBUG] Dynamically added transition from wildcard194 to wildcard92
[DEBUG] Dynamically added transition from wildcard194 to wildcard91
[DEBUG] Dynamically added transition from wildcard194 to wildcard90
[INFO] Wildcard transition valid to state: wildcard194
[INFO] Wildcard transition detected from wildcard194 to wildcard195
[DEBUG] Created intermediate state for wildcard transition: wildcard195
[DEBUG] Dynamically added transition from wildcard194 to wildcard195
[DEBUG] Dynamically added transition from wildcard27 to wildcard195
[DEBUG] Dynamically added transition from wildcard26 to wildcard195
[DEBUG] Dynamically added transition from wildcard25 to wildcard195
[DEBUG] Dynamically added transition from wildcard24 to wildcard195
[DEBUG] Dynamically added transition from wildcard23 to wildcard195
[DEBUG] Dynamically added transition from wildcard22 to wildcard195
[DEBUG] Dynamically added transition from wildcard21 to wildcard195
[DEBUG] Dynamically added transition from wildcard20 to wildcard195
[DEBUG] Dynamically added transition from wildcard143 to wildcard195
[DEBUG] Dynamically added transition from wildcard144 to wildcard195
[DEBUG] Dynamically added transition from wildcard141 to wildcard195
[DEBUG] Dynamically added transition from wildcard142 to wildcard195
[DEBUG] Dynamically added transition from wildcard140 to wildcard195
[DEBUG] Dynamically added transition from wildcard149 to wildcard195
[DEBUG] Dynamically added transition from wildcard147 to wildcard195
[DEBUG] Dynamically added transition from wildcard19 to wildcard195
[DEBUG] Dynamically added transition from wildcard148 to wildcard195
[DEBUG] Dynamically added transition from wildcard18 to wildcard195
[DEBUG] Dynamically added transition from wildcard145 to wildcard195
[DEBUG] Dynamically added transition from wildcard17 to wildcard195
[DEBUG] Dynamically added transition from wildcard146 to wildcard195
[DEBUG] Dynamically added transition from wildcard38 to wildcard195
[DEBUG] Dynamically added transition from wildcard37 to wildcard195
[DEBUG] Dynamically added transition from wildcard36 to wildcard195
[DEBUG] Dynamically added transition from wildcard35 to wildcard195
[DEBUG] Dynamically added transition from wildcard34 to wildcard195
[DEBUG] Dynamically added transition from wildcard33 to wildcard195
[DEBUG] Dynamically added transition from wildcard32 to wildcard195
[DEBUG] Dynamically added transition from wildcard31 to wildcard195
[DEBUG] Dynamically added transition from wildcard30 to wildcard195
[DEBUG] Dynamically added transition from wildcard154 to wildcard195
[DEBUG] Dynamically added transition from wildcard155 to wildcard195
[DEBUG] Dynamically added transition from wildcard152 to wildcard195
[DEBUG] Dynamically added transition from wildcard153 to wildcard195
[DEBUG] Dynamically added transition from wildcard150 to wildcard195
[DEBUG] Dynamically added transition from wildcard151 to wildcard195
[DEBUG] Dynamically added transition from wildcard158 to wildcard195
[DEBUG] Dynamically added transition from wildcard159 to wildcard195
[DEBUG] Dynamically added transition from wildcard29 to wildcard195
[DEBUG] Dynamically added transition from wildcard156 to wildcard195
[DEBUG] Dynamically added transition from wildcard28 to wildcard195
[DEBUG] Dynamically added transition from wildcard157 to wildcard195
[DEBUG] Dynamically added transition from wildcard49 to wildcard195
[DEBUG] Dynamically added transition from wildcard48 to wildcard195
[DEBUG] Dynamically added transition from wildcard47 to wildcard195
[DEBUG] Dynamically added transition from wildcard46 to wildcard195
[DEBUG] Dynamically added transition from wildcard45 to wildcard195
[DEBUG] Dynamically added transition from wildcard44 to wildcard195
[DEBUG] Dynamically added transition from wildcard43 to wildcard195
[DEBUG] Dynamically added transition from wildcard42 to wildcard195
[DEBUG] Dynamically added transition from wildcard41 to wildcard195
[DEBUG] Dynamically added transition from wildcard40 to wildcard195
[DEBUG] Dynamically added transition from wildcard121 to wildcard195
[DEBUG] Dynamically added transition from wildcard122 to wildcard195
[DEBUG] Dynamically added transition from wildcard120 to wildcard195
[DEBUG] Dynamically added transition from wildcard129 to wildcard195
[DEBUG] Dynamically added transition from wildcard127 to wildcard195
[DEBUG] Dynamically added transition from wildcard128 to wildcard195
[DEBUG] Dynamically added transition from wildcard125 to wildcard195
[DEBUG] Dynamically added transition from wildcard126 to wildcard195
[DEBUG] Dynamically added transition from wildcard123 to wildcard195
[DEBUG] Dynamically added transition from wildcard39 to wildcard195
[DEBUG] Dynamically added transition from wildcard124 to wildcard195
[DEBUG] Dynamically added transition from wildcard59 to wildcard195
[DEBUG] Dynamically added transition from wildcard58 to wildcard195
[DEBUG] Dynamically added transition from middle to wildcard195
[DEBUG] Dynamically added transition from wildcard57 to wildcard195
[DEBUG] Dynamically added transition from wildcard56 to wildcard195
[DEBUG] Dynamically added transition from wildcard55 to wildcard195
[DEBUG] Dynamically added transition from wildcard54 to wildcard195
[DEBUG] Dynamically added transition from wildcard53 to wildcard195
[DEBUG] Dynamically added transition from wildcard52 to wildcard195
[DEBUG] Dynamically added transition from wildcard51 to wildcard195
[DEBUG] Dynamically added transition from wildcard50 to wildcard195
[DEBUG] Dynamically added transition from wildcard132 to wildcard195
[DEBUG] Dynamically added transition from wildcard133 to wildcard195
[DEBUG] Dynamically added transition from wildcard130 to wildcard195
[DEBUG] Dynamically added transition from wildcard131 to wildcard195
[DEBUG] Dynamically added transition from wildcard138 to wildcard195
[DEBUG] Dynamically added transition from wildcard139 to wildcard195
[DEBUG] Dynamically added transition from wildcard136 to wildcard195
[DEBUG] Dynamically added transition from wildcard137 to wildcard195
[DEBUG] Dynamically added transition from wildcard134 to wildcard195
[DEBUG] Dynamically added transition from wildcard135 to wildcard195
[DEBUG] Dynamically added transition from wildcard180 to wildcard195
[DEBUG] Dynamically added transition from wildcard187 to wildcard195
[DEBUG] Dynamically added transition from wildcard188 to wildcard195
[DEBUG] Dynamically added transition from wildcard185 to wildcard195
[DEBUG] Dynamically added transition from wildcard186 to wildcard195
[DEBUG] Dynamically added transition from wildcard183 to wildcard195
[DEBUG] Dynamically added transition from wildcard184 to wildcard195
[DEBUG] Dynamically added transition from wildcard181 to wildcard195
[DEBUG] Dynamically added transition from wildcard182 to wildcard195
[DEBUG] Dynamically added transition from wildcard189 to wildcard195
[DEBUG] Dynamically added transition from wildcard190 to wildcard195
[DEBUG] Dynamically added transition from wildcard191 to wildcard195
[DEBUG] Dynamically added transition from wildcard192 to wildcard195
[DEBUG] Dynamically added transition from wildcard193 to wildcard195
[DEBUG] Dynamically added transition from wildcard165 to wildcard195
[DEBUG] Dynamically added transition from wildcard166 to wildcard195
[DEBUG] Dynamically added transition from wildcard163 to wildcard195
[DEBUG] Dynamically added transition from wildcard164 to wildcard195
[DEBUG] Dynamically added transition from wildcard161 to wildcard195
[DEBUG] Dynamically added transition from wildcard162 to wildcard195
[DEBUG] Dynamically added transition from wildcard160 to wildcard195
[DEBUG] Dynamically added transition from wildcard169 to wildcard195
[DEBUG] Dynamically added transition from wildcard167 to wildcard195
[DEBUG] Dynamically added transition from wildcard168 to wildcard195
[DEBUG] Dynamically added transition from wildcard16 to wildcard195
[DEBUG] Dynamically added transition from wildcard15 to wildcard195
[DEBUG] Dynamically added transition from wildcard14 to wildcard195
[DEBUG] Dynamically added transition from wildcard13 to wildcard195
[DEBUG] Dynamically added transition from wildcard12 to wildcard195
[DEBUG] Dynamically added transition from wildcard11 to wildcard195
[DEBUG] Dynamically added transition from wildcard10 to wildcard195
[DEBUG] Dynamically added transition from start to wildcard195
[DEBUG] Dynamically added transition from wildcard176 to wildcard195
[DEBUG] Dynamically added transition from wildcard177 to wildcard195
[DEBUG] Dynamically added transition from wildcard174 to wildcard195
[DEBUG] Dynamically added transition from wildcard175 to wildcard195
[DEBUG] Dynamically added transition from wildcard172 to wildcard195
[DEBUG] Dynamically added transition from wildcard173 to wildcard195
[DEBUG] Dynamically added transition from wildcard170 to wildcard195
[DEBUG] Dynamically added transition from wildcard171 to wildcard195
[DEBUG] Dynamically added transition from wildcard178 to wildcard195
[DEBUG] Dynamically added transition from wildcard179 to wildcard195
[DEBUG] Dynamically added transition from wildcard1 to wildcard195
[DEBUG] Dynamically added transition from wildcard0 to wildcard195
[DEBUG] Dynamically added transition from wildcard3 to wildcard195
[DEBUG] Dynamically added transition from wildcard2 to wildcard195
[DEBUG] Dynamically added transition from wildcard5 to wildcard195
[DEBUG] Dynamically added transition from wildcard4 to wildcard195
[DEBUG] Dynamically added transition from wildcard7 to wildcard195
[DEBUG] Dynamically added transition from wildcard6 to wildcard195
[DEBUG] Dynamically added transition from wildcard9 to wildcard195
[DEBUG] Dynamically added transition from wildcard8 to wildcard195
[DEBUG] Dynamically added transition from wildcard69 to wildcard195
[DEBUG] Dynamically added transition from wildcard68 to wildcard195
[DEBUG] Dynamically added transition from wildcard67 to wildcard195
[DEBUG] Dynamically added transition from wildcard66 to wildcard195
[DEBUG] Dynamically added transition from wildcard65 to wildcard195
[DEBUG] Dynamically added transition from wildcard64 to wildcard195
[DEBUG] Dynamically added transition from wildcard63 to wildcard195
[DEBUG] Dynamically added transition from wildcard62 to wildcard195
[DEBUG] Dynamically added transition from wildcard61 to wildcard195
[DEBUG] Dynamically added transition from wildcard60 to wildcard195
[DEBUG] Dynamically added transition from wildcard100 to wildcard195
[DEBUG] Dynamically added transition from wildcard107 to wildcard195
[DEBUG] Dynamically added transition from wildcard108 to wildcard195
[DEBUG] Dynamically added transition from wildcard105 to wildcard195
[DEBUG] Dynamically added transition from wildcard106 to wildcard195
[DEBUG] Dynamically added transition from wildcard103 to wildcard195
[DEBUG] Dynamically added transition from wildcard104 to wildcard195
[DEBUG] Dynamically added transition from wildcard101 to wildcard195
[DEBUG] Dynamically added transition from wildcard102 to wildcard195
[DEBUG] Dynamically added transition from wildcard79 to wildcard195
[DEBUG] Dynamically added transition from wildcard78 to wildcard195
[DEBUG] Dynamically added transition from wildcard77 to wildcard195
[DEBUG] Dynamically added transition from wildcard76 to wildcard195
[DEBUG] Dynamically added transition from wildcard109 to wildcard195
[DEBUG] Dynamically added transition from wildcard75 to wildcard195
[DEBUG] Dynamically added transition from wildcard74 to wildcard195
[DEBUG] Dynamically added transition from wildcard73 to wildcard195
[DEBUG] Dynamically added transition from wildcard72 to wildcard195
[DEBUG] Dynamically added transition from wildcard71 to wildcard195
[DEBUG] Dynamically added transition from wildcard70 to wildcard195
[DEBUG] Dynamically added transition from wildcard110 to wildcard195
[DEBUG] Dynamically added transition from wildcard111 to wildcard195
[DEBUG] Dynamically added transition from wildcard118 to wildcard195
[DEBUG] Dynamically added transition from wildcard119 to wildcard195
[DEBUG] Dynamically added transition from wildcard116 to wildcard195
[DEBUG] Dynamically added transition from wildcard117 to wildcard195
[DEBUG] Dynamically added transition from wildcard114 to wildcard195
[DEBUG] Dynamically added transition from wildcard115 to wildcard195
[DEBUG] Dynamically added transition from wildcard112 to wildcard195
[DEBUG] Dynamically added transition from wildcard113 to wildcard195
[DEBUG] Dynamically added transition from wildcard89 to wildcard195
[DEBUG] Dynamically added transition from wildcard88 to wildcard195
[DEBUG] Dynamically added transition from wildcard87 to wildcard195
[DEBUG] Dynamically added transition from wildcard86 to wildcard195
[DEBUG] Dynamically added transition from wildcard85 to wildcard195
[DEBUG] Dynamically added transition from wildcard84 to wildcard195
[DEBUG] Dynamically added transition from wildcard83 to wildcard195
[DEBUG] Dynamically added transition from wildcard82 to wildcard195
[DEBUG] Dynamically added transition from wildcard81 to wildcard195
[DEBUG] Dynamically added transition from wildcard80 to wildcard195
[DEBUG] Dynamically added transition from wildcard99 to wildcard195
[DEBUG] Dynamically added transition from wildcard98 to wildcard195
[DEBUG] Dynamically added transition from wildcard97 to wildcard195
[DEBUG] Dynamically added transition from wildcard96 to wildcard195
[DEBUG] Dynamically added transition from wildcard95 to wildcard195
[DEBUG] Dynamically added transition from wildcard94 to wildcard195
[DEBUG] Dynamically added transition from wildcard93 to wildcard195
[DEBUG] Dynamically added transition from wildcard92 to wildcard195
[DEBUG] Dynamically added transition from wildcard91 to wildcard195
[DEBUG] Dynamically added transition from wildcard90 to wildcard195
[DEBUG] Dynamically added transition from wildcard195 to wildcard27
[DEBUG] Dynamically added transition from wildcard195 to wildcard26
[DEBUG] Dynamically added transition from wildcard195 to wildcard25
[DEBUG] Dynamically added transition from wildcard195 to wildcard24
[DEBUG] Dynamically added transition from wildcard195 to wildcard23
[DEBUG] Dynamically added transition from wildcard195 to wildcard22
[DEBUG] Dynamically added transition from wildcard195 to wildcard21
[DEBUG] Dynamically added transition from wildcard195 to wildcard20
[DEBUG] Dynamically added transition from wildcard195 to wildcard143
[DEBUG] Dynamically added transition from wildcard195 to wildcard144
[DEBUG] Dynamically added transition from wildcard195 to wildcard141
[DEBUG] Dynamically added transition from wildcard195 to wildcard142
[DEBUG] Dynamically added transition from wildcard195 to wildcard140
[DEBUG] Dynamically added transition from wildcard195 to wildcard149
[DEBUG] Dynamically added transition from wildcard195 to wildcard147
[DEBUG] Dynamically added transition from wildcard195 to wildcard19
[DEBUG] Dynamically added transition from wildcard195 to wildcard148
[DEBUG] Dynamically added transition from wildcard195 to wildcard18
[DEBUG] Dynamically added transition from wildcard195 to wildcard145
[DEBUG] Dynamically added transition from wildcard195 to wildcard17
[DEBUG] Dynamically added transition from wildcard195 to wildcard146
[DEBUG] Dynamically added transition from wildcard195 to wildcard38
[DEBUG] Dynamically added transition from wildcard195 to wildcard37
[DEBUG] Dynamically added transition from wildcard195 to wildcard36
[DEBUG] Dynamically added transition from wildcard195 to wildcard35
[DEBUG] Dynamically added transition from wildcard195 to wildcard34
[DEBUG] Dynamically added transition from wildcard195 to wildcard33
[DEBUG] Dynamically added transition from wildcard195 to wildcard32
[DEBUG] Dynamically added transition from wildcard195 to wildcard31
[DEBUG] Dynamically added transition from wildcard195 to wildcard30
[DEBUG] Dynamically added transition from wildcard195 to wildcard154
[DEBUG] Dynamically added transition from wildcard195 to wildcard155
[DEBUG] Dynamically added transition from wildcard195 to wildcard152
[DEBUG] Dynamically added transition from wildcard195 to wildcard153
[DEBUG] Dynamically added transition from wildcard195 to wildcard150
[DEBUG] Dynamically added transition from wildcard195 to wildcard151
[DEBUG] Dynamically added transition from wildcard195 to wildcard158
[DEBUG] Dynamically added transition from wildcard195 to wildcard159
[DEBUG] Dynamically added transition from wildcard195 to wildcard29
[DEBUG] Dynamically added transition from wildcard195 to wildcard156
[DEBUG] Dynamically added transition from wildcard195 to wildcard28
[DEBUG] Dynamically added transition from wildcard195 to wildcard157
[DEBUG] Dynamically added transition from wildcard195 to wildcard49
[DEBUG] Dynamically added transition from wildcard195 to wildcard48
[DEBUG] Dynamically added transition from wildcard195 to wildcard47
[DEBUG] Dynamically added transition from wildcard195 to wildcard46
[DEBUG] Dynamically added transition from wildcard195 to wildcard45
[DEBUG] Dynamically added transition from wildcard195 to wildcard44
[DEBUG] Dynamically added transition from wildcard195 to wildcard43
[DEBUG] Dynamically added transition from wildcard195 to wildcard42
[DEBUG] Dynamically added transition from wildcard195 to wildcard41
[DEBUG] Dynamically added transition from wildcard195 to wildcard40
[DEBUG] Dynamically added transition from wildcard195 to wildcard121
[DEBUG] Dynamically added transition from wildcard195 to wildcard122
[DEBUG] Dynamically added transition from wildcard195 to wildcard120
[DEBUG] Dynamically added transition from wildcard195 to wildcard129
[DEBUG] Dynamically added transition from wildcard195 to wildcard127
[DEBUG] Dynamically added transition from wildcard195 to wildcard128
[DEBUG] Dynamically added transition from wildcard195 to wildcard125
[DEBUG] Dynamically added transition from wildcard195 to wildcard126
[DEBUG] Dynamically added transition from wildcard195 to wildcard123
[DEBUG] Dynamically added transition from wildcard195 to wildcard39
[DEBUG] Dynamically added transition from wildcard195 to wildcard124
[DEBUG] Dynamically added transition from wildcard195 to wildcard59
[DEBUG] Dynamically added transition from wildcard195 to wildcard58
[DEBUG] Dynamically added transition from wildcard195 to middle
[DEBUG] Dynamically added transition from wildcard195 to wildcard57
[DEBUG] Dynamically added transition from wildcard195 to wildcard56
[DEBUG] Dynamically added transition from wildcard195 to wildcard55
[DEBUG] Dynamically added transition from wildcard195 to wildcard54
[DEBUG] Dynamically added transition from wildcard195 to wildcard53
[DEBUG] Dynamically added transition from wildcard195 to wildcard52
[DEBUG] Dynamically added transition from wildcard195 to wildcard51
[DEBUG] Dynamically added transition from wildcard195 to wildcard50
[DEBUG] Dynamically added transition from wildcard195 to wildcard132
[DEBUG] Dynamically added transition from wildcard195 to wildcard133
[DEBUG] Dynamically added transition from wildcard195 to wildcard130
[DEBUG] Dynamically added transition from wildcard195 to wildcard131
[DEBUG] Dynamically added transition from wildcard195 to wildcard138
[DEBUG] Dynamically added transition from wildcard195 to wildcard139
[DEBUG] Dynamically added transition from wildcard195 to wildcard136
[DEBUG] Dynamically added transition from wildcard195 to wildcard137
[DEBUG] Dynamically added transition from wildcard195 to wildcard134
[DEBUG] Dynamically added transition from wildcard195 to wildcard135
[DEBUG] Dynamically added transition from wildcard195 to wildcard180
[DEBUG] Dynamically added transition from wildcard195 to wildcard187
[DEBUG] Dynamically added transition from wildcard195 to wildcard188
[DEBUG] Dynamically added transition from wildcard195 to wildcard185
[DEBUG] Dynamically added transition from wildcard195 to wildcard186
[DEBUG] Dynamically added transition from wildcard195 to wildcard183
[DEBUG] Dynamically added transition from wildcard195 to wildcard184
[DEBUG] Dynamically added transition from wildcard195 to wildcard181
[DEBUG] Dynamically added transition from wildcard195 to wildcard182
[DEBUG] Dynamically added transition from wildcard195 to wildcard189
[DEBUG] Dynamically added transition from wildcard195 to wildcard190
[DEBUG] Dynamically added transition from wildcard195 to wildcard191
[DEBUG] Dynamically added transition from wildcard195 to wildcard194
[DEBUG] Dynamically added transition from wildcard195 to wildcard195
[DEBUG] Dynamically added transition from wildcard195 to wildcard192
[DEBUG] Dynamically added transition from wildcard195 to wildcard193
[DEBUG] Dynamically added transition from wildcard195 to wildcard165
[DEBUG] Dynamically added transition from wildcard195 to wildcard166
[DEBUG] Dynamically added transition from wildcard195 to wildcard163
[DEBUG] Dynamically added transition from wildcard195 to wildcard164
[DEBUG] Dynamically added transition from wildcard195 to wildcard161
[DEBUG] Dynamically added transition from wildcard195 to wildcard162
[DEBUG] Dynamically added transition from wildcard195 to wildcard160
[DEBUG] Dynamically added transition from wildcard195 to end
[DEBUG] Dynamically added transition from wildcard195 to wildcard169
[DEBUG] Dynamically added transition from wildcard195 to wildcard167
[DEBUG] Dynamically added transition from wildcard195 to wildcard168
[DEBUG] Dynamically added transition from wildcard195 to wildcard16
[DEBUG] Dynamically added transition from wildcard195 to wildcard15
[DEBUG] Dynamically added transition from wildcard195 to wildcard14
[DEBUG] Dynamically added transition from wildcard195 to wildcard13
[DEBUG] Dynamically added transition from wildcard195 to wildcard12
[DEBUG] Dynamically added transition from wildcard195 to wildcard11
[DEBUG] Dynamically added transition from wildcard195 to wildcard10
[DEBUG] Dynamically added transition from wildcard195 to start
[DEBUG] Dynamically added transition from wildcard195 to wildcard176
[DEBUG] Dynamically added transition from wildcard195 to wildcard177
[DEBUG] Dynamically added transition from wildcard195 to wildcard174
[DEBUG] Dynamically added transition from wildcard195 to wildcard175
[DEBUG] Dynamically added transition from wildcard195 to wildcard172
[DEBUG] Dynamically added transition from wildcard195 to wildcard173
[DEBUG] Dynamically added transition from wildcard195 to wildcard170
[DEBUG] Dynamically added transition from wildcard195 to wildcard171
[DEBUG] Dynamically added transition from wildcard195 to wildcard178
[DEBUG] Dynamically added transition from wildcard195 to wildcard179
[DEBUG] Dynamically added transition from wildcard195 to wildcard1
[DEBUG] Dynamically added transition from wildcard195 to wildcard0
[DEBUG] Dynamically added transition from wildcard195 to wildcard3
[DEBUG] Dynamically added transition from wildcard195 to wildcard2
[DEBUG] Dynamically added transition from wildcard195 to wildcard5
[DEBUG] Dynamically added transition from wildcard195 to wildcard4
[DEBUG] Dynamically added transition from wildcard195 to wildcard7
[DEBUG] Dynamically added transition from wildcard195 to wildcard6
[DEBUG] Dynamically added transition from wildcard195 to wildcard9
[DEBUG] Dynamically added transition from wildcard195 to wildcard8
[DEBUG] Dynamically added transition from wildcard195 to wildcard69
[DEBUG] Dynamically added transition from wildcard195 to wildcard68
[DEBUG] Dynamically added transition from wildcard195 to wildcard67
[DEBUG] Dynamically added transition from wildcard195 to wildcard66
[DEBUG] Dynamically added transition from wildcard195 to wildcard65
[DEBUG] Dynamically added transition from wildcard195 to wildcard64
[DEBUG] Dynamically added transition from wildcard195 to wildcard63
[DEBUG] Dynamically added transition from wildcard195 to wildcard62
[DEBUG] Dynamically added transition from wildcard195 to wildcard61
[DEBUG] Dynamically added transition from wildcard195 to wildcard60
[DEBUG] Dynamically added transition from wildcard195 to wildcard100
[DEBUG] Dynamically added transition from wildcard195 to wildcard107
[DEBUG] Dynamically added transition from wildcard195 to wildcard108
[DEBUG] Dynamically added transition from wildcard195 to wildcard105
[DEBUG] Dynamically added transition from wildcard195 to wildcard106
[DEBUG] Dynamically added transition from wildcard195 to wildcard103
[DEBUG] Dynamically added transition from wildcard195 to wildcard104
[DEBUG] Dynamically added transition from wildcard195 to wildcard101
[DEBUG] Dynamically added transition from wildcard195 to wildcard102
[DEBUG] Dynamically added transition from wildcard195 to wildcard79
[DEBUG] Dynamically added transition from wildcard195 to wildcard78
[DEBUG] Dynamically added transition from wildcard195 to wildcard77
[DEBUG] Dynamically added transition from wildcard195 to wildcard76
[DEBUG] Dynamically added transition from wildcard195 to wildcard109
[DEBUG] Dynamically added transition from wildcard195 to wildcard75
[DEBUG] Dynamically added transition from wildcard195 to wildcard74
[DEBUG] Dynamically added transition from wildcard195 to wildcard73
[DEBUG] Dynamically added transition from wildcard195 to wildcard72
[DEBUG] Dynamically added transition from wildcard195 to wildcard71
[DEBUG] Dynamically added transition from wildcard195 to wildcard70
[DEBUG] Dynamically added transition from wildcard195 to wildcard110
[DEBUG] Dynamically added transition from wildcard195 to wildcard111
[DEBUG] Dynamically added transition from wildcard195 to wildcard118
[DEBUG] Dynamically added transition from wildcard195 to wildcard119
[DEBUG] Dynamically added transition from wildcard195 to wildcard116
[DEBUG] Dynamically added transition from wildcard195 to wildcard117
[DEBUG] Dynamically added transition from wildcard195 to .*
[DEBUG] Dynamically added transition from wildcard195 to wildcard114
[DEBUG] Dynamically added transition from wildcard195 to wildcard115
[DEBUG] Dynamically added transition from wildcard195 to wildcard112
[DEBUG] Dynamically added transition from wildcard195 to wildcard113
[DEBUG] Dynamically added transition from wildcard195 to wildcard89
[DEBUG] Dynamically added transition from wildcard195 to wildcard88
[DEBUG] Dynamically added transition from wildcard195 to wildcard87
[DEBUG] Dynamically added transition from wildcard195 to wildcard86
[DEBUG] Dynamically added transition from wildcard195 to INITIAL
[DEBUG] Dynamically added transition from wildcard195 to wildcard85
[DEBUG] Dynamically added transition from wildcard195 to wildcard84
[DEBUG] Dynamically added transition from wildcard195 to wildcard83
[DEBUG] Dynamically added transition from wildcard195 to wildcard82
[DEBUG] Dynamically added transition from wildcard195 to wildcard81
[DEBUG] Dynamically added transition from wildcard195 to wildcard80
[DEBUG] Dynamically added transition from wildcard195 to wildcard99
[DEBUG] Dynamically added transition from wildcard195 to wildcard98
[DEBUG] Dynamically added transition from wildcard195 to wildcard97
[DEBUG] Dynamically added transition from wildcard195 to wildcard96
[DEBUG] Dynamically added transition from wildcard195 to wildcard95
[DEBUG] Dynamically added transition from wildcard195 to wildcard94
[DEBUG] Dynamically added transition from wildcard195 to wildcard93
[DEBUG] Dynamically added transition from wildcard195 to wildcard92
[DEBUG] Dynamically added transition from wildcard195 to wildcard91
[DEBUG] Dynamically added transition from wildcard195 to wildcard90
[INFO] Wildcard transition valid to state: wildcard195
[INFO] Wildcard transition detected from wildcard195 to wildcard196
[DEBUG] Created intermediate state for wildcard transition: wildcard196
[DEBUG] Dynamically added transition from wildcard195 to wildcard196
[DEBUG] Dynamically added transition from wildcard27 to wildcard196
[DEBUG] Dynamically added transition from wildcard26 to wildcard196
[DEBUG] Dynamically added transition from wildcard25 to wildcard196
[DEBUG] Dynamically added transition from wildcard24 to wildcard196
[DEBUG] Dynamically added transition from wildcard23 to wildcard196
[DEBUG] Dynamically added transition from wildcard22 to wildcard196
[DEBUG] Dynamically added transition from wildcard21 to wildcard196
[DEBUG] Dynamically added transition from wildcard20 to wildcard196
[DEBUG] Dynamically added transition from wildcard143 to wildcard196
[DEBUG] Dynamically added transition from wildcard144 to wildcard196
[DEBUG] Dynamically added transition from wildcard141 to wildcard196
[DEBUG] Dynamically added transition from wildcard142 to wildcard196
[DEBUG] Dynamically added transition from wildcard140 to wildcard196
[DEBUG] Dynamically added transition from wildcard149 to wildcard196
[DEBUG] Dynamically added transition from wildcard147 to wildcard196
[DEBUG] Dynamically added transition from wildcard19 to wildcard196
[DEBUG] Dynamically added transition from wildcard148 to wildcard196
[DEBUG] Dynamically added transition from wildcard18 to wildcard196
[DEBUG] Dynamically added transition from wildcard145 to wildcard196
[DEBUG] Dynamically added transition from wildcard17 to wildcard196
[DEBUG] Dynamically added transition from wildcard146 to wildcard196
[DEBUG] Dynamically added transition from wildcard38 to wildcard196
[DEBUG] Dynamically added transition from wildcard37 to wildcard196
[DEBUG] Dynamically added transition from wildcard36 to wildcard196
[DEBUG] Dynamically added transition from wildcard35 to wildcard196
[DEBUG] Dynamically added transition from wildcard34 to wildcard196
[DEBUG] Dynamically added transition from wildcard33 to wildcard196
[DEBUG] Dynamically added transition from wildcard32 to wildcard196
[DEBUG] Dynamically added transition from wildcard31 to wildcard196
[DEBUG] Dynamically added transition from wildcard30 to wildcard196
[DEBUG] Dynamically added transition from wildcard154 to wildcard196
[DEBUG] Dynamically added transition from wildcard155 to wildcard196
[DEBUG] Dynamically added transition from wildcard152 to wildcard196
[DEBUG] Dynamically added transition from wildcard153 to wildcard196
[DEBUG] Dynamically added transition from wildcard150 to wildcard196
[DEBUG] Dynamically added transition from wildcard151 to wildcard196
[DEBUG] Dynamically added transition from wildcard158 to wildcard196
[DEBUG] Dynamically added transition from wildcard159 to wildcard196
[DEBUG] Dynamically added transition from wildcard29 to wildcard196
[DEBUG] Dynamically added transition from wildcard156 to wildcard196
[DEBUG] Dynamically added transition from wildcard28 to wildcard196
[DEBUG] Dynamically added transition from wildcard157 to wildcard196
[DEBUG] Dynamically added transition from wildcard49 to wildcard196
[DEBUG] Dynamically added transition from wildcard48 to wildcard196
[DEBUG] Dynamically added transition from wildcard47 to wildcard196
[DEBUG] Dynamically added transition from wildcard46 to wildcard196
[DEBUG] Dynamically added transition from wildcard45 to wildcard196
[DEBUG] Dynamically added transition from wildcard44 to wildcard196
[DEBUG] Dynamically added transition from wildcard43 to wildcard196
[DEBUG] Dynamically added transition from wildcard42 to wildcard196
[DEBUG] Dynamically added transition from wildcard41 to wildcard196
[DEBUG] Dynamically added transition from wildcard40 to wildcard196
[DEBUG] Dynamically added transition from wildcard121 to wildcard196
[DEBUG] Dynamically added transition from wildcard122 to wildcard196
[DEBUG] Dynamically added transition from wildcard120 to wildcard196
[DEBUG] Dynamically added transition from wildcard129 to wildcard196
[DEBUG] Dynamically added transition from wildcard127 to wildcard196
[DEBUG] Dynamically added transition from wildcard128 to wildcard196
[DEBUG] Dynamically added transition from wildcard125 to wildcard196
[DEBUG] Dynamically added transition from wildcard126 to wildcard196
[DEBUG] Dynamically added transition from wildcard123 to wildcard196
[DEBUG] Dynamically added transition from wildcard39 to wildcard196
[DEBUG] Dynamically added transition from wildcard124 to wildcard196
[DEBUG] Dynamically added transition from wildcard59 to wildcard196
[DEBUG] Dynamically added transition from wildcard58 to wildcard196
[DEBUG] Dynamically added transition from middle to wildcard196
[DEBUG] Dynamically added transition from wildcard57 to wildcard196
[DEBUG] Dynamically added transition from wildcard56 to wildcard196
[DEBUG] Dynamically added transition from wildcard55 to wildcard196
[DEBUG] Dynamically added transition from wildcard54 to wildcard196
[DEBUG] Dynamically added transition from wildcard53 to wildcard196
[DEBUG] Dynamically added transition from wildcard52 to wildcard196
[DEBUG] Dynamically added transition from wildcard51 to wildcard196
[DEBUG] Dynamically added transition from wildcard50 to wildcard196
[DEBUG] Dynamically added transition from wildcard132 to wildcard196
[DEBUG] Dynamically added transition from wildcard133 to wildcard196
[DEBUG] Dynamically added transition from wildcard130 to wildcard196
[DEBUG] Dynamically added transition from wildcard131 to wildcard196
[DEBUG] Dynamically added transition from wildcard138 to wildcard196
[DEBUG] Dynamically added transition from wildcard139 to wildcard196
[DEBUG] Dynamically added transition from wildcard136 to wildcard196
[DEBUG] Dynamically added transition from wildcard137 to wildcard196
[DEBUG] Dynamically added transition from wildcard134 to wildcard196
[DEBUG] Dynamically added transition from wildcard135 to wildcard196
[DEBUG] Dynamically added transition from wildcard180 to wildcard196
[DEBUG] Dynamically added transition from wildcard187 to wildcard196
[DEBUG] Dynamically added transition from wildcard188 to wildcard196
[DEBUG] Dynamically added transition from wildcard185 to wildcard196
[DEBUG] Dynamically added transition from wildcard186 to wildcard196
[DEBUG] Dynamically added transition from wildcard183 to wildcard196
[DEBUG] Dynamically added transition from wildcard184 to wildcard196
[DEBUG] Dynamically added transition from wildcard181 to wildcard196
[DEBUG] Dynamically added transition from wildcard182 to wildcard196
[DEBUG] Dynamically added transition from wildcard189 to wildcard196
[DEBUG] Dynamically added transition from wildcard190 to wildcard196
[DEBUG] Dynamically added transition from wildcard191 to wildcard196
[DEBUG] Dynamically added transition from wildcard194 to wildcard196
[DEBUG] Dynamically added transition from wildcard192 to wildcard196
[DEBUG] Dynamically added transition from wildcard193 to wildcard196
[DEBUG] Dynamically added transition from wildcard165 to wildcard196
[DEBUG] Dynamically added transition from wildcard166 to wildcard196
[DEBUG] Dynamically added transition from wildcard163 to wildcard196
[DEBUG] Dynamically added transition from wildcard164 to wildcard196
[DEBUG] Dynamically added transition from wildcard161 to wildcard196
[DEBUG] Dynamically added transition from wildcard162 to wildcard196
[DEBUG] Dynamically added transition from wildcard160 to wildcard196
[DEBUG] Dynamically added transition from wildcard169 to wildcard196
[DEBUG] Dynamically added transition from wildcard167 to wildcard196
[DEBUG] Dynamically added transition from wildcard168 to wildcard196
[DEBUG] Dynamically added transition from wildcard16 to wildcard196
[DEBUG] Dynamically added transition from wildcard15 to wildcard196
[DEBUG] Dynamically added transition from wildcard14 to wildcard196
[DEBUG] Dynamically added transition from wildcard13 to wildcard196
[DEBUG] Dynamically added transition from wildcard12 to wildcard196
[DEBUG] Dynamically added transition from wildcard11 to wildcard196
[DEBUG] Dynamically added transition from wildcard10 to wildcard196
[DEBUG] Dynamically added transition from start to wildcard196
[DEBUG] Dynamically added transition from wildcard176 to wildcard196
[DEBUG] Dynamically added transition from wildcard177 to wildcard196
[DEBUG] Dynamically added transition from wildcard174 to wildcard196
[DEBUG] Dynamically added transition from wildcard175 to wildcard196
[DEBUG] Dynamically added transition from wildcard172 to wildcard196
[DEBUG] Dynamically added transition from wildcard173 to wildcard196
[DEBUG] Dynamically added transition from wildcard170 to wildcard196
[DEBUG] Dynamically added transition from wildcard171 to wildcard196
[DEBUG] Dynamically added transition from wildcard178 to wildcard196
[DEBUG] Dynamically added transition from wildcard179 to wildcard196
[DEBUG] Dynamically added transition from wildcard1 to wildcard196
[DEBUG] Dynamically added transition from wildcard0 to wildcard196
[DEBUG] Dynamically added transition from wildcard3 to wildcard196
[DEBUG] Dynamically added transition from wildcard2 to wildcard196
[DEBUG] Dynamically added transition from wildcard5 to wildcard196
[DEBUG] Dynamically added transition from wildcard4 to wildcard196
[DEBUG] Dynamically added transition from wildcard7 to wildcard196
[DEBUG] Dynamically added transition from wildcard6 to wildcard196
[DEBUG] Dynamically added transition from wildcard9 to wildcard196
[DEBUG] Dynamically added transition from wildcard8 to wildcard196
[DEBUG] Dynamically added transition from wildcard69 to wildcard196
[DEBUG] Dynamically added transition from wildcard68 to wildcard196
[DEBUG] Dynamically added transition from wildcard67 to wildcard196
[DEBUG] Dynamically added transition from wildcard66 to wildcard196
[DEBUG] Dynamically added transition from wildcard65 to wildcard196
[DEBUG] Dynamically added transition from wildcard64 to wildcard196
[DEBUG] Dynamically added transition from wildcard63 to wildcard196
[DEBUG] Dynamically added transition from wildcard62 to wildcard196
[DEBUG] Dynamically added transition from wildcard61 to wildcard196
[DEBUG] Dynamically added transition from wildcard60 to wildcard196
[DEBUG] Dynamically added transition from wildcard100 to wildcard196
[DEBUG] Dynamically added transition from wildcard107 to wildcard196
[DEBUG] Dynamically added transition from wildcard108 to wildcard196
[DEBUG] Dynamically added transition from wildcard105 to wildcard196
[DEBUG] Dynamically added transition from wildcard106 to wildcard196
[DEBUG] Dynamically added transition from wildcard103 to wildcard196
[DEBUG] Dynamically added transition from wildcard104 to wildcard196
[DEBUG] Dynamically added transition from wildcard101 to wildcard196
[DEBUG] Dynamically added transition from wildcard102 to wildcard196
[DEBUG] Dynamically added transition from wildcard79 to wildcard196
[DEBUG] Dynamically added transition from wildcard78 to wildcard196
[DEBUG] Dynamically added transition from wildcard77 to wildcard196
[DEBUG] Dynamically added transition from wildcard76 to wildcard196
[DEBUG] Dynamically added transition from wildcard109 to wildcard196
[DEBUG] Dynamically added transition from wildcard75 to wildcard196
[DEBUG] Dynamically added transition from wildcard74 to wildcard196
[DEBUG] Dynamically added transition from wildcard73 to wildcard196
[DEBUG] Dynamically added transition from wildcard72 to wildcard196
[DEBUG] Dynamically added transition from wildcard71 to wildcard196
[DEBUG] Dynamically added transition from wildcard70 to wildcard196
[DEBUG] Dynamically added transition from wildcard110 to wildcard196
[DEBUG] Dynamically added transition from wildcard111 to wildcard196
[DEBUG] Dynamically added transition from wildcard118 to wildcard196
[DEBUG] Dynamically added transition from wildcard119 to wildcard196
[DEBUG] Dynamically added transition from wildcard116 to wildcard196
[DEBUG] Dynamically added transition from wildcard117 to wildcard196
[DEBUG] Dynamically added transition from wildcard114 to wildcard196
[DEBUG] Dynamically added transition from wildcard115 to wildcard196
[DEBUG] Dynamically added transition from wildcard112 to wildcard196
[DEBUG] Dynamically added transition from wildcard113 to wildcard196
[DEBUG] Dynamically added transition from wildcard89 to wildcard196
[DEBUG] Dynamically added transition from wildcard88 to wildcard196
[DEBUG] Dynamically added transition from wildcard87 to wildcard196
[DEBUG] Dynamically added transition from wildcard86 to wildcard196
[DEBUG] Dynamically added transition from wildcard85 to wildcard196
[DEBUG] Dynamically added transition from wildcard84 to wildcard196
[DEBUG] Dynamically added transition from wildcard83 to wildcard196
[DEBUG] Dynamically added transition from wildcard82 to wildcard196
[DEBUG] Dynamically added transition from wildcard81 to wildcard196
[DEBUG] Dynamically added transition from wildcard80 to wildcard196
[DEBUG] Dynamically added transition from wildcard99 to wildcard196
[DEBUG] Dynamically added transition from wildcard98 to wildcard196
[DEBUG] Dynamically added transition from wildcard97 to wildcard196
[DEBUG] Dynamically added transition from wildcard96 to wildcard196
[DEBUG] Dynamically added transition from wildcard95 to wildcard196
[DEBUG] Dynamically added transition from wildcard94 to wildcard196
[DEBUG] Dynamically added transition from wildcard93 to wildcard196
[DEBUG] Dynamically added transition from wildcard92 to wildcard196
[DEBUG] Dynamically added transition from wildcard91 to wildcard196
[DEBUG] Dynamically added transition from wildcard90 to wildcard196
[DEBUG] Dynamically added transition from wildcard196 to wildcard27
[DEBUG] Dynamically added transition from wildcard196 to wildcard26
[DEBUG] Dynamically added transition from wildcard196 to wildcard25
[DEBUG] Dynamically added transition from wildcard196 to wildcard24
[DEBUG] Dynamically added transition from wildcard196 to wildcard23
[DEBUG] Dynamically added transition from wildcard196 to wildcard22
[DEBUG] Dynamically added transition from wildcard196 to wildcard21
[DEBUG] Dynamically added transition from wildcard196 to wildcard20
[DEBUG] Dynamically added transition from wildcard196 to wildcard143
[DEBUG] Dynamically added transition from wildcard196 to wildcard144
[DEBUG] Dynamically added transition from wildcard196 to wildcard141
[DEBUG] Dynamically added transition from wildcard196 to wildcard142
[DEBUG] Dynamically added transition from wildcard196 to wildcard140
[DEBUG] Dynamically added transition from wildcard196 to wildcard149
[DEBUG] Dynamically added transition from wildcard196 to wildcard147
[DEBUG] Dynamically added transition from wildcard196 to wildcard19
[DEBUG] Dynamically added transition from wildcard196 to wildcard148
[DEBUG] Dynamically added transition from wildcard196 to wildcard18
[DEBUG] Dynamically added transition from wildcard196 to wildcard145
[DEBUG] Dynamically added transition from wildcard196 to wildcard17
[DEBUG] Dynamically added transition from wildcard196 to wildcard146
[DEBUG] Dynamically added transition from wildcard196 to wildcard38
[DEBUG] Dynamically added transition from wildcard196 to wildcard37
[DEBUG] Dynamically added transition from wildcard196 to wildcard36
[DEBUG] Dynamically added transition from wildcard196 to wildcard35
[DEBUG] Dynamically added transition from wildcard196 to wildcard34
[DEBUG] Dynamically added transition from wildcard196 to wildcard33
[DEBUG] Dynamically added transition from wildcard196 to wildcard32
[DEBUG] Dynamically added transition from wildcard196 to wildcard31
[DEBUG] Dynamically added transition from wildcard196 to wildcard30
[DEBUG] Dynamically added transition from wildcard196 to wildcard154
[DEBUG] Dynamically added transition from wildcard196 to wildcard155
[DEBUG] Dynamically added transition from wildcard196 to wildcard152
[DEBUG] Dynamically added transition from wildcard196 to wildcard153
[DEBUG] Dynamically added transition from wildcard196 to wildcard150
[DEBUG] Dynamically added transition from wildcard196 to wildcard151
[DEBUG] Dynamically added transition from wildcard196 to wildcard158
[DEBUG] Dynamically added transition from wildcard196 to wildcard159
[DEBUG] Dynamically added transition from wildcard196 to wildcard29
[DEBUG] Dynamically added transition from wildcard196 to wildcard156
[DEBUG] Dynamically added transition from wildcard196 to wildcard28
[DEBUG] Dynamically added transition from wildcard196 to wildcard157
[DEBUG] Dynamically added transition from wildcard196 to wildcard49
[DEBUG] Dynamically added transition from wildcard196 to wildcard48
[DEBUG] Dynamically added transition from wildcard196 to wildcard47
[DEBUG] Dynamically added transition from wildcard196 to wildcard46
[DEBUG] Dynamically added transition from wildcard196 to wildcard45
[DEBUG] Dynamically added transition from wildcard196 to wildcard44
[DEBUG] Dynamically added transition from wildcard196 to wildcard43
[DEBUG] Dynamically added transition from wildcard196 to wildcard42
[DEBUG] Dynamically added transition from wildcard196 to wildcard41
[DEBUG] Dynamically added transition from wildcard196 to wildcard40
[DEBUG] Dynamically added transition from wildcard196 to wildcard121
[DEBUG] Dynamically added transition from wildcard196 to wildcard122
[DEBUG] Dynamically added transition from wildcard196 to wildcard120
[DEBUG] Dynamically added transition from wildcard196 to wildcard129
[DEBUG] Dynamically added transition from wildcard196 to wildcard127
[DEBUG] Dynamically added transition from wildcard196 to wildcard128
[DEBUG] Dynamically added transition from wildcard196 to wildcard125
[DEBUG] Dynamically added transition from wildcard196 to wildcard126
[DEBUG] Dynamically added transition from wildcard196 to wildcard123
[DEBUG] Dynamically added transition from wildcard196 to wildcard39
[DEBUG] Dynamically added transition from wildcard196 to wildcard124
[DEBUG] Dynamically added transition from wildcard196 to wildcard59
[DEBUG] Dynamically added transition from wildcard196 to wildcard58
[DEBUG] Dynamically added transition from wildcard196 to middle
[DEBUG] Dynamically added transition from wildcard196 to wildcard57
[DEBUG] Dynamically added transition from wildcard196 to wildcard56
[DEBUG] Dynamically added transition from wildcard196 to wildcard55
[DEBUG] Dynamically added transition from wildcard196 to wildcard54
[DEBUG] Dynamically added transition from wildcard196 to wildcard53
[DEBUG] Dynamically added transition from wildcard196 to wildcard52
[DEBUG] Dynamically added transition from wildcard196 to wildcard51
[DEBUG] Dynamically added transition from wildcard196 to wildcard50
[DEBUG] Dynamically added transition from wildcard196 to wildcard132
[DEBUG] Dynamically added transition from wildcard196 to wildcard133
[DEBUG] Dynamically added transition from wildcard196 to wildcard130
[DEBUG] Dynamically added transition from wildcard196 to wildcard131
[DEBUG] Dynamically added transition from wildcard196 to wildcard138
[DEBUG] Dynamically added transition from wildcard196 to wildcard139
[DEBUG] Dynamically added transition from wildcard196 to wildcard136
[DEBUG] Dynamically added transition from wildcard196 to wildcard137
[DEBUG] Dynamically added transition from wildcard196 to wildcard134
[DEBUG] Dynamically added transition from wildcard196 to wildcard135
[DEBUG] Dynamically added transition from wildcard196 to wildcard180
[DEBUG] Dynamically added transition from wildcard196 to wildcard187
[DEBUG] Dynamically added transition from wildcard196 to wildcard188
[DEBUG] Dynamically added transition from wildcard196 to wildcard185
[DEBUG] Dynamically added transition from wildcard196 to wildcard186
[DEBUG] Dynamically added transition from wildcard196 to wildcard183
[DEBUG] Dynamically added transition from wildcard196 to wildcard184
[DEBUG] Dynamically added transition from wildcard196 to wildcard181
[DEBUG] Dynamically added transition from wildcard196 to wildcard182
[DEBUG] Dynamically added transition from wildcard196 to wildcard189
[DEBUG] Dynamically added transition from wildcard196 to wildcard190
[DEBUG] Dynamically added transition from wildcard196 to wildcard191
[DEBUG] Dynamically added transition from wildcard196 to wildcard196
[DEBUG] Dynamically added transition from wildcard196 to wildcard194
[DEBUG] Dynamically added transition from wildcard196 to wildcard195
[DEBUG] Dynamically added transition from wildcard196 to wildcard192
[DEBUG] Dynamically added transition from wildcard196 to wildcard193
[DEBUG] Dynamically added transition from wildcard196 to wildcard165
[DEBUG] Dynamically added transition from wildcard196 to wildcard166
[DEBUG] Dynamically added transition from wildcard196 to wildcard163
[DEBUG] Dynamically added transition from wildcard196 to wildcard164
[DEBUG] Dynamically added transition from wildcard196 to wildcard161
[DEBUG] Dynamically added transition from wildcard196 to wildcard162
[DEBUG] Dynamically added transition from wildcard196 to wildcard160
[DEBUG] Dynamically added transition from wildcard196 to end
[DEBUG] Dynamically added transition from wildcard196 to wildcard169
[DEBUG] Dynamically added transition from wildcard196 to wildcard167
[DEBUG] Dynamically added transition from wildcard196 to wildcard168
[DEBUG] Dynamically added transition from wildcard196 to wildcard16
[DEBUG] Dynamically added transition from wildcard196 to wildcard15
[DEBUG] Dynamically added transition from wildcard196 to wildcard14
[DEBUG] Dynamically added transition from wildcard196 to wildcard13
[DEBUG] Dynamically added transition from wildcard196 to wildcard12
[DEBUG] Dynamically added transition from wildcard196 to wildcard11
[DEBUG] Dynamically added transition from wildcard196 to wildcard10
[DEBUG] Dynamically added transition from wildcard196 to start
[DEBUG] Dynamically added transition from wildcard196 to wildcard176
[DEBUG] Dynamically added transition from wildcard196 to wildcard177
[DEBUG] Dynamically added transition from wildcard196 to wildcard174
[DEBUG] Dynamically added transition from wildcard196 to wildcard175
[DEBUG] Dynamically added transition from wildcard196 to wildcard172
[DEBUG] Dynamically added transition from wildcard196 to wildcard173
[DEBUG] Dynamically added transition from wildcard196 to wildcard170
[DEBUG] Dynamically added transition from wildcard196 to wildcard171
[DEBUG] Dynamically added transition from wildcard196 to wildcard178
[DEBUG] Dynamically added transition from wildcard196 to wildcard179
[DEBUG] Dynamically added transition from wildcard196 to wildcard1
[DEBUG] Dynamically added transition from wildcard196 to wildcard0
[DEBUG] Dynamically added transition from wildcard196 to wildcard3
[DEBUG] Dynamically added transition from wildcard196 to wildcard2
[DEBUG] Dynamically added transition from wildcard196 to wildcard5
[DEBUG] Dynamically added transition from wildcard196 to wildcard4
[DEBUG] Dynamically added transition from wildcard196 to wildcard7
[DEBUG] Dynamically added transition from wildcard196 to wildcard6
[DEBUG] Dynamically added transition from wildcard196 to wildcard9
[DEBUG] Dynamically added transition from wildcard196 to wildcard8
[DEBUG] Dynamically added transition from wildcard196 to wildcard69
[DEBUG] Dynamically added transition from wildcard196 to wildcard68
[DEBUG] Dynamically added transition from wildcard196 to wildcard67
[DEBUG] Dynamically added transition from wildcard196 to wildcard66
[DEBUG] Dynamically added transition from wildcard196 to wildcard65
[DEBUG] Dynamically added transition from wildcard196 to wildcard64
[DEBUG] Dynamically added transition from wildcard196 to wildcard63
[DEBUG] Dynamically added transition from wildcard196 to wildcard62
[DEBUG] Dynamically added transition from wildcard196 to wildcard61
[DEBUG] Dynamically added transition from wildcard196 to wildcard60
[DEBUG] Dynamically added transition from wildcard196 to wildcard100
[DEBUG] Dynamically added transition from wildcard196 to wildcard107
[DEBUG] Dynamically added transition from wildcard196 to wildcard108
[DEBUG] Dynamically added transition from wildcard196 to wildcard105
[DEBUG] Dynamically added transition from wildcard196 to wildcard106
[DEBUG] Dynamically added transition from wildcard196 to wildcard103
[DEBUG] Dynamically added transition from wildcard196 to wildcard104
[DEBUG] Dynamically added transition from wildcard196 to wildcard101
[DEBUG] Dynamically added transition from wildcard196 to wildcard102
[DEBUG] Dynamically added transition from wildcard196 to wildcard79
[DEBUG] Dynamically added transition from wildcard196 to wildcard78
[DEBUG] Dynamically added transition from wildcard196 to wildcard77
[DEBUG] Dynamically added transition from wildcard196 to wildcard76
[DEBUG] Dynamically added transition from wildcard196 to wildcard109
[DEBUG] Dynamically added transition from wildcard196 to wildcard75
[DEBUG] Dynamically added transition from wildcard196 to wildcard74
[DEBUG] Dynamically added transition from wildcard196 to wildcard73
[DEBUG] Dynamically added transition from wildcard196 to wildcard72
[DEBUG] Dynamically added transition from wildcard196 to wildcard71
[DEBUG] Dynamically added transition from wildcard196 to wildcard70
[DEBUG] Dynamically added transition from wildcard196 to wildcard110
[DEBUG] Dynamically added transition from wildcard196 to wildcard111
[DEBUG] Dynamically added transition from wildcard196 to wildcard118
[DEBUG] Dynamically added transition from wildcard196 to wildcard119
[DEBUG] Dynamically added transition from wildcard196 to wildcard116
[DEBUG] Dynamically added transition from wildcard196 to wildcard117
[DEBUG] Dynamically added transition from wildcard196 to .*
[DEBUG] Dynamically added transition from wildcard196 to wildcard114
[DEBUG] Dynamically added transition from wildcard196 to wildcard115
[DEBUG] Dynamically added transition from wildcard196 to wildcard112
[DEBUG] Dynamically added transition from wildcard196 to wildcard113
[DEBUG] Dynamically added transition from wildcard196 to wildcard89
[DEBUG] Dynamically added transition from wildcard196 to wildcard88
[DEBUG] Dynamically added transition from wildcard196 to wildcard87
[DEBUG] Dynamically added transition from wildcard196 to wildcard86
[DEBUG] Dynamically added transition from wildcard196 to INITIAL
[DEBUG] Dynamically added transition from wildcard196 to wildcard85
[DEBUG] Dynamically added transition from wildcard196 to wildcard84
[DEBUG] Dynamically added transition from wildcard196 to wildcard83
[DEBUG] Dynamically added transition from wildcard196 to wildcard82
[DEBUG] Dynamically added transition from wildcard196 to wildcard81
[DEBUG] Dynamically added transition from wildcard196 to wildcard80
[DEBUG] Dynamically added transition from wildcard196 to wildcard99
[DEBUG] Dynamically added transition from wildcard196 to wildcard98
[DEBUG] Dynamically added transition from wildcard196 to wildcard97
[DEBUG] Dynamically added transition from wildcard196 to wildcard96
[DEBUG] Dynamically added transition from wildcard196 to wildcard95
[DEBUG] Dynamically added transition from wildcard196 to wildcard94
[DEBUG] Dynamically added transition from wildcard196 to wildcard93
[DEBUG] Dynamically added transition from wildcard196 to wildcard92
[DEBUG] Dynamically added transition from wildcard196 to wildcard91
[DEBUG] Dynamically added transition from wildcard196 to wildcard90
[INFO] Wildcard transition valid to state: wildcard196
[INFO] Wildcard transition detected from wildcard196 to wildcard197
[DEBUG] Created intermediate state for wildcard transition: wildcard197
[DEBUG] Dynamically added transition from wildcard196 to wildcard197
[DEBUG] Dynamically added transition from wildcard27 to wildcard197
[DEBUG] Dynamically added transition from wildcard26 to wildcard197
[DEBUG] Dynamically added transition from wildcard25 to wildcard197
[DEBUG] Dynamically added transition from wildcard24 to wildcard197
[DEBUG] Dynamically added transition from wildcard23 to wildcard197
[DEBUG] Dynamically added transition from wildcard22 to wildcard197
[DEBUG] Dynamically added transition from wildcard21 to wildcard197
[DEBUG] Dynamically added transition from wildcard20 to wildcard197
[DEBUG] Dynamically added transition from wildcard143 to wildcard197
[DEBUG] Dynamically added transition from wildcard144 to wildcard197
[DEBUG] Dynamically added transition from wildcard141 to wildcard197
[DEBUG] Dynamically added transition from wildcard142 to wildcard197
[DEBUG] Dynamically added transition from wildcard140 to wildcard197
[DEBUG] Dynamically added transition from wildcard149 to wildcard197
[DEBUG] Dynamically added transition from wildcard147 to wildcard197
[DEBUG] Dynamically added transition from wildcard19 to wildcard197
[DEBUG] Dynamically added transition from wildcard148 to wildcard197
[DEBUG] Dynamically added transition from wildcard18 to wildcard197
[DEBUG] Dynamically added transition from wildcard145 to wildcard197
[DEBUG] Dynamically added transition from wildcard17 to wildcard197
[DEBUG] Dynamically added transition from wildcard146 to wildcard197
[DEBUG] Dynamically added transition from wildcard38 to wildcard197
[DEBUG] Dynamically added transition from wildcard37 to wildcard197
[DEBUG] Dynamically added transition from wildcard36 to wildcard197
[DEBUG] Dynamically added transition from wildcard35 to wildcard197
[DEBUG] Dynamically added transition from wildcard34 to wildcard197
[DEBUG] Dynamically added transition from wildcard33 to wildcard197
[DEBUG] Dynamically added transition from wildcard32 to wildcard197
[DEBUG] Dynamically added transition from wildcard31 to wildcard197
[DEBUG] Dynamically added transition from wildcard30 to wildcard197
[DEBUG] Dynamically added transition from wildcard154 to wildcard197
[DEBUG] Dynamically added transition from wildcard155 to wildcard197
[DEBUG] Dynamically added transition from wildcard152 to wildcard197
[DEBUG] Dynamically added transition from wildcard153 to wildcard197
[DEBUG] Dynamically added transition from wildcard150 to wildcard197
[DEBUG] Dynamically added transition from wildcard151 to wildcard197
[DEBUG] Dynamically added transition from wildcard158 to wildcard197
[DEBUG] Dynamically added transition from wildcard159 to wildcard197
[DEBUG] Dynamically added transition from wildcard29 to wildcard197
[DEBUG] Dynamically added transition from wildcard156 to wildcard197
[DEBUG] Dynamically added transition from wildcard28 to wildcard197
[DEBUG] Dynamically added transition from wildcard157 to wildcard197
[DEBUG] Dynamically added transition from wildcard49 to wildcard197
[DEBUG] Dynamically added transition from wildcard48 to wildcard197
[DEBUG] Dynamically added transition from wildcard47 to wildcard197
[DEBUG] Dynamically added transition from wildcard46 to wildcard197
[DEBUG] Dynamically added transition from wildcard45 to wildcard197
[DEBUG] Dynamically added transition from wildcard44 to wildcard197
[DEBUG] Dynamically added transition from wildcard43 to wildcard197
[DEBUG] Dynamically added transition from wildcard42 to wildcard197
[DEBUG] Dynamically added transition from wildcard41 to wildcard197
[DEBUG] Dynamically added transition from wildcard40 to wildcard197
[DEBUG] Dynamically added transition from wildcard121 to wildcard197
[DEBUG] Dynamically added transition from wildcard122 to wildcard197
[DEBUG] Dynamically added transition from wildcard120 to wildcard197
[DEBUG] Dynamically added transition from wildcard129 to wildcard197
[DEBUG] Dynamically added transition from wildcard127 to wildcard197
[DEBUG] Dynamically added transition from wildcard128 to wildcard197
[DEBUG] Dynamically added transition from wildcard125 to wildcard197
[DEBUG] Dynamically added transition from wildcard126 to wildcard197
[DEBUG] Dynamically added transition from wildcard123 to wildcard197
[DEBUG] Dynamically added transition from wildcard39 to wildcard197
[DEBUG] Dynamically added transition from wildcard124 to wildcard197
[DEBUG] Dynamically added transition from wildcard59 to wildcard197
[DEBUG] Dynamically added transition from wildcard58 to wildcard197
[DEBUG] Dynamically added transition from middle to wildcard197
[DEBUG] Dynamically added transition from wildcard57 to wildcard197
[DEBUG] Dynamically added transition from wildcard56 to wildcard197
[DEBUG] Dynamically added transition from wildcard55 to wildcard197
[DEBUG] Dynamically added transition from wildcard54 to wildcard197
[DEBUG] Dynamically added transition from wildcard53 to wildcard197
[DEBUG] Dynamically added transition from wildcard52 to wildcard197
[DEBUG] Dynamically added transition from wildcard51 to wildcard197
[DEBUG] Dynamically added transition from wildcard50 to wildcard197
[DEBUG] Dynamically added transition from wildcard132 to wildcard197
[DEBUG] Dynamically added transition from wildcard133 to wildcard197
[DEBUG] Dynamically added transition from wildcard130 to wildcard197
[DEBUG] Dynamically added transition from wildcard131 to wildcard197
[DEBUG] Dynamically added transition from wildcard138 to wildcard197
[DEBUG] Dynamically added transition from wildcard139 to wildcard197
[DEBUG] Dynamically added transition from wildcard136 to wildcard197
[DEBUG] Dynamically added transition from wildcard137 to wildcard197
[DEBUG] Dynamically added transition from wildcard134 to wildcard197
[DEBUG] Dynamically added transition from wildcard135 to wildcard197
[DEBUG] Dynamically added transition from wildcard180 to wildcard197
[DEBUG] Dynamically added transition from wildcard187 to wildcard197
[DEBUG] Dynamically added transition from wildcard188 to wildcard197
[DEBUG] Dynamically added transition from wildcard185 to wildcard197
[DEBUG] Dynamically added transition from wildcard186 to wildcard197
[DEBUG] Dynamically added transition from wildcard183 to wildcard197
[DEBUG] Dynamically added transition from wildcard184 to wildcard197
[DEBUG] Dynamically added transition from wildcard181 to wildcard197
[DEBUG] Dynamically added transition from wildcard182 to wildcard197
[DEBUG] Dynamically added transition from wildcard189 to wildcard197
[DEBUG] Dynamically added transition from wildcard190 to wildcard197
[DEBUG] Dynamically added transition from wildcard191 to wildcard197
[DEBUG] Dynamically added transition from wildcard194 to wildcard197
[DEBUG] Dynamically added transition from wildcard195 to wildcard197
[DEBUG] Dynamically added transition from wildcard192 to wildcard197
[DEBUG] Dynamically added transition from wildcard193 to wildcard197
[DEBUG] Dynamically added transition from wildcard165 to wildcard197
[DEBUG] Dynamically added transition from wildcard166 to wildcard197
[DEBUG] Dynamically added transition from wildcard163 to wildcard197
[DEBUG] Dynamically added transition from wildcard164 to wildcard197
[DEBUG] Dynamically added transition from wildcard161 to wildcard197
[DEBUG] Dynamically added transition from wildcard162 to wildcard197
[DEBUG] Dynamically added transition from wildcard160 to wildcard197
[DEBUG] Dynamically added transition from wildcard169 to wildcard197
[DEBUG] Dynamically added transition from wildcard167 to wildcard197
[DEBUG] Dynamically added transition from wildcard168 to wildcard197
[DEBUG] Dynamically added transition from wildcard16 to wildcard197
[DEBUG] Dynamically added transition from wildcard15 to wildcard197
[DEBUG] Dynamically added transition from wildcard14 to wildcard197
[DEBUG] Dynamically added transition from wildcard13 to wildcard197
[DEBUG] Dynamically added transition from wildcard12 to wildcard197
[DEBUG] Dynamically added transition from wildcard11 to wildcard197
[DEBUG] Dynamically added transition from wildcard10 to wildcard197
[DEBUG] Dynamically added transition from start to wildcard197
[DEBUG] Dynamically added transition from wildcard176 to wildcard197
[DEBUG] Dynamically added transition from wildcard177 to wildcard197
[DEBUG] Dynamically added transition from wildcard174 to wildcard197
[DEBUG] Dynamically added transition from wildcard175 to wildcard197
[DEBUG] Dynamically added transition from wildcard172 to wildcard197
[DEBUG] Dynamically added transition from wildcard173 to wildcard197
[DEBUG] Dynamically added transition from wildcard170 to wildcard197
[DEBUG] Dynamically added transition from wildcard171 to wildcard197
[DEBUG] Dynamically added transition from wildcard178 to wildcard197
[DEBUG] Dynamically added transition from wildcard179 to wildcard197
[DEBUG] Dynamically added transition from wildcard1 to wildcard197
[DEBUG] Dynamically added transition from wildcard0 to wildcard197
[DEBUG] Dynamically added transition from wildcard3 to wildcard197
[DEBUG] Dynamically added transition from wildcard2 to wildcard197
[DEBUG] Dynamically added transition from wildcard5 to wildcard197
[DEBUG] Dynamically added transition from wildcard4 to wildcard197
[DEBUG] Dynamically added transition from wildcard7 to wildcard197
[DEBUG] Dynamically added transition from wildcard6 to wildcard197
[DEBUG] Dynamically added transition from wildcard9 to wildcard197
[DEBUG] Dynamically added transition from wildcard8 to wildcard197
[DEBUG] Dynamically added transition from wildcard69 to wildcard197
[DEBUG] Dynamically added transition from wildcard68 to wildcard197
[DEBUG] Dynamically added transition from wildcard67 to wildcard197
[DEBUG] Dynamically added transition from wildcard66 to wildcard197
[DEBUG] Dynamically added transition from wildcard65 to wildcard197
[DEBUG] Dynamically added transition from wildcard64 to wildcard197
[DEBUG] Dynamically added transition from wildcard63 to wildcard197
[DEBUG] Dynamically added transition from wildcard62 to wildcard197
[DEBUG] Dynamically added transition from wildcard61 to wildcard197
[DEBUG] Dynamically added transition from wildcard60 to wildcard197
[DEBUG] Dynamically added transition from wildcard100 to wildcard197
[DEBUG] Dynamically added transition from wildcard107 to wildcard197
[DEBUG] Dynamically added transition from wildcard108 to wildcard197
[DEBUG] Dynamically added transition from wildcard105 to wildcard197
[DEBUG] Dynamically added transition from wildcard106 to wildcard197
[DEBUG] Dynamically added transition from wildcard103 to wildcard197
[DEBUG] Dynamically added transition from wildcard104 to wildcard197
[DEBUG] Dynamically added transition from wildcard101 to wildcard197
[DEBUG] Dynamically added transition from wildcard102 to wildcard197
[DEBUG] Dynamically added transition from wildcard79 to wildcard197
[DEBUG] Dynamically added transition from wildcard78 to wildcard197
[DEBUG] Dynamically added transition from wildcard77 to wildcard197
[DEBUG] Dynamically added transition from wildcard76 to wildcard197
[DEBUG] Dynamically added transition from wildcard109 to wildcard197
[DEBUG] Dynamically added transition from wildcard75 to wildcard197
[DEBUG] Dynamically added transition from wildcard74 to wildcard197
[DEBUG] Dynamically added transition from wildcard73 to wildcard197
[DEBUG] Dynamically added transition from wildcard72 to wildcard197
[DEBUG] Dynamically added transition from wildcard71 to wildcard197
[DEBUG] Dynamically added transition from wildcard70 to wildcard197
[DEBUG] Dynamically added transition from wildcard110 to wildcard197
[DEBUG] Dynamically added transition from wildcard111 to wildcard197
[DEBUG] Dynamically added transition from wildcard118 to wildcard197
[DEBUG] Dynamically added transition from wildcard119 to wildcard197
[DEBUG] Dynamically added transition from wildcard116 to wildcard197
[DEBUG] Dynamically added transition from wildcard117 to wildcard197
[DEBUG] Dynamically added transition from wildcard114 to wildcard197
[DEBUG] Dynamically added transition from wildcard115 to wildcard197
[DEBUG] Dynamically added transition from wildcard112 to wildcard197
[DEBUG] Dynamically added transition from wildcard113 to wildcard197
[DEBUG] Dynamically added transition from wildcard89 to wildcard197
[DEBUG] Dynamically added transition from wildcard88 to wildcard197
[DEBUG] Dynamically added transition from wildcard87 to wildcard197
[DEBUG] Dynamically added transition from wildcard86 to wildcard197
[DEBUG] Dynamically added transition from wildcard85 to wildcard197
[DEBUG] Dynamically added transition from wildcard84 to wildcard197
[DEBUG] Dynamically added transition from wildcard83 to wildcard197
[DEBUG] Dynamically added transition from wildcard82 to wildcard197
[DEBUG] Dynamically added transition from wildcard81 to wildcard197
[DEBUG] Dynamically added transition from wildcard80 to wildcard197
[DEBUG] Dynamically added transition from wildcard99 to wildcard197
[DEBUG] Dynamically added transition from wildcard98 to wildcard197
[DEBUG] Dynamically added transition from wildcard97 to wildcard197
[DEBUG] Dynamically added transition from wildcard96 to wildcard197
[DEBUG] Dynamically added transition from wildcard95 to wildcard197
[DEBUG] Dynamically added transition from wildcard94 to wildcard197
[DEBUG] Dynamically added transition from wildcard93 to wildcard197
[DEBUG] Dynamically added transition from wildcard92 to wildcard197
[DEBUG] Dynamically added transition from wildcard91 to wildcard197
[DEBUG] Dynamically added transition from wildcard90 to wildcard197
[DEBUG] Dynamically added transition from wildcard197 to wildcard27
[DEBUG] Dynamically added transition from wildcard197 to wildcard26
[DEBUG] Dynamically added transition from wildcard197 to wildcard25
[DEBUG] Dynamically added transition from wildcard197 to wildcard24
[DEBUG] Dynamically added transition from wildcard197 to wildcard23
[DEBUG] Dynamically added transition from wildcard197 to wildcard22
[DEBUG] Dynamically added transition from wildcard197 to wildcard21
[DEBUG] Dynamically added transition from wildcard197 to wildcard20
[DEBUG] Dynamically added transition from wildcard197 to wildcard143
[DEBUG] Dynamically added transition from wildcard197 to wildcard144
[DEBUG] Dynamically added transition from wildcard197 to wildcard141
[DEBUG] Dynamically added transition from wildcard197 to wildcard142
[DEBUG] Dynamically added transition from wildcard197 to wildcard140
[DEBUG] Dynamically added transition from wildcard197 to wildcard149
[DEBUG] Dynamically added transition from wildcard197 to wildcard147
[DEBUG] Dynamically added transition from wildcard197 to wildcard19
[DEBUG] Dynamically added transition from wildcard197 to wildcard148
[DEBUG] Dynamically added transition from wildcard197 to wildcard18
[DEBUG] Dynamically added transition from wildcard197 to wildcard145
[DEBUG] Dynamically added transition from wildcard197 to wildcard17
[DEBUG] Dynamically added transition from wildcard197 to wildcard146
[DEBUG] Dynamically added transition from wildcard197 to wildcard38
[DEBUG] Dynamically added transition from wildcard197 to wildcard37
[DEBUG] Dynamically added transition from wildcard197 to wildcard36
[DEBUG] Dynamically added transition from wildcard197 to wildcard35
[DEBUG] Dynamically added transition from wildcard197 to wildcard34
[DEBUG] Dynamically added transition from wildcard197 to wildcard33
[DEBUG] Dynamically added transition from wildcard197 to wildcard32
[DEBUG] Dynamically added transition from wildcard197 to wildcard31
[DEBUG] Dynamically added transition from wildcard197 to wildcard30
[DEBUG] Dynamically added transition from wildcard197 to wildcard154
[DEBUG] Dynamically added transition from wildcard197 to wildcard155
[DEBUG] Dynamically added transition from wildcard197 to wildcard152
[DEBUG] Dynamically added transition from wildcard197 to wildcard153
[DEBUG] Dynamically added transition from wildcard197 to wildcard150
[DEBUG] Dynamically added transition from wildcard197 to wildcard151
[DEBUG] Dynamically added transition from wildcard197 to wildcard158
[DEBUG] Dynamically added transition from wildcard197 to wildcard159
[DEBUG] Dynamically added transition from wildcard197 to wildcard29
[DEBUG] Dynamically added transition from wildcard197 to wildcard156
[DEBUG] Dynamically added transition from wildcard197 to wildcard28
[DEBUG] Dynamically added transition from wildcard197 to wildcard157
[DEBUG] Dynamically added transition from wildcard197 to wildcard49
[DEBUG] Dynamically added transition from wildcard197 to wildcard48
[DEBUG] Dynamically added transition from wildcard197 to wildcard47
[DEBUG] Dynamically added transition from wildcard197 to wildcard46
[DEBUG] Dynamically added transition from wildcard197 to wildcard45
[DEBUG] Dynamically added transition from wildcard197 to wildcard44
[DEBUG] Dynamically added transition from wildcard197 to wildcard43
[DEBUG] Dynamically added transition from wildcard197 to wildcard42
[DEBUG] Dynamically added transition from wildcard197 to wildcard41
[DEBUG] Dynamically added transition from wildcard197 to wildcard40
[DEBUG] Dynamically added transition from wildcard197 to wildcard121
[DEBUG] Dynamically added transition from wildcard197 to wildcard122
[DEBUG] Dynamically added transition from wildcard197 to wildcard120
[DEBUG] Dynamically added transition from wildcard197 to wildcard129
[DEBUG] Dynamically added transition from wildcard197 to wildcard127
[DEBUG] Dynamically added transition from wildcard197 to wildcard128
[DEBUG] Dynamically added transition from wildcard197 to wildcard125
[DEBUG] Dynamically added transition from wildcard197 to wildcard126
[DEBUG] Dynamically added transition from wildcard197 to wildcard123
[DEBUG] Dynamically added transition from wildcard197 to wildcard39
[DEBUG] Dynamically added transition from wildcard197 to wildcard124
[DEBUG] Dynamically added transition from wildcard197 to wildcard59
[DEBUG] Dynamically added transition from wildcard197 to wildcard58
[DEBUG] Dynamically added transition from wildcard197 to middle
[DEBUG] Dynamically added transition from wildcard197 to wildcard57
[DEBUG] Dynamically added transition from wildcard197 to wildcard56
[DEBUG] Dynamically added transition from wildcard197 to wildcard55
[DEBUG] Dynamically added transition from wildcard197 to wildcard54
[DEBUG] Dynamically added transition from wildcard197 to wildcard53
[DEBUG] Dynamically added transition from wildcard197 to wildcard52
[DEBUG] Dynamically added transition from wildcard197 to wildcard51
[DEBUG] Dynamically added transition from wildcard197 to wildcard50
[DEBUG] Dynamically added transition from wildcard197 to wildcard132
[DEBUG] Dynamically added transition from wildcard197 to wildcard133
[DEBUG] Dynamically added transition from wildcard197 to wildcard130
[DEBUG] Dynamically added transition from wildcard197 to wildcard131
[DEBUG] Dynamically added transition from wildcard197 to wildcard138
[DEBUG] Dynamically added transition from wildcard197 to wildcard139
[DEBUG] Dynamically added transition from wildcard197 to wildcard136
[DEBUG] Dynamically added transition from wildcard197 to wildcard137
[DEBUG] Dynamically added transition from wildcard197 to wildcard134
[DEBUG] Dynamically added transition from wildcard197 to wildcard135
[DEBUG] Dynamically added transition from wildcard197 to wildcard180
[DEBUG] Dynamically added transition from wildcard197 to wildcard187
[DEBUG] Dynamically added transition from wildcard197 to wildcard188
[DEBUG] Dynamically added transition from wildcard197 to wildcard185
[DEBUG] Dynamically added transition from wildcard197 to wildcard186
[DEBUG] Dynamically added transition from wildcard197 to wildcard183
[DEBUG] Dynamically added transition from wildcard197 to wildcard184
[DEBUG] Dynamically added transition from wildcard197 to wildcard181
[DEBUG] Dynamically added transition from wildcard197 to wildcard182
[DEBUG] Dynamically added transition from wildcard197 to wildcard189
[DEBUG] Dynamically added transition from wildcard197 to wildcard190
[DEBUG] Dynamically added transition from wildcard197 to wildcard191
[DEBUG] Dynamically added transition from wildcard197 to wildcard196
[DEBUG] Dynamically added transition from wildcard197 to wildcard197
[DEBUG] Dynamically added transition from wildcard197 to wildcard194
[DEBUG] Dynamically added transition from wildcard197 to wildcard195
[DEBUG] Dynamically added transition from wildcard197 to wildcard192
[DEBUG] Dynamically added transition from wildcard197 to wildcard193
[DEBUG] Dynamically added transition from wildcard197 to wildcard165
[DEBUG] Dynamically added transition from wildcard197 to wildcard166
[DEBUG] Dynamically added transition from wildcard197 to wildcard163
[DEBUG] Dynamically added transition from wildcard197 to wildcard164
[DEBUG] Dynamically added transition from wildcard197 to wildcard161
[DEBUG] Dynamically added transition from wildcard197 to wildcard162
[DEBUG] Dynamically added transition from wildcard197 to wildcard160
[DEBUG] Dynamically added transition from wildcard197 to end
[DEBUG] Dynamically added transition from wildcard197 to wildcard169
[DEBUG] Dynamically added transition from wildcard197 to wildcard167
[DEBUG] Dynamically added transition from wildcard197 to wildcard168
[DEBUG] Dynamically added transition from wildcard197 to wildcard16
[DEBUG] Dynamically added transition from wildcard197 to wildcard15
[DEBUG] Dynamically added transition from wildcard197 to wildcard14
[DEBUG] Dynamically added transition from wildcard197 to wildcard13
[DEBUG] Dynamically added transition from wildcard197 to wildcard12
[DEBUG] Dynamically added transition from wildcard197 to wildcard11
[DEBUG] Dynamically added transition from wildcard197 to wildcard10
[DEBUG] Dynamically added transition from wildcard197 to start
[DEBUG] Dynamically added transition from wildcard197 to wildcard176
[DEBUG] Dynamically added transition from wildcard197 to wildcard177
[DEBUG] Dynamically added transition from wildcard197 to wildcard174
[DEBUG] Dynamically added transition from wildcard197 to wildcard175
[DEBUG] Dynamically added transition from wildcard197 to wildcard172
[DEBUG] Dynamically added transition from wildcard197 to wildcard173
[DEBUG] Dynamically added transition from wildcard197 to wildcard170
[DEBUG] Dynamically added transition from wildcard197 to wildcard171
[DEBUG] Dynamically added transition from wildcard197 to wildcard178
[DEBUG] Dynamically added transition from wildcard197 to wildcard179
[DEBUG] Dynamically added transition from wildcard197 to wildcard1
[DEBUG] Dynamically added transition from wildcard197 to wildcard0
[DEBUG] Dynamically added transition from wildcard197 to wildcard3
[DEBUG] Dynamically added transition from wildcard197 to wildcard2
[DEBUG] Dynamically added transition from wildcard197 to wildcard5
[DEBUG] Dynamically added transition from wildcard197 to wildcard4
[DEBUG] Dynamically added transition from wildcard197 to wildcard7
[DEBUG] Dynamically added transition from wildcard197 to wildcard6
[DEBUG] Dynamically added transition from wildcard197 to wildcard9
[DEBUG] Dynamically added transition from wildcard197 to wildcard8
[DEBUG] Dynamically added transition from wildcard197 to wildcard69
[DEBUG] Dynamically added transition from wildcard197 to wildcard68
[DEBUG] Dynamically added transition from wildcard197 to wildcard67
[DEBUG] Dynamically added transition from wildcard197 to wildcard66
[DEBUG] Dynamically added transition from wildcard197 to wildcard65
[DEBUG] Dynamically added transition from wildcard197 to wildcard64
[DEBUG] Dynamically added transition from wildcard197 to wildcard63
[DEBUG] Dynamically added transition from wildcard197 to wildcard62
[DEBUG] Dynamically added transition from wildcard197 to wildcard61
[DEBUG] Dynamically added transition from wildcard197 to wildcard60
[DEBUG] Dynamically added transition from wildcard197 to wildcard100
[DEBUG] Dynamically added transition from wildcard197 to wildcard107
[DEBUG] Dynamically added transition from wildcard197 to wildcard108
[DEBUG] Dynamically added transition from wildcard197 to wildcard105
[DEBUG] Dynamically added transition from wildcard197 to wildcard106
[DEBUG] Dynamically added transition from wildcard197 to wildcard103
[DEBUG] Dynamically added transition from wildcard197 to wildcard104
[DEBUG] Dynamically added transition from wildcard197 to wildcard101
[DEBUG] Dynamically added transition from wildcard197 to wildcard102
[DEBUG] Dynamically added transition from wildcard197 to wildcard79
[DEBUG] Dynamically added transition from wildcard197 to wildcard78
[DEBUG] Dynamically added transition from wildcard197 to wildcard77
[DEBUG] Dynamically added transition from wildcard197 to wildcard76
[DEBUG] Dynamically added transition from wildcard197 to wildcard109
[DEBUG] Dynamically added transition from wildcard197 to wildcard75
[DEBUG] Dynamically added transition from wildcard197 to wildcard74
[DEBUG] Dynamically added transition from wildcard197 to wildcard73
[DEBUG] Dynamically added transition from wildcard197 to wildcard72
[DEBUG] Dynamically added transition from wildcard197 to wildcard71
[DEBUG] Dynamically added transition from wildcard197 to wildcard70
[DEBUG] Dynamically added transition from wildcard197 to wildcard110
[DEBUG] Dynamically added transition from wildcard197 to wildcard111
[DEBUG] Dynamically added transition from wildcard197 to wildcard118
[DEBUG] Dynamically added transition from wildcard197 to wildcard119
[DEBUG] Dynamically added transition from wildcard197 to wildcard116
[DEBUG] Dynamically added transition from wildcard197 to wildcard117
[DEBUG] Dynamically added transition from wildcard197 to .*
[DEBUG] Dynamically added transition from wildcard197 to wildcard114
[DEBUG] Dynamically added transition from wildcard197 to wildcard115
[DEBUG] Dynamically added transition from wildcard197 to wildcard112
[DEBUG] Dynamically added transition from wildcard197 to wildcard113
[DEBUG] Dynamically added transition from wildcard197 to wildcard89
[DEBUG] Dynamically added transition from wildcard197 to wildcard88
[DEBUG] Dynamically added transition from wildcard197 to wildcard87
[DEBUG] Dynamically added transition from wildcard197 to wildcard86
[DEBUG] Dynamically added transition from wildcard197 to INITIAL
[DEBUG] Dynamically added transition from wildcard197 to wildcard85
[DEBUG] Dynamically added transition from wildcard197 to wildcard84
[DEBUG] Dynamically added transition from wildcard197 to wildcard83
[DEBUG] Dynamically added transition from wildcard197 to wildcard82
[DEBUG] Dynamically added transition from wildcard197 to wildcard81
[DEBUG] Dynamically added transition from wildcard197 to wildcard80
[DEBUG] Dynamically added transition from wildcard197 to wildcard99
[DEBUG] Dynamically added transition from wildcard197 to wildcard98
[DEBUG] Dynamically added transition from wildcard197 to wildcard97
[DEBUG] Dynamically added transition from wildcard197 to wildcard96
[DEBUG] Dynamically added transition from wildcard197 to wildcard95
[DEBUG] Dynamically added transition from wildcard197 to wildcard94
[DEBUG] Dynamically added transition from wildcard197 to wildcard93
[DEBUG] Dynamically added transition from wildcard197 to wildcard92
[DEBUG] Dynamically added transition from wildcard197 to wildcard91
[DEBUG] Dynamically added transition from wildcard197 to wildcard90
[INFO] Wildcard transition valid to state: wildcard197
[INFO] Wildcard transition detected from wildcard197 to wildcard198
[DEBUG] Created intermediate state for wildcard transition: wildcard198
[DEBUG] Dynamically added transition from wildcard197 to wildcard198
[DEBUG] Dynamically added transition from wildcard27 to wildcard198
[DEBUG] Dynamically added transition from wildcard26 to wildcard198
[DEBUG] Dynamically added transition from wildcard25 to wildcard198
[DEBUG] Dynamically added transition from wildcard24 to wildcard198
[DEBUG] Dynamically added transition from wildcard23 to wildcard198
[DEBUG] Dynamically added transition from wildcard22 to wildcard198
[DEBUG] Dynamically added transition from wildcard21 to wildcard198
[DEBUG] Dynamically added transition from wildcard20 to wildcard198
[DEBUG] Dynamically added transition from wildcard143 to wildcard198
[DEBUG] Dynamically added transition from wildcard144 to wildcard198
[DEBUG] Dynamically added transition from wildcard141 to wildcard198
[DEBUG] Dynamically added transition from wildcard142 to wildcard198
[DEBUG] Dynamically added transition from wildcard140 to wildcard198
[DEBUG] Dynamically added transition from wildcard149 to wildcard198
[DEBUG] Dynamically added transition from wildcard147 to wildcard198
[DEBUG] Dynamically added transition from wildcard19 to wildcard198
[DEBUG] Dynamically added transition from wildcard148 to wildcard198
[DEBUG] Dynamically added transition from wildcard18 to wildcard198
[DEBUG] Dynamically added transition from wildcard145 to wildcard198
[DEBUG] Dynamically added transition from wildcard17 to wildcard198
[DEBUG] Dynamically added transition from wildcard146 to wildcard198
[DEBUG] Dynamically added transition from wildcard38 to wildcard198
[DEBUG] Dynamically added transition from wildcard37 to wildcard198
[DEBUG] Dynamically added transition from wildcard36 to wildcard198
[DEBUG] Dynamically added transition from wildcard35 to wildcard198
[DEBUG] Dynamically added transition from wildcard34 to wildcard198
[DEBUG] Dynamically added transition from wildcard33 to wildcard198
[DEBUG] Dynamically added transition from wildcard32 to wildcard198
[DEBUG] Dynamically added transition from wildcard31 to wildcard198
[DEBUG] Dynamically added transition from wildcard30 to wildcard198
[DEBUG] Dynamically added transition from wildcard154 to wildcard198
[DEBUG] Dynamically added transition from wildcard155 to wildcard198
[DEBUG] Dynamically added transition from wildcard152 to wildcard198
[DEBUG] Dynamically added transition from wildcard153 to wildcard198
[DEBUG] Dynamically added transition from wildcard150 to wildcard198
[DEBUG] Dynamically added transition from wildcard151 to wildcard198
[DEBUG] Dynamically added transition from wildcard158 to wildcard198
[DEBUG] Dynamically added transition from wildcard159 to wildcard198
[DEBUG] Dynamically added transition from wildcard29 to wildcard198
[DEBUG] Dynamically added transition from wildcard156 to wildcard198
[DEBUG] Dynamically added transition from wildcard28 to wildcard198
[DEBUG] Dynamically added transition from wildcard157 to wildcard198
[DEBUG] Dynamically added transition from wildcard49 to wildcard198
[DEBUG] Dynamically added transition from wildcard48 to wildcard198
[DEBUG] Dynamically added transition from wildcard47 to wildcard198
[DEBUG] Dynamically added transition from wildcard46 to wildcard198
[DEBUG] Dynamically added transition from wildcard45 to wildcard198
[DEBUG] Dynamically added transition from wildcard44 to wildcard198
[DEBUG] Dynamically added transition from wildcard43 to wildcard198
[DEBUG] Dynamically added transition from wildcard42 to wildcard198
[DEBUG] Dynamically added transition from wildcard41 to wildcard198
[DEBUG] Dynamically added transition from wildcard40 to wildcard198
[DEBUG] Dynamically added transition from wildcard121 to wildcard198
[DEBUG] Dynamically added transition from wildcard122 to wildcard198
[DEBUG] Dynamically added transition from wildcard120 to wildcard198
[DEBUG] Dynamically added transition from wildcard129 to wildcard198
[DEBUG] Dynamically added transition from wildcard127 to wildcard198
[DEBUG] Dynamically added transition from wildcard128 to wildcard198
[DEBUG] Dynamically added transition from wildcard125 to wildcard198
[DEBUG] Dynamically added transition from wildcard126 to wildcard198
[DEBUG] Dynamically added transition from wildcard123 to wildcard198
[DEBUG] Dynamically added transition from wildcard39 to wildcard198
[DEBUG] Dynamically added transition from wildcard124 to wildcard198
[DEBUG] Dynamically added transition from wildcard59 to wildcard198
[DEBUG] Dynamically added transition from wildcard58 to wildcard198
[DEBUG] Dynamically added transition from middle to wildcard198
[DEBUG] Dynamically added transition from wildcard57 to wildcard198
[DEBUG] Dynamically added transition from wildcard56 to wildcard198
[DEBUG] Dynamically added transition from wildcard55 to wildcard198
[DEBUG] Dynamically added transition from wildcard54 to wildcard198
[DEBUG] Dynamically added transition from wildcard53 to wildcard198
[DEBUG] Dynamically added transition from wildcard52 to wildcard198
[DEBUG] Dynamically added transition from wildcard51 to wildcard198
[DEBUG] Dynamically added transition from wildcard50 to wildcard198
[DEBUG] Dynamically added transition from wildcard132 to wildcard198
[DEBUG] Dynamically added transition from wildcard133 to wildcard198
[DEBUG] Dynamically added transition from wildcard130 to wildcard198
[DEBUG] Dynamically added transition from wildcard131 to wildcard198
[DEBUG] Dynamically added transition from wildcard138 to wildcard198
[DEBUG] Dynamically added transition from wildcard139 to wildcard198
[DEBUG] Dynamically added transition from wildcard136 to wildcard198
[DEBUG] Dynamically added transition from wildcard137 to wildcard198
[DEBUG] Dynamically added transition from wildcard134 to wildcard198
[DEBUG] Dynamically added transition from wildcard135 to wildcard198
[DEBUG] Dynamically added transition from wildcard180 to wildcard198
[DEBUG] Dynamically added transition from wildcard187 to wildcard198
[DEBUG] Dynamically added transition from wildcard188 to wildcard198
[DEBUG] Dynamically added transition from wildcard185 to wildcard198
[DEBUG] Dynamically added transition from wildcard186 to wildcard198
[DEBUG] Dynamically added transition from wildcard183 to wildcard198
[DEBUG] Dynamically added transition from wildcard184 to wildcard198
[DEBUG] Dynamically added transition from wildcard181 to wildcard198
[DEBUG] Dynamically added transition from wildcard182 to wildcard198
[DEBUG] Dynamically added transition from wildcard189 to wildcard198
[DEBUG] Dynamically added transition from wildcard190 to wildcard198
[DEBUG] Dynamically added transition from wildcard191 to wildcard198
[DEBUG] Dynamically added transition from wildcard196 to wildcard198
[DEBUG] Dynamically added transition from wildcard194 to wildcard198
[DEBUG] Dynamically added transition from wildcard195 to wildcard198
[DEBUG] Dynamically added transition from wildcard192 to wildcard198
[DEBUG] Dynamically added transition from wildcard193 to wildcard198
[DEBUG] Dynamically added transition from wildcard165 to wildcard198
[DEBUG] Dynamically added transition from wildcard166 to wildcard198
[DEBUG] Dynamically added transition from wildcard163 to wildcard198
[DEBUG] Dynamically added transition from wildcard164 to wildcard198
[DEBUG] Dynamically added transition from wildcard161 to wildcard198
[DEBUG] Dynamically added transition from wildcard162 to wildcard198
[DEBUG] Dynamically added transition from wildcard160 to wildcard198
[DEBUG] Dynamically added transition from wildcard169 to wildcard198
[DEBUG] Dynamically added transition from wildcard167 to wildcard198
[DEBUG] Dynamically added transition from wildcard168 to wildcard198
[DEBUG] Dynamically added transition from wildcard16 to wildcard198
[DEBUG] Dynamically added transition from wildcard15 to wildcard198
[DEBUG] Dynamically added transition from wildcard14 to wildcard198
[DEBUG] Dynamically added transition from wildcard13 to wildcard198
[DEBUG] Dynamically added transition from wildcard12 to wildcard198
[DEBUG] Dynamically added transition from wildcard11 to wildcard198
[DEBUG] Dynamically added transition from wildcard10 to wildcard198
[DEBUG] Dynamically added transition from start to wildcard198
[DEBUG] Dynamically added transition from wildcard176 to wildcard198
[DEBUG] Dynamically added transition from wildcard177 to wildcard198
[DEBUG] Dynamically added transition from wildcard174 to wildcard198
[DEBUG] Dynamically added transition from wildcard175 to wildcard198
[DEBUG] Dynamically added transition from wildcard172 to wildcard198
[DEBUG] Dynamically added transition from wildcard173 to wildcard198
[DEBUG] Dynamically added transition from wildcard170 to wildcard198
[DEBUG] Dynamically added transition from wildcard171 to wildcard198
[DEBUG] Dynamically added transition from wildcard178 to wildcard198
[DEBUG] Dynamically added transition from wildcard179 to wildcard198
[DEBUG] Dynamically added transition from wildcard1 to wildcard198
[DEBUG] Dynamically added transition from wildcard0 to wildcard198
[DEBUG] Dynamically added transition from wildcard3 to wildcard198
[DEBUG] Dynamically added transition from wildcard2 to wildcard198
[DEBUG] Dynamically added transition from wildcard5 to wildcard198
[DEBUG] Dynamically added transition from wildcard4 to wildcard198
[DEBUG] Dynamically added transition from wildcard7 to wildcard198
[DEBUG] Dynamically added transition from wildcard6 to wildcard198
[DEBUG] Dynamically added transition from wildcard9 to wildcard198
[DEBUG] Dynamically added transition from wildcard8 to wildcard198
[DEBUG] Dynamically added transition from wildcard69 to wildcard198
[DEBUG] Dynamically added transition from wildcard68 to wildcard198
[DEBUG] Dynamically added transition from wildcard67 to wildcard198
[DEBUG] Dynamically added transition from wildcard66 to wildcard198
[DEBUG] Dynamically added transition from wildcard65 to wildcard198
[DEBUG] Dynamically added transition from wildcard64 to wildcard198
[DEBUG] Dynamically added transition from wildcard63 to wildcard198
[DEBUG] Dynamically added transition from wildcard62 to wildcard198
[DEBUG] Dynamically added transition from wildcard61 to wildcard198
[DEBUG] Dynamically added transition from wildcard60 to wildcard198
[DEBUG] Dynamically added transition from wildcard100 to wildcard198
[DEBUG] Dynamically added transition from wildcard107 to wildcard198
[DEBUG] Dynamically added transition from wildcard108 to wildcard198
[DEBUG] Dynamically added transition from wildcard105 to wildcard198
[DEBUG] Dynamically added transition from wildcard106 to wildcard198
[DEBUG] Dynamically added transition from wildcard103 to wildcard198
[DEBUG] Dynamically added transition from wildcard104 to wildcard198
[DEBUG] Dynamically added transition from wildcard101 to wildcard198
[DEBUG] Dynamically added transition from wildcard102 to wildcard198
[DEBUG] Dynamically added transition from wildcard79 to wildcard198
[DEBUG] Dynamically added transition from wildcard78 to wildcard198
[DEBUG] Dynamically added transition from wildcard77 to wildcard198
[DEBUG] Dynamically added transition from wildcard76 to wildcard198
[DEBUG] Dynamically added transition from wildcard109 to wildcard198
[DEBUG] Dynamically added transition from wildcard75 to wildcard198
[DEBUG] Dynamically added transition from wildcard74 to wildcard198
[DEBUG] Dynamically added transition from wildcard73 to wildcard198
[DEBUG] Dynamically added transition from wildcard72 to wildcard198
[DEBUG] Dynamically added transition from wildcard71 to wildcard198
[DEBUG] Dynamically added transition from wildcard70 to wildcard198
[DEBUG] Dynamically added transition from wildcard110 to wildcard198
[DEBUG] Dynamically added transition from wildcard111 to wildcard198
[DEBUG] Dynamically added transition from wildcard118 to wildcard198
[DEBUG] Dynamically added transition from wildcard119 to wildcard198
[DEBUG] Dynamically added transition from wildcard116 to wildcard198
[DEBUG] Dynamically added transition from wildcard117 to wildcard198
[DEBUG] Dynamically added transition from wildcard114 to wildcard198
[DEBUG] Dynamically added transition from wildcard115 to wildcard198
[DEBUG] Dynamically added transition from wildcard112 to wildcard198
[DEBUG] Dynamically added transition from wildcard113 to wildcard198
[DEBUG] Dynamically added transition from wildcard89 to wildcard198
[DEBUG] Dynamically added transition from wildcard88 to wildcard198
[DEBUG] Dynamically added transition from wildcard87 to wildcard198
[DEBUG] Dynamically added transition from wildcard86 to wildcard198
[DEBUG] Dynamically added transition from wildcard85 to wildcard198
[DEBUG] Dynamically added transition from wildcard84 to wildcard198
[DEBUG] Dynamically added transition from wildcard83 to wildcard198
[DEBUG] Dynamically added transition from wildcard82 to wildcard198
[DEBUG] Dynamically added transition from wildcard81 to wildcard198
[DEBUG] Dynamically added transition from wildcard80 to wildcard198
[DEBUG] Dynamically added transition from wildcard99 to wildcard198
[DEBUG] Dynamically added transition from wildcard98 to wildcard198
[DEBUG] Dynamically added transition from wildcard97 to wildcard198
[DEBUG] Dynamically added transition from wildcard96 to wildcard198
[DEBUG] Dynamically added transition from wildcard95 to wildcard198
[DEBUG] Dynamically added transition from wildcard94 to wildcard198
[DEBUG] Dynamically added transition from wildcard93 to wildcard198
[DEBUG] Dynamically added transition from wildcard92 to wildcard198
[DEBUG] Dynamically added transition from wildcard91 to wildcard198
[DEBUG] Dynamically added transition from wildcard90 to wildcard198
[DEBUG] Dynamically added transition from wildcard198 to wildcard27
[DEBUG] Dynamically added transition from wildcard198 to wildcard26
[DEBUG] Dynamically added transition from wildcard198 to wildcard25
[DEBUG] Dynamically added transition from wildcard198 to wildcard24
[DEBUG] Dynamically added transition from wildcard198 to wildcard23
[DEBUG] Dynamically added transition from wildcard198 to wildcard22
[DEBUG] Dynamically added transition from wildcard198 to wildcard21
[DEBUG] Dynamically added transition from wildcard198 to wildcard20
[DEBUG] Dynamically added transition from wildcard198 to wildcard143
[DEBUG] Dynamically added transition from wildcard198 to wildcard144
[DEBUG] Dynamically added transition from wildcard198 to wildcard141
[DEBUG] Dynamically added transition from wildcard198 to wildcard142
[DEBUG] Dynamically added transition from wildcard198 to wildcard140
[DEBUG] Dynamically added transition from wildcard198 to wildcard149
[DEBUG] Dynamically added transition from wildcard198 to wildcard147
[DEBUG] Dynamically added transition from wildcard198 to wildcard19
[DEBUG] Dynamically added transition from wildcard198 to wildcard148
[DEBUG] Dynamically added transition from wildcard198 to wildcard18
[DEBUG] Dynamically added transition from wildcard198 to wildcard145
[DEBUG] Dynamically added transition from wildcard198 to wildcard17
[DEBUG] Dynamically added transition from wildcard198 to wildcard146
[DEBUG] Dynamically added transition from wildcard198 to wildcard38
[DEBUG] Dynamically added transition from wildcard198 to wildcard37
[DEBUG] Dynamically added transition from wildcard198 to wildcard36
[DEBUG] Dynamically added transition from wildcard198 to wildcard35
[DEBUG] Dynamically added transition from wildcard198 to wildcard34
[DEBUG] Dynamically added transition from wildcard198 to wildcard33
[DEBUG] Dynamically added transition from wildcard198 to wildcard32
[DEBUG] Dynamically added transition from wildcard198 to wildcard31
[DEBUG] Dynamically added transition from wildcard198 to wildcard30
[DEBUG] Dynamically added transition from wildcard198 to wildcard154
[DEBUG] Dynamically added transition from wildcard198 to wildcard155
[DEBUG] Dynamically added transition from wildcard198 to wildcard152
[DEBUG] Dynamically added transition from wildcard198 to wildcard153
[DEBUG] Dynamically added transition from wildcard198 to wildcard150
[DEBUG] Dynamically added transition from wildcard198 to wildcard151
[DEBUG] Dynamically added transition from wildcard198 to wildcard158
[DEBUG] Dynamically added transition from wildcard198 to wildcard159
[DEBUG] Dynamically added transition from wildcard198 to wildcard29
[DEBUG] Dynamically added transition from wildcard198 to wildcard156
[DEBUG] Dynamically added transition from wildcard198 to wildcard28
[DEBUG] Dynamically added transition from wildcard198 to wildcard157
[DEBUG] Dynamically added transition from wildcard198 to wildcard49
[DEBUG] Dynamically added transition from wildcard198 to wildcard48
[DEBUG] Dynamically added transition from wildcard198 to wildcard47
[DEBUG] Dynamically added transition from wildcard198 to wildcard46
[DEBUG] Dynamically added transition from wildcard198 to wildcard45
[DEBUG] Dynamically added transition from wildcard198 to wildcard44
[DEBUG] Dynamically added transition from wildcard198 to wildcard43
[DEBUG] Dynamically added transition from wildcard198 to wildcard42
[DEBUG] Dynamically added transition from wildcard198 to wildcard41
[DEBUG] Dynamically added transition from wildcard198 to wildcard40
[DEBUG] Dynamically added transition from wildcard198 to wildcard121
[DEBUG] Dynamically added transition from wildcard198 to wildcard122
[DEBUG] Dynamically added transition from wildcard198 to wildcard120
[DEBUG] Dynamically added transition from wildcard198 to wildcard129
[DEBUG] Dynamically added transition from wildcard198 to wildcard127
[DEBUG] Dynamically added transition from wildcard198 to wildcard128
[DEBUG] Dynamically added transition from wildcard198 to wildcard125
[DEBUG] Dynamically added transition from wildcard198 to wildcard126
[DEBUG] Dynamically added transition from wildcard198 to wildcard123
[DEBUG] Dynamically added transition from wildcard198 to wildcard39
[DEBUG] Dynamically added transition from wildcard198 to wildcard124
[DEBUG] Dynamically added transition from wildcard198 to wildcard59
[DEBUG] Dynamically added transition from wildcard198 to wildcard58
[DEBUG] Dynamically added transition from wildcard198 to middle
[DEBUG] Dynamically added transition from wildcard198 to wildcard57
[DEBUG] Dynamically added transition from wildcard198 to wildcard56
[DEBUG] Dynamically added transition from wildcard198 to wildcard55
[DEBUG] Dynamically added transition from wildcard198 to wildcard54
[DEBUG] Dynamically added transition from wildcard198 to wildcard53
[DEBUG] Dynamically added transition from wildcard198 to wildcard52
[DEBUG] Dynamically added transition from wildcard198 to wildcard51
[DEBUG] Dynamically added transition from wildcard198 to wildcard50
[DEBUG] Dynamically added transition from wildcard198 to wildcard132
[DEBUG] Dynamically added transition from wildcard198 to wildcard133
[DEBUG] Dynamically added transition from wildcard198 to wildcard130
[DEBUG] Dynamically added transition from wildcard198 to wildcard131
[DEBUG] Dynamically added transition from wildcard198 to wildcard138
[DEBUG] Dynamically added transition from wildcard198 to wildcard139
[DEBUG] Dynamically added transition from wildcard198 to wildcard136
[DEBUG] Dynamically added transition from wildcard198 to wildcard137
[DEBUG] Dynamically added transition from wildcard198 to wildcard134
[DEBUG] Dynamically added transition from wildcard198 to wildcard135
[DEBUG] Dynamically added transition from wildcard198 to wildcard180
[DEBUG] Dynamically added transition from wildcard198 to wildcard187
[DEBUG] Dynamically added transition from wildcard198 to wildcard188
[DEBUG] Dynamically added transition from wildcard198 to wildcard185
[DEBUG] Dynamically added transition from wildcard198 to wildcard186
[DEBUG] Dynamically added transition from wildcard198 to wildcard183
[DEBUG] Dynamically added transition from wildcard198 to wildcard184
[DEBUG] Dynamically added transition from wildcard198 to wildcard181
[DEBUG] Dynamically added transition from wildcard198 to wildcard182
[DEBUG] Dynamically added transition from wildcard198 to wildcard189
[DEBUG] Dynamically added transition from wildcard198 to wildcard190
[DEBUG] Dynamically added transition from wildcard198 to wildcard191
[DEBUG] Dynamically added transition from wildcard198 to wildcard198
[DEBUG] Dynamically added transition from wildcard198 to wildcard196
[DEBUG] Dynamically added transition from wildcard198 to wildcard197
[DEBUG] Dynamically added transition from wildcard198 to wildcard194
[DEBUG] Dynamically added transition from wildcard198 to wildcard195
[DEBUG] Dynamically added transition from wildcard198 to wildcard192
[DEBUG] Dynamically added transition from wildcard198 to wildcard193
[DEBUG] Dynamically added transition from wildcard198 to wildcard165
[DEBUG] Dynamically added transition from wildcard198 to wildcard166
[DEBUG] Dynamically added transition from wildcard198 to wildcard163
[DEBUG] Dynamically added transition from wildcard198 to wildcard164
[DEBUG] Dynamically added transition from wildcard198 to wildcard161
[DEBUG] Dynamically added transition from wildcard198 to wildcard162
[DEBUG] Dynamically added transition from wildcard198 to wildcard160
[DEBUG] Dynamically added transition from wildcard198 to end
[DEBUG] Dynamically added transition from wildcard198 to wildcard169
[DEBUG] Dynamically added transition from wildcard198 to wildcard167
[DEBUG] Dynamically added transition from wildcard198 to wildcard168
[DEBUG] Dynamically added transition from wildcard198 to wildcard16
[DEBUG] Dynamically added transition from wildcard198 to wildcard15
[DEBUG] Dynamically added transition from wildcard198 to wildcard14
[DEBUG] Dynamically added transition from wildcard198 to wildcard13
[DEBUG] Dynamically added transition from wildcard198 to wildcard12
[DEBUG] Dynamically added transition from wildcard198 to wildcard11
[DEBUG] Dynamically added transition from wildcard198 to wildcard10
[DEBUG] Dynamically added transition from wildcard198 to start
[DEBUG] Dynamically added transition from wildcard198 to wildcard176
[DEBUG] Dynamically added transition from wildcard198 to wildcard177
[DEBUG] Dynamically added transition from wildcard198 to wildcard174
[DEBUG] Dynamically added transition from wildcard198 to wildcard175
[DEBUG] Dynamically added transition from wildcard198 to wildcard172
[DEBUG] Dynamically added transition from wildcard198 to wildcard173
[DEBUG] Dynamically added transition from wildcard198 to wildcard170
[DEBUG] Dynamically added transition from wildcard198 to wildcard171
[DEBUG] Dynamically added transition from wildcard198 to wildcard178
[DEBUG] Dynamically added transition from wildcard198 to wildcard179
[DEBUG] Dynamically added transition from wildcard198 to wildcard1
[DEBUG] Dynamically added transition from wildcard198 to wildcard0
[DEBUG] Dynamically added transition from wildcard198 to wildcard3
[DEBUG] Dynamically added transition from wildcard198 to wildcard2
[DEBUG] Dynamically added transition from wildcard198 to wildcard5
[DEBUG] Dynamically added transition from wildcard198 to wildcard4
[DEBUG] Dynamically added transition from wildcard198 to wildcard7
[DEBUG] Dynamically added transition from wildcard198 to wildcard6
[DEBUG] Dynamically added transition from wildcard198 to wildcard9
[DEBUG] Dynamically added transition from wildcard198 to wildcard8
[DEBUG] Dynamically added transition from wildcard198 to wildcard69
[DEBUG] Dynamically added transition from wildcard198 to wildcard68
[DEBUG] Dynamically added transition from wildcard198 to wildcard67
[DEBUG] Dynamically added transition from wildcard198 to wildcard66
[DEBUG] Dynamically added transition from wildcard198 to wildcard65
[DEBUG] Dynamically added transition from wildcard198 to wildcard64
[DEBUG] Dynamically added transition from wildcard198 to wildcard63
[DEBUG] Dynamically added transition from wildcard198 to wildcard62
[DEBUG] Dynamically added transition from wildcard198 to wildcard61
[DEBUG] Dynamically added transition from wildcard198 to wildcard60
[DEBUG] Dynamically added transition from wildcard198 to wildcard100
[DEBUG] Dynamically added transition from wildcard198 to wildcard107
[DEBUG] Dynamically added transition from wildcard198 to wildcard108
[DEBUG] Dynamically added transition from wildcard198 to wildcard105
[DEBUG] Dynamically added transition from wildcard198 to wildcard106
[DEBUG] Dynamically added transition from wildcard198 to wildcard103
[DEBUG] Dynamically added transition from wildcard198 to wildcard104
[DEBUG] Dynamically added transition from wildcard198 to wildcard101
[DEBUG] Dynamically added transition from wildcard198 to wildcard102
[DEBUG] Dynamically added transition from wildcard198 to wildcard79
[DEBUG] Dynamically added transition from wildcard198 to wildcard78
[DEBUG] Dynamically added transition from wildcard198 to wildcard77
[DEBUG] Dynamically added transition from wildcard198 to wildcard76
[DEBUG] Dynamically added transition from wildcard198 to wildcard109
[DEBUG] Dynamically added transition from wildcard198 to wildcard75
[DEBUG] Dynamically added transition from wildcard198 to wildcard74
[DEBUG] Dynamically added transition from wildcard198 to wildcard73
[DEBUG] Dynamically added transition from wildcard198 to wildcard72
[DEBUG] Dynamically added transition from wildcard198 to wildcard71
[DEBUG] Dynamically added transition from wildcard198 to wildcard70
[DEBUG] Dynamically added transition from wildcard198 to wildcard110
[DEBUG] Dynamically added transition from wildcard198 to wildcard111
[DEBUG] Dynamically added transition from wildcard198 to wildcard118
[DEBUG] Dynamically added transition from wildcard198 to wildcard119
[DEBUG] Dynamically added transition from wildcard198 to wildcard116
[DEBUG] Dynamically added transition from wildcard198 to wildcard117
[DEBUG] Dynamically added transition from wildcard198 to .*
[DEBUG] Dynamically added transition from wildcard198 to wildcard114
[DEBUG] Dynamically added transition from wildcard198 to wildcard115
[DEBUG] Dynamically added transition from wildcard198 to wildcard112
[DEBUG] Dynamically added transition from wildcard198 to wildcard113
[DEBUG] Dynamically added transition from wildcard198 to wildcard89
[DEBUG] Dynamically added transition from wildcard198 to wildcard88
[DEBUG] Dynamically added transition from wildcard198 to wildcard87
[DEBUG] Dynamically added transition from wildcard198 to wildcard86
[DEBUG] Dynamically added transition from wildcard198 to INITIAL
[DEBUG] Dynamically added transition from wildcard198 to wildcard85
[DEBUG] Dynamically added transition from wildcard198 to wildcard84
[DEBUG] Dynamically added transition from wildcard198 to wildcard83
[DEBUG] Dynamically added transition from wildcard198 to wildcard82
[DEBUG] Dynamically added transition from wildcard198 to wildcard81
[DEBUG] Dynamically added transition from wildcard198 to wildcard80
[DEBUG] Dynamically added transition from wildcard198 to wildcard99
[DEBUG] Dynamically added transition from wildcard198 to wildcard98
[DEBUG] Dynamically added transition from wildcard198 to wildcard97
[DEBUG] Dynamically added transition from wildcard198 to wildcard96
[DEBUG] Dynamically added transition from wildcard198 to wildcard95
[DEBUG] Dynamically added transition from wildcard198 to wildcard94
[DEBUG] Dynamically added transition from wildcard198 to wildcard93
[DEBUG] Dynamically added transition from wildcard198 to wildcard92
[DEBUG] Dynamically added transition from wildcard198 to wildcard91
[DEBUG] Dynamically added transition from wildcard198 to wildcard90
[INFO] Wildcard transition valid to state: wildcard198
[INFO] Wildcard transition detected from wildcard198 to wildcard199
[DEBUG] Created intermediate state for wildcard transition: wildcard199
[DEBUG] Dynamically added transition from wildcard198 to wildcard199
[DEBUG] Dynamically added transition from wildcard27 to wildcard199
[DEBUG] Dynamically added transition from wildcard26 to wildcard199
[DEBUG] Dynamically added transition from wildcard25 to wildcard199
[DEBUG] Dynamically added transition from wildcard24 to wildcard199
[DEBUG] Dynamically added transition from wildcard23 to wildcard199
[DEBUG] Dynamically added transition from wildcard22 to wildcard199
[DEBUG] Dynamically added transition from wildcard21 to wildcard199
[DEBUG] Dynamically added transition from wildcard20 to wildcard199
[DEBUG] Dynamically added transition from wildcard143 to wildcard199
[DEBUG] Dynamically added transition from wildcard144 to wildcard199
[DEBUG] Dynamically added transition from wildcard141 to wildcard199
[DEBUG] Dynamically added transition from wildcard142 to wildcard199
[DEBUG] Dynamically added transition from wildcard140 to wildcard199
[DEBUG] Dynamically added transition from wildcard149 to wildcard199
[DEBUG] Dynamically added transition from wildcard147 to wildcard199
[DEBUG] Dynamically added transition from wildcard19 to wildcard199
[DEBUG] Dynamically added transition from wildcard148 to wildcard199
[DEBUG] Dynamically added transition from wildcard18 to wildcard199
[DEBUG] Dynamically added transition from wildcard145 to wildcard199
[DEBUG] Dynamically added transition from wildcard17 to wildcard199
[DEBUG] Dynamically added transition from wildcard146 to wildcard199
[DEBUG] Dynamically added transition from wildcard38 to wildcard199
[DEBUG] Dynamically added transition from wildcard37 to wildcard199
[DEBUG] Dynamically added transition from wildcard36 to wildcard199
[DEBUG] Dynamically added transition from wildcard35 to wildcard199
[DEBUG] Dynamically added transition from wildcard34 to wildcard199
[DEBUG] Dynamically added transition from wildcard33 to wildcard199
[DEBUG] Dynamically added transition from wildcard32 to wildcard199
[DEBUG] Dynamically added transition from wildcard31 to wildcard199
[DEBUG] Dynamically added transition from wildcard30 to wildcard199
[DEBUG] Dynamically added transition from wildcard154 to wildcard199
[DEBUG] Dynamically added transition from wildcard155 to wildcard199
[DEBUG] Dynamically added transition from wildcard152 to wildcard199
[DEBUG] Dynamically added transition from wildcard153 to wildcard199
[DEBUG] Dynamically added transition from wildcard150 to wildcard199
[DEBUG] Dynamically added transition from wildcard151 to wildcard199
[DEBUG] Dynamically added transition from wildcard158 to wildcard199
[DEBUG] Dynamically added transition from wildcard159 to wildcard199
[DEBUG] Dynamically added transition from wildcard29 to wildcard199
[DEBUG] Dynamically added transition from wildcard156 to wildcard199
[DEBUG] Dynamically added transition from wildcard28 to wildcard199
[DEBUG] Dynamically added transition from wildcard157 to wildcard199
[DEBUG] Dynamically added transition from wildcard49 to wildcard199
[DEBUG] Dynamically added transition from wildcard48 to wildcard199
[DEBUG] Dynamically added transition from wildcard47 to wildcard199
[DEBUG] Dynamically added transition from wildcard46 to wildcard199
[DEBUG] Dynamically added transition from wildcard45 to wildcard199
[DEBUG] Dynamically added transition from wildcard44 to wildcard199
[DEBUG] Dynamically added transition from wildcard43 to wildcard199
[DEBUG] Dynamically added transition from wildcard42 to wildcard199
[DEBUG] Dynamically added transition from wildcard41 to wildcard199
[DEBUG] Dynamically added transition from wildcard40 to wildcard199
[DEBUG] Dynamically added transition from wildcard121 to wildcard199
[DEBUG] Dynamically added transition from wildcard122 to wildcard199
[DEBUG] Dynamically added transition from wildcard120 to wildcard199
[DEBUG] Dynamically added transition from wildcard129 to wildcard199
[DEBUG] Dynamically added transition from wildcard127 to wildcard199
[DEBUG] Dynamically added transition from wildcard128 to wildcard199
[DEBUG] Dynamically added transition from wildcard125 to wildcard199
[DEBUG] Dynamically added transition from wildcard126 to wildcard199
[DEBUG] Dynamically added transition from wildcard123 to wildcard199
[DEBUG] Dynamically added transition from wildcard39 to wildcard199
[DEBUG] Dynamically added transition from wildcard124 to wildcard199
[DEBUG] Dynamically added transition from wildcard59 to wildcard199
[DEBUG] Dynamically added transition from wildcard58 to wildcard199
[DEBUG] Dynamically added transition from middle to wildcard199
[DEBUG] Dynamically added transition from wildcard57 to wildcard199
[DEBUG] Dynamically added transition from wildcard56 to wildcard199
[DEBUG] Dynamically added transition from wildcard55 to wildcard199
[DEBUG] Dynamically added transition from wildcard54 to wildcard199
[DEBUG] Dynamically added transition from wildcard53 to wildcard199
[DEBUG] Dynamically added transition from wildcard52 to wildcard199
[DEBUG] Dynamically added transition from wildcard51 to wildcard199
[DEBUG] Dynamically added transition from wildcard50 to wildcard199
[DEBUG] Dynamically added transition from wildcard132 to wildcard199
[DEBUG] Dynamically added transition from wildcard133 to wildcard199
[DEBUG] Dynamically added transition from wildcard130 to wildcard199
[DEBUG] Dynamically added transition from wildcard131 to wildcard199
[DEBUG] Dynamically added transition from wildcard138 to wildcard199
[DEBUG] Dynamically added transition from wildcard139 to wildcard199
[DEBUG] Dynamically added transition from wildcard136 to wildcard199
[DEBUG] Dynamically added transition from wildcard137 to wildcard199
[DEBUG] Dynamically added transition from wildcard134 to wildcard199
[DEBUG] Dynamically added transition from wildcard135 to wildcard199
[DEBUG] Dynamically added transition from wildcard180 to wildcard199
[DEBUG] Dynamically added transition from wildcard187 to wildcard199
[DEBUG] Dynamically added transition from wildcard188 to wildcard199
[DEBUG] Dynamically added transition from wildcard185 to wildcard199
[DEBUG] Dynamically added transition from wildcard186 to wildcard199
[DEBUG] Dynamically added transition from wildcard183 to wildcard199
[DEBUG] Dynamically added transition from wildcard184 to wildcard199
[DEBUG] Dynamically added transition from wildcard181 to wildcard199
[DEBUG] Dynamically added transition from wildcard182 to wildcard199
[DEBUG] Dynamically added transition from wildcard189 to wildcard199
[DEBUG] Dynamically added transition from wildcard190 to wildcard199
[DEBUG] Dynamically added transition from wildcard191 to wildcard199
[DEBUG] Dynamically added transition from wildcard196 to wildcard199
[DEBUG] Dynamically added transition from wildcard197 to wildcard199
[DEBUG] Dynamically added transition from wildcard194 to wildcard199
[DEBUG] Dynamically added transition from wildcard195 to wildcard199
[DEBUG] Dynamically added transition from wildcard192 to wildcard199
[DEBUG] Dynamically added transition from wildcard193 to wildcard199
[DEBUG] Dynamically added transition from wildcard165 to wildcard199
[DEBUG] Dynamically added transition from wildcard166 to wildcard199
[DEBUG] Dynamically added transition from wildcard163 to wildcard199
[DEBUG] Dynamically added transition from wildcard164 to wildcard199
[DEBUG] Dynamically added transition from wildcard161 to wildcard199
[DEBUG] Dynamically added transition from wildcard162 to wildcard199
[DEBUG] Dynamically added transition from wildcard160 to wildcard199
[DEBUG] Dynamically added transition from wildcard169 to wildcard199
[DEBUG] Dynamically added transition from wildcard167 to wildcard199
[DEBUG] Dynamically added transition from wildcard168 to wildcard199
[DEBUG] Dynamically added transition from wildcard16 to wildcard199
[DEBUG] Dynamically added transition from wildcard15 to wildcard199
[DEBUG] Dynamically added transition from wildcard14 to wildcard199
[DEBUG] Dynamically added transition from wildcard13 to wildcard199
[DEBUG] Dynamically added transition from wildcard12 to wildcard199
[DEBUG] Dynamically added transition from wildcard11 to wildcard199
[DEBUG] Dynamically added transition from wildcard10 to wildcard199
[DEBUG] Dynamically added transition from start to wildcard199
[DEBUG] Dynamically added transition from wildcard176 to wildcard199
[DEBUG] Dynamically added transition from wildcard177 to wildcard199
[DEBUG] Dynamically added transition from wildcard174 to wildcard199
[DEBUG] Dynamically added transition from wildcard175 to wildcard199
[DEBUG] Dynamically added transition from wildcard172 to wildcard199
[DEBUG] Dynamically added transition from wildcard173 to wildcard199
[DEBUG] Dynamically added transition from wildcard170 to wildcard199
[DEBUG] Dynamically added transition from wildcard171 to wildcard199
[DEBUG] Dynamically added transition from wildcard178 to wildcard199
[DEBUG] Dynamically added transition from wildcard179 to wildcard199
[DEBUG] Dynamically added transition from wildcard1 to wildcard199
[DEBUG] Dynamically added transition from wildcard0 to wildcard199
[DEBUG] Dynamically added transition from wildcard3 to wildcard199
[DEBUG] Dynamically added transition from wildcard2 to wildcard199
[DEBUG] Dynamically added transition from wildcard5 to wildcard199
[DEBUG] Dynamically added transition from wildcard4 to wildcard199
[DEBUG] Dynamically added transition from wildcard7 to wildcard199
[DEBUG] Dynamically added transition from wildcard6 to wildcard199
[DEBUG] Dynamically added transition from wildcard9 to wildcard199
[DEBUG] Dynamically added transition from wildcard8 to wildcard199
[DEBUG] Dynamically added transition from wildcard69 to wildcard199
[DEBUG] Dynamically added transition from wildcard68 to wildcard199
[DEBUG] Dynamically added transition from wildcard67 to wildcard199
[DEBUG] Dynamically added transition from wildcard66 to wildcard199
[DEBUG] Dynamically added transition from wildcard65 to wildcard199
[DEBUG] Dynamically added transition from wildcard64 to wildcard199
[DEBUG] Dynamically added transition from wildcard63 to wildcard199
[DEBUG] Dynamically added transition from wildcard62 to wildcard199
[DEBUG] Dynamically added transition from wildcard61 to wildcard199
[DEBUG] Dynamically added transition from wildcard60 to wildcard199
[DEBUG] Dynamically added transition from wildcard100 to wildcard199
[DEBUG] Dynamically added transition from wildcard107 to wildcard199
[DEBUG] Dynamically added transition from wildcard108 to wildcard199
[DEBUG] Dynamically added transition from wildcard105 to wildcard199
[DEBUG] Dynamically added transition from wildcard106 to wildcard199
[DEBUG] Dynamically added transition from wildcard103 to wildcard199
[DEBUG] Dynamically added transition from wildcard104 to wildcard199
[DEBUG] Dynamically added transition from wildcard101 to wildcard199
[DEBUG] Dynamically added transition from wildcard102 to wildcard199
[DEBUG] Dynamically added transition from wildcard79 to wildcard199
[DEBUG] Dynamically added transition from wildcard78 to wildcard199
[DEBUG] Dynamically added transition from wildcard77 to wildcard199
[DEBUG] Dynamically added transition from wildcard76 to wildcard199
[DEBUG] Dynamically added transition from wildcard109 to wildcard199
[DEBUG] Dynamically added transition from wildcard75 to wildcard199
[DEBUG] Dynamically added transition from wildcard74 to wildcard199
[DEBUG] Dynamically added transition from wildcard73 to wildcard199
[DEBUG] Dynamically added transition from wildcard72 to wildcard199
[DEBUG] Dynamically added transition from wildcard71 to wildcard199
[DEBUG] Dynamically added transition from wildcard70 to wildcard199
[DEBUG] Dynamically added transition from wildcard110 to wildcard199
[DEBUG] Dynamically added transition from wildcard111 to wildcard199
[DEBUG] Dynamically added transition from wildcard118 to wildcard199
[DEBUG] Dynamically added transition from wildcard119 to wildcard199
[DEBUG] Dynamically added transition from wildcard116 to wildcard199
[DEBUG] Dynamically added transition from wildcard117 to wildcard199
[DEBUG] Dynamically added transition from wildcard114 to wildcard199
[DEBUG] Dynamically added transition from wildcard115 to wildcard199
[DEBUG] Dynamically added transition from wildcard112 to wildcard199
[DEBUG] Dynamically added transition from wildcard113 to wildcard199
[DEBUG] Dynamically added transition from wildcard89 to wildcard199
[DEBUG] Dynamically added transition from wildcard88 to wildcard199
[DEBUG] Dynamically added transition from wildcard87 to wildcard199
[DEBUG] Dynamically added transition from wildcard86 to wildcard199
[DEBUG] Dynamically added transition from wildcard85 to wildcard199
[DEBUG] Dynamically added transition from wildcard84 to wildcard199
[DEBUG] Dynamically added transition from wildcard83 to wildcard199
[DEBUG] Dynamically added transition from wildcard82 to wildcard199
[DEBUG] Dynamically added transition from wildcard81 to wildcard199
[DEBUG] Dynamically added transition from wildcard80 to wildcard199
[DEBUG] Dynamically added transition from wildcard99 to wildcard199
[DEBUG] Dynamically added transition from wildcard98 to wildcard199
[DEBUG] Dynamically added transition from wildcard97 to wildcard199
[DEBUG] Dynamically added transition from wildcard96 to wildcard199
[DEBUG] Dynamically added transition from wildcard95 to wildcard199
[DEBUG] Dynamically added transition from wildcard94 to wildcard199
[DEBUG] Dynamically added transition from wildcard93 to wildcard199
[DEBUG] Dynamically added transition from wildcard92 to wildcard199
[DEBUG] Dynamically added transition from wildcard91 to wildcard199
[DEBUG] Dynamically added transition from wildcard90 to wildcard199
[DEBUG] Dynamically added transition from wildcard199 to wildcard27
[DEBUG] Dynamically added transition from wildcard199 to wildcard26
[DEBUG] Dynamically added transition from wildcard199 to wildcard25
[DEBUG] Dynamically added transition from wildcard199 to wildcard24
[DEBUG] Dynamically added transition from wildcard199 to wildcard23
[DEBUG] Dynamically added transition from wildcard199 to wildcard22
[DEBUG] Dynamically added transition from wildcard199 to wildcard21
[DEBUG] Dynamically added transition from wildcard199 to wildcard20
[DEBUG] Dynamically added transition from wildcard199 to wildcard143
[DEBUG] Dynamically added transition from wildcard199 to wildcard144
[DEBUG] Dynamically added transition from wildcard199 to wildcard141
[DEBUG] Dynamically added transition from wildcard199 to wildcard142
[DEBUG] Dynamically added transition from wildcard199 to wildcard140
[DEBUG] Dynamically added transition from wildcard199 to wildcard149
[DEBUG] Dynamically added transition from wildcard199 to wildcard147
[DEBUG] Dynamically added transition from wildcard199 to wildcard19
[DEBUG] Dynamically added transition from wildcard199 to wildcard148
[DEBUG] Dynamically added transition from wildcard199 to wildcard18
[DEBUG] Dynamically added transition from wildcard199 to wildcard145
[DEBUG] Dynamically added transition from wildcard199 to wildcard17
[DEBUG] Dynamically added transition from wildcard199 to wildcard146
[DEBUG] Dynamically added transition from wildcard199 to wildcard38
[DEBUG] Dynamically added transition from wildcard199 to wildcard37
[DEBUG] Dynamically added transition from wildcard199 to wildcard36
[DEBUG] Dynamically added transition from wildcard199 to wildcard35
[DEBUG] Dynamically added transition from wildcard199 to wildcard34
[DEBUG] Dynamically added transition from wildcard199 to wildcard33
[DEBUG] Dynamically added transition from wildcard199 to wildcard32
[DEBUG] Dynamically added transition from wildcard199 to wildcard31
[DEBUG] Dynamically added transition from wildcard199 to wildcard30
[DEBUG] Dynamically added transition from wildcard199 to wildcard154
[DEBUG] Dynamically added transition from wildcard199 to wildcard155
[DEBUG] Dynamically added transition from wildcard199 to wildcard152
[DEBUG] Dynamically added transition from wildcard199 to wildcard153
[DEBUG] Dynamically added transition from wildcard199 to wildcard150
[DEBUG] Dynamically added transition from wildcard199 to wildcard151
[DEBUG] Dynamically added transition from wildcard199 to wildcard158
[DEBUG] Dynamically added transition from wildcard199 to wildcard159
[DEBUG] Dynamically added transition from wildcard199 to wildcard29
[DEBUG] Dynamically added transition from wildcard199 to wildcard156
[DEBUG] Dynamically added transition from wildcard199 to wildcard28
[DEBUG] Dynamically added transition from wildcard199 to wildcard157
[DEBUG] Dynamically added transition from wildcard199 to wildcard49
[DEBUG] Dynamically added transition from wildcard199 to wildcard48
[DEBUG] Dynamically added transition from wildcard199 to wildcard47
[DEBUG] Dynamically added transition from wildcard199 to wildcard46
[DEBUG] Dynamically added transition from wildcard199 to wildcard45
[DEBUG] Dynamically added transition from wildcard199 to wildcard44
[DEBUG] Dynamically added transition from wildcard199 to wildcard43
[DEBUG] Dynamically added transition from wildcard199 to wildcard42
[DEBUG] Dynamically added transition from wildcard199 to wildcard41
[DEBUG] Dynamically added transition from wildcard199 to wildcard40
[DEBUG] Dynamically added transition from wildcard199 to wildcard121
[DEBUG] Dynamically added transition from wildcard199 to wildcard122
[DEBUG] Dynamically added transition from wildcard199 to wildcard120
[DEBUG] Dynamically added transition from wildcard199 to wildcard129
[DEBUG] Dynamically added transition from wildcard199 to wildcard127
[DEBUG] Dynamically added transition from wildcard199 to wildcard128
[DEBUG] Dynamically added transition from wildcard199 to wildcard125
[DEBUG] Dynamically added transition from wildcard199 to wildcard126
[DEBUG] Dynamically added transition from wildcard199 to wildcard123
[DEBUG] Dynamically added transition from wildcard199 to wildcard39
[DEBUG] Dynamically added transition from wildcard199 to wildcard124
[DEBUG] Dynamically added transition from wildcard199 to wildcard59
[DEBUG] Dynamically added transition from wildcard199 to wildcard58
[DEBUG] Dynamically added transition from wildcard199 to middle
[DEBUG] Dynamically added transition from wildcard199 to wildcard57
[DEBUG] Dynamically added transition from wildcard199 to wildcard56
[DEBUG] Dynamically added transition from wildcard199 to wildcard55
[DEBUG] Dynamically added transition from wildcard199 to wildcard54
[DEBUG] Dynamically added transition from wildcard199 to wildcard53
[DEBUG] Dynamically added transition from wildcard199 to wildcard52
[DEBUG] Dynamically added transition from wildcard199 to wildcard51
[DEBUG] Dynamically added transition from wildcard199 to wildcard50
[DEBUG] Dynamically added transition from wildcard199 to wildcard132
[DEBUG] Dynamically added transition from wildcard199 to wildcard133
[DEBUG] Dynamically added transition from wildcard199 to wildcard130
[DEBUG] Dynamically added transition from wildcard199 to wildcard131
[DEBUG] Dynamically added transition from wildcard199 to wildcard138
[DEBUG] Dynamically added transition from wildcard199 to wildcard139
[DEBUG] Dynamically added transition from wildcard199 to wildcard136
[DEBUG] Dynamically added transition from wildcard199 to wildcard137
[DEBUG] Dynamically added transition from wildcard199 to wildcard134
[DEBUG] Dynamically added transition from wildcard199 to wildcard135
[DEBUG] Dynamically added transition from wildcard199 to wildcard180
[DEBUG] Dynamically added transition from wildcard199 to wildcard187
[DEBUG] Dynamically added transition from wildcard199 to wildcard188
[DEBUG] Dynamically added transition from wildcard199 to wildcard185
[DEBUG] Dynamically added transition from wildcard199 to wildcard186
[DEBUG] Dynamically added transition from wildcard199 to wildcard183
[DEBUG] Dynamically added transition from wildcard199 to wildcard184
[DEBUG] Dynamically added transition from wildcard199 to wildcard181
[DEBUG] Dynamically added transition from wildcard199 to wildcard182
[DEBUG] Dynamically added transition from wildcard199 to wildcard189
[DEBUG] Dynamically added transition from wildcard199 to wildcard190
[DEBUG] Dynamically added transition from wildcard199 to wildcard191
[DEBUG] Dynamically added transition from wildcard199 to wildcard198
[DEBUG] Dynamically added transition from wildcard199 to wildcard199
[DEBUG] Dynamically added transition from wildcard199 to wildcard196
[DEBUG] Dynamically added transition from wildcard199 to wildcard197
[DEBUG] Dynamically added transition from wildcard199 to wildcard194
[DEBUG] Dynamically added transition from wildcard199 to wildcard195
[DEBUG] Dynamically added transition from wildcard199 to wildcard192
[DEBUG] Dynamically added transition from wildcard199 to wildcard193
[DEBUG] Dynamically added transition from wildcard199 to wildcard165
[DEBUG] Dynamically added transition from wildcard199 to wildcard166
[DEBUG] Dynamically added transition from wildcard199 to wildcard163
[DEBUG] Dynamically added transition from wildcard199 to wildcard164
[DEBUG] Dynamically added transition from wildcard199 to wildcard161
[DEBUG] Dynamically added transition from wildcard199 to wildcard162
[DEBUG] Dynamically added transition from wildcard199 to wildcard160
[DEBUG] Dynamically added transition from wildcard199 to end
[DEBUG] Dynamically added transition from wildcard199 to wildcard169
[DEBUG] Dynamically added transition from wildcard199 to wildcard167
[DEBUG] Dynamically added transition from wildcard199 to wildcard168
[DEBUG] Dynamically added transition from wildcard199 to wildcard16
[DEBUG] Dynamically added transition from wildcard199 to wildcard15
[DEBUG] Dynamically added transition from wildcard199 to wildcard14
[DEBUG] Dynamically added transition from wildcard199 to wildcard13
[DEBUG] Dynamically added transition from wildcard199 to wildcard12
[DEBUG] Dynamically added transition from wildcard199 to wildcard11
[DEBUG] Dynamically added transition from wildcard199 to wildcard10
[DEBUG] Dynamically added transition from wildcard199 to start
[DEBUG] Dynamically added transition from wildcard199 to wildcard176
[DEBUG] Dynamically added transition from wildcard199 to wildcard177
[DEBUG] Dynamically added transition from wildcard199 to wildcard174
[DEBUG] Dynamically added transition from wildcard199 to wildcard175
[DEBUG] Dynamically added transition from wildcard199 to wildcard172
[DEBUG] Dynamically added transition from wildcard199 to wildcard173
[DEBUG] Dynamically added transition from wildcard199 to wildcard170
[DEBUG] Dynamically added transition from wildcard199 to wildcard171
[DEBUG] Dynamically added transition from wildcard199 to wildcard178
[DEBUG] Dynamically added transition from wildcard199 to wildcard179
[DEBUG] Dynamically added transition from wildcard199 to wildcard1
[DEBUG] Dynamically added transition from wildcard199 to wildcard0
[DEBUG] Dynamically added transition from wildcard199 to wildcard3
[DEBUG] Dynamically added transition from wildcard199 to wildcard2
[DEBUG] Dynamically added transition from wildcard199 to wildcard5
[DEBUG] Dynamically added transition from wildcard199 to wildcard4
[DEBUG] Dynamically added transition from wildcard199 to wildcard7
[DEBUG] Dynamically added transition from wildcard199 to wildcard6
[DEBUG] Dynamically added transition from wildcard199 to wildcard9
[DEBUG] Dynamically added transition from wildcard199 to wildcard8
[DEBUG] Dynamically added transition from wildcard199 to wildcard69
[DEBUG] Dynamically added transition from wildcard199 to wildcard68
[DEBUG] Dynamically added transition from wildcard199 to wildcard67
[DEBUG] Dynamically added transition from wildcard199 to wildcard66
[DEBUG] Dynamically added transition from wildcard199 to wildcard65
[DEBUG] Dynamically added transition from wildcard199 to wildcard64
[DEBUG] Dynamically added transition from wildcard199 to wildcard63
[DEBUG] Dynamically added transition from wildcard199 to wildcard62
[DEBUG] Dynamically added transition from wildcard199 to wildcard61
[DEBUG] Dynamically added transition from wildcard199 to wildcard60
[DEBUG] Dynamically added transition from wildcard199 to wildcard100
[DEBUG] Dynamically added transition from wildcard199 to wildcard107
[DEBUG] Dynamically added transition from wildcard199 to wildcard108
[DEBUG] Dynamically added transition from wildcard199 to wildcard105
[DEBUG] Dynamically added transition from wildcard199 to wildcard106
[DEBUG] Dynamically added transition from wildcard199 to wildcard103
[DEBUG] Dynamically added transition from wildcard199 to wildcard104
[DEBUG] Dynamically added transition from wildcard199 to wildcard101
[DEBUG] Dynamically added transition from wildcard199 to wildcard102
[DEBUG] Dynamically added transition from wildcard199 to wildcard79
[DEBUG] Dynamically added transition from wildcard199 to wildcard78
[DEBUG] Dynamically added transition from wildcard199 to wildcard77
[DEBUG] Dynamically added transition from wildcard199 to wildcard76
[DEBUG] Dynamically added transition from wildcard199 to wildcard109
[DEBUG] Dynamically added transition from wildcard199 to wildcard75
[DEBUG] Dynamically added transition from wildcard199 to wildcard74
[DEBUG] Dynamically added transition from wildcard199 to wildcard73
[DEBUG] Dynamically added transition from wildcard199 to wildcard72
[DEBUG] Dynamically added transition from wildcard199 to wildcard71
[DEBUG] Dynamically added transition from wildcard199 to wildcard70
[DEBUG] Dynamically added transition from wildcard199 to wildcard110
[DEBUG] Dynamically added transition from wildcard199 to wildcard111
[DEBUG] Dynamically added transition from wildcard199 to wildcard118
[DEBUG] Dynamically added transition from wildcard199 to wildcard119
[DEBUG] Dynamically added transition from wildcard199 to wildcard116
[DEBUG] Dynamically added transition from wildcard199 to wildcard117
[DEBUG] Dynamically added transition from wildcard199 to .*
[DEBUG] Dynamically added transition from wildcard199 to wildcard114
[DEBUG] Dynamically added transition from wildcard199 to wildcard115
[DEBUG] Dynamically added transition from wildcard199 to wildcard112
[DEBUG] Dynamically added transition from wildcard199 to wildcard113
[DEBUG] Dynamically added transition from wildcard199 to wildcard89
[DEBUG] Dynamically added transition from wildcard199 to wildcard88
[DEBUG] Dynamically added transition from wildcard199 to wildcard87
[DEBUG] Dynamically added transition from wildcard199 to wildcard86
[DEBUG] Dynamically added transition from wildcard199 to INITIAL
[DEBUG] Dynamically added transition from wildcard199 to wildcard85
[DEBUG] Dynamically added transition from wildcard199 to wildcard84
[DEBUG] Dynamically added transition from wildcard199 to wildcard83
[DEBUG] Dynamically added transition from wildcard199 to wildcard82
[DEBUG] Dynamically added transition from wildcard199 to wildcard81
[DEBUG] Dynamically added transition from wildcard199 to wildcard80
[DEBUG] Dynamically added transition from wildcard199 to wildcard99
[DEBUG] Dynamically added transition from wildcard199 to wildcard98
[DEBUG] Dynamically added transition from wildcard199 to wildcard97
[DEBUG] Dynamically added transition from wildcard199 to wildcard96
[DEBUG] Dynamically added transition from wildcard199 to wildcard95
[DEBUG] Dynamically added transition from wildcard199 to wildcard94
[DEBUG] Dynamically added transition from wildcard199 to wildcard93
[DEBUG] Dynamically added transition from wildcard199 to wildcard92
[DEBUG] Dynamically added transition from wildcard199 to wildcard91
[DEBUG] Dynamically added transition from wildcard199 to wildcard90
[INFO] Wildcard transition valid to state: wildcard199
[INFO] Transition valid. Current state updated to: end
[TEST] Finished testWildcardExplosion
]]></system-out>
  </testcase>
  <testcase name="testRedundantPaths" classname="com.luis.tfg.ExecutionOrder.StateMachineStressTest" time="0.024">
    <failure type="org.opentest4j.AssertionFailedError"><![CDATA[org.opentest4j.AssertionFailedError: Unexpected IllegalStateException for path A: [ERROR] Invalid transition from INITIAL to a.
	at com.luis.tfg.ExecutionOrder.StateMachineStressTest.testRedundantPaths(StateMachineStressTest.java:237)
]]></failure>
    <system-out><![CDATA[[TEST] Starting testRedundantPaths
[INFO] Registering StateMachine for instance: TestClass{id='redundant-paths-a'}
[INFO] Initializing StateMachine with regex: ((a | b) & c) -> d -> FINAL
[DEBUG] Full regex: ((a | b) & c) -> d -> FINAL
[DEBUG] Main regex: ((a | b) & c) -> d -> FINAL
[DEBUG] Special transitions: null
[DEBUG] Initial state: INITIAL
[DEBUG] Declared final state: FINAL
[DEBUG] Processing segment: ((a | b) & c)
[DEBUG] Handling complex segment: ((a | b) & c)
[DEBUG] Detected OR-AND combination
[DEBUG] Entering handleOrAndCondition
[DEBUG] Initial state: INITIAL
[DEBUG] Final state: d
[DEBUG] Segment: ((a | b) & c)
[DEBUG] Transitions Configured:
  INITIAL -> [start, process, end]
  start -> [end]
  process -> [end]
  end -> [start, process, FINAL]
[DEBUG] Processing segment: d
[DEBUG] Added transition from INITIAL to d
[DEBUG] Processing segment: FINAL
[DEBUG] Added transition from d to FINAL
[DEBUG] Complete StateMachine transitions:
State process transitions to: [com.luis.tfg.ExecutionOrder.State@2e1c5d1f]
State d transitions to: [com.luis.tfg.ExecutionOrder.State@2d2afc39]
State start transitions to: [com.luis.tfg.ExecutionOrder.State@2e1c5d1f]
State INITIAL transitions to: [com.luis.tfg.ExecutionOrder.State@e2498a3, com.luis.tfg.ExecutionOrder.State@26c2f767, com.luis.tfg.ExecutionOrder.State@6a7ab205, com.luis.tfg.ExecutionOrder.State@2e1c5d1f]
State end transitions to: [com.luis.tfg.ExecutionOrder.State@e2498a3, com.luis.tfg.ExecutionOrder.State@26c2f767, com.luis.tfg.ExecutionOrder.State@6a7ab205]
State FINAL transitions to: []
[DEBUG] Complete StateMachine transitions:
State process transitions to: [com.luis.tfg.ExecutionOrder.State@2e1c5d1f]
State d transitions to: [com.luis.tfg.ExecutionOrder.State@2d2afc39]
State start transitions to: [com.luis.tfg.ExecutionOrder.State@2e1c5d1f]
State INITIAL transitions to: [com.luis.tfg.ExecutionOrder.State@e2498a3, com.luis.tfg.ExecutionOrder.State@26c2f767, com.luis.tfg.ExecutionOrder.State@6a7ab205, com.luis.tfg.ExecutionOrder.State@2e1c5d1f]
State end transitions to: [com.luis.tfg.ExecutionOrder.State@e2498a3, com.luis.tfg.ExecutionOrder.State@26c2f767, com.luis.tfg.ExecutionOrder.State@6a7ab205]
State FINAL transitions to: []
[INFO] StateMachine registered for instance: TestClass{id='redundant-paths-a'} with transitions: {process=[end], d=[FINAL], start=[end], INITIAL=[process, d, start, end], end=[process, d, start]}
[INFO] Current StateMachineMap content:
    Instance: TestClass{id='id55-or'} -> StateMachine: com.luis.tfg.ExecutionOrder.StateMachine@6ab826bb
    Instance: TestClass{id='id-long-sequence'} -> StateMachine: com.luis.tfg.ExecutionOrder.StateMachine@56351c02
    Instance: TestClass{id='id21'} -> StateMachine: com.luis.tfg.ExecutionOrder.StateMachine@2d758472
    Instance: TestClass{id='id23'} -> StateMachine: com.luis.tfg.ExecutionOrder.StateMachine@5daa621b
    Instance: TestClass{id='id22'} -> StateMachine: com.luis.tfg.ExecutionOrder.StateMachine@41d53813
    Instance: TestClass{id='id-declared-final-state-test'} -> StateMachine: com.luis.tfg.ExecutionOrder.StateMachine@14bd523b
    Instance: TestClass{id='id24'} -> StateMachine: com.luis.tfg.ExecutionOrder.StateMachine@3095d06b
    Instance: TestClass{id='id27'} -> StateMachine: com.luis.tfg.ExecutionOrder.StateMachine@2ce62e27
    Instance: TestClass{id='id337'} -> StateMachine: com.luis.tfg.ExecutionOrder.StateMachine@486bcaa
    Instance: TestClass{id='id26'} -> StateMachine: com.luis.tfg.ExecutionOrder.StateMachine@7253c53
    Instance: TestClass{id='id-or-and-path4'} -> StateMachine: com.luis.tfg.ExecutionOrder.StateMachine@2484c868
    Instance: TestClass{id='id1'} -> StateMachine: com.luis.tfg.ExecutionOrder.StateMachine@67f0bf7e
    Instance: TestClass{id='id3'} -> StateMachine: com.luis.tfg.ExecutionOrder.StateMachine@3c4e23be
    Instance: TestClass{id='complex-combinations-path1'} -> StateMachine: com.luis.tfg.ExecutionOrder.StateMachine@3d99d327
    Instance: TestClass{id='id-special-final'} -> StateMachine: com.luis.tfg.ExecutionOrder.StateMachine@31fc658f
    Instance: TestClass{id='id2'} -> StateMachine: com.luis.tfg.ExecutionOrder.StateMachine@7fd32c56
    Instance: TestClass{id='redundant-paths-a'} -> StateMachine: com.luis.tfg.ExecutionOrder.StateMachine@10cb5047
    Instance: TestClass{id='id55-and'} -> StateMachine: com.luis.tfg.ExecutionOrder.StateMachine@726a5e6a
    Instance: TestClass{id='id5'} -> StateMachine: com.luis.tfg.ExecutionOrder.StateMachine@5dd2ea0a
    Instance: TestClass{id='id7'} -> StateMachine: com.luis.tfg.ExecutionOrder.StateMachine@4a9412c4
    Instance: TestClass{id='id6'} -> StateMachine: com.luis.tfg.ExecutionOrder.StateMachine@6c2fea95
    Instance: TestClass{id='id8'} -> StateMachine: com.luis.tfg.ExecutionOrder.StateMachine@d28a235
    Instance: TestClass{id='id-invalid-regex'} -> StateMachine: com.luis.tfg.ExecutionOrder.StateMachine@328bc067
    Instance: TestClass{id='id-special-final2'} -> StateMachine: com.luis.tfg.ExecutionOrder.StateMachine@187df588
    Instance: TestClass{id='id72'} -> StateMachine: com.luis.tfg.ExecutionOrder.StateMachine@6e1d9b32
    Instance: TestClass{id='id-or-paths-b'} -> StateMachine: com.luis.tfg.ExecutionOrder.StateMachine@138b9abe
    Instance: TestClass{id='id-or-paths-a'} -> StateMachine: com.luis.tfg.ExecutionOrder.StateMachine@1d38cdde
    Instance: TestClass{id='complex-cycles'} -> StateMachine: com.luis.tfg.ExecutionOrder.StateMachine@4b62f1ba
    Instance: TestClass{id='id10'} -> StateMachine: com.luis.tfg.ExecutionOrder.StateMachine@244f356
    Instance: TestClass{id='id31'} -> StateMachine: com.luis.tfg.ExecutionOrder.StateMachine@17fa14a3
    Instance: TestClass{id='id12'} -> StateMachine: com.luis.tfg.ExecutionOrder.StateMachine@6885f3f7
    Instance: TestClass{id='id-or-and-path1'} -> StateMachine: com.luis.tfg.ExecutionOrder.StateMachine@3dc39412
    Instance: TestClass{id='id-or-and-path3'} -> StateMachine: com.luis.tfg.ExecutionOrder.StateMachine@72641613
    Instance: TestClass{id='id-or-and-path2'} -> StateMachine: com.luis.tfg.ExecutionOrder.StateMachine@2e38d44e
    Instance: TestClass{id='id29'} -> StateMachine: com.luis.tfg.ExecutionOrder.StateMachine@4a8bf1dc
    Instance: TestClass{id='id28'} -> StateMachine: com.luis.tfg.ExecutionOrder.StateMachine@46d18a33
    Instance: TestClass{id='id-wildcard-explosion'} -> StateMachine: com.luis.tfg.ExecutionOrder.StateMachine@2059c3ff
    Instance: TestClass{id='id-or-and'} -> StateMachine: com.luis.tfg.ExecutionOrder.StateMachine@4bc41565
[INFO] Registering StateMachine for instance: TestClass{id='redundant-paths-b'}
[INFO] Initializing StateMachine with regex: ((a | b) & c) -> d -> FINAL
[DEBUG] Full regex: ((a | b) & c) -> d -> FINAL
[DEBUG] Main regex: ((a | b) & c) -> d -> FINAL
[DEBUG] Special transitions: null
[DEBUG] Initial state: INITIAL
[DEBUG] Declared final state: FINAL
[DEBUG] Processing segment: ((a | b) & c)
[DEBUG] Handling complex segment: ((a | b) & c)
[DEBUG] Detected OR-AND combination
[DEBUG] Entering handleOrAndCondition
[DEBUG] Initial state: INITIAL
[DEBUG] Final state: d
[DEBUG] Segment: ((a | b) & c)
[DEBUG] Transitions Configured:
  INITIAL -> [start, process, end]
  start -> [end]
  process -> [end]
  end -> [start, process, FINAL]
[DEBUG] Processing segment: d
[DEBUG] Added transition from INITIAL to d
[DEBUG] Processing segment: FINAL
[DEBUG] Added transition from d to FINAL
[DEBUG] Complete StateMachine transitions:
State process transitions to: [com.luis.tfg.ExecutionOrder.State@3a00237d]
State d transitions to: [com.luis.tfg.ExecutionOrder.State@bc88295]
State start transitions to: [com.luis.tfg.ExecutionOrder.State@3a00237d]
State INITIAL transitions to: [com.luis.tfg.ExecutionOrder.State@341df373, com.luis.tfg.ExecutionOrder.State@7e9ed4df, com.luis.tfg.ExecutionOrder.State@453e1bba, com.luis.tfg.ExecutionOrder.State@3a00237d]
State end transitions to: [com.luis.tfg.ExecutionOrder.State@341df373, com.luis.tfg.ExecutionOrder.State@7e9ed4df, com.luis.tfg.ExecutionOrder.State@453e1bba]
State FINAL transitions to: []
[DEBUG] Complete StateMachine transitions:
State process transitions to: [com.luis.tfg.ExecutionOrder.State@3a00237d]
State d transitions to: [com.luis.tfg.ExecutionOrder.State@bc88295]
State start transitions to: [com.luis.tfg.ExecutionOrder.State@3a00237d]
State INITIAL transitions to: [com.luis.tfg.ExecutionOrder.State@341df373, com.luis.tfg.ExecutionOrder.State@7e9ed4df, com.luis.tfg.ExecutionOrder.State@453e1bba, com.luis.tfg.ExecutionOrder.State@3a00237d]
State end transitions to: [com.luis.tfg.ExecutionOrder.State@341df373, com.luis.tfg.ExecutionOrder.State@7e9ed4df, com.luis.tfg.ExecutionOrder.State@453e1bba]
State FINAL transitions to: []
[INFO] StateMachine registered for instance: TestClass{id='redundant-paths-b'} with transitions: {process=[end], d=[FINAL], start=[end], INITIAL=[process, d, start, end], end=[process, d, start]}
[INFO] Current StateMachineMap content:
    Instance: TestClass{id='id55-or'} -> StateMachine: com.luis.tfg.ExecutionOrder.StateMachine@6ab826bb
    Instance: TestClass{id='id-long-sequence'} -> StateMachine: com.luis.tfg.ExecutionOrder.StateMachine@56351c02
    Instance: TestClass{id='id21'} -> StateMachine: com.luis.tfg.ExecutionOrder.StateMachine@2d758472
    Instance: TestClass{id='id23'} -> StateMachine: com.luis.tfg.ExecutionOrder.StateMachine@5daa621b
    Instance: TestClass{id='id22'} -> StateMachine: com.luis.tfg.ExecutionOrder.StateMachine@41d53813
    Instance: TestClass{id='id-declared-final-state-test'} -> StateMachine: com.luis.tfg.ExecutionOrder.StateMachine@14bd523b
    Instance: TestClass{id='id24'} -> StateMachine: com.luis.tfg.ExecutionOrder.StateMachine@3095d06b
    Instance: TestClass{id='id27'} -> StateMachine: com.luis.tfg.ExecutionOrder.StateMachine@2ce62e27
    Instance: TestClass{id='id337'} -> StateMachine: com.luis.tfg.ExecutionOrder.StateMachine@486bcaa
    Instance: TestClass{id='id26'} -> StateMachine: com.luis.tfg.ExecutionOrder.StateMachine@7253c53
    Instance: TestClass{id='id-or-and-path4'} -> StateMachine: com.luis.tfg.ExecutionOrder.StateMachine@2484c868
    Instance: TestClass{id='id1'} -> StateMachine: com.luis.tfg.ExecutionOrder.StateMachine@67f0bf7e
    Instance: TestClass{id='redundant-paths-b'} -> StateMachine: com.luis.tfg.ExecutionOrder.StateMachine@aade5a2
    Instance: TestClass{id='id3'} -> StateMachine: com.luis.tfg.ExecutionOrder.StateMachine@3c4e23be
    Instance: TestClass{id='complex-combinations-path1'} -> StateMachine: com.luis.tfg.ExecutionOrder.StateMachine@3d99d327
    Instance: TestClass{id='id-special-final'} -> StateMachine: com.luis.tfg.ExecutionOrder.StateMachine@31fc658f
    Instance: TestClass{id='id2'} -> StateMachine: com.luis.tfg.ExecutionOrder.StateMachine@7fd32c56
    Instance: TestClass{id='redundant-paths-a'} -> StateMachine: com.luis.tfg.ExecutionOrder.StateMachine@10cb5047
    Instance: TestClass{id='id55-and'} -> StateMachine: com.luis.tfg.ExecutionOrder.StateMachine@726a5e6a
    Instance: TestClass{id='id5'} -> StateMachine: com.luis.tfg.ExecutionOrder.StateMachine@5dd2ea0a
    Instance: TestClass{id='id7'} -> StateMachine: com.luis.tfg.ExecutionOrder.StateMachine@4a9412c4
    Instance: TestClass{id='id6'} -> StateMachine: com.luis.tfg.ExecutionOrder.StateMachine@6c2fea95
    Instance: TestClass{id='id8'} -> StateMachine: com.luis.tfg.ExecutionOrder.StateMachine@d28a235
    Instance: TestClass{id='id-invalid-regex'} -> StateMachine: com.luis.tfg.ExecutionOrder.StateMachine@328bc067
    Instance: TestClass{id='id-special-final2'} -> StateMachine: com.luis.tfg.ExecutionOrder.StateMachine@187df588
    Instance: TestClass{id='id72'} -> StateMachine: com.luis.tfg.ExecutionOrder.StateMachine@6e1d9b32
    Instance: TestClass{id='id-or-paths-b'} -> StateMachine: com.luis.tfg.ExecutionOrder.StateMachine@138b9abe
    Instance: TestClass{id='id-or-paths-a'} -> StateMachine: com.luis.tfg.ExecutionOrder.StateMachine@1d38cdde
    Instance: TestClass{id='complex-cycles'} -> StateMachine: com.luis.tfg.ExecutionOrder.StateMachine@4b62f1ba
    Instance: TestClass{id='id10'} -> StateMachine: com.luis.tfg.ExecutionOrder.StateMachine@244f356
    Instance: TestClass{id='id31'} -> StateMachine: com.luis.tfg.ExecutionOrder.StateMachine@17fa14a3
    Instance: TestClass{id='id12'} -> StateMachine: com.luis.tfg.ExecutionOrder.StateMachine@6885f3f7
    Instance: TestClass{id='id-or-and-path1'} -> StateMachine: com.luis.tfg.ExecutionOrder.StateMachine@3dc39412
    Instance: TestClass{id='id-or-and-path3'} -> StateMachine: com.luis.tfg.ExecutionOrder.StateMachine@72641613
    Instance: TestClass{id='id-or-and-path2'} -> StateMachine: com.luis.tfg.ExecutionOrder.StateMachine@2e38d44e
    Instance: TestClass{id='id29'} -> StateMachine: com.luis.tfg.ExecutionOrder.StateMachine@4a8bf1dc
    Instance: TestClass{id='id28'} -> StateMachine: com.luis.tfg.ExecutionOrder.StateMachine@46d18a33
    Instance: TestClass{id='id-wildcard-explosion'} -> StateMachine: com.luis.tfg.ExecutionOrder.StateMachine@2059c3ff
    Instance: TestClass{id='id-or-and'} -> StateMachine: com.luis.tfg.ExecutionOrder.StateMachine@4bc41565
[INFO] Fetching StateMachine for instance: TestClass{id='redundant-paths-a'}
[INFO] StateMachine fetched for instance: TestClass{id='redundant-paths-a'}
[INFO] Fetching StateMachine for instance: TestClass{id='redundant-paths-b'}
[INFO] StateMachine fetched for instance: TestClass{id='redundant-paths-b'}
]]></system-out>
  </testcase>
  <testcase name="testSpecialFinalTransitionLimit" classname="com.luis.tfg.ExecutionOrder.StateMachineStressTest" time="0.245">
    <system-out><![CDATA[[TEST] Starting testSpecialFinalTransitionLimit
[INFO] Registering StateMachine for instance: TestClass{id='id-special-final-limit'}
[INFO] Initializing StateMachine with regex: start -> end [end:+]
[DEBUG] Full regex: start -> end [end:+]
[DEBUG] Main regex: start -> end
[DEBUG] Special transitions: end:+
[DEBUG] Initial state: INITIAL
[DEBUG] Declared final state: end
[DEBUG] Processing segment: start
[DEBUG] Added transition from INITIAL to start
[DEBUG] Processing segment: end
[DEBUG] Added transition from start to end
[INFO] Special transitions configured for state 'end':
  - +
[DEBUG] Connected final state: end to FINAL
[DEBUG] Complete StateMachine transitions:
State start transitions to: [com.luis.tfg.ExecutionOrder.State@51f009ef]
State INITIAL transitions to: [com.luis.tfg.ExecutionOrder.State@59c00722]
State end transitions to: [com.luis.tfg.ExecutionOrder.State@6c96346b]
State FINAL transitions to: []
[DEBUG] Complete StateMachine transitions:
State start transitions to: [com.luis.tfg.ExecutionOrder.State@51f009ef]
State INITIAL transitions to: [com.luis.tfg.ExecutionOrder.State@59c00722]
State end transitions to: [com.luis.tfg.ExecutionOrder.State@6c96346b]
State FINAL transitions to: []
[INFO] StateMachine registered for instance: TestClass{id='id-special-final-limit'} with transitions: {start=[end], INITIAL=[start], end=[FINAL]}
[INFO] Current StateMachineMap content:
    Instance: TestClass{id='id55-or'} -> StateMachine: com.luis.tfg.ExecutionOrder.StateMachine@6ab826bb
    Instance: TestClass{id='id-long-sequence'} -> StateMachine: com.luis.tfg.ExecutionOrder.StateMachine@56351c02
    Instance: TestClass{id='id21'} -> StateMachine: com.luis.tfg.ExecutionOrder.StateMachine@2d758472
    Instance: TestClass{id='id23'} -> StateMachine: com.luis.tfg.ExecutionOrder.StateMachine@5daa621b
    Instance: TestClass{id='id22'} -> StateMachine: com.luis.tfg.ExecutionOrder.StateMachine@41d53813
    Instance: TestClass{id='id-declared-final-state-test'} -> StateMachine: com.luis.tfg.ExecutionOrder.StateMachine@14bd523b
    Instance: TestClass{id='id24'} -> StateMachine: com.luis.tfg.ExecutionOrder.StateMachine@3095d06b
    Instance: TestClass{id='id27'} -> StateMachine: com.luis.tfg.ExecutionOrder.StateMachine@2ce62e27
    Instance: TestClass{id='id337'} -> StateMachine: com.luis.tfg.ExecutionOrder.StateMachine@486bcaa
    Instance: TestClass{id='id26'} -> StateMachine: com.luis.tfg.ExecutionOrder.StateMachine@7253c53
    Instance: TestClass{id='id-or-and-path4'} -> StateMachine: com.luis.tfg.ExecutionOrder.StateMachine@2484c868
    Instance: TestClass{id='id1'} -> StateMachine: com.luis.tfg.ExecutionOrder.StateMachine@67f0bf7e
    Instance: TestClass{id='redundant-paths-b'} -> StateMachine: com.luis.tfg.ExecutionOrder.StateMachine@aade5a2
    Instance: TestClass{id='id3'} -> StateMachine: com.luis.tfg.ExecutionOrder.StateMachine@3c4e23be
    Instance: TestClass{id='complex-combinations-path1'} -> StateMachine: com.luis.tfg.ExecutionOrder.StateMachine@3d99d327
    Instance: TestClass{id='id-special-final'} -> StateMachine: com.luis.tfg.ExecutionOrder.StateMachine@31fc658f
    Instance: TestClass{id='id2'} -> StateMachine: com.luis.tfg.ExecutionOrder.StateMachine@7fd32c56
    Instance: TestClass{id='redundant-paths-a'} -> StateMachine: com.luis.tfg.ExecutionOrder.StateMachine@10cb5047
    Instance: TestClass{id='id55-and'} -> StateMachine: com.luis.tfg.ExecutionOrder.StateMachine@726a5e6a
    Instance: TestClass{id='id5'} -> StateMachine: com.luis.tfg.ExecutionOrder.StateMachine@5dd2ea0a
    Instance: TestClass{id='id-special-final-limit'} -> StateMachine: com.luis.tfg.ExecutionOrder.StateMachine@9734cae
    Instance: TestClass{id='id7'} -> StateMachine: com.luis.tfg.ExecutionOrder.StateMachine@4a9412c4
    Instance: TestClass{id='id6'} -> StateMachine: com.luis.tfg.ExecutionOrder.StateMachine@6c2fea95
    Instance: TestClass{id='id8'} -> StateMachine: com.luis.tfg.ExecutionOrder.StateMachine@d28a235
    Instance: TestClass{id='id-invalid-regex'} -> StateMachine: com.luis.tfg.ExecutionOrder.StateMachine@328bc067
    Instance: TestClass{id='id-special-final2'} -> StateMachine: com.luis.tfg.ExecutionOrder.StateMachine@187df588
    Instance: TestClass{id='id72'} -> StateMachine: com.luis.tfg.ExecutionOrder.StateMachine@6e1d9b32
    Instance: TestClass{id='id-or-paths-b'} -> StateMachine: com.luis.tfg.ExecutionOrder.StateMachine@138b9abe
    Instance: TestClass{id='id-or-paths-a'} -> StateMachine: com.luis.tfg.ExecutionOrder.StateMachine@1d38cdde
    Instance: TestClass{id='complex-cycles'} -> StateMachine: com.luis.tfg.ExecutionOrder.StateMachine@4b62f1ba
    Instance: TestClass{id='id10'} -> StateMachine: com.luis.tfg.ExecutionOrder.StateMachine@244f356
    Instance: TestClass{id='id31'} -> StateMachine: com.luis.tfg.ExecutionOrder.StateMachine@17fa14a3
    Instance: TestClass{id='id12'} -> StateMachine: com.luis.tfg.ExecutionOrder.StateMachine@6885f3f7
    Instance: TestClass{id='id-or-and-path1'} -> StateMachine: com.luis.tfg.ExecutionOrder.StateMachine@3dc39412
    Instance: TestClass{id='id-or-and-path3'} -> StateMachine: com.luis.tfg.ExecutionOrder.StateMachine@72641613
    Instance: TestClass{id='id-or-and-path2'} -> StateMachine: com.luis.tfg.ExecutionOrder.StateMachine@2e38d44e
    Instance: TestClass{id='id29'} -> StateMachine: com.luis.tfg.ExecutionOrder.StateMachine@4a8bf1dc
    Instance: TestClass{id='id28'} -> StateMachine: com.luis.tfg.ExecutionOrder.StateMachine@46d18a33
    Instance: TestClass{id='id-wildcard-explosion'} -> StateMachine: com.luis.tfg.ExecutionOrder.StateMachine@2059c3ff
    Instance: TestClass{id='id-or-and'} -> StateMachine: com.luis.tfg.ExecutionOrder.StateMachine@4bc41565
[INFO] Fetching StateMachine for instance: TestClass{id='id-special-final-limit'}
[INFO] StateMachine fetched for instance: TestClass{id='id-special-final-limit'}
[INFO] Transition valid. Current state updated to: start
[INFO] Transition valid. Current state updated to: end
[INFO] handleSpecialFinalTransitions form FINAL STATE
Allow from final: false
[INFO] Valid special transition: fun0
[INFO] handleSpecialFinalTransitions form FINAL STATE
Allow from final: false
[INFO] Valid special transition: fun1
[INFO] handleSpecialFinalTransitions form FINAL STATE
Allow from final: false
[INFO] Valid special transition: fun2
[INFO] handleSpecialFinalTransitions form FINAL STATE
Allow from final: false
[INFO] Valid special transition: fun3
[INFO] handleSpecialFinalTransitions form FINAL STATE
Allow from final: false
[INFO] Valid special transition: fun4
[INFO] handleSpecialFinalTransitions form FINAL STATE
Allow from final: false
[INFO] Valid special transition: fun5
[INFO] handleSpecialFinalTransitions form FINAL STATE
Allow from final: false
[INFO] Valid special transition: fun6
[INFO] handleSpecialFinalTransitions form FINAL STATE
Allow from final: false
[INFO] Valid special transition: fun7
[INFO] handleSpecialFinalTransitions form FINAL STATE
Allow from final: false
[INFO] Valid special transition: fun8
[INFO] handleSpecialFinalTransitions form FINAL STATE
Allow from final: false
[INFO] Valid special transition: fun9
[INFO] handleSpecialFinalTransitions form FINAL STATE
Allow from final: false
[INFO] Valid special transition: fun10
[INFO] handleSpecialFinalTransitions form FINAL STATE
Allow from final: false
[INFO] Valid special transition: fun11
[INFO] handleSpecialFinalTransitions form FINAL STATE
Allow from final: false
[INFO] Valid special transition: fun12
[INFO] handleSpecialFinalTransitions form FINAL STATE
Allow from final: false
[INFO] Valid special transition: fun13
[INFO] handleSpecialFinalTransitions form FINAL STATE
Allow from final: false
[INFO] Valid special transition: fun14
[INFO] handleSpecialFinalTransitions form FINAL STATE
Allow from final: false
[INFO] Valid special transition: fun15
[INFO] handleSpecialFinalTransitions form FINAL STATE
Allow from final: false
[INFO] Valid special transition: fun16
[INFO] handleSpecialFinalTransitions form FINAL STATE
Allow from final: false
[INFO] Valid special transition: fun17
[INFO] handleSpecialFinalTransitions form FINAL STATE
Allow from final: false
[INFO] Valid special transition: fun18
[INFO] handleSpecialFinalTransitions form FINAL STATE
Allow from final: false
[INFO] Valid special transition: fun19
[INFO] handleSpecialFinalTransitions form FINAL STATE
Allow from final: false
[INFO] Valid special transition: fun20
[INFO] handleSpecialFinalTransitions form FINAL STATE
Allow from final: false
[INFO] Valid special transition: fun21
[INFO] handleSpecialFinalTransitions form FINAL STATE
Allow from final: false
[INFO] Valid special transition: fun22
[INFO] handleSpecialFinalTransitions form FINAL STATE
Allow from final: false
[INFO] Valid special transition: fun23
[INFO] handleSpecialFinalTransitions form FINAL STATE
Allow from final: false
[INFO] Valid special transition: fun24
[INFO] handleSpecialFinalTransitions form FINAL STATE
Allow from final: false
[INFO] Valid special transition: fun25
[INFO] handleSpecialFinalTransitions form FINAL STATE
Allow from final: false
[INFO] Valid special transition: fun26
[INFO] handleSpecialFinalTransitions form FINAL STATE
Allow from final: false
[INFO] Valid special transition: fun27
[INFO] handleSpecialFinalTransitions form FINAL STATE
Allow from final: false
[INFO] Valid special transition: fun28
[INFO] handleSpecialFinalTransitions form FINAL STATE
Allow from final: false
[INFO] Valid special transition: fun29
[INFO] handleSpecialFinalTransitions form FINAL STATE
Allow from final: false
[INFO] Valid special transition: fun30
[INFO] handleSpecialFinalTransitions form FINAL STATE
Allow from final: false
[INFO] Valid special transition: fun31
[INFO] handleSpecialFinalTransitions form FINAL STATE
Allow from final: false
[INFO] Valid special transition: fun32
[INFO] handleSpecialFinalTransitions form FINAL STATE
Allow from final: false
[INFO] Valid special transition: fun33
[INFO] handleSpecialFinalTransitions form FINAL STATE
Allow from final: false
[INFO] Valid special transition: fun34
[INFO] handleSpecialFinalTransitions form FINAL STATE
Allow from final: false
[INFO] Valid special transition: fun35
[INFO] handleSpecialFinalTransitions form FINAL STATE
Allow from final: false
[INFO] Valid special transition: fun36
[INFO] handleSpecialFinalTransitions form FINAL STATE
Allow from final: false
[INFO] Valid special transition: fun37
[INFO] handleSpecialFinalTransitions form FINAL STATE
Allow from final: false
[INFO] Valid special transition: fun38
[INFO] handleSpecialFinalTransitions form FINAL STATE
Allow from final: false
[INFO] Valid special transition: fun39
[INFO] handleSpecialFinalTransitions form FINAL STATE
Allow from final: false
[INFO] Valid special transition: fun40
[INFO] handleSpecialFinalTransitions form FINAL STATE
Allow from final: false
[INFO] Valid special transition: fun41
[INFO] handleSpecialFinalTransitions form FINAL STATE
Allow from final: false
[INFO] Valid special transition: fun42
[INFO] handleSpecialFinalTransitions form FINAL STATE
Allow from final: false
[INFO] Valid special transition: fun43
[INFO] handleSpecialFinalTransitions form FINAL STATE
Allow from final: false
[INFO] Valid special transition: fun44
[INFO] handleSpecialFinalTransitions form FINAL STATE
Allow from final: false
[INFO] Valid special transition: fun45
[INFO] handleSpecialFinalTransitions form FINAL STATE
Allow from final: false
[INFO] Valid special transition: fun46
[INFO] handleSpecialFinalTransitions form FINAL STATE
Allow from final: false
[INFO] Valid special transition: fun47
[INFO] handleSpecialFinalTransitions form FINAL STATE
Allow from final: false
[INFO] Valid special transition: fun48
[INFO] handleSpecialFinalTransitions form FINAL STATE
Allow from final: false
[INFO] Valid special transition: fun49
[INFO] handleSpecialFinalTransitions form FINAL STATE
Allow from final: false
[INFO] Valid special transition: fun50
[INFO] handleSpecialFinalTransitions form FINAL STATE
Allow from final: false
[INFO] Valid special transition: fun51
[INFO] handleSpecialFinalTransitions form FINAL STATE
Allow from final: false
[INFO] Valid special transition: fun52
[INFO] handleSpecialFinalTransitions form FINAL STATE
Allow from final: false
[INFO] Valid special transition: fun53
[INFO] handleSpecialFinalTransitions form FINAL STATE
Allow from final: false
[INFO] Valid special transition: fun54
[INFO] handleSpecialFinalTransitions form FINAL STATE
Allow from final: false
[INFO] Valid special transition: fun55
[INFO] handleSpecialFinalTransitions form FINAL STATE
Allow from final: false
[INFO] Valid special transition: fun56
[INFO] handleSpecialFinalTransitions form FINAL STATE
Allow from final: false
[INFO] Valid special transition: fun57
[INFO] handleSpecialFinalTransitions form FINAL STATE
Allow from final: false
[INFO] Valid special transition: fun58
[INFO] handleSpecialFinalTransitions form FINAL STATE
Allow from final: false
[INFO] Valid special transition: fun59
[INFO] handleSpecialFinalTransitions form FINAL STATE
Allow from final: false
[INFO] Valid special transition: fun60
[INFO] handleSpecialFinalTransitions form FINAL STATE
Allow from final: false
[INFO] Valid special transition: fun61
[INFO] handleSpecialFinalTransitions form FINAL STATE
Allow from final: false
[INFO] Valid special transition: fun62
[INFO] handleSpecialFinalTransitions form FINAL STATE
Allow from final: false
[INFO] Valid special transition: fun63
[INFO] handleSpecialFinalTransitions form FINAL STATE
Allow from final: false
[INFO] Valid special transition: fun64
[INFO] handleSpecialFinalTransitions form FINAL STATE
Allow from final: false
[INFO] Valid special transition: fun65
[INFO] handleSpecialFinalTransitions form FINAL STATE
Allow from final: false
[INFO] Valid special transition: fun66
[INFO] handleSpecialFinalTransitions form FINAL STATE
Allow from final: false
[INFO] Valid special transition: fun67
[INFO] handleSpecialFinalTransitions form FINAL STATE
Allow from final: false
[INFO] Valid special transition: fun68
[INFO] handleSpecialFinalTransitions form FINAL STATE
Allow from final: false
[INFO] Valid special transition: fun69
[INFO] handleSpecialFinalTransitions form FINAL STATE
Allow from final: false
[INFO] Valid special transition: fun70
[INFO] handleSpecialFinalTransitions form FINAL STATE
Allow from final: false
[INFO] Valid special transition: fun71
[INFO] handleSpecialFinalTransitions form FINAL STATE
Allow from final: false
[INFO] Valid special transition: fun72
[INFO] handleSpecialFinalTransitions form FINAL STATE
Allow from final: false
[INFO] Valid special transition: fun73
[INFO] handleSpecialFinalTransitions form FINAL STATE
Allow from final: false
[INFO] Valid special transition: fun74
[INFO] handleSpecialFinalTransitions form FINAL STATE
Allow from final: false
[INFO] Valid special transition: fun75
[INFO] handleSpecialFinalTransitions form FINAL STATE
Allow from final: false
[INFO] Valid special transition: fun76
[INFO] handleSpecialFinalTransitions form FINAL STATE
Allow from final: false
[INFO] Valid special transition: fun77
[INFO] handleSpecialFinalTransitions form FINAL STATE
Allow from final: false
[INFO] Valid special transition: fun78
[INFO] handleSpecialFinalTransitions form FINAL STATE
Allow from final: false
[INFO] Valid special transition: fun79
[INFO] handleSpecialFinalTransitions form FINAL STATE
Allow from final: false
[INFO] Valid special transition: fun80
[INFO] handleSpecialFinalTransitions form FINAL STATE
Allow from final: false
[INFO] Valid special transition: fun81
[INFO] handleSpecialFinalTransitions form FINAL STATE
Allow from final: false
[INFO] Valid special transition: fun82
[INFO] handleSpecialFinalTransitions form FINAL STATE
Allow from final: false
[INFO] Valid special transition: fun83
[INFO] handleSpecialFinalTransitions form FINAL STATE
Allow from final: false
[INFO] Valid special transition: fun84
[INFO] handleSpecialFinalTransitions form FINAL STATE
Allow from final: false
[INFO] Valid special transition: fun85
[INFO] handleSpecialFinalTransitions form FINAL STATE
Allow from final: false
[INFO] Valid special transition: fun86
[INFO] handleSpecialFinalTransitions form FINAL STATE
Allow from final: false
[INFO] Valid special transition: fun87
[INFO] handleSpecialFinalTransitions form FINAL STATE
Allow from final: false
[INFO] Valid special transition: fun88
[INFO] handleSpecialFinalTransitions form FINAL STATE
Allow from final: false
[INFO] Valid special transition: fun89
[INFO] handleSpecialFinalTransitions form FINAL STATE
Allow from final: false
[INFO] Valid special transition: fun90
[INFO] handleSpecialFinalTransitions form FINAL STATE
Allow from final: false
[INFO] Valid special transition: fun91
[INFO] handleSpecialFinalTransitions form FINAL STATE
Allow from final: false
[INFO] Valid special transition: fun92
[INFO] handleSpecialFinalTransitions form FINAL STATE
Allow from final: false
[INFO] Valid special transition: fun93
[INFO] handleSpecialFinalTransitions form FINAL STATE
Allow from final: false
[INFO] Valid special transition: fun94
[INFO] handleSpecialFinalTransitions form FINAL STATE
Allow from final: false
[INFO] Valid special transition: fun95
[INFO] handleSpecialFinalTransitions form FINAL STATE
Allow from final: false
[INFO] Valid special transition: fun96
[INFO] handleSpecialFinalTransitions form FINAL STATE
Allow from final: false
[INFO] Valid special transition: fun97
[INFO] handleSpecialFinalTransitions form FINAL STATE
Allow from final: false
[INFO] Valid special transition: fun98
[INFO] handleSpecialFinalTransitions form FINAL STATE
Allow from final: false
[INFO] Valid special transition: fun99
[INFO] handleSpecialFinalTransitions form FINAL STATE
Allow from final: false
[INFO] Valid special transition: fun100
[INFO] handleSpecialFinalTransitions form FINAL STATE
Allow from final: false
[INFO] Valid special transition: fun101
[INFO] handleSpecialFinalTransitions form FINAL STATE
Allow from final: false
[INFO] Valid special transition: fun102
[INFO] handleSpecialFinalTransitions form FINAL STATE
Allow from final: false
[INFO] Valid special transition: fun103
[INFO] handleSpecialFinalTransitions form FINAL STATE
Allow from final: false
[INFO] Valid special transition: fun104
[INFO] handleSpecialFinalTransitions form FINAL STATE
Allow from final: false
[INFO] Valid special transition: fun105
[INFO] handleSpecialFinalTransitions form FINAL STATE
Allow from final: false
[INFO] Valid special transition: fun106
[INFO] handleSpecialFinalTransitions form FINAL STATE
Allow from final: false
[INFO] Valid special transition: fun107
[INFO] handleSpecialFinalTransitions form FINAL STATE
Allow from final: false
[INFO] Valid special transition: fun108
[INFO] handleSpecialFinalTransitions form FINAL STATE
Allow from final: false
[INFO] Valid special transition: fun109
[INFO] handleSpecialFinalTransitions form FINAL STATE
Allow from final: false
[INFO] Valid special transition: fun110
[INFO] handleSpecialFinalTransitions form FINAL STATE
Allow from final: false
[INFO] Valid special transition: fun111
[INFO] handleSpecialFinalTransitions form FINAL STATE
Allow from final: false
[INFO] Valid special transition: fun112
[INFO] handleSpecialFinalTransitions form FINAL STATE
Allow from final: false
[INFO] Valid special transition: fun113
[INFO] handleSpecialFinalTransitions form FINAL STATE
Allow from final: false
[INFO] Valid special transition: fun114
[INFO] handleSpecialFinalTransitions form FINAL STATE
Allow from final: false
[INFO] Valid special transition: fun115
[INFO] handleSpecialFinalTransitions form FINAL STATE
Allow from final: false
[INFO] Valid special transition: fun116
[INFO] handleSpecialFinalTransitions form FINAL STATE
Allow from final: false
[INFO] Valid special transition: fun117
[INFO] handleSpecialFinalTransitions form FINAL STATE
Allow from final: false
[INFO] Valid special transition: fun118
[INFO] handleSpecialFinalTransitions form FINAL STATE
Allow from final: false
[INFO] Valid special transition: fun119
[INFO] handleSpecialFinalTransitions form FINAL STATE
Allow from final: false
[INFO] Valid special transition: fun120
[INFO] handleSpecialFinalTransitions form FINAL STATE
Allow from final: false
[INFO] Valid special transition: fun121
[INFO] handleSpecialFinalTransitions form FINAL STATE
Allow from final: false
[INFO] Valid special transition: fun122
[INFO] handleSpecialFinalTransitions form FINAL STATE
Allow from final: false
[INFO] Valid special transition: fun123
[INFO] handleSpecialFinalTransitions form FINAL STATE
Allow from final: false
[INFO] Valid special transition: fun124
[INFO] handleSpecialFinalTransitions form FINAL STATE
Allow from final: false
[INFO] Valid special transition: fun125
[INFO] handleSpecialFinalTransitions form FINAL STATE
Allow from final: false
[INFO] Valid special transition: fun126
[INFO] handleSpecialFinalTransitions form FINAL STATE
Allow from final: false
[INFO] Valid special transition: fun127
[INFO] handleSpecialFinalTransitions form FINAL STATE
Allow from final: false
[INFO] Valid special transition: fun128
[INFO] handleSpecialFinalTransitions form FINAL STATE
Allow from final: false
[INFO] Valid special transition: fun129
[INFO] handleSpecialFinalTransitions form FINAL STATE
Allow from final: false
[INFO] Valid special transition: fun130
[INFO] handleSpecialFinalTransitions form FINAL STATE
Allow from final: false
[INFO] Valid special transition: fun131
[INFO] handleSpecialFinalTransitions form FINAL STATE
Allow from final: false
[INFO] Valid special transition: fun132
[INFO] handleSpecialFinalTransitions form FINAL STATE
Allow from final: false
[INFO] Valid special transition: fun133
[INFO] handleSpecialFinalTransitions form FINAL STATE
Allow from final: false
[INFO] Valid special transition: fun134
[INFO] handleSpecialFinalTransitions form FINAL STATE
Allow from final: false
[INFO] Valid special transition: fun135
[INFO] handleSpecialFinalTransitions form FINAL STATE
Allow from final: false
[INFO] Valid special transition: fun136
[INFO] handleSpecialFinalTransitions form FINAL STATE
Allow from final: false
[INFO] Valid special transition: fun137
[INFO] handleSpecialFinalTransitions form FINAL STATE
Allow from final: false
[INFO] Valid special transition: fun138
[INFO] handleSpecialFinalTransitions form FINAL STATE
Allow from final: false
[INFO] Valid special transition: fun139
[INFO] handleSpecialFinalTransitions form FINAL STATE
Allow from final: false
[INFO] Valid special transition: fun140
[INFO] handleSpecialFinalTransitions form FINAL STATE
Allow from final: false
[INFO] Valid special transition: fun141
[INFO] handleSpecialFinalTransitions form FINAL STATE
Allow from final: false
[INFO] Valid special transition: fun142
[INFO] handleSpecialFinalTransitions form FINAL STATE
Allow from final: false
[INFO] Valid special transition: fun143
[INFO] handleSpecialFinalTransitions form FINAL STATE
Allow from final: false
[INFO] Valid special transition: fun144
[INFO] handleSpecialFinalTransitions form FINAL STATE
Allow from final: false
[INFO] Valid special transition: fun145
[INFO] handleSpecialFinalTransitions form FINAL STATE
Allow from final: false
[INFO] Valid special transition: fun146
[INFO] handleSpecialFinalTransitions form FINAL STATE
Allow from final: false
[INFO] Valid special transition: fun147
[INFO] handleSpecialFinalTransitions form FINAL STATE
Allow from final: false
[INFO] Valid special transition: fun148
[INFO] handleSpecialFinalTransitions form FINAL STATE
Allow from final: false
[INFO] Valid special transition: fun149
[INFO] handleSpecialFinalTransitions form FINAL STATE
Allow from final: false
[INFO] Valid special transition: fun150
[INFO] handleSpecialFinalTransitions form FINAL STATE
Allow from final: false
[INFO] Valid special transition: fun151
[INFO] handleSpecialFinalTransitions form FINAL STATE
Allow from final: false
[INFO] Valid special transition: fun152
[INFO] handleSpecialFinalTransitions form FINAL STATE
Allow from final: false
[INFO] Valid special transition: fun153
[INFO] handleSpecialFinalTransitions form FINAL STATE
Allow from final: false
[INFO] Valid special transition: fun154
[INFO] handleSpecialFinalTransitions form FINAL STATE
Allow from final: false
[INFO] Valid special transition: fun155
[INFO] handleSpecialFinalTransitions form FINAL STATE
Allow from final: false
[INFO] Valid special transition: fun156
[INFO] handleSpecialFinalTransitions form FINAL STATE
Allow from final: false
[INFO] Valid special transition: fun157
[INFO] handleSpecialFinalTransitions form FINAL STATE
Allow from final: false
[INFO] Valid special transition: fun158
[INFO] handleSpecialFinalTransitions form FINAL STATE
Allow from final: false
[INFO] Valid special transition: fun159
[INFO] handleSpecialFinalTransitions form FINAL STATE
Allow from final: false
[INFO] Valid special transition: fun160
[INFO] handleSpecialFinalTransitions form FINAL STATE
Allow from final: false
[INFO] Valid special transition: fun161
[INFO] handleSpecialFinalTransitions form FINAL STATE
Allow from final: false
[INFO] Valid special transition: fun162
[INFO] handleSpecialFinalTransitions form FINAL STATE
Allow from final: false
[INFO] Valid special transition: fun163
[INFO] handleSpecialFinalTransitions form FINAL STATE
Allow from final: false
[INFO] Valid special transition: fun164
[INFO] handleSpecialFinalTransitions form FINAL STATE
Allow from final: false
[INFO] Valid special transition: fun165
[INFO] handleSpecialFinalTransitions form FINAL STATE
Allow from final: false
[INFO] Valid special transition: fun166
[INFO] handleSpecialFinalTransitions form FINAL STATE
Allow from final: false
[INFO] Valid special transition: fun167
[INFO] handleSpecialFinalTransitions form FINAL STATE
Allow from final: false
[INFO] Valid special transition: fun168
[INFO] handleSpecialFinalTransitions form FINAL STATE
Allow from final: false
[INFO] Valid special transition: fun169
[INFO] handleSpecialFinalTransitions form FINAL STATE
Allow from final: false
[INFO] Valid special transition: fun170
[INFO] handleSpecialFinalTransitions form FINAL STATE
Allow from final: false
[INFO] Valid special transition: fun171
[INFO] handleSpecialFinalTransitions form FINAL STATE
Allow from final: false
[INFO] Valid special transition: fun172
[INFO] handleSpecialFinalTransitions form FINAL STATE
Allow from final: false
[INFO] Valid special transition: fun173
[INFO] handleSpecialFinalTransitions form FINAL STATE
Allow from final: false
[INFO] Valid special transition: fun174
[INFO] handleSpecialFinalTransitions form FINAL STATE
Allow from final: false
[INFO] Valid special transition: fun175
[INFO] handleSpecialFinalTransitions form FINAL STATE
Allow from final: false
[INFO] Valid special transition: fun176
[INFO] handleSpecialFinalTransitions form FINAL STATE
Allow from final: false
[INFO] Valid special transition: fun177
[INFO] handleSpecialFinalTransitions form FINAL STATE
Allow from final: false
[INFO] Valid special transition: fun178
[INFO] handleSpecialFinalTransitions form FINAL STATE
Allow from final: false
[INFO] Valid special transition: fun179
[INFO] handleSpecialFinalTransitions form FINAL STATE
Allow from final: false
[INFO] Valid special transition: fun180
[INFO] handleSpecialFinalTransitions form FINAL STATE
Allow from final: false
[INFO] Valid special transition: fun181
[INFO] handleSpecialFinalTransitions form FINAL STATE
Allow from final: false
[INFO] Valid special transition: fun182
[INFO] handleSpecialFinalTransitions form FINAL STATE
Allow from final: false
[INFO] Valid special transition: fun183
[INFO] handleSpecialFinalTransitions form FINAL STATE
Allow from final: false
[INFO] Valid special transition: fun184
[INFO] handleSpecialFinalTransitions form FINAL STATE
Allow from final: false
[INFO] Valid special transition: fun185
[INFO] handleSpecialFinalTransitions form FINAL STATE
Allow from final: false
[INFO] Valid special transition: fun186
[INFO] handleSpecialFinalTransitions form FINAL STATE
Allow from final: false
[INFO] Valid special transition: fun187
[INFO] handleSpecialFinalTransitions form FINAL STATE
Allow from final: false
[INFO] Valid special transition: fun188
[INFO] handleSpecialFinalTransitions form FINAL STATE
Allow from final: false
[INFO] Valid special transition: fun189
[INFO] handleSpecialFinalTransitions form FINAL STATE
Allow from final: false
[INFO] Valid special transition: fun190
[INFO] handleSpecialFinalTransitions form FINAL STATE
Allow from final: false
[INFO] Valid special transition: fun191
[INFO] handleSpecialFinalTransitions form FINAL STATE
Allow from final: false
[INFO] Valid special transition: fun192
[INFO] handleSpecialFinalTransitions form FINAL STATE
Allow from final: false
[INFO] Valid special transition: fun193
[INFO] handleSpecialFinalTransitions form FINAL STATE
Allow from final: false
[INFO] Valid special transition: fun194
[INFO] handleSpecialFinalTransitions form FINAL STATE
Allow from final: false
[INFO] Valid special transition: fun195
[INFO] handleSpecialFinalTransitions form FINAL STATE
Allow from final: false
[INFO] Valid special transition: fun196
[INFO] handleSpecialFinalTransitions form FINAL STATE
Allow from final: false
[INFO] Valid special transition: fun197
[INFO] handleSpecialFinalTransitions form FINAL STATE
Allow from final: false
[INFO] Valid special transition: fun198
[INFO] handleSpecialFinalTransitions form FINAL STATE
Allow from final: false
[INFO] Valid special transition: fun199
[INFO] handleSpecialFinalTransitions form FINAL STATE
Allow from final: false
[INFO] Valid special transition: fun200
[INFO] handleSpecialFinalTransitions form FINAL STATE
Allow from final: false
[INFO] Valid special transition: fun201
[INFO] handleSpecialFinalTransitions form FINAL STATE
Allow from final: false
[INFO] Valid special transition: fun202
[INFO] handleSpecialFinalTransitions form FINAL STATE
Allow from final: false
[INFO] Valid special transition: fun203
[INFO] handleSpecialFinalTransitions form FINAL STATE
Allow from final: false
[INFO] Valid special transition: fun204
[INFO] handleSpecialFinalTransitions form FINAL STATE
Allow from final: false
[INFO] Valid special transition: fun205
[INFO] handleSpecialFinalTransitions form FINAL STATE
Allow from final: false
[INFO] Valid special transition: fun206
[INFO] handleSpecialFinalTransitions form FINAL STATE
Allow from final: false
[INFO] Valid special transition: fun207
[INFO] handleSpecialFinalTransitions form FINAL STATE
Allow from final: false
[INFO] Valid special transition: fun208
[INFO] handleSpecialFinalTransitions form FINAL STATE
Allow from final: false
[INFO] Valid special transition: fun209
[INFO] handleSpecialFinalTransitions form FINAL STATE
Allow from final: false
[INFO] Valid special transition: fun210
[INFO] handleSpecialFinalTransitions form FINAL STATE
Allow from final: false
[INFO] Valid special transition: fun211
[INFO] handleSpecialFinalTransitions form FINAL STATE
Allow from final: false
[INFO] Valid special transition: fun212
[INFO] handleSpecialFinalTransitions form FINAL STATE
Allow from final: false
[INFO] Valid special transition: fun213
[INFO] handleSpecialFinalTransitions form FINAL STATE
Allow from final: false
[INFO] Valid special transition: fun214
[INFO] handleSpecialFinalTransitions form FINAL STATE
Allow from final: false
[INFO] Valid special transition: fun215
[INFO] handleSpecialFinalTransitions form FINAL STATE
Allow from final: false
[INFO] Valid special transition: fun216
[INFO] handleSpecialFinalTransitions form FINAL STATE
Allow from final: false
[INFO] Valid special transition: fun217
[INFO] handleSpecialFinalTransitions form FINAL STATE
Allow from final: false
[INFO] Valid special transition: fun218
[INFO] handleSpecialFinalTransitions form FINAL STATE
Allow from final: false
[INFO] Valid special transition: fun219
[INFO] handleSpecialFinalTransitions form FINAL STATE
Allow from final: false
[INFO] Valid special transition: fun220
[INFO] handleSpecialFinalTransitions form FINAL STATE
Allow from final: false
[INFO] Valid special transition: fun221
[INFO] handleSpecialFinalTransitions form FINAL STATE
Allow from final: false
[INFO] Valid special transition: fun222
[INFO] handleSpecialFinalTransitions form FINAL STATE
Allow from final: false
[INFO] Valid special transition: fun223
[INFO] handleSpecialFinalTransitions form FINAL STATE
Allow from final: false
[INFO] Valid special transition: fun224
[INFO] handleSpecialFinalTransitions form FINAL STATE
Allow from final: false
[INFO] Valid special transition: fun225
[INFO] handleSpecialFinalTransitions form FINAL STATE
Allow from final: false
[INFO] Valid special transition: fun226
[INFO] handleSpecialFinalTransitions form FINAL STATE
Allow from final: false
[INFO] Valid special transition: fun227
[INFO] handleSpecialFinalTransitions form FINAL STATE
Allow from final: false
[INFO] Valid special transition: fun228
[INFO] handleSpecialFinalTransitions form FINAL STATE
Allow from final: false
[INFO] Valid special transition: fun229
[INFO] handleSpecialFinalTransitions form FINAL STATE
Allow from final: false
[INFO] Valid special transition: fun230
[INFO] handleSpecialFinalTransitions form FINAL STATE
Allow from final: false
[INFO] Valid special transition: fun231
[INFO] handleSpecialFinalTransitions form FINAL STATE
Allow from final: false
[INFO] Valid special transition: fun232
[INFO] handleSpecialFinalTransitions form FINAL STATE
Allow from final: false
[INFO] Valid special transition: fun233
[INFO] handleSpecialFinalTransitions form FINAL STATE
Allow from final: false
[INFO] Valid special transition: fun234
[INFO] handleSpecialFinalTransitions form FINAL STATE
Allow from final: false
[INFO] Valid special transition: fun235
[INFO] handleSpecialFinalTransitions form FINAL STATE
Allow from final: false
[INFO] Valid special transition: fun236
[INFO] handleSpecialFinalTransitions form FINAL STATE
Allow from final: false
[INFO] Valid special transition: fun237
[INFO] handleSpecialFinalTransitions form FINAL STATE
Allow from final: false
[INFO] Valid special transition: fun238
[INFO] handleSpecialFinalTransitions form FINAL STATE
Allow from final: false
[INFO] Valid special transition: fun239
[INFO] handleSpecialFinalTransitions form FINAL STATE
Allow from final: false
[INFO] Valid special transition: fun240
[INFO] handleSpecialFinalTransitions form FINAL STATE
Allow from final: false
[INFO] Valid special transition: fun241
[INFO] handleSpecialFinalTransitions form FINAL STATE
Allow from final: false
[INFO] Valid special transition: fun242
[INFO] handleSpecialFinalTransitions form FINAL STATE
Allow from final: false
[INFO] Valid special transition: fun243
[INFO] handleSpecialFinalTransitions form FINAL STATE
Allow from final: false
[INFO] Valid special transition: fun244
[INFO] handleSpecialFinalTransitions form FINAL STATE
Allow from final: false
[INFO] Valid special transition: fun245
[INFO] handleSpecialFinalTransitions form FINAL STATE
Allow from final: false
[INFO] Valid special transition: fun246
[INFO] handleSpecialFinalTransitions form FINAL STATE
Allow from final: false
[INFO] Valid special transition: fun247
[INFO] handleSpecialFinalTransitions form FINAL STATE
Allow from final: false
[INFO] Valid special transition: fun248
[INFO] handleSpecialFinalTransitions form FINAL STATE
Allow from final: false
[INFO] Valid special transition: fun249
[INFO] handleSpecialFinalTransitions form FINAL STATE
Allow from final: false
[INFO] Valid special transition: fun250
[INFO] handleSpecialFinalTransitions form FINAL STATE
Allow from final: false
[INFO] Valid special transition: fun251
[INFO] handleSpecialFinalTransitions form FINAL STATE
Allow from final: false
[INFO] Valid special transition: fun252
[INFO] handleSpecialFinalTransitions form FINAL STATE
Allow from final: false
[INFO] Valid special transition: fun253
[INFO] handleSpecialFinalTransitions form FINAL STATE
Allow from final: false
[INFO] Valid special transition: fun254
[INFO] handleSpecialFinalTransitions form FINAL STATE
Allow from final: false
[INFO] Valid special transition: fun255
[INFO] handleSpecialFinalTransitions form FINAL STATE
Allow from final: false
[INFO] Valid special transition: fun256
[INFO] handleSpecialFinalTransitions form FINAL STATE
Allow from final: false
[INFO] Valid special transition: fun257
[INFO] handleSpecialFinalTransitions form FINAL STATE
Allow from final: false
[INFO] Valid special transition: fun258
[INFO] handleSpecialFinalTransitions form FINAL STATE
Allow from final: false
[INFO] Valid special transition: fun259
[INFO] handleSpecialFinalTransitions form FINAL STATE
Allow from final: false
[INFO] Valid special transition: fun260
[INFO] handleSpecialFinalTransitions form FINAL STATE
Allow from final: false
[INFO] Valid special transition: fun261
[INFO] handleSpecialFinalTransitions form FINAL STATE
Allow from final: false
[INFO] Valid special transition: fun262
[INFO] handleSpecialFinalTransitions form FINAL STATE
Allow from final: false
[INFO] Valid special transition: fun263
[INFO] handleSpecialFinalTransitions form FINAL STATE
Allow from final: false
[INFO] Valid special transition: fun264
[INFO] handleSpecialFinalTransitions form FINAL STATE
Allow from final: false
[INFO] Valid special transition: fun265
[INFO] handleSpecialFinalTransitions form FINAL STATE
Allow from final: false
[INFO] Valid special transition: fun266
[INFO] handleSpecialFinalTransitions form FINAL STATE
Allow from final: false
[INFO] Valid special transition: fun267
[INFO] handleSpecialFinalTransitions form FINAL STATE
Allow from final: false
[INFO] Valid special transition: fun268
[INFO] handleSpecialFinalTransitions form FINAL STATE
Allow from final: false
[INFO] Valid special transition: fun269
[INFO] handleSpecialFinalTransitions form FINAL STATE
Allow from final: false
[INFO] Valid special transition: fun270
[INFO] handleSpecialFinalTransitions form FINAL STATE
Allow from final: false
[INFO] Valid special transition: fun271
[INFO] handleSpecialFinalTransitions form FINAL STATE
Allow from final: false
[INFO] Valid special transition: fun272
[INFO] handleSpecialFinalTransitions form FINAL STATE
Allow from final: false
[INFO] Valid special transition: fun273
[INFO] handleSpecialFinalTransitions form FINAL STATE
Allow from final: false
[INFO] Valid special transition: fun274
[INFO] handleSpecialFinalTransitions form FINAL STATE
Allow from final: false
[INFO] Valid special transition: fun275
[INFO] handleSpecialFinalTransitions form FINAL STATE
Allow from final: false
[INFO] Valid special transition: fun276
[INFO] handleSpecialFinalTransitions form FINAL STATE
Allow from final: false
[INFO] Valid special transition: fun277
[INFO] handleSpecialFinalTransitions form FINAL STATE
Allow from final: false
[INFO] Valid special transition: fun278
[INFO] handleSpecialFinalTransitions form FINAL STATE
Allow from final: false
[INFO] Valid special transition: fun279
[INFO] handleSpecialFinalTransitions form FINAL STATE
Allow from final: false
[INFO] Valid special transition: fun280
[INFO] handleSpecialFinalTransitions form FINAL STATE
Allow from final: false
[INFO] Valid special transition: fun281
[INFO] handleSpecialFinalTransitions form FINAL STATE
Allow from final: false
[INFO] Valid special transition: fun282
[INFO] handleSpecialFinalTransitions form FINAL STATE
Allow from final: false
[INFO] Valid special transition: fun283
[INFO] handleSpecialFinalTransitions form FINAL STATE
Allow from final: false
[INFO] Valid special transition: fun284
[INFO] handleSpecialFinalTransitions form FINAL STATE
Allow from final: false
[INFO] Valid special transition: fun285
[INFO] handleSpecialFinalTransitions form FINAL STATE
Allow from final: false
[INFO] Valid special transition: fun286
[INFO] handleSpecialFinalTransitions form FINAL STATE
Allow from final: false
[INFO] Valid special transition: fun287
[INFO] handleSpecialFinalTransitions form FINAL STATE
Allow from final: false
[INFO] Valid special transition: fun288
[INFO] handleSpecialFinalTransitions form FINAL STATE
Allow from final: false
[INFO] Valid special transition: fun289
[INFO] handleSpecialFinalTransitions form FINAL STATE
Allow from final: false
[INFO] Valid special transition: fun290
[INFO] handleSpecialFinalTransitions form FINAL STATE
Allow from final: false
[INFO] Valid special transition: fun291
[INFO] handleSpecialFinalTransitions form FINAL STATE
Allow from final: false
[INFO] Valid special transition: fun292
[INFO] handleSpecialFinalTransitions form FINAL STATE
Allow from final: false
[INFO] Valid special transition: fun293
[INFO] handleSpecialFinalTransitions form FINAL STATE
Allow from final: false
[INFO] Valid special transition: fun294
[INFO] handleSpecialFinalTransitions form FINAL STATE
Allow from final: false
[INFO] Valid special transition: fun295
[INFO] handleSpecialFinalTransitions form FINAL STATE
Allow from final: false
[INFO] Valid special transition: fun296
[INFO] handleSpecialFinalTransitions form FINAL STATE
Allow from final: false
[INFO] Valid special transition: fun297
[INFO] handleSpecialFinalTransitions form FINAL STATE
Allow from final: false
[INFO] Valid special transition: fun298
[INFO] handleSpecialFinalTransitions form FINAL STATE
Allow from final: false
[INFO] Valid special transition: fun299
[INFO] handleSpecialFinalTransitions form FINAL STATE
Allow from final: false
[INFO] Valid special transition: fun300
[INFO] handleSpecialFinalTransitions form FINAL STATE
Allow from final: false
[INFO] Valid special transition: fun301
[INFO] handleSpecialFinalTransitions form FINAL STATE
Allow from final: false
[INFO] Valid special transition: fun302
[INFO] handleSpecialFinalTransitions form FINAL STATE
Allow from final: false
[INFO] Valid special transition: fun303
[INFO] handleSpecialFinalTransitions form FINAL STATE
Allow from final: false
[INFO] Valid special transition: fun304
[INFO] handleSpecialFinalTransitions form FINAL STATE
Allow from final: false
[INFO] Valid special transition: fun305
[INFO] handleSpecialFinalTransitions form FINAL STATE
Allow from final: false
[INFO] Valid special transition: fun306
[INFO] handleSpecialFinalTransitions form FINAL STATE
Allow from final: false
[INFO] Valid special transition: fun307
[INFO] handleSpecialFinalTransitions form FINAL STATE
Allow from final: false
[INFO] Valid special transition: fun308
[INFO] handleSpecialFinalTransitions form FINAL STATE
Allow from final: false
[INFO] Valid special transition: fun309
[INFO] handleSpecialFinalTransitions form FINAL STATE
Allow from final: false
[INFO] Valid special transition: fun310
[INFO] handleSpecialFinalTransitions form FINAL STATE
Allow from final: false
[INFO] Valid special transition: fun311
[INFO] handleSpecialFinalTransitions form FINAL STATE
Allow from final: false
[INFO] Valid special transition: fun312
[INFO] handleSpecialFinalTransitions form FINAL STATE
Allow from final: false
[INFO] Valid special transition: fun313
[INFO] handleSpecialFinalTransitions form FINAL STATE
Allow from final: false
[INFO] Valid special transition: fun314
[INFO] handleSpecialFinalTransitions form FINAL STATE
Allow from final: false
[INFO] Valid special transition: fun315
[INFO] handleSpecialFinalTransitions form FINAL STATE
Allow from final: false
[INFO] Valid special transition: fun316
[INFO] handleSpecialFinalTransitions form FINAL STATE
Allow from final: false
[INFO] Valid special transition: fun317
[INFO] handleSpecialFinalTransitions form FINAL STATE
Allow from final: false
[INFO] Valid special transition: fun318
[INFO] handleSpecialFinalTransitions form FINAL STATE
Allow from final: false
[INFO] Valid special transition: fun319
[INFO] handleSpecialFinalTransitions form FINAL STATE
Allow from final: false
[INFO] Valid special transition: fun320
[INFO] handleSpecialFinalTransitions form FINAL STATE
Allow from final: false
[INFO] Valid special transition: fun321
[INFO] handleSpecialFinalTransitions form FINAL STATE
Allow from final: false
[INFO] Valid special transition: fun322
[INFO] handleSpecialFinalTransitions form FINAL STATE
Allow from final: false
[INFO] Valid special transition: fun323
[INFO] handleSpecialFinalTransitions form FINAL STATE
Allow from final: false
[INFO] Valid special transition: fun324
[INFO] handleSpecialFinalTransitions form FINAL STATE
Allow from final: false
[INFO] Valid special transition: fun325
[INFO] handleSpecialFinalTransitions form FINAL STATE
Allow from final: false
[INFO] Valid special transition: fun326
[INFO] handleSpecialFinalTransitions form FINAL STATE
Allow from final: false
[INFO] Valid special transition: fun327
[INFO] handleSpecialFinalTransitions form FINAL STATE
Allow from final: false
[INFO] Valid special transition: fun328
[INFO] handleSpecialFinalTransitions form FINAL STATE
Allow from final: false
[INFO] Valid special transition: fun329
[INFO] handleSpecialFinalTransitions form FINAL STATE
Allow from final: false
[INFO] Valid special transition: fun330
[INFO] handleSpecialFinalTransitions form FINAL STATE
Allow from final: false
[INFO] Valid special transition: fun331
[INFO] handleSpecialFinalTransitions form FINAL STATE
Allow from final: false
[INFO] Valid special transition: fun332
[INFO] handleSpecialFinalTransitions form FINAL STATE
Allow from final: false
[INFO] Valid special transition: fun333
[INFO] handleSpecialFinalTransitions form FINAL STATE
Allow from final: false
[INFO] Valid special transition: fun334
[INFO] handleSpecialFinalTransitions form FINAL STATE
Allow from final: false
[INFO] Valid special transition: fun335
[INFO] handleSpecialFinalTransitions form FINAL STATE
Allow from final: false
[INFO] Valid special transition: fun336
[INFO] handleSpecialFinalTransitions form FINAL STATE
Allow from final: false
[INFO] Valid special transition: fun337
[INFO] handleSpecialFinalTransitions form FINAL STATE
Allow from final: false
[INFO] Valid special transition: fun338
[INFO] handleSpecialFinalTransitions form FINAL STATE
Allow from final: false
[INFO] Valid special transition: fun339
[INFO] handleSpecialFinalTransitions form FINAL STATE
Allow from final: false
[INFO] Valid special transition: fun340
[INFO] handleSpecialFinalTransitions form FINAL STATE
Allow from final: false
[INFO] Valid special transition: fun341
[INFO] handleSpecialFinalTransitions form FINAL STATE
Allow from final: false
[INFO] Valid special transition: fun342
[INFO] handleSpecialFinalTransitions form FINAL STATE
Allow from final: false
[INFO] Valid special transition: fun343
[INFO] handleSpecialFinalTransitions form FINAL STATE
Allow from final: false
[INFO] Valid special transition: fun344
[INFO] handleSpecialFinalTransitions form FINAL STATE
Allow from final: false
[INFO] Valid special transition: fun345
[INFO] handleSpecialFinalTransitions form FINAL STATE
Allow from final: false
[INFO] Valid special transition: fun346
[INFO] handleSpecialFinalTransitions form FINAL STATE
Allow from final: false
[INFO] Valid special transition: fun347
[INFO] handleSpecialFinalTransitions form FINAL STATE
Allow from final: false
[INFO] Valid special transition: fun348
[INFO] handleSpecialFinalTransitions form FINAL STATE
Allow from final: false
[INFO] Valid special transition: fun349
[INFO] handleSpecialFinalTransitions form FINAL STATE
Allow from final: false
[INFO] Valid special transition: fun350
[INFO] handleSpecialFinalTransitions form FINAL STATE
Allow from final: false
[INFO] Valid special transition: fun351
[INFO] handleSpecialFinalTransitions form FINAL STATE
Allow from final: false
[INFO] Valid special transition: fun352
[INFO] handleSpecialFinalTransitions form FINAL STATE
Allow from final: false
[INFO] Valid special transition: fun353
[INFO] handleSpecialFinalTransitions form FINAL STATE
Allow from final: false
[INFO] Valid special transition: fun354
[INFO] handleSpecialFinalTransitions form FINAL STATE
Allow from final: false
[INFO] Valid special transition: fun355
[INFO] handleSpecialFinalTransitions form FINAL STATE
Allow from final: false
[INFO] Valid special transition: fun356
[INFO] handleSpecialFinalTransitions form FINAL STATE
Allow from final: false
[INFO] Valid special transition: fun357
[INFO] handleSpecialFinalTransitions form FINAL STATE
Allow from final: false
[INFO] Valid special transition: fun358
[INFO] handleSpecialFinalTransitions form FINAL STATE
Allow from final: false
[INFO] Valid special transition: fun359
[INFO] handleSpecialFinalTransitions form FINAL STATE
Allow from final: false
[INFO] Valid special transition: fun360
[INFO] handleSpecialFinalTransitions form FINAL STATE
Allow from final: false
[INFO] Valid special transition: fun361
[INFO] handleSpecialFinalTransitions form FINAL STATE
Allow from final: false
[INFO] Valid special transition: fun362
[INFO] handleSpecialFinalTransitions form FINAL STATE
Allow from final: false
[INFO] Valid special transition: fun363
[INFO] handleSpecialFinalTransitions form FINAL STATE
Allow from final: false
[INFO] Valid special transition: fun364
[INFO] handleSpecialFinalTransitions form FINAL STATE
Allow from final: false
[INFO] Valid special transition: fun365
[INFO] handleSpecialFinalTransitions form FINAL STATE
Allow from final: false
[INFO] Valid special transition: fun366
[INFO] handleSpecialFinalTransitions form FINAL STATE
Allow from final: false
[INFO] Valid special transition: fun367
[INFO] handleSpecialFinalTransitions form FINAL STATE
Allow from final: false
[INFO] Valid special transition: fun368
[INFO] handleSpecialFinalTransitions form FINAL STATE
Allow from final: false
[INFO] Valid special transition: fun369
[INFO] handleSpecialFinalTransitions form FINAL STATE
Allow from final: false
[INFO] Valid special transition: fun370
[INFO] handleSpecialFinalTransitions form FINAL STATE
Allow from final: false
[INFO] Valid special transition: fun371
[INFO] handleSpecialFinalTransitions form FINAL STATE
Allow from final: false
[INFO] Valid special transition: fun372
[INFO] handleSpecialFinalTransitions form FINAL STATE
Allow from final: false
[INFO] Valid special transition: fun373
[INFO] handleSpecialFinalTransitions form FINAL STATE
Allow from final: false
[INFO] Valid special transition: fun374
[INFO] handleSpecialFinalTransitions form FINAL STATE
Allow from final: false
[INFO] Valid special transition: fun375
[INFO] handleSpecialFinalTransitions form FINAL STATE
Allow from final: false
[INFO] Valid special transition: fun376
[INFO] handleSpecialFinalTransitions form FINAL STATE
Allow from final: false
[INFO] Valid special transition: fun377
[INFO] handleSpecialFinalTransitions form FINAL STATE
Allow from final: false
[INFO] Valid special transition: fun378
[INFO] handleSpecialFinalTransitions form FINAL STATE
Allow from final: false
[INFO] Valid special transition: fun379
[INFO] handleSpecialFinalTransitions form FINAL STATE
Allow from final: false
[INFO] Valid special transition: fun380
[INFO] handleSpecialFinalTransitions form FINAL STATE
Allow from final: false
[INFO] Valid special transition: fun381
[INFO] handleSpecialFinalTransitions form FINAL STATE
Allow from final: false
[INFO] Valid special transition: fun382
[INFO] handleSpecialFinalTransitions form FINAL STATE
Allow from final: false
[INFO] Valid special transition: fun383
[INFO] handleSpecialFinalTransitions form FINAL STATE
Allow from final: false
[INFO] Valid special transition: fun384
[INFO] handleSpecialFinalTransitions form FINAL STATE
Allow from final: false
[INFO] Valid special transition: fun385
[INFO] handleSpecialFinalTransitions form FINAL STATE
Allow from final: false
[INFO] Valid special transition: fun386
[INFO] handleSpecialFinalTransitions form FINAL STATE
Allow from final: false
[INFO] Valid special transition: fun387
[INFO] handleSpecialFinalTransitions form FINAL STATE
Allow from final: false
[INFO] Valid special transition: fun388
[INFO] handleSpecialFinalTransitions form FINAL STATE
Allow from final: false
[INFO] Valid special transition: fun389
[INFO] handleSpecialFinalTransitions form FINAL STATE
Allow from final: false
[INFO] Valid special transition: fun390
[INFO] handleSpecialFinalTransitions form FINAL STATE
Allow from final: false
[INFO] Valid special transition: fun391
[INFO] handleSpecialFinalTransitions form FINAL STATE
Allow from final: false
[INFO] Valid special transition: fun392
[INFO] handleSpecialFinalTransitions form FINAL STATE
Allow from final: false
[INFO] Valid special transition: fun393
[INFO] handleSpecialFinalTransitions form FINAL STATE
Allow from final: false
[INFO] Valid special transition: fun394
[INFO] handleSpecialFinalTransitions form FINAL STATE
Allow from final: false
[INFO] Valid special transition: fun395
[INFO] handleSpecialFinalTransitions form FINAL STATE
Allow from final: false
[INFO] Valid special transition: fun396
[INFO] handleSpecialFinalTransitions form FINAL STATE
Allow from final: false
[INFO] Valid special transition: fun397
[INFO] handleSpecialFinalTransitions form FINAL STATE
Allow from final: false
[INFO] Valid special transition: fun398
[INFO] handleSpecialFinalTransitions form FINAL STATE
Allow from final: false
[INFO] Valid special transition: fun399
[INFO] handleSpecialFinalTransitions form FINAL STATE
Allow from final: false
[INFO] Valid special transition: fun400
[INFO] handleSpecialFinalTransitions form FINAL STATE
Allow from final: false
[INFO] Valid special transition: fun401
[INFO] handleSpecialFinalTransitions form FINAL STATE
Allow from final: false
[INFO] Valid special transition: fun402
[INFO] handleSpecialFinalTransitions form FINAL STATE
Allow from final: false
[INFO] Valid special transition: fun403
[INFO] handleSpecialFinalTransitions form FINAL STATE
Allow from final: false
[INFO] Valid special transition: fun404
[INFO] handleSpecialFinalTransitions form FINAL STATE
Allow from final: false
[INFO] Valid special transition: fun405
[INFO] handleSpecialFinalTransitions form FINAL STATE
Allow from final: false
[INFO] Valid special transition: fun406
[INFO] handleSpecialFinalTransitions form FINAL STATE
Allow from final: false
[INFO] Valid special transition: fun407
[INFO] handleSpecialFinalTransitions form FINAL STATE
Allow from final: false
[INFO] Valid special transition: fun408
[INFO] handleSpecialFinalTransitions form FINAL STATE
Allow from final: false
[INFO] Valid special transition: fun409
[INFO] handleSpecialFinalTransitions form FINAL STATE
Allow from final: false
[INFO] Valid special transition: fun410
[INFO] handleSpecialFinalTransitions form FINAL STATE
Allow from final: false
[INFO] Valid special transition: fun411
[INFO] handleSpecialFinalTransitions form FINAL STATE
Allow from final: false
[INFO] Valid special transition: fun412
[INFO] handleSpecialFinalTransitions form FINAL STATE
Allow from final: false
[INFO] Valid special transition: fun413
[INFO] handleSpecialFinalTransitions form FINAL STATE
Allow from final: false
[INFO] Valid special transition: fun414
[INFO] handleSpecialFinalTransitions form FINAL STATE
Allow from final: false
[INFO] Valid special transition: fun415
[INFO] handleSpecialFinalTransitions form FINAL STATE
Allow from final: false
[INFO] Valid special transition: fun416
[INFO] handleSpecialFinalTransitions form FINAL STATE
Allow from final: false
[INFO] Valid special transition: fun417
[INFO] handleSpecialFinalTransitions form FINAL STATE
Allow from final: false
[INFO] Valid special transition: fun418
[INFO] handleSpecialFinalTransitions form FINAL STATE
Allow from final: false
[INFO] Valid special transition: fun419
[INFO] handleSpecialFinalTransitions form FINAL STATE
Allow from final: false
[INFO] Valid special transition: fun420
[INFO] handleSpecialFinalTransitions form FINAL STATE
Allow from final: false
[INFO] Valid special transition: fun421
[INFO] handleSpecialFinalTransitions form FINAL STATE
Allow from final: false
[INFO] Valid special transition: fun422
[INFO] handleSpecialFinalTransitions form FINAL STATE
Allow from final: false
[INFO] Valid special transition: fun423
[INFO] handleSpecialFinalTransitions form FINAL STATE
Allow from final: false
[INFO] Valid special transition: fun424
[INFO] handleSpecialFinalTransitions form FINAL STATE
Allow from final: false
[INFO] Valid special transition: fun425
[INFO] handleSpecialFinalTransitions form FINAL STATE
Allow from final: false
[INFO] Valid special transition: fun426
[INFO] handleSpecialFinalTransitions form FINAL STATE
Allow from final: false
[INFO] Valid special transition: fun427
[INFO] handleSpecialFinalTransitions form FINAL STATE
Allow from final: false
[INFO] Valid special transition: fun428
[INFO] handleSpecialFinalTransitions form FINAL STATE
Allow from final: false
[INFO] Valid special transition: fun429
[INFO] handleSpecialFinalTransitions form FINAL STATE
Allow from final: false
[INFO] Valid special transition: fun430
[INFO] handleSpecialFinalTransitions form FINAL STATE
Allow from final: false
[INFO] Valid special transition: fun431
[INFO] handleSpecialFinalTransitions form FINAL STATE
Allow from final: false
[INFO] Valid special transition: fun432
[INFO] handleSpecialFinalTransitions form FINAL STATE
Allow from final: false
[INFO] Valid special transition: fun433
[INFO] handleSpecialFinalTransitions form FINAL STATE
Allow from final: false
[INFO] Valid special transition: fun434
[INFO] handleSpecialFinalTransitions form FINAL STATE
Allow from final: false
[INFO] Valid special transition: fun435
[INFO] handleSpecialFinalTransitions form FINAL STATE
Allow from final: false
[INFO] Valid special transition: fun436
[INFO] handleSpecialFinalTransitions form FINAL STATE
Allow from final: false
[INFO] Valid special transition: fun437
[INFO] handleSpecialFinalTransitions form FINAL STATE
Allow from final: false
[INFO] Valid special transition: fun438
[INFO] handleSpecialFinalTransitions form FINAL STATE
Allow from final: false
[INFO] Valid special transition: fun439
[INFO] handleSpecialFinalTransitions form FINAL STATE
Allow from final: false
[INFO] Valid special transition: fun440
[INFO] handleSpecialFinalTransitions form FINAL STATE
Allow from final: false
[INFO] Valid special transition: fun441
[INFO] handleSpecialFinalTransitions form FINAL STATE
Allow from final: false
[INFO] Valid special transition: fun442
[INFO] handleSpecialFinalTransitions form FINAL STATE
Allow from final: false
[INFO] Valid special transition: fun443
[INFO] handleSpecialFinalTransitions form FINAL STATE
Allow from final: false
[INFO] Valid special transition: fun444
[INFO] handleSpecialFinalTransitions form FINAL STATE
Allow from final: false
[INFO] Valid special transition: fun445
[INFO] handleSpecialFinalTransitions form FINAL STATE
Allow from final: false
[INFO] Valid special transition: fun446
[INFO] handleSpecialFinalTransitions form FINAL STATE
Allow from final: false
[INFO] Valid special transition: fun447
[INFO] handleSpecialFinalTransitions form FINAL STATE
Allow from final: false
[INFO] Valid special transition: fun448
[INFO] handleSpecialFinalTransitions form FINAL STATE
Allow from final: false
[INFO] Valid special transition: fun449
[INFO] handleSpecialFinalTransitions form FINAL STATE
Allow from final: false
[INFO] Valid special transition: fun450
[INFO] handleSpecialFinalTransitions form FINAL STATE
Allow from final: false
[INFO] Valid special transition: fun451
[INFO] handleSpecialFinalTransitions form FINAL STATE
Allow from final: false
[INFO] Valid special transition: fun452
[INFO] handleSpecialFinalTransitions form FINAL STATE
Allow from final: false
[INFO] Valid special transition: fun453
[INFO] handleSpecialFinalTransitions form FINAL STATE
Allow from final: false
[INFO] Valid special transition: fun454
[INFO] handleSpecialFinalTransitions form FINAL STATE
Allow from final: false
[INFO] Valid special transition: fun455
[INFO] handleSpecialFinalTransitions form FINAL STATE
Allow from final: false
[INFO] Valid special transition: fun456
[INFO] handleSpecialFinalTransitions form FINAL STATE
Allow from final: false
[INFO] Valid special transition: fun457
[INFO] handleSpecialFinalTransitions form FINAL STATE
Allow from final: false
[INFO] Valid special transition: fun458
[INFO] handleSpecialFinalTransitions form FINAL STATE
Allow from final: false
[INFO] Valid special transition: fun459
[INFO] handleSpecialFinalTransitions form FINAL STATE
Allow from final: false
[INFO] Valid special transition: fun460
[INFO] handleSpecialFinalTransitions form FINAL STATE
Allow from final: false
[INFO] Valid special transition: fun461
[INFO] handleSpecialFinalTransitions form FINAL STATE
Allow from final: false
[INFO] Valid special transition: fun462
[INFO] handleSpecialFinalTransitions form FINAL STATE
Allow from final: false
[INFO] Valid special transition: fun463
[INFO] handleSpecialFinalTransitions form FINAL STATE
Allow from final: false
[INFO] Valid special transition: fun464
[INFO] handleSpecialFinalTransitions form FINAL STATE
Allow from final: false
[INFO] Valid special transition: fun465
[INFO] handleSpecialFinalTransitions form FINAL STATE
Allow from final: false
[INFO] Valid special transition: fun466
[INFO] handleSpecialFinalTransitions form FINAL STATE
Allow from final: false
[INFO] Valid special transition: fun467
[INFO] handleSpecialFinalTransitions form FINAL STATE
Allow from final: false
[INFO] Valid special transition: fun468
[INFO] handleSpecialFinalTransitions form FINAL STATE
Allow from final: false
[INFO] Valid special transition: fun469
[INFO] handleSpecialFinalTransitions form FINAL STATE
Allow from final: false
[INFO] Valid special transition: fun470
[INFO] handleSpecialFinalTransitions form FINAL STATE
Allow from final: false
[INFO] Valid special transition: fun471
[INFO] handleSpecialFinalTransitions form FINAL STATE
Allow from final: false
[INFO] Valid special transition: fun472
[INFO] handleSpecialFinalTransitions form FINAL STATE
Allow from final: false
[INFO] Valid special transition: fun473
[INFO] handleSpecialFinalTransitions form FINAL STATE
Allow from final: false
[INFO] Valid special transition: fun474
[INFO] handleSpecialFinalTransitions form FINAL STATE
Allow from final: false
[INFO] Valid special transition: fun475
[INFO] handleSpecialFinalTransitions form FINAL STATE
Allow from final: false
[INFO] Valid special transition: fun476
[INFO] handleSpecialFinalTransitions form FINAL STATE
Allow from final: false
[INFO] Valid special transition: fun477
[INFO] handleSpecialFinalTransitions form FINAL STATE
Allow from final: false
[INFO] Valid special transition: fun478
[INFO] handleSpecialFinalTransitions form FINAL STATE
Allow from final: false
[INFO] Valid special transition: fun479
[INFO] handleSpecialFinalTransitions form FINAL STATE
Allow from final: false
[INFO] Valid special transition: fun480
[INFO] handleSpecialFinalTransitions form FINAL STATE
Allow from final: false
[INFO] Valid special transition: fun481
[INFO] handleSpecialFinalTransitions form FINAL STATE
Allow from final: false
[INFO] Valid special transition: fun482
[INFO] handleSpecialFinalTransitions form FINAL STATE
Allow from final: false
[INFO] Valid special transition: fun483
[INFO] handleSpecialFinalTransitions form FINAL STATE
Allow from final: false
[INFO] Valid special transition: fun484
[INFO] handleSpecialFinalTransitions form FINAL STATE
Allow from final: false
[INFO] Valid special transition: fun485
[INFO] handleSpecialFinalTransitions form FINAL STATE
Allow from final: false
[INFO] Valid special transition: fun486
[INFO] handleSpecialFinalTransitions form FINAL STATE
Allow from final: false
[INFO] Valid special transition: fun487
[INFO] handleSpecialFinalTransitions form FINAL STATE
Allow from final: false
[INFO] Valid special transition: fun488
[INFO] handleSpecialFinalTransitions form FINAL STATE
Allow from final: false
[INFO] Valid special transition: fun489
[INFO] handleSpecialFinalTransitions form FINAL STATE
Allow from final: false
[INFO] Valid special transition: fun490
[INFO] handleSpecialFinalTransitions form FINAL STATE
Allow from final: false
[INFO] Valid special transition: fun491
[INFO] handleSpecialFinalTransitions form FINAL STATE
Allow from final: false
[INFO] Valid special transition: fun492
[INFO] handleSpecialFinalTransitions form FINAL STATE
Allow from final: false
[INFO] Valid special transition: fun493
[INFO] handleSpecialFinalTransitions form FINAL STATE
Allow from final: false
[INFO] Valid special transition: fun494
[INFO] handleSpecialFinalTransitions form FINAL STATE
Allow from final: false
[INFO] Valid special transition: fun495
[INFO] handleSpecialFinalTransitions form FINAL STATE
Allow from final: false
[INFO] Valid special transition: fun496
[INFO] handleSpecialFinalTransitions form FINAL STATE
Allow from final: false
[INFO] Valid special transition: fun497
[INFO] handleSpecialFinalTransitions form FINAL STATE
Allow from final: false
[INFO] Valid special transition: fun498
[INFO] handleSpecialFinalTransitions form FINAL STATE
Allow from final: false
[INFO] Valid special transition: fun499
[INFO] handleSpecialFinalTransitions form FINAL STATE
Allow from final: false
[INFO] Valid special transition: fun500
[INFO] handleSpecialFinalTransitions form FINAL STATE
Allow from final: false
[INFO] Valid special transition: fun501
[INFO] handleSpecialFinalTransitions form FINAL STATE
Allow from final: false
[INFO] Valid special transition: fun502
[INFO] handleSpecialFinalTransitions form FINAL STATE
Allow from final: false
[INFO] Valid special transition: fun503
[INFO] handleSpecialFinalTransitions form FINAL STATE
Allow from final: false
[INFO] Valid special transition: fun504
[INFO] handleSpecialFinalTransitions form FINAL STATE
Allow from final: false
[INFO] Valid special transition: fun505
[INFO] handleSpecialFinalTransitions form FINAL STATE
Allow from final: false
[INFO] Valid special transition: fun506
[INFO] handleSpecialFinalTransitions form FINAL STATE
Allow from final: false
[INFO] Valid special transition: fun507
[INFO] handleSpecialFinalTransitions form FINAL STATE
Allow from final: false
[INFO] Valid special transition: fun508
[INFO] handleSpecialFinalTransitions form FINAL STATE
Allow from final: false
[INFO] Valid special transition: fun509
[INFO] handleSpecialFinalTransitions form FINAL STATE
Allow from final: false
[INFO] Valid special transition: fun510
[INFO] handleSpecialFinalTransitions form FINAL STATE
Allow from final: false
[INFO] Valid special transition: fun511
[INFO] handleSpecialFinalTransitions form FINAL STATE
Allow from final: false
[INFO] Valid special transition: fun512
[INFO] handleSpecialFinalTransitions form FINAL STATE
Allow from final: false
[INFO] Valid special transition: fun513
[INFO] handleSpecialFinalTransitions form FINAL STATE
Allow from final: false
[INFO] Valid special transition: fun514
[INFO] handleSpecialFinalTransitions form FINAL STATE
Allow from final: false
[INFO] Valid special transition: fun515
[INFO] handleSpecialFinalTransitions form FINAL STATE
Allow from final: false
[INFO] Valid special transition: fun516
[INFO] handleSpecialFinalTransitions form FINAL STATE
Allow from final: false
[INFO] Valid special transition: fun517
[INFO] handleSpecialFinalTransitions form FINAL STATE
Allow from final: false
[INFO] Valid special transition: fun518
[INFO] handleSpecialFinalTransitions form FINAL STATE
Allow from final: false
[INFO] Valid special transition: fun519
[INFO] handleSpecialFinalTransitions form FINAL STATE
Allow from final: false
[INFO] Valid special transition: fun520
[INFO] handleSpecialFinalTransitions form FINAL STATE
Allow from final: false
[INFO] Valid special transition: fun521
[INFO] handleSpecialFinalTransitions form FINAL STATE
Allow from final: false
[INFO] Valid special transition: fun522
[INFO] handleSpecialFinalTransitions form FINAL STATE
Allow from final: false
[INFO] Valid special transition: fun523
[INFO] handleSpecialFinalTransitions form FINAL STATE
Allow from final: false
[INFO] Valid special transition: fun524
[INFO] handleSpecialFinalTransitions form FINAL STATE
Allow from final: false
[INFO] Valid special transition: fun525
[INFO] handleSpecialFinalTransitions form FINAL STATE
Allow from final: false
[INFO] Valid special transition: fun526
[INFO] handleSpecialFinalTransitions form FINAL STATE
Allow from final: false
[INFO] Valid special transition: fun527
[INFO] handleSpecialFinalTransitions form FINAL STATE
Allow from final: false
[INFO] Valid special transition: fun528
[INFO] handleSpecialFinalTransitions form FINAL STATE
Allow from final: false
[INFO] Valid special transition: fun529
[INFO] handleSpecialFinalTransitions form FINAL STATE
Allow from final: false
[INFO] Valid special transition: fun530
[INFO] handleSpecialFinalTransitions form FINAL STATE
Allow from final: false
[INFO] Valid special transition: fun531
[INFO] handleSpecialFinalTransitions form FINAL STATE
Allow from final: false
[INFO] Valid special transition: fun532
[INFO] handleSpecialFinalTransitions form FINAL STATE
Allow from final: false
[INFO] Valid special transition: fun533
[INFO] handleSpecialFinalTransitions form FINAL STATE
Allow from final: false
[INFO] Valid special transition: fun534
[INFO] handleSpecialFinalTransitions form FINAL STATE
Allow from final: false
[INFO] Valid special transition: fun535
[INFO] handleSpecialFinalTransitions form FINAL STATE
Allow from final: false
[INFO] Valid special transition: fun536
[INFO] handleSpecialFinalTransitions form FINAL STATE
Allow from final: false
[INFO] Valid special transition: fun537
[INFO] handleSpecialFinalTransitions form FINAL STATE
Allow from final: false
[INFO] Valid special transition: fun538
[INFO] handleSpecialFinalTransitions form FINAL STATE
Allow from final: false
[INFO] Valid special transition: fun539
[INFO] handleSpecialFinalTransitions form FINAL STATE
Allow from final: false
[INFO] Valid special transition: fun540
[INFO] handleSpecialFinalTransitions form FINAL STATE
Allow from final: false
[INFO] Valid special transition: fun541
[INFO] handleSpecialFinalTransitions form FINAL STATE
Allow from final: false
[INFO] Valid special transition: fun542
[INFO] handleSpecialFinalTransitions form FINAL STATE
Allow from final: false
[INFO] Valid special transition: fun543
[INFO] handleSpecialFinalTransitions form FINAL STATE
Allow from final: false
[INFO] Valid special transition: fun544
[INFO] handleSpecialFinalTransitions form FINAL STATE
Allow from final: false
[INFO] Valid special transition: fun545
[INFO] handleSpecialFinalTransitions form FINAL STATE
Allow from final: false
[INFO] Valid special transition: fun546
[INFO] handleSpecialFinalTransitions form FINAL STATE
Allow from final: false
[INFO] Valid special transition: fun547
[INFO] handleSpecialFinalTransitions form FINAL STATE
Allow from final: false
[INFO] Valid special transition: fun548
[INFO] handleSpecialFinalTransitions form FINAL STATE
Allow from final: false
[INFO] Valid special transition: fun549
[INFO] handleSpecialFinalTransitions form FINAL STATE
Allow from final: false
[INFO] Valid special transition: fun550
[INFO] handleSpecialFinalTransitions form FINAL STATE
Allow from final: false
[INFO] Valid special transition: fun551
[INFO] handleSpecialFinalTransitions form FINAL STATE
Allow from final: false
[INFO] Valid special transition: fun552
[INFO] handleSpecialFinalTransitions form FINAL STATE
Allow from final: false
[INFO] Valid special transition: fun553
[INFO] handleSpecialFinalTransitions form FINAL STATE
Allow from final: false
[INFO] Valid special transition: fun554
[INFO] handleSpecialFinalTransitions form FINAL STATE
Allow from final: false
[INFO] Valid special transition: fun555
[INFO] handleSpecialFinalTransitions form FINAL STATE
Allow from final: false
[INFO] Valid special transition: fun556
[INFO] handleSpecialFinalTransitions form FINAL STATE
Allow from final: false
[INFO] Valid special transition: fun557
[INFO] handleSpecialFinalTransitions form FINAL STATE
Allow from final: false
[INFO] Valid special transition: fun558
[INFO] handleSpecialFinalTransitions form FINAL STATE
Allow from final: false
[INFO] Valid special transition: fun559
[INFO] handleSpecialFinalTransitions form FINAL STATE
Allow from final: false
[INFO] Valid special transition: fun560
[INFO] handleSpecialFinalTransitions form FINAL STATE
Allow from final: false
[INFO] Valid special transition: fun561
[INFO] handleSpecialFinalTransitions form FINAL STATE
Allow from final: false
[INFO] Valid special transition: fun562
[INFO] handleSpecialFinalTransitions form FINAL STATE
Allow from final: false
[INFO] Valid special transition: fun563
[INFO] handleSpecialFinalTransitions form FINAL STATE
Allow from final: false
[INFO] Valid special transition: fun564
[INFO] handleSpecialFinalTransitions form FINAL STATE
Allow from final: false
[INFO] Valid special transition: fun565
[INFO] handleSpecialFinalTransitions form FINAL STATE
Allow from final: false
[INFO] Valid special transition: fun566
[INFO] handleSpecialFinalTransitions form FINAL STATE
Allow from final: false
[INFO] Valid special transition: fun567
[INFO] handleSpecialFinalTransitions form FINAL STATE
Allow from final: false
[INFO] Valid special transition: fun568
[INFO] handleSpecialFinalTransitions form FINAL STATE
Allow from final: false
[INFO] Valid special transition: fun569
[INFO] handleSpecialFinalTransitions form FINAL STATE
Allow from final: false
[INFO] Valid special transition: fun570
[INFO] handleSpecialFinalTransitions form FINAL STATE
Allow from final: false
[INFO] Valid special transition: fun571
[INFO] handleSpecialFinalTransitions form FINAL STATE
Allow from final: false
[INFO] Valid special transition: fun572
[INFO] handleSpecialFinalTransitions form FINAL STATE
Allow from final: false
[INFO] Valid special transition: fun573
[INFO] handleSpecialFinalTransitions form FINAL STATE
Allow from final: false
[INFO] Valid special transition: fun574
[INFO] handleSpecialFinalTransitions form FINAL STATE
Allow from final: false
[INFO] Valid special transition: fun575
[INFO] handleSpecialFinalTransitions form FINAL STATE
Allow from final: false
[INFO] Valid special transition: fun576
[INFO] handleSpecialFinalTransitions form FINAL STATE
Allow from final: false
[INFO] Valid special transition: fun577
[INFO] handleSpecialFinalTransitions form FINAL STATE
Allow from final: false
[INFO] Valid special transition: fun578
[INFO] handleSpecialFinalTransitions form FINAL STATE
Allow from final: false
[INFO] Valid special transition: fun579
[INFO] handleSpecialFinalTransitions form FINAL STATE
Allow from final: false
[INFO] Valid special transition: fun580
[INFO] handleSpecialFinalTransitions form FINAL STATE
Allow from final: false
[INFO] Valid special transition: fun581
[INFO] handleSpecialFinalTransitions form FINAL STATE
Allow from final: false
[INFO] Valid special transition: fun582
[INFO] handleSpecialFinalTransitions form FINAL STATE
Allow from final: false
[INFO] Valid special transition: fun583
[INFO] handleSpecialFinalTransitions form FINAL STATE
Allow from final: false
[INFO] Valid special transition: fun584
[INFO] handleSpecialFinalTransitions form FINAL STATE
Allow from final: false
[INFO] Valid special transition: fun585
[INFO] handleSpecialFinalTransitions form FINAL STATE
Allow from final: false
[INFO] Valid special transition: fun586
[INFO] handleSpecialFinalTransitions form FINAL STATE
Allow from final: false
[INFO] Valid special transition: fun587
[INFO] handleSpecialFinalTransitions form FINAL STATE
Allow from final: false
[INFO] Valid special transition: fun588
[INFO] handleSpecialFinalTransitions form FINAL STATE
Allow from final: false
[INFO] Valid special transition: fun589
[INFO] handleSpecialFinalTransitions form FINAL STATE
Allow from final: false
[INFO] Valid special transition: fun590
[INFO] handleSpecialFinalTransitions form FINAL STATE
Allow from final: false
[INFO] Valid special transition: fun591
[INFO] handleSpecialFinalTransitions form FINAL STATE
Allow from final: false
[INFO] Valid special transition: fun592
[INFO] handleSpecialFinalTransitions form FINAL STATE
Allow from final: false
[INFO] Valid special transition: fun593
[INFO] handleSpecialFinalTransitions form FINAL STATE
Allow from final: false
[INFO] Valid special transition: fun594
[INFO] handleSpecialFinalTransitions form FINAL STATE
Allow from final: false
[INFO] Valid special transition: fun595
[INFO] handleSpecialFinalTransitions form FINAL STATE
Allow from final: false
[INFO] Valid special transition: fun596
[INFO] handleSpecialFinalTransitions form FINAL STATE
Allow from final: false
[INFO] Valid special transition: fun597
[INFO] handleSpecialFinalTransitions form FINAL STATE
Allow from final: false
[INFO] Valid special transition: fun598
[INFO] handleSpecialFinalTransitions form FINAL STATE
Allow from final: false
[INFO] Valid special transition: fun599
[INFO] handleSpecialFinalTransitions form FINAL STATE
Allow from final: false
[INFO] Valid special transition: fun600
[INFO] handleSpecialFinalTransitions form FINAL STATE
Allow from final: false
[INFO] Valid special transition: fun601
[INFO] handleSpecialFinalTransitions form FINAL STATE
Allow from final: false
[INFO] Valid special transition: fun602
[INFO] handleSpecialFinalTransitions form FINAL STATE
Allow from final: false
[INFO] Valid special transition: fun603
[INFO] handleSpecialFinalTransitions form FINAL STATE
Allow from final: false
[INFO] Valid special transition: fun604
[INFO] handleSpecialFinalTransitions form FINAL STATE
Allow from final: false
[INFO] Valid special transition: fun605
[INFO] handleSpecialFinalTransitions form FINAL STATE
Allow from final: false
[INFO] Valid special transition: fun606
[INFO] handleSpecialFinalTransitions form FINAL STATE
Allow from final: false
[INFO] Valid special transition: fun607
[INFO] handleSpecialFinalTransitions form FINAL STATE
Allow from final: false
[INFO] Valid special transition: fun608
[INFO] handleSpecialFinalTransitions form FINAL STATE
Allow from final: false
[INFO] Valid special transition: fun609
[INFO] handleSpecialFinalTransitions form FINAL STATE
Allow from final: false
[INFO] Valid special transition: fun610
[INFO] handleSpecialFinalTransitions form FINAL STATE
Allow from final: false
[INFO] Valid special transition: fun611
[INFO] handleSpecialFinalTransitions form FINAL STATE
Allow from final: false
[INFO] Valid special transition: fun612
[INFO] handleSpecialFinalTransitions form FINAL STATE
Allow from final: false
[INFO] Valid special transition: fun613
[INFO] handleSpecialFinalTransitions form FINAL STATE
Allow from final: false
[INFO] Valid special transition: fun614
[INFO] handleSpecialFinalTransitions form FINAL STATE
Allow from final: false
[INFO] Valid special transition: fun615
[INFO] handleSpecialFinalTransitions form FINAL STATE
Allow from final: false
[INFO] Valid special transition: fun616
[INFO] handleSpecialFinalTransitions form FINAL STATE
Allow from final: false
[INFO] Valid special transition: fun617
[INFO] handleSpecialFinalTransitions form FINAL STATE
Allow from final: false
[INFO] Valid special transition: fun618
[INFO] handleSpecialFinalTransitions form FINAL STATE
Allow from final: false
[INFO] Valid special transition: fun619
[INFO] handleSpecialFinalTransitions form FINAL STATE
Allow from final: false
[INFO] Valid special transition: fun620
[INFO] handleSpecialFinalTransitions form FINAL STATE
Allow from final: false
[INFO] Valid special transition: fun621
[INFO] handleSpecialFinalTransitions form FINAL STATE
Allow from final: false
[INFO] Valid special transition: fun622
[INFO] handleSpecialFinalTransitions form FINAL STATE
Allow from final: false
[INFO] Valid special transition: fun623
[INFO] handleSpecialFinalTransitions form FINAL STATE
Allow from final: false
[INFO] Valid special transition: fun624
[INFO] handleSpecialFinalTransitions form FINAL STATE
Allow from final: false
[INFO] Valid special transition: fun625
[INFO] handleSpecialFinalTransitions form FINAL STATE
Allow from final: false
[INFO] Valid special transition: fun626
[INFO] handleSpecialFinalTransitions form FINAL STATE
Allow from final: false
[INFO] Valid special transition: fun627
[INFO] handleSpecialFinalTransitions form FINAL STATE
Allow from final: false
[INFO] Valid special transition: fun628
[INFO] handleSpecialFinalTransitions form FINAL STATE
Allow from final: false
[INFO] Valid special transition: fun629
[INFO] handleSpecialFinalTransitions form FINAL STATE
Allow from final: false
[INFO] Valid special transition: fun630
[INFO] handleSpecialFinalTransitions form FINAL STATE
Allow from final: false
[INFO] Valid special transition: fun631
[INFO] handleSpecialFinalTransitions form FINAL STATE
Allow from final: false
[INFO] Valid special transition: fun632
[INFO] handleSpecialFinalTransitions form FINAL STATE
Allow from final: false
[INFO] Valid special transition: fun633
[INFO] handleSpecialFinalTransitions form FINAL STATE
Allow from final: false
[INFO] Valid special transition: fun634
[INFO] handleSpecialFinalTransitions form FINAL STATE
Allow from final: false
[INFO] Valid special transition: fun635
[INFO] handleSpecialFinalTransitions form FINAL STATE
Allow from final: false
[INFO] Valid special transition: fun636
[INFO] handleSpecialFinalTransitions form FINAL STATE
Allow from final: false
[INFO] Valid special transition: fun637
[INFO] handleSpecialFinalTransitions form FINAL STATE
Allow from final: false
[INFO] Valid special transition: fun638
[INFO] handleSpecialFinalTransitions form FINAL STATE
Allow from final: false
[INFO] Valid special transition: fun639
[INFO] handleSpecialFinalTransitions form FINAL STATE
Allow from final: false
[INFO] Valid special transition: fun640
[INFO] handleSpecialFinalTransitions form FINAL STATE
Allow from final: false
[INFO] Valid special transition: fun641
[INFO] handleSpecialFinalTransitions form FINAL STATE
Allow from final: false
[INFO] Valid special transition: fun642
[INFO] handleSpecialFinalTransitions form FINAL STATE
Allow from final: false
[INFO] Valid special transition: fun643
[INFO] handleSpecialFinalTransitions form FINAL STATE
Allow from final: false
[INFO] Valid special transition: fun644
[INFO] handleSpecialFinalTransitions form FINAL STATE
Allow from final: false
[INFO] Valid special transition: fun645
[INFO] handleSpecialFinalTransitions form FINAL STATE
Allow from final: false
[INFO] Valid special transition: fun646
[INFO] handleSpecialFinalTransitions form FINAL STATE
Allow from final: false
[INFO] Valid special transition: fun647
[INFO] handleSpecialFinalTransitions form FINAL STATE
Allow from final: false
[INFO] Valid special transition: fun648
[INFO] handleSpecialFinalTransitions form FINAL STATE
Allow from final: false
[INFO] Valid special transition: fun649
[INFO] handleSpecialFinalTransitions form FINAL STATE
Allow from final: false
[INFO] Valid special transition: fun650
[INFO] handleSpecialFinalTransitions form FINAL STATE
Allow from final: false
[INFO] Valid special transition: fun651
[INFO] handleSpecialFinalTransitions form FINAL STATE
Allow from final: false
[INFO] Valid special transition: fun652
[INFO] handleSpecialFinalTransitions form FINAL STATE
Allow from final: false
[INFO] Valid special transition: fun653
[INFO] handleSpecialFinalTransitions form FINAL STATE
Allow from final: false
[INFO] Valid special transition: fun654
[INFO] handleSpecialFinalTransitions form FINAL STATE
Allow from final: false
[INFO] Valid special transition: fun655
[INFO] handleSpecialFinalTransitions form FINAL STATE
Allow from final: false
[INFO] Valid special transition: fun656
[INFO] handleSpecialFinalTransitions form FINAL STATE
Allow from final: false
[INFO] Valid special transition: fun657
[INFO] handleSpecialFinalTransitions form FINAL STATE
Allow from final: false
[INFO] Valid special transition: fun658
[INFO] handleSpecialFinalTransitions form FINAL STATE
Allow from final: false
[INFO] Valid special transition: fun659
[INFO] handleSpecialFinalTransitions form FINAL STATE
Allow from final: false
[INFO] Valid special transition: fun660
[INFO] handleSpecialFinalTransitions form FINAL STATE
Allow from final: false
[INFO] Valid special transition: fun661
[INFO] handleSpecialFinalTransitions form FINAL STATE
Allow from final: false
[INFO] Valid special transition: fun662
[INFO] handleSpecialFinalTransitions form FINAL STATE
Allow from final: false
[INFO] Valid special transition: fun663
[INFO] handleSpecialFinalTransitions form FINAL STATE
Allow from final: false
[INFO] Valid special transition: fun664
[INFO] handleSpecialFinalTransitions form FINAL STATE
Allow from final: false
[INFO] Valid special transition: fun665
[INFO] handleSpecialFinalTransitions form FINAL STATE
Allow from final: false
[INFO] Valid special transition: fun666
[INFO] handleSpecialFinalTransitions form FINAL STATE
Allow from final: false
[INFO] Valid special transition: fun667
[INFO] handleSpecialFinalTransitions form FINAL STATE
Allow from final: false
[INFO] Valid special transition: fun668
[INFO] handleSpecialFinalTransitions form FINAL STATE
Allow from final: false
[INFO] Valid special transition: fun669
[INFO] handleSpecialFinalTransitions form FINAL STATE
Allow from final: false
[INFO] Valid special transition: fun670
[INFO] handleSpecialFinalTransitions form FINAL STATE
Allow from final: false
[INFO] Valid special transition: fun671
[INFO] handleSpecialFinalTransitions form FINAL STATE
Allow from final: false
[INFO] Valid special transition: fun672
[INFO] handleSpecialFinalTransitions form FINAL STATE
Allow from final: false
[INFO] Valid special transition: fun673
[INFO] handleSpecialFinalTransitions form FINAL STATE
Allow from final: false
[INFO] Valid special transition: fun674
[INFO] handleSpecialFinalTransitions form FINAL STATE
Allow from final: false
[INFO] Valid special transition: fun675
[INFO] handleSpecialFinalTransitions form FINAL STATE
Allow from final: false
[INFO] Valid special transition: fun676
[INFO] handleSpecialFinalTransitions form FINAL STATE
Allow from final: false
[INFO] Valid special transition: fun677
[INFO] handleSpecialFinalTransitions form FINAL STATE
Allow from final: false
[INFO] Valid special transition: fun678
[INFO] handleSpecialFinalTransitions form FINAL STATE
Allow from final: false
[INFO] Valid special transition: fun679
[INFO] handleSpecialFinalTransitions form FINAL STATE
Allow from final: false
[INFO] Valid special transition: fun680
[INFO] handleSpecialFinalTransitions form FINAL STATE
Allow from final: false
[INFO] Valid special transition: fun681
[INFO] handleSpecialFinalTransitions form FINAL STATE
Allow from final: false
[INFO] Valid special transition: fun682
[INFO] handleSpecialFinalTransitions form FINAL STATE
Allow from final: false
[INFO] Valid special transition: fun683
[INFO] handleSpecialFinalTransitions form FINAL STATE
Allow from final: false
[INFO] Valid special transition: fun684
[INFO] handleSpecialFinalTransitions form FINAL STATE
Allow from final: false
[INFO] Valid special transition: fun685
[INFO] handleSpecialFinalTransitions form FINAL STATE
Allow from final: false
[INFO] Valid special transition: fun686
[INFO] handleSpecialFinalTransitions form FINAL STATE
Allow from final: false
[INFO] Valid special transition: fun687
[INFO] handleSpecialFinalTransitions form FINAL STATE
Allow from final: false
[INFO] Valid special transition: fun688
[INFO] handleSpecialFinalTransitions form FINAL STATE
Allow from final: false
[INFO] Valid special transition: fun689
[INFO] handleSpecialFinalTransitions form FINAL STATE
Allow from final: false
[INFO] Valid special transition: fun690
[INFO] handleSpecialFinalTransitions form FINAL STATE
Allow from final: false
[INFO] Valid special transition: fun691
[INFO] handleSpecialFinalTransitions form FINAL STATE
Allow from final: false
[INFO] Valid special transition: fun692
[INFO] handleSpecialFinalTransitions form FINAL STATE
Allow from final: false
[INFO] Valid special transition: fun693
[INFO] handleSpecialFinalTransitions form FINAL STATE
Allow from final: false
[INFO] Valid special transition: fun694
[INFO] handleSpecialFinalTransitions form FINAL STATE
Allow from final: false
[INFO] Valid special transition: fun695
[INFO] handleSpecialFinalTransitions form FINAL STATE
Allow from final: false
[INFO] Valid special transition: fun696
[INFO] handleSpecialFinalTransitions form FINAL STATE
Allow from final: false
[INFO] Valid special transition: fun697
[INFO] handleSpecialFinalTransitions form FINAL STATE
Allow from final: false
[INFO] Valid special transition: fun698
[INFO] handleSpecialFinalTransitions form FINAL STATE
Allow from final: false
[INFO] Valid special transition: fun699
[INFO] handleSpecialFinalTransitions form FINAL STATE
Allow from final: false
[INFO] Valid special transition: fun700
[INFO] handleSpecialFinalTransitions form FINAL STATE
Allow from final: false
[INFO] Valid special transition: fun701
[INFO] handleSpecialFinalTransitions form FINAL STATE
Allow from final: false
[INFO] Valid special transition: fun702
[INFO] handleSpecialFinalTransitions form FINAL STATE
Allow from final: false
[INFO] Valid special transition: fun703
[INFO] handleSpecialFinalTransitions form FINAL STATE
Allow from final: false
[INFO] Valid special transition: fun704
[INFO] handleSpecialFinalTransitions form FINAL STATE
Allow from final: false
[INFO] Valid special transition: fun705
[INFO] handleSpecialFinalTransitions form FINAL STATE
Allow from final: false
[INFO] Valid special transition: fun706
[INFO] handleSpecialFinalTransitions form FINAL STATE
Allow from final: false
[INFO] Valid special transition: fun707
[INFO] handleSpecialFinalTransitions form FINAL STATE
Allow from final: false
[INFO] Valid special transition: fun708
[INFO] handleSpecialFinalTransitions form FINAL STATE
Allow from final: false
[INFO] Valid special transition: fun709
[INFO] handleSpecialFinalTransitions form FINAL STATE
Allow from final: false
[INFO] Valid special transition: fun710
[INFO] handleSpecialFinalTransitions form FINAL STATE
Allow from final: false
[INFO] Valid special transition: fun711
[INFO] handleSpecialFinalTransitions form FINAL STATE
Allow from final: false
[INFO] Valid special transition: fun712
[INFO] handleSpecialFinalTransitions form FINAL STATE
Allow from final: false
[INFO] Valid special transition: fun713
[INFO] handleSpecialFinalTransitions form FINAL STATE
Allow from final: false
[INFO] Valid special transition: fun714
[INFO] handleSpecialFinalTransitions form FINAL STATE
Allow from final: false
[INFO] Valid special transition: fun715
[INFO] handleSpecialFinalTransitions form FINAL STATE
Allow from final: false
[INFO] Valid special transition: fun716
[INFO] handleSpecialFinalTransitions form FINAL STATE
Allow from final: false
[INFO] Valid special transition: fun717
[INFO] handleSpecialFinalTransitions form FINAL STATE
Allow from final: false
[INFO] Valid special transition: fun718
[INFO] handleSpecialFinalTransitions form FINAL STATE
Allow from final: false
[INFO] Valid special transition: fun719
[INFO] handleSpecialFinalTransitions form FINAL STATE
Allow from final: false
[INFO] Valid special transition: fun720
[INFO] handleSpecialFinalTransitions form FINAL STATE
Allow from final: false
[INFO] Valid special transition: fun721
[INFO] handleSpecialFinalTransitions form FINAL STATE
Allow from final: false
[INFO] Valid special transition: fun722
[INFO] handleSpecialFinalTransitions form FINAL STATE
Allow from final: false
[INFO] Valid special transition: fun723
[INFO] handleSpecialFinalTransitions form FINAL STATE
Allow from final: false
[INFO] Valid special transition: fun724
[INFO] handleSpecialFinalTransitions form FINAL STATE
Allow from final: false
[INFO] Valid special transition: fun725
[INFO] handleSpecialFinalTransitions form FINAL STATE
Allow from final: false
[INFO] Valid special transition: fun726
[INFO] handleSpecialFinalTransitions form FINAL STATE
Allow from final: false
[INFO] Valid special transition: fun727
[INFO] handleSpecialFinalTransitions form FINAL STATE
Allow from final: false
[INFO] Valid special transition: fun728
[INFO] handleSpecialFinalTransitions form FINAL STATE
Allow from final: false
[INFO] Valid special transition: fun729
[INFO] handleSpecialFinalTransitions form FINAL STATE
Allow from final: false
[INFO] Valid special transition: fun730
[INFO] handleSpecialFinalTransitions form FINAL STATE
Allow from final: false
[INFO] Valid special transition: fun731
[INFO] handleSpecialFinalTransitions form FINAL STATE
Allow from final: false
[INFO] Valid special transition: fun732
[INFO] handleSpecialFinalTransitions form FINAL STATE
Allow from final: false
[INFO] Valid special transition: fun733
[INFO] handleSpecialFinalTransitions form FINAL STATE
Allow from final: false
[INFO] Valid special transition: fun734
[INFO] handleSpecialFinalTransitions form FINAL STATE
Allow from final: false
[INFO] Valid special transition: fun735
[INFO] handleSpecialFinalTransitions form FINAL STATE
Allow from final: false
[INFO] Valid special transition: fun736
[INFO] handleSpecialFinalTransitions form FINAL STATE
Allow from final: false
[INFO] Valid special transition: fun737
[INFO] handleSpecialFinalTransitions form FINAL STATE
Allow from final: false
[INFO] Valid special transition: fun738
[INFO] handleSpecialFinalTransitions form FINAL STATE
Allow from final: false
[INFO] Valid special transition: fun739
[INFO] handleSpecialFinalTransitions form FINAL STATE
Allow from final: false
[INFO] Valid special transition: fun740
[INFO] handleSpecialFinalTransitions form FINAL STATE
Allow from final: false
[INFO] Valid special transition: fun741
[INFO] handleSpecialFinalTransitions form FINAL STATE
Allow from final: false
[INFO] Valid special transition: fun742
[INFO] handleSpecialFinalTransitions form FINAL STATE
Allow from final: false
[INFO] Valid special transition: fun743
[INFO] handleSpecialFinalTransitions form FINAL STATE
Allow from final: false
[INFO] Valid special transition: fun744
[INFO] handleSpecialFinalTransitions form FINAL STATE
Allow from final: false
[INFO] Valid special transition: fun745
[INFO] handleSpecialFinalTransitions form FINAL STATE
Allow from final: false
[INFO] Valid special transition: fun746
[INFO] handleSpecialFinalTransitions form FINAL STATE
Allow from final: false
[INFO] Valid special transition: fun747
[INFO] handleSpecialFinalTransitions form FINAL STATE
Allow from final: false
[INFO] Valid special transition: fun748
[INFO] handleSpecialFinalTransitions form FINAL STATE
Allow from final: false
[INFO] Valid special transition: fun749
[INFO] handleSpecialFinalTransitions form FINAL STATE
Allow from final: false
[INFO] Valid special transition: fun750
[INFO] handleSpecialFinalTransitions form FINAL STATE
Allow from final: false
[INFO] Valid special transition: fun751
[INFO] handleSpecialFinalTransitions form FINAL STATE
Allow from final: false
[INFO] Valid special transition: fun752
[INFO] handleSpecialFinalTransitions form FINAL STATE
Allow from final: false
[INFO] Valid special transition: fun753
[INFO] handleSpecialFinalTransitions form FINAL STATE
Allow from final: false
[INFO] Valid special transition: fun754
[INFO] handleSpecialFinalTransitions form FINAL STATE
Allow from final: false
[INFO] Valid special transition: fun755
[INFO] handleSpecialFinalTransitions form FINAL STATE
Allow from final: false
[INFO] Valid special transition: fun756
[INFO] handleSpecialFinalTransitions form FINAL STATE
Allow from final: false
[INFO] Valid special transition: fun757
[INFO] handleSpecialFinalTransitions form FINAL STATE
Allow from final: false
[INFO] Valid special transition: fun758
[INFO] handleSpecialFinalTransitions form FINAL STATE
Allow from final: false
[INFO] Valid special transition: fun759
[INFO] handleSpecialFinalTransitions form FINAL STATE
Allow from final: false
[INFO] Valid special transition: fun760
[INFO] handleSpecialFinalTransitions form FINAL STATE
Allow from final: false
[INFO] Valid special transition: fun761
[INFO] handleSpecialFinalTransitions form FINAL STATE
Allow from final: false
[INFO] Valid special transition: fun762
[INFO] handleSpecialFinalTransitions form FINAL STATE
Allow from final: false
[INFO] Valid special transition: fun763
[INFO] handleSpecialFinalTransitions form FINAL STATE
Allow from final: false
[INFO] Valid special transition: fun764
[INFO] handleSpecialFinalTransitions form FINAL STATE
Allow from final: false
[INFO] Valid special transition: fun765
[INFO] handleSpecialFinalTransitions form FINAL STATE
Allow from final: false
[INFO] Valid special transition: fun766
[INFO] handleSpecialFinalTransitions form FINAL STATE
Allow from final: false
[INFO] Valid special transition: fun767
[INFO] handleSpecialFinalTransitions form FINAL STATE
Allow from final: false
[INFO] Valid special transition: fun768
[INFO] handleSpecialFinalTransitions form FINAL STATE
Allow from final: false
[INFO] Valid special transition: fun769
[INFO] handleSpecialFinalTransitions form FINAL STATE
Allow from final: false
[INFO] Valid special transition: fun770
[INFO] handleSpecialFinalTransitions form FINAL STATE
Allow from final: false
[INFO] Valid special transition: fun771
[INFO] handleSpecialFinalTransitions form FINAL STATE
Allow from final: false
[INFO] Valid special transition: fun772
[INFO] handleSpecialFinalTransitions form FINAL STATE
Allow from final: false
[INFO] Valid special transition: fun773
[INFO] handleSpecialFinalTransitions form FINAL STATE
Allow from final: false
[INFO] Valid special transition: fun774
[INFO] handleSpecialFinalTransitions form FINAL STATE
Allow from final: false
[INFO] Valid special transition: fun775
[INFO] handleSpecialFinalTransitions form FINAL STATE
Allow from final: false
[INFO] Valid special transition: fun776
[INFO] handleSpecialFinalTransitions form FINAL STATE
Allow from final: false
[INFO] Valid special transition: fun777
[INFO] handleSpecialFinalTransitions form FINAL STATE
Allow from final: false
[INFO] Valid special transition: fun778
[INFO] handleSpecialFinalTransitions form FINAL STATE
Allow from final: false
[INFO] Valid special transition: fun779
[INFO] handleSpecialFinalTransitions form FINAL STATE
Allow from final: false
[INFO] Valid special transition: fun780
[INFO] handleSpecialFinalTransitions form FINAL STATE
Allow from final: false
[INFO] Valid special transition: fun781
[INFO] handleSpecialFinalTransitions form FINAL STATE
Allow from final: false
[INFO] Valid special transition: fun782
[INFO] handleSpecialFinalTransitions form FINAL STATE
Allow from final: false
[INFO] Valid special transition: fun783
[INFO] handleSpecialFinalTransitions form FINAL STATE
Allow from final: false
[INFO] Valid special transition: fun784
[INFO] handleSpecialFinalTransitions form FINAL STATE
Allow from final: false
[INFO] Valid special transition: fun785
[INFO] handleSpecialFinalTransitions form FINAL STATE
Allow from final: false
[INFO] Valid special transition: fun786
[INFO] handleSpecialFinalTransitions form FINAL STATE
Allow from final: false
[INFO] Valid special transition: fun787
[INFO] handleSpecialFinalTransitions form FINAL STATE
Allow from final: false
[INFO] Valid special transition: fun788
[INFO] handleSpecialFinalTransitions form FINAL STATE
Allow from final: false
[INFO] Valid special transition: fun789
[INFO] handleSpecialFinalTransitions form FINAL STATE
Allow from final: false
[INFO] Valid special transition: fun790
[INFO] handleSpecialFinalTransitions form FINAL STATE
Allow from final: false
[INFO] Valid special transition: fun791
[INFO] handleSpecialFinalTransitions form FINAL STATE
Allow from final: false
[INFO] Valid special transition: fun792
[INFO] handleSpecialFinalTransitions form FINAL STATE
Allow from final: false
[INFO] Valid special transition: fun793
[INFO] handleSpecialFinalTransitions form FINAL STATE
Allow from final: false
[INFO] Valid special transition: fun794
[INFO] handleSpecialFinalTransitions form FINAL STATE
Allow from final: false
[INFO] Valid special transition: fun795
[INFO] handleSpecialFinalTransitions form FINAL STATE
Allow from final: false
[INFO] Valid special transition: fun796
[INFO] handleSpecialFinalTransitions form FINAL STATE
Allow from final: false
[INFO] Valid special transition: fun797
[INFO] handleSpecialFinalTransitions form FINAL STATE
Allow from final: false
[INFO] Valid special transition: fun798
[INFO] handleSpecialFinalTransitions form FINAL STATE
Allow from final: false
[INFO] Valid special transition: fun799
[INFO] handleSpecialFinalTransitions form FINAL STATE
Allow from final: false
[INFO] Valid special transition: fun800
[INFO] handleSpecialFinalTransitions form FINAL STATE
Allow from final: false
[INFO] Valid special transition: fun801
[INFO] handleSpecialFinalTransitions form FINAL STATE
Allow from final: false
[INFO] Valid special transition: fun802
[INFO] handleSpecialFinalTransitions form FINAL STATE
Allow from final: false
[INFO] Valid special transition: fun803
[INFO] handleSpecialFinalTransitions form FINAL STATE
Allow from final: false
[INFO] Valid special transition: fun804
[INFO] handleSpecialFinalTransitions form FINAL STATE
Allow from final: false
[INFO] Valid special transition: fun805
[INFO] handleSpecialFinalTransitions form FINAL STATE
Allow from final: false
[INFO] Valid special transition: fun806
[INFO] handleSpecialFinalTransitions form FINAL STATE
Allow from final: false
[INFO] Valid special transition: fun807
[INFO] handleSpecialFinalTransitions form FINAL STATE
Allow from final: false
[INFO] Valid special transition: fun808
[INFO] handleSpecialFinalTransitions form FINAL STATE
Allow from final: false
[INFO] Valid special transition: fun809
[INFO] handleSpecialFinalTransitions form FINAL STATE
Allow from final: false
[INFO] Valid special transition: fun810
[INFO] handleSpecialFinalTransitions form FINAL STATE
Allow from final: false
[INFO] Valid special transition: fun811
[INFO] handleSpecialFinalTransitions form FINAL STATE
Allow from final: false
[INFO] Valid special transition: fun812
[INFO] handleSpecialFinalTransitions form FINAL STATE
Allow from final: false
[INFO] Valid special transition: fun813
[INFO] handleSpecialFinalTransitions form FINAL STATE
Allow from final: false
[INFO] Valid special transition: fun814
[INFO] handleSpecialFinalTransitions form FINAL STATE
Allow from final: false
[INFO] Valid special transition: fun815
[INFO] handleSpecialFinalTransitions form FINAL STATE
Allow from final: false
[INFO] Valid special transition: fun816
[INFO] handleSpecialFinalTransitions form FINAL STATE
Allow from final: false
[INFO] Valid special transition: fun817
[INFO] handleSpecialFinalTransitions form FINAL STATE
Allow from final: false
[INFO] Valid special transition: fun818
[INFO] handleSpecialFinalTransitions form FINAL STATE
Allow from final: false
[INFO] Valid special transition: fun819
[INFO] handleSpecialFinalTransitions form FINAL STATE
Allow from final: false
[INFO] Valid special transition: fun820
[INFO] handleSpecialFinalTransitions form FINAL STATE
Allow from final: false
[INFO] Valid special transition: fun821
[INFO] handleSpecialFinalTransitions form FINAL STATE
Allow from final: false
[INFO] Valid special transition: fun822
[INFO] handleSpecialFinalTransitions form FINAL STATE
Allow from final: false
[INFO] Valid special transition: fun823
[INFO] handleSpecialFinalTransitions form FINAL STATE
Allow from final: false
[INFO] Valid special transition: fun824
[INFO] handleSpecialFinalTransitions form FINAL STATE
Allow from final: false
[INFO] Valid special transition: fun825
[INFO] handleSpecialFinalTransitions form FINAL STATE
Allow from final: false
[INFO] Valid special transition: fun826
[INFO] handleSpecialFinalTransitions form FINAL STATE
Allow from final: false
[INFO] Valid special transition: fun827
[INFO] handleSpecialFinalTransitions form FINAL STATE
Allow from final: false
[INFO] Valid special transition: fun828
[INFO] handleSpecialFinalTransitions form FINAL STATE
Allow from final: false
[INFO] Valid special transition: fun829
[INFO] handleSpecialFinalTransitions form FINAL STATE
Allow from final: false
[INFO] Valid special transition: fun830
[INFO] handleSpecialFinalTransitions form FINAL STATE
Allow from final: false
[INFO] Valid special transition: fun831
[INFO] handleSpecialFinalTransitions form FINAL STATE
Allow from final: false
[INFO] Valid special transition: fun832
[INFO] handleSpecialFinalTransitions form FINAL STATE
Allow from final: false
[INFO] Valid special transition: fun833
[INFO] handleSpecialFinalTransitions form FINAL STATE
Allow from final: false
[INFO] Valid special transition: fun834
[INFO] handleSpecialFinalTransitions form FINAL STATE
Allow from final: false
[INFO] Valid special transition: fun835
[INFO] handleSpecialFinalTransitions form FINAL STATE
Allow from final: false
[INFO] Valid special transition: fun836
[INFO] handleSpecialFinalTransitions form FINAL STATE
Allow from final: false
[INFO] Valid special transition: fun837
[INFO] handleSpecialFinalTransitions form FINAL STATE
Allow from final: false
[INFO] Valid special transition: fun838
[INFO] handleSpecialFinalTransitions form FINAL STATE
Allow from final: false
[INFO] Valid special transition: fun839
[INFO] handleSpecialFinalTransitions form FINAL STATE
Allow from final: false
[INFO] Valid special transition: fun840
[INFO] handleSpecialFinalTransitions form FINAL STATE
Allow from final: false
[INFO] Valid special transition: fun841
[INFO] handleSpecialFinalTransitions form FINAL STATE
Allow from final: false
[INFO] Valid special transition: fun842
[INFO] handleSpecialFinalTransitions form FINAL STATE
Allow from final: false
[INFO] Valid special transition: fun843
[INFO] handleSpecialFinalTransitions form FINAL STATE
Allow from final: false
[INFO] Valid special transition: fun844
[INFO] handleSpecialFinalTransitions form FINAL STATE
Allow from final: false
[INFO] Valid special transition: fun845
[INFO] handleSpecialFinalTransitions form FINAL STATE
Allow from final: false
[INFO] Valid special transition: fun846
[INFO] handleSpecialFinalTransitions form FINAL STATE
Allow from final: false
[INFO] Valid special transition: fun847
[INFO] handleSpecialFinalTransitions form FINAL STATE
Allow from final: false
[INFO] Valid special transition: fun848
[INFO] handleSpecialFinalTransitions form FINAL STATE
Allow from final: false
[INFO] Valid special transition: fun849
[INFO] handleSpecialFinalTransitions form FINAL STATE
Allow from final: false
[INFO] Valid special transition: fun850
[INFO] handleSpecialFinalTransitions form FINAL STATE
Allow from final: false
[INFO] Valid special transition: fun851
[INFO] handleSpecialFinalTransitions form FINAL STATE
Allow from final: false
[INFO] Valid special transition: fun852
[INFO] handleSpecialFinalTransitions form FINAL STATE
Allow from final: false
[INFO] Valid special transition: fun853
[INFO] handleSpecialFinalTransitions form FINAL STATE
Allow from final: false
[INFO] Valid special transition: fun854
[INFO] handleSpecialFinalTransitions form FINAL STATE
Allow from final: false
[INFO] Valid special transition: fun855
[INFO] handleSpecialFinalTransitions form FINAL STATE
Allow from final: false
[INFO] Valid special transition: fun856
[INFO] handleSpecialFinalTransitions form FINAL STATE
Allow from final: false
[INFO] Valid special transition: fun857
[INFO] handleSpecialFinalTransitions form FINAL STATE
Allow from final: false
[INFO] Valid special transition: fun858
[INFO] handleSpecialFinalTransitions form FINAL STATE
Allow from final: false
[INFO] Valid special transition: fun859
[INFO] handleSpecialFinalTransitions form FINAL STATE
Allow from final: false
[INFO] Valid special transition: fun860
[INFO] handleSpecialFinalTransitions form FINAL STATE
Allow from final: false
[INFO] Valid special transition: fun861
[INFO] handleSpecialFinalTransitions form FINAL STATE
Allow from final: false
[INFO] Valid special transition: fun862
[INFO] handleSpecialFinalTransitions form FINAL STATE
Allow from final: false
[INFO] Valid special transition: fun863
[INFO] handleSpecialFinalTransitions form FINAL STATE
Allow from final: false
[INFO] Valid special transition: fun864
[INFO] handleSpecialFinalTransitions form FINAL STATE
Allow from final: false
[INFO] Valid special transition: fun865
[INFO] handleSpecialFinalTransitions form FINAL STATE
Allow from final: false
[INFO] Valid special transition: fun866
[INFO] handleSpecialFinalTransitions form FINAL STATE
Allow from final: false
[INFO] Valid special transition: fun867
[INFO] handleSpecialFinalTransitions form FINAL STATE
Allow from final: false
[INFO] Valid special transition: fun868
[INFO] handleSpecialFinalTransitions form FINAL STATE
Allow from final: false
[INFO] Valid special transition: fun869
[INFO] handleSpecialFinalTransitions form FINAL STATE
Allow from final: false
[INFO] Valid special transition: fun870
[INFO] handleSpecialFinalTransitions form FINAL STATE
Allow from final: false
[INFO] Valid special transition: fun871
[INFO] handleSpecialFinalTransitions form FINAL STATE
Allow from final: false
[INFO] Valid special transition: fun872
[INFO] handleSpecialFinalTransitions form FINAL STATE
Allow from final: false
[INFO] Valid special transition: fun873
[INFO] handleSpecialFinalTransitions form FINAL STATE
Allow from final: false
[INFO] Valid special transition: fun874
[INFO] handleSpecialFinalTransitions form FINAL STATE
Allow from final: false
[INFO] Valid special transition: fun875
[INFO] handleSpecialFinalTransitions form FINAL STATE
Allow from final: false
[INFO] Valid special transition: fun876
[INFO] handleSpecialFinalTransitions form FINAL STATE
Allow from final: false
[INFO] Valid special transition: fun877
[INFO] handleSpecialFinalTransitions form FINAL STATE
Allow from final: false
[INFO] Valid special transition: fun878
[INFO] handleSpecialFinalTransitions form FINAL STATE
Allow from final: false
[INFO] Valid special transition: fun879
[INFO] handleSpecialFinalTransitions form FINAL STATE
Allow from final: false
[INFO] Valid special transition: fun880
[INFO] handleSpecialFinalTransitions form FINAL STATE
Allow from final: false
[INFO] Valid special transition: fun881
[INFO] handleSpecialFinalTransitions form FINAL STATE
Allow from final: false
[INFO] Valid special transition: fun882
[INFO] handleSpecialFinalTransitions form FINAL STATE
Allow from final: false
[INFO] Valid special transition: fun883
[INFO] handleSpecialFinalTransitions form FINAL STATE
Allow from final: false
[INFO] Valid special transition: fun884
[INFO] handleSpecialFinalTransitions form FINAL STATE
Allow from final: false
[INFO] Valid special transition: fun885
[INFO] handleSpecialFinalTransitions form FINAL STATE
Allow from final: false
[INFO] Valid special transition: fun886
[INFO] handleSpecialFinalTransitions form FINAL STATE
Allow from final: false
[INFO] Valid special transition: fun887
[INFO] handleSpecialFinalTransitions form FINAL STATE
Allow from final: false
[INFO] Valid special transition: fun888
[INFO] handleSpecialFinalTransitions form FINAL STATE
Allow from final: false
[INFO] Valid special transition: fun889
[INFO] handleSpecialFinalTransitions form FINAL STATE
Allow from final: false
[INFO] Valid special transition: fun890
[INFO] handleSpecialFinalTransitions form FINAL STATE
Allow from final: false
[INFO] Valid special transition: fun891
[INFO] handleSpecialFinalTransitions form FINAL STATE
Allow from final: false
[INFO] Valid special transition: fun892
[INFO] handleSpecialFinalTransitions form FINAL STATE
Allow from final: false
[INFO] Valid special transition: fun893
[INFO] handleSpecialFinalTransitions form FINAL STATE
Allow from final: false
[INFO] Valid special transition: fun894
[INFO] handleSpecialFinalTransitions form FINAL STATE
Allow from final: false
[INFO] Valid special transition: fun895
[INFO] handleSpecialFinalTransitions form FINAL STATE
Allow from final: false
[INFO] Valid special transition: fun896
[INFO] handleSpecialFinalTransitions form FINAL STATE
Allow from final: false
[INFO] Valid special transition: fun897
[INFO] handleSpecialFinalTransitions form FINAL STATE
Allow from final: false
[INFO] Valid special transition: fun898
[INFO] handleSpecialFinalTransitions form FINAL STATE
Allow from final: false
[INFO] Valid special transition: fun899
[INFO] handleSpecialFinalTransitions form FINAL STATE
Allow from final: false
[INFO] Valid special transition: fun900
[INFO] handleSpecialFinalTransitions form FINAL STATE
Allow from final: false
[INFO] Valid special transition: fun901
[INFO] handleSpecialFinalTransitions form FINAL STATE
Allow from final: false
[INFO] Valid special transition: fun902
[INFO] handleSpecialFinalTransitions form FINAL STATE
Allow from final: false
[INFO] Valid special transition: fun903
[INFO] handleSpecialFinalTransitions form FINAL STATE
Allow from final: false
[INFO] Valid special transition: fun904
[INFO] handleSpecialFinalTransitions form FINAL STATE
Allow from final: false
[INFO] Valid special transition: fun905
[INFO] handleSpecialFinalTransitions form FINAL STATE
Allow from final: false
[INFO] Valid special transition: fun906
[INFO] handleSpecialFinalTransitions form FINAL STATE
Allow from final: false
[INFO] Valid special transition: fun907
[INFO] handleSpecialFinalTransitions form FINAL STATE
Allow from final: false
[INFO] Valid special transition: fun908
[INFO] handleSpecialFinalTransitions form FINAL STATE
Allow from final: false
[INFO] Valid special transition: fun909
[INFO] handleSpecialFinalTransitions form FINAL STATE
Allow from final: false
[INFO] Valid special transition: fun910
[INFO] handleSpecialFinalTransitions form FINAL STATE
Allow from final: false
[INFO] Valid special transition: fun911
[INFO] handleSpecialFinalTransitions form FINAL STATE
Allow from final: false
[INFO] Valid special transition: fun912
[INFO] handleSpecialFinalTransitions form FINAL STATE
Allow from final: false
[INFO] Valid special transition: fun913
[INFO] handleSpecialFinalTransitions form FINAL STATE
Allow from final: false
[INFO] Valid special transition: fun914
[INFO] handleSpecialFinalTransitions form FINAL STATE
Allow from final: false
[INFO] Valid special transition: fun915
[INFO] handleSpecialFinalTransitions form FINAL STATE
Allow from final: false
[INFO] Valid special transition: fun916
[INFO] handleSpecialFinalTransitions form FINAL STATE
Allow from final: false
[INFO] Valid special transition: fun917
[INFO] handleSpecialFinalTransitions form FINAL STATE
Allow from final: false
[INFO] Valid special transition: fun918
[INFO] handleSpecialFinalTransitions form FINAL STATE
Allow from final: false
[INFO] Valid special transition: fun919
[INFO] handleSpecialFinalTransitions form FINAL STATE
Allow from final: false
[INFO] Valid special transition: fun920
[INFO] handleSpecialFinalTransitions form FINAL STATE
Allow from final: false
[INFO] Valid special transition: fun921
[INFO] handleSpecialFinalTransitions form FINAL STATE
Allow from final: false
[INFO] Valid special transition: fun922
[INFO] handleSpecialFinalTransitions form FINAL STATE
Allow from final: false
[INFO] Valid special transition: fun923
[INFO] handleSpecialFinalTransitions form FINAL STATE
Allow from final: false
[INFO] Valid special transition: fun924
[INFO] handleSpecialFinalTransitions form FINAL STATE
Allow from final: false
[INFO] Valid special transition: fun925
[INFO] handleSpecialFinalTransitions form FINAL STATE
Allow from final: false
[INFO] Valid special transition: fun926
[INFO] handleSpecialFinalTransitions form FINAL STATE
Allow from final: false
[INFO] Valid special transition: fun927
[INFO] handleSpecialFinalTransitions form FINAL STATE
Allow from final: false
[INFO] Valid special transition: fun928
[INFO] handleSpecialFinalTransitions form FINAL STATE
Allow from final: false
[INFO] Valid special transition: fun929
[INFO] handleSpecialFinalTransitions form FINAL STATE
Allow from final: false
[INFO] Valid special transition: fun930
[INFO] handleSpecialFinalTransitions form FINAL STATE
Allow from final: false
[INFO] Valid special transition: fun931
[INFO] handleSpecialFinalTransitions form FINAL STATE
Allow from final: false
[INFO] Valid special transition: fun932
[INFO] handleSpecialFinalTransitions form FINAL STATE
Allow from final: false
[INFO] Valid special transition: fun933
[INFO] handleSpecialFinalTransitions form FINAL STATE
Allow from final: false
[INFO] Valid special transition: fun934
[INFO] handleSpecialFinalTransitions form FINAL STATE
Allow from final: false
[INFO] Valid special transition: fun935
[INFO] handleSpecialFinalTransitions form FINAL STATE
Allow from final: false
[INFO] Valid special transition: fun936
[INFO] handleSpecialFinalTransitions form FINAL STATE
Allow from final: false
[INFO] Valid special transition: fun937
[INFO] handleSpecialFinalTransitions form FINAL STATE
Allow from final: false
[INFO] Valid special transition: fun938
[INFO] handleSpecialFinalTransitions form FINAL STATE
Allow from final: false
[INFO] Valid special transition: fun939
[INFO] handleSpecialFinalTransitions form FINAL STATE
Allow from final: false
[INFO] Valid special transition: fun940
[INFO] handleSpecialFinalTransitions form FINAL STATE
Allow from final: false
[INFO] Valid special transition: fun941
[INFO] handleSpecialFinalTransitions form FINAL STATE
Allow from final: false
[INFO] Valid special transition: fun942
[INFO] handleSpecialFinalTransitions form FINAL STATE
Allow from final: false
[INFO] Valid special transition: fun943
[INFO] handleSpecialFinalTransitions form FINAL STATE
Allow from final: false
[INFO] Valid special transition: fun944
[INFO] handleSpecialFinalTransitions form FINAL STATE
Allow from final: false
[INFO] Valid special transition: fun945
[INFO] handleSpecialFinalTransitions form FINAL STATE
Allow from final: false
[INFO] Valid special transition: fun946
[INFO] handleSpecialFinalTransitions form FINAL STATE
Allow from final: false
[INFO] Valid special transition: fun947
[INFO] handleSpecialFinalTransitions form FINAL STATE
Allow from final: false
[INFO] Valid special transition: fun948
[INFO] handleSpecialFinalTransitions form FINAL STATE
Allow from final: false
[INFO] Valid special transition: fun949
[INFO] handleSpecialFinalTransitions form FINAL STATE
Allow from final: false
[INFO] Valid special transition: fun950
[INFO] handleSpecialFinalTransitions form FINAL STATE
Allow from final: false
[INFO] Valid special transition: fun951
[INFO] handleSpecialFinalTransitions form FINAL STATE
Allow from final: false
[INFO] Valid special transition: fun952
[INFO] handleSpecialFinalTransitions form FINAL STATE
Allow from final: false
[INFO] Valid special transition: fun953
[INFO] handleSpecialFinalTransitions form FINAL STATE
Allow from final: false
[INFO] Valid special transition: fun954
[INFO] handleSpecialFinalTransitions form FINAL STATE
Allow from final: false
[INFO] Valid special transition: fun955
[INFO] handleSpecialFinalTransitions form FINAL STATE
Allow from final: false
[INFO] Valid special transition: fun956
[INFO] handleSpecialFinalTransitions form FINAL STATE
Allow from final: false
[INFO] Valid special transition: fun957
[INFO] handleSpecialFinalTransitions form FINAL STATE
Allow from final: false
[INFO] Valid special transition: fun958
[INFO] handleSpecialFinalTransitions form FINAL STATE
Allow from final: false
[INFO] Valid special transition: fun959
[INFO] handleSpecialFinalTransitions form FINAL STATE
Allow from final: false
[INFO] Valid special transition: fun960
[INFO] handleSpecialFinalTransitions form FINAL STATE
Allow from final: false
[INFO] Valid special transition: fun961
[INFO] handleSpecialFinalTransitions form FINAL STATE
Allow from final: false
[INFO] Valid special transition: fun962
[INFO] handleSpecialFinalTransitions form FINAL STATE
Allow from final: false
[INFO] Valid special transition: fun963
[INFO] handleSpecialFinalTransitions form FINAL STATE
Allow from final: false
[INFO] Valid special transition: fun964
[INFO] handleSpecialFinalTransitions form FINAL STATE
Allow from final: false
[INFO] Valid special transition: fun965
[INFO] handleSpecialFinalTransitions form FINAL STATE
Allow from final: false
[INFO] Valid special transition: fun966
[INFO] handleSpecialFinalTransitions form FINAL STATE
Allow from final: false
[INFO] Valid special transition: fun967
[INFO] handleSpecialFinalTransitions form FINAL STATE
Allow from final: false
[INFO] Valid special transition: fun968
[INFO] handleSpecialFinalTransitions form FINAL STATE
Allow from final: false
[INFO] Valid special transition: fun969
[INFO] handleSpecialFinalTransitions form FINAL STATE
Allow from final: false
[INFO] Valid special transition: fun970
[INFO] handleSpecialFinalTransitions form FINAL STATE
Allow from final: false
[INFO] Valid special transition: fun971
[INFO] handleSpecialFinalTransitions form FINAL STATE
Allow from final: false
[INFO] Valid special transition: fun972
[INFO] handleSpecialFinalTransitions form FINAL STATE
Allow from final: false
[INFO] Valid special transition: fun973
[INFO] handleSpecialFinalTransitions form FINAL STATE
Allow from final: false
[INFO] Valid special transition: fun974
[INFO] handleSpecialFinalTransitions form FINAL STATE
Allow from final: false
[INFO] Valid special transition: fun975
[INFO] handleSpecialFinalTransitions form FINAL STATE
Allow from final: false
[INFO] Valid special transition: fun976
[INFO] handleSpecialFinalTransitions form FINAL STATE
Allow from final: false
[INFO] Valid special transition: fun977
[INFO] handleSpecialFinalTransitions form FINAL STATE
Allow from final: false
[INFO] Valid special transition: fun978
[INFO] handleSpecialFinalTransitions form FINAL STATE
Allow from final: false
[INFO] Valid special transition: fun979
[INFO] handleSpecialFinalTransitions form FINAL STATE
Allow from final: false
[INFO] Valid special transition: fun980
[INFO] handleSpecialFinalTransitions form FINAL STATE
Allow from final: false
[INFO] Valid special transition: fun981
[INFO] handleSpecialFinalTransitions form FINAL STATE
Allow from final: false
[INFO] Valid special transition: fun982
[INFO] handleSpecialFinalTransitions form FINAL STATE
Allow from final: false
[INFO] Valid special transition: fun983
[INFO] handleSpecialFinalTransitions form FINAL STATE
Allow from final: false
[INFO] Valid special transition: fun984
[INFO] handleSpecialFinalTransitions form FINAL STATE
Allow from final: false
[INFO] Valid special transition: fun985
[INFO] handleSpecialFinalTransitions form FINAL STATE
Allow from final: false
[INFO] Valid special transition: fun986
[INFO] handleSpecialFinalTransitions form FINAL STATE
Allow from final: false
[INFO] Valid special transition: fun987
[INFO] handleSpecialFinalTransitions form FINAL STATE
Allow from final: false
[INFO] Valid special transition: fun988
[INFO] handleSpecialFinalTransitions form FINAL STATE
Allow from final: false
[INFO] Valid special transition: fun989
[INFO] handleSpecialFinalTransitions form FINAL STATE
Allow from final: false
[INFO] Valid special transition: fun990
[INFO] handleSpecialFinalTransitions form FINAL STATE
Allow from final: false
[INFO] Valid special transition: fun991
[INFO] handleSpecialFinalTransitions form FINAL STATE
Allow from final: false
[INFO] Valid special transition: fun992
[INFO] handleSpecialFinalTransitions form FINAL STATE
Allow from final: false
[INFO] Valid special transition: fun993
[INFO] handleSpecialFinalTransitions form FINAL STATE
Allow from final: false
[INFO] Valid special transition: fun994
[INFO] handleSpecialFinalTransitions form FINAL STATE
Allow from final: false
[INFO] Valid special transition: fun995
[INFO] handleSpecialFinalTransitions form FINAL STATE
Allow from final: false
[INFO] Valid special transition: fun996
[INFO] handleSpecialFinalTransitions form FINAL STATE
Allow from final: false
[INFO] Valid special transition: fun997
[INFO] handleSpecialFinalTransitions form FINAL STATE
Allow from final: false
[INFO] Valid special transition: fun998
[INFO] handleSpecialFinalTransitions form FINAL STATE
Allow from final: false
[INFO] Valid special transition: fun999
[TEST] Finished testSpecialFinalTransitionLimit
]]></system-out>
  </testcase>
  <testcase name="testDeepAndOrRepetitionCombination" classname="com.luis.tfg.ExecutionOrder.StateMachineStressTest" time="0.042">
    <failure type="org.opentest4j.AssertionFailedError"><![CDATA[org.opentest4j.AssertionFailedError: Unexpected IllegalStateException for path 2: [ERROR] Invalid transition from alt to rep.
	at com.luis.tfg.ExecutionOrder.StateMachineStressTest.testDeepAndOrRepetitionCombination(StateMachineStressTest.java:187)
]]></failure>
    <system-out><![CDATA[[TEST] Starting testDeepAndOrRepetitionCombination
[INFO] Registering StateMachine for instance: TestClass{id='complex-and-or-rep-path1'}
[INFO] Initializing StateMachine with regex: ((start & (mid1 | mid2)) | (alt & rep{2})) -> end
[DEBUG] Full regex: ((start & (mid1 | mid2)) | (alt & rep{2})) -> end
[DEBUG] Main regex: ((start & (mid1 | mid2)) | (alt & rep{2})) -> end
[DEBUG] Special transitions: null
[DEBUG] Initial state: INITIAL
[DEBUG] Declared final state: end
[DEBUG] Processing segment: ((start & (mid1 | mid2)) | (alt & rep{2}))
[DEBUG] Handling complex segment: ((start & (mid1 | mid2)) | (alt & rep{2}))
[DEBUG] Detected AND-OR combination
[DEBUG] AND-Condition Transitions Configured:
  INITIAL -> [start, mid1]
  start -> [mid1]
  mid1 -> [start]
  mid1, start -> [end]
[DEBUG] AND-Condition Transitions Configured:
  INITIAL -> [alt, rep2]
  alt -> [rep2]
  rep2 -> [alt]
  rep2, alt -> [end]
[DEBUG] Processing segment: end
[DEBUG] Added transition from INITIAL to end
[DEBUG] Connected final state: end to FINAL
[DEBUG] Complete StateMachine transitions:
State rep2 transitions to: [com.luis.tfg.ExecutionOrder.State@589d831e]
State cf4acaf3-8f46-4bb7-857b-431b854511f1 transitions to: [com.luis.tfg.ExecutionOrder.State@1bd6638]
State d99ebeff-0dce-42f6-899a-e5c2449e7b10 transitions to: [com.luis.tfg.ExecutionOrder.State@1bd6638]
State 481534ff-9422-4a08-acce-4f0916bffa8e transitions to: [com.luis.tfg.ExecutionOrder.State@1bd6638]
State alt transitions to: [com.luis.tfg.ExecutionOrder.State@5c552f08]
State start transitions to: [com.luis.tfg.ExecutionOrder.State@4fd00e10]
State INITIAL transitions to: [com.luis.tfg.ExecutionOrder.State@7be1e187, com.luis.tfg.ExecutionOrder.State@1107c465, com.luis.tfg.ExecutionOrder.State@64df8422, com.luis.tfg.ExecutionOrder.State@2b30b627, com.luis.tfg.ExecutionOrder.State@5fa9971f, com.luis.tfg.ExecutionOrder.State@1bd6638]
State mid2 transitions to: [com.luis.tfg.ExecutionOrder.State@1bd6638]
State 91186ab3-a82a-48c3-b78f-ecbad7831126 transitions to: [com.luis.tfg.ExecutionOrder.State@1bd6638]
State mid1 transitions to: [com.luis.tfg.ExecutionOrder.State@70a24463]
State end transitions to: [com.luis.tfg.ExecutionOrder.State@684430c1]
State FINAL transitions to: []
[DEBUG] Complete StateMachine transitions:
State rep2 transitions to: [com.luis.tfg.ExecutionOrder.State@589d831e]
State cf4acaf3-8f46-4bb7-857b-431b854511f1 transitions to: [com.luis.tfg.ExecutionOrder.State@1bd6638]
State d99ebeff-0dce-42f6-899a-e5c2449e7b10 transitions to: [com.luis.tfg.ExecutionOrder.State@1bd6638]
State 481534ff-9422-4a08-acce-4f0916bffa8e transitions to: [com.luis.tfg.ExecutionOrder.State@1bd6638]
State alt transitions to: [com.luis.tfg.ExecutionOrder.State@5c552f08]
State start transitions to: [com.luis.tfg.ExecutionOrder.State@4fd00e10]
State INITIAL transitions to: [com.luis.tfg.ExecutionOrder.State@7be1e187, com.luis.tfg.ExecutionOrder.State@1107c465, com.luis.tfg.ExecutionOrder.State@64df8422, com.luis.tfg.ExecutionOrder.State@2b30b627, com.luis.tfg.ExecutionOrder.State@5fa9971f, com.luis.tfg.ExecutionOrder.State@1bd6638]
State mid2 transitions to: [com.luis.tfg.ExecutionOrder.State@1bd6638]
State 91186ab3-a82a-48c3-b78f-ecbad7831126 transitions to: [com.luis.tfg.ExecutionOrder.State@1bd6638]
State mid1 transitions to: [com.luis.tfg.ExecutionOrder.State@70a24463]
State end transitions to: [com.luis.tfg.ExecutionOrder.State@684430c1]
State FINAL transitions to: []
[INFO] StateMachine registered for instance: TestClass{id='complex-and-or-rep-path1'} with transitions: {rep2=[d99ebeff-0dce-42f6-899a-e5c2449e7b10], cf4acaf3-8f46-4bb7-857b-431b854511f1=[end], d99ebeff-0dce-42f6-899a-e5c2449e7b10=[end], 481534ff-9422-4a08-acce-4f0916bffa8e=[end], alt=[91186ab3-a82a-48c3-b78f-ecbad7831126], start=[481534ff-9422-4a08-acce-4f0916bffa8e], INITIAL=[rep2, start, alt, mid2, mid1, end], mid2=[end], 91186ab3-a82a-48c3-b78f-ecbad7831126=[end], mid1=[cf4acaf3-8f46-4bb7-857b-431b854511f1], end=[FINAL]}
[INFO] Current StateMachineMap content:
    Instance: TestClass{id='id55-or'} -> StateMachine: com.luis.tfg.ExecutionOrder.StateMachine@6ab826bb
    Instance: TestClass{id='id-long-sequence'} -> StateMachine: com.luis.tfg.ExecutionOrder.StateMachine@56351c02
    Instance: TestClass{id='id21'} -> StateMachine: com.luis.tfg.ExecutionOrder.StateMachine@2d758472
    Instance: TestClass{id='id23'} -> StateMachine: com.luis.tfg.ExecutionOrder.StateMachine@5daa621b
    Instance: TestClass{id='id22'} -> StateMachine: com.luis.tfg.ExecutionOrder.StateMachine@41d53813
    Instance: TestClass{id='id-declared-final-state-test'} -> StateMachine: com.luis.tfg.ExecutionOrder.StateMachine@14bd523b
    Instance: TestClass{id='id24'} -> StateMachine: com.luis.tfg.ExecutionOrder.StateMachine@3095d06b
    Instance: TestClass{id='id27'} -> StateMachine: com.luis.tfg.ExecutionOrder.StateMachine@2ce62e27
    Instance: TestClass{id='id337'} -> StateMachine: com.luis.tfg.ExecutionOrder.StateMachine@486bcaa
    Instance: TestClass{id='id26'} -> StateMachine: com.luis.tfg.ExecutionOrder.StateMachine@7253c53
    Instance: TestClass{id='id-or-and-path4'} -> StateMachine: com.luis.tfg.ExecutionOrder.StateMachine@2484c868
    Instance: TestClass{id='id1'} -> StateMachine: com.luis.tfg.ExecutionOrder.StateMachine@67f0bf7e
    Instance: TestClass{id='redundant-paths-b'} -> StateMachine: com.luis.tfg.ExecutionOrder.StateMachine@aade5a2
    Instance: TestClass{id='id3'} -> StateMachine: com.luis.tfg.ExecutionOrder.StateMachine@3c4e23be
    Instance: TestClass{id='complex-combinations-path1'} -> StateMachine: com.luis.tfg.ExecutionOrder.StateMachine@3d99d327
    Instance: TestClass{id='id-special-final'} -> StateMachine: com.luis.tfg.ExecutionOrder.StateMachine@31fc658f
    Instance: TestClass{id='id2'} -> StateMachine: com.luis.tfg.ExecutionOrder.StateMachine@7fd32c56
    Instance: TestClass{id='redundant-paths-a'} -> StateMachine: com.luis.tfg.ExecutionOrder.StateMachine@10cb5047
    Instance: TestClass{id='id55-and'} -> StateMachine: com.luis.tfg.ExecutionOrder.StateMachine@726a5e6a
    Instance: TestClass{id='id5'} -> StateMachine: com.luis.tfg.ExecutionOrder.StateMachine@5dd2ea0a
    Instance: TestClass{id='id-special-final-limit'} -> StateMachine: com.luis.tfg.ExecutionOrder.StateMachine@9734cae
    Instance: TestClass{id='id7'} -> StateMachine: com.luis.tfg.ExecutionOrder.StateMachine@4a9412c4
    Instance: TestClass{id='id6'} -> StateMachine: com.luis.tfg.ExecutionOrder.StateMachine@6c2fea95
    Instance: TestClass{id='id8'} -> StateMachine: com.luis.tfg.ExecutionOrder.StateMachine@d28a235
    Instance: TestClass{id='id-invalid-regex'} -> StateMachine: com.luis.tfg.ExecutionOrder.StateMachine@328bc067
    Instance: TestClass{id='id-special-final2'} -> StateMachine: com.luis.tfg.ExecutionOrder.StateMachine@187df588
    Instance: TestClass{id='id72'} -> StateMachine: com.luis.tfg.ExecutionOrder.StateMachine@6e1d9b32
    Instance: TestClass{id='id-or-paths-b'} -> StateMachine: com.luis.tfg.ExecutionOrder.StateMachine@138b9abe
    Instance: TestClass{id='id-or-paths-a'} -> StateMachine: com.luis.tfg.ExecutionOrder.StateMachine@1d38cdde
    Instance: TestClass{id='complex-cycles'} -> StateMachine: com.luis.tfg.ExecutionOrder.StateMachine@4b62f1ba
    Instance: TestClass{id='id10'} -> StateMachine: com.luis.tfg.ExecutionOrder.StateMachine@244f356
    Instance: TestClass{id='id31'} -> StateMachine: com.luis.tfg.ExecutionOrder.StateMachine@17fa14a3
    Instance: TestClass{id='id12'} -> StateMachine: com.luis.tfg.ExecutionOrder.StateMachine@6885f3f7
    Instance: TestClass{id='id-or-and-path1'} -> StateMachine: com.luis.tfg.ExecutionOrder.StateMachine@3dc39412
    Instance: TestClass{id='id-or-and-path3'} -> StateMachine: com.luis.tfg.ExecutionOrder.StateMachine@72641613
    Instance: TestClass{id='id-or-and-path2'} -> StateMachine: com.luis.tfg.ExecutionOrder.StateMachine@2e38d44e
    Instance: TestClass{id='id29'} -> StateMachine: com.luis.tfg.ExecutionOrder.StateMachine@4a8bf1dc
    Instance: TestClass{id='id28'} -> StateMachine: com.luis.tfg.ExecutionOrder.StateMachine@46d18a33
    Instance: TestClass{id='id-wildcard-explosion'} -> StateMachine: com.luis.tfg.ExecutionOrder.StateMachine@2059c3ff
    Instance: TestClass{id='id-or-and'} -> StateMachine: com.luis.tfg.ExecutionOrder.StateMachine@4bc41565
    Instance: TestClass{id='complex-and-or-rep-path1'} -> StateMachine: com.luis.tfg.ExecutionOrder.StateMachine@46eb2260
[INFO] Fetching StateMachine for instance: TestClass{id='complex-and-or-rep-path1'}
[INFO] StateMachine fetched for instance: TestClass{id='complex-and-or-rep-path1'}
[INFO] Transition valid. Current state updated to: start
[INFO] Transition valid. Current state updated to: 481534ff-9422-4a08-acce-4f0916bffa8e
[INFO] Transition valid. Current state updated to: end
[INFO] Registering StateMachine for instance: TestClass{id='complex-and-or-rep-path2'}
[INFO] Initializing StateMachine with regex: ((start & (mid1 | mid2)) | (alt & rep{2})) -> end
[DEBUG] Full regex: ((start & (mid1 | mid2)) | (alt & rep{2})) -> end
[DEBUG] Main regex: ((start & (mid1 | mid2)) | (alt & rep{2})) -> end
[DEBUG] Special transitions: null
[DEBUG] Initial state: INITIAL
[DEBUG] Declared final state: end
[DEBUG] Processing segment: ((start & (mid1 | mid2)) | (alt & rep{2}))
[DEBUG] Handling complex segment: ((start & (mid1 | mid2)) | (alt & rep{2}))
[DEBUG] Detected AND-OR combination
[DEBUG] AND-Condition Transitions Configured:
  INITIAL -> [start, mid1]
  start -> [mid1]
  mid1 -> [start]
  mid1, start -> [end]
[DEBUG] AND-Condition Transitions Configured:
  INITIAL -> [alt, rep2]
  alt -> [rep2]
  rep2 -> [alt]
  rep2, alt -> [end]
[DEBUG] Processing segment: end
[DEBUG] Added transition from INITIAL to end
[DEBUG] Connected final state: end to FINAL
[DEBUG] Complete StateMachine transitions:
State rep2 transitions to: [com.luis.tfg.ExecutionOrder.State@556944cd]
State ba44d898-1cb4-4090-9eeb-ea1b5ed44351 transitions to: [com.luis.tfg.ExecutionOrder.State@370a935f]
State 49c82cf0-76a6-4fb0-8019-5af4ebee314f transitions to: [com.luis.tfg.ExecutionOrder.State@370a935f]
State df608bb0-ab8d-4539-9524-950a70064f6a transitions to: [com.luis.tfg.ExecutionOrder.State@370a935f]
State c1c355e7-cca3-44ee-a120-513c0bd9c5b6 transitions to: [com.luis.tfg.ExecutionOrder.State@370a935f]
State alt transitions to: [com.luis.tfg.ExecutionOrder.State@7e017f47]
State start transitions to: [com.luis.tfg.ExecutionOrder.State@6166aac5]
State INITIAL transitions to: [com.luis.tfg.ExecutionOrder.State@7e36d508, com.luis.tfg.ExecutionOrder.State@1d4531fa, com.luis.tfg.ExecutionOrder.State@68cb8e52, com.luis.tfg.ExecutionOrder.State@3c2f310c, com.luis.tfg.ExecutionOrder.State@74f92d14, com.luis.tfg.ExecutionOrder.State@370a935f]
State mid2 transitions to: [com.luis.tfg.ExecutionOrder.State@370a935f]
State mid1 transitions to: [com.luis.tfg.ExecutionOrder.State@40071890]
State end transitions to: [com.luis.tfg.ExecutionOrder.State@748aa7dc]
State FINAL transitions to: []
[DEBUG] Complete StateMachine transitions:
State rep2 transitions to: [com.luis.tfg.ExecutionOrder.State@556944cd]
State ba44d898-1cb4-4090-9eeb-ea1b5ed44351 transitions to: [com.luis.tfg.ExecutionOrder.State@370a935f]
State 49c82cf0-76a6-4fb0-8019-5af4ebee314f transitions to: [com.luis.tfg.ExecutionOrder.State@370a935f]
State df608bb0-ab8d-4539-9524-950a70064f6a transitions to: [com.luis.tfg.ExecutionOrder.State@370a935f]
State c1c355e7-cca3-44ee-a120-513c0bd9c5b6 transitions to: [com.luis.tfg.ExecutionOrder.State@370a935f]
State alt transitions to: [com.luis.tfg.ExecutionOrder.State@7e017f47]
State start transitions to: [com.luis.tfg.ExecutionOrder.State@6166aac5]
State INITIAL transitions to: [com.luis.tfg.ExecutionOrder.State@7e36d508, com.luis.tfg.ExecutionOrder.State@1d4531fa, com.luis.tfg.ExecutionOrder.State@68cb8e52, com.luis.tfg.ExecutionOrder.State@3c2f310c, com.luis.tfg.ExecutionOrder.State@74f92d14, com.luis.tfg.ExecutionOrder.State@370a935f]
State mid2 transitions to: [com.luis.tfg.ExecutionOrder.State@370a935f]
State mid1 transitions to: [com.luis.tfg.ExecutionOrder.State@40071890]
State end transitions to: [com.luis.tfg.ExecutionOrder.State@748aa7dc]
State FINAL transitions to: []
[INFO] StateMachine registered for instance: TestClass{id='complex-and-or-rep-path2'} with transitions: {rep2=[df608bb0-ab8d-4539-9524-950a70064f6a], ba44d898-1cb4-4090-9eeb-ea1b5ed44351=[end], 49c82cf0-76a6-4fb0-8019-5af4ebee314f=[end], df608bb0-ab8d-4539-9524-950a70064f6a=[end], c1c355e7-cca3-44ee-a120-513c0bd9c5b6=[end], alt=[c1c355e7-cca3-44ee-a120-513c0bd9c5b6], start=[49c82cf0-76a6-4fb0-8019-5af4ebee314f], INITIAL=[rep2, start, alt, mid2, mid1, end], mid2=[end], mid1=[ba44d898-1cb4-4090-9eeb-ea1b5ed44351], end=[FINAL]}
[INFO] Current StateMachineMap content:
    Instance: TestClass{id='id55-or'} -> StateMachine: com.luis.tfg.ExecutionOrder.StateMachine@6ab826bb
    Instance: TestClass{id='id-long-sequence'} -> StateMachine: com.luis.tfg.ExecutionOrder.StateMachine@56351c02
    Instance: TestClass{id='id21'} -> StateMachine: com.luis.tfg.ExecutionOrder.StateMachine@2d758472
    Instance: TestClass{id='id23'} -> StateMachine: com.luis.tfg.ExecutionOrder.StateMachine@5daa621b
    Instance: TestClass{id='id22'} -> StateMachine: com.luis.tfg.ExecutionOrder.StateMachine@41d53813
    Instance: TestClass{id='id-declared-final-state-test'} -> StateMachine: com.luis.tfg.ExecutionOrder.StateMachine@14bd523b
    Instance: TestClass{id='id24'} -> StateMachine: com.luis.tfg.ExecutionOrder.StateMachine@3095d06b
    Instance: TestClass{id='id27'} -> StateMachine: com.luis.tfg.ExecutionOrder.StateMachine@2ce62e27
    Instance: TestClass{id='id337'} -> StateMachine: com.luis.tfg.ExecutionOrder.StateMachine@486bcaa
    Instance: TestClass{id='id26'} -> StateMachine: com.luis.tfg.ExecutionOrder.StateMachine@7253c53
    Instance: TestClass{id='id-or-and-path4'} -> StateMachine: com.luis.tfg.ExecutionOrder.StateMachine@2484c868
    Instance: TestClass{id='id1'} -> StateMachine: com.luis.tfg.ExecutionOrder.StateMachine@67f0bf7e
    Instance: TestClass{id='redundant-paths-b'} -> StateMachine: com.luis.tfg.ExecutionOrder.StateMachine@aade5a2
    Instance: TestClass{id='id3'} -> StateMachine: com.luis.tfg.ExecutionOrder.StateMachine@3c4e23be
    Instance: TestClass{id='complex-combinations-path1'} -> StateMachine: com.luis.tfg.ExecutionOrder.StateMachine@3d99d327
    Instance: TestClass{id='id-special-final'} -> StateMachine: com.luis.tfg.ExecutionOrder.StateMachine@31fc658f
    Instance: TestClass{id='id2'} -> StateMachine: com.luis.tfg.ExecutionOrder.StateMachine@7fd32c56
    Instance: TestClass{id='redundant-paths-a'} -> StateMachine: com.luis.tfg.ExecutionOrder.StateMachine@10cb5047
    Instance: TestClass{id='id55-and'} -> StateMachine: com.luis.tfg.ExecutionOrder.StateMachine@726a5e6a
    Instance: TestClass{id='id5'} -> StateMachine: com.luis.tfg.ExecutionOrder.StateMachine@5dd2ea0a
    Instance: TestClass{id='id-special-final-limit'} -> StateMachine: com.luis.tfg.ExecutionOrder.StateMachine@9734cae
    Instance: TestClass{id='id7'} -> StateMachine: com.luis.tfg.ExecutionOrder.StateMachine@4a9412c4
    Instance: TestClass{id='id6'} -> StateMachine: com.luis.tfg.ExecutionOrder.StateMachine@6c2fea95
    Instance: TestClass{id='id8'} -> StateMachine: com.luis.tfg.ExecutionOrder.StateMachine@d28a235
    Instance: TestClass{id='id-invalid-regex'} -> StateMachine: com.luis.tfg.ExecutionOrder.StateMachine@328bc067
    Instance: TestClass{id='id-special-final2'} -> StateMachine: com.luis.tfg.ExecutionOrder.StateMachine@187df588
    Instance: TestClass{id='id72'} -> StateMachine: com.luis.tfg.ExecutionOrder.StateMachine@6e1d9b32
    Instance: TestClass{id='id-or-paths-b'} -> StateMachine: com.luis.tfg.ExecutionOrder.StateMachine@138b9abe
    Instance: TestClass{id='id-or-paths-a'} -> StateMachine: com.luis.tfg.ExecutionOrder.StateMachine@1d38cdde
    Instance: TestClass{id='complex-cycles'} -> StateMachine: com.luis.tfg.ExecutionOrder.StateMachine@4b62f1ba
    Instance: TestClass{id='id10'} -> StateMachine: com.luis.tfg.ExecutionOrder.StateMachine@244f356
    Instance: TestClass{id='id31'} -> StateMachine: com.luis.tfg.ExecutionOrder.StateMachine@17fa14a3
    Instance: TestClass{id='id12'} -> StateMachine: com.luis.tfg.ExecutionOrder.StateMachine@6885f3f7
    Instance: TestClass{id='id-or-and-path1'} -> StateMachine: com.luis.tfg.ExecutionOrder.StateMachine@3dc39412
    Instance: TestClass{id='id-or-and-path3'} -> StateMachine: com.luis.tfg.ExecutionOrder.StateMachine@72641613
    Instance: TestClass{id='id-or-and-path2'} -> StateMachine: com.luis.tfg.ExecutionOrder.StateMachine@2e38d44e
    Instance: TestClass{id='id29'} -> StateMachine: com.luis.tfg.ExecutionOrder.StateMachine@4a8bf1dc
    Instance: TestClass{id='id28'} -> StateMachine: com.luis.tfg.ExecutionOrder.StateMachine@46d18a33
    Instance: TestClass{id='id-wildcard-explosion'} -> StateMachine: com.luis.tfg.ExecutionOrder.StateMachine@2059c3ff
    Instance: TestClass{id='complex-and-or-rep-path2'} -> StateMachine: com.luis.tfg.ExecutionOrder.StateMachine@31e84f10
    Instance: TestClass{id='id-or-and'} -> StateMachine: com.luis.tfg.ExecutionOrder.StateMachine@4bc41565
    Instance: TestClass{id='complex-and-or-rep-path1'} -> StateMachine: com.luis.tfg.ExecutionOrder.StateMachine@46eb2260
[INFO] Fetching StateMachine for instance: TestClass{id='complex-and-or-rep-path2'}
[INFO] StateMachine fetched for instance: TestClass{id='complex-and-or-rep-path2'}
[INFO] Transition valid. Current state updated to: alt
]]></system-out>
  </testcase>
</testsuite>