<?xml version="1.0" encoding="UTF-8"?>
<testsuite xmlns:xsi="http://www.w3.org/2001/XMLSchema-instance" xsi:noNamespaceSchemaLocation="https://maven.apache.org/surefire/maven-surefire-plugin/xsd/surefire-test-report-3.0.xsd" version="3.0" name="com.luis.tfg.performance.PerformanceAgentTest" time="0.523" tests="5" errors="0" skipped="0" failures="0">
  <properties>
    <property name="sun.desktop" value="gnome"/>
    <property name="awt.toolkit" value="sun.awt.X11.XToolkit"/>
    <property name="java.specification.version" value="11"/>
    <property name="sun.cpu.isalist" value=""/>
    <property name="sun.jnu.encoding" value="UTF-8"/>
    <property name="java.class.path" value="/home/luis/eclipse-workspace1/JavaPerformenceAgent/target/test-classes:/home/luis/eclipse-workspace1/JavaPerformenceAgent/target/classes:/home/luis/.m2/repository/net/bytebuddy/byte-buddy/1.12.18/byte-buddy-1.12.18.jar:/home/luis/.m2/repository/net/bytebuddy/byte-buddy-agent/1.12.18/byte-buddy-agent-1.12.18.jar:/home/luis/.m2/repository/org/owasp/esapi/esapi/2.2.3.0/esapi-2.2.3.0.jar:/home/luis/.m2/repository/com/io7m/xom/xom/1.2.10/xom-1.2.10.jar:/home/luis/.m2/repository/commons-beanutils/commons-beanutils/1.9.4/commons-beanutils-1.9.4.jar:/home/luis/.m2/repository/commons-logging/commons-logging/1.2/commons-logging-1.2.jar:/home/luis/.m2/repository/commons-collections/commons-collections/3.2.2/commons-collections-3.2.2.jar:/home/luis/.m2/repository/commons-configuration/commons-configuration/1.10/commons-configuration-1.10.jar:/home/luis/.m2/repository/commons-lang/commons-lang/2.6/commons-lang-2.6.jar:/home/luis/.m2/repository/commons-fileupload/commons-fileupload/1.3.3/commons-fileupload-1.3.3.jar:/home/luis/.m2/repository/log4j/log4j/1.2.17/log4j-1.2.17.jar:/home/luis/.m2/repository/org/apache/commons/commons-collections4/4.2/commons-collections4-4.2.jar:/home/luis/.m2/repository/org/apache-extras/beanshell/bsh/2.0b6/bsh-2.0b6.jar:/home/luis/.m2/repository/org/owasp/antisamy/antisamy/1.6.2/antisamy-1.6.2.jar:/home/luis/.m2/repository/commons-codec/commons-codec/1.15/commons-codec-1.15.jar:/home/luis/.m2/repository/net/sourceforge/nekohtml/nekohtml/1.9.22/nekohtml-1.9.22.jar:/home/luis/.m2/repository/org/apache/httpcomponents/httpclient/4.5.13/httpclient-4.5.13.jar:/home/luis/.m2/repository/org/apache/httpcomponents/httpcore/4.4.14/httpcore-4.4.14.jar:/home/luis/.m2/repository/org/apache/xmlgraphics/batik-css/1.14/batik-css-1.14.jar:/home/luis/.m2/repository/org/apache/xmlgraphics/batik-shared-resources/1.14/batik-shared-resources-1.14.jar:/home/luis/.m2/repository/org/apache/xmlgraphics/batik-util/1.14/batik-util-1.14.jar:/home/luis/.m2/repository/org/apache/xmlgraphics/batik-constants/1.14/batik-constants-1.14.jar:/home/luis/.m2/repository/org/apache/xmlgraphics/batik-i18n/1.14/batik-i18n-1.14.jar:/home/luis/.m2/repository/org/apache/xmlgraphics/xmlgraphics-commons/2.6/xmlgraphics-commons-2.6.jar:/home/luis/.m2/repository/org/slf4j/slf4j-simple/1.7.30/slf4j-simple-1.7.30.jar:/home/luis/.m2/repository/xerces/xercesImpl/2.12.1/xercesImpl-2.12.1.jar:/home/luis/.m2/repository/xml-apis/xml-apis-ext/1.3.04/xml-apis-ext-1.3.04.jar:/home/luis/.m2/repository/org/slf4j/slf4j-api/1.7.30/slf4j-api-1.7.30.jar:/home/luis/.m2/repository/xml-apis/xml-apis/1.4.01/xml-apis-1.4.01.jar:/home/luis/.m2/repository/commons-io/commons-io/2.11.0/commons-io-2.11.0.jar:/home/luis/.m2/repository/org/junit/jupiter/junit-jupiter/5.9.3/junit-jupiter-5.9.3.jar:/home/luis/.m2/repository/org/junit/jupiter/junit-jupiter-api/5.9.3/junit-jupiter-api-5.9.3.jar:/home/luis/.m2/repository/org/opentest4j/opentest4j/1.2.0/opentest4j-1.2.0.jar:/home/luis/.m2/repository/org/junit/platform/junit-platform-commons/1.9.3/junit-platform-commons-1.9.3.jar:/home/luis/.m2/repository/org/apiguardian/apiguardian-api/1.1.2/apiguardian-api-1.1.2.jar:/home/luis/.m2/repository/org/junit/jupiter/junit-jupiter-params/5.9.3/junit-jupiter-params-5.9.3.jar:/home/luis/.m2/repository/org/junit/jupiter/junit-jupiter-engine/5.9.3/junit-jupiter-engine-5.9.3.jar:/home/luis/.m2/repository/org/junit/platform/junit-platform-engine/1.9.3/junit-platform-engine-1.9.3.jar:/home/luis/.m2/repository/org/mockito/mockito-core/4.3.1/mockito-core-4.3.1.jar:/home/luis/.m2/repository/org/objenesis/objenesis/3.2/objenesis-3.2.jar:"/>
    <property name="java.vm.vendor" value="Ubuntu"/>
    <property name="sun.arch.data.model" value="64"/>
    <property name="java.vendor.url" value="https://ubuntu.com/"/>
    <property name="user.timezone" value="Europe/Madrid"/>
    <property name="java.vm.specification.version" value="11"/>
    <property name="os.name" value="Linux"/>
    <property name="sun.java.launcher" value="SUN_STANDARD"/>
    <property name="user.country" value="ES"/>
    <property name="sun.boot.library.path" value="/usr/lib/jvm/java-11-openjdk-amd64/lib"/>
    <property name="sun.java.command" value="/home/luis/eclipse-workspace1/JavaPerformenceAgent/target/surefire/surefirebooter13039147752726633225.jar /home/luis/eclipse-workspace1/JavaPerformenceAgent/target/surefire 2024-10-23T18-43-51_819-jvmRun1 surefire8872292904488493286tmp surefire_08888361731949479025tmp"/>
    <property name="jdk.debug" value="release"/>
    <property name="surefire.test.class.path" value="/home/luis/eclipse-workspace1/JavaPerformenceAgent/target/test-classes:/home/luis/eclipse-workspace1/JavaPerformenceAgent/target/classes:/home/luis/.m2/repository/net/bytebuddy/byte-buddy/1.12.18/byte-buddy-1.12.18.jar:/home/luis/.m2/repository/net/bytebuddy/byte-buddy-agent/1.12.18/byte-buddy-agent-1.12.18.jar:/home/luis/.m2/repository/org/owasp/esapi/esapi/2.2.3.0/esapi-2.2.3.0.jar:/home/luis/.m2/repository/com/io7m/xom/xom/1.2.10/xom-1.2.10.jar:/home/luis/.m2/repository/commons-beanutils/commons-beanutils/1.9.4/commons-beanutils-1.9.4.jar:/home/luis/.m2/repository/commons-logging/commons-logging/1.2/commons-logging-1.2.jar:/home/luis/.m2/repository/commons-collections/commons-collections/3.2.2/commons-collections-3.2.2.jar:/home/luis/.m2/repository/commons-configuration/commons-configuration/1.10/commons-configuration-1.10.jar:/home/luis/.m2/repository/commons-lang/commons-lang/2.6/commons-lang-2.6.jar:/home/luis/.m2/repository/commons-fileupload/commons-fileupload/1.3.3/commons-fileupload-1.3.3.jar:/home/luis/.m2/repository/log4j/log4j/1.2.17/log4j-1.2.17.jar:/home/luis/.m2/repository/org/apache/commons/commons-collections4/4.2/commons-collections4-4.2.jar:/home/luis/.m2/repository/org/apache-extras/beanshell/bsh/2.0b6/bsh-2.0b6.jar:/home/luis/.m2/repository/org/owasp/antisamy/antisamy/1.6.2/antisamy-1.6.2.jar:/home/luis/.m2/repository/commons-codec/commons-codec/1.15/commons-codec-1.15.jar:/home/luis/.m2/repository/net/sourceforge/nekohtml/nekohtml/1.9.22/nekohtml-1.9.22.jar:/home/luis/.m2/repository/org/apache/httpcomponents/httpclient/4.5.13/httpclient-4.5.13.jar:/home/luis/.m2/repository/org/apache/httpcomponents/httpcore/4.4.14/httpcore-4.4.14.jar:/home/luis/.m2/repository/org/apache/xmlgraphics/batik-css/1.14/batik-css-1.14.jar:/home/luis/.m2/repository/org/apache/xmlgraphics/batik-shared-resources/1.14/batik-shared-resources-1.14.jar:/home/luis/.m2/repository/org/apache/xmlgraphics/batik-util/1.14/batik-util-1.14.jar:/home/luis/.m2/repository/org/apache/xmlgraphics/batik-constants/1.14/batik-constants-1.14.jar:/home/luis/.m2/repository/org/apache/xmlgraphics/batik-i18n/1.14/batik-i18n-1.14.jar:/home/luis/.m2/repository/org/apache/xmlgraphics/xmlgraphics-commons/2.6/xmlgraphics-commons-2.6.jar:/home/luis/.m2/repository/org/slf4j/slf4j-simple/1.7.30/slf4j-simple-1.7.30.jar:/home/luis/.m2/repository/xerces/xercesImpl/2.12.1/xercesImpl-2.12.1.jar:/home/luis/.m2/repository/xml-apis/xml-apis-ext/1.3.04/xml-apis-ext-1.3.04.jar:/home/luis/.m2/repository/org/slf4j/slf4j-api/1.7.30/slf4j-api-1.7.30.jar:/home/luis/.m2/repository/xml-apis/xml-apis/1.4.01/xml-apis-1.4.01.jar:/home/luis/.m2/repository/commons-io/commons-io/2.11.0/commons-io-2.11.0.jar:/home/luis/.m2/repository/org/junit/jupiter/junit-jupiter/5.9.3/junit-jupiter-5.9.3.jar:/home/luis/.m2/repository/org/junit/jupiter/junit-jupiter-api/5.9.3/junit-jupiter-api-5.9.3.jar:/home/luis/.m2/repository/org/opentest4j/opentest4j/1.2.0/opentest4j-1.2.0.jar:/home/luis/.m2/repository/org/junit/platform/junit-platform-commons/1.9.3/junit-platform-commons-1.9.3.jar:/home/luis/.m2/repository/org/apiguardian/apiguardian-api/1.1.2/apiguardian-api-1.1.2.jar:/home/luis/.m2/repository/org/junit/jupiter/junit-jupiter-params/5.9.3/junit-jupiter-params-5.9.3.jar:/home/luis/.m2/repository/org/junit/jupiter/junit-jupiter-engine/5.9.3/junit-jupiter-engine-5.9.3.jar:/home/luis/.m2/repository/org/junit/platform/junit-platform-engine/1.9.3/junit-platform-engine-1.9.3.jar:/home/luis/.m2/repository/org/mockito/mockito-core/4.3.1/mockito-core-4.3.1.jar:/home/luis/.m2/repository/org/objenesis/objenesis/3.2/objenesis-3.2.jar:"/>
    <property name="sun.cpu.endian" value="little"/>
    <property name="user.home" value="/home/luis"/>
    <property name="user.language" value="es"/>
    <property name="java.specification.vendor" value="Oracle Corporation"/>
    <property name="java.version.date" value="2024-07-16"/>
    <property name="java.home" value="/usr/lib/jvm/java-11-openjdk-amd64"/>
    <property name="file.separator" value="/"/>
    <property name="basedir" value="/home/luis/eclipse-workspace1/JavaPerformenceAgent"/>
    <property name="java.vm.compressedOopsMode" value="Zero based"/>
    <property name="line.separator" value="&#10;"/>
    <property name="java.specification.name" value="Java Platform API Specification"/>
    <property name="java.vm.specification.vendor" value="Oracle Corporation"/>
    <property name="java.awt.graphicsenv" value="sun.awt.X11GraphicsEnvironment"/>
    <property name="surefire.real.class.path" value="/home/luis/eclipse-workspace1/JavaPerformenceAgent/target/surefire/surefirebooter13039147752726633225.jar"/>
    <property name="sun.management.compiler" value="HotSpot 64-Bit Tiered Compilers"/>
    <property name="java.runtime.version" value="11.0.24+8-post-Ubuntu-1ubuntu322.04"/>
    <property name="user.name" value="luis"/>
    <property name="path.separator" value=":"/>
    <property name="os.version" value="6.8.0-40-generic"/>
    <property name="java.runtime.name" value="OpenJDK Runtime Environment"/>
    <property name="file.encoding" value="UTF-8"/>
    <property name="java.vm.name" value="OpenJDK 64-Bit Server VM"/>
    <property name="localRepository" value="/home/luis/.m2/repository"/>
    <property name="java.vendor.url.bug" value="https://bugs.launchpad.net/ubuntu/+source/openjdk-lts"/>
    <property name="java.io.tmpdir" value="/tmp"/>
    <property name="java.version" value="11.0.24"/>
    <property name="user.dir" value="/home/luis/eclipse-workspace1/JavaPerformenceAgent"/>
    <property name="os.arch" value="amd64"/>
    <property name="java.vm.specification.name" value="Java Virtual Machine Specification"/>
    <property name="java.awt.printerjob" value="sun.print.PSPrinterJob"/>
    <property name="sun.os.patch.level" value="unknown"/>
    <property name="java.library.path" value="/usr/java/packages/lib:/usr/lib/x86_64-linux-gnu/jni:/lib/x86_64-linux-gnu:/usr/lib/x86_64-linux-gnu:/usr/lib/jni:/lib:/usr/lib"/>
    <property name="java.vm.info" value="mixed mode, sharing"/>
    <property name="java.vendor" value="Ubuntu"/>
    <property name="java.vm.version" value="11.0.24+8-post-Ubuntu-1ubuntu322.04"/>
    <property name="java.specification.maintenance.version" value="2"/>
    <property name="sun.io.unicode.encoding" value="UnicodeLittle"/>
    <property name="java.class.version" value="55.0"/>
  </properties>
  <testcase name="testAgentInstallation" classname="com.luis.tfg.performance.PerformanceAgentTest" time="0.137">
    <system-err><![CDATA[oct. 23, 2024 6:43:52 P. M. com.luis.tfg.performance.PerformanceAgentTest setupAgent
INFORMACIÓN: Inicializando el agente de rendimiento para pruebas.
oct. 23, 2024 6:43:52 P. M. com.luis.tfg.performance.PerformanceAgentTest setup
INFORMACIÓN: Configuración antes de cada prueba.
oct. 23, 2024 6:43:52 P. M. com.luis.tfg.performance.PerformanceAgentTest tearDown
INFORMACIÓN: Limpieza después de cada prueba.
]]></system-err>
  </testcase>
  <testcase name="testMonitorearHilos" classname="com.luis.tfg.performance.PerformanceAgentTest" time="0.104">
    <system-err><![CDATA[oct. 23, 2024 6:43:52 P. M. com.luis.tfg.performance.PerformanceAgentTest setup
INFORMACIÓN: Configuración antes de cada prueba.
oct. 23, 2024 6:43:52 P. M. com.luis.tfg.performance.PerformanceAgentTest tearDown
INFORMACIÓN: Limpieza después de cada prueba.
]]></system-err>
  </testcase>
  <testcase name="testErrorHandling" classname="com.luis.tfg.performance.PerformanceAgentTest" time="0.006">
    <system-out><![CDATA[Error: Error inesperado durante la operación.
]]></system-out>
    <system-err><![CDATA[oct. 23, 2024 6:43:52 P. M. com.luis.tfg.performance.PerformanceAgentTest setup
INFORMACIÓN: Configuración antes de cada prueba.
oct. 23, 2024 6:43:52 P. M. com.luis.tfg.performance.PerformanceAgentTest tearDown
INFORMACIÓN: Limpieza después de cada prueba.
]]></system-err>
  </testcase>
  <testcase name="testMedirTiempo" classname="com.luis.tfg.performance.PerformanceAgentTest" time="0.205">
    <system-err><![CDATA[oct. 23, 2024 6:43:52 P. M. com.luis.tfg.performance.PerformanceAgentTest setup
INFORMACIÓN: Configuración antes de cada prueba.
oct. 23, 2024 6:43:52 P. M. com.luis.tfg.performance.PerformanceAgentTest tearDown
INFORMACIÓN: Limpieza después de cada prueba.
]]></system-err>
  </testcase>
  <testcase name="testMonitorearRecursos" classname="com.luis.tfg.performance.PerformanceAgentTest" time="0.037">
    <system-err><![CDATA[oct. 23, 2024 6:43:52 P. M. com.luis.tfg.performance.PerformanceAgentTest setup
INFORMACIÓN: Configuración antes de cada prueba.
oct. 23, 2024 6:43:52 P. M. com.luis.tfg.performance.PerformanceAgentTest tearDown
INFORMACIÓN: Limpieza después de cada prueba.
]]></system-err>
  </testcase>
</testsuite>